                Time          Cycles PC       Instr    Mnemonic
     96ns               6 00000180 00004197 auipc            x3, 0x4000           x3=00004180
    106ns               7 00000184 ed018193 addi             x3, x3, -304         x3=00004050  x3:00004180
    116ns               8 00000188 00006117 auipc            x2, 0x6000           x2=00006188
    126ns               9 0000018c f4810113 addi             x2, x2, -184         x2=000060d0  x2:00006188
    136ns              10 00000190 00000517 auipc            x10, 0x0            x10=00000190
    146ns              11 00000194 e7050513 addi             x10, x10, -400      x10=00000000 x10:00000190
    156ns              12 00000198 30551073 csrrw            x0, x10, 0x305      x10:00000000
    166ns              13 0000019c 10000513 addi             x10, x0, 256        x10=00000100
    176ns              14 000001a0 7d151073 csrrw            x0, x10, 0x7d1      x10:00000100
    186ns              15 000001a4 04418513 addi             x10, x3, 68         x10=00004094  x3:00004050
    196ns              16 000001a8 07c18613 addi             x12, x3, 124        x12=000040cc  x3:00004050
    206ns              17 000001ac 40a60633 sub              x12, x12, x10       x12=00000038 x12:000040cc x10:00004094
    216ns              18 000001b0 00000593 addi             x11, x0, 0          x11=00000000
    226ns              19 000001b4 594000ef jal              x1, 1428             x1=000001b8
    246ns              21 00000748 00f00313 addi             x6, x0, 15           x6=0000000f
    256ns              22 0000074c 00050713 addi             x14, x10, 0         x14=00004094 x10:00004094
    266ns              23 00000750 02c37e63 bgeu             x6, x12, 60          x6:0000000f x12:00000038
    276ns              24 00000754 00f77793 andi             x15, x14, 15        x15=00000004 x14:00004094
    286ns              25 00000758 0a079063 bne              x15, x0, 160        x15:00000004
    316ns              28 000007f8 00279693 slli             x13, x15, 0x2       x13=00000010 x15:00000004
    326ns              29 000007fc 00000297 auipc            x5, 0x0              x5=000007fc
    336ns              30 00000800 005686b3 add              x13, x13, x5        x13=0000080c x13:00000010  x5:000007fc
    346ns              31 00000804 00008293 addi             x5, x1, 0            x5=000001b8  x1:000001b8
    356ns              32 00000808 fa0680e7 jalr             x1, x13, -96         x1=0000080c x13:0000080c
    376ns              34 000007ac 00b705a3 sb               x11, 11(x14)        x11:00000000 x14:00004094  PA:0000409f
    386ns              35 000007b0 00b70523 sb               x11, 10(x14)        x11:00000000 x14:00004094  PA:0000409e
    396ns              36 000007b4 00b704a3 sb               x11, 9(x14)         x11:00000000 x14:00004094  PA:0000409d
    406ns              37 000007b8 00b70423 sb               x11, 8(x14)         x11:00000000 x14:00004094  PA:0000409c
    416ns              38 000007bc 00b703a3 sb               x11, 7(x14)         x11:00000000 x14:00004094  PA:0000409b
    426ns              39 000007c0 00b70323 sb               x11, 6(x14)         x11:00000000 x14:00004094  PA:0000409a
    436ns              40 000007c4 00b702a3 sb               x11, 5(x14)         x11:00000000 x14:00004094  PA:00004099
    446ns              41 000007c8 00b70223 sb               x11, 4(x14)         x11:00000000 x14:00004094  PA:00004098
    456ns              42 000007cc 00b701a3 sb               x11, 3(x14)         x11:00000000 x14:00004094  PA:00004097
    466ns              43 000007d0 00b70123 sb               x11, 2(x14)         x11:00000000 x14:00004094  PA:00004096
    476ns              44 000007d4 00b700a3 sb               x11, 1(x14)         x11:00000000 x14:00004094  PA:00004095
    486ns              45 000007d8 00b70023 sb               x11, 0(x14)         x11:00000000 x14:00004094  PA:00004094
    496ns              46 000007dc 00008067 jalr             x0, x1, 0            x1:0000080c
    516ns              48 0000080c 00028093 addi             x1, x5, 0            x1=000001b8  x5:000001b8
    526ns              49 00000810 ff078793 addi             x15, x15, -16       x15=fffffff4 x15:00000004
    536ns              50 00000814 40f70733 sub              x14, x14, x15       x14=000040a0 x14:00004094 x15:fffffff4
    546ns              51 00000818 00f60633 add              x12, x12, x15       x12=0000002c x12:00000038 x15:fffffff4
    556ns              52 0000081c f6c378e3 bgeu             x6, x12, -144        x6:0000000f x12:0000002c
    566ns              53 00000820 f3dff06f jal              x0, -196           
    586ns              55 0000075c 08059263 bne              x11, x0, 132        x11:00000000
    596ns              56 00000760 ff067693 andi             x13, x12, -16       x13=00000020 x12:0000002c
    606ns              57 00000764 00f67613 andi             x12, x12, 15        x12=0000000c x12:0000002c
    616ns              58 00000768 00e686b3 add              x13, x13, x14       x13=000040c0 x13:00000020 x14:000040a0
    626ns              59 0000076c 00b72023 sw               x11, 0(x14)         x11:00000000 x14:000040a0  PA:000040a0
    636ns              60 00000770 00b72223 sw               x11, 4(x14)         x11:00000000 x14:000040a0  PA:000040a4
    646ns              61 00000774 00b72423 sw               x11, 8(x14)         x11:00000000 x14:000040a0  PA:000040a8
    656ns              62 00000778 00b72623 sw               x11, 12(x14)        x11:00000000 x14:000040a0  PA:000040ac
    666ns              63 0000077c 01070713 addi             x14, x14, 16        x14=000040b0 x14:000040a0
    676ns              64 00000780 fed766e3 bltu             x14, x13, -20       x14:000040b0 x13:000040c0
    706ns              67 0000076c 00b72023 sw               x11, 0(x14)         x11:00000000 x14:000040b0  PA:000040b0
    716ns              68 00000770 00b72223 sw               x11, 4(x14)         x11:00000000 x14:000040b0  PA:000040b4
    726ns              69 00000774 00b72423 sw               x11, 8(x14)         x11:00000000 x14:000040b0  PA:000040b8
    736ns              70 00000778 00b72623 sw               x11, 12(x14)        x11:00000000 x14:000040b0  PA:000040bc
    746ns              71 0000077c 01070713 addi             x14, x14, 16        x14=000040c0 x14:000040b0
    756ns              72 00000780 fed766e3 bltu             x14, x13, -20       x14:000040c0 x13:000040c0
    766ns              73 00000784 00061463 bne              x12, x0, 8          x12:0000000c
    796ns              76 0000078c 40c306b3 sub              x13, x6, x12        x13=00000003  x6:0000000f x12:0000000c
    806ns              77 00000790 00269693 slli             x13, x13, 0x2       x13=0000000c x13:00000003
    816ns              78 00000794 00000297 auipc            x5, 0x0              x5=00000794
    826ns              79 00000798 005686b3 add              x13, x13, x5        x13=000007a0 x13:0000000c  x5:00000794
    846ns              81 0000079c 00c68067 jalr             x0, x13, 12         x13:000007a0
    866ns              83 000007ac 00b705a3 sb               x11, 11(x14)        x11:00000000 x14:000040c0  PA:000040cb
    876ns              84 000007b0 00b70523 sb               x11, 10(x14)        x11:00000000 x14:000040c0  PA:000040ca
    886ns              85 000007b4 00b704a3 sb               x11, 9(x14)         x11:00000000 x14:000040c0  PA:000040c9
    896ns              86 000007b8 00b70423 sb               x11, 8(x14)         x11:00000000 x14:000040c0  PA:000040c8
    906ns              87 000007bc 00b703a3 sb               x11, 7(x14)         x11:00000000 x14:000040c0  PA:000040c7
    916ns              88 000007c0 00b70323 sb               x11, 6(x14)         x11:00000000 x14:000040c0  PA:000040c6
    926ns              89 000007c4 00b702a3 sb               x11, 5(x14)         x11:00000000 x14:000040c0  PA:000040c5
    936ns              90 000007c8 00b70223 sb               x11, 4(x14)         x11:00000000 x14:000040c0  PA:000040c4
    946ns              91 000007cc 00b701a3 sb               x11, 3(x14)         x11:00000000 x14:000040c0  PA:000040c3
    956ns              92 000007d0 00b70123 sb               x11, 2(x14)         x11:00000000 x14:000040c0  PA:000040c2
    966ns              93 000007d4 00b700a3 sb               x11, 1(x14)         x11:00000000 x14:000040c0  PA:000040c1
    976ns              94 000007d8 00b70023 sb               x11, 0(x14)         x11:00000000 x14:000040c0  PA:000040c0
    986ns              95 000007dc 00008067 jalr             x0, x1, 0            x1:000001b8
   1006ns              97 000001b8 00000517 auipc            x10, 0x0            x10=000001b8
   1016ns              98 000001bc 49850513 addi             x10, x10, 1176      x10=00000650 x10:000001b8
   1026ns              99 000001c0 44c000ef jal              x1, 1100             x1=000001c4
   1046ns             101 0000060c 00050593 addi             x11, x10, 0         x11=00000650 x10:00000650
   1056ns             102 00000610 00000693 addi             x13, x0, 0          x13=00000000
   1066ns             103 00000614 00000613 addi             x12, x0, 0          x12=00000000
   1076ns             104 00000618 00000513 addi             x10, x0, 0          x10=00000000
   1086ns             105 0000061c 51c0006f jal              x0, 1308           
   1106ns             107 00000b38 0301a703 lw               x14, 48(x3)         x14=00003850  x3:00004050  PA:00004080
   1126ns             109 00000b3c 14872783 lw               x15, 328(x14)       x15=00000000 x14:00003850  PA:00003998
   1146ns             111 00000b40 04078c63 beq              x15, x0, 88         x15:00000000
   1176ns             114 00000b98 14c70793 addi             x15, x14, 332       x15=0000399c x14:00003850
   1186ns             115 00000b9c 14f72423 sw               x15, 328(x14)       x15:0000399c x14:00003850  PA:00003998
   1196ns             116 00000ba0 fa5ff06f jal              x0, -92            
   1216ns             118 00000b44 0047a703 lw               x14, 4(x15)         x14=00000000 x15:0000399c  PA:000039a0
   1226ns             119 00000b48 01f00813 addi             x16, x0, 31         x16=0000001f
   1236ns             120 00000b4c 06e84e63 blt              x16, x14, 124       x16:0000001f x14:00000000
   1246ns             121 00000b50 00271813 slli             x16, x14, 0x2       x16=00000000 x14:00000000
   1256ns             122 00000b54 02050663 beq              x10, x0, 44         x10:00000000
   1286ns             125 00000b80 00170713 addi             x14, x14, 1         x14=00000001 x14:00000000
   1296ns             126 00000b84 00e7a223 sw               x14, 4(x15)         x14:00000001 x15:0000399c  PA:000039a0
   1306ns             127 00000b88 010787b3 add              x15, x15, x16       x15=0000399c x15:0000399c x16:00000000
   1316ns             128 00000b8c 00b7a423 sw               x11, 8(x15)         x11:00000650 x15:0000399c  PA:000039a4
   1326ns             129 00000b90 00000513 addi             x10, x0, 0          x10=00000000
   1336ns             130 00000b94 00008067 jalr             x0, x1, 0            x1:000001c4
   1356ns             132 000001c4 4e8000ef jal              x1, 1256             x1=000001c8
   1376ns             134 000006ac ff010113 addi             x2, x2, -16          x2=000060c0  x2:000060d0
   1386ns             135 000006b0 00812423 sw               x8, 8(x2)            x8:00000000  x2:000060c0  PA:000060c8
   1396ns             136 000006b4 01212023 sw               x18, 0(x2)          x18:00000000  x2:000060c0  PA:000060c0
   1406ns             137 000006b8 00004437 lui              x8, 0x4000           x8=00004000
   1416ns             138 000006bc 00004937 lui              x18, 0x4000         x18=00004000
   1426ns             139 000006c0 84a40793 addi             x15, x8, -1974      x15=0000384a  x8:00004000
   1436ns             140 000006c4 84a90913 addi             x18, x18, -1974     x18=0000384a x18:00004000
   1446ns             141 000006c8 40f90933 sub              x18, x18, x15       x18=00000000 x18:0000384a x15:0000384a
   1456ns             142 000006cc 00112623 sw               x1, 12(x2)           x1:000001c8  x2:000060c0  PA:000060cc
   1466ns             143 000006d0 00912223 sw               x9, 4(x2)            x9:00000000  x2:000060c0  PA:000060c4
   1476ns             144 000006d4 40295913 srai             x18, x18, 0x402     x18=00000000 x18:00000000
   1486ns             145 000006d8 02090063 beq              x18, x0, 32         x18:00000000
   1516ns             148 000006f8 00004437 lui              x8, 0x4000           x8=00004000
   1526ns             149 000006fc 00004937 lui              x18, 0x4000         x18=00004000
   1536ns             150 00000700 84c40793 addi             x15, x8, -1972      x15=0000384c  x8:00004000
   1546ns             151 00000704 85090913 addi             x18, x18, -1968     x18=00003850 x18:00004000
   1556ns             152 00000708 40f90933 sub              x18, x18, x15       x18=00000004 x18:00003850 x15:0000384c
   1566ns             153 0000070c 40295913 srai             x18, x18, 0x402     x18=00000001 x18:00000004
   1576ns             154 00000710 02090063 beq              x18, x0, 32         x18:00000001
   1586ns             155 00000714 84c40413 addi             x8, x8, -1972        x8=0000384c  x8:00004000
   1596ns             156 00000718 00000493 addi             x9, x0, 0            x9=00000000
   1606ns             157 0000071c 00042783 lw               x15, 0(x8)          x15=00000328  x8:0000384c  PA:0000384c
   1616ns             158 00000720 00148493 addi             x9, x9, 1            x9=00000001  x9:00000000
   1626ns             159 00000724 00440413 addi             x8, x8, 4            x8=00003850  x8:0000384c
   1636ns             160 00000728 000780e7 jalr             x1, x15, 0           x1=0000072c x15:00000328
   1656ns             162 00000328 00000793 addi             x15, x0, 0          x15=00000000
   1666ns             163 0000032c 00078663 beq              x15, x0, 12         x15:00000000
   1696ns             166 00000338 00008067 jalr             x0, x1, 0            x1:0000072c
   1716ns             168 0000072c fe9918e3 bne              x18, x9, -16        x18:00000001  x9:00000001
   1726ns             169 00000730 00c12083 lw               x1, 12(x2)           x1=000001c8  x2:000060c0  PA:000060cc
   1736ns             170 00000734 00812403 lw               x8, 8(x2)            x8=00000000  x2:000060c0  PA:000060c8
   1746ns             171 00000738 00412483 lw               x9, 4(x2)            x9=00000000  x2:000060c0  PA:000060c4
   1756ns             172 0000073c 00012903 lw               x18, 0(x2)          x18=00000000  x2:000060c0  PA:000060c0
   1766ns             173 00000740 01010113 addi             x2, x2, 16           x2=000060d0  x2:000060c0
   1776ns             174 00000744 00008067 jalr             x0, x1, 0            x1:000001c8
   1796ns             176 000001c8 00012503 lw               x10, 0(x2)          x10=xxxxxxxx  x2:000060d0  PA:000060d0
   1806ns             177 000001cc 00410593 addi             x11, x2, 4          x11=000060d4  x2:000060d0
   1816ns             178 000001d0 00000613 addi             x12, x0, 0          x12=00000000
   1826ns             179 000001d4 00c000ef jal              x1, 12               x1=000001d8
   1846ns             181 000001e0 000307b7 lui              x15, 0x30000        x15=00030000
   1856ns             182 000001e4 03200713 addi             x14, x0, 50         x14=00000032
   1866ns             183 000001e8 00e7a023 sw               x14, 0(x15)         x14:00000032 x15:00030000  PA:00030000
   1876ns             184 000001ec 08800713 addi             x14, x0, 136        x14=00000088
   1886ns             185 000001f0 00e7a223 sw               x14, 4(x15)         x14:00000088 x15:00030000  PA:00030004
   1896ns             186 000001f4 03100713 addi             x14, x0, 49         x14=00000031
   1906ns             187 000001f8 00e7a423 sw               x14, 8(x15)         x14:00000031 x15:00030000  PA:00030008
   1916ns             188 000001fc 00e7ac23 sw               x14, 24(x15)        x14:00000031 x15:00030000  PA:00030018
   1926ns             189 00000200 03700713 addi             x14, x0, 55         x14=00000037
   1936ns             190 00000204 00e7ae23 sw               x14, 28(x15)        x14:00000037 x15:00030000  PA:0003001c
   1946ns             191 00000208 0f600713 addi             x14, x0, 246        x14=000000f6
   1956ns             192 0000020c 02e7a023 sw               x14, 32(x15)        x14:000000f6 x15:00030000  PA:00030020
   1966ns             193 00000210 03000713 addi             x14, x0, 48         x14=00000030
   1976ns             194 00000214 02e7a223 sw               x14, 36(x15)        x14:00000030 x15:00030000  PA:00030024
   1986ns             195 00000218 09800713 addi             x14, x0, 152        x14=00000098
   1996ns             196 0000021c 02e7a423 sw               x14, 40(x15)        x14:00000098 x15:00030000  PA:00030028
   2006ns             197 00000220 0e000693 addi             x13, x0, 224        x13=000000e0
   2016ns             198 00000224 00700713 addi             x14, x0, 7          x14=00000007
   2026ns             199 00000228 00d7a623 sw               x13, 12(x15)        x13:000000e0 x15:00030000  PA:0003000c
   2036ns             200 0000022c 02e7a623 sw               x14, 44(x15)        x14:00000007 x15:00030000  PA:0003002c
   2046ns             201 00000230 04300693 addi             x13, x0, 67         x13=00000043
   2056ns             202 00000234 08d00713 addi             x14, x0, 141        x14=0000008d
   2066ns             203 00000238 00d7a823 sw               x13, 16(x15)        x13:00000043 x15:00030000  PA:00030010
   2076ns             204 0000023c 02e7aa23 sw               x14, 52(x15)        x14:0000008d x15:00030000  PA:00030034
   2086ns             205 00000240 05400693 addi             x13, x0, 84         x13=00000054
   2096ns             206 00000244 0a200713 addi             x14, x0, 162        x14=000000a2
   2106ns             207 00000248 00d7aa23 sw               x13, 20(x15)        x13:00000054 x15:00030000  PA:00030014
   2116ns             208 0000024c 02e7ac23 sw               x14, 56(x15)        x14:000000a2 x15:00030000  PA:00030038
   2126ns             209 00000250 0a800693 addi             x13, x0, 168        x13=000000a8
   2136ns             210 00000254 03400713 addi             x14, x0, 52         x14=00000034
   2146ns             211 00000258 02e7ae23 sw               x14, 60(x15)        x14:00000034 x15:00030000  PA:0003003c
   2156ns             212 0000025c 02d7a823 sw               x13, 48(x15)        x13:000000a8 x15:00030000  PA:00030030
   2166ns             213 00000260 20078713 addi             x14, x15, 512       x14=00030200 x15:00030000
   2176ns             214 00000264 2007a023 sw               x0, 512(x15)        x15:00030000  PA:00030200
   2186ns             215 00000268 0a500793 addi             x15, x0, 165        x15=000000a5
   2196ns             216 0000026c 00f72223 sw               x15, 4(x14)         x15:000000a5 x14:00030200  PA:00030204
   2206ns             217 00000270 0a000793 addi             x15, x0, 160        x15=000000a0
   2216ns             218 00000274 00f72623 sw               x15, 12(x14)        x15:000000a0 x14:00030200  PA:0003020c
   2226ns             219 00000278 0e900793 addi             x15, x0, 233        x15=000000e9
   2236ns             220 0000027c 00f72823 sw               x15, 16(x14)        x15:000000e9 x14:00030200  PA:00030210
   2246ns             221 00000280 00900793 addi             x15, x0, 9          x15=00000009
   2256ns             222 00000284 00f72a23 sw               x15, 20(x14)        x15:00000009 x14:00030200  PA:00030214
   2266ns             223 00000288 0bb00793 addi             x15, x0, 187        x15=000000bb
   2276ns             224 0000028c 00f72c23 sw               x15, 24(x14)        x15:000000bb x14:00030200  PA:00030218
   2286ns             225 00000290 02a00793 addi             x15, x0, 42         x15=0000002a
   2296ns             226 00000294 00f72e23 sw               x15, 28(x14)        x15:0000002a x14:00030200  PA:0003021c
   2306ns             227 00000298 0c900793 addi             x15, x0, 201        x15=000000c9
   2316ns             228 0000029c 02f72023 sw               x15, 32(x14)        x15:000000c9 x14:00030200  PA:00030220
   2326ns             229 000002a0 0d400793 addi             x15, x0, 212        x15=000000d4
   2336ns             230 000002a4 02f72223 sw               x15, 36(x14)        x15:000000d4 x14:00030200  PA:00030224
   2346ns             231 000002a8 0b700793 addi             x15, x0, 183        x15=000000b7
   2356ns             232 000002ac 02f72423 sw               x15, 40(x14)        x15:000000b7 x14:00030200  PA:00030228
   2366ns             233 000002b0 0ab00793 addi             x15, x0, 171        x15=000000ab
   2376ns             234 000002b4 02f72623 sw               x15, 44(x14)        x15:000000ab x14:00030200  PA:0003022c
   2386ns             235 000002b8 0f200793 addi             x15, x0, 242        x15=000000f2
   2396ns             236 000002bc 02f72823 sw               x15, 48(x14)        x15:000000f2 x14:00030200  PA:00030230
   2406ns             237 000002c0 0e800793 addi             x15, x0, 232        x15=000000e8
   2416ns             238 000002c4 02f72a23 sw               x15, 52(x14)        x15:000000e8 x14:00030200  PA:00030234
   2426ns             239 000002c8 06000793 addi             x15, x0, 96         x15=00000060
   2436ns             240 000002cc 02f72c23 sw               x15, 56(x14)        x15:00000060 x14:00030200  PA:00030238
   2446ns             241 000002d0 00800793 addi             x15, x0, 8          x15=00000008
   2456ns             242 000002d4 00d72423 sw               x13, 8(x14)         x13:000000a8 x14:00030200  PA:00030208
   2466ns             243 000002d8 02f72e23 sw               x15, 60(x14)        x15:00000008 x14:00030200  PA:0003023c
   2476ns             244 000002dc 00000613 addi             x12, x0, 0          x12=00000000
   2486ns             245 000002e0 000308b7 lui              x17, 0x30000        x17=00030000
   2496ns             246 000002e4 00400313 addi             x6, x0, 4            x6=00000004
   2506ns             247 000002e8 00000693 addi             x13, x0, 0          x13=00000000
   2516ns             248 000002ec 00261813 slli             x16, x12, 0x2       x16=00000000 x12:00000000
   2526ns             249 000002f0 00d807b3 add              x15, x16, x13       x15=00000000 x16:00000000 x13:00000000
   2536ns             250 000002f4 00279793 slli             x15, x15, 0x2       x15=00000000 x15:00000000
   2546ns             251 000002f8 00f88533 add              x10, x17, x15       x10=00030000 x17:00030000 x15:00000000
   2556ns             252 000002fc 00f707b3 add              x15, x14, x15       x15=00030200 x14:00030200 x15:00000000
   2566ns             253 00000300 00052583 lw               x11, 0(x10)         x11=00000032 x10:00030000  PA:00030000
   2576ns             254 00000304 0007a783 lw               x15, 0(x15)         x15=00000000 x15:00030200  PA:00030200
   2586ns             255 00000308 00168693 addi             x13, x13, 1         x13=00000001 x13:00000000
   2596ns             256 0000030c 00f5c7b3 xor              x15, x11, x15       x15=00000032 x11:00000032 x15:00000000
   2606ns             257 00000310 00f52023 sw               x15, 0(x10)         x15:00000032 x10:00030000  PA:00030000
   2616ns             258 00000314 fc669ee3 bne              x13, x6, -36        x13:00000001  x6:00000004
   2646ns             261 000002f0 00d807b3 add              x15, x16, x13       x15=00000001 x16:00000000 x13:00000001
   2656ns             262 000002f4 00279793 slli             x15, x15, 0x2       x15=00000004 x15:00000001
   2666ns             263 000002f8 00f88533 add              x10, x17, x15       x10=00030004 x17:00030000 x15:00000004
   2676ns             264 000002fc 00f707b3 add              x15, x14, x15       x15=00030204 x14:00030200 x15:00000004
   2686ns             265 00000300 00052583 lw               x11, 0(x10)         x11=00000088 x10:00030004  PA:00030004
   2696ns             266 00000304 0007a783 lw               x15, 0(x15)         x15=000000a5 x15:00030204  PA:00030204
   2706ns             267 00000308 00168693 addi             x13, x13, 1         x13=00000002 x13:00000001
   2716ns             268 0000030c 00f5c7b3 xor              x15, x11, x15       x15=0000002d x11:00000088 x15:000000a5
   2726ns             269 00000310 00f52023 sw               x15, 0(x10)         x15:0000002d x10:00030004  PA:00030004
   2736ns             270 00000314 fc669ee3 bne              x13, x6, -36        x13:00000002  x6:00000004
   2766ns             273 000002f0 00d807b3 add              x15, x16, x13       x15=00000002 x16:00000000 x13:00000002
   2776ns             274 000002f4 00279793 slli             x15, x15, 0x2       x15=00000008 x15:00000002
   2786ns             275 000002f8 00f88533 add              x10, x17, x15       x10=00030008 x17:00030000 x15:00000008
   2796ns             276 000002fc 00f707b3 add              x15, x14, x15       x15=00030208 x14:00030200 x15:00000008
   2806ns             277 00000300 00052583 lw               x11, 0(x10)         x11=00000031 x10:00030008  PA:00030008
   2816ns             278 00000304 0007a783 lw               x15, 0(x15)         x15=000000a8 x15:00030208  PA:00030208
   2826ns             279 00000308 00168693 addi             x13, x13, 1         x13=00000003 x13:00000002
   2836ns             280 0000030c 00f5c7b3 xor              x15, x11, x15       x15=00000099 x11:00000031 x15:000000a8
   2846ns             281 00000310 00f52023 sw               x15, 0(x10)         x15:00000099 x10:00030008  PA:00030008
   2856ns             282 00000314 fc669ee3 bne              x13, x6, -36        x13:00000003  x6:00000004
   2886ns             285 000002f0 00d807b3 add              x15, x16, x13       x15=00000003 x16:00000000 x13:00000003
   2896ns             286 000002f4 00279793 slli             x15, x15, 0x2       x15=0000000c x15:00000003
   2906ns             287 000002f8 00f88533 add              x10, x17, x15       x10=0003000c x17:00030000 x15:0000000c
   2916ns             288 000002fc 00f707b3 add              x15, x14, x15       x15=0003020c x14:00030200 x15:0000000c
   2926ns             289 00000300 00052583 lw               x11, 0(x10)         x11=000000e0 x10:0003000c  PA:0003000c
   2936ns             290 00000304 0007a783 lw               x15, 0(x15)         x15=000000a0 x15:0003020c  PA:0003020c
   2946ns             291 00000308 00168693 addi             x13, x13, 1         x13=00000004 x13:00000003
   2956ns             292 0000030c 00f5c7b3 xor              x15, x11, x15       x15=00000040 x11:000000e0 x15:000000a0
   2966ns             293 00000310 00f52023 sw               x15, 0(x10)         x15:00000040 x10:0003000c  PA:0003000c
   2976ns             294 00000314 fc669ee3 bne              x13, x6, -36        x13:00000004  x6:00000004
   2986ns             295 00000318 00160613 addi             x12, x12, 1         x12=00000001 x12:00000000
   2996ns             296 0000031c fcd616e3 bne              x12, x13, -52       x12:00000001 x13:00000004
   3026ns             299 000002e8 00000693 addi             x13, x0, 0          x13=00000000
   3036ns             300 000002ec 00261813 slli             x16, x12, 0x2       x16=00000004 x12:00000001
   3046ns             301 000002f0 00d807b3 add              x15, x16, x13       x15=00000004 x16:00000004 x13:00000000
   3056ns             302 000002f4 00279793 slli             x15, x15, 0x2       x15=00000010 x15:00000004
   3066ns             303 000002f8 00f88533 add              x10, x17, x15       x10=00030010 x17:00030000 x15:00000010
   3076ns             304 000002fc 00f707b3 add              x15, x14, x15       x15=00030210 x14:00030200 x15:00000010
   3086ns             305 00000300 00052583 lw               x11, 0(x10)         x11=00000043 x10:00030010  PA:00030010
   3096ns             306 00000304 0007a783 lw               x15, 0(x15)         x15=000000e9 x15:00030210  PA:00030210
   3106ns             307 00000308 00168693 addi             x13, x13, 1         x13=00000001 x13:00000000
   3116ns             308 0000030c 00f5c7b3 xor              x15, x11, x15       x15=000000aa x11:00000043 x15:000000e9
   3126ns             309 00000310 00f52023 sw               x15, 0(x10)         x15:000000aa x10:00030010  PA:00030010
   3136ns             310 00000314 fc669ee3 bne              x13, x6, -36        x13:00000001  x6:00000004
   3166ns             313 000002f0 00d807b3 add              x15, x16, x13       x15=00000005 x16:00000004 x13:00000001
   3176ns             314 000002f4 00279793 slli             x15, x15, 0x2       x15=00000014 x15:00000005
   3186ns             315 000002f8 00f88533 add              x10, x17, x15       x10=00030014 x17:00030000 x15:00000014
   3196ns             316 000002fc 00f707b3 add              x15, x14, x15       x15=00030214 x14:00030200 x15:00000014
   3206ns             317 00000300 00052583 lw               x11, 0(x10)         x11=00000054 x10:00030014  PA:00030014
   3216ns             318 00000304 0007a783 lw               x15, 0(x15)         x15=00000009 x15:00030214  PA:00030214
   3226ns             319 00000308 00168693 addi             x13, x13, 1         x13=00000002 x13:00000001
   3236ns             320 0000030c 00f5c7b3 xor              x15, x11, x15       x15=0000005d x11:00000054 x15:00000009
   3246ns             321 00000310 00f52023 sw               x15, 0(x10)         x15:0000005d x10:00030014  PA:00030014
   3256ns             322 00000314 fc669ee3 bne              x13, x6, -36        x13:00000002  x6:00000004
   3286ns             325 000002f0 00d807b3 add              x15, x16, x13       x15=00000006 x16:00000004 x13:00000002
   3296ns             326 000002f4 00279793 slli             x15, x15, 0x2       x15=00000018 x15:00000006
   3306ns             327 000002f8 00f88533 add              x10, x17, x15       x10=00030018 x17:00030000 x15:00000018
   3316ns             328 000002fc 00f707b3 add              x15, x14, x15       x15=00030218 x14:00030200 x15:00000018
   3326ns             329 00000300 00052583 lw               x11, 0(x10)         x11=00000031 x10:00030018  PA:00030018
   3336ns             330 00000304 0007a783 lw               x15, 0(x15)         x15=000000bb x15:00030218  PA:00030218
   3346ns             331 00000308 00168693 addi             x13, x13, 1         x13=00000003 x13:00000002
   3356ns             332 0000030c 00f5c7b3 xor              x15, x11, x15       x15=0000008a x11:00000031 x15:000000bb
   3366ns             333 00000310 00f52023 sw               x15, 0(x10)         x15:0000008a x10:00030018  PA:00030018
   3376ns             334 00000314 fc669ee3 bne              x13, x6, -36        x13:00000003  x6:00000004
   3406ns             337 000002f0 00d807b3 add              x15, x16, x13       x15=00000007 x16:00000004 x13:00000003
   3416ns             338 000002f4 00279793 slli             x15, x15, 0x2       x15=0000001c x15:00000007
   3426ns             339 000002f8 00f88533 add              x10, x17, x15       x10=0003001c x17:00030000 x15:0000001c
   3436ns             340 000002fc 00f707b3 add              x15, x14, x15       x15=0003021c x14:00030200 x15:0000001c
   3446ns             341 00000300 00052583 lw               x11, 0(x10)         x11=00000037 x10:0003001c  PA:0003001c
   3456ns             342 00000304 0007a783 lw               x15, 0(x15)         x15=0000002a x15:0003021c  PA:0003021c
   3466ns             343 00000308 00168693 addi             x13, x13, 1         x13=00000004 x13:00000003
   3476ns             344 0000030c 00f5c7b3 xor              x15, x11, x15       x15=0000001d x11:00000037 x15:0000002a
   3486ns             345 00000310 00f52023 sw               x15, 0(x10)         x15:0000001d x10:0003001c  PA:0003001c
   3496ns             346 00000314 fc669ee3 bne              x13, x6, -36        x13:00000004  x6:00000004
   3506ns             347 00000318 00160613 addi             x12, x12, 1         x12=00000002 x12:00000001
   3516ns             348 0000031c fcd616e3 bne              x12, x13, -52       x12:00000002 x13:00000004
   3546ns             351 000002e8 00000693 addi             x13, x0, 0          x13=00000000
   3556ns             352 000002ec 00261813 slli             x16, x12, 0x2       x16=00000008 x12:00000002
   3566ns             353 000002f0 00d807b3 add              x15, x16, x13       x15=00000008 x16:00000008 x13:00000000
   3576ns             354 000002f4 00279793 slli             x15, x15, 0x2       x15=00000020 x15:00000008
   3586ns             355 000002f8 00f88533 add              x10, x17, x15       x10=00030020 x17:00030000 x15:00000020
   3596ns             356 000002fc 00f707b3 add              x15, x14, x15       x15=00030220 x14:00030200 x15:00000020
   3606ns             357 00000300 00052583 lw               x11, 0(x10)         x11=000000f6 x10:00030020  PA:00030020
   3616ns             358 00000304 0007a783 lw               x15, 0(x15)         x15=000000c9 x15:00030220  PA:00030220
   3626ns             359 00000308 00168693 addi             x13, x13, 1         x13=00000001 x13:00000000
   3636ns             360 0000030c 00f5c7b3 xor              x15, x11, x15       x15=0000003f x11:000000f6 x15:000000c9
   3646ns             361 00000310 00f52023 sw               x15, 0(x10)         x15:0000003f x10:00030020  PA:00030020
   3656ns             362 00000314 fc669ee3 bne              x13, x6, -36        x13:00000001  x6:00000004
   3686ns             365 000002f0 00d807b3 add              x15, x16, x13       x15=00000009 x16:00000008 x13:00000001
   3696ns             366 000002f4 00279793 slli             x15, x15, 0x2       x15=00000024 x15:00000009
   3706ns             367 000002f8 00f88533 add              x10, x17, x15       x10=00030024 x17:00030000 x15:00000024
   3716ns             368 000002fc 00f707b3 add              x15, x14, x15       x15=00030224 x14:00030200 x15:00000024
   3726ns             369 00000300 00052583 lw               x11, 0(x10)         x11=00000030 x10:00030024  PA:00030024
   3736ns             370 00000304 0007a783 lw               x15, 0(x15)         x15=000000d4 x15:00030224  PA:00030224
   3746ns             371 00000308 00168693 addi             x13, x13, 1         x13=00000002 x13:00000001
   3756ns             372 0000030c 00f5c7b3 xor              x15, x11, x15       x15=000000e4 x11:00000030 x15:000000d4
   3766ns             373 00000310 00f52023 sw               x15, 0(x10)         x15:000000e4 x10:00030024  PA:00030024
   3776ns             374 00000314 fc669ee3 bne              x13, x6, -36        x13:00000002  x6:00000004
   3806ns             377 000002f0 00d807b3 add              x15, x16, x13       x15=0000000a x16:00000008 x13:00000002
   3816ns             378 000002f4 00279793 slli             x15, x15, 0x2       x15=00000028 x15:0000000a
   3826ns             379 000002f8 00f88533 add              x10, x17, x15       x10=00030028 x17:00030000 x15:00000028
   3836ns             380 000002fc 00f707b3 add              x15, x14, x15       x15=00030228 x14:00030200 x15:00000028
   3846ns             381 00000300 00052583 lw               x11, 0(x10)         x11=00000098 x10:00030028  PA:00030028
   3856ns             382 00000304 0007a783 lw               x15, 0(x15)         x15=000000b7 x15:00030228  PA:00030228
   3866ns             383 00000308 00168693 addi             x13, x13, 1         x13=00000003 x13:00000002
   3876ns             384 0000030c 00f5c7b3 xor              x15, x11, x15       x15=0000002f x11:00000098 x15:000000b7
   3886ns             385 00000310 00f52023 sw               x15, 0(x10)         x15:0000002f x10:00030028  PA:00030028
   3896ns             386 00000314 fc669ee3 bne              x13, x6, -36        x13:00000003  x6:00000004
   3926ns             389 000002f0 00d807b3 add              x15, x16, x13       x15=0000000b x16:00000008 x13:00000003
   3936ns             390 000002f4 00279793 slli             x15, x15, 0x2       x15=0000002c x15:0000000b
   3946ns             391 000002f8 00f88533 add              x10, x17, x15       x10=0003002c x17:00030000 x15:0000002c
   3956ns             392 000002fc 00f707b3 add              x15, x14, x15       x15=0003022c x14:00030200 x15:0000002c
   3966ns             393 00000300 00052583 lw               x11, 0(x10)         x11=00000007 x10:0003002c  PA:0003002c
   3976ns             394 00000304 0007a783 lw               x15, 0(x15)         x15=000000ab x15:0003022c  PA:0003022c
   3986ns             395 00000308 00168693 addi             x13, x13, 1         x13=00000004 x13:00000003
   3996ns             396 0000030c 00f5c7b3 xor              x15, x11, x15       x15=000000ac x11:00000007 x15:000000ab
   4006ns             397 00000310 00f52023 sw               x15, 0(x10)         x15:000000ac x10:0003002c  PA:0003002c
   4016ns             398 00000314 fc669ee3 bne              x13, x6, -36        x13:00000004  x6:00000004
   4026ns             399 00000318 00160613 addi             x12, x12, 1         x12=00000003 x12:00000002
   4036ns             400 0000031c fcd616e3 bne              x12, x13, -52       x12:00000003 x13:00000004
   4066ns             403 000002e8 00000693 addi             x13, x0, 0          x13=00000000
   4076ns             404 000002ec 00261813 slli             x16, x12, 0x2       x16=0000000c x12:00000003
   4086ns             405 000002f0 00d807b3 add              x15, x16, x13       x15=0000000c x16:0000000c x13:00000000
   4096ns             406 000002f4 00279793 slli             x15, x15, 0x2       x15=00000030 x15:0000000c
   4106ns             407 000002f8 00f88533 add              x10, x17, x15       x10=00030030 x17:00030000 x15:00000030
   4116ns             408 000002fc 00f707b3 add              x15, x14, x15       x15=00030230 x14:00030200 x15:00000030
   4126ns             409 00000300 00052583 lw               x11, 0(x10)         x11=000000a8 x10:00030030  PA:00030030
   4136ns             410 00000304 0007a783 lw               x15, 0(x15)         x15=000000f2 x15:00030230  PA:00030230
   4146ns             411 00000308 00168693 addi             x13, x13, 1         x13=00000001 x13:00000000
   4156ns             412 0000030c 00f5c7b3 xor              x15, x11, x15       x15=0000005a x11:000000a8 x15:000000f2
   4166ns             413 00000310 00f52023 sw               x15, 0(x10)         x15:0000005a x10:00030030  PA:00030030
   4176ns             414 00000314 fc669ee3 bne              x13, x6, -36        x13:00000001  x6:00000004
   4206ns             417 000002f0 00d807b3 add              x15, x16, x13       x15=0000000d x16:0000000c x13:00000001
   4216ns             418 000002f4 00279793 slli             x15, x15, 0x2       x15=00000034 x15:0000000d
   4226ns             419 000002f8 00f88533 add              x10, x17, x15       x10=00030034 x17:00030000 x15:00000034
   4236ns             420 000002fc 00f707b3 add              x15, x14, x15       x15=00030234 x14:00030200 x15:00000034
   4246ns             421 00000300 00052583 lw               x11, 0(x10)         x11=0000008d x10:00030034  PA:00030034
   4256ns             422 00000304 0007a783 lw               x15, 0(x15)         x15=000000e8 x15:00030234  PA:00030234
   4266ns             423 00000308 00168693 addi             x13, x13, 1         x13=00000002 x13:00000001
   4276ns             424 0000030c 00f5c7b3 xor              x15, x11, x15       x15=00000065 x11:0000008d x15:000000e8
   4286ns             425 00000310 00f52023 sw               x15, 0(x10)         x15:00000065 x10:00030034  PA:00030034
   4296ns             426 00000314 fc669ee3 bne              x13, x6, -36        x13:00000002  x6:00000004
   4326ns             429 000002f0 00d807b3 add              x15, x16, x13       x15=0000000e x16:0000000c x13:00000002
   4336ns             430 000002f4 00279793 slli             x15, x15, 0x2       x15=00000038 x15:0000000e
   4346ns             431 000002f8 00f88533 add              x10, x17, x15       x10=00030038 x17:00030000 x15:00000038
   4356ns             432 000002fc 00f707b3 add              x15, x14, x15       x15=00030238 x14:00030200 x15:00000038
   4366ns             433 00000300 00052583 lw               x11, 0(x10)         x11=000000a2 x10:00030038  PA:00030038
   4376ns             434 00000304 0007a783 lw               x15, 0(x15)         x15=00000060 x15:00030238  PA:00030238
   4386ns             435 00000308 00168693 addi             x13, x13, 1         x13=00000003 x13:00000002
   4396ns             436 0000030c 00f5c7b3 xor              x15, x11, x15       x15=000000c2 x11:000000a2 x15:00000060
   4406ns             437 00000310 00f52023 sw               x15, 0(x10)         x15:000000c2 x10:00030038  PA:00030038
   4416ns             438 00000314 fc669ee3 bne              x13, x6, -36        x13:00000003  x6:00000004
   4446ns             441 000002f0 00d807b3 add              x15, x16, x13       x15=0000000f x16:0000000c x13:00000003
   4456ns             442 000002f4 00279793 slli             x15, x15, 0x2       x15=0000003c x15:0000000f
   4466ns             443 000002f8 00f88533 add              x10, x17, x15       x10=0003003c x17:00030000 x15:0000003c
   4476ns             444 000002fc 00f707b3 add              x15, x14, x15       x15=0003023c x14:00030200 x15:0000003c
   4486ns             445 00000300 00052583 lw               x11, 0(x10)         x11=00000034 x10:0003003c  PA:0003003c
   4496ns             446 00000304 0007a783 lw               x15, 0(x15)         x15=00000008 x15:0003023c  PA:0003023c
   4506ns             447 00000308 00168693 addi             x13, x13, 1         x13=00000004 x13:00000003
   4516ns             448 0000030c 00f5c7b3 xor              x15, x11, x15       x15=0000003c x11:00000034 x15:00000008
   4526ns             449 00000310 00f52023 sw               x15, 0(x10)         x15:0000003c x10:0003003c  PA:0003003c
   4536ns             450 00000314 fc669ee3 bne              x13, x6, -36        x13:00000004  x6:00000004
   4546ns             451 00000318 00160613 addi             x12, x12, 1         x12=00000004 x12:00000003
   4556ns             452 0000031c fcd616e3 bne              x12, x13, -52       x12:00000004 x13:00000004
   4566ns             453 00000320 00000513 addi             x10, x0, 0          x10=00000000
   4576ns             454 00000324 00008067 jalr             x0, x1, 0            x1:000001d8
   4596ns             456 000001d8 4480006f jal              x0, 1096           
   4616ns             458 00000620 ff010113 addi             x2, x2, -16          x2=000060c0  x2:000060d0
   4626ns             459 00000624 00000593 addi             x11, x0, 0          x11=00000000
   4636ns             460 00000628 00812423 sw               x8, 8(x2)            x8:00000000  x2:000060c0  PA:000060c8
   4646ns             461 0000062c 00112623 sw               x1, 12(x2)           x1:000001d8  x2:000060c0  PA:000060cc
   4656ns             462 00000630 00050413 addi             x8, x10, 0           x8=00000000 x10:00000000
   4666ns             463 00000634 59c000ef jal              x1, 1436             x1=00000638
   4686ns             465 00000bd0 fd010113 addi             x2, x2, -48          x2=00006090  x2:000060c0
   4696ns             466 00000bd4 01412c23 sw               x20, 24(x2)         x20:00000000  x2:00006090  PA:000060a8
   4706ns             467 00000bd8 0301aa03 lw               x20, 48(x3)         x20=00003850  x3:00004050  PA:00004080
   4716ns             468 00000bdc 03212023 sw               x18, 32(x2)         x18:00000000  x2:00006090  PA:000060b0
   4726ns             469 00000be0 02112623 sw               x1, 44(x2)           x1:00000638  x2:00006090  PA:000060bc
   4736ns             470 00000be4 148a2903 lw               x18, 328(x20)       x18=0000399c x20:00003850  PA:00003998
   4746ns             471 00000be8 02812423 sw               x8, 40(x2)           x8:00000000  x2:00006090  PA:000060b8
   4756ns             472 00000bec 02912223 sw               x9, 36(x2)           x9:00000000  x2:00006090  PA:000060b4
   4766ns             473 00000bf0 01312e23 sw               x19, 28(x2)         x19:00000000  x2:00006090  PA:000060ac
   4776ns             474 00000bf4 01512a23 sw               x21, 20(x2)         x21:00000000  x2:00006090  PA:000060a4
   4786ns             475 00000bf8 01612823 sw               x22, 16(x2)         x22:00000000  x2:00006090  PA:000060a0
   4796ns             476 00000bfc 01712623 sw               x23, 12(x2)         x23:00000000  x2:00006090  PA:0000609c
   4806ns             477 00000c00 01812423 sw               x24, 8(x2)          x24:00000000  x2:00006090  PA:00006098
   4816ns             478 00000c04 04090063 beq              x18, x0, 64         x18:0000399c
   4826ns             479 00000c08 00050b13 addi             x22, x10, 0         x22=00000000 x10:00000000
   4836ns             480 00000c0c 00058b93 addi             x23, x11, 0         x23=00000000 x11:00000000
   4846ns             481 00000c10 00100a93 addi             x21, x0, 1          x21=00000001
   4856ns             482 00000c14 fff00993 addi             x19, x0, -1         x19=ffffffff
   4866ns             483 00000c18 00492483 lw               x9, 4(x18)           x9=00000001 x18:0000399c  PA:000039a0
   4886ns             485 00000c1c fff48413 addi             x8, x9, -1           x8=00000000  x9:00000001
   4896ns             486 00000c20 02044263 blt              x8, x0, 36           x8:00000000
   4906ns             487 00000c24 00249493 slli             x9, x9, 0x2          x9=00000004  x9:00000001
   4916ns             488 00000c28 009904b3 add              x9, x18, x9          x9=000039a0 x18:0000399c  x9:00000004
   4926ns             489 00000c2c 040b8463 beq              x23, x0, 72         x23:00000000
   4956ns             492 00000c74 00492783 lw               x15, 4(x18)         x15=00000001 x18:0000399c  PA:000039a0
   4966ns             493 00000c78 0044a683 lw               x13, 4(x9)          x13=00000650  x9:000039a0  PA:000039a4
   4976ns             494 00000c7c fff78793 addi             x15, x15, -1        x15=00000000 x15:00000001
   4986ns             495 00000c80 04878e63 beq              x15, x8, 92         x15:00000000  x8:00000000
   5016ns             498 00000cdc 00892223 sw               x8, 4(x18)           x8:00000000 x18:0000399c  PA:000039a0
   5026ns             499 00000ce0 fa9ff06f jal              x0, -88            
   5046ns             501 00000c88 fa0688e3 beq              x13, x0, -80        x13:00000650
   5056ns             502 00000c8c 18892783 lw               x15, 392(x18)       x15=00000000 x18:0000399c  PA:00003b24
   5066ns             503 00000c90 008a9733 sll              x14, x21, x8        x14=00000001 x21:00000001  x8:00000000
   5076ns             504 00000c94 00492c03 lw               x24, 4(x18)         x24=00000000 x18:0000399c  PA:000039a0
   5086ns             505 00000c98 00f777b3 and              x15, x14, x15       x15=00000000 x14:00000001 x15:00000000
   5096ns             506 00000c9c 02079263 bne              x15, x0, 36         x15:00000000
   5106ns             507 00000ca0 000680e7 jalr             x1, x13, 0           x1=00000ca4 x13:00000650
   5126ns             509 00000650 ff010113 addi             x2, x2, -16          x2=00006080  x2:00006090
   5136ns             510 00000654 00812423 sw               x8, 8(x2)            x8:00000000  x2:00006080  PA:00006088
   5146ns             511 00000658 000047b7 lui              x15, 0x4000         x15=00004000
   5156ns             512 0000065c 00004437 lui              x8, 0x4000           x8=00004000
   5166ns             513 00000660 85040413 addi             x8, x8, -1968        x8=00003850  x8:00004000
   5176ns             514 00000664 85078793 addi             x15, x15, -1968     x15=00003850 x15:00004000
   5186ns             515 00000668 408787b3 sub              x15, x15, x8        x15=00000000 x15:00003850  x8:00003850
   5196ns             516 0000066c 00912223 sw               x9, 4(x2)            x9:000039a0  x2:00006080  PA:00006084
   5206ns             517 00000670 00112623 sw               x1, 12(x2)           x1:00000ca4  x2:00006080  PA:0000608c
   5216ns             518 00000674 4027d493 srai             x9, x15, 0x402       x9=00000000 x15:00000000
   5226ns             519 00000678 02048063 beq              x9, x0, 32           x9:00000000
   5256ns             522 00000698 00c12083 lw               x1, 12(x2)           x1=00000ca4  x2:00006080  PA:0000608c
   5266ns             523 0000069c 00812403 lw               x8, 8(x2)            x8=00000000  x2:00006080  PA:00006088
   5276ns             524 000006a0 00412483 lw               x9, 4(x2)            x9=000039a0  x2:00006080  PA:00006084
   5286ns             525 000006a4 01010113 addi             x2, x2, 16           x2=00006090  x2:00006080
   5296ns             526 000006a8 00008067 jalr             x0, x1, 0            x1:00000ca4
   5316ns             528 00000ca4 00492703 lw               x14, 4(x18)         x14=00000000 x18:0000399c  PA:000039a0
   5326ns             529 00000ca8 148a2783 lw               x15, 328(x20)       x15=0000399c x20:00003850  PA:00003998
   5336ns             530 00000cac 01871463 bne              x14, x24, 8         x14:00000000 x24:00000000
   5346ns             531 00000cb0 f92784e3 beq              x15, x18, -120      x15:0000399c x18:0000399c
   5376ns             534 00000c38 fff40413 addi             x8, x8, -1           x8=ffffffff  x8:00000000
   5386ns             535 00000c3c ffc48493 addi             x9, x9, -4           x9=0000399c  x9:000039a0
   5396ns             536 00000c40 ff3416e3 bne              x8, x19, -20         x8:ffffffff x19:ffffffff
   5406ns             537 00000c44 02c12083 lw               x1, 44(x2)           x1=00000638  x2:00006090  PA:000060bc
   5416ns             538 00000c48 02812403 lw               x8, 40(x2)           x8=00000000  x2:00006090  PA:000060b8
   5426ns             539 00000c4c 02412483 lw               x9, 36(x2)           x9=00000000  x2:00006090  PA:000060b4
   5436ns             540 00000c50 02012903 lw               x18, 32(x2)         x18=00000000  x2:00006090  PA:000060b0
   5446ns             541 00000c54 01c12983 lw               x19, 28(x2)         x19=00000000  x2:00006090  PA:000060ac
   5456ns             542 00000c58 01812a03 lw               x20, 24(x2)         x20=00000000  x2:00006090  PA:000060a8
   5466ns             543 00000c5c 01412a83 lw               x21, 20(x2)         x21=00000000  x2:00006090  PA:000060a4
   5476ns             544 00000c60 01012b03 lw               x22, 16(x2)         x22=00000000  x2:00006090  PA:000060a0
   5486ns             545 00000c64 00c12b83 lw               x23, 12(x2)         x23=00000000  x2:00006090  PA:0000609c
   5496ns             546 00000c68 00812c03 lw               x24, 8(x2)          x24=00000000  x2:00006090  PA:00006098
   5506ns             547 00000c6c 03010113 addi             x2, x2, 48           x2=000060c0  x2:00006090
   5516ns             548 00000c70 00008067 jalr             x0, x1, 0            x1:00000638
   5536ns             550 00000638 0301a503 lw               x10, 48(x3)         x10=00003850  x3:00004050  PA:00004080
   5556ns             552 0000063c 03c52783 lw               x15, 60(x10)        x15=00000000 x10:00003850  PA:0000388c
   5576ns             554 00000640 00078463 beq              x15, x0, 8          x15:00000000
   5606ns             557 00000648 00040513 addi             x10, x8, 0          x10=00000000  x8:00000000
   5616ns             558 0000064c d7dff0ef jal              x1, -644             x1=00000650
   5636ns             560 000003c8 200007b7 lui              x15, 0x20000000     x15=20000000
