                Time          Cycles PC       Instr    Mnemonic
     96ns               6 00000180 00004197 auipc            x3, 0x4000           x3=00004180
    106ns               7 00000184 ec818193 addi             x3, x3, -312         x3=00004048  x3:00004180
    116ns               8 00000188 00006117 auipc            x2, 0x6000           x2=00006188
    126ns               9 0000018c f4810113 addi             x2, x2, -184         x2=000060d0  x2:00006188
    136ns              10 00000190 00000517 auipc            x10, 0x0            x10=00000190
    146ns              11 00000194 e7050513 addi             x10, x10, -400      x10=00000000 x10:00000190
    156ns              12 00000198 30551073 csrrw            x0, x10, 0x305      x10:00000000
    166ns              13 0000019c 10000513 addi             x10, x0, 256        x10=00000100
    176ns              14 000001a0 7d151073 csrrw            x0, x10, 0x7d1      x10:00000100
    186ns              15 000001a4 04418513 addi             x10, x3, 68         x10=0000408c  x3:00004048
    196ns              16 000001a8 07c18613 addi             x12, x3, 124        x12=000040c4  x3:00004048
    206ns              17 000001ac 40a60633 sub              x12, x12, x10       x12=00000038 x12:000040c4 x10:0000408c
    216ns              18 000001b0 00000593 addi             x11, x0, 0          x11=00000000
    226ns              19 000001b4 58c000ef jal              x1, 1420             x1=000001b8
    246ns              21 00000740 00f00313 addi             x6, x0, 15           x6=0000000f
    256ns              22 00000744 00050713 addi             x14, x10, 0         x14=0000408c x10:0000408c
    266ns              23 00000748 02c37e63 bgeu             x6, x12, 60          x6:0000000f x12:00000038
    276ns              24 0000074c 00f77793 andi             x15, x14, 15        x15=0000000c x14:0000408c
    286ns              25 00000750 0a079063 bne              x15, x0, 160        x15:0000000c
    316ns              28 000007f0 00279693 slli             x13, x15, 0x2       x13=00000030 x15:0000000c
    326ns              29 000007f4 00000297 auipc            x5, 0x0              x5=000007f4
    336ns              30 000007f8 005686b3 add              x13, x13, x5        x13=00000824 x13:00000030  x5:000007f4
    346ns              31 000007fc 00008293 addi             x5, x1, 0            x5=000001b8  x1:000001b8
    356ns              32 00000800 fa0680e7 jalr             x1, x13, -96         x1=00000804 x13:00000824
    376ns              34 000007c4 00b701a3 sb               x11, 3(x14)         x11:00000000 x14:0000408c  PA:0000408f
    386ns              35 000007c8 00b70123 sb               x11, 2(x14)         x11:00000000 x14:0000408c  PA:0000408e
    396ns              36 000007cc 00b700a3 sb               x11, 1(x14)         x11:00000000 x14:0000408c  PA:0000408d
    406ns              37 000007d0 00b70023 sb               x11, 0(x14)         x11:00000000 x14:0000408c  PA:0000408c
    416ns              38 000007d4 00008067 jalr             x0, x1, 0            x1:00000804
    436ns              40 00000804 00028093 addi             x1, x5, 0            x1=000001b8  x5:000001b8
    446ns              41 00000808 ff078793 addi             x15, x15, -16       x15=fffffffc x15:0000000c
    456ns              42 0000080c 40f70733 sub              x14, x14, x15       x14=00004090 x14:0000408c x15:fffffffc
    466ns              43 00000810 00f60633 add              x12, x12, x15       x12=00000034 x12:00000038 x15:fffffffc
    476ns              44 00000814 f6c378e3 bgeu             x6, x12, -144        x6:0000000f x12:00000034
    486ns              45 00000818 f3dff06f jal              x0, -196           
    506ns              47 00000754 08059263 bne              x11, x0, 132        x11:00000000
    516ns              48 00000758 ff067693 andi             x13, x12, -16       x13=00000030 x12:00000034
    526ns              49 0000075c 00f67613 andi             x12, x12, 15        x12=00000004 x12:00000034
    536ns              50 00000760 00e686b3 add              x13, x13, x14       x13=000040c0 x13:00000030 x14:00004090
    546ns              51 00000764 00b72023 sw               x11, 0(x14)         x11:00000000 x14:00004090  PA:00004090
    556ns              52 00000768 00b72223 sw               x11, 4(x14)         x11:00000000 x14:00004090  PA:00004094
    566ns              53 0000076c 00b72423 sw               x11, 8(x14)         x11:00000000 x14:00004090  PA:00004098
    576ns              54 00000770 00b72623 sw               x11, 12(x14)        x11:00000000 x14:00004090  PA:0000409c
    586ns              55 00000774 01070713 addi             x14, x14, 16        x14=000040a0 x14:00004090
    596ns              56 00000778 fed766e3 bltu             x14, x13, -20       x14:000040a0 x13:000040c0
    626ns              59 00000764 00b72023 sw               x11, 0(x14)         x11:00000000 x14:000040a0  PA:000040a0
    636ns              60 00000768 00b72223 sw               x11, 4(x14)         x11:00000000 x14:000040a0  PA:000040a4
    646ns              61 0000076c 00b72423 sw               x11, 8(x14)         x11:00000000 x14:000040a0  PA:000040a8
    656ns              62 00000770 00b72623 sw               x11, 12(x14)        x11:00000000 x14:000040a0  PA:000040ac
    666ns              63 00000774 01070713 addi             x14, x14, 16        x14=000040b0 x14:000040a0
    676ns              64 00000778 fed766e3 bltu             x14, x13, -20       x14:000040b0 x13:000040c0
    706ns              67 00000764 00b72023 sw               x11, 0(x14)         x11:00000000 x14:000040b0  PA:000040b0
    716ns              68 00000768 00b72223 sw               x11, 4(x14)         x11:00000000 x14:000040b0  PA:000040b4
    726ns              69 0000076c 00b72423 sw               x11, 8(x14)         x11:00000000 x14:000040b0  PA:000040b8
    736ns              70 00000770 00b72623 sw               x11, 12(x14)        x11:00000000 x14:000040b0  PA:000040bc
    746ns              71 00000774 01070713 addi             x14, x14, 16        x14=000040c0 x14:000040b0
    756ns              72 00000778 fed766e3 bltu             x14, x13, -20       x14:000040c0 x13:000040c0
    766ns              73 0000077c 00061463 bne              x12, x0, 8          x12:00000004
    796ns              76 00000784 40c306b3 sub              x13, x6, x12        x13=0000000b  x6:0000000f x12:00000004
    806ns              77 00000788 00269693 slli             x13, x13, 0x2       x13=0000002c x13:0000000b
    816ns              78 0000078c 00000297 auipc            x5, 0x0              x5=0000078c
    826ns              79 00000790 005686b3 add              x13, x13, x5        x13=000007b8 x13:0000002c  x5:0000078c
    846ns              81 00000794 00c68067 jalr             x0, x13, 12         x13:000007b8
    866ns              83 000007c4 00b701a3 sb               x11, 3(x14)         x11:00000000 x14:000040c0  PA:000040c3
    876ns              84 000007c8 00b70123 sb               x11, 2(x14)         x11:00000000 x14:000040c0  PA:000040c2
    886ns              85 000007cc 00b700a3 sb               x11, 1(x14)         x11:00000000 x14:000040c0  PA:000040c1
    896ns              86 000007d0 00b70023 sb               x11, 0(x14)         x11:00000000 x14:000040c0  PA:000040c0
    906ns              87 000007d4 00008067 jalr             x0, x1, 0            x1:000001b8
    926ns              89 000001b8 00000517 auipc            x10, 0x0            x10=000001b8
    936ns              90 000001bc 49050513 addi             x10, x10, 1168      x10=00000648 x10:000001b8
    946ns              91 000001c0 444000ef jal              x1, 1092             x1=000001c4
    966ns              93 00000604 00050593 addi             x11, x10, 0         x11=00000648 x10:00000648
    976ns              94 00000608 00000693 addi             x13, x0, 0          x13=00000000
    986ns              95 0000060c 00000613 addi             x12, x0, 0          x12=00000000
    996ns              96 00000610 00000513 addi             x10, x0, 0          x10=00000000
   1006ns              97 00000614 51c0006f jal              x0, 1308           
   1026ns              99 00000b30 0301a703 lw               x14, 48(x3)         x14=00003848  x3:00004048  PA:00004078
   1046ns             101 00000b34 14872783 lw               x15, 328(x14)       x15=00000000 x14:00003848  PA:00003990
   1066ns             103 00000b38 04078c63 beq              x15, x0, 88         x15:00000000
   1096ns             106 00000b90 14c70793 addi             x15, x14, 332       x15=00003994 x14:00003848
   1106ns             107 00000b94 14f72423 sw               x15, 328(x14)       x15:00003994 x14:00003848  PA:00003990
   1116ns             108 00000b98 fa5ff06f jal              x0, -92            
   1136ns             110 00000b3c 0047a703 lw               x14, 4(x15)         x14=00000000 x15:00003994  PA:00003998
   1146ns             111 00000b40 01f00813 addi             x16, x0, 31         x16=0000001f
   1156ns             112 00000b44 06e84e63 blt              x16, x14, 124       x16:0000001f x14:00000000
   1166ns             113 00000b48 00271813 slli             x16, x14, 0x2       x16=00000000 x14:00000000
   1176ns             114 00000b4c 02050663 beq              x10, x0, 44         x10:00000000
   1206ns             117 00000b78 00170713 addi             x14, x14, 1         x14=00000001 x14:00000000
   1216ns             118 00000b7c 00e7a223 sw               x14, 4(x15)         x14:00000001 x15:00003994  PA:00003998
   1226ns             119 00000b80 010787b3 add              x15, x15, x16       x15=00003994 x15:00003994 x16:00000000
   1236ns             120 00000b84 00b7a423 sw               x11, 8(x15)         x11:00000648 x15:00003994  PA:0000399c
   1246ns             121 00000b88 00000513 addi             x10, x0, 0          x10=00000000
   1256ns             122 00000b8c 00008067 jalr             x0, x1, 0            x1:000001c4
   1276ns             124 000001c4 4e0000ef jal              x1, 1248             x1=000001c8
   1296ns             126 000006a4 ff010113 addi             x2, x2, -16          x2=000060c0  x2:000060d0
   1306ns             127 000006a8 00812423 sw               x8, 8(x2)            x8:00000000  x2:000060c0  PA:000060c8
   1316ns             128 000006ac 01212023 sw               x18, 0(x2)          x18:00000000  x2:000060c0  PA:000060c0
   1326ns             129 000006b0 00004437 lui              x8, 0x4000           x8=00004000
   1336ns             130 000006b4 00004937 lui              x18, 0x4000         x18=00004000
   1346ns             131 000006b8 84240793 addi             x15, x8, -1982      x15=00003842  x8:00004000
   1356ns             132 000006bc 84290913 addi             x18, x18, -1982     x18=00003842 x18:00004000
   1366ns             133 000006c0 40f90933 sub              x18, x18, x15       x18=00000000 x18:00003842 x15:00003842
   1376ns             134 000006c4 00112623 sw               x1, 12(x2)           x1:000001c8  x2:000060c0  PA:000060cc
   1386ns             135 000006c8 00912223 sw               x9, 4(x2)            x9:00000000  x2:000060c0  PA:000060c4
   1396ns             136 000006cc 40295913 srai             x18, x18, 0x402     x18=00000000 x18:00000000
   1406ns             137 000006d0 02090063 beq              x18, x0, 32         x18:00000000
   1436ns             140 000006f0 00004437 lui              x8, 0x4000           x8=00004000
   1446ns             141 000006f4 00004937 lui              x18, 0x4000         x18=00004000
   1456ns             142 000006f8 84440793 addi             x15, x8, -1980      x15=00003844  x8:00004000
   1466ns             143 000006fc 84890913 addi             x18, x18, -1976     x18=00003848 x18:00004000
   1476ns             144 00000700 40f90933 sub              x18, x18, x15       x18=00000004 x18:00003848 x15:00003844
   1486ns             145 00000704 40295913 srai             x18, x18, 0x402     x18=00000001 x18:00000004
   1496ns             146 00000708 02090063 beq              x18, x0, 32         x18:00000001
   1506ns             147 0000070c 84440413 addi             x8, x8, -1980        x8=00003844  x8:00004000
   1516ns             148 00000710 00000493 addi             x9, x0, 0            x9=00000000
   1526ns             149 00000714 00042783 lw               x15, 0(x8)          x15=00000320  x8:00003844  PA:00003844
   1536ns             150 00000718 00148493 addi             x9, x9, 1            x9=00000001  x9:00000000
   1546ns             151 0000071c 00440413 addi             x8, x8, 4            x8=00003848  x8:00003844
   1556ns             152 00000720 000780e7 jalr             x1, x15, 0           x1=00000724 x15:00000320
   1576ns             154 00000320 00000793 addi             x15, x0, 0          x15=00000000
   1586ns             155 00000324 00078663 beq              x15, x0, 12         x15:00000000
   1616ns             158 00000330 00008067 jalr             x0, x1, 0            x1:00000724
   1636ns             160 00000724 fe9918e3 bne              x18, x9, -16        x18:00000001  x9:00000001
   1646ns             161 00000728 00c12083 lw               x1, 12(x2)           x1=000001c8  x2:000060c0  PA:000060cc
   1656ns             162 0000072c 00812403 lw               x8, 8(x2)            x8=00000000  x2:000060c0  PA:000060c8
   1666ns             163 00000730 00412483 lw               x9, 4(x2)            x9=00000000  x2:000060c0  PA:000060c4
   1676ns             164 00000734 00012903 lw               x18, 0(x2)          x18=00000000  x2:000060c0  PA:000060c0
   1686ns             165 00000738 01010113 addi             x2, x2, 16           x2=000060d0  x2:000060c0
   1696ns             166 0000073c 00008067 jalr             x0, x1, 0            x1:000001c8
   1716ns             168 000001c8 00012503 lw               x10, 0(x2)          x10=xxxxxxxx  x2:000060d0  PA:000060d0
   1726ns             169 000001cc 00410593 addi             x11, x2, 4          x11=000060d4  x2:000060d0
   1736ns             170 000001d0 00000613 addi             x12, x0, 0          x12=00000000
   1746ns             171 000001d4 00c000ef jal              x1, 12               x1=000001d8
   1766ns             173 000001e0 000106b7 lui              x13, 0x10000        x13=00010000
   1776ns             174 000001e4 000307b7 lui              x15, 0x30000        x15=00030000
   1786ns             175 000001e8 fff00713 addi             x14, x0, -1         x14=ffffffff
   1796ns             176 000001ec fff68693 addi             x13, x13, -1        x13=0000ffff x13:00010000
   1806ns             177 000001f0 ffff0637 lui              x12, 0xffff0000     x12=ffff0000
   1816ns             178 000001f4 08e7a223 sw               x14, 132(x15)       x14:ffffffff x15:00030000  PA:00030084
   1826ns             179 000001f8 08e7a423 sw               x14, 136(x15)       x14:ffffffff x15:00030000  PA:00030088
   1836ns             180 000001fc 08e7a623 sw               x14, 140(x15)       x14:ffffffff x15:00030000  PA:0003008c
   1846ns             181 00000200 08e7a823 sw               x14, 144(x15)       x14:ffffffff x15:00030000  PA:00030090
   1856ns             182 00000204 08e7aa23 sw               x14, 148(x15)       x14:ffffffff x15:00030000  PA:00030094
   1866ns             183 00000208 08e7ac23 sw               x14, 152(x15)       x14:ffffffff x15:00030000  PA:00030098
   1876ns             184 0000020c 0607ac23 sw               x0, 120(x15)        x15:00030000  PA:00030078
   1886ns             185 00000210 0607ae23 sw               x0, 124(x15)        x15:00030000  PA:0003007c
   1896ns             186 00000214 0807a023 sw               x0, 128(x15)        x15:00030000  PA:00030080
   1906ns             187 00000218 0807ae23 sw               x0, 156(x15)        x15:00030000  PA:0003009c
   1916ns             188 0000021c 0a07a023 sw               x0, 160(x15)        x15:00030000  PA:000300a0
   1926ns             189 00000220 0a07a223 sw               x0, 164(x15)        x15:00030000  PA:000300a4
   1936ns             190 00000224 0007a023 sw               x0, 0(x15)          x15:00030000  PA:00030000
   1946ns             191 00000228 0007a223 sw               x0, 4(x15)          x15:00030000  PA:00030004
   1956ns             192 0000022c 00d7a423 sw               x13, 8(x15)         x13:0000ffff x15:00030000  PA:00030008
   1966ns             193 00000230 0007a623 sw               x0, 12(x15)         x15:00030000  PA:0003000c
   1976ns             194 00000234 0007a823 sw               x0, 16(x15)         x15:00030000  PA:00030010
   1986ns             195 00000238 00d7aa23 sw               x13, 20(x15)        x13:0000ffff x15:00030000  PA:00030014
   1996ns             196 0000023c 0007ac23 sw               x0, 24(x15)         x15:00030000  PA:00030018
   2006ns             197 00000240 0007ae23 sw               x0, 28(x15)         x15:00030000  PA:0003001c
   2016ns             198 00000244 02c7a023 sw               x12, 32(x15)        x12:ffff0000 x15:00030000  PA:00030020
   2026ns             199 00000248 0207a223 sw               x0, 36(x15)         x15:00030000  PA:00030024
   2036ns             200 0000024c 0207a423 sw               x0, 40(x15)         x15:00030000  PA:00030028
   2046ns             201 00000250 02c7a623 sw               x12, 44(x15)        x12:ffff0000 x15:00030000  PA:0003002c
   2056ns             202 00000254 0207a823 sw               x0, 48(x15)         x15:00030000  PA:00030030
   2066ns             203 00000258 02d7aa23 sw               x13, 52(x15)        x13:0000ffff x15:00030000  PA:00030034
   2076ns             204 0000025c 0207ac23 sw               x0, 56(x15)         x15:00030000  PA:00030038
   2086ns             205 00000260 0207ae23 sw               x0, 60(x15)         x15:00030000  PA:0003003c
   2096ns             206 00000264 04d7a023 sw               x13, 64(x15)        x13:0000ffff x15:00030000  PA:00030040
   2106ns             207 00000268 0407a223 sw               x0, 68(x15)         x15:00030000  PA:00030044
   2116ns             208 0000026c 0407a423 sw               x0, 72(x15)         x15:00030000  PA:00030048
   2126ns             209 00000270 04c7a623 sw               x12, 76(x15)        x12:ffff0000 x15:00030000  PA:0003004c
   2136ns             210 00000274 0407a823 sw               x0, 80(x15)         x15:00030000  PA:00030050
   2146ns             211 00000278 06e7a023 sw               x14, 96(x15)        x14:ffffffff x15:00030000  PA:00030060
   2156ns             212 0000027c 06e7a623 sw               x14, 108(x15)       x14:ffffffff x15:00030000  PA:0003006c
   2166ns             213 00000280 0407aa23 sw               x0, 84(x15)         x15:00030000  PA:00030054
   2176ns             214 00000284 04c7ac23 sw               x12, 88(x15)        x12:ffff0000 x15:00030000  PA:00030058
   2186ns             215 00000288 0407ae23 sw               x0, 92(x15)         x15:00030000  PA:0003005c
   2196ns             216 0000028c 0607a223 sw               x0, 100(x15)        x15:00030000  PA:00030064
   2206ns             217 00000290 0607a423 sw               x0, 104(x15)        x15:00030000  PA:00030068
   2216ns             218 00000294 0607a823 sw               x0, 112(x15)        x15:00030000  PA:00030070
   2226ns             219 00000298 0607aa23 sw               x0, 116(x15)        x15:00030000  PA:00030074
   2236ns             220 0000029c 0a07a823 sw               x0, 176(x15)        x15:00030000  PA:000300b0
   2246ns             221 000002a0 0c07a823 sw               x0, 208(x15)        x15:00030000  PA:000300d0
   2256ns             222 000002a4 0a07aa23 sw               x0, 180(x15)        x15:00030000  PA:000300b4
   2266ns             223 000002a8 0c07aa23 sw               x0, 212(x15)        x15:00030000  PA:000300d4
   2276ns             224 000002ac 0a07ac23 sw               x0, 184(x15)        x15:00030000  PA:000300b8
   2286ns             225 000002b0 0c07ac23 sw               x0, 216(x15)        x15:00030000  PA:000300d8
   2296ns             226 000002b4 0a07ae23 sw               x0, 188(x15)        x15:00030000  PA:000300bc
   2306ns             227 000002b8 0c07ae23 sw               x0, 220(x15)        x15:00030000  PA:000300dc
   2316ns             228 000002bc 0c07a023 sw               x0, 192(x15)        x15:00030000  PA:000300c0
   2326ns             229 000002c0 0e07a023 sw               x0, 224(x15)        x15:00030000  PA:000300e0
   2336ns             230 000002c4 0c07a223 sw               x0, 196(x15)        x15:00030000  PA:000300c4
   2346ns             231 000002c8 0e07a223 sw               x0, 228(x15)        x15:00030000  PA:000300e4
   2356ns             232 000002cc 07878713 addi             x14, x15, 120       x14=00030078 x15:00030000
   2366ns             233 000002d0 09078793 addi             x15, x15, 144       x15=00030090 x15:00030000
   2376ns             234 000002d4 fe872603 lw               x12, -24(x14)       x12=ffffffff x14:00030078  PA:00030060
   2386ns             235 000002d8 fd072683 lw               x13, -48(x14)       x13=00000000 x14:00030078  PA:00030048
   2396ns             236 000002dc 00470713 addi             x14, x14, 4         x14=0003007c x14:00030078
   2406ns             237 000002e0 00c6e6b3 or               x13, x13, x12       x13=ffffffff x13:00000000 x12:ffffffff
   2416ns             238 000002e4 ffc72603 lw               x12, -4(x14)        x12=00000000 x14:0003007c  PA:00030078
   2436ns             240 000002e8 00c6f6b3 and              x13, x13, x12       x13=00000000 x13:ffffffff x12:00000000
   2446ns             241 000002ec 02d72a23 sw               x13, 52(x14)        x13:00000000 x14:0003007c  PA:000300b0
   2456ns             242 000002f0 fef712e3 bne              x14, x15, -28       x14:0003007c x15:00030090
   2486ns             245 000002d4 fe872603 lw               x12, -24(x14)       x12=00000000 x14:0003007c  PA:00030064
   2496ns             246 000002d8 fd072683 lw               x13, -48(x14)       x13=ffff0000 x14:0003007c  PA:0003004c
   2506ns             247 000002dc 00470713 addi             x14, x14, 4         x14=00030080 x14:0003007c
   2516ns             248 000002e0 00c6e6b3 or               x13, x13, x12       x13=ffff0000 x13:ffff0000 x12:00000000
   2526ns             249 000002e4 ffc72603 lw               x12, -4(x14)        x12=00000000 x14:00030080  PA:0003007c
   2546ns             251 000002e8 00c6f6b3 and              x13, x13, x12       x13=00000000 x13:ffff0000 x12:00000000
   2556ns             252 000002ec 02d72a23 sw               x13, 52(x14)        x13:00000000 x14:00030080  PA:000300b4
   2566ns             253 000002f0 fef712e3 bne              x14, x15, -28       x14:00030080 x15:00030090
   2596ns             256 000002d4 fe872603 lw               x12, -24(x14)       x12=00000000 x14:00030080  PA:00030068
   2606ns             257 000002d8 fd072683 lw               x13, -48(x14)       x13=00000000 x14:00030080  PA:00030050
   2616ns             258 000002dc 00470713 addi             x14, x14, 4         x14=00030084 x14:00030080
   2626ns             259 000002e0 00c6e6b3 or               x13, x13, x12       x13=00000000 x13:00000000 x12:00000000
   2636ns             260 000002e4 ffc72603 lw               x12, -4(x14)        x12=00000000 x14:00030084  PA:00030080
   2656ns             262 000002e8 00c6f6b3 and              x13, x13, x12       x13=00000000 x13:00000000 x12:00000000
   2666ns             263 000002ec 02d72a23 sw               x13, 52(x14)        x13:00000000 x14:00030084  PA:000300b8
   2676ns             264 000002f0 fef712e3 bne              x14, x15, -28       x14:00030084 x15:00030090
   2706ns             267 000002d4 fe872603 lw               x12, -24(x14)       x12=ffffffff x14:00030084  PA:0003006c
   2716ns             268 000002d8 fd072683 lw               x13, -48(x14)       x13=00000000 x14:00030084  PA:00030054
   2726ns             269 000002dc 00470713 addi             x14, x14, 4         x14=00030088 x14:00030084
   2736ns             270 000002e0 00c6e6b3 or               x13, x13, x12       x13=ffffffff x13:00000000 x12:ffffffff
   2746ns             271 000002e4 ffc72603 lw               x12, -4(x14)        x12=ffffffff x14:00030088  PA:00030084
   2766ns             273 000002e8 00c6f6b3 and              x13, x13, x12       x13=ffffffff x13:ffffffff x12:ffffffff
   2776ns             274 000002ec 02d72a23 sw               x13, 52(x14)        x13:ffffffff x14:00030088  PA:000300bc
   2786ns             275 000002f0 fef712e3 bne              x14, x15, -28       x14:00030088 x15:00030090
   2816ns             278 000002d4 fe872603 lw               x12, -24(x14)       x12=00000000 x14:00030088  PA:00030070
   2826ns             279 000002d8 fd072683 lw               x13, -48(x14)       x13=ffff0000 x14:00030088  PA:00030058
   2836ns             280 000002dc 00470713 addi             x14, x14, 4         x14=0003008c x14:00030088
   2846ns             281 000002e0 00c6e6b3 or               x13, x13, x12       x13=ffff0000 x13:ffff0000 x12:00000000
   2856ns             282 000002e4 ffc72603 lw               x12, -4(x14)        x12=ffffffff x14:0003008c  PA:00030088
   2876ns             284 000002e8 00c6f6b3 and              x13, x13, x12       x13=ffff0000 x13:ffff0000 x12:ffffffff
   2886ns             285 000002ec 02d72a23 sw               x13, 52(x14)        x13:ffff0000 x14:0003008c  PA:000300c0
   2896ns             286 000002f0 fef712e3 bne              x14, x15, -28       x14:0003008c x15:00030090
   2926ns             289 000002d4 fe872603 lw               x12, -24(x14)       x12=00000000 x14:0003008c  PA:00030074
   2936ns             290 000002d8 fd072683 lw               x13, -48(x14)       x13=00000000 x14:0003008c  PA:0003005c
   2946ns             291 000002dc 00470713 addi             x14, x14, 4         x14=00030090 x14:0003008c
   2956ns             292 000002e0 00c6e6b3 or               x13, x13, x12       x13=00000000 x13:00000000 x12:00000000
   2966ns             293 000002e4 ffc72603 lw               x12, -4(x14)        x12=ffffffff x14:00030090  PA:0003008c
   2986ns             295 000002e8 00c6f6b3 and              x13, x13, x12       x13=00000000 x13:00000000 x12:ffffffff
   2996ns             296 000002ec 02d72a23 sw               x13, 52(x14)        x13:00000000 x14:00030090  PA:000300c4
   3006ns             297 000002f0 fef712e3 bne              x14, x15, -28       x14:00030090 x15:00030090
   3016ns             298 000002f4 000307b7 lui              x15, 0x30000        x15=00030000
   3026ns             299 000002f8 01878693 addi             x13, x15, 24        x13=00030018 x15:00030000
   3036ns             300 000002fc 0187a703 lw               x14, 24(x15)        x14=00000000 x15:00030000  PA:00030018
   3046ns             301 00000300 0007a603 lw               x12, 0(x15)         x12=00000000 x15:00030000  PA:00030000
   3056ns             302 00000304 00478793 addi             x15, x15, 4         x15=00030004 x15:00030000
   3066ns             303 00000308 00c76733 or               x14, x14, x12       x14=00000000 x14:00000000 x12:00000000
   3076ns             304 0000030c fff74713 xori             x14, x14, -1        x14=ffffffff x14:00000000
   3086ns             305 00000310 0ce7a623 sw               x14, 204(x15)       x14:ffffffff x15:00030004  PA:000300d0
   3096ns             306 00000314 fed794e3 bne              x15, x13, -24       x15:00030004 x13:00030018
   3126ns             309 000002fc 0187a703 lw               x14, 24(x15)        x14=00000000 x15:00030004  PA:0003001c
   3136ns             310 00000300 0007a603 lw               x12, 0(x15)         x12=00000000 x15:00030004  PA:00030004
   3146ns             311 00000304 00478793 addi             x15, x15, 4         x15=00030008 x15:00030004
   3156ns             312 00000308 00c76733 or               x14, x14, x12       x14=00000000 x14:00000000 x12:00000000
   3166ns             313 0000030c fff74713 xori             x14, x14, -1        x14=ffffffff x14:00000000
   3176ns             314 00000310 0ce7a623 sw               x14, 204(x15)       x14:ffffffff x15:00030008  PA:000300d4
   3186ns             315 00000314 fed794e3 bne              x15, x13, -24       x15:00030008 x13:00030018
   3216ns             318 000002fc 0187a703 lw               x14, 24(x15)        x14=ffff0000 x15:00030008  PA:00030020
   3226ns             319 00000300 0007a603 lw               x12, 0(x15)         x12=0000ffff x15:00030008  PA:00030008
   3236ns             320 00000304 00478793 addi             x15, x15, 4         x15=0003000c x15:00030008
   3246ns             321 00000308 00c76733 or               x14, x14, x12       x14=ffffffff x14:ffff0000 x12:0000ffff
   3256ns             322 0000030c fff74713 xori             x14, x14, -1        x14=00000000 x14:ffffffff
   3266ns             323 00000310 0ce7a623 sw               x14, 204(x15)       x14:00000000 x15:0003000c  PA:000300d8
   3276ns             324 00000314 fed794e3 bne              x15, x13, -24       x15:0003000c x13:00030018
   3306ns             327 000002fc 0187a703 lw               x14, 24(x15)        x14=00000000 x15:0003000c  PA:00030024
   3316ns             328 00000300 0007a603 lw               x12, 0(x15)         x12=00000000 x15:0003000c  PA:0003000c
   3326ns             329 00000304 00478793 addi             x15, x15, 4         x15=00030010 x15:0003000c
   3336ns             330 00000308 00c76733 or               x14, x14, x12       x14=00000000 x14:00000000 x12:00000000
   3346ns             331 0000030c fff74713 xori             x14, x14, -1        x14=ffffffff x14:00000000
   3356ns             332 00000310 0ce7a623 sw               x14, 204(x15)       x14:ffffffff x15:00030010  PA:000300dc
   3366ns             333 00000314 fed794e3 bne              x15, x13, -24       x15:00030010 x13:00030018
   3396ns             336 000002fc 0187a703 lw               x14, 24(x15)        x14=00000000 x15:00030010  PA:00030028
   3406ns             337 00000300 0007a603 lw               x12, 0(x15)         x12=00000000 x15:00030010  PA:00030010
   3416ns             338 00000304 00478793 addi             x15, x15, 4         x15=00030014 x15:00030010
   3426ns             339 00000308 00c76733 or               x14, x14, x12       x14=00000000 x14:00000000 x12:00000000
   3436ns             340 0000030c fff74713 xori             x14, x14, -1        x14=ffffffff x14:00000000
   3446ns             341 00000310 0ce7a623 sw               x14, 204(x15)       x14:ffffffff x15:00030014  PA:000300e0
   3456ns             342 00000314 fed794e3 bne              x15, x13, -24       x15:00030014 x13:00030018
   3486ns             345 000002fc 0187a703 lw               x14, 24(x15)        x14=ffff0000 x15:00030014  PA:0003002c
   3496ns             346 00000300 0007a603 lw               x12, 0(x15)         x12=0000ffff x15:00030014  PA:00030014
   3506ns             347 00000304 00478793 addi             x15, x15, 4         x15=00030018 x15:00030014
   3516ns             348 00000308 00c76733 or               x14, x14, x12       x14=ffffffff x14:ffff0000 x12:0000ffff
   3526ns             349 0000030c fff74713 xori             x14, x14, -1        x14=00000000 x14:ffffffff
   3536ns             350 00000310 0ce7a623 sw               x14, 204(x15)       x14:00000000 x15:00030018  PA:000300e4
   3546ns             351 00000314 fed794e3 bne              x15, x13, -24       x15:00030018 x13:00030018
   3556ns             352 00000318 00000513 addi             x10, x0, 0          x10=00000000
   3566ns             353 0000031c 00008067 jalr             x0, x1, 0            x1:000001d8
   3586ns             355 000001d8 4400006f jal              x0, 1088           
   3606ns             357 00000618 ff010113 addi             x2, x2, -16          x2=000060c0  x2:000060d0
   3616ns             358 0000061c 00000593 addi             x11, x0, 0          x11=00000000
   3626ns             359 00000620 00812423 sw               x8, 8(x2)            x8:00000000  x2:000060c0  PA:000060c8
   3636ns             360 00000624 00112623 sw               x1, 12(x2)           x1:000001d8  x2:000060c0  PA:000060cc
   3646ns             361 00000628 00050413 addi             x8, x10, 0           x8=00000000 x10:00000000
   3656ns             362 0000062c 59c000ef jal              x1, 1436             x1=00000630
   3676ns             364 00000bc8 fd010113 addi             x2, x2, -48          x2=00006090  x2:000060c0
   3686ns             365 00000bcc 01412c23 sw               x20, 24(x2)         x20:00000000  x2:00006090  PA:000060a8
   3696ns             366 00000bd0 0301aa03 lw               x20, 48(x3)         x20=00003848  x3:00004048  PA:00004078
   3706ns             367 00000bd4 03212023 sw               x18, 32(x2)         x18:00000000  x2:00006090  PA:000060b0
   3716ns             368 00000bd8 02112623 sw               x1, 44(x2)           x1:00000630  x2:00006090  PA:000060bc
   3726ns             369 00000bdc 148a2903 lw               x18, 328(x20)       x18=00003994 x20:00003848  PA:00003990
   3736ns             370 00000be0 02812423 sw               x8, 40(x2)           x8:00000000  x2:00006090  PA:000060b8
   3746ns             371 00000be4 02912223 sw               x9, 36(x2)           x9:00000000  x2:00006090  PA:000060b4
   3756ns             372 00000be8 01312e23 sw               x19, 28(x2)         x19:00000000  x2:00006090  PA:000060ac
   3766ns             373 00000bec 01512a23 sw               x21, 20(x2)         x21:00000000  x2:00006090  PA:000060a4
   3776ns             374 00000bf0 01612823 sw               x22, 16(x2)         x22:00000000  x2:00006090  PA:000060a0
   3786ns             375 00000bf4 01712623 sw               x23, 12(x2)         x23:00000000  x2:00006090  PA:0000609c
   3796ns             376 00000bf8 01812423 sw               x24, 8(x2)          x24:00000000  x2:00006090  PA:00006098
   3806ns             377 00000bfc 04090063 beq              x18, x0, 64         x18:00003994
   3816ns             378 00000c00 00050b13 addi             x22, x10, 0         x22=00000000 x10:00000000
   3826ns             379 00000c04 00058b93 addi             x23, x11, 0         x23=00000000 x11:00000000
   3836ns             380 00000c08 00100a93 addi             x21, x0, 1          x21=00000001
   3846ns             381 00000c0c fff00993 addi             x19, x0, -1         x19=ffffffff
   3856ns             382 00000c10 00492483 lw               x9, 4(x18)           x9=00000001 x18:00003994  PA:00003998
   3876ns             384 00000c14 fff48413 addi             x8, x9, -1           x8=00000000  x9:00000001
   3886ns             385 00000c18 02044263 blt              x8, x0, 36           x8:00000000
   3896ns             386 00000c1c 00249493 slli             x9, x9, 0x2          x9=00000004  x9:00000001
   3906ns             387 00000c20 009904b3 add              x9, x18, x9          x9=00003998 x18:00003994  x9:00000004
   3916ns             388 00000c24 040b8463 beq              x23, x0, 72         x23:00000000
   3946ns             391 00000c6c 00492783 lw               x15, 4(x18)         x15=00000001 x18:00003994  PA:00003998
   3956ns             392 00000c70 0044a683 lw               x13, 4(x9)          x13=00000648  x9:00003998  PA:0000399c
   3966ns             393 00000c74 fff78793 addi             x15, x15, -1        x15=00000000 x15:00000001
   3976ns             394 00000c78 04878e63 beq              x15, x8, 92         x15:00000000  x8:00000000
   4006ns             397 00000cd4 00892223 sw               x8, 4(x18)           x8:00000000 x18:00003994  PA:00003998
   4016ns             398 00000cd8 fa9ff06f jal              x0, -88            
   4036ns             400 00000c80 fa0688e3 beq              x13, x0, -80        x13:00000648
   4046ns             401 00000c84 18892783 lw               x15, 392(x18)       x15=00000000 x18:00003994  PA:00003b1c
   4056ns             402 00000c88 008a9733 sll              x14, x21, x8        x14=00000001 x21:00000001  x8:00000000
   4066ns             403 00000c8c 00492c03 lw               x24, 4(x18)         x24=00000000 x18:00003994  PA:00003998
   4076ns             404 00000c90 00f777b3 and              x15, x14, x15       x15=00000000 x14:00000001 x15:00000000
   4086ns             405 00000c94 02079263 bne              x15, x0, 36         x15:00000000
   4096ns             406 00000c98 000680e7 jalr             x1, x13, 0           x1=00000c9c x13:00000648
   4116ns             408 00000648 ff010113 addi             x2, x2, -16          x2=00006080  x2:00006090
   4126ns             409 0000064c 00812423 sw               x8, 8(x2)            x8:00000000  x2:00006080  PA:00006088
   4136ns             410 00000650 000047b7 lui              x15, 0x4000         x15=00004000
   4146ns             411 00000654 00004437 lui              x8, 0x4000           x8=00004000
   4156ns             412 00000658 84840413 addi             x8, x8, -1976        x8=00003848  x8:00004000
   4166ns             413 0000065c 84878793 addi             x15, x15, -1976     x15=00003848 x15:00004000
   4176ns             414 00000660 408787b3 sub              x15, x15, x8        x15=00000000 x15:00003848  x8:00003848
   4186ns             415 00000664 00912223 sw               x9, 4(x2)            x9:00003998  x2:00006080  PA:00006084
   4196ns             416 00000668 00112623 sw               x1, 12(x2)           x1:00000c9c  x2:00006080  PA:0000608c
   4206ns             417 0000066c 4027d493 srai             x9, x15, 0x402       x9=00000000 x15:00000000
   4216ns             418 00000670 02048063 beq              x9, x0, 32           x9:00000000
   4246ns             421 00000690 00c12083 lw               x1, 12(x2)           x1=00000c9c  x2:00006080  PA:0000608c
   4256ns             422 00000694 00812403 lw               x8, 8(x2)            x8=00000000  x2:00006080  PA:00006088
   4266ns             423 00000698 00412483 lw               x9, 4(x2)            x9=00003998  x2:00006080  PA:00006084
   4276ns             424 0000069c 01010113 addi             x2, x2, 16           x2=00006090  x2:00006080
   4286ns             425 000006a0 00008067 jalr             x0, x1, 0            x1:00000c9c
   4306ns             427 00000c9c 00492703 lw               x14, 4(x18)         x14=00000000 x18:00003994  PA:00003998
   4316ns             428 00000ca0 148a2783 lw               x15, 328(x20)       x15=00003994 x20:00003848  PA:00003990
   4326ns             429 00000ca4 01871463 bne              x14, x24, 8         x14:00000000 x24:00000000
   4336ns             430 00000ca8 f92784e3 beq              x15, x18, -120      x15:00003994 x18:00003994
   4366ns             433 00000c30 fff40413 addi             x8, x8, -1           x8=ffffffff  x8:00000000
   4376ns             434 00000c34 ffc48493 addi             x9, x9, -4           x9=00003994  x9:00003998
   4386ns             435 00000c38 ff3416e3 bne              x8, x19, -20         x8:ffffffff x19:ffffffff
   4396ns             436 00000c3c 02c12083 lw               x1, 44(x2)           x1=00000630  x2:00006090  PA:000060bc
   4406ns             437 00000c40 02812403 lw               x8, 40(x2)           x8=00000000  x2:00006090  PA:000060b8
   4416ns             438 00000c44 02412483 lw               x9, 36(x2)           x9=00000000  x2:00006090  PA:000060b4
   4426ns             439 00000c48 02012903 lw               x18, 32(x2)         x18=00000000  x2:00006090  PA:000060b0
   4436ns             440 00000c4c 01c12983 lw               x19, 28(x2)         x19=00000000  x2:00006090  PA:000060ac
   4446ns             441 00000c50 01812a03 lw               x20, 24(x2)         x20=00000000  x2:00006090  PA:000060a8
   4456ns             442 00000c54 01412a83 lw               x21, 20(x2)         x21=00000000  x2:00006090  PA:000060a4
   4466ns             443 00000c58 01012b03 lw               x22, 16(x2)         x22=00000000  x2:00006090  PA:000060a0
   4476ns             444 00000c5c 00c12b83 lw               x23, 12(x2)         x23=00000000  x2:00006090  PA:0000609c
   4486ns             445 00000c60 00812c03 lw               x24, 8(x2)          x24=00000000  x2:00006090  PA:00006098
   4496ns             446 00000c64 03010113 addi             x2, x2, 48           x2=000060c0  x2:00006090
   4506ns             447 00000c68 00008067 jalr             x0, x1, 0            x1:00000630
   4526ns             449 00000630 0301a503 lw               x10, 48(x3)         x10=00003848  x3:00004048  PA:00004078
   4546ns             451 00000634 03c52783 lw               x15, 60(x10)        x15=00000000 x10:00003848  PA:00003884
   4566ns             453 00000638 00078463 beq              x15, x0, 8          x15:00000000
   4596ns             456 00000640 00040513 addi             x10, x8, 0          x10=00000000  x8:00000000
   4606ns             457 00000644 d7dff0ef jal              x1, -644             x1=00000648
   4626ns             459 000003c0 200007b7 lui              x15, 0x20000000     x15=20000000
