                Time          Cycles PC       Instr    Mnemonic
     96ns               6 00000180 00003197 auipc            x3, 0x3000           x3=00003180
    106ns               7 00000184 d9018193 addi             x3, x3, -624         x3=00002f10  x3:00003180
    116ns               8 00000188 00005117 auipc            x2, 0x5000           x2=00005188
    126ns               9 0000018c e0810113 addi             x2, x2, -504         x2=00004f90  x2:00005188
    136ns              10 00000190 00000517 auipc            x10, 0x0            x10=00000190
    146ns              11 00000194 e7050513 addi             x10, x10, -400      x10=00000000 x10:00000190
    156ns              12 00000198 30551073 csrrw            x0, x10, 0x305      x10:00000000
    166ns              13 0000019c 10000513 addi             x10, x0, 256        x10=00000100
    176ns              14 000001a0 7d151073 csrrw            x0, x10, 0x7d1      x10:00000100
    186ns              15 000001a4 04418513 addi             x10, x3, 68         x10=00002f54  x3:00002f10
    196ns              16 000001a8 07c18613 addi             x12, x3, 124        x12=00002f8c  x3:00002f10
    206ns              17 000001ac 40a60633 sub              x12, x12, x10       x12=00000038 x12:00002f8c x10:00002f54
    216ns              18 000001b0 00000593 addi             x11, x0, 0          x11=00000000
    226ns              19 000001b4 482000ef jal              x1, 1154             x1=000001b8
    246ns              21 00000636 00f00313 addi             x6, x0, 15           x6=0000000f
    256ns              22 00000638 00a00733 add              x14, x0, x10        x14=00002f54 x10:00002f54
    266ns              23 0000063a 02c37363 bgeu             x6, x12, 38          x6:0000000f x12:00000038
    276ns              24 0000063e 00f77793 andi             x15, x14, 15        x15=00000004 x14:00002f54
    286ns              25 00000642 06079f63 bne              x15, x0, 126        x15:00000004
    316ns              28 000006c0 00279693 slli             x13, x15, 0x2       x13=00000010 x15:00000004
    326ns              29 000006c4 00000297 auipc            x5, 0x0              x5=000006c4
    336ns              30 000006c8 005686b3 add              x13, x13, x5        x13=000006d4 x13:00000010  x5:000006c4
    346ns              31 000006ca 001002b3 add              x5, x0, x1           x5=000001b8  x1:000001b8
    356ns              32 000006cc fa8680e7 jalr             x1, x13, -88         x1=000006d0 x13:000006d4
    376ns              34 0000067c 00b705a3 sb               x11, 11(x14)        x11:00000000 x14:00002f54  PA:00002f5f
    386ns              35 00000680 00b70523 sb               x11, 10(x14)        x11:00000000 x14:00002f54  PA:00002f5e
    396ns              36 00000684 00b704a3 sb               x11, 9(x14)         x11:00000000 x14:00002f54  PA:00002f5d
    406ns              37 00000688 00b70423 sb               x11, 8(x14)         x11:00000000 x14:00002f54  PA:00002f5c
    416ns              38 0000068c 00b703a3 sb               x11, 7(x14)         x11:00000000 x14:00002f54  PA:00002f5b
    426ns              39 00000690 00b70323 sb               x11, 6(x14)         x11:00000000 x14:00002f54  PA:00002f5a
    436ns              40 00000694 00b702a3 sb               x11, 5(x14)         x11:00000000 x14:00002f54  PA:00002f59
    446ns              41 00000698 00b70223 sb               x11, 4(x14)         x11:00000000 x14:00002f54  PA:00002f58
    456ns              42 0000069c 00b701a3 sb               x11, 3(x14)         x11:00000000 x14:00002f54  PA:00002f57
    466ns              43 000006a0 00b70123 sb               x11, 2(x14)         x11:00000000 x14:00002f54  PA:00002f56
    476ns              44 000006a4 00b700a3 sb               x11, 1(x14)         x11:00000000 x14:00002f54  PA:00002f55
    486ns              45 000006a8 00b70023 sb               x11, 0(x14)         x11:00000000 x14:00002f54  PA:00002f54
    496ns              46 000006ac 00008067 jalr             x0, x1, 0            x1:000006d0
    516ns              48 000006d0 005000b3 add              x1, x0, x5           x1=000001b8  x5:000001b8
    526ns              49 000006d2 ff078793 addi             x15, x15, -16       x15=fffffff4 x15:00000004
    536ns              50 000006d4 40f70733 sub              x14, x14, x15       x14=00002f60 x14:00002f54 x15:fffffff4
    546ns              51 000006d6 00f60633 add              x12, x12, x15       x12=0000002c x12:00000038 x15:fffffff4
    556ns              52 000006d8 f8c374e3 bgeu             x6, x12, -120        x6:0000000f x12:0000002c
    566ns              53 000006dc f69ff06f jal              x0, -152           
    586ns              55 00000644 06059563 bne              x11, x0, 106        x11:00000000
    596ns              56 00000646 ff067693 andi             x13, x12, -16       x13=00000020 x12:0000002c
    606ns              57 0000064a 00f67613 andi             x12, x12, 15        x12=0000000c x12:0000002c
    616ns              58 0000064c 00e686b3 add              x13, x13, x14       x13=00002f80 x13:00000020 x14:00002f60
    626ns              59 0000064e 00b72023 sw               x11, 0(x14)         x11:00000000 x14:00002f60  PA:00002f60
    636ns              60 00000650 00b72223 sw               x11, 4(x14)         x11:00000000 x14:00002f60  PA:00002f64
    646ns              61 00000652 00b72423 sw               x11, 8(x14)         x11:00000000 x14:00002f60  PA:00002f68
    656ns              62 00000654 00b72623 sw               x11, 12(x14)        x11:00000000 x14:00002f60  PA:00002f6c
    666ns              63 00000656 01070713 addi             x14, x14, 16        x14=00002f70 x14:00002f60
    676ns              64 00000658 fed76be3 bltu             x14, x13, -10       x14:00002f70 x13:00002f80
    706ns              67 0000064e 00b72023 sw               x11, 0(x14)         x11:00000000 x14:00002f70  PA:00002f70
    716ns              68 00000650 00b72223 sw               x11, 4(x14)         x11:00000000 x14:00002f70  PA:00002f74
    726ns              69 00000652 00b72423 sw               x11, 8(x14)         x11:00000000 x14:00002f70  PA:00002f78
    736ns              70 00000654 00b72623 sw               x11, 12(x14)        x11:00000000 x14:00002f70  PA:00002f7c
    746ns              71 00000656 01070713 addi             x14, x14, 16        x14=00002f80 x14:00002f70
    756ns              72 00000658 fed76be3 bltu             x14, x13, -10       x14:00002f80 x13:00002f80
    766ns              73 0000065c 00061263 bne              x12, x0, 4          x12:0000000c
    796ns              76 00000660 40c306b3 sub              x13, x6, x12        x13=00000003  x6:0000000f x12:0000000c
    806ns              77 00000664 00269693 slli             x13, x13, 0x2       x13=0000000c x13:00000003
    816ns              78 00000666 00000297 auipc            x5, 0x0              x5=00000666
    826ns              79 0000066a 005686b3 add              x13, x13, x5        x13=00000672 x13:0000000c  x5:00000666
    846ns              81 0000066c 00a68067 jalr             x0, x13, 10         x13:00000672
    866ns              83 0000067c 00b705a3 sb               x11, 11(x14)        x11:00000000 x14:00002f80  PA:00002f8b
    876ns              84 00000680 00b70523 sb               x11, 10(x14)        x11:00000000 x14:00002f80  PA:00002f8a
    886ns              85 00000684 00b704a3 sb               x11, 9(x14)         x11:00000000 x14:00002f80  PA:00002f89
    896ns              86 00000688 00b70423 sb               x11, 8(x14)         x11:00000000 x14:00002f80  PA:00002f88
    906ns              87 0000068c 00b703a3 sb               x11, 7(x14)         x11:00000000 x14:00002f80  PA:00002f87
    916ns              88 00000690 00b70323 sb               x11, 6(x14)         x11:00000000 x14:00002f80  PA:00002f86
    926ns              89 00000694 00b702a3 sb               x11, 5(x14)         x11:00000000 x14:00002f80  PA:00002f85
    936ns              90 00000698 00b70223 sb               x11, 4(x14)         x11:00000000 x14:00002f80  PA:00002f84
    946ns              91 0000069c 00b701a3 sb               x11, 3(x14)         x11:00000000 x14:00002f80  PA:00002f83
    956ns              92 000006a0 00b70123 sb               x11, 2(x14)         x11:00000000 x14:00002f80  PA:00002f82
    966ns              93 000006a4 00b700a3 sb               x11, 1(x14)         x11:00000000 x14:00002f80  PA:00002f81
    976ns              94 000006a8 00b70023 sb               x11, 0(x14)         x11:00000000 x14:00002f80  PA:00002f80
    986ns              95 000006ac 00008067 jalr             x0, x1, 0            x1:000001b8
   1006ns              97 000001b8 00000517 auipc            x10, 0x0            x10=000001b8
   1016ns              98 000001bc 3e050513 addi             x10, x10, 992       x10=00000598 x10:000001b8
   1026ns              99 000001c0 3b4000ef jal              x1, 948              x1=000001c4
   1046ns             101 00000574 00a005b3 add              x11, x0, x10        x11=00000598 x10:00000598
   1056ns             102 00000576 00000693 addi             x13, x0, 0          x13=00000000
   1066ns             103 00000578 00000613 addi             x12, x0, 0          x12=00000000
   1076ns             104 0000057a 00000513 addi             x10, x0, 0          x10=00000000
   1086ns             105 0000057c 2fe0006f jal              x0, 766            
   1116ns             108 0000087a 0301a703 lw               x14, 48(x3)         x14=00002710  x3:00002f10  PA:00002f40
   1136ns             110 0000087e 14872783 lw               x15, 328(x14)       x15=00000000 x14:00002710  PA:00002858
   1156ns             112 00000882 04078063 beq              x15, x0, 64         x15:00000000
   1196ns             116 000008c2 14c70793 addi             x15, x14, 332       x15=0000285c x14:00002710
   1206ns             117 000008c6 14f72423 sw               x15, 328(x14)       x15:0000285c x14:00002710  PA:00002858
   1216ns             118 000008ca fbbff06f jal              x0, -70            
   1236ns             120 00000884 0047a703 lw               x14, 4(x15)         x14=00000000 x15:0000285c  PA:00002860
   1246ns             121 00000886 01f00813 addi             x16, x0, 31         x16=0000001f
   1256ns             122 00000888 04e84d63 blt              x16, x14, 90        x16:0000001f x14:00000000
   1266ns             123 0000088c 00271813 slli             x16, x14, 0x2       x16=00000000 x14:00000000
   1276ns             124 00000890 02050363 beq              x10, x0, 38         x10:00000000
   1306ns             127 000008b6 00170713 addi             x14, x14, 1         x14=00000001 x14:00000000
   1316ns             128 000008b8 00e7a223 sw               x14, 4(x15)         x14:00000001 x15:0000285c  PA:00002860
   1326ns             129 000008ba 010787b3 add              x15, x15, x16       x15=0000285c x15:0000285c x16:00000000
   1336ns             130 000008bc 00b7a423 sw               x11, 8(x15)         x11:00000598 x15:0000285c  PA:00002864
   1346ns             131 000008be 00000513 addi             x10, x0, 0          x10=00000000
   1356ns             132 000008c0 00008067 jalr             x0, x1, 0            x1:000001c4
   1376ns             134 000001c4 408000ef jal              x1, 1032             x1=000001c8
   1396ns             136 000005cc ff010113 addi             x2, x2, -16          x2=00004f80  x2:00004f90
   1406ns             137 000005ce 00812423 sw               x8, 8(x2)            x8:00000000  x2:00004f80  PA:00004f88
   1416ns             138 000005d0 01212023 sw               x18, 0(x2)          x18:00000000  x2:00004f80  PA:00004f80
   1426ns             139 000005d2 00002437 lui              x8, 0x2000           x8=00002000
   1436ns             140 000005d4 00002937 lui              x18, 0x2000         x18=00002000
   1446ns             141 000005d6 70a40793 addi             x15, x8, 1802       x15=0000270a  x8:00002000
   1456ns             142 000005da 70a90913 addi             x18, x18, 1802      x18=0000270a x18:00002000
   1466ns             143 000005de 40f90933 sub              x18, x18, x15       x18=00000000 x18:0000270a x15:0000270a
   1476ns             144 000005e2 00112623 sw               x1, 12(x2)           x1:000001c8  x2:00004f80  PA:00004f8c
   1486ns             145 000005e4 00912223 sw               x9, 4(x2)            x9:00000000  x2:00004f80  PA:00004f84
   1496ns             146 000005e6 40295913 srai             x18, x18, 0x402     x18=00000000 x18:00000000
   1506ns             147 000005ea 00090b63 beq              x18, x0, 22         x18:00000000
   1536ns             150 00000600 00002437 lui              x8, 0x2000           x8=00002000
   1546ns             151 00000602 00002937 lui              x18, 0x2000         x18=00002000
   1556ns             152 00000604 70c40793 addi             x15, x8, 1804       x15=0000270c  x8:00002000
   1566ns             153 00000608 71090913 addi             x18, x18, 1808      x18=00002710 x18:00002000
   1576ns             154 0000060c 40f90933 sub              x18, x18, x15       x18=00000004 x18:00002710 x15:0000270c
   1586ns             155 00000610 40295913 srai             x18, x18, 0x402     x18=00000001 x18:00000004
   1596ns             156 00000614 00090b63 beq              x18, x0, 22         x18:00000001
   1606ns             157 00000618 70c40413 addi             x8, x8, 1804         x8=0000270c  x8:00002000
   1616ns             158 0000061c 00000493 addi             x9, x0, 0            x9=00000000
   1626ns             159 0000061e 00042783 lw               x15, 0(x8)          x15=00000294  x8:0000270c  PA:0000270c
   1636ns             160 00000620 00148493 addi             x9, x9, 1            x9=00000001  x9:00000000
   1646ns             161 00000622 00440413 addi             x8, x8, 4            x8=00002710  x8:0000270c
   1656ns             162 00000624 000780e7 jalr             x1, x15, 0           x1=00000626 x15:00000294
   1676ns             164 00000294 00000793 addi             x15, x0, 0          x15=00000000
   1686ns             165 00000298 00078463 beq              x15, x0, 8          x15:00000000
   1716ns             168 000002a0 00008067 jalr             x0, x1, 0            x1:00000626
   1746ns             171 00000626 fe991ce3 bne              x18, x9, -8         x18:00000001  x9:00000001
   1756ns             172 0000062a 00c12083 lw               x1, 12(x2)           x1=000001c8  x2:00004f80  PA:00004f8c
   1766ns             173 0000062c 00812403 lw               x8, 8(x2)            x8=00000000  x2:00004f80  PA:00004f88
   1776ns             174 0000062e 00412483 lw               x9, 4(x2)            x9=00000000  x2:00004f80  PA:00004f84
   1786ns             175 00000630 00012903 lw               x18, 0(x2)          x18=00000000  x2:00004f80  PA:00004f80
   1796ns             176 00000632 01010113 addi             x2, x2, 16           x2=00004f90  x2:00004f80
   1806ns             177 00000634 00008067 jalr             x0, x1, 0            x1:000001c8
   1826ns             179 000001c8 00012503 lw               x10, 0(x2)          x10=xxxxxxxx  x2:00004f90  PA:00004f90
   1836ns             180 000001cc 00410593 addi             x11, x2, 4          x11=00004f94  x2:00004f90
   1846ns             181 000001d0 00000613 addi             x12, x0, 0          x12=00000000
   1856ns             182 000001d4 00c000ef jal              x1, 12               x1=000001d8
   1876ns             184 000001e0 000076b7 lui              x13, 0x7000         x13=00007000
   1886ns             185 000001e4 000307b7 lui              x15, 0x30000        x15=00030000
   1896ns             186 000001e8 93668693 addi             x13, x13, -1738     x13=00006936 x13:00007000
   1906ns             187 000001ec 00d7a423 sw               x13, 8(x15)         x13:00006936 x15:00030000  PA:00030008
   1916ns             188 000001f0 0000a6b7 lui              x13, 0xa000         x13=0000a000
   1926ns             189 000001f4 dd168693 addi             x13, x13, -559      x13=00009dd1 x13:0000a000
   1936ns             190 000001f8 00003737 lui              x14, 0x3000         x14=00003000
   1946ns             191 000001fc 49b70713 addi             x14, x14, 1179      x14=0000349b x14:00003000
   1956ns             192 00000200 00d7a623 sw               x13, 12(x15)        x13:00009dd1 x15:00030000  PA:0003000c
   1966ns             193 00000204 0000d6b7 lui              x13, 0xd000         x13=0000d000
   1976ns             194 00000208 00e7a223 sw               x14, 4(x15)         x14:0000349b x15:00030000  PA:00030004
   1986ns             195 0000020c 26c68693 addi             x13, x13, 620       x13=0000d26c x13:0000d000
   1996ns             196 00000210 76870713 addi             x14, x14, 1896      x14=00003c03 x14:0000349b
   2006ns             197 00000214 04e7a023 sw               x14, 64(x15)        x14:00003c03 x15:00030000  PA:00030040
   2016ns             198 00000218 0007a023 sw               x0, 0(x15)          x15:00030000  PA:00030000
   2026ns             199 0000021c 00d7a823 sw               x13, 16(x15)        x13:0000d26c x15:00030000  PA:00030010
   2036ns             200 00000220 00020637 lui              x12, 0x20000        x12=00020000
   2046ns             201 00000224 0f100713 addi             x14, x0, 241        x14=000000f1
   2056ns             202 00000228 00500693 addi             x13, x0, 5          x13=00000005
   2066ns             203 0000022c ffc636bb sw_active_or     Nx13 -4(x12)        x12:00020000 x13:00000005  PA:0001fffc
   2076ns             204 00000230 00e7a023 sw               x14, 0(x15)         x14:000000f1 x15:00030000  PA:00030000
   2086ns             205 00000234 ffc6303b sw_active_or     Nx0 -4(x12)         x12:00020000  PA:0001fffc
   2096ns             206 00000238 04e7a023 sw               x14, 64(x15)        x14:000000f1 x15:00030000  PA:00030040
   2106ns             207 0000023c ffc6203b sw_active_and    Nx0 -4(x12)         x12:00020000  PA:0001fffc
   2116ns             208 00000240 08f00713 addi             x14, x0, 143        x14=0000008f
   2126ns             209 00000244 20e7a71b lw_mask          x14, x14, 16(x15)   x14=0000008d x14:0000008f x15:00030000  PA:00030010
   2146ns             211 00000248 04e7a023 sw               x14, 64(x15)        x14:0000008d x15:00030000  PA:00030040
   2156ns             212 0000024c ffc626bb sw_active_and    Nx13 -4(x12)        x12:00020000 x13:00000005  PA:0001fffc
   2166ns             213 00000250 00e7a023 sw               x14, 0(x15)         x14:0000008d x15:00030000  PA:00030000
   2176ns             214 00000254 ffc6103b sw_active_xor    Nx0 -4(x12)         x12:00020000  PA:0001fffc
   2186ns             215 00000258 0f000713 addi             x14, x0, 240        x14=000000f0
   2196ns             216 0000025c 18e7a71b lw_mask          x14, x14, 12(x15)   x14=00000071 x14:000000f0 x15:00030000  PA:0003000c
   2216ns             218 00000260 04e7a023 sw               x14, 64(x15)        x14:00000071 x15:00030000  PA:00030040
   2226ns             219 00000264 ffc616bb sw_active_xor    Nx13 -4(x12)        x12:00020000 x13:00000005  PA:0001fffc
   2236ns             220 00000268 00e7a023 sw               x14, 0(x15)         x14:00000071 x15:00030000  PA:00030000
   2246ns             221 0000026c fff00693 addi             x13, x0, -1         x13=ffffffff
   2256ns             222 00000270 ffc6103b sw_active_xor    Nx0 -4(x12)         x12:00020000  PA:0001fffc
   2266ns             223 00000274 10d7a71b lw_mask          x14, x13, 8(x15)    x14=ffffff0b x13:ffffffff x15:00030000  PA:00030008
   2276ns             224 00000278 04078793 addi             x15, x15, 64        x15=00030040 x15:00030000
   2286ns             225 0000027c 00d7a59b lw_mask          x11, x13, 0(x15)    x11=ffffff0f x13:ffffffff x15:00030040  PA:00030040
   2306ns             227 00000280 00b705b3 add              x11, x14, x11       x11=fffffe1a x14:ffffff0b x11:ffffff0f
   2316ns             228 00000284 ffc6003b sw_active_none   Nx0 -4(x12)         x12:00020000  PA:0001fffc
   2326ns             229 00000288 04b7a023 sw               x11, 64(x15)        x11:fffffe1a x15:00030040  PA:00030080
   2336ns             230 0000028c 00000513 addi             x10, x0, 0          x10=00000000
   2346ns             231 00000290 00008067 jalr             x0, x1, 0            x1:000001d8
   2366ns             233 000001d8 3a60006f jal              x0, 934            
   2386ns             235 0000057e ff010113 addi             x2, x2, -16          x2=00004f80  x2:00004f90
   2396ns             236 00000580 00000593 addi             x11, x0, 0          x11=00000000
   2406ns             237 00000582 00812423 sw               x8, 8(x2)            x8:00000000  x2:00004f80  PA:00004f88
   2416ns             238 00000584 00112623 sw               x1, 12(x2)           x1:000001d8  x2:00004f80  PA:00004f8c
   2426ns             239 00000586 00a00433 add              x8, x0, x10          x8=00000000 x10:00000000
   2436ns             240 00000588 35e000ef jal              x1, 862              x1=0000058a
   2456ns             242 000008e6 fd010113 addi             x2, x2, -48          x2=00004f50  x2:00004f80
   2466ns             243 000008e8 01412c23 sw               x20, 24(x2)         x20:00000000  x2:00004f50  PA:00004f68
   2476ns             244 000008ea 0301aa03 lw               x20, 48(x3)         x20=00002710  x3:00002f10  PA:00002f40
   2486ns             245 000008ee 03212023 sw               x18, 32(x2)         x18:00000000  x2:00004f50  PA:00004f70
   2496ns             246 000008f0 02112623 sw               x1, 44(x2)           x1:0000058a  x2:00004f50  PA:00004f7c
   2506ns             247 000008f2 148a2903 lw               x18, 328(x20)       x18=0000285c x20:00002710  PA:00002858
   2516ns             248 000008f6 02812423 sw               x8, 40(x2)           x8:00000000  x2:00004f50  PA:00004f78
   2526ns             249 000008f8 02912223 sw               x9, 36(x2)           x9:00000000  x2:00004f50  PA:00004f74
   2536ns             250 000008fa 01312e23 sw               x19, 28(x2)         x19:00000000  x2:00004f50  PA:00004f6c
   2546ns             251 000008fc 01512a23 sw               x21, 20(x2)         x21:00000000  x2:00004f50  PA:00004f64
   2556ns             252 000008fe 01612823 sw               x22, 16(x2)         x22:00000000  x2:00004f50  PA:00004f60
   2566ns             253 00000900 01712623 sw               x23, 12(x2)         x23:00000000  x2:00004f50  PA:00004f5c
   2576ns             254 00000902 01812423 sw               x24, 8(x2)          x24:00000000  x2:00004f50  PA:00004f58
   2586ns             255 00000904 02090863 beq              x18, x0, 48         x18:0000285c
   2596ns             256 00000908 00a00b33 add              x22, x0, x10        x22=00000000 x10:00000000
   2606ns             257 0000090a 00b00bb3 add              x23, x0, x11        x23=00000000 x11:00000000
   2616ns             258 0000090c 00100a93 addi             x21, x0, 1          x21=00000001
   2626ns             259 0000090e fff00993 addi             x19, x0, -1         x19=ffffffff
   2636ns             260 00000910 00492483 lw               x9, 4(x18)           x9=00000001 x18:0000285c  PA:00002860
   2656ns             262 00000914 fff48413 addi             x8, x9, -1           x8=00000000  x9:00000001
   2666ns             263 00000918 00044e63 blt              x8, x0, 28           x8:00000000
   2676ns             264 0000091c 00249493 slli             x9, x9, 0x2          x9=00000004  x9:00000001
   2686ns             265 0000091e 012484b3 add              x9, x9, x18          x9=00002860  x9:00000004 x18:0000285c
   2696ns             266 00000920 020b8663 beq              x23, x0, 44         x23:00000000
   2726ns             269 0000094c 00492783 lw               x15, 4(x18)         x15=00000001 x18:0000285c  PA:00002860
   2736ns             270 00000950 0044a683 lw               x13, 4(x9)          x13=00000598  x9:00002860  PA:00002864
   2746ns             271 00000952 fff78793 addi             x15, x15, -1        x15=00000000 x15:00000001
   2756ns             272 00000954 04878263 beq              x15, x8, 68         x15:00000000  x8:00000000
   2786ns             275 00000998 00892223 sw               x8, 4(x18)           x8:00000000 x18:0000285c  PA:00002860
   2796ns             276 0000099c fc1ff06f jal              x0, -64            
   2816ns             278 0000095c fc0688e3 beq              x13, x0, -48        x13:00000598
   2826ns             279 0000095e 18892783 lw               x15, 392(x18)       x15=00000000 x18:0000285c  PA:000029e4
   2836ns             280 00000962 008a9733 sll              x14, x21, x8        x14=00000001 x21:00000001  x8:00000000
   2846ns             281 00000966 00492c03 lw               x24, 4(x18)         x24=00000000 x18:0000285c  PA:00002860
   2856ns             282 0000096a 00e7f7b3 and              x15, x15, x14       x15=00000000 x15:00000000 x14:00000001
   2866ns             283 0000096c 00079d63 bne              x15, x0, 26         x15:00000000
   2876ns             284 0000096e 000680e7 jalr             x1, x13, 0           x1=00000970 x13:00000598
   2896ns             286 00000598 ff010113 addi             x2, x2, -16          x2=00004f40  x2:00004f50
   2906ns             287 0000059a 00812423 sw               x8, 8(x2)            x8:00000000  x2:00004f40  PA:00004f48
   2916ns             288 0000059c 000027b7 lui              x15, 0x2000         x15=00002000
   2926ns             289 0000059e 00002437 lui              x8, 0x2000           x8=00002000
   2936ns             290 000005a0 71040413 addi             x8, x8, 1808         x8=00002710  x8:00002000
   2946ns             291 000005a4 71078793 addi             x15, x15, 1808      x15=00002710 x15:00002000
   2956ns             292 000005a8 408787b3 sub              x15, x15, x8        x15=00000000 x15:00002710  x8:00002710
   2966ns             293 000005aa 00912223 sw               x9, 4(x2)            x9:00002860  x2:00004f40  PA:00004f44
   2976ns             294 000005ac 00112623 sw               x1, 12(x2)           x1:00000970  x2:00004f40  PA:00004f4c
   2986ns             295 000005ae 4027d493 srai             x9, x15, 0x402       x9=00000000 x15:00000000
   2996ns             296 000005b2 00048863 beq              x9, x0, 16           x9:00000000
   3026ns             299 000005c2 00c12083 lw               x1, 12(x2)           x1=00000970  x2:00004f40  PA:00004f4c
   3036ns             300 000005c4 00812403 lw               x8, 8(x2)            x8=00000000  x2:00004f40  PA:00004f48
   3046ns             301 000005c6 00412483 lw               x9, 4(x2)            x9=00002860  x2:00004f40  PA:00004f44
   3056ns             302 000005c8 01010113 addi             x2, x2, 16           x2=00004f50  x2:00004f40
   3066ns             303 000005ca 00008067 jalr             x0, x1, 0            x1:00000970
   3086ns             305 00000970 00492703 lw               x14, 4(x18)         x14=00000000 x18:0000285c  PA:00002860
   3096ns             306 00000974 148a2783 lw               x15, 328(x20)       x15=0000285c x20:00002710  PA:00002858
   3106ns             307 00000978 01871463 bne              x14, x24, 8         x14:00000000 x24:00000000
   3116ns             308 0000097c faf908e3 beq              x18, x15, -80       x18:0000285c x15:0000285c
   3146ns             311 0000092c fff40413 addi             x8, x8, -1           x8=ffffffff  x8:00000000
   3156ns             312 0000092e ffc48493 addi             x9, x9, -4           x9=0000285c  x9:00002860
   3166ns             313 00000930 ff3418e3 bne              x8, x19, -16         x8:ffffffff x19:ffffffff
   3176ns             314 00000934 02c12083 lw               x1, 44(x2)           x1=0000058a  x2:00004f50  PA:00004f7c
   3186ns             315 00000936 02812403 lw               x8, 40(x2)           x8=00000000  x2:00004f50  PA:00004f78
   3196ns             316 00000938 02412483 lw               x9, 36(x2)           x9=00000000  x2:00004f50  PA:00004f74
   3206ns             317 0000093a 02012903 lw               x18, 32(x2)         x18=00000000  x2:00004f50  PA:00004f70
   3216ns             318 0000093c 01c12983 lw               x19, 28(x2)         x19=00000000  x2:00004f50  PA:00004f6c
   3226ns             319 0000093e 01812a03 lw               x20, 24(x2)         x20=00000000  x2:00004f50  PA:00004f68
   3236ns             320 00000940 01412a83 lw               x21, 20(x2)         x21=00000000  x2:00004f50  PA:00004f64
   3246ns             321 00000942 01012b03 lw               x22, 16(x2)         x22=00000000  x2:00004f50  PA:00004f60
   3256ns             322 00000944 00c12b83 lw               x23, 12(x2)         x23=00000000  x2:00004f50  PA:00004f5c
   3266ns             323 00000946 00812c03 lw               x24, 8(x2)          x24=00000000  x2:00004f50  PA:00004f58
   3276ns             324 00000948 03010113 addi             x2, x2, 48           x2=00004f80  x2:00004f50
   3286ns             325 0000094a 00008067 jalr             x0, x1, 0            x1:0000058a
   3316ns             328 0000058a 0301a503 lw               x10, 48(x3)         x10=00002710  x3:00002f10  PA:00002f40
   3336ns             330 0000058e 03c52783 lw               x15, 60(x10)        x15=00000000 x10:00002710  PA:0000274c
   3356ns             332 00000590 00078263 beq              x15, x0, 4          x15:00000000
   3386ns             335 00000594 00800533 add              x10, x0, x8         x10=00000000  x8:00000000
   3396ns             336 00000596 d9bff0ef jal              x1, -614             x1=00000598
   3416ns             338 00000330 200007b7 lui              x15, 0x20000000     x15=20000000
