                Time          Cycles PC       Instr    Mnemonic
     96ns               6 00000180 00003197 auipc            x3, 0x3000           x3=00003180
    106ns               7 00000184 d9018193 addi             x3, x3, -624         x3=00002f10  x3:00003180
    116ns               8 00000188 00005117 auipc            x2, 0x5000           x2=00005188
    126ns               9 0000018c e0810113 addi             x2, x2, -504         x2=00004f90  x2:00005188
    136ns              10 00000190 00000517 auipc            x10, 0x0            x10=00000190
    146ns              11 00000194 e7050513 addi             x10, x10, -400      x10=00000000 x10:00000190
    156ns              12 00000198 30551073 csrrw            x0, x10, 0x305      x10:00000000
    166ns              13 0000019c 10000513 addi             x10, x0, 256        x10=00000100
    176ns              14 000001a0 7d151073 csrrw            x0, x10, 0x7d1      x10:00000100
    186ns              15 000001a4 04418513 addi             x10, x3, 68         x10=00002f54  x3:00002f10
    196ns              16 000001a8 07c18613 addi             x12, x3, 124        x12=00002f8c  x3:00002f10
    206ns              17 000001ac 40a60633 sub              x12, x12, x10       x12=00000038 x12:00002f8c x10:00002f54
    216ns              18 000001b0 00000593 addi             x11, x0, 0          x11=00000000
    226ns              19 000001b4 482000ef jal              x1, 1154             x1=000001b8
    246ns              21 00000636 00f00313 addi             x6, x0, 15           x6=0000000f
    256ns              22 00000638 00a00733 add              x14, x0, x10        x14=00002f54 x10:00002f54
    266ns              23 0000063a 02c37363 bgeu             x6, x12, 38          x6:0000000f x12:00000038
    276ns              24 0000063e 00f77793 andi             x15, x14, 15        x15=00000004 x14:00002f54
    286ns              25 00000642 06079f63 bne              x15, x0, 126        x15:00000004
    316ns              28 000006c0 00279693 slli             x13, x15, 0x2       x13=00000010 x15:00000004
    326ns              29 000006c4 00000297 auipc            x5, 0x0              x5=000006c4
    336ns              30 000006c8 005686b3 add              x13, x13, x5        x13=000006d4 x13:00000010  x5:000006c4
    346ns              31 000006ca 001002b3 add              x5, x0, x1           x5=000001b8  x1:000001b8
    356ns              32 000006cc fa8680e7 jalr             x1, x13, -88         x1=000006d0 x13:000006d4
    376ns              34 0000067c 00b705a3 sb               x11, 11(x14)        x11:00000000 x14:00002f54  PA:00002f5f
    386ns              35 00000680 00b70523 sb               x11, 10(x14)        x11:00000000 x14:00002f54  PA:00002f5e
    396ns              36 00000684 00b704a3 sb               x11, 9(x14)         x11:00000000 x14:00002f54  PA:00002f5d
    406ns              37 00000688 00b70423 sb               x11, 8(x14)         x11:00000000 x14:00002f54  PA:00002f5c
    416ns              38 0000068c 00b703a3 sb               x11, 7(x14)         x11:00000000 x14:00002f54  PA:00002f5b
    426ns              39 00000690 00b70323 sb               x11, 6(x14)         x11:00000000 x14:00002f54  PA:00002f5a
    436ns              40 00000694 00b702a3 sb               x11, 5(x14)         x11:00000000 x14:00002f54  PA:00002f59
    446ns              41 00000698 00b70223 sb               x11, 4(x14)         x11:00000000 x14:00002f54  PA:00002f58
    456ns              42 0000069c 00b701a3 sb               x11, 3(x14)         x11:00000000 x14:00002f54  PA:00002f57
    466ns              43 000006a0 00b70123 sb               x11, 2(x14)         x11:00000000 x14:00002f54  PA:00002f56
    476ns              44 000006a4 00b700a3 sb               x11, 1(x14)         x11:00000000 x14:00002f54  PA:00002f55
    486ns              45 000006a8 00b70023 sb               x11, 0(x14)         x11:00000000 x14:00002f54  PA:00002f54
    496ns              46 000006ac 00008067 jalr             x0, x1, 0            x1:000006d0
    516ns              48 000006d0 005000b3 add              x1, x0, x5           x1=000001b8  x5:000001b8
    526ns              49 000006d2 ff078793 addi             x15, x15, -16       x15=fffffff4 x15:00000004
    536ns              50 000006d4 40f70733 sub              x14, x14, x15       x14=00002f60 x14:00002f54 x15:fffffff4
    546ns              51 000006d6 00f60633 add              x12, x12, x15       x12=0000002c x12:00000038 x15:fffffff4
    556ns              52 000006d8 f8c374e3 bgeu             x6, x12, -120        x6:0000000f x12:0000002c
    566ns              53 000006dc f69ff06f jal              x0, -152           
    586ns              55 00000644 06059563 bne              x11, x0, 106        x11:00000000
    596ns              56 00000646 ff067693 andi             x13, x12, -16       x13=00000020 x12:0000002c
    606ns              57 0000064a 00f67613 andi             x12, x12, 15        x12=0000000c x12:0000002c
    616ns              58 0000064c 00e686b3 add              x13, x13, x14       x13=00002f80 x13:00000020 x14:00002f60
    626ns              59 0000064e 00b72023 sw               x11, 0(x14)         x11:00000000 x14:00002f60  PA:00002f60
    636ns              60 00000650 00b72223 sw               x11, 4(x14)         x11:00000000 x14:00002f60  PA:00002f64
    646ns              61 00000652 00b72423 sw               x11, 8(x14)         x11:00000000 x14:00002f60  PA:00002f68
    656ns              62 00000654 00b72623 sw               x11, 12(x14)        x11:00000000 x14:00002f60  PA:00002f6c
    666ns              63 00000656 01070713 addi             x14, x14, 16        x14=00002f70 x14:00002f60
    676ns              64 00000658 fed76be3 bltu             x14, x13, -10       x14:00002f70 x13:00002f80
    706ns              67 0000064e 00b72023 sw               x11, 0(x14)         x11:00000000 x14:00002f70  PA:00002f70
    716ns              68 00000650 00b72223 sw               x11, 4(x14)         x11:00000000 x14:00002f70  PA:00002f74
    726ns              69 00000652 00b72423 sw               x11, 8(x14)         x11:00000000 x14:00002f70  PA:00002f78
    736ns              70 00000654 00b72623 sw               x11, 12(x14)        x11:00000000 x14:00002f70  PA:00002f7c
    746ns              71 00000656 01070713 addi             x14, x14, 16        x14=00002f80 x14:00002f70
    756ns              72 00000658 fed76be3 bltu             x14, x13, -10       x14:00002f80 x13:00002f80
    766ns              73 0000065c 00061263 bne              x12, x0, 4          x12:0000000c
    796ns              76 00000660 40c306b3 sub              x13, x6, x12        x13=00000003  x6:0000000f x12:0000000c
    806ns              77 00000664 00269693 slli             x13, x13, 0x2       x13=0000000c x13:00000003
    816ns              78 00000666 00000297 auipc            x5, 0x0              x5=00000666
    826ns              79 0000066a 005686b3 add              x13, x13, x5        x13=00000672 x13:0000000c  x5:00000666
    846ns              81 0000066c 00a68067 jalr             x0, x13, 10         x13:00000672
    866ns              83 0000067c 00b705a3 sb               x11, 11(x14)        x11:00000000 x14:00002f80  PA:00002f8b
    876ns              84 00000680 00b70523 sb               x11, 10(x14)        x11:00000000 x14:00002f80  PA:00002f8a
    886ns              85 00000684 00b704a3 sb               x11, 9(x14)         x11:00000000 x14:00002f80  PA:00002f89
    896ns              86 00000688 00b70423 sb               x11, 8(x14)         x11:00000000 x14:00002f80  PA:00002f88
    906ns              87 0000068c 00b703a3 sb               x11, 7(x14)         x11:00000000 x14:00002f80  PA:00002f87
    916ns              88 00000690 00b70323 sb               x11, 6(x14)         x11:00000000 x14:00002f80  PA:00002f86
    926ns              89 00000694 00b702a3 sb               x11, 5(x14)         x11:00000000 x14:00002f80  PA:00002f85
    936ns              90 00000698 00b70223 sb               x11, 4(x14)         x11:00000000 x14:00002f80  PA:00002f84
    946ns              91 0000069c 00b701a3 sb               x11, 3(x14)         x11:00000000 x14:00002f80  PA:00002f83
    956ns              92 000006a0 00b70123 sb               x11, 2(x14)         x11:00000000 x14:00002f80  PA:00002f82
    966ns              93 000006a4 00b700a3 sb               x11, 1(x14)         x11:00000000 x14:00002f80  PA:00002f81
    976ns              94 000006a8 00b70023 sb               x11, 0(x14)         x11:00000000 x14:00002f80  PA:00002f80
    986ns              95 000006ac 00008067 jalr             x0, x1, 0            x1:000001b8
   1006ns              97 000001b8 00000517 auipc            x10, 0x0            x10=000001b8
   1016ns              98 000001bc 3e050513 addi             x10, x10, 992       x10=00000598 x10:000001b8
   1026ns              99 000001c0 3b4000ef jal              x1, 948              x1=000001c4
   1046ns             101 00000574 00a005b3 add              x11, x0, x10        x11=00000598 x10:00000598
   1056ns             102 00000576 00000693 addi             x13, x0, 0          x13=00000000
   1066ns             103 00000578 00000613 addi             x12, x0, 0          x12=00000000
   1076ns             104 0000057a 00000513 addi             x10, x0, 0          x10=00000000
   1086ns             105 0000057c 2fe0006f jal              x0, 766            
   1116ns             108 0000087a 0301a703 lw               x14, 48(x3)         x14=0301a503  x3:00002f10  PA:00002f40
