                Time          Cycles PC       Instr    Mnemonic
     96ns               6 00000180 00004197 auipc            x3, 0x4000           x3=00004180
    106ns               7 00000184 e7818193 addi             x3, x3, -392         x3=00003ff8  x3:00004180
    116ns               8 00000188 00006117 auipc            x2, 0x6000           x2=00006188
    126ns               9 0000018c ef810113 addi             x2, x2, -264         x2=00006080  x2:00006188
    136ns              10 00000190 00000517 auipc            x10, 0x0            x10=00000190
    146ns              11 00000194 e7050513 addi             x10, x10, -400      x10=00000000 x10:00000190
    156ns              12 00000198 30551073 csrrw            x0, x10, 0x305      x10:00000000
    166ns              13 0000019c 10000513 addi             x10, x0, 256        x10=00000100
    176ns              14 000001a0 7d151073 csrrw            x0, x10, 0x7d1      x10:00000100
    186ns              15 000001a4 04418513 addi             x10, x3, 68         x10=0000403c  x3:00003ff8
    196ns              16 000001a8 07c18613 addi             x12, x3, 124        x12=00004074  x3:00003ff8
    206ns              17 000001ac 40a60633 sub              x12, x12, x10       x12=00000038 x12:00004074 x10:0000403c
    216ns              18 000001b0 00000593 addi             x11, x0, 0          x11=00000000
    226ns              19 000001b4 538000ef jal              x1, 1336             x1=000001b8
    246ns              21 000006ec 00f00313 addi             x6, x0, 15           x6=0000000f
    256ns              22 000006f0 00050713 addi             x14, x10, 0         x14=0000403c x10:0000403c
    266ns              23 000006f4 02c37e63 bgeu             x6, x12, 60          x6:0000000f x12:00000038
    276ns              24 000006f8 00f77793 andi             x15, x14, 15        x15=0000000c x14:0000403c
    286ns              25 000006fc 0a079063 bne              x15, x0, 160        x15:0000000c
    316ns              28 0000079c 00279693 slli             x13, x15, 0x2       x13=00000030 x15:0000000c
    326ns              29 000007a0 00000297 auipc            x5, 0x0              x5=000007a0
    336ns              30 000007a4 005686b3 add              x13, x13, x5        x13=000007d0 x13:00000030  x5:000007a0
    346ns              31 000007a8 00008293 addi             x5, x1, 0            x5=000001b8  x1:000001b8
    356ns              32 000007ac fa0680e7 jalr             x1, x13, -96         x1=000007b0 x13:000007d0
    376ns              34 00000770 00b701a3 sb               x11, 3(x14)         x11:00000000 x14:0000403c  PA:0000403f
    386ns              35 00000774 00b70123 sb               x11, 2(x14)         x11:00000000 x14:0000403c  PA:0000403e
    396ns              36 00000778 00b700a3 sb               x11, 1(x14)         x11:00000000 x14:0000403c  PA:0000403d
    406ns              37 0000077c 00b70023 sb               x11, 0(x14)         x11:00000000 x14:0000403c  PA:0000403c
    416ns              38 00000780 00008067 jalr             x0, x1, 0            x1:000007b0
    436ns              40 000007b0 00028093 addi             x1, x5, 0            x1=000001b8  x5:000001b8
    446ns              41 000007b4 ff078793 addi             x15, x15, -16       x15=fffffffc x15:0000000c
    456ns              42 000007b8 40f70733 sub              x14, x14, x15       x14=00004040 x14:0000403c x15:fffffffc
    466ns              43 000007bc 00f60633 add              x12, x12, x15       x12=00000034 x12:00000038 x15:fffffffc
    476ns              44 000007c0 f6c378e3 bgeu             x6, x12, -144        x6:0000000f x12:00000034
    486ns              45 000007c4 f3dff06f jal              x0, -196           
    506ns              47 00000700 08059263 bne              x11, x0, 132        x11:00000000
    516ns              48 00000704 ff067693 andi             x13, x12, -16       x13=00000030 x12:00000034
    526ns              49 00000708 00f67613 andi             x12, x12, 15        x12=00000004 x12:00000034
    536ns              50 0000070c 00e686b3 add              x13, x13, x14       x13=00004070 x13:00000030 x14:00004040
    546ns              51 00000710 00b72023 sw               x11, 0(x14)         x11:00000000 x14:00004040  PA:00004040
    556ns              52 00000714 00b72223 sw               x11, 4(x14)         x11:00000000 x14:00004040  PA:00004044
    566ns              53 00000718 00b72423 sw               x11, 8(x14)         x11:00000000 x14:00004040  PA:00004048
    576ns              54 0000071c 00b72623 sw               x11, 12(x14)        x11:00000000 x14:00004040  PA:0000404c
    586ns              55 00000720 01070713 addi             x14, x14, 16        x14=00004050 x14:00004040
    596ns              56 00000724 fed766e3 bltu             x14, x13, -20       x14:00004050 x13:00004070
    626ns              59 00000710 00b72023 sw               x11, 0(x14)         x11:00000000 x14:00004050  PA:00004050
    636ns              60 00000714 00b72223 sw               x11, 4(x14)         x11:00000000 x14:00004050  PA:00004054
    646ns              61 00000718 00b72423 sw               x11, 8(x14)         x11:00000000 x14:00004050  PA:00004058
    656ns              62 0000071c 00b72623 sw               x11, 12(x14)        x11:00000000 x14:00004050  PA:0000405c
    666ns              63 00000720 01070713 addi             x14, x14, 16        x14=00004060 x14:00004050
    676ns              64 00000724 fed766e3 bltu             x14, x13, -20       x14:00004060 x13:00004070
    706ns              67 00000710 00b72023 sw               x11, 0(x14)         x11:00000000 x14:00004060  PA:00004060
    716ns              68 00000714 00b72223 sw               x11, 4(x14)         x11:00000000 x14:00004060  PA:00004064
    726ns              69 00000718 00b72423 sw               x11, 8(x14)         x11:00000000 x14:00004060  PA:00004068
    736ns              70 0000071c 00b72623 sw               x11, 12(x14)        x11:00000000 x14:00004060  PA:0000406c
    746ns              71 00000720 01070713 addi             x14, x14, 16        x14=00004070 x14:00004060
    756ns              72 00000724 fed766e3 bltu             x14, x13, -20       x14:00004070 x13:00004070
    766ns              73 00000728 00061463 bne              x12, x0, 8          x12:00000004
    796ns              76 00000730 40c306b3 sub              x13, x6, x12        x13=0000000b  x6:0000000f x12:00000004
    806ns              77 00000734 00269693 slli             x13, x13, 0x2       x13=0000002c x13:0000000b
    816ns              78 00000738 00000297 auipc            x5, 0x0              x5=00000738
    826ns              79 0000073c 005686b3 add              x13, x13, x5        x13=00000764 x13:0000002c  x5:00000738
    846ns              81 00000740 00c68067 jalr             x0, x13, 12         x13:00000764
    866ns              83 00000770 00b701a3 sb               x11, 3(x14)         x11:00000000 x14:00004070  PA:00004073
    876ns              84 00000774 00b70123 sb               x11, 2(x14)         x11:00000000 x14:00004070  PA:00004072
    886ns              85 00000778 00b700a3 sb               x11, 1(x14)         x11:00000000 x14:00004070  PA:00004071
    896ns              86 0000077c 00b70023 sb               x11, 0(x14)         x11:00000000 x14:00004070  PA:00004070
    906ns              87 00000780 00008067 jalr             x0, x1, 0            x1:000001b8
    926ns              89 000001b8 00000517 auipc            x10, 0x0            x10=000001b8
    936ns              90 000001bc 43c50513 addi             x10, x10, 1084      x10=000005f4 x10:000001b8
    946ns              91 000001c0 3f0000ef jal              x1, 1008             x1=000001c4
    966ns              93 000005b0 00050593 addi             x11, x10, 0         x11=000005f4 x10:000005f4
    976ns              94 000005b4 00000693 addi             x13, x0, 0          x13=00000000
    986ns              95 000005b8 00000613 addi             x12, x0, 0          x12=00000000
    996ns              96 000005bc 00000513 addi             x10, x0, 0          x10=00000000
   1006ns              97 000005c0 51c0006f jal              x0, 1308           
   1026ns              99 00000adc 0301a703 lw               x14, 48(x3)         x14=000037f8  x3:00003ff8  PA:00004028
   1046ns             101 00000ae0 14872783 lw               x15, 328(x14)       x15=00000000 x14:000037f8  PA:00003940
   1066ns             103 00000ae4 04078c63 beq              x15, x0, 88         x15:00000000
   1096ns             106 00000b3c 14c70793 addi             x15, x14, 332       x15=00003944 x14:000037f8
   1106ns             107 00000b40 14f72423 sw               x15, 328(x14)       x15:00003944 x14:000037f8  PA:00003940
   1116ns             108 00000b44 fa5ff06f jal              x0, -92            
   1136ns             110 00000ae8 0047a703 lw               x14, 4(x15)         x14=00000000 x15:00003944  PA:00003948
   1146ns             111 00000aec 01f00813 addi             x16, x0, 31         x16=0000001f
   1156ns             112 00000af0 06e84e63 blt              x16, x14, 124       x16:0000001f x14:00000000
   1166ns             113 00000af4 00271813 slli             x16, x14, 0x2       x16=00000000 x14:00000000
   1176ns             114 00000af8 02050663 beq              x10, x0, 44         x10:00000000
   1206ns             117 00000b24 00170713 addi             x14, x14, 1         x14=00000001 x14:00000000
   1216ns             118 00000b28 00e7a223 sw               x14, 4(x15)         x14:00000001 x15:00003944  PA:00003948
   1226ns             119 00000b2c 010787b3 add              x15, x15, x16       x15=00003944 x15:00003944 x16:00000000
   1236ns             120 00000b30 00b7a423 sw               x11, 8(x15)         x11:000005f4 x15:00003944  PA:0000394c
   1246ns             121 00000b34 00000513 addi             x10, x0, 0          x10=00000000
   1256ns             122 00000b38 00008067 jalr             x0, x1, 0            x1:000001c4
   1276ns             124 000001c4 48c000ef jal              x1, 1164             x1=000001c8
   1296ns             126 00000650 ff010113 addi             x2, x2, -16          x2=00006070  x2:00006080
   1306ns             127 00000654 00812423 sw               x8, 8(x2)            x8:00000000  x2:00006070  PA:00006078
   1316ns             128 00000658 01212023 sw               x18, 0(x2)          x18:00000000  x2:00006070  PA:00006070
   1326ns             129 0000065c 00003437 lui              x8, 0x3000           x8=00003000
   1336ns             130 00000660 00003937 lui              x18, 0x3000         x18=00003000
   1346ns             131 00000664 7ee40793 addi             x15, x8, 2030       x15=000037ee  x8:00003000
   1356ns             132 00000668 7ee90913 addi             x18, x18, 2030      x18=000037ee x18:00003000
   1366ns             133 0000066c 40f90933 sub              x18, x18, x15       x18=00000000 x18:000037ee x15:000037ee
   1376ns             134 00000670 00112623 sw               x1, 12(x2)           x1:000001c8  x2:00006070  PA:0000607c
   1386ns             135 00000674 00912223 sw               x9, 4(x2)            x9:00000000  x2:00006070  PA:00006074
   1396ns             136 00000678 40295913 srai             x18, x18, 0x402     x18=00000000 x18:00000000
   1406ns             137 0000067c 02090063 beq              x18, x0, 32         x18:00000000
   1436ns             140 0000069c 00003437 lui              x8, 0x3000           x8=00003000
   1446ns             141 000006a0 00003937 lui              x18, 0x3000         x18=00003000
   1456ns             142 000006a4 7f040793 addi             x15, x8, 2032       x15=000037f0  x8:00003000
   1466ns             143 000006a8 7f490913 addi             x18, x18, 2036      x18=000037f4 x18:00003000
   1476ns             144 000006ac 40f90933 sub              x18, x18, x15       x18=00000004 x18:000037f4 x15:000037f0
   1486ns             145 000006b0 40295913 srai             x18, x18, 0x402     x18=00000001 x18:00000004
   1496ns             146 000006b4 02090063 beq              x18, x0, 32         x18:00000001
   1506ns             147 000006b8 7f040413 addi             x8, x8, 2032         x8=000037f0  x8:00003000
   1516ns             148 000006bc 00000493 addi             x9, x0, 0            x9=00000000
   1526ns             149 000006c0 00042783 lw               x15, 0(x8)          x15=000002cc  x8:000037f0  PA:000037f0
   1536ns             150 000006c4 00148493 addi             x9, x9, 1            x9=00000001  x9:00000000
   1546ns             151 000006c8 00440413 addi             x8, x8, 4            x8=000037f4  x8:000037f0
   1556ns             152 000006cc 000780e7 jalr             x1, x15, 0           x1=000006d0 x15:000002cc
   1576ns             154 000002cc 00000793 addi             x15, x0, 0          x15=00000000
   1586ns             155 000002d0 00078663 beq              x15, x0, 12         x15:00000000
   1616ns             158 000002dc 00008067 jalr             x0, x1, 0            x1:000006d0
   1636ns             160 000006d0 fe9918e3 bne              x18, x9, -16        x18:00000001  x9:00000001
   1646ns             161 000006d4 00c12083 lw               x1, 12(x2)           x1=000001c8  x2:00006070  PA:0000607c
   1656ns             162 000006d8 00812403 lw               x8, 8(x2)            x8=00000000  x2:00006070  PA:00006078
   1666ns             163 000006dc 00412483 lw               x9, 4(x2)            x9=00000000  x2:00006070  PA:00006074
   1676ns             164 000006e0 00012903 lw               x18, 0(x2)          x18=00000000  x2:00006070  PA:00006070
   1686ns             165 000006e4 01010113 addi             x2, x2, 16           x2=00006080  x2:00006070
   1696ns             166 000006e8 00008067 jalr             x0, x1, 0            x1:000001c8
   1716ns             168 000001c8 00012503 lw               x10, 0(x2)          x10=xxxxxxxx  x2:00006080  PA:00006080
   1726ns             169 000001cc 00410593 addi             x11, x2, 4          x11=00006084  x2:00006080
   1736ns             170 000001d0 00000613 addi             x12, x0, 0          x12=00000000
   1746ns             171 000001d4 00c000ef jal              x1, 12               x1=000001d8
   1766ns             173 000001e0 000076b7 lui              x13, 0x7000         x13=00007000
   1776ns             174 000001e4 000307b7 lui              x15, 0x30000        x15=00030000
   1786ns             175 000001e8 93668693 addi             x13, x13, -1738     x13=00006936 x13:00007000
   1796ns             176 000001ec 00d7a423 sw               x13, 8(x15)         x13:00006936 x15:00030000  PA:00030008
   1806ns             177 000001f0 0000a6b7 lui              x13, 0xa000         x13=0000a000
   1816ns             178 000001f4 dd168693 addi             x13, x13, -559      x13=00009dd1 x13:0000a000
   1826ns             179 000001f8 00003737 lui              x14, 0x3000         x14=00003000
   1836ns             180 000001fc 49b70713 addi             x14, x14, 1179      x14=0000349b x14:00003000
   1846ns             181 00000200 00d7a623 sw               x13, 12(x15)        x13:00009dd1 x15:00030000  PA:0003000c
   1856ns             182 00000204 0000d6b7 lui              x13, 0xd000         x13=0000d000
   1866ns             183 00000208 00e7a223 sw               x14, 4(x15)         x14:0000349b x15:00030000  PA:00030004
   1876ns             184 0000020c 26c68693 addi             x13, x13, 620       x13=0000d26c x13:0000d000
   1886ns             185 00000210 76870713 addi             x14, x14, 1896      x14=00003c03 x14:0000349b
   1896ns             186 00000214 04e7a023 sw               x14, 64(x15)        x14:00003c03 x15:00030000  PA:00030040
   1906ns             187 00000218 0007a023 sw               x0, 0(x15)          x15:00030000  PA:00030000
   1916ns             188 0000021c 00d7a823 sw               x13, 16(x15)        x13:0000d26c x15:00030000  PA:00030010
   1926ns             189 00000220 00030737 lui              x14, 0x30000        x14=00030000
   1936ns             190 00000224 01478613 addi             x12, x15, 20        x12=00030014 x15:00030000
   1946ns             191 00000228 0007a683 lw               x13, 0(x15)         x13=00000000 x15:00030000  PA:00030000
   1956ns             192 0000022c 00478793 addi             x15, x15, 4         x15=00030004 x15:00030000
   1966ns             193 00000230 0f16e693 ori              x13, x13, 241       x13=000000f1 x13:00000000
   1976ns             194 00000234 fed7ae23 sw               x13, -4(x15)        x13:000000f1 x15:00030004  PA:00030000
   1986ns             195 00000238 fec798e3 bne              x15, x12, -16       x15:00030004 x12:00030014
   2016ns             198 00000228 0007a683 lw               x13, 0(x15)         x13=0000349b x15:00030004  PA:00030004
   2026ns             199 0000022c 00478793 addi             x15, x15, 4         x15=00030008 x15:00030004
   2036ns             200 00000230 0f16e693 ori              x13, x13, 241       x13=000034fb x13:0000349b
   2046ns             201 00000234 fed7ae23 sw               x13, -4(x15)        x13:000034fb x15:00030008  PA:00030004
   2056ns             202 00000238 fec798e3 bne              x15, x12, -16       x15:00030008 x12:00030014
   2086ns             205 00000228 0007a683 lw               x13, 0(x15)         x13=00006936 x15:00030008  PA:00030008
   2096ns             206 0000022c 00478793 addi             x15, x15, 4         x15=0003000c x15:00030008
   2106ns             207 00000230 0f16e693 ori              x13, x13, 241       x13=000069f7 x13:00006936
   2116ns             208 00000234 fed7ae23 sw               x13, -4(x15)        x13:000069f7 x15:0003000c  PA:00030008
   2126ns             209 00000238 fec798e3 bne              x15, x12, -16       x15:0003000c x12:00030014
   2156ns             212 00000228 0007a683 lw               x13, 0(x15)         x13=00009dd1 x15:0003000c  PA:0003000c
   2166ns             213 0000022c 00478793 addi             x15, x15, 4         x15=00030010 x15:0003000c
   2176ns             214 00000230 0f16e693 ori              x13, x13, 241       x13=00009df1 x13:00009dd1
   2186ns             215 00000234 fed7ae23 sw               x13, -4(x15)        x13:00009df1 x15:00030010  PA:0003000c
   2196ns             216 00000238 fec798e3 bne              x15, x12, -16       x15:00030010 x12:00030014
   2226ns             219 00000228 0007a683 lw               x13, 0(x15)         x13=0000d26c x15:00030010  PA:00030010
   2236ns             220 0000022c 00478793 addi             x15, x15, 4         x15=00030014 x15:00030010
   2246ns             221 00000230 0f16e693 ori              x13, x13, 241       x13=0000d2fd x13:0000d26c
   2256ns             222 00000234 fed7ae23 sw               x13, -4(x15)        x13:0000d2fd x15:00030014  PA:00030010
   2266ns             223 00000238 fec798e3 bne              x15, x12, -16       x15:00030014 x12:00030014
   2276ns             224 0000023c 04072783 lw               x15, 64(x14)        x15=00003c03 x14:00030000  PA:00030040
   2286ns             225 00000240 000306b7 lui              x13, 0x30000        x13=00030000
   2296ns             226 00000244 0f17e793 ori              x15, x15, 241       x15=00003cf3 x15:00003c03
   2306ns             227 00000248 04f72023 sw               x15, 64(x14)        x15:00003cf3 x14:00030000  PA:00030040
   2316ns             228 0000024c 01072703 lw               x14, 16(x14)        x14=0000d2fd x14:00030000  PA:00030010
   2326ns             229 00000250 000307b7 lui              x15, 0x30000        x15=00030000
   2336ns             230 00000254 01478593 addi             x11, x15, 20        x11=00030014 x15:00030000
   2346ns             231 00000258 08f77713 andi             x14, x14, 143       x14=0000008d x14:0000d2fd
   2356ns             232 0000025c 0007a603 lw               x12, 0(x15)         x12=000000f1 x15:00030000  PA:00030000
   2366ns             233 00000260 00478793 addi             x15, x15, 4         x15=00030004 x15:00030000
   2376ns             234 00000264 00e67633 and              x12, x12, x14       x12=00000081 x12:000000f1 x14:0000008d
   2386ns             235 00000268 fec7ae23 sw               x12, -4(x15)        x12:00000081 x15:00030004  PA:00030000
   2396ns             236 0000026c feb798e3 bne              x15, x11, -16       x15:00030004 x11:00030014
   2426ns             239 0000025c 0007a603 lw               x12, 0(x15)         x12=000034fb x15:00030004  PA:00030004
   2436ns             240 00000260 00478793 addi             x15, x15, 4         x15=00030008 x15:00030004
   2446ns             241 00000264 00e67633 and              x12, x12, x14       x12=00000089 x12:000034fb x14:0000008d
   2456ns             242 00000268 fec7ae23 sw               x12, -4(x15)        x12:00000089 x15:00030008  PA:00030004
   2466ns             243 0000026c feb798e3 bne              x15, x11, -16       x15:00030008 x11:00030014
   2496ns             246 0000025c 0007a603 lw               x12, 0(x15)         x12=000069f7 x15:00030008  PA:00030008
   2506ns             247 00000260 00478793 addi             x15, x15, 4         x15=0003000c x15:00030008
   2516ns             248 00000264 00e67633 and              x12, x12, x14       x12=00000085 x12:000069f7 x14:0000008d
   2526ns             249 00000268 fec7ae23 sw               x12, -4(x15)        x12:00000085 x15:0003000c  PA:00030008
   2536ns             250 0000026c feb798e3 bne              x15, x11, -16       x15:0003000c x11:00030014
   2566ns             253 0000025c 0007a603 lw               x12, 0(x15)         x12=00009df1 x15:0003000c  PA:0003000c
   2576ns             254 00000260 00478793 addi             x15, x15, 4         x15=00030010 x15:0003000c
   2586ns             255 00000264 00e67633 and              x12, x12, x14       x12=00000081 x12:00009df1 x14:0000008d
   2596ns             256 00000268 fec7ae23 sw               x12, -4(x15)        x12:00000081 x15:00030010  PA:0003000c
   2606ns             257 0000026c feb798e3 bne              x15, x11, -16       x15:00030010 x11:00030014
   2636ns             260 0000025c 0007a603 lw               x12, 0(x15)         x12=0000d2fd x15:00030010  PA:00030010
   2646ns             261 00000260 00478793 addi             x15, x15, 4         x15=00030014 x15:00030010
   2656ns             262 00000264 00e67633 and              x12, x12, x14       x12=0000008d x12:0000d2fd x14:0000008d
   2666ns             263 00000268 fec7ae23 sw               x12, -4(x15)        x12:0000008d x15:00030014  PA:00030010
   2676ns             264 0000026c feb798e3 bne              x15, x11, -16       x15:00030014 x11:00030014
   2686ns             265 00000270 0406a783 lw               x15, 64(x13)        x15=00003cf3 x13:00030000  PA:00030040
   2706ns             267 00000274 00e7f733 and              x14, x15, x14       x14=00000081 x15:00003cf3 x14:0000008d
   2716ns             268 00000278 00c6a783 lw               x15, 12(x13)        x15=00000081 x13:00030000  PA:0003000c
   2726ns             269 0000027c 04e6a023 sw               x14, 64(x13)        x14:00000081 x13:00030000  PA:00030040
   2736ns             270 00000280 00030737 lui              x14, 0x30000        x14=00030000
   2746ns             271 00000284 0f07c793 xori             x15, x15, 240       x15=00000071 x15:00000081
   2756ns             272 00000288 000306b7 lui              x13, 0x30000        x13=00030000
   2766ns             273 0000028c 01470593 addi             x11, x14, 20        x11=00030014 x14:00030000
   2776ns             274 00000290 00072603 lw               x12, 0(x14)         x12=00000081 x14:00030000  PA:00030000
   2786ns             275 00000294 00470713 addi             x14, x14, 4         x14=00030004 x14:00030000
   2796ns             276 00000298 00f64633 xor              x12, x12, x15       x12=000000f0 x12:00000081 x15:00000071
   2806ns             277 0000029c fec72e23 sw               x12, -4(x14)        x12:000000f0 x14:00030004  PA:00030000
   2816ns             278 000002a0 feb718e3 bne              x14, x11, -16       x14:00030004 x11:00030014
   2846ns             281 00000290 00072603 lw               x12, 0(x14)         x12=00000089 x14:00030004  PA:00030004
   2856ns             282 00000294 00470713 addi             x14, x14, 4         x14=00030008 x14:00030004
   2866ns             283 00000298 00f64633 xor              x12, x12, x15       x12=000000f8 x12:00000089 x15:00000071
   2876ns             284 0000029c fec72e23 sw               x12, -4(x14)        x12:000000f8 x14:00030008  PA:00030004
   2886ns             285 000002a0 feb718e3 bne              x14, x11, -16       x14:00030008 x11:00030014
   2916ns             288 00000290 00072603 lw               x12, 0(x14)         x12=00000085 x14:00030008  PA:00030008
   2926ns             289 00000294 00470713 addi             x14, x14, 4         x14=0003000c x14:00030008
   2936ns             290 00000298 00f64633 xor              x12, x12, x15       x12=000000f4 x12:00000085 x15:00000071
   2946ns             291 0000029c fec72e23 sw               x12, -4(x14)        x12:000000f4 x14:0003000c  PA:00030008
   2956ns             292 000002a0 feb718e3 bne              x14, x11, -16       x14:0003000c x11:00030014
   2986ns             295 00000290 00072603 lw               x12, 0(x14)         x12=00000081 x14:0003000c  PA:0003000c
   2996ns             296 00000294 00470713 addi             x14, x14, 4         x14=00030010 x14:0003000c
   3006ns             297 00000298 00f64633 xor              x12, x12, x15       x12=000000f0 x12:00000081 x15:00000071
   3016ns             298 0000029c fec72e23 sw               x12, -4(x14)        x12:000000f0 x14:00030010  PA:0003000c
   3026ns             299 000002a0 feb718e3 bne              x14, x11, -16       x14:00030010 x11:00030014
   3056ns             302 00000290 00072603 lw               x12, 0(x14)         x12=0000008d x14:00030010  PA:00030010
   3066ns             303 00000294 00470713 addi             x14, x14, 4         x14=00030014 x14:00030010
   3076ns             304 00000298 00f64633 xor              x12, x12, x15       x12=000000fc x12:0000008d x15:00000071
   3086ns             305 0000029c fec72e23 sw               x12, -4(x14)        x12:000000fc x14:00030014  PA:00030010
   3096ns             306 000002a0 feb718e3 bne              x14, x11, -16       x14:00030014 x11:00030014
   3106ns             307 000002a4 0406a703 lw               x14, 64(x13)        x14=00000081 x13:00030000  PA:00030040
   3116ns             308 000002a8 00000513 addi             x10, x0, 0          x10=00000000
   3126ns             309 000002ac 00e7c7b3 xor              x15, x15, x14       x15=000000f0 x15:00000071 x14:00000081
   3136ns             310 000002b0 0086a703 lw               x14, 8(x13)         x14=000000f4 x13:00030000  PA:00030008
   3146ns             311 000002b4 04f6a023 sw               x15, 64(x13)        x15:000000f0 x13:00030000  PA:00030040
   3156ns             312 000002b8 fff7c793 xori             x15, x15, -1        x15=ffffff0f x15:000000f0
   3166ns             313 000002bc fff74713 xori             x14, x14, -1        x14=ffffff0b x14:000000f4
   3176ns             314 000002c0 00f707b3 add              x15, x14, x15       x15=fffffe1a x14:ffffff0b x15:ffffff0f
   3186ns             315 000002c4 08f6a023 sw               x15, 128(x13)       x15:fffffe1a x13:00030000  PA:00030080
   3196ns             316 000002c8 00008067 jalr             x0, x1, 0            x1:000001d8
   3216ns             318 000001d8 3ec0006f jal              x0, 1004           
   3236ns             320 000005c4 ff010113 addi             x2, x2, -16          x2=00006070  x2:00006080
   3246ns             321 000005c8 00000593 addi             x11, x0, 0          x11=00000000
   3256ns             322 000005cc 00812423 sw               x8, 8(x2)            x8:00000000  x2:00006070  PA:00006078
   3266ns             323 000005d0 00112623 sw               x1, 12(x2)           x1:000001d8  x2:00006070  PA:0000607c
   3276ns             324 000005d4 00050413 addi             x8, x10, 0           x8=00000000 x10:00000000
   3286ns             325 000005d8 59c000ef jal              x1, 1436             x1=000005dc
   3306ns             327 00000b74 fd010113 addi             x2, x2, -48          x2=00006040  x2:00006070
   3316ns             328 00000b78 01412c23 sw               x20, 24(x2)         x20:00000000  x2:00006040  PA:00006058
   3326ns             329 00000b7c 0301aa03 lw               x20, 48(x3)         x20=000037f8  x3:00003ff8  PA:00004028
   3336ns             330 00000b80 03212023 sw               x18, 32(x2)         x18:00000000  x2:00006040  PA:00006060
   3346ns             331 00000b84 02112623 sw               x1, 44(x2)           x1:000005dc  x2:00006040  PA:0000606c
   3356ns             332 00000b88 148a2903 lw               x18, 328(x20)       x18=00003944 x20:000037f8  PA:00003940
   3366ns             333 00000b8c 02812423 sw               x8, 40(x2)           x8:00000000  x2:00006040  PA:00006068
   3376ns             334 00000b90 02912223 sw               x9, 36(x2)           x9:00000000  x2:00006040  PA:00006064
   3386ns             335 00000b94 01312e23 sw               x19, 28(x2)         x19:00000000  x2:00006040  PA:0000605c
   3396ns             336 00000b98 01512a23 sw               x21, 20(x2)         x21:00000000  x2:00006040  PA:00006054
   3406ns             337 00000b9c 01612823 sw               x22, 16(x2)         x22:00000000  x2:00006040  PA:00006050
   3416ns             338 00000ba0 01712623 sw               x23, 12(x2)         x23:00000000  x2:00006040  PA:0000604c
   3426ns             339 00000ba4 01812423 sw               x24, 8(x2)          x24:00000000  x2:00006040  PA:00006048
   3436ns             340 00000ba8 04090063 beq              x18, x0, 64         x18:00003944
   3446ns             341 00000bac 00050b13 addi             x22, x10, 0         x22=00000000 x10:00000000
   3456ns             342 00000bb0 00058b93 addi             x23, x11, 0         x23=00000000 x11:00000000
   3466ns             343 00000bb4 00100a93 addi             x21, x0, 1          x21=00000001
   3476ns             344 00000bb8 fff00993 addi             x19, x0, -1         x19=ffffffff
   3486ns             345 00000bbc 00492483 lw               x9, 4(x18)           x9=00000001 x18:00003944  PA:00003948
   3506ns             347 00000bc0 fff48413 addi             x8, x9, -1           x8=00000000  x9:00000001
   3516ns             348 00000bc4 02044263 blt              x8, x0, 36           x8:00000000
   3526ns             349 00000bc8 00249493 slli             x9, x9, 0x2          x9=00000004  x9:00000001
   3536ns             350 00000bcc 009904b3 add              x9, x18, x9          x9=00003948 x18:00003944  x9:00000004
   3546ns             351 00000bd0 040b8463 beq              x23, x0, 72         x23:00000000
   3576ns             354 00000c18 00492783 lw               x15, 4(x18)         x15=00000001 x18:00003944  PA:00003948
   3586ns             355 00000c1c 0044a683 lw               x13, 4(x9)          x13=000005f4  x9:00003948  PA:0000394c
   3596ns             356 00000c20 fff78793 addi             x15, x15, -1        x15=00000000 x15:00000001
   3606ns             357 00000c24 04878e63 beq              x15, x8, 92         x15:00000000  x8:00000000
   3636ns             360 00000c80 00892223 sw               x8, 4(x18)           x8:00000000 x18:00003944  PA:00003948
   3646ns             361 00000c84 fa9ff06f jal              x0, -88            
   3666ns             363 00000c2c fa0688e3 beq              x13, x0, -80        x13:000005f4
   3676ns             364 00000c30 18892783 lw               x15, 392(x18)       x15=00000000 x18:00003944  PA:00003acc
   3686ns             365 00000c34 008a9733 sll              x14, x21, x8        x14=00000001 x21:00000001  x8:00000000
   3696ns             366 00000c38 00492c03 lw               x24, 4(x18)         x24=00000000 x18:00003944  PA:00003948
   3706ns             367 00000c3c 00f777b3 and              x15, x14, x15       x15=00000000 x14:00000001 x15:00000000
   3716ns             368 00000c40 02079263 bne              x15, x0, 36         x15:00000000
   3726ns             369 00000c44 000680e7 jalr             x1, x13, 0           x1=00000c48 x13:000005f4
   3746ns             371 000005f4 ff010113 addi             x2, x2, -16          x2=00006030  x2:00006040
   3756ns             372 000005f8 00812423 sw               x8, 8(x2)            x8:00000000  x2:00006030  PA:00006038
   3766ns             373 000005fc 000037b7 lui              x15, 0x3000         x15=00003000
   3776ns             374 00000600 00003437 lui              x8, 0x3000           x8=00003000
   3786ns             375 00000604 7f440413 addi             x8, x8, 2036         x8=000037f4  x8:00003000
   3796ns             376 00000608 7f478793 addi             x15, x15, 2036      x15=000037f4 x15:00003000
   3806ns             377 0000060c 408787b3 sub              x15, x15, x8        x15=00000000 x15:000037f4  x8:000037f4
   3816ns             378 00000610 00912223 sw               x9, 4(x2)            x9:00003948  x2:00006030  PA:00006034
   3826ns             379 00000614 00112623 sw               x1, 12(x2)           x1:00000c48  x2:00006030  PA:0000603c
   3836ns             380 00000618 4027d493 srai             x9, x15, 0x402       x9=00000000 x15:00000000
   3846ns             381 0000061c 02048063 beq              x9, x0, 32           x9:00000000
   3876ns             384 0000063c 00c12083 lw               x1, 12(x2)           x1=00000c48  x2:00006030  PA:0000603c
   3886ns             385 00000640 00812403 lw               x8, 8(x2)            x8=00000000  x2:00006030  PA:00006038
   3896ns             386 00000644 00412483 lw               x9, 4(x2)            x9=00003948  x2:00006030  PA:00006034
   3906ns             387 00000648 01010113 addi             x2, x2, 16           x2=00006040  x2:00006030
   3916ns             388 0000064c 00008067 jalr             x0, x1, 0            x1:00000c48
   3936ns             390 00000c48 00492703 lw               x14, 4(x18)         x14=00000000 x18:00003944  PA:00003948
   3946ns             391 00000c4c 148a2783 lw               x15, 328(x20)       x15=00003944 x20:000037f8  PA:00003940
   3956ns             392 00000c50 01871463 bne              x14, x24, 8         x14:00000000 x24:00000000
   3966ns             393 00000c54 f92784e3 beq              x15, x18, -120      x15:00003944 x18:00003944
   3996ns             396 00000bdc fff40413 addi             x8, x8, -1           x8=ffffffff  x8:00000000
   4006ns             397 00000be0 ffc48493 addi             x9, x9, -4           x9=00003944  x9:00003948
   4016ns             398 00000be4 ff3416e3 bne              x8, x19, -20         x8:ffffffff x19:ffffffff
   4026ns             399 00000be8 02c12083 lw               x1, 44(x2)           x1=000005dc  x2:00006040  PA:0000606c
   4036ns             400 00000bec 02812403 lw               x8, 40(x2)           x8=00000000  x2:00006040  PA:00006068
   4046ns             401 00000bf0 02412483 lw               x9, 36(x2)           x9=00000000  x2:00006040  PA:00006064
   4056ns             402 00000bf4 02012903 lw               x18, 32(x2)         x18=00000000  x2:00006040  PA:00006060
   4066ns             403 00000bf8 01c12983 lw               x19, 28(x2)         x19=00000000  x2:00006040  PA:0000605c
   4076ns             404 00000bfc 01812a03 lw               x20, 24(x2)         x20=00000000  x2:00006040  PA:00006058
   4086ns             405 00000c00 01412a83 lw               x21, 20(x2)         x21=00000000  x2:00006040  PA:00006054
   4096ns             406 00000c04 01012b03 lw               x22, 16(x2)         x22=00000000  x2:00006040  PA:00006050
   4106ns             407 00000c08 00c12b83 lw               x23, 12(x2)         x23=00000000  x2:00006040  PA:0000604c
   4116ns             408 00000c0c 00812c03 lw               x24, 8(x2)          x24=00000000  x2:00006040  PA:00006048
   4126ns             409 00000c10 03010113 addi             x2, x2, 48           x2=00006070  x2:00006040
   4136ns             410 00000c14 00008067 jalr             x0, x1, 0            x1:000005dc
   4156ns             412 000005dc 0301a503 lw               x10, 48(x3)         x10=000037f8  x3:00003ff8  PA:00004028
   4176ns             414 000005e0 03c52783 lw               x15, 60(x10)        x15=00000000 x10:000037f8  PA:00003834
   4196ns             416 000005e4 00078463 beq              x15, x0, 8          x15:00000000
   4226ns             419 000005ec 00040513 addi             x10, x8, 0          x10=00000000  x8:00000000
   4236ns             420 000005f0 d7dff0ef jal              x1, -644             x1=000005f4
   4256ns             422 0000036c 200007b7 lui              x15, 0x20000000     x15=20000000
