                Time          Cycles PC       Instr    Mnemonic
     96ns               6 00000180 00004197 auipc            x3, 0x4000           x3=00004180
    106ns               7 00000184 e5818193 addi             x3, x3, -424         x3=00003fd8  x3:00004180
    116ns               8 00000188 00006117 auipc            x2, 0x6000           x2=00006188
    126ns               9 0000018c ed810113 addi             x2, x2, -296         x2=00006060  x2:00006188
    136ns              10 00000190 00000517 auipc            x10, 0x0            x10=00000190
    146ns              11 00000194 e7050513 addi             x10, x10, -400      x10=00000000 x10:00000190
    156ns              12 00000198 30551073 csrrw            x0, x10, 0x305      x10:00000000
    166ns              13 0000019c 10000513 addi             x10, x0, 256        x10=00000100
    176ns              14 000001a0 7d151073 csrrw            x0, x10, 0x7d1      x10:00000100
    186ns              15 000001a4 04418513 addi             x10, x3, 68         x10=0000401c  x3:00003fd8
    196ns              16 000001a8 07c18613 addi             x12, x3, 124        x12=00004054  x3:00003fd8
    206ns              17 000001ac 40a60633 sub              x12, x12, x10       x12=00000038 x12:00004054 x10:0000401c
    216ns              18 000001b0 00000593 addi             x11, x0, 0          x11=00000000
    226ns              19 000001b4 51c000ef jal              x1, 1308             x1=000001b8
    246ns              21 000006d0 00f00313 addi             x6, x0, 15           x6=0000000f
    256ns              22 000006d4 00050713 addi             x14, x10, 0         x14=0000401c x10:0000401c
    266ns              23 000006d8 02c37e63 bgeu             x6, x12, 60          x6:0000000f x12:00000038
    276ns              24 000006dc 00f77793 andi             x15, x14, 15        x15=0000000c x14:0000401c
    286ns              25 000006e0 0a079063 bne              x15, x0, 160        x15:0000000c
    316ns              28 00000780 00279693 slli             x13, x15, 0x2       x13=00000030 x15:0000000c
    326ns              29 00000784 00000297 auipc            x5, 0x0              x5=00000784
    336ns              30 00000788 005686b3 add              x13, x13, x5        x13=000007b4 x13:00000030  x5:00000784
    346ns              31 0000078c 00008293 addi             x5, x1, 0            x5=000001b8  x1:000001b8
    356ns              32 00000790 fa0680e7 jalr             x1, x13, -96         x1=00000794 x13:000007b4
    376ns              34 00000754 00b701a3 sb               x11, 3(x14)         x11:00000000 x14:0000401c  PA:0000401f
    386ns              35 00000758 00b70123 sb               x11, 2(x14)         x11:00000000 x14:0000401c  PA:0000401e
    396ns              36 0000075c 00b700a3 sb               x11, 1(x14)         x11:00000000 x14:0000401c  PA:0000401d
    406ns              37 00000760 00b70023 sb               x11, 0(x14)         x11:00000000 x14:0000401c  PA:0000401c
    416ns              38 00000764 00008067 jalr             x0, x1, 0            x1:00000794
    436ns              40 00000794 00028093 addi             x1, x5, 0            x1=000001b8  x5:000001b8
    446ns              41 00000798 ff078793 addi             x15, x15, -16       x15=fffffffc x15:0000000c
    456ns              42 0000079c 40f70733 sub              x14, x14, x15       x14=00004020 x14:0000401c x15:fffffffc
    466ns              43 000007a0 00f60633 add              x12, x12, x15       x12=00000034 x12:00000038 x15:fffffffc
    476ns              44 000007a4 f6c378e3 bgeu             x6, x12, -144        x6:0000000f x12:00000034
    486ns              45 000007a8 f3dff06f jal              x0, -196           
    506ns              47 000006e4 08059263 bne              x11, x0, 132        x11:00000000
    516ns              48 000006e8 ff067693 andi             x13, x12, -16       x13=00000030 x12:00000034
    526ns              49 000006ec 00f67613 andi             x12, x12, 15        x12=00000004 x12:00000034
    536ns              50 000006f0 00e686b3 add              x13, x13, x14       x13=00004050 x13:00000030 x14:00004020
    546ns              51 000006f4 00b72023 sw               x11, 0(x14)         x11:00000000 x14:00004020  PA:00004020
    556ns              52 000006f8 00b72223 sw               x11, 4(x14)         x11:00000000 x14:00004020  PA:00004024
    566ns              53 000006fc 00b72423 sw               x11, 8(x14)         x11:00000000 x14:00004020  PA:00004028
    576ns              54 00000700 00b72623 sw               x11, 12(x14)        x11:00000000 x14:00004020  PA:0000402c
    586ns              55 00000704 01070713 addi             x14, x14, 16        x14=00004030 x14:00004020
    596ns              56 00000708 fed766e3 bltu             x14, x13, -20       x14:00004030 x13:00004050
    626ns              59 000006f4 00b72023 sw               x11, 0(x14)         x11:00000000 x14:00004030  PA:00004030
    636ns              60 000006f8 00b72223 sw               x11, 4(x14)         x11:00000000 x14:00004030  PA:00004034
    646ns              61 000006fc 00b72423 sw               x11, 8(x14)         x11:00000000 x14:00004030  PA:00004038
    656ns              62 00000700 00b72623 sw               x11, 12(x14)        x11:00000000 x14:00004030  PA:0000403c
    666ns              63 00000704 01070713 addi             x14, x14, 16        x14=00004040 x14:00004030
    676ns              64 00000708 fed766e3 bltu             x14, x13, -20       x14:00004040 x13:00004050
    706ns              67 000006f4 00b72023 sw               x11, 0(x14)         x11:00000000 x14:00004040  PA:00004040
    716ns              68 000006f8 00b72223 sw               x11, 4(x14)         x11:00000000 x14:00004040  PA:00004044
    726ns              69 000006fc 00b72423 sw               x11, 8(x14)         x11:00000000 x14:00004040  PA:00004048
    736ns              70 00000700 00b72623 sw               x11, 12(x14)        x11:00000000 x14:00004040  PA:0000404c
    746ns              71 00000704 01070713 addi             x14, x14, 16        x14=00004050 x14:00004040
    756ns              72 00000708 fed766e3 bltu             x14, x13, -20       x14:00004050 x13:00004050
    766ns              73 0000070c 00061463 bne              x12, x0, 8          x12:00000004
    796ns              76 00000714 40c306b3 sub              x13, x6, x12        x13=0000000b  x6:0000000f x12:00000004
    806ns              77 00000718 00269693 slli             x13, x13, 0x2       x13=0000002c x13:0000000b
    816ns              78 0000071c 00000297 auipc            x5, 0x0              x5=0000071c
    826ns              79 00000720 005686b3 add              x13, x13, x5        x13=00000748 x13:0000002c  x5:0000071c
    846ns              81 00000724 00c68067 jalr             x0, x13, 12         x13:00000748
    866ns              83 00000754 00b701a3 sb               x11, 3(x14)         x11:00000000 x14:00004050  PA:00004053
    876ns              84 00000758 00b70123 sb               x11, 2(x14)         x11:00000000 x14:00004050  PA:00004052
    886ns              85 0000075c 00b700a3 sb               x11, 1(x14)         x11:00000000 x14:00004050  PA:00004051
    896ns              86 00000760 00b70023 sb               x11, 0(x14)         x11:00000000 x14:00004050  PA:00004050
    906ns              87 00000764 00008067 jalr             x0, x1, 0            x1:000001b8
    926ns              89 000001b8 00000517 auipc            x10, 0x0            x10=000001b8
    936ns              90 000001bc 42050513 addi             x10, x10, 1056      x10=000005d8 x10:000001b8
    946ns              91 000001c0 3d4000ef jal              x1, 980              x1=000001c4
    966ns              93 00000594 00050593 addi             x11, x10, 0         x11=000005d8 x10:000005d8
    976ns              94 00000598 00000693 addi             x13, x0, 0          x13=00000000
    986ns              95 0000059c 00000613 addi             x12, x0, 0          x12=00000000
    996ns              96 000005a0 00000513 addi             x10, x0, 0          x10=00000000
   1006ns              97 000005a4 51c0006f jal              x0, 1308           
   1026ns              99 00000ac0 0301a703 lw               x14, 48(x3)         x14=000037d8  x3:00003fd8  PA:00004008
   1046ns             101 00000ac4 14872783 lw               x15, 328(x14)       x15=00000000 x14:000037d8  PA:00003920
   1066ns             103 00000ac8 04078c63 beq              x15, x0, 88         x15:00000000
   1096ns             106 00000b20 14c70793 addi             x15, x14, 332       x15=00003924 x14:000037d8
   1106ns             107 00000b24 14f72423 sw               x15, 328(x14)       x15:00003924 x14:000037d8  PA:00003920
   1116ns             108 00000b28 fa5ff06f jal              x0, -92            
   1136ns             110 00000acc 0047a703 lw               x14, 4(x15)         x14=00000000 x15:00003924  PA:00003928
   1146ns             111 00000ad0 01f00813 addi             x16, x0, 31         x16=0000001f
   1156ns             112 00000ad4 06e84e63 blt              x16, x14, 124       x16:0000001f x14:00000000
   1166ns             113 00000ad8 00271813 slli             x16, x14, 0x2       x16=00000000 x14:00000000
   1176ns             114 00000adc 02050663 beq              x10, x0, 44         x10:00000000
   1206ns             117 00000b08 00170713 addi             x14, x14, 1         x14=00000001 x14:00000000
   1216ns             118 00000b0c 00e7a223 sw               x14, 4(x15)         x14:00000001 x15:00003924  PA:00003928
   1226ns             119 00000b10 010787b3 add              x15, x15, x16       x15=00003924 x15:00003924 x16:00000000
   1236ns             120 00000b14 00b7a423 sw               x11, 8(x15)         x11:000005d8 x15:00003924  PA:0000392c
   1246ns             121 00000b18 00000513 addi             x10, x0, 0          x10=00000000
   1256ns             122 00000b1c 00008067 jalr             x0, x1, 0            x1:000001c4
   1276ns             124 000001c4 470000ef jal              x1, 1136             x1=000001c8
   1296ns             126 00000634 ff010113 addi             x2, x2, -16          x2=00006050  x2:00006060
   1306ns             127 00000638 00812423 sw               x8, 8(x2)            x8:00000000  x2:00006050  PA:00006058
   1316ns             128 0000063c 01212023 sw               x18, 0(x2)          x18:00000000  x2:00006050  PA:00006050
   1326ns             129 00000640 00003437 lui              x8, 0x3000           x8=00003000
   1336ns             130 00000644 00003937 lui              x18, 0x3000         x18=00003000
   1346ns             131 00000648 7d240793 addi             x15, x8, 2002       x15=000037d2  x8:00003000
   1356ns             132 0000064c 7d290913 addi             x18, x18, 2002      x18=000037d2 x18:00003000
   1366ns             133 00000650 40f90933 sub              x18, x18, x15       x18=00000000 x18:000037d2 x15:000037d2
   1376ns             134 00000654 00112623 sw               x1, 12(x2)           x1:000001c8  x2:00006050  PA:0000605c
   1386ns             135 00000658 00912223 sw               x9, 4(x2)            x9:00000000  x2:00006050  PA:00006054
   1396ns             136 0000065c 40295913 srai             x18, x18, 0x402     x18=00000000 x18:00000000
   1406ns             137 00000660 02090063 beq              x18, x0, 32         x18:00000000
   1436ns             140 00000680 00003437 lui              x8, 0x3000           x8=00003000
   1446ns             141 00000684 00003937 lui              x18, 0x3000         x18=00003000
   1456ns             142 00000688 7d440793 addi             x15, x8, 2004       x15=000037d4  x8:00003000
   1466ns             143 0000068c 7d890913 addi             x18, x18, 2008      x18=000037d8 x18:00003000
   1476ns             144 00000690 40f90933 sub              x18, x18, x15       x18=00000004 x18:000037d8 x15:000037d4
   1486ns             145 00000694 40295913 srai             x18, x18, 0x402     x18=00000001 x18:00000004
   1496ns             146 00000698 02090063 beq              x18, x0, 32         x18:00000001
   1506ns             147 0000069c 7d440413 addi             x8, x8, 2004         x8=000037d4  x8:00003000
   1516ns             148 000006a0 00000493 addi             x9, x0, 0            x9=00000000
   1526ns             149 000006a4 00042783 lw               x15, 0(x8)          x15=000002b0  x8:000037d4  PA:000037d4
   1536ns             150 000006a8 00148493 addi             x9, x9, 1            x9=00000001  x9:00000000
   1546ns             151 000006ac 00440413 addi             x8, x8, 4            x8=000037d8  x8:000037d4
   1556ns             152 000006b0 000780e7 jalr             x1, x15, 0           x1=000006b4 x15:000002b0
   1576ns             154 000002b0 00000793 addi             x15, x0, 0          x15=00000000
   1586ns             155 000002b4 00078663 beq              x15, x0, 12         x15:00000000
   1616ns             158 000002c0 00008067 jalr             x0, x1, 0            x1:000006b4
   1636ns             160 000006b4 fe9918e3 bne              x18, x9, -16        x18:00000001  x9:00000001
   1646ns             161 000006b8 00c12083 lw               x1, 12(x2)           x1=000001c8  x2:00006050  PA:0000605c
   1656ns             162 000006bc 00812403 lw               x8, 8(x2)            x8=00000000  x2:00006050  PA:00006058
   1666ns             163 000006c0 00412483 lw               x9, 4(x2)            x9=00000000  x2:00006050  PA:00006054
   1676ns             164 000006c4 00012903 lw               x18, 0(x2)          x18=00000000  x2:00006050  PA:00006050
   1686ns             165 000006c8 01010113 addi             x2, x2, 16           x2=00006060  x2:00006050
   1696ns             166 000006cc 00008067 jalr             x0, x1, 0            x1:000001c8
   1716ns             168 000001c8 00012503 lw               x10, 0(x2)          x10=xxxxxxxx  x2:00006060  PA:00006060
   1726ns             169 000001cc 00410593 addi             x11, x2, 4          x11=00006064  x2:00006060
   1736ns             170 000001d0 00000613 addi             x12, x0, 0          x12=00000000
   1746ns             171 000001d4 00c000ef jal              x1, 12               x1=000001d8
   1766ns             173 000001e0 00003737 lui              x14, 0x3000         x14=00003000
   1776ns             174 000001e4 000307b7 lui              x15, 0x30000        x15=00030000
   1786ns             175 000001e8 49b70713 addi             x14, x14, 1179      x14=0000349b x14:00003000
   1796ns             176 000001ec 00e7a223 sw               x14, 4(x15)         x14:0000349b x15:00030000  PA:00030004
   1806ns             177 000001f0 00007737 lui              x14, 0x7000         x14=00007000
   1816ns             178 000001f4 93670713 addi             x14, x14, -1738     x14=00006936 x14:00007000
   1826ns             179 000001f8 00e7a423 sw               x14, 8(x15)         x14:00006936 x15:00030000  PA:00030008
   1836ns             180 000001fc 0000a737 lui              x14, 0xa000         x14=0000a000
   1846ns             181 00000200 dd170713 addi             x14, x14, -559      x14=00009dd1 x14:0000a000
   1856ns             182 00000204 00e7a623 sw               x14, 12(x15)        x14:00009dd1 x15:00030000  PA:0003000c
   1866ns             183 00000208 0000d737 lui              x14, 0xd000         x14=0000d000
   1876ns             184 0000020c 26c70713 addi             x14, x14, 620       x14=0000d26c x14:0000d000
   1886ns             185 00000210 00e7a823 sw               x14, 16(x15)        x14:0000d26c x15:00030000  PA:00030010
   1896ns             186 00000214 00010737 lui              x14, 0x10000        x14=00010000
   1906ns             187 00000218 70770713 addi             x14, x14, 1799      x14=00010707 x14:00010000
   1916ns             188 0000021c 00e7aa23 sw               x14, 20(x15)        x14:00010707 x15:00030000  PA:00030014
   1926ns             189 00000220 00014737 lui              x14, 0x14000        x14=00014000
   1936ns             190 00000224 ba270713 addi             x14, x14, -1118     x14=00013ba2 x14:00014000
   1946ns             191 00000228 00e7ac23 sw               x14, 24(x15)        x14:00013ba2 x15:00030000  PA:00030018
   1956ns             192 0000022c 00017737 lui              x14, 0x17000        x14=00017000
   1966ns             193 00000230 03d70713 addi             x14, x14, 61        x14=0001703d x14:00017000
   1976ns             194 00000234 00e7ae23 sw               x14, 28(x15)        x14:0001703d x15:00030000  PA:0003001c
   1986ns             195 00000238 0001a737 lui              x14, 0x1a000        x14=0001a000
   1996ns             196 0000023c 4d870713 addi             x14, x14, 1240      x14=0001a4d8 x14:0001a000
   2006ns             197 00000240 02e7a023 sw               x14, 32(x15)        x14:0001a4d8 x15:00030000  PA:00030020
   2016ns             198 00000244 0001e737 lui              x14, 0x1e000        x14=0001e000
   2026ns             199 00000248 97370713 addi             x14, x14, -1677     x14=0001d973 x14:0001e000
   2036ns             200 0000024c 02e7a223 sw               x14, 36(x15)        x14:0001d973 x15:00030000  PA:00030024
   2046ns             201 00000250 00030737 lui              x14, 0x30000        x14=00030000
   2056ns             202 00000254 0007a023 sw               x0, 0(x15)          x15:00030000  PA:00030000
   2066ns             203 00000258 0e07a823 sw               x0, 240(x15)        x15:00030000  PA:000300f0
   2076ns             204 0000025c 02870613 addi             x12, x14, 40        x12=00030028 x14:00030000
   2086ns             205 00000260 00478793 addi             x15, x15, 4         x15=00030004 x15:00030000
   2096ns             206 00000264 0007a683 lw               x13, 0(x15)         x13=0000349b x15:00030004  PA:00030004
   2106ns             207 00000268 0f072583 lw               x11, 240(x14)       x11=00000000 x14:00030000  PA:000300f0
   2126ns             209 0000026c 00d5d463 bge              x11, x13, 8         x11:00000000 x13:0000349b
   2136ns             210 00000270 0ed72823 sw               x13, 240(x14)       x13:0000349b x14:00030000  PA:000300f0
   2146ns             211 00000274 00478793 addi             x15, x15, 4         x15=00030008 x15:00030004
   2156ns             212 00000278 fec796e3 bne              x15, x12, -20       x15:00030008 x12:00030028
   2186ns             215 00000264 0007a683 lw               x13, 0(x15)         x13=00006936 x15:00030008  PA:00030008
   2196ns             216 00000268 0f072583 lw               x11, 240(x14)       x11=0000349b x14:00030000  PA:000300f0
   2216ns             218 0000026c 00d5d463 bge              x11, x13, 8         x11:0000349b x13:00006936
   2226ns             219 00000270 0ed72823 sw               x13, 240(x14)       x13:00006936 x14:00030000  PA:000300f0
   2236ns             220 00000274 00478793 addi             x15, x15, 4         x15=0003000c x15:00030008
   2246ns             221 00000278 fec796e3 bne              x15, x12, -20       x15:0003000c x12:00030028
   2276ns             224 00000264 0007a683 lw               x13, 0(x15)         x13=00009dd1 x15:0003000c  PA:0003000c
   2286ns             225 00000268 0f072583 lw               x11, 240(x14)       x11=00006936 x14:00030000  PA:000300f0
   2306ns             227 0000026c 00d5d463 bge              x11, x13, 8         x11:00006936 x13:00009dd1
   2316ns             228 00000270 0ed72823 sw               x13, 240(x14)       x13:00009dd1 x14:00030000  PA:000300f0
   2326ns             229 00000274 00478793 addi             x15, x15, 4         x15=00030010 x15:0003000c
   2336ns             230 00000278 fec796e3 bne              x15, x12, -20       x15:00030010 x12:00030028
   2366ns             233 00000264 0007a683 lw               x13, 0(x15)         x13=0000d26c x15:00030010  PA:00030010
   2376ns             234 00000268 0f072583 lw               x11, 240(x14)       x11=00009dd1 x14:00030000  PA:000300f0
   2396ns             236 0000026c 00d5d463 bge              x11, x13, 8         x11:00009dd1 x13:0000d26c
   2406ns             237 00000270 0ed72823 sw               x13, 240(x14)       x13:0000d26c x14:00030000  PA:000300f0
   2416ns             238 00000274 00478793 addi             x15, x15, 4         x15=00030014 x15:00030010
   2426ns             239 00000278 fec796e3 bne              x15, x12, -20       x15:00030014 x12:00030028
   2456ns             242 00000264 0007a683 lw               x13, 0(x15)         x13=00010707 x15:00030014  PA:00030014
   2466ns             243 00000268 0f072583 lw               x11, 240(x14)       x11=0000d26c x14:00030000  PA:000300f0
   2486ns             245 0000026c 00d5d463 bge              x11, x13, 8         x11:0000d26c x13:00010707
   2496ns             246 00000270 0ed72823 sw               x13, 240(x14)       x13:00010707 x14:00030000  PA:000300f0
   2506ns             247 00000274 00478793 addi             x15, x15, 4         x15=00030018 x15:00030014
   2516ns             248 00000278 fec796e3 bne              x15, x12, -20       x15:00030018 x12:00030028
   2546ns             251 00000264 0007a683 lw               x13, 0(x15)         x13=00013ba2 x15:00030018  PA:00030018
   2556ns             252 00000268 0f072583 lw               x11, 240(x14)       x11=00010707 x14:00030000  PA:000300f0
   2576ns             254 0000026c 00d5d463 bge              x11, x13, 8         x11:00010707 x13:00013ba2
   2586ns             255 00000270 0ed72823 sw               x13, 240(x14)       x13:00013ba2 x14:00030000  PA:000300f0
   2596ns             256 00000274 00478793 addi             x15, x15, 4         x15=0003001c x15:00030018
   2606ns             257 00000278 fec796e3 bne              x15, x12, -20       x15:0003001c x12:00030028
   2636ns             260 00000264 0007a683 lw               x13, 0(x15)         x13=0001703d x15:0003001c  PA:0003001c
   2646ns             261 00000268 0f072583 lw               x11, 240(x14)       x11=00013ba2 x14:00030000  PA:000300f0
   2666ns             263 0000026c 00d5d463 bge              x11, x13, 8         x11:00013ba2 x13:0001703d
   2676ns             264 00000270 0ed72823 sw               x13, 240(x14)       x13:0001703d x14:00030000  PA:000300f0
   2686ns             265 00000274 00478793 addi             x15, x15, 4         x15=00030020 x15:0003001c
   2696ns             266 00000278 fec796e3 bne              x15, x12, -20       x15:00030020 x12:00030028
   2726ns             269 00000264 0007a683 lw               x13, 0(x15)         x13=0001a4d8 x15:00030020  PA:00030020
   2736ns             270 00000268 0f072583 lw               x11, 240(x14)       x11=0001703d x14:00030000  PA:000300f0
   2756ns             272 0000026c 00d5d463 bge              x11, x13, 8         x11:0001703d x13:0001a4d8
   2766ns             273 00000270 0ed72823 sw               x13, 240(x14)       x13:0001a4d8 x14:00030000  PA:000300f0
   2776ns             274 00000274 00478793 addi             x15, x15, 4         x15=00030024 x15:00030020
   2786ns             275 00000278 fec796e3 bne              x15, x12, -20       x15:00030024 x12:00030028
   2816ns             278 00000264 0007a683 lw               x13, 0(x15)         x13=0001d973 x15:00030024  PA:00030024
   2826ns             279 00000268 0f072583 lw               x11, 240(x14)       x11=0001a4d8 x14:00030000  PA:000300f0
   2846ns             281 0000026c 00d5d463 bge              x11, x13, 8         x11:0001a4d8 x13:0001d973
   2856ns             282 00000270 0ed72823 sw               x13, 240(x14)       x13:0001d973 x14:00030000  PA:000300f0
   2866ns             283 00000274 00478793 addi             x15, x15, 4         x15=00030028 x15:00030024
   2876ns             284 00000278 fec796e3 bne              x15, x12, -20       x15:00030028 x12:00030028
   2886ns             285 0000027c 00072783 lw               x15, 0(x14)         x15=00000000 x14:00030000  PA:00030000
   2896ns             286 00000280 00470713 addi             x14, x14, 4         x14=00030004 x14:00030000
   2906ns             287 00000284 0ef72823 sw               x15, 240(x14)       x15:00000000 x14:00030004  PA:000300f4
   2916ns             288 00000288 000307b7 lui              x15, 0x30000        x15=00030000
   2926ns             289 0000028c 02878613 addi             x12, x15, 40        x12=00030028 x15:00030000
   2936ns             290 00000290 00072683 lw               x13, 0(x14)         x13=0000349b x14:00030004  PA:00030004
   2946ns             291 00000294 0f47a583 lw               x11, 244(x15)       x11=00000000 x15:00030000  PA:000300f4
   2966ns             293 00000298 00b6d463 bge              x13, x11, 8         x13:0000349b x11:00000000
   2996ns             296 000002a0 00470713 addi             x14, x14, 4         x14=00030008 x14:00030004
   3006ns             297 000002a4 fec716e3 bne              x14, x12, -20       x14:00030008 x12:00030028
   3036ns             300 00000290 00072683 lw               x13, 0(x14)         x13=00006936 x14:00030008  PA:00030008
   3046ns             301 00000294 0f47a583 lw               x11, 244(x15)       x11=00000000 x15:00030000  PA:000300f4
   3066ns             303 00000298 00b6d463 bge              x13, x11, 8         x13:00006936 x11:00000000
   3096ns             306 000002a0 00470713 addi             x14, x14, 4         x14=0003000c x14:00030008
   3106ns             307 000002a4 fec716e3 bne              x14, x12, -20       x14:0003000c x12:00030028
   3136ns             310 00000290 00072683 lw               x13, 0(x14)         x13=00009dd1 x14:0003000c  PA:0003000c
   3146ns             311 00000294 0f47a583 lw               x11, 244(x15)       x11=00000000 x15:00030000  PA:000300f4
   3166ns             313 00000298 00b6d463 bge              x13, x11, 8         x13:00009dd1 x11:00000000
   3196ns             316 000002a0 00470713 addi             x14, x14, 4         x14=00030010 x14:0003000c
   3206ns             317 000002a4 fec716e3 bne              x14, x12, -20       x14:00030010 x12:00030028
   3236ns             320 00000290 00072683 lw               x13, 0(x14)         x13=0000d26c x14:00030010  PA:00030010
   3246ns             321 00000294 0f47a583 lw               x11, 244(x15)       x11=00000000 x15:00030000  PA:000300f4
   3266ns             323 00000298 00b6d463 bge              x13, x11, 8         x13:0000d26c x11:00000000
   3296ns             326 000002a0 00470713 addi             x14, x14, 4         x14=00030014 x14:00030010
   3306ns             327 000002a4 fec716e3 bne              x14, x12, -20       x14:00030014 x12:00030028
   3336ns             330 00000290 00072683 lw               x13, 0(x14)         x13=00010707 x14:00030014  PA:00030014
   3346ns             331 00000294 0f47a583 lw               x11, 244(x15)       x11=00000000 x15:00030000  PA:000300f4
   3366ns             333 00000298 00b6d463 bge              x13, x11, 8         x13:00010707 x11:00000000
   3396ns             336 000002a0 00470713 addi             x14, x14, 4         x14=00030018 x14:00030014
   3406ns             337 000002a4 fec716e3 bne              x14, x12, -20       x14:00030018 x12:00030028
   3436ns             340 00000290 00072683 lw               x13, 0(x14)         x13=00013ba2 x14:00030018  PA:00030018
   3446ns             341 00000294 0f47a583 lw               x11, 244(x15)       x11=00000000 x15:00030000  PA:000300f4
   3466ns             343 00000298 00b6d463 bge              x13, x11, 8         x13:00013ba2 x11:00000000
   3496ns             346 000002a0 00470713 addi             x14, x14, 4         x14=0003001c x14:00030018
   3506ns             347 000002a4 fec716e3 bne              x14, x12, -20       x14:0003001c x12:00030028
   3536ns             350 00000290 00072683 lw               x13, 0(x14)         x13=0001703d x14:0003001c  PA:0003001c
   3546ns             351 00000294 0f47a583 lw               x11, 244(x15)       x11=00000000 x15:00030000  PA:000300f4
   3566ns             353 00000298 00b6d463 bge              x13, x11, 8         x13:0001703d x11:00000000
   3596ns             356 000002a0 00470713 addi             x14, x14, 4         x14=00030020 x14:0003001c
   3606ns             357 000002a4 fec716e3 bne              x14, x12, -20       x14:00030020 x12:00030028
   3636ns             360 00000290 00072683 lw               x13, 0(x14)         x13=0001a4d8 x14:00030020  PA:00030020
   3646ns             361 00000294 0f47a583 lw               x11, 244(x15)       x11=00000000 x15:00030000  PA:000300f4
   3666ns             363 00000298 00b6d463 bge              x13, x11, 8         x13:0001a4d8 x11:00000000
   3696ns             366 000002a0 00470713 addi             x14, x14, 4         x14=00030024 x14:00030020
   3706ns             367 000002a4 fec716e3 bne              x14, x12, -20       x14:00030024 x12:00030028
   3736ns             370 00000290 00072683 lw               x13, 0(x14)         x13=0001d973 x14:00030024  PA:00030024
   3746ns             371 00000294 0f47a583 lw               x11, 244(x15)       x11=00000000 x15:00030000  PA:000300f4
   3766ns             373 00000298 00b6d463 bge              x13, x11, 8         x13:0001d973 x11:00000000
   3796ns             376 000002a0 00470713 addi             x14, x14, 4         x14=00030028 x14:00030024
   3806ns             377 000002a4 fec716e3 bne              x14, x12, -20       x14:00030028 x12:00030028
   3816ns             378 000002a8 00000513 addi             x10, x0, 0          x10=00000000
   3826ns             379 000002ac 00008067 jalr             x0, x1, 0            x1:000001d8
   3846ns             381 000001d8 3d00006f jal              x0, 976            
   3866ns             383 000005a8 ff010113 addi             x2, x2, -16          x2=00006050  x2:00006060
   3876ns             384 000005ac 00000593 addi             x11, x0, 0          x11=00000000
   3886ns             385 000005b0 00812423 sw               x8, 8(x2)            x8:00000000  x2:00006050  PA:00006058
   3896ns             386 000005b4 00112623 sw               x1, 12(x2)           x1:000001d8  x2:00006050  PA:0000605c
   3906ns             387 000005b8 00050413 addi             x8, x10, 0           x8=00000000 x10:00000000
   3916ns             388 000005bc 59c000ef jal              x1, 1436             x1=000005c0
   3936ns             390 00000b58 fd010113 addi             x2, x2, -48          x2=00006020  x2:00006050
   3946ns             391 00000b5c 01412c23 sw               x20, 24(x2)         x20:00000000  x2:00006020  PA:00006038
   3956ns             392 00000b60 0301aa03 lw               x20, 48(x3)         x20=000037d8  x3:00003fd8  PA:00004008
   3966ns             393 00000b64 03212023 sw               x18, 32(x2)         x18:00000000  x2:00006020  PA:00006040
   3976ns             394 00000b68 02112623 sw               x1, 44(x2)           x1:000005c0  x2:00006020  PA:0000604c
   3986ns             395 00000b6c 148a2903 lw               x18, 328(x20)       x18=00003924 x20:000037d8  PA:00003920
   3996ns             396 00000b70 02812423 sw               x8, 40(x2)           x8:00000000  x2:00006020  PA:00006048
   4006ns             397 00000b74 02912223 sw               x9, 36(x2)           x9:00000000  x2:00006020  PA:00006044
   4016ns             398 00000b78 01312e23 sw               x19, 28(x2)         x19:00000000  x2:00006020  PA:0000603c
   4026ns             399 00000b7c 01512a23 sw               x21, 20(x2)         x21:00000000  x2:00006020  PA:00006034
   4036ns             400 00000b80 01612823 sw               x22, 16(x2)         x22:00000000  x2:00006020  PA:00006030
   4046ns             401 00000b84 01712623 sw               x23, 12(x2)         x23:00000000  x2:00006020  PA:0000602c
   4056ns             402 00000b88 01812423 sw               x24, 8(x2)          x24:00000000  x2:00006020  PA:00006028
   4066ns             403 00000b8c 04090063 beq              x18, x0, 64         x18:00003924
   4076ns             404 00000b90 00050b13 addi             x22, x10, 0         x22=00000000 x10:00000000
   4086ns             405 00000b94 00058b93 addi             x23, x11, 0         x23=00000000 x11:00000000
   4096ns             406 00000b98 00100a93 addi             x21, x0, 1          x21=00000001
   4106ns             407 00000b9c fff00993 addi             x19, x0, -1         x19=ffffffff
   4116ns             408 00000ba0 00492483 lw               x9, 4(x18)           x9=00000001 x18:00003924  PA:00003928
   4136ns             410 00000ba4 fff48413 addi             x8, x9, -1           x8=00000000  x9:00000001
   4146ns             411 00000ba8 02044263 blt              x8, x0, 36           x8:00000000
   4156ns             412 00000bac 00249493 slli             x9, x9, 0x2          x9=00000004  x9:00000001
   4166ns             413 00000bb0 009904b3 add              x9, x18, x9          x9=00003928 x18:00003924  x9:00000004
   4176ns             414 00000bb4 040b8463 beq              x23, x0, 72         x23:00000000
   4206ns             417 00000bfc 00492783 lw               x15, 4(x18)         x15=00000001 x18:00003924  PA:00003928
   4216ns             418 00000c00 0044a683 lw               x13, 4(x9)          x13=000005d8  x9:00003928  PA:0000392c
   4226ns             419 00000c04 fff78793 addi             x15, x15, -1        x15=00000000 x15:00000001
   4236ns             420 00000c08 04878e63 beq              x15, x8, 92         x15:00000000  x8:00000000
   4266ns             423 00000c64 00892223 sw               x8, 4(x18)           x8:00000000 x18:00003924  PA:00003928
   4276ns             424 00000c68 fa9ff06f jal              x0, -88            
   4296ns             426 00000c10 fa0688e3 beq              x13, x0, -80        x13:000005d8
   4306ns             427 00000c14 18892783 lw               x15, 392(x18)       x15=00000000 x18:00003924  PA:00003aac
   4316ns             428 00000c18 008a9733 sll              x14, x21, x8        x14=00000001 x21:00000001  x8:00000000
   4326ns             429 00000c1c 00492c03 lw               x24, 4(x18)         x24=00000000 x18:00003924  PA:00003928
   4336ns             430 00000c20 00f777b3 and              x15, x14, x15       x15=00000000 x14:00000001 x15:00000000
   4346ns             431 00000c24 02079263 bne              x15, x0, 36         x15:00000000
   4356ns             432 00000c28 000680e7 jalr             x1, x13, 0           x1=00000c2c x13:000005d8
   4376ns             434 000005d8 ff010113 addi             x2, x2, -16          x2=00006010  x2:00006020
   4386ns             435 000005dc 00812423 sw               x8, 8(x2)            x8:00000000  x2:00006010  PA:00006018
   4396ns             436 000005e0 000037b7 lui              x15, 0x3000         x15=00003000
   4406ns             437 000005e4 00003437 lui              x8, 0x3000           x8=00003000
   4416ns             438 000005e8 7d840413 addi             x8, x8, 2008         x8=000037d8  x8:00003000
   4426ns             439 000005ec 7d878793 addi             x15, x15, 2008      x15=000037d8 x15:00003000
   4436ns             440 000005f0 408787b3 sub              x15, x15, x8        x15=00000000 x15:000037d8  x8:000037d8
   4446ns             441 000005f4 00912223 sw               x9, 4(x2)            x9:00003928  x2:00006010  PA:00006014
   4456ns             442 000005f8 00112623 sw               x1, 12(x2)           x1:00000c2c  x2:00006010  PA:0000601c
   4466ns             443 000005fc 4027d493 srai             x9, x15, 0x402       x9=00000000 x15:00000000
   4476ns             444 00000600 02048063 beq              x9, x0, 32           x9:00000000
   4506ns             447 00000620 00c12083 lw               x1, 12(x2)           x1=00000c2c  x2:00006010  PA:0000601c
   4516ns             448 00000624 00812403 lw               x8, 8(x2)            x8=00000000  x2:00006010  PA:00006018
   4526ns             449 00000628 00412483 lw               x9, 4(x2)            x9=00003928  x2:00006010  PA:00006014
   4536ns             450 0000062c 01010113 addi             x2, x2, 16           x2=00006020  x2:00006010
   4546ns             451 00000630 00008067 jalr             x0, x1, 0            x1:00000c2c
   4566ns             453 00000c2c 00492703 lw               x14, 4(x18)         x14=00000000 x18:00003924  PA:00003928
   4576ns             454 00000c30 148a2783 lw               x15, 328(x20)       x15=00003924 x20:000037d8  PA:00003920
   4586ns             455 00000c34 01871463 bne              x14, x24, 8         x14:00000000 x24:00000000
   4596ns             456 00000c38 f92784e3 beq              x15, x18, -120      x15:00003924 x18:00003924
   4626ns             459 00000bc0 fff40413 addi             x8, x8, -1           x8=ffffffff  x8:00000000
   4636ns             460 00000bc4 ffc48493 addi             x9, x9, -4           x9=00003924  x9:00003928
   4646ns             461 00000bc8 ff3416e3 bne              x8, x19, -20         x8:ffffffff x19:ffffffff
   4656ns             462 00000bcc 02c12083 lw               x1, 44(x2)           x1=000005c0  x2:00006020  PA:0000604c
   4666ns             463 00000bd0 02812403 lw               x8, 40(x2)           x8=00000000  x2:00006020  PA:00006048
   4676ns             464 00000bd4 02412483 lw               x9, 36(x2)           x9=00000000  x2:00006020  PA:00006044
   4686ns             465 00000bd8 02012903 lw               x18, 32(x2)         x18=00000000  x2:00006020  PA:00006040
   4696ns             466 00000bdc 01c12983 lw               x19, 28(x2)         x19=00000000  x2:00006020  PA:0000603c
   4706ns             467 00000be0 01812a03 lw               x20, 24(x2)         x20=00000000  x2:00006020  PA:00006038
   4716ns             468 00000be4 01412a83 lw               x21, 20(x2)         x21=00000000  x2:00006020  PA:00006034
   4726ns             469 00000be8 01012b03 lw               x22, 16(x2)         x22=00000000  x2:00006020  PA:00006030
   4736ns             470 00000bec 00c12b83 lw               x23, 12(x2)         x23=00000000  x2:00006020  PA:0000602c
   4746ns             471 00000bf0 00812c03 lw               x24, 8(x2)          x24=00000000  x2:00006020  PA:00006028
   4756ns             472 00000bf4 03010113 addi             x2, x2, 48           x2=00006050  x2:00006020
   4766ns             473 00000bf8 00008067 jalr             x0, x1, 0            x1:000005c0
   4786ns             475 000005c0 0301a503 lw               x10, 48(x3)         x10=000037d8  x3:00003fd8  PA:00004008
   4806ns             477 000005c4 03c52783 lw               x15, 60(x10)        x15=00000000 x10:000037d8  PA:00003814
   4826ns             479 000005c8 00078463 beq              x15, x0, 8          x15:00000000
   4856ns             482 000005d0 00040513 addi             x10, x8, 0          x10=00000000  x8:00000000
   4866ns             483 000005d4 d7dff0ef jal              x1, -644             x1=000005d8
   4886ns             485 00000350 200007b7 lui              x15, 0x20000000     x15=20000000
