                Time          Cycles PC       Instr    Mnemonic
     96ns               6 00000180 00004197 auipc            x3, 0x4000           x3=00004180
    106ns               7 00000184 f6018193 addi             x3, x3, -160         x3=000040e0  x3:00004180
    116ns               8 00000188 00006117 auipc            x2, 0x6000           x2=00006188
    126ns               9 0000018c fd810113 addi             x2, x2, -40          x2=00006160  x2:00006188
    136ns              10 00000190 00000517 auipc            x10, 0x0            x10=00000190
    146ns              11 00000194 e7050513 addi             x10, x10, -400      x10=00000000 x10:00000190
    156ns              12 00000198 30551073 csrrw            x0, x10, 0x305      x10:00000000
    166ns              13 0000019c 10000513 addi             x10, x0, 256        x10=00000100
    176ns              14 000001a0 7d151073 csrrw            x0, x10, 0x7d1      x10:00000100
    186ns              15 000001a4 04418513 addi             x10, x3, 68         x10=00004124  x3:000040e0
    196ns              16 000001a8 07c18613 addi             x12, x3, 124        x12=0000415c  x3:000040e0
    206ns              17 000001ac 40a60633 sub              x12, x12, x10       x12=00000038 x12:0000415c x10:00004124
    216ns              18 000001b0 00000593 addi             x11, x0, 0          x11=00000000
    226ns              19 000001b4 620000ef jal              x1, 1568             x1=000001b8
    246ns              21 000007d4 00f00313 addi             x6, x0, 15           x6=0000000f
    256ns              22 000007d8 00050713 addi             x14, x10, 0         x14=00004124 x10:00004124
    266ns              23 000007dc 02c37e63 bgeu             x6, x12, 60          x6:0000000f x12:00000038
    276ns              24 000007e0 00f77793 andi             x15, x14, 15        x15=00000004 x14:00004124
    286ns              25 000007e4 0a079063 bne              x15, x0, 160        x15:00000004
    316ns              28 00000884 00279693 slli             x13, x15, 0x2       x13=00000010 x15:00000004
    326ns              29 00000888 00000297 auipc            x5, 0x0              x5=00000888
    336ns              30 0000088c 005686b3 add              x13, x13, x5        x13=00000898 x13:00000010  x5:00000888
    346ns              31 00000890 00008293 addi             x5, x1, 0            x5=000001b8  x1:000001b8
    356ns              32 00000894 fa0680e7 jalr             x1, x13, -96         x1=00000898 x13:00000898
    376ns              34 00000838 00b705a3 sb               x11, 11(x14)        x11:00000000 x14:00004124  PA:0000412f
    386ns              35 0000083c 00b70523 sb               x11, 10(x14)        x11:00000000 x14:00004124  PA:0000412e
    396ns              36 00000840 00b704a3 sb               x11, 9(x14)         x11:00000000 x14:00004124  PA:0000412d
    406ns              37 00000844 00b70423 sb               x11, 8(x14)         x11:00000000 x14:00004124  PA:0000412c
    416ns              38 00000848 00b703a3 sb               x11, 7(x14)         x11:00000000 x14:00004124  PA:0000412b
    426ns              39 0000084c 00b70323 sb               x11, 6(x14)         x11:00000000 x14:00004124  PA:0000412a
    436ns              40 00000850 00b702a3 sb               x11, 5(x14)         x11:00000000 x14:00004124  PA:00004129
    446ns              41 00000854 00b70223 sb               x11, 4(x14)         x11:00000000 x14:00004124  PA:00004128
    456ns              42 00000858 00b701a3 sb               x11, 3(x14)         x11:00000000 x14:00004124  PA:00004127
    466ns              43 0000085c 00b70123 sb               x11, 2(x14)         x11:00000000 x14:00004124  PA:00004126
    476ns              44 00000860 00b700a3 sb               x11, 1(x14)         x11:00000000 x14:00004124  PA:00004125
    486ns              45 00000864 00b70023 sb               x11, 0(x14)         x11:00000000 x14:00004124  PA:00004124
    496ns              46 00000868 00008067 jalr             x0, x1, 0            x1:00000898
    516ns              48 00000898 00028093 addi             x1, x5, 0            x1=000001b8  x5:000001b8
    526ns              49 0000089c ff078793 addi             x15, x15, -16       x15=fffffff4 x15:00000004
    536ns              50 000008a0 40f70733 sub              x14, x14, x15       x14=00004130 x14:00004124 x15:fffffff4
    546ns              51 000008a4 00f60633 add              x12, x12, x15       x12=0000002c x12:00000038 x15:fffffff4
    556ns              52 000008a8 f6c378e3 bgeu             x6, x12, -144        x6:0000000f x12:0000002c
    566ns              53 000008ac f3dff06f jal              x0, -196           
    586ns              55 000007e8 08059263 bne              x11, x0, 132        x11:00000000
    596ns              56 000007ec ff067693 andi             x13, x12, -16       x13=00000020 x12:0000002c
    606ns              57 000007f0 00f67613 andi             x12, x12, 15        x12=0000000c x12:0000002c
    616ns              58 000007f4 00e686b3 add              x13, x13, x14       x13=00004150 x13:00000020 x14:00004130
    626ns              59 000007f8 00b72023 sw               x11, 0(x14)         x11:00000000 x14:00004130  PA:00004130
    636ns              60 000007fc 00b72223 sw               x11, 4(x14)         x11:00000000 x14:00004130  PA:00004134
    646ns              61 00000800 00b72423 sw               x11, 8(x14)         x11:00000000 x14:00004130  PA:00004138
    656ns              62 00000804 00b72623 sw               x11, 12(x14)        x11:00000000 x14:00004130  PA:0000413c
    666ns              63 00000808 01070713 addi             x14, x14, 16        x14=00004140 x14:00004130
    676ns              64 0000080c fed766e3 bltu             x14, x13, -20       x14:00004140 x13:00004150
    706ns              67 000007f8 00b72023 sw               x11, 0(x14)         x11:00000000 x14:00004140  PA:00004140
    716ns              68 000007fc 00b72223 sw               x11, 4(x14)         x11:00000000 x14:00004140  PA:00004144
    726ns              69 00000800 00b72423 sw               x11, 8(x14)         x11:00000000 x14:00004140  PA:00004148
    736ns              70 00000804 00b72623 sw               x11, 12(x14)        x11:00000000 x14:00004140  PA:0000414c
    746ns              71 00000808 01070713 addi             x14, x14, 16        x14=00004150 x14:00004140
    756ns              72 0000080c fed766e3 bltu             x14, x13, -20       x14:00004150 x13:00004150
    766ns              73 00000810 00061463 bne              x12, x0, 8          x12:0000000c
    796ns              76 00000818 40c306b3 sub              x13, x6, x12        x13=00000003  x6:0000000f x12:0000000c
    806ns              77 0000081c 00269693 slli             x13, x13, 0x2       x13=0000000c x13:00000003
    816ns              78 00000820 00000297 auipc            x5, 0x0              x5=00000820
    826ns              79 00000824 005686b3 add              x13, x13, x5        x13=0000082c x13:0000000c  x5:00000820
    846ns              81 00000828 00c68067 jalr             x0, x13, 12         x13:0000082c
    866ns              83 00000838 00b705a3 sb               x11, 11(x14)        x11:00000000 x14:00004150  PA:0000415b
    876ns              84 0000083c 00b70523 sb               x11, 10(x14)        x11:00000000 x14:00004150  PA:0000415a
    886ns              85 00000840 00b704a3 sb               x11, 9(x14)         x11:00000000 x14:00004150  PA:00004159
    896ns              86 00000844 00b70423 sb               x11, 8(x14)         x11:00000000 x14:00004150  PA:00004158
    906ns              87 00000848 00b703a3 sb               x11, 7(x14)         x11:00000000 x14:00004150  PA:00004157
    916ns              88 0000084c 00b70323 sb               x11, 6(x14)         x11:00000000 x14:00004150  PA:00004156
    926ns              89 00000850 00b702a3 sb               x11, 5(x14)         x11:00000000 x14:00004150  PA:00004155
    936ns              90 00000854 00b70223 sb               x11, 4(x14)         x11:00000000 x14:00004150  PA:00004154
    946ns              91 00000858 00b701a3 sb               x11, 3(x14)         x11:00000000 x14:00004150  PA:00004153
    956ns              92 0000085c 00b70123 sb               x11, 2(x14)         x11:00000000 x14:00004150  PA:00004152
    966ns              93 00000860 00b700a3 sb               x11, 1(x14)         x11:00000000 x14:00004150  PA:00004151
    976ns              94 00000864 00b70023 sb               x11, 0(x14)         x11:00000000 x14:00004150  PA:00004150
    986ns              95 00000868 00008067 jalr             x0, x1, 0            x1:000001b8
   1006ns              97 000001b8 00000517 auipc            x10, 0x0            x10=000001b8
   1016ns              98 000001bc 52450513 addi             x10, x10, 1316      x10=000006dc x10:000001b8
   1026ns              99 000001c0 4d8000ef jal              x1, 1240             x1=000001c4
   1046ns             101 00000698 00050593 addi             x11, x10, 0         x11=000006dc x10:000006dc
   1056ns             102 0000069c 00000693 addi             x13, x0, 0          x13=00000000
   1066ns             103 000006a0 00000613 addi             x12, x0, 0          x12=00000000
   1076ns             104 000006a4 00000513 addi             x10, x0, 0          x10=00000000
   1086ns             105 000006a8 51c0006f jal              x0, 1308           
   1106ns             107 00000bc4 0301a703 lw               x14, 48(x3)         x14=000038e0  x3:000040e0  PA:00004110
   1126ns             109 00000bc8 14872783 lw               x15, 328(x14)       x15=00000000 x14:000038e0  PA:00003a28
   1146ns             111 00000bcc 04078c63 beq              x15, x0, 88         x15:00000000
   1176ns             114 00000c24 14c70793 addi             x15, x14, 332       x15=00003a2c x14:000038e0
   1186ns             115 00000c28 14f72423 sw               x15, 328(x14)       x15:00003a2c x14:000038e0  PA:00003a28
   1196ns             116 00000c2c fa5ff06f jal              x0, -92            
   1216ns             118 00000bd0 0047a703 lw               x14, 4(x15)         x14=00000000 x15:00003a2c  PA:00003a30
   1226ns             119 00000bd4 01f00813 addi             x16, x0, 31         x16=0000001f
   1236ns             120 00000bd8 06e84e63 blt              x16, x14, 124       x16:0000001f x14:00000000
   1246ns             121 00000bdc 00271813 slli             x16, x14, 0x2       x16=00000000 x14:00000000
   1256ns             122 00000be0 02050663 beq              x10, x0, 44         x10:00000000
   1286ns             125 00000c0c 00170713 addi             x14, x14, 1         x14=00000001 x14:00000000
   1296ns             126 00000c10 00e7a223 sw               x14, 4(x15)         x14:00000001 x15:00003a2c  PA:00003a30
   1306ns             127 00000c14 010787b3 add              x15, x15, x16       x15=00003a2c x15:00003a2c x16:00000000
   1316ns             128 00000c18 00b7a423 sw               x11, 8(x15)         x11:000006dc x15:00003a2c  PA:00003a34
   1326ns             129 00000c1c 00000513 addi             x10, x0, 0          x10=00000000
   1336ns             130 00000c20 00008067 jalr             x0, x1, 0            x1:000001c4
   1356ns             132 000001c4 574000ef jal              x1, 1396             x1=000001c8
   1376ns             134 00000738 ff010113 addi             x2, x2, -16          x2=00006150  x2:00006160
   1386ns             135 0000073c 00812423 sw               x8, 8(x2)            x8:00000000  x2:00006150  PA:00006158
   1396ns             136 00000740 01212023 sw               x18, 0(x2)          x18:00000000  x2:00006150  PA:00006150
   1406ns             137 00000744 00004437 lui              x8, 0x4000           x8=00004000
   1416ns             138 00000748 00004937 lui              x18, 0x4000         x18=00004000
   1426ns             139 0000074c 8d640793 addi             x15, x8, -1834      x15=000038d6  x8:00004000
   1436ns             140 00000750 8d690913 addi             x18, x18, -1834     x18=000038d6 x18:00004000
   1446ns             141 00000754 40f90933 sub              x18, x18, x15       x18=00000000 x18:000038d6 x15:000038d6
   1456ns             142 00000758 00112623 sw               x1, 12(x2)           x1:000001c8  x2:00006150  PA:0000615c
   1466ns             143 0000075c 00912223 sw               x9, 4(x2)            x9:00000000  x2:00006150  PA:00006154
   1476ns             144 00000760 40295913 srai             x18, x18, 0x402     x18=00000000 x18:00000000
   1486ns             145 00000764 02090063 beq              x18, x0, 32         x18:00000000
   1516ns             148 00000784 00004437 lui              x8, 0x4000           x8=00004000
   1526ns             149 00000788 00004937 lui              x18, 0x4000         x18=00004000
   1536ns             150 0000078c 8d840793 addi             x15, x8, -1832      x15=000038d8  x8:00004000
   1546ns             151 00000790 8dc90913 addi             x18, x18, -1828     x18=000038dc x18:00004000
   1556ns             152 00000794 40f90933 sub              x18, x18, x15       x18=00000004 x18:000038dc x15:000038d8
   1566ns             153 00000798 40295913 srai             x18, x18, 0x402     x18=00000001 x18:00000004
   1576ns             154 0000079c 02090063 beq              x18, x0, 32         x18:00000001
   1586ns             155 000007a0 8d840413 addi             x8, x8, -1832        x8=000038d8  x8:00004000
   1596ns             156 000007a4 00000493 addi             x9, x0, 0            x9=00000000
   1606ns             157 000007a8 00042783 lw               x15, 0(x8)          x15=000003b4  x8:000038d8  PA:000038d8
   1616ns             158 000007ac 00148493 addi             x9, x9, 1            x9=00000001  x9:00000000
   1626ns             159 000007b0 00440413 addi             x8, x8, 4            x8=000038dc  x8:000038d8
   1636ns             160 000007b4 000780e7 jalr             x1, x15, 0           x1=000007b8 x15:000003b4
   1656ns             162 000003b4 00000793 addi             x15, x0, 0          x15=00000000
   1666ns             163 000003b8 00078663 beq              x15, x0, 12         x15:00000000
   1696ns             166 000003c4 00008067 jalr             x0, x1, 0            x1:000007b8
   1716ns             168 000007b8 fe9918e3 bne              x18, x9, -16        x18:00000001  x9:00000001
   1726ns             169 000007bc 00c12083 lw               x1, 12(x2)           x1=000001c8  x2:00006150  PA:0000615c
   1736ns             170 000007c0 00812403 lw               x8, 8(x2)            x8=00000000  x2:00006150  PA:00006158
   1746ns             171 000007c4 00412483 lw               x9, 4(x2)            x9=00000000  x2:00006150  PA:00006154
   1756ns             172 000007c8 00012903 lw               x18, 0(x2)          x18=00000000  x2:00006150  PA:00006150
   1766ns             173 000007cc 01010113 addi             x2, x2, 16           x2=00006160  x2:00006150
   1776ns             174 000007d0 00008067 jalr             x0, x1, 0            x1:000001c8
   1796ns             176 000001c8 00012503 lw               x10, 0(x2)          x10=xxxxxxxx  x2:00006160  PA:00006160
   1806ns             177 000001cc 00410593 addi             x11, x2, 4          x11=00006164  x2:00006160
   1816ns             178 000001d0 00000613 addi             x12, x0, 0          x12=00000000
   1826ns             179 000001d4 00c000ef jal              x1, 12               x1=000001d8
   1846ns             181 000001e0 000307b7 lui              x15, 0x30000        x15=00030000
   1856ns             182 000001e4 00500713 addi             x14, x0, 5          x14=00000005
   1866ns             183 000001e8 00e7a023 sw               x14, 0(x15)         x14:00000005 x15:00030000  PA:00030000
   1876ns             184 000001ec 00800713 addi             x14, x0, 8          x14=00000008
   1886ns             185 000001f0 00e7a223 sw               x14, 4(x15)         x14:00000008 x15:00030000  PA:00030004
   1896ns             186 000001f4 00400713 addi             x14, x0, 4          x14=00000004
   1906ns             187 000001f8 00e7a423 sw               x14, 8(x15)         x14:00000004 x15:00030000  PA:00030008
   1916ns             188 000001fc 00600713 addi             x14, x0, 6          x14=00000006
   1926ns             189 00000200 00e7a623 sw               x14, 12(x15)        x14:00000006 x15:00030000  PA:0003000c
   1936ns             190 00000204 00e7a823 sw               x14, 16(x15)        x14:00000006 x15:00030000  PA:00030010
   1946ns             191 00000208 02e7a023 sw               x14, 32(x15)        x14:00000006 x15:00030000  PA:00030020
   1956ns             192 0000020c 01400713 addi             x14, x0, 20         x14=00000014
   1966ns             193 00000210 02e7a823 sw               x14, 48(x15)        x14:00000014 x15:00030000  PA:00030030
   1976ns             194 00000214 05f00713 addi             x14, x0, 95         x14=0000005f
   1986ns             195 00000218 02e7aa23 sw               x14, 52(x15)        x14:0000005f x15:00030000  PA:00030034
   1996ns             196 0000021c 02300713 addi             x14, x0, 35         x14=00000023
   2006ns             197 00000220 02e7ac23 sw               x14, 56(x15)        x14:00000023 x15:00030000  PA:00030038
   2016ns             198 00000224 03200713 addi             x14, x0, 50         x14=00000032
   2026ns             199 00000228 00300693 addi             x13, x0, 3          x13=00000003
   2036ns             200 0000022c 04e7a023 sw               x14, 64(x15)        x14:00000032 x15:00030000  PA:00030040
   2046ns             201 00000230 02800713 addi             x14, x0, 40         x14=00000028
   2056ns             202 00000234 00d7aa23 sw               x13, 20(x15)        x13:00000003 x15:00030000  PA:00030014
   2066ns             203 00000238 00d7ac23 sw               x13, 24(x15)        x13:00000003 x15:00030000  PA:00030018
   2076ns             204 0000023c 04e7a223 sw               x14, 68(x15)        x14:00000028 x15:00030000  PA:00030044
   2086ns             205 00000240 00900693 addi             x13, x0, 9          x13=00000009
   2096ns             206 00000244 03c00713 addi             x14, x0, 60         x14=0000003c
   2106ns             207 00000248 80000e37 lui              x28, 0x80000000     x28=80000000
   2116ns             208 0000024c 00d7ae23 sw               x13, 28(x15)        x13:00000009 x15:00030000  PA:0003001c
   2126ns             209 00000250 04e7a423 sw               x14, 72(x15)        x14:0000003c x15:00030000  PA:00030048
   2136ns             210 00000254 0607a023 sw               x0, 96(x15)         x15:00030000  PA:00030060
   2146ns             211 00000258 00300f13 addi             x30, x0, 3          x30=00000003
   2156ns             212 0000025c fffe4e13 xori             x28, x28, -1        x28=7fffffff x28:80000000
   2166ns             213 00000260 00c00593 addi             x11, x0, 12         x11=0000000c
   2176ns             214 00000264 00300f93 addi             x31, x0, 3          x31=00000003
   2186ns             215 00000268 04078293 addi             x5, x15, 64          x5=00030040 x15:00030000
   2196ns             216 0000026c 00300e93 addi             x29, x0, 3          x29=00000003
   2206ns             217 00000270 1280006f jal              x0, 296            
   2226ns             219 00000398 000e0613 addi             x12, x28, 0         x12=7fffffff x28:7fffffff
   2236ns             220 0000039c 00000693 addi             x13, x0, 0          x13=00000000
   2246ns             221 000003a0 ed5ff06f jal              x0, -300           
   2266ns             223 00000274 02b68733 mul              x14, x13, x11       x14=00000000 x13:00000000 x11:0000000c
   2276ns             224 00000278 00e78733 add              x14, x15, x14       x14=00030000 x15:00030000 x14:00000000
   2286ns             225 0000027c 00472503 lw               x10, 4(x14)         x10=00000008 x14:00030000  PA:00030004
   2296ns             226 00000280 00072703 lw               x14, 0(x14)         x14=00000005 x14:00030000  PA:00030000
   2316ns             228 00000284 00e55463 bge              x10, x14, 8         x10:00000008 x14:00000005
   2346ns             231 0000028c 02b68533 mul              x10, x13, x11       x10=00000000 x13:00000000 x11:0000000c
   2356ns             232 00000290 00a78533 add              x10, x15, x10       x10=00030000 x15:00030000 x10:00000000
   2366ns             233 00000294 00852503 lw               x10, 8(x10)         x10=00000004 x10:00030000  PA:00030008
   2386ns             235 00000298 00e55463 bge              x10, x14, 8         x10:00000004 x14:00000005
   2396ns             236 0000029c 00050713 addi             x14, x10, 0         x14=00000004 x10:00000004
   2406ns             237 000002a0 00c75463 bge              x14, x12, 8         x14:00000004 x12:7fffffff
   2416ns             238 000002a4 00070613 addi             x12, x14, 0         x12=00000004 x14:00000004
   2426ns             239 000002a8 00168693 addi             x13, x13, 1         x13=00000001 x13:00000000
   2436ns             240 000002ac fdf694e3 bne              x13, x31, -56       x13:00000001 x31:00000003
   2466ns             243 00000274 02b68733 mul              x14, x13, x11       x14=0000000c x13:00000001 x11:0000000c
   2476ns             244 00000278 00e78733 add              x14, x15, x14       x14=0003000c x15:00030000 x14:0000000c
   2486ns             245 0000027c 00472503 lw               x10, 4(x14)         x10=00000006 x14:0003000c  PA:00030010
   2496ns             246 00000280 00072703 lw               x14, 0(x14)         x14=00000006 x14:0003000c  PA:0003000c
   2516ns             248 00000284 00e55463 bge              x10, x14, 8         x10:00000006 x14:00000006
   2546ns             251 0000028c 02b68533 mul              x10, x13, x11       x10=0000000c x13:00000001 x11:0000000c
   2556ns             252 00000290 00a78533 add              x10, x15, x10       x10=0003000c x15:00030000 x10:0000000c
   2566ns             253 00000294 00852503 lw               x10, 8(x10)         x10=00000003 x10:0003000c  PA:00030014
   2586ns             255 00000298 00e55463 bge              x10, x14, 8         x10:00000003 x14:00000006
   2596ns             256 0000029c 00050713 addi             x14, x10, 0         x14=00000003 x10:00000003
   2606ns             257 000002a0 00c75463 bge              x14, x12, 8         x14:00000003 x12:00000004
   2616ns             258 000002a4 00070613 addi             x12, x14, 0         x12=00000003 x14:00000003
   2626ns             259 000002a8 00168693 addi             x13, x13, 1         x13=00000002 x13:00000001
   2636ns             260 000002ac fdf694e3 bne              x13, x31, -56       x13:00000002 x31:00000003
   2666ns             263 00000274 02b68733 mul              x14, x13, x11       x14=00000018 x13:00000002 x11:0000000c
   2676ns             264 00000278 00e78733 add              x14, x15, x14       x14=00030018 x15:00030000 x14:00000018
   2686ns             265 0000027c 00472503 lw               x10, 4(x14)         x10=00000009 x14:00030018  PA:0003001c
   2696ns             266 00000280 00072703 lw               x14, 0(x14)         x14=00000003 x14:00030018  PA:00030018
   2716ns             268 00000284 00e55463 bge              x10, x14, 8         x10:00000009 x14:00000003
   2746ns             271 0000028c 02b68533 mul              x10, x13, x11       x10=00000018 x13:00000002 x11:0000000c
   2756ns             272 00000290 00a78533 add              x10, x15, x10       x10=00030018 x15:00030000 x10:00000018
   2766ns             273 00000294 00852503 lw               x10, 8(x10)         x10=00000006 x10:00030018  PA:00030020
   2786ns             275 00000298 00e55463 bge              x10, x14, 8         x10:00000006 x14:00000003
   2816ns             278 000002a0 00c75463 bge              x14, x12, 8         x14:00000003 x12:00000003
   2846ns             281 000002a8 00168693 addi             x13, x13, 1         x13=00000003 x13:00000002
   2856ns             282 000002ac fdf694e3 bne              x13, x31, -56       x13:00000003 x31:00000003
   2866ns             283 000002b0 00000693 addi             x13, x0, 0          x13=00000000
   2876ns             284 000002b4 00000713 addi             x14, x0, 0          x14=00000000
   2886ns             285 000002b8 02b70533 mul              x10, x14, x11       x10=00000000 x14:00000000 x11:0000000c
   2896ns             286 000002bc 00a78533 add              x10, x15, x10       x10=00030000 x15:00030000 x10:00000000
   2906ns             287 000002c0 00052503 lw               x10, 0(x10)         x10=00000005 x10:00030000  PA:00030000
   2926ns             289 000002c4 00c51c63 bne              x10, x12, 24        x10:00000005 x12:00000003
   2956ns             292 000002dc 02b70533 mul              x10, x14, x11       x10=00000000 x14:00000000 x11:0000000c
   2966ns             293 000002e0 00a78533 add              x10, x15, x10       x10=00030000 x15:00030000 x10:00000000
   2976ns             294 000002e4 00452503 lw               x10, 4(x10)         x10=00000008 x10:00030000  PA:00030004
   2996ns             296 000002e8 00c51c63 bne              x10, x12, 24        x10:00000008 x12:00000003
   3026ns             299 00000300 02b70533 mul              x10, x14, x11       x10=00000000 x14:00000000 x11:0000000c
   3036ns             300 00000304 00a78533 add              x10, x15, x10       x10=00030000 x15:00030000 x10:00000000
   3046ns             301 00000308 00852503 lw               x10, 8(x10)         x10=00000004 x10:00030000  PA:00030008
   3066ns             303 0000030c 00c51c63 bne              x10, x12, 24        x10:00000004 x12:00000003
   3096ns             306 00000324 00170713 addi             x14, x14, 1         x14=00000001 x14:00000000
   3106ns             307 00000328 f9f718e3 bne              x14, x31, -112      x14:00000001 x31:00000003
   3136ns             310 000002b8 02b70533 mul              x10, x14, x11       x10=0000000c x14:00000001 x11:0000000c
   3146ns             311 000002bc 00a78533 add              x10, x15, x10       x10=0003000c x15:00030000 x10:0000000c
   3156ns             312 000002c0 00052503 lw               x10, 0(x10)         x10=00000006 x10:0003000c  PA:0003000c
   3176ns             314 000002c4 00c51c63 bne              x10, x12, 24        x10:00000006 x12:00000003
   3206ns             317 000002dc 02b70533 mul              x10, x14, x11       x10=0000000c x14:00000001 x11:0000000c
   3216ns             318 000002e0 00a78533 add              x10, x15, x10       x10=0003000c x15:00030000 x10:0000000c
   3226ns             319 000002e4 00452503 lw               x10, 4(x10)         x10=00000006 x10:0003000c  PA:00030010
   3246ns             321 000002e8 00c51c63 bne              x10, x12, 24        x10:00000006 x12:00000003
   3276ns             324 00000300 02b70533 mul              x10, x14, x11       x10=0000000c x14:00000001 x11:0000000c
   3286ns             325 00000304 00a78533 add              x10, x15, x10       x10=0003000c x15:00030000 x10:0000000c
   3296ns             326 00000308 00852503 lw               x10, 8(x10)         x10=00000003 x10:0003000c  PA:00030014
   3316ns             328 0000030c 00c51c63 bne              x10, x12, 24        x10:00000003 x12:00000003
   3326ns             329 00000310 0387a503 lw               x10, 56(x15)        x10=00000023 x15:00030000  PA:00030038
   3346ns             331 00000314 00d54863 blt              x10, x13, 16        x10:00000023 x13:00000000
   3356ns             332 00000318 00050693 addi             x13, x10, 0         x13=00000023 x10:00000023
   3366ns             333 0000031c 00070893 addi             x17, x14, 0         x17=00000001 x14:00000001
   3376ns             334 00000320 00200313 addi             x6, x0, 2            x6=00000002
   3386ns             335 00000324 00170713 addi             x14, x14, 1         x14=00000002 x14:00000001
   3396ns             336 00000328 f9f718e3 bne              x14, x31, -112      x14:00000002 x31:00000003
   3426ns             339 000002b8 02b70533 mul              x10, x14, x11       x10=00000018 x14:00000002 x11:0000000c
   3436ns             340 000002bc 00a78533 add              x10, x15, x10       x10=00030018 x15:00030000 x10:00000018
   3446ns             341 000002c0 00052503 lw               x10, 0(x10)         x10=00000003 x10:00030018  PA:00030018
   3466ns             343 000002c4 00c51c63 bne              x10, x12, 24        x10:00000003 x12:00000003
   3476ns             344 000002c8 0307a503 lw               x10, 48(x15)        x10=00000014 x15:00030000  PA:00030030
   3496ns             346 000002cc 00d54863 blt              x10, x13, 16        x10:00000014 x13:00000023
   3526ns             349 000002dc 02b70533 mul              x10, x14, x11       x10=00000018 x14:00000002 x11:0000000c
   3536ns             350 000002e0 00a78533 add              x10, x15, x10       x10=00030018 x15:00030000 x10:00000018
   3546ns             351 000002e4 00452503 lw               x10, 4(x10)         x10=00000009 x10:00030018  PA:0003001c
   3566ns             353 000002e8 00c51c63 bne              x10, x12, 24        x10:00000009 x12:00000003
   3596ns             356 00000300 02b70533 mul              x10, x14, x11       x10=00000018 x14:00000002 x11:0000000c
   3606ns             357 00000304 00a78533 add              x10, x15, x10       x10=00030018 x15:00030000 x10:00000018
   3616ns             358 00000308 00852503 lw               x10, 8(x10)         x10=00000006 x10:00030018  PA:00030020
   3636ns             360 0000030c 00c51c63 bne              x10, x12, 24        x10:00000006 x12:00000003
   3666ns             363 00000324 00170713 addi             x14, x14, 1         x14=00000003 x14:00000002
   3676ns             364 00000328 f9f718e3 bne              x14, x31, -112      x14:00000003 x31:00000003
   3686ns             365 0000032c 03078693 addi             x13, x15, 48        x13=00030030 x15:00030000
   3696ns             366 00000330 00289513 slli             x10, x17, 0x2       x10=00000004 x17:00000001
   3706ns             367 00000334 00231713 slli             x14, x6, 0x2        x14=00000008  x6:00000002
   3716ns             368 00000338 00d70733 add              x14, x14, x13       x14=00030038 x14:00000008 x13:00030030
   3726ns             369 0000033c 00550533 add              x10, x10, x5        x10=00030044 x10:00000004  x5:00030040
   3736ns             370 00000340 00072803 lw               x16, 0(x14)         x16=00000023 x14:00030038  PA:00030038
   3746ns             371 00000344 00052683 lw               x13, 0(x10)         x13=00000028 x10:00030044  PA:00030044
   3766ns             373 00000348 00d85463 bge              x16, x13, 8         x16:00000023 x13:00000028
   3776ns             374 0000034c 00080693 addi             x13, x16, 0         x13=00000023 x16:00000023
   3786ns             375 00000350 40d80833 sub              x16, x16, x13       x16=00000000 x16:00000023 x13:00000023
   3796ns             376 00000354 01072023 sw               x16, 0(x14)         x16:00000000 x14:00030038  PA:00030038
   3806ns             377 00000358 00052703 lw               x14, 0(x10)         x14=00000028 x10:00030044  PA:00030044
   3816ns             378 0000035c fffe8e93 addi             x29, x29, -1        x29=00000002 x29:00000003
   3826ns             379 00000360 40d70733 sub              x14, x14, x13       x14=00000005 x14:00000028 x13:00000023
   3836ns             380 00000364 00e52023 sw               x14, 0(x10)         x14:00000005 x10:00030044  PA:00030044
   3846ns             381 00000368 03f88733 mul              x14, x17, x31       x14=00000003 x17:00000001 x31:00000003
   3856ns             382 0000036c 00670733 add              x14, x14, x6        x14=00000005 x14:00000003  x6:00000002
   3866ns             383 00000370 02c686b3 mul              x13, x13, x12       x13=00000069 x13:00000023 x12:00000003
   3876ns             384 00000374 00271713 slli             x14, x14, 0x2       x14=00000014 x14:00000005
   3886ns             385 00000378 00e78733 add              x14, x15, x14       x14=00030014 x15:00030000 x14:00000014
   3896ns             386 0000037c 00072503 lw               x10, 0(x14)         x10=00000003 x14:00030014  PA:00030014
   3916ns             388 00000380 01c56533 or               x10, x10, x28       x10=7fffffff x10:00000003 x28:7fffffff
   3926ns             389 00000384 00a72023 sw               x10, 0(x14)         x10:7fffffff x14:00030014  PA:00030014
   3936ns             390 00000388 0607a703 lw               x14, 96(x15)        x14=00000000 x15:00030000  PA:00030060
   3956ns             392 0000038c 00d706b3 add              x13, x14, x13       x13=00000069 x14:00000000 x13:00000069
   3966ns             393 00000390 06d7a023 sw               x13, 96(x15)        x13:00000069 x15:00030000  PA:00030060
   3976ns             394 00000394 000e8863 beq              x29, x0, 16         x29:00000002
   3986ns             395 00000398 000e0613 addi             x12, x28, 0         x12=7fffffff x28:7fffffff
   3996ns             396 0000039c 00000693 addi             x13, x0, 0          x13=00000000
   4006ns             397 000003a0 ed5ff06f jal              x0, -300           
   4026ns             399 00000274 02b68733 mul              x14, x13, x11       x14=00000000 x13:00000000 x11:0000000c
   4036ns             400 00000278 00e78733 add              x14, x15, x14       x14=00030000 x15:00030000 x14:00000000
   4046ns             401 0000027c 00472503 lw               x10, 4(x14)         x10=00000008 x14:00030000  PA:00030004
   4056ns             402 00000280 00072703 lw               x14, 0(x14)         x14=00000005 x14:00030000  PA:00030000
   4076ns             404 00000284 00e55463 bge              x10, x14, 8         x10:00000008 x14:00000005
   4106ns             407 0000028c 02b68533 mul              x10, x13, x11       x10=00000000 x13:00000000 x11:0000000c
   4116ns             408 00000290 00a78533 add              x10, x15, x10       x10=00030000 x15:00030000 x10:00000000
   4126ns             409 00000294 00852503 lw               x10, 8(x10)         x10=00000004 x10:00030000  PA:00030008
   4146ns             411 00000298 00e55463 bge              x10, x14, 8         x10:00000004 x14:00000005
   4156ns             412 0000029c 00050713 addi             x14, x10, 0         x14=00000004 x10:00000004
   4166ns             413 000002a0 00c75463 bge              x14, x12, 8         x14:00000004 x12:7fffffff
   4176ns             414 000002a4 00070613 addi             x12, x14, 0         x12=00000004 x14:00000004
   4186ns             415 000002a8 00168693 addi             x13, x13, 1         x13=00000001 x13:00000000
   4196ns             416 000002ac fdf694e3 bne              x13, x31, -56       x13:00000001 x31:00000003
   4226ns             419 00000274 02b68733 mul              x14, x13, x11       x14=0000000c x13:00000001 x11:0000000c
   4236ns             420 00000278 00e78733 add              x14, x15, x14       x14=0003000c x15:00030000 x14:0000000c
   4246ns             421 0000027c 00472503 lw               x10, 4(x14)         x10=00000006 x14:0003000c  PA:00030010
   4256ns             422 00000280 00072703 lw               x14, 0(x14)         x14=00000006 x14:0003000c  PA:0003000c
   4276ns             424 00000284 00e55463 bge              x10, x14, 8         x10:00000006 x14:00000006
   4306ns             427 0000028c 02b68533 mul              x10, x13, x11       x10=0000000c x13:00000001 x11:0000000c
   4316ns             428 00000290 00a78533 add              x10, x15, x10       x10=0003000c x15:00030000 x10:0000000c
   4326ns             429 00000294 00852503 lw               x10, 8(x10)         x10=7fffffff x10:0003000c  PA:00030014
   4346ns             431 00000298 00e55463 bge              x10, x14, 8         x10:7fffffff x14:00000006
   4376ns             434 000002a0 00c75463 bge              x14, x12, 8         x14:00000006 x12:00000004
   4406ns             437 000002a8 00168693 addi             x13, x13, 1         x13=00000002 x13:00000001
   4416ns             438 000002ac fdf694e3 bne              x13, x31, -56       x13:00000002 x31:00000003
   4446ns             441 00000274 02b68733 mul              x14, x13, x11       x14=00000018 x13:00000002 x11:0000000c
   4456ns             442 00000278 00e78733 add              x14, x15, x14       x14=00030018 x15:00030000 x14:00000018
   4466ns             443 0000027c 00472503 lw               x10, 4(x14)         x10=00000009 x14:00030018  PA:0003001c
   4476ns             444 00000280 00072703 lw               x14, 0(x14)         x14=00000003 x14:00030018  PA:00030018
   4496ns             446 00000284 00e55463 bge              x10, x14, 8         x10:00000009 x14:00000003
   4526ns             449 0000028c 02b68533 mul              x10, x13, x11       x10=00000018 x13:00000002 x11:0000000c
   4536ns             450 00000290 00a78533 add              x10, x15, x10       x10=00030018 x15:00030000 x10:00000018
   4546ns             451 00000294 00852503 lw               x10, 8(x10)         x10=00000006 x10:00030018  PA:00030020
   4566ns             453 00000298 00e55463 bge              x10, x14, 8         x10:00000006 x14:00000003
   4596ns             456 000002a0 00c75463 bge              x14, x12, 8         x14:00000003 x12:00000004
   4606ns             457 000002a4 00070613 addi             x12, x14, 0         x12=00000003 x14:00000003
   4616ns             458 000002a8 00168693 addi             x13, x13, 1         x13=00000003 x13:00000002
   4626ns             459 000002ac fdf694e3 bne              x13, x31, -56       x13:00000003 x31:00000003
   4636ns             460 000002b0 00000693 addi             x13, x0, 0          x13=00000000
   4646ns             461 000002b4 00000713 addi             x14, x0, 0          x14=00000000
   4656ns             462 000002b8 02b70533 mul              x10, x14, x11       x10=00000000 x14:00000000 x11:0000000c
   4666ns             463 000002bc 00a78533 add              x10, x15, x10       x10=00030000 x15:00030000 x10:00000000
   4676ns             464 000002c0 00052503 lw               x10, 0(x10)         x10=00000005 x10:00030000  PA:00030000
   4696ns             466 000002c4 00c51c63 bne              x10, x12, 24        x10:00000005 x12:00000003
   4726ns             469 000002dc 02b70533 mul              x10, x14, x11       x10=00000000 x14:00000000 x11:0000000c
   4736ns             470 000002e0 00a78533 add              x10, x15, x10       x10=00030000 x15:00030000 x10:00000000
   4746ns             471 000002e4 00452503 lw               x10, 4(x10)         x10=00000008 x10:00030000  PA:00030004
   4766ns             473 000002e8 00c51c63 bne              x10, x12, 24        x10:00000008 x12:00000003
   4796ns             476 00000300 02b70533 mul              x10, x14, x11       x10=00000000 x14:00000000 x11:0000000c
   4806ns             477 00000304 00a78533 add              x10, x15, x10       x10=00030000 x15:00030000 x10:00000000
   4816ns             478 00000308 00852503 lw               x10, 8(x10)         x10=00000004 x10:00030000  PA:00030008
   4836ns             480 0000030c 00c51c63 bne              x10, x12, 24        x10:00000004 x12:00000003
   4866ns             483 00000324 00170713 addi             x14, x14, 1         x14=00000001 x14:00000000
   4876ns             484 00000328 f9f718e3 bne              x14, x31, -112      x14:00000001 x31:00000003
   4906ns             487 000002b8 02b70533 mul              x10, x14, x11       x10=0000000c x14:00000001 x11:0000000c
   4916ns             488 000002bc 00a78533 add              x10, x15, x10       x10=0003000c x15:00030000 x10:0000000c
   4926ns             489 000002c0 00052503 lw               x10, 0(x10)         x10=00000006 x10:0003000c  PA:0003000c
   4946ns             491 000002c4 00c51c63 bne              x10, x12, 24        x10:00000006 x12:00000003
   4976ns             494 000002dc 02b70533 mul              x10, x14, x11       x10=0000000c x14:00000001 x11:0000000c
   4986ns             495 000002e0 00a78533 add              x10, x15, x10       x10=0003000c x15:00030000 x10:0000000c
   4996ns             496 000002e4 00452503 lw               x10, 4(x10)         x10=00000006 x10:0003000c  PA:00030010
   5016ns             498 000002e8 00c51c63 bne              x10, x12, 24        x10:00000006 x12:00000003
   5046ns             501 00000300 02b70533 mul              x10, x14, x11       x10=0000000c x14:00000001 x11:0000000c
   5056ns             502 00000304 00a78533 add              x10, x15, x10       x10=0003000c x15:00030000 x10:0000000c
   5066ns             503 00000308 00852503 lw               x10, 8(x10)         x10=7fffffff x10:0003000c  PA:00030014
   5086ns             505 0000030c 00c51c63 bne              x10, x12, 24        x10:7fffffff x12:00000003
   5116ns             508 00000324 00170713 addi             x14, x14, 1         x14=00000002 x14:00000001
   5126ns             509 00000328 f9f718e3 bne              x14, x31, -112      x14:00000002 x31:00000003
   5156ns             512 000002b8 02b70533 mul              x10, x14, x11       x10=00000018 x14:00000002 x11:0000000c
   5166ns             513 000002bc 00a78533 add              x10, x15, x10       x10=00030018 x15:00030000 x10:00000018
   5176ns             514 000002c0 00052503 lw               x10, 0(x10)         x10=00000003 x10:00030018  PA:00030018
   5196ns             516 000002c4 00c51c63 bne              x10, x12, 24        x10:00000003 x12:00000003
   5206ns             517 000002c8 0307a503 lw               x10, 48(x15)        x10=00000014 x15:00030000  PA:00030030
   5226ns             519 000002cc 00d54863 blt              x10, x13, 16        x10:00000014 x13:00000000
   5236ns             520 000002d0 00050693 addi             x13, x10, 0         x13=00000014 x10:00000014
   5246ns             521 000002d4 00070893 addi             x17, x14, 0         x17=00000002 x14:00000002
   5256ns             522 000002d8 00000313 addi             x6, x0, 0            x6=00000000
   5266ns             523 000002dc 02b70533 mul              x10, x14, x11       x10=00000018 x14:00000002 x11:0000000c
   5276ns             524 000002e0 00a78533 add              x10, x15, x10       x10=00030018 x15:00030000 x10:00000018
   5286ns             525 000002e4 00452503 lw               x10, 4(x10)         x10=00000009 x10:00030018  PA:0003001c
   5306ns             527 000002e8 00c51c63 bne              x10, x12, 24        x10:00000009 x12:00000003
   5336ns             530 00000300 02b70533 mul              x10, x14, x11       x10=00000018 x14:00000002 x11:0000000c
   5346ns             531 00000304 00a78533 add              x10, x15, x10       x10=00030018 x15:00030000 x10:00000018
   5356ns             532 00000308 00852503 lw               x10, 8(x10)         x10=00000006 x10:00030018  PA:00030020
   5376ns             534 0000030c 00c51c63 bne              x10, x12, 24        x10:00000006 x12:00000003
   5406ns             537 00000324 00170713 addi             x14, x14, 1         x14=00000003 x14:00000002
   5416ns             538 00000328 f9f718e3 bne              x14, x31, -112      x14:00000003 x31:00000003
   5426ns             539 0000032c 03078693 addi             x13, x15, 48        x13=00030030 x15:00030000
   5436ns             540 00000330 00289513 slli             x10, x17, 0x2       x10=00000008 x17:00000002
   5446ns             541 00000334 00231713 slli             x14, x6, 0x2        x14=00000000  x6:00000000
   5456ns             542 00000338 00d70733 add              x14, x14, x13       x14=00030030 x14:00000000 x13:00030030
   5466ns             543 0000033c 00550533 add              x10, x10, x5        x10=00030048 x10:00000008  x5:00030040
   5476ns             544 00000340 00072803 lw               x16, 0(x14)         x16=00000014 x14:00030030  PA:00030030
   5486ns             545 00000344 00052683 lw               x13, 0(x10)         x13=0000003c x10:00030048  PA:00030048
   5506ns             547 00000348 00d85463 bge              x16, x13, 8         x16:00000014 x13:0000003c
   5516ns             548 0000034c 00080693 addi             x13, x16, 0         x13=00000014 x16:00000014
   5526ns             549 00000350 40d80833 sub              x16, x16, x13       x16=00000000 x16:00000014 x13:00000014
   5536ns             550 00000354 01072023 sw               x16, 0(x14)         x16:00000000 x14:00030030  PA:00030030
   5546ns             551 00000358 00052703 lw               x14, 0(x10)         x14=0000003c x10:00030048  PA:00030048
   5556ns             552 0000035c fffe8e93 addi             x29, x29, -1        x29=00000001 x29:00000002
   5566ns             553 00000360 40d70733 sub              x14, x14, x13       x14=00000028 x14:0000003c x13:00000014
   5576ns             554 00000364 00e52023 sw               x14, 0(x10)         x14:00000028 x10:00030048  PA:00030048
   5586ns             555 00000368 03f88733 mul              x14, x17, x31       x14=00000006 x17:00000002 x31:00000003
   5596ns             556 0000036c 00670733 add              x14, x14, x6        x14=00000006 x14:00000006  x6:00000000
   5606ns             557 00000370 02c686b3 mul              x13, x13, x12       x13=0000003c x13:00000014 x12:00000003
   5616ns             558 00000374 00271713 slli             x14, x14, 0x2       x14=00000018 x14:00000006
   5626ns             559 00000378 00e78733 add              x14, x15, x14       x14=00030018 x15:00030000 x14:00000018
   5636ns             560 0000037c 00072503 lw               x10, 0(x14)         x10=00000003 x14:00030018  PA:00030018
   5656ns             562 00000380 01c56533 or               x10, x10, x28       x10=7fffffff x10:00000003 x28:7fffffff
   5666ns             563 00000384 00a72023 sw               x10, 0(x14)         x10:7fffffff x14:00030018  PA:00030018
   5676ns             564 00000388 0607a703 lw               x14, 96(x15)        x14=00000069 x15:00030000  PA:00030060
   5696ns             566 0000038c 00d706b3 add              x13, x14, x13       x13=000000a5 x14:00000069 x13:0000003c
   5706ns             567 00000390 06d7a023 sw               x13, 96(x15)        x13:000000a5 x15:00030000  PA:00030060
   5716ns             568 00000394 000e8863 beq              x29, x0, 16         x29:00000001
   5726ns             569 00000398 000e0613 addi             x12, x28, 0         x12=7fffffff x28:7fffffff
   5736ns             570 0000039c 00000693 addi             x13, x0, 0          x13=00000000
   5746ns             571 000003a0 ed5ff06f jal              x0, -300           
   5766ns             573 00000274 02b68733 mul              x14, x13, x11       x14=00000000 x13:00000000 x11:0000000c
   5776ns             574 00000278 00e78733 add              x14, x15, x14       x14=00030000 x15:00030000 x14:00000000
   5786ns             575 0000027c 00472503 lw               x10, 4(x14)         x10=00000008 x14:00030000  PA:00030004
   5796ns             576 00000280 00072703 lw               x14, 0(x14)         x14=00000005 x14:00030000  PA:00030000
   5816ns             578 00000284 00e55463 bge              x10, x14, 8         x10:00000008 x14:00000005
   5846ns             581 0000028c 02b68533 mul              x10, x13, x11       x10=00000000 x13:00000000 x11:0000000c
   5856ns             582 00000290 00a78533 add              x10, x15, x10       x10=00030000 x15:00030000 x10:00000000
   5866ns             583 00000294 00852503 lw               x10, 8(x10)         x10=00000004 x10:00030000  PA:00030008
   5886ns             585 00000298 00e55463 bge              x10, x14, 8         x10:00000004 x14:00000005
   5896ns             586 0000029c 00050713 addi             x14, x10, 0         x14=00000004 x10:00000004
   5906ns             587 000002a0 00c75463 bge              x14, x12, 8         x14:00000004 x12:7fffffff
   5916ns             588 000002a4 00070613 addi             x12, x14, 0         x12=00000004 x14:00000004
   5926ns             589 000002a8 00168693 addi             x13, x13, 1         x13=00000001 x13:00000000
   5936ns             590 000002ac fdf694e3 bne              x13, x31, -56       x13:00000001 x31:00000003
   5966ns             593 00000274 02b68733 mul              x14, x13, x11       x14=0000000c x13:00000001 x11:0000000c
   5976ns             594 00000278 00e78733 add              x14, x15, x14       x14=0003000c x15:00030000 x14:0000000c
   5986ns             595 0000027c 00472503 lw               x10, 4(x14)         x10=00000006 x14:0003000c  PA:00030010
   5996ns             596 00000280 00072703 lw               x14, 0(x14)         x14=00000006 x14:0003000c  PA:0003000c
   6016ns             598 00000284 00e55463 bge              x10, x14, 8         x10:00000006 x14:00000006
   6046ns             601 0000028c 02b68533 mul              x10, x13, x11       x10=0000000c x13:00000001 x11:0000000c
   6056ns             602 00000290 00a78533 add              x10, x15, x10       x10=0003000c x15:00030000 x10:0000000c
   6066ns             603 00000294 00852503 lw               x10, 8(x10)         x10=7fffffff x10:0003000c  PA:00030014
   6086ns             605 00000298 00e55463 bge              x10, x14, 8         x10:7fffffff x14:00000006
   6116ns             608 000002a0 00c75463 bge              x14, x12, 8         x14:00000006 x12:00000004
   6146ns             611 000002a8 00168693 addi             x13, x13, 1         x13=00000002 x13:00000001
   6156ns             612 000002ac fdf694e3 bne              x13, x31, -56       x13:00000002 x31:00000003
   6186ns             615 00000274 02b68733 mul              x14, x13, x11       x14=00000018 x13:00000002 x11:0000000c
   6196ns             616 00000278 00e78733 add              x14, x15, x14       x14=00030018 x15:00030000 x14:00000018
   6206ns             617 0000027c 00472503 lw               x10, 4(x14)         x10=00000009 x14:00030018  PA:0003001c
   6216ns             618 00000280 00072703 lw               x14, 0(x14)         x14=7fffffff x14:00030018  PA:00030018
   6236ns             620 00000284 00e55463 bge              x10, x14, 8         x10:00000009 x14:7fffffff
   6246ns             621 00000288 00050713 addi             x14, x10, 0         x14=00000009 x10:00000009
   6256ns             622 0000028c 02b68533 mul              x10, x13, x11       x10=00000018 x13:00000002 x11:0000000c
   6266ns             623 00000290 00a78533 add              x10, x15, x10       x10=00030018 x15:00030000 x10:00000018
   6276ns             624 00000294 00852503 lw               x10, 8(x10)         x10=00000006 x10:00030018  PA:00030020
   6296ns             626 00000298 00e55463 bge              x10, x14, 8         x10:00000006 x14:00000009
   6306ns             627 0000029c 00050713 addi             x14, x10, 0         x14=00000006 x10:00000006
   6316ns             628 000002a0 00c75463 bge              x14, x12, 8         x14:00000006 x12:00000004
   6346ns             631 000002a8 00168693 addi             x13, x13, 1         x13=00000003 x13:00000002
   6356ns             632 000002ac fdf694e3 bne              x13, x31, -56       x13:00000003 x31:00000003
   6366ns             633 000002b0 00000693 addi             x13, x0, 0          x13=00000000
   6376ns             634 000002b4 00000713 addi             x14, x0, 0          x14=00000000
   6386ns             635 000002b8 02b70533 mul              x10, x14, x11       x10=00000000 x14:00000000 x11:0000000c
   6396ns             636 000002bc 00a78533 add              x10, x15, x10       x10=00030000 x15:00030000 x10:00000000
   6406ns             637 000002c0 00052503 lw               x10, 0(x10)         x10=00000005 x10:00030000  PA:00030000
   6426ns             639 000002c4 00c51c63 bne              x10, x12, 24        x10:00000005 x12:00000004
   6456ns             642 000002dc 02b70533 mul              x10, x14, x11       x10=00000000 x14:00000000 x11:0000000c
   6466ns             643 000002e0 00a78533 add              x10, x15, x10       x10=00030000 x15:00030000 x10:00000000
   6476ns             644 000002e4 00452503 lw               x10, 4(x10)         x10=00000008 x10:00030000  PA:00030004
   6496ns             646 000002e8 00c51c63 bne              x10, x12, 24        x10:00000008 x12:00000004
   6526ns             649 00000300 02b70533 mul              x10, x14, x11       x10=00000000 x14:00000000 x11:0000000c
   6536ns             650 00000304 00a78533 add              x10, x15, x10       x10=00030000 x15:00030000 x10:00000000
   6546ns             651 00000308 00852503 lw               x10, 8(x10)         x10=00000004 x10:00030000  PA:00030008
   6566ns             653 0000030c 00c51c63 bne              x10, x12, 24        x10:00000004 x12:00000004
   6576ns             654 00000310 0387a503 lw               x10, 56(x15)        x10=00000000 x15:00030000  PA:00030038
   6596ns             656 00000314 00d54863 blt              x10, x13, 16        x10:00000000 x13:00000000
   6606ns             657 00000318 00050693 addi             x13, x10, 0         x13=00000000 x10:00000000
   6616ns             658 0000031c 00070893 addi             x17, x14, 0         x17=00000000 x14:00000000
   6626ns             659 00000320 00200313 addi             x6, x0, 2            x6=00000002
   6636ns             660 00000324 00170713 addi             x14, x14, 1         x14=00000001 x14:00000000
   6646ns             661 00000328 f9f718e3 bne              x14, x31, -112      x14:00000001 x31:00000003
   6676ns             664 000002b8 02b70533 mul              x10, x14, x11       x10=0000000c x14:00000001 x11:0000000c
   6686ns             665 000002bc 00a78533 add              x10, x15, x10       x10=0003000c x15:00030000 x10:0000000c
   6696ns             666 000002c0 00052503 lw               x10, 0(x10)         x10=00000006 x10:0003000c  PA:0003000c
   6716ns             668 000002c4 00c51c63 bne              x10, x12, 24        x10:00000006 x12:00000004
   6746ns             671 000002dc 02b70533 mul              x10, x14, x11       x10=0000000c x14:00000001 x11:0000000c
   6756ns             672 000002e0 00a78533 add              x10, x15, x10       x10=0003000c x15:00030000 x10:0000000c
   6766ns             673 000002e4 00452503 lw               x10, 4(x10)         x10=00000006 x10:0003000c  PA:00030010
   6786ns             675 000002e8 00c51c63 bne              x10, x12, 24        x10:00000006 x12:00000004
   6816ns             678 00000300 02b70533 mul              x10, x14, x11       x10=0000000c x14:00000001 x11:0000000c
   6826ns             679 00000304 00a78533 add              x10, x15, x10       x10=0003000c x15:00030000 x10:0000000c
   6836ns             680 00000308 00852503 lw               x10, 8(x10)         x10=7fffffff x10:0003000c  PA:00030014
   6856ns             682 0000030c 00c51c63 bne              x10, x12, 24        x10:7fffffff x12:00000004
   6886ns             685 00000324 00170713 addi             x14, x14, 1         x14=00000002 x14:00000001
   6896ns             686 00000328 f9f718e3 bne              x14, x31, -112      x14:00000002 x31:00000003
   6926ns             689 000002b8 02b70533 mul              x10, x14, x11       x10=00000018 x14:00000002 x11:0000000c
   6936ns             690 000002bc 00a78533 add              x10, x15, x10       x10=00030018 x15:00030000 x10:00000018
   6946ns             691 000002c0 00052503 lw               x10, 0(x10)         x10=7fffffff x10:00030018  PA:00030018
   6966ns             693 000002c4 00c51c63 bne              x10, x12, 24        x10:7fffffff x12:00000004
   6996ns             696 000002dc 02b70533 mul              x10, x14, x11       x10=00000018 x14:00000002 x11:0000000c
   7006ns             697 000002e0 00a78533 add              x10, x15, x10       x10=00030018 x15:00030000 x10:00000018
   7016ns             698 000002e4 00452503 lw               x10, 4(x10)         x10=00000009 x10:00030018  PA:0003001c
   7036ns             700 000002e8 00c51c63 bne              x10, x12, 24        x10:00000009 x12:00000004
   7066ns             703 00000300 02b70533 mul              x10, x14, x11       x10=00000018 x14:00000002 x11:0000000c
   7076ns             704 00000304 00a78533 add              x10, x15, x10       x10=00030018 x15:00030000 x10:00000018
   7086ns             705 00000308 00852503 lw               x10, 8(x10)         x10=00000006 x10:00030018  PA:00030020
   7106ns             707 0000030c 00c51c63 bne              x10, x12, 24        x10:00000006 x12:00000004
   7136ns             710 00000324 00170713 addi             x14, x14, 1         x14=00000003 x14:00000002
   7146ns             711 00000328 f9f718e3 bne              x14, x31, -112      x14:00000003 x31:00000003
   7156ns             712 0000032c 03078693 addi             x13, x15, 48        x13=00030030 x15:00030000
   7166ns             713 00000330 00289513 slli             x10, x17, 0x2       x10=00000000 x17:00000000
   7176ns             714 00000334 00231713 slli             x14, x6, 0x2        x14=00000008  x6:00000002
   7186ns             715 00000338 00d70733 add              x14, x14, x13       x14=00030038 x14:00000008 x13:00030030
   7196ns             716 0000033c 00550533 add              x10, x10, x5        x10=00030040 x10:00000000  x5:00030040
   7206ns             717 00000340 00072803 lw               x16, 0(x14)         x16=00000000 x14:00030038  PA:00030038
   7216ns             718 00000344 00052683 lw               x13, 0(x10)         x13=00000032 x10:00030040  PA:00030040
   7236ns             720 00000348 00d85463 bge              x16, x13, 8         x16:00000000 x13:00000032
   7246ns             721 0000034c 00080693 addi             x13, x16, 0         x13=00000000 x16:00000000
   7256ns             722 00000350 40d80833 sub              x16, x16, x13       x16=00000000 x16:00000000 x13:00000000
   7266ns             723 00000354 01072023 sw               x16, 0(x14)         x16:00000000 x14:00030038  PA:00030038
   7276ns             724 00000358 00052703 lw               x14, 0(x10)         x14=00000032 x10:00030040  PA:00030040
   7286ns             725 0000035c fffe8e93 addi             x29, x29, -1        x29=00000000 x29:00000001
   7296ns             726 00000360 40d70733 sub              x14, x14, x13       x14=00000032 x14:00000032 x13:00000000
   7306ns             727 00000364 00e52023 sw               x14, 0(x10)         x14:00000032 x10:00030040  PA:00030040
   7316ns             728 00000368 03f88733 mul              x14, x17, x31       x14=00000000 x17:00000000 x31:00000003
   7326ns             729 0000036c 00670733 add              x14, x14, x6        x14=00000002 x14:00000000  x6:00000002
   7336ns             730 00000370 02c686b3 mul              x13, x13, x12       x13=00000000 x13:00000000 x12:00000004
   7346ns             731 00000374 00271713 slli             x14, x14, 0x2       x14=00000008 x14:00000002
   7356ns             732 00000378 00e78733 add              x14, x15, x14       x14=00030008 x15:00030000 x14:00000008
   7366ns             733 0000037c 00072503 lw               x10, 0(x14)         x10=00000004 x14:00030008  PA:00030008
   7386ns             735 00000380 01c56533 or               x10, x10, x28       x10=7fffffff x10:00000004 x28:7fffffff
   7396ns             736 00000384 00a72023 sw               x10, 0(x14)         x10:7fffffff x14:00030008  PA:00030008
   7406ns             737 00000388 0607a703 lw               x14, 96(x15)        x14=000000a5 x15:00030000  PA:00030060
   7426ns             739 0000038c 00d706b3 add              x13, x14, x13       x13=000000a5 x14:000000a5 x13:00000000
   7436ns             740 00000390 06d7a023 sw               x13, 96(x15)        x13:000000a5 x15:00030000  PA:00030060
   7446ns             741 00000394 000e8863 beq              x29, x0, 16         x29:00000000
   7476ns             744 000003a4 ffff0f13 addi             x30, x30, -1        x30=00000002 x30:00000003
   7486ns             745 000003a8 ec0f12e3 bne              x30, x0, -316       x30:00000002
   7516ns             748 0000026c 00300e93 addi             x29, x0, 3          x29=00000003
   7526ns             749 00000270 1280006f jal              x0, 296            
   7546ns             751 00000398 000e0613 addi             x12, x28, 0         x12=7fffffff x28:7fffffff
   7556ns             752 0000039c 00000693 addi             x13, x0, 0          x13=00000000
   7566ns             753 000003a0 ed5ff06f jal              x0, -300           
   7586ns             755 00000274 02b68733 mul              x14, x13, x11       x14=00000000 x13:00000000 x11:0000000c
   7596ns             756 00000278 00e78733 add              x14, x15, x14       x14=00030000 x15:00030000 x14:00000000
   7606ns             757 0000027c 00472503 lw               x10, 4(x14)         x10=00000008 x14:00030000  PA:00030004
   7616ns             758 00000280 00072703 lw               x14, 0(x14)         x14=00000005 x14:00030000  PA:00030000
   7636ns             760 00000284 00e55463 bge              x10, x14, 8         x10:00000008 x14:00000005
   7666ns             763 0000028c 02b68533 mul              x10, x13, x11       x10=00000000 x13:00000000 x11:0000000c
   7676ns             764 00000290 00a78533 add              x10, x15, x10       x10=00030000 x15:00030000 x10:00000000
   7686ns             765 00000294 00852503 lw               x10, 8(x10)         x10=7fffffff x10:00030000  PA:00030008
   7706ns             767 00000298 00e55463 bge              x10, x14, 8         x10:7fffffff x14:00000005
   7736ns             770 000002a0 00c75463 bge              x14, x12, 8         x14:00000005 x12:7fffffff
   7746ns             771 000002a4 00070613 addi             x12, x14, 0         x12=00000005 x14:00000005
   7756ns             772 000002a8 00168693 addi             x13, x13, 1         x13=00000001 x13:00000000
   7766ns             773 000002ac fdf694e3 bne              x13, x31, -56       x13:00000001 x31:00000003
   7796ns             776 00000274 02b68733 mul              x14, x13, x11       x14=0000000c x13:00000001 x11:0000000c
   7806ns             777 00000278 00e78733 add              x14, x15, x14       x14=0003000c x15:00030000 x14:0000000c
   7816ns             778 0000027c 00472503 lw               x10, 4(x14)         x10=00000006 x14:0003000c  PA:00030010
   7826ns             779 00000280 00072703 lw               x14, 0(x14)         x14=00000006 x14:0003000c  PA:0003000c
   7846ns             781 00000284 00e55463 bge              x10, x14, 8         x10:00000006 x14:00000006
   7876ns             784 0000028c 02b68533 mul              x10, x13, x11       x10=0000000c x13:00000001 x11:0000000c
   7886ns             785 00000290 00a78533 add              x10, x15, x10       x10=0003000c x15:00030000 x10:0000000c
   7896ns             786 00000294 00852503 lw               x10, 8(x10)         x10=7fffffff x10:0003000c  PA:00030014
   7916ns             788 00000298 00e55463 bge              x10, x14, 8         x10:7fffffff x14:00000006
   7946ns             791 000002a0 00c75463 bge              x14, x12, 8         x14:00000006 x12:00000005
   7976ns             794 000002a8 00168693 addi             x13, x13, 1         x13=00000002 x13:00000001
   7986ns             795 000002ac fdf694e3 bne              x13, x31, -56       x13:00000002 x31:00000003
   8016ns             798 00000274 02b68733 mul              x14, x13, x11       x14=00000018 x13:00000002 x11:0000000c
   8026ns             799 00000278 00e78733 add              x14, x15, x14       x14=00030018 x15:00030000 x14:00000018
   8036ns             800 0000027c 00472503 lw               x10, 4(x14)         x10=00000009 x14:00030018  PA:0003001c
   8046ns             801 00000280 00072703 lw               x14, 0(x14)         x14=7fffffff x14:00030018  PA:00030018
   8066ns             803 00000284 00e55463 bge              x10, x14, 8         x10:00000009 x14:7fffffff
   8076ns             804 00000288 00050713 addi             x14, x10, 0         x14=00000009 x10:00000009
   8086ns             805 0000028c 02b68533 mul              x10, x13, x11       x10=00000018 x13:00000002 x11:0000000c
   8096ns             806 00000290 00a78533 add              x10, x15, x10       x10=00030018 x15:00030000 x10:00000018
   8106ns             807 00000294 00852503 lw               x10, 8(x10)         x10=00000006 x10:00030018  PA:00030020
   8126ns             809 00000298 00e55463 bge              x10, x14, 8         x10:00000006 x14:00000009
   8136ns             810 0000029c 00050713 addi             x14, x10, 0         x14=00000006 x10:00000006
   8146ns             811 000002a0 00c75463 bge              x14, x12, 8         x14:00000006 x12:00000005
   8176ns             814 000002a8 00168693 addi             x13, x13, 1         x13=00000003 x13:00000002
   8186ns             815 000002ac fdf694e3 bne              x13, x31, -56       x13:00000003 x31:00000003
   8196ns             816 000002b0 00000693 addi             x13, x0, 0          x13=00000000
   8206ns             817 000002b4 00000713 addi             x14, x0, 0          x14=00000000
   8216ns             818 000002b8 02b70533 mul              x10, x14, x11       x10=00000000 x14:00000000 x11:0000000c
   8226ns             819 000002bc 00a78533 add              x10, x15, x10       x10=00030000 x15:00030000 x10:00000000
   8236ns             820 000002c0 00052503 lw               x10, 0(x10)         x10=00000005 x10:00030000  PA:00030000
   8256ns             822 000002c4 00c51c63 bne              x10, x12, 24        x10:00000005 x12:00000005
   8266ns             823 000002c8 0307a503 lw               x10, 48(x15)        x10=00000000 x15:00030000  PA:00030030
   8286ns             825 000002cc 00d54863 blt              x10, x13, 16        x10:00000000 x13:00000000
   8296ns             826 000002d0 00050693 addi             x13, x10, 0         x13=00000000 x10:00000000
   8306ns             827 000002d4 00070893 addi             x17, x14, 0         x17=00000000 x14:00000000
   8316ns             828 000002d8 00000313 addi             x6, x0, 0            x6=00000000
   8326ns             829 000002dc 02b70533 mul              x10, x14, x11       x10=00000000 x14:00000000 x11:0000000c
   8336ns             830 000002e0 00a78533 add              x10, x15, x10       x10=00030000 x15:00030000 x10:00000000
   8346ns             831 000002e4 00452503 lw               x10, 4(x10)         x10=00000008 x10:00030000  PA:00030004
   8366ns             833 000002e8 00c51c63 bne              x10, x12, 24        x10:00000008 x12:00000005
   8396ns             836 00000300 02b70533 mul              x10, x14, x11       x10=00000000 x14:00000000 x11:0000000c
   8406ns             837 00000304 00a78533 add              x10, x15, x10       x10=00030000 x15:00030000 x10:00000000
   8416ns             838 00000308 00852503 lw               x10, 8(x10)         x10=7fffffff x10:00030000  PA:00030008
   8436ns             840 0000030c 00c51c63 bne              x10, x12, 24        x10:7fffffff x12:00000005
   8466ns             843 00000324 00170713 addi             x14, x14, 1         x14=00000001 x14:00000000
   8476ns             844 00000328 f9f718e3 bne              x14, x31, -112      x14:00000001 x31:00000003
   8506ns             847 000002b8 02b70533 mul              x10, x14, x11       x10=0000000c x14:00000001 x11:0000000c
   8516ns             848 000002bc 00a78533 add              x10, x15, x10       x10=0003000c x15:00030000 x10:0000000c
   8526ns             849 000002c0 00052503 lw               x10, 0(x10)         x10=00000006 x10:0003000c  PA:0003000c
   8546ns             851 000002c4 00c51c63 bne              x10, x12, 24        x10:00000006 x12:00000005
   8576ns             854 000002dc 02b70533 mul              x10, x14, x11       x10=0000000c x14:00000001 x11:0000000c
   8586ns             855 000002e0 00a78533 add              x10, x15, x10       x10=0003000c x15:00030000 x10:0000000c
   8596ns             856 000002e4 00452503 lw               x10, 4(x10)         x10=00000006 x10:0003000c  PA:00030010
   8616ns             858 000002e8 00c51c63 bne              x10, x12, 24        x10:00000006 x12:00000005
   8646ns             861 00000300 02b70533 mul              x10, x14, x11       x10=0000000c x14:00000001 x11:0000000c
   8656ns             862 00000304 00a78533 add              x10, x15, x10       x10=0003000c x15:00030000 x10:0000000c
   8666ns             863 00000308 00852503 lw               x10, 8(x10)         x10=7fffffff x10:0003000c  PA:00030014
   8686ns             865 0000030c 00c51c63 bne              x10, x12, 24        x10:7fffffff x12:00000005
   8716ns             868 00000324 00170713 addi             x14, x14, 1         x14=00000002 x14:00000001
   8726ns             869 00000328 f9f718e3 bne              x14, x31, -112      x14:00000002 x31:00000003
   8756ns             872 000002b8 02b70533 mul              x10, x14, x11       x10=00000018 x14:00000002 x11:0000000c
   8766ns             873 000002bc 00a78533 add              x10, x15, x10       x10=00030018 x15:00030000 x10:00000018
   8776ns             874 000002c0 00052503 lw               x10, 0(x10)         x10=7fffffff x10:00030018  PA:00030018
   8796ns             876 000002c4 00c51c63 bne              x10, x12, 24        x10:7fffffff x12:00000005
   8826ns             879 000002dc 02b70533 mul              x10, x14, x11       x10=00000018 x14:00000002 x11:0000000c
   8836ns             880 000002e0 00a78533 add              x10, x15, x10       x10=00030018 x15:00030000 x10:00000018
   8846ns             881 000002e4 00452503 lw               x10, 4(x10)         x10=00000009 x10:00030018  PA:0003001c
   8866ns             883 000002e8 00c51c63 bne              x10, x12, 24        x10:00000009 x12:00000005
   8896ns             886 00000300 02b70533 mul              x10, x14, x11       x10=00000018 x14:00000002 x11:0000000c
   8906ns             887 00000304 00a78533 add              x10, x15, x10       x10=00030018 x15:00030000 x10:00000018
   8916ns             888 00000308 00852503 lw               x10, 8(x10)         x10=00000006 x10:00030018  PA:00030020
   8936ns             890 0000030c 00c51c63 bne              x10, x12, 24        x10:00000006 x12:00000005
   8966ns             893 00000324 00170713 addi             x14, x14, 1         x14=00000003 x14:00000002
   8976ns             894 00000328 f9f718e3 bne              x14, x31, -112      x14:00000003 x31:00000003
   8986ns             895 0000032c 03078693 addi             x13, x15, 48        x13=00030030 x15:00030000
   8996ns             896 00000330 00289513 slli             x10, x17, 0x2       x10=00000000 x17:00000000
   9006ns             897 00000334 00231713 slli             x14, x6, 0x2        x14=00000000  x6:00000000
   9016ns             898 00000338 00d70733 add              x14, x14, x13       x14=00030030 x14:00000000 x13:00030030
   9026ns             899 0000033c 00550533 add              x10, x10, x5        x10=00030040 x10:00000000  x5:00030040
   9036ns             900 00000340 00072803 lw               x16, 0(x14)         x16=00000000 x14:00030030  PA:00030030
   9046ns             901 00000344 00052683 lw               x13, 0(x10)         x13=00000032 x10:00030040  PA:00030040
   9066ns             903 00000348 00d85463 bge              x16, x13, 8         x16:00000000 x13:00000032
   9076ns             904 0000034c 00080693 addi             x13, x16, 0         x13=00000000 x16:00000000
   9086ns             905 00000350 40d80833 sub              x16, x16, x13       x16=00000000 x16:00000000 x13:00000000
   9096ns             906 00000354 01072023 sw               x16, 0(x14)         x16:00000000 x14:00030030  PA:00030030
   9106ns             907 00000358 00052703 lw               x14, 0(x10)         x14=00000032 x10:00030040  PA:00030040
   9116ns             908 0000035c fffe8e93 addi             x29, x29, -1        x29=00000002 x29:00000003
   9126ns             909 00000360 40d70733 sub              x14, x14, x13       x14=00000032 x14:00000032 x13:00000000
   9136ns             910 00000364 00e52023 sw               x14, 0(x10)         x14:00000032 x10:00030040  PA:00030040
   9146ns             911 00000368 03f88733 mul              x14, x17, x31       x14=00000000 x17:00000000 x31:00000003
   9156ns             912 0000036c 00670733 add              x14, x14, x6        x14=00000000 x14:00000000  x6:00000000
   9166ns             913 00000370 02c686b3 mul              x13, x13, x12       x13=00000000 x13:00000000 x12:00000005
   9176ns             914 00000374 00271713 slli             x14, x14, 0x2       x14=00000000 x14:00000000
   9186ns             915 00000378 00e78733 add              x14, x15, x14       x14=00030000 x15:00030000 x14:00000000
   9196ns             916 0000037c 00072503 lw               x10, 0(x14)         x10=00000005 x14:00030000  PA:00030000
   9216ns             918 00000380 01c56533 or               x10, x10, x28       x10=7fffffff x10:00000005 x28:7fffffff
   9226ns             919 00000384 00a72023 sw               x10, 0(x14)         x10:7fffffff x14:00030000  PA:00030000
   9236ns             920 00000388 0607a703 lw               x14, 96(x15)        x14=000000a5 x15:00030000  PA:00030060
   9256ns             922 0000038c 00d706b3 add              x13, x14, x13       x13=000000a5 x14:000000a5 x13:00000000
   9266ns             923 00000390 06d7a023 sw               x13, 96(x15)        x13:000000a5 x15:00030000  PA:00030060
   9276ns             924 00000394 000e8863 beq              x29, x0, 16         x29:00000002
   9286ns             925 00000398 000e0613 addi             x12, x28, 0         x12=7fffffff x28:7fffffff
   9296ns             926 0000039c 00000693 addi             x13, x0, 0          x13=00000000
   9306ns             927 000003a0 ed5ff06f jal              x0, -300           
   9326ns             929 00000274 02b68733 mul              x14, x13, x11       x14=00000000 x13:00000000 x11:0000000c
   9336ns             930 00000278 00e78733 add              x14, x15, x14       x14=00030000 x15:00030000 x14:00000000
   9346ns             931 0000027c 00472503 lw               x10, 4(x14)         x10=00000008 x14:00030000  PA:00030004
   9356ns             932 00000280 00072703 lw               x14, 0(x14)         x14=7fffffff x14:00030000  PA:00030000
   9376ns             934 00000284 00e55463 bge              x10, x14, 8         x10:00000008 x14:7fffffff
   9386ns             935 00000288 00050713 addi             x14, x10, 0         x14=00000008 x10:00000008
   9396ns             936 0000028c 02b68533 mul              x10, x13, x11       x10=00000000 x13:00000000 x11:0000000c
   9406ns             937 00000290 00a78533 add              x10, x15, x10       x10=00030000 x15:00030000 x10:00000000
   9416ns             938 00000294 00852503 lw               x10, 8(x10)         x10=7fffffff x10:00030000  PA:00030008
   9436ns             940 00000298 00e55463 bge              x10, x14, 8         x10:7fffffff x14:00000008
   9466ns             943 000002a0 00c75463 bge              x14, x12, 8         x14:00000008 x12:7fffffff
   9476ns             944 000002a4 00070613 addi             x12, x14, 0         x12=00000008 x14:00000008
   9486ns             945 000002a8 00168693 addi             x13, x13, 1         x13=00000001 x13:00000000
   9496ns             946 000002ac fdf694e3 bne              x13, x31, -56       x13:00000001 x31:00000003
   9526ns             949 00000274 02b68733 mul              x14, x13, x11       x14=0000000c x13:00000001 x11:0000000c
   9536ns             950 00000278 00e78733 add              x14, x15, x14       x14=0003000c x15:00030000 x14:0000000c
   9546ns             951 0000027c 00472503 lw               x10, 4(x14)         x10=00000006 x14:0003000c  PA:00030010
   9556ns             952 00000280 00072703 lw               x14, 0(x14)         x14=00000006 x14:0003000c  PA:0003000c
   9576ns             954 00000284 00e55463 bge              x10, x14, 8         x10:00000006 x14:00000006
   9606ns             957 0000028c 02b68533 mul              x10, x13, x11       x10=0000000c x13:00000001 x11:0000000c
   9616ns             958 00000290 00a78533 add              x10, x15, x10       x10=0003000c x15:00030000 x10:0000000c
   9626ns             959 00000294 00852503 lw               x10, 8(x10)         x10=7fffffff x10:0003000c  PA:00030014
   9646ns             961 00000298 00e55463 bge              x10, x14, 8         x10:7fffffff x14:00000006
   9676ns             964 000002a0 00c75463 bge              x14, x12, 8         x14:00000006 x12:00000008
   9686ns             965 000002a4 00070613 addi             x12, x14, 0         x12=00000006 x14:00000006
   9696ns             966 000002a8 00168693 addi             x13, x13, 1         x13=00000002 x13:00000001
   9706ns             967 000002ac fdf694e3 bne              x13, x31, -56       x13:00000002 x31:00000003
   9736ns             970 00000274 02b68733 mul              x14, x13, x11       x14=00000018 x13:00000002 x11:0000000c
   9746ns             971 00000278 00e78733 add              x14, x15, x14       x14=00030018 x15:00030000 x14:00000018
   9756ns             972 0000027c 00472503 lw               x10, 4(x14)         x10=00000009 x14:00030018  PA:0003001c
   9766ns             973 00000280 00072703 lw               x14, 0(x14)         x14=7fffffff x14:00030018  PA:00030018
   9786ns             975 00000284 00e55463 bge              x10, x14, 8         x10:00000009 x14:7fffffff
   9796ns             976 00000288 00050713 addi             x14, x10, 0         x14=00000009 x10:00000009
   9806ns             977 0000028c 02b68533 mul              x10, x13, x11       x10=00000018 x13:00000002 x11:0000000c
   9816ns             978 00000290 00a78533 add              x10, x15, x10       x10=00030018 x15:00030000 x10:00000018
   9826ns             979 00000294 00852503 lw               x10, 8(x10)         x10=00000006 x10:00030018  PA:00030020
   9846ns             981 00000298 00e55463 bge              x10, x14, 8         x10:00000006 x14:00000009
   9856ns             982 0000029c 00050713 addi             x14, x10, 0         x14=00000006 x10:00000006
   9866ns             983 000002a0 00c75463 bge              x14, x12, 8         x14:00000006 x12:00000006
   9896ns             986 000002a8 00168693 addi             x13, x13, 1         x13=00000003 x13:00000002
   9906ns             987 000002ac fdf694e3 bne              x13, x31, -56       x13:00000003 x31:00000003
   9916ns             988 000002b0 00000693 addi             x13, x0, 0          x13=00000000
   9926ns             989 000002b4 00000713 addi             x14, x0, 0          x14=00000000
   9936ns             990 000002b8 02b70533 mul              x10, x14, x11       x10=00000000 x14:00000000 x11:0000000c
   9946ns             991 000002bc 00a78533 add              x10, x15, x10       x10=00030000 x15:00030000 x10:00000000
   9956ns             992 000002c0 00052503 lw               x10, 0(x10)         x10=7fffffff x10:00030000  PA:00030000
   9976ns             994 000002c4 00c51c63 bne              x10, x12, 24        x10:7fffffff x12:00000006
  10006ns             997 000002dc 02b70533 mul              x10, x14, x11       x10=00000000 x14:00000000 x11:0000000c
  10016ns             998 000002e0 00a78533 add              x10, x15, x10       x10=00030000 x15:00030000 x10:00000000
  10026ns             999 000002e4 00452503 lw               x10, 4(x10)         x10=00000008 x10:00030000  PA:00030004
  10046ns            1001 000002e8 00c51c63 bne              x10, x12, 24        x10:00000008 x12:00000006
  10076ns            1004 00000300 02b70533 mul              x10, x14, x11       x10=00000000 x14:00000000 x11:0000000c
  10086ns            1005 00000304 00a78533 add              x10, x15, x10       x10=00030000 x15:00030000 x10:00000000
  10096ns            1006 00000308 00852503 lw               x10, 8(x10)         x10=7fffffff x10:00030000  PA:00030008
  10116ns            1008 0000030c 00c51c63 bne              x10, x12, 24        x10:7fffffff x12:00000006
  10146ns            1011 00000324 00170713 addi             x14, x14, 1         x14=00000001 x14:00000000
  10156ns            1012 00000328 f9f718e3 bne              x14, x31, -112      x14:00000001 x31:00000003
  10186ns            1015 000002b8 02b70533 mul              x10, x14, x11       x10=0000000c x14:00000001 x11:0000000c
  10196ns            1016 000002bc 00a78533 add              x10, x15, x10       x10=0003000c x15:00030000 x10:0000000c
  10206ns            1017 000002c0 00052503 lw               x10, 0(x10)         x10=00000006 x10:0003000c  PA:0003000c
  10226ns            1019 000002c4 00c51c63 bne              x10, x12, 24        x10:00000006 x12:00000006
  10236ns            1020 000002c8 0307a503 lw               x10, 48(x15)        x10=00000000 x15:00030000  PA:00030030
  10256ns            1022 000002cc 00d54863 blt              x10, x13, 16        x10:00000000 x13:00000000
  10266ns            1023 000002d0 00050693 addi             x13, x10, 0         x13=00000000 x10:00000000
  10276ns            1024 000002d4 00070893 addi             x17, x14, 0         x17=00000001 x14:00000001
  10286ns            1025 000002d8 00000313 addi             x6, x0, 0            x6=00000000
  10296ns            1026 000002dc 02b70533 mul              x10, x14, x11       x10=0000000c x14:00000001 x11:0000000c
  10306ns            1027 000002e0 00a78533 add              x10, x15, x10       x10=0003000c x15:00030000 x10:0000000c
  10316ns            1028 000002e4 00452503 lw               x10, 4(x10)         x10=00000006 x10:0003000c  PA:00030010
  10336ns            1030 000002e8 00c51c63 bne              x10, x12, 24        x10:00000006 x12:00000006
  10346ns            1031 000002ec 0347a503 lw               x10, 52(x15)        x10=0000005f x15:00030000  PA:00030034
  10366ns            1033 000002f0 00d54863 blt              x10, x13, 16        x10:0000005f x13:00000000
  10376ns            1034 000002f4 00050693 addi             x13, x10, 0         x13=0000005f x10:0000005f
  10386ns            1035 000002f8 00070893 addi             x17, x14, 0         x17=00000001 x14:00000001
  10396ns            1036 000002fc 00100313 addi             x6, x0, 1            x6=00000001
  10406ns            1037 00000300 02b70533 mul              x10, x14, x11       x10=0000000c x14:00000001 x11:0000000c
  10416ns            1038 00000304 00a78533 add              x10, x15, x10       x10=0003000c x15:00030000 x10:0000000c
  10426ns            1039 00000308 00852503 lw               x10, 8(x10)         x10=7fffffff x10:0003000c  PA:00030014
  10446ns            1041 0000030c 00c51c63 bne              x10, x12, 24        x10:7fffffff x12:00000006
  10476ns            1044 00000324 00170713 addi             x14, x14, 1         x14=00000002 x14:00000001
  10486ns            1045 00000328 f9f718e3 bne              x14, x31, -112      x14:00000002 x31:00000003
  10516ns            1048 000002b8 02b70533 mul              x10, x14, x11       x10=00000018 x14:00000002 x11:0000000c
  10526ns            1049 000002bc 00a78533 add              x10, x15, x10       x10=00030018 x15:00030000 x10:00000018
  10536ns            1050 000002c0 00052503 lw               x10, 0(x10)         x10=7fffffff x10:00030018  PA:00030018
  10556ns            1052 000002c4 00c51c63 bne              x10, x12, 24        x10:7fffffff x12:00000006
  10586ns            1055 000002dc 02b70533 mul              x10, x14, x11       x10=00000018 x14:00000002 x11:0000000c
  10596ns            1056 000002e0 00a78533 add              x10, x15, x10       x10=00030018 x15:00030000 x10:00000018
  10606ns            1057 000002e4 00452503 lw               x10, 4(x10)         x10=00000009 x10:00030018  PA:0003001c
  10626ns            1059 000002e8 00c51c63 bne              x10, x12, 24        x10:00000009 x12:00000006
  10656ns            1062 00000300 02b70533 mul              x10, x14, x11       x10=00000018 x14:00000002 x11:0000000c
  10666ns            1063 00000304 00a78533 add              x10, x15, x10       x10=00030018 x15:00030000 x10:00000018
  10676ns            1064 00000308 00852503 lw               x10, 8(x10)         x10=00000006 x10:00030018  PA:00030020
  10696ns            1066 0000030c 00c51c63 bne              x10, x12, 24        x10:00000006 x12:00000006
  10706ns            1067 00000310 0387a503 lw               x10, 56(x15)        x10=00000000 x15:00030000  PA:00030038
  10726ns            1069 00000314 00d54863 blt              x10, x13, 16        x10:00000000 x13:0000005f
  10756ns            1072 00000324 00170713 addi             x14, x14, 1         x14=00000003 x14:00000002
  10766ns            1073 00000328 f9f718e3 bne              x14, x31, -112      x14:00000003 x31:00000003
  10776ns            1074 0000032c 03078693 addi             x13, x15, 48        x13=00030030 x15:00030000
  10786ns            1075 00000330 00289513 slli             x10, x17, 0x2       x10=00000004 x17:00000001
  10796ns            1076 00000334 00231713 slli             x14, x6, 0x2        x14=00000004  x6:00000001
  10806ns            1077 00000338 00d70733 add              x14, x14, x13       x14=00030034 x14:00000004 x13:00030030
  10816ns            1078 0000033c 00550533 add              x10, x10, x5        x10=00030044 x10:00000004  x5:00030040
  10826ns            1079 00000340 00072803 lw               x16, 0(x14)         x16=0000005f x14:00030034  PA:00030034
  10836ns            1080 00000344 00052683 lw               x13, 0(x10)         x13=00000005 x10:00030044  PA:00030044
  10856ns            1082 00000348 00d85463 bge              x16, x13, 8         x16:0000005f x13:00000005
  10886ns            1085 00000350 40d80833 sub              x16, x16, x13       x16=0000005a x16:0000005f x13:00000005
  10896ns            1086 00000354 01072023 sw               x16, 0(x14)         x16:0000005a x14:00030034  PA:00030034
  10906ns            1087 00000358 00052703 lw               x14, 0(x10)         x14=00000005 x10:00030044  PA:00030044
  10916ns            1088 0000035c fffe8e93 addi             x29, x29, -1        x29=00000001 x29:00000002
  10926ns            1089 00000360 40d70733 sub              x14, x14, x13       x14=00000000 x14:00000005 x13:00000005
  10936ns            1090 00000364 00e52023 sw               x14, 0(x10)         x14:00000000 x10:00030044  PA:00030044
  10946ns            1091 00000368 03f88733 mul              x14, x17, x31       x14=00000003 x17:00000001 x31:00000003
  10956ns            1092 0000036c 00670733 add              x14, x14, x6        x14=00000004 x14:00000003  x6:00000001
  10966ns            1093 00000370 02c686b3 mul              x13, x13, x12       x13=0000001e x13:00000005 x12:00000006
  10976ns            1094 00000374 00271713 slli             x14, x14, 0x2       x14=00000010 x14:00000004
  10986ns            1095 00000378 00e78733 add              x14, x15, x14       x14=00030010 x15:00030000 x14:00000010
  10996ns            1096 0000037c 00072503 lw               x10, 0(x14)         x10=00000006 x14:00030010  PA:00030010
  11016ns            1098 00000380 01c56533 or               x10, x10, x28       x10=7fffffff x10:00000006 x28:7fffffff
  11026ns            1099 00000384 00a72023 sw               x10, 0(x14)         x10:7fffffff x14:00030010  PA:00030010
  11036ns            1100 00000388 0607a703 lw               x14, 96(x15)        x14=000000a5 x15:00030000  PA:00030060
  11056ns            1102 0000038c 00d706b3 add              x13, x14, x13       x13=000000c3 x14:000000a5 x13:0000001e
  11066ns            1103 00000390 06d7a023 sw               x13, 96(x15)        x13:000000c3 x15:00030000  PA:00030060
  11076ns            1104 00000394 000e8863 beq              x29, x0, 16         x29:00000001
  11086ns            1105 00000398 000e0613 addi             x12, x28, 0         x12=7fffffff x28:7fffffff
  11096ns            1106 0000039c 00000693 addi             x13, x0, 0          x13=00000000
  11106ns            1107 000003a0 ed5ff06f jal              x0, -300           
  11126ns            1109 00000274 02b68733 mul              x14, x13, x11       x14=00000000 x13:00000000 x11:0000000c
  11136ns            1110 00000278 00e78733 add              x14, x15, x14       x14=00030000 x15:00030000 x14:00000000
  11146ns            1111 0000027c 00472503 lw               x10, 4(x14)         x10=00000008 x14:00030000  PA:00030004
  11156ns            1112 00000280 00072703 lw               x14, 0(x14)         x14=7fffffff x14:00030000  PA:00030000
  11176ns            1114 00000284 00e55463 bge              x10, x14, 8         x10:00000008 x14:7fffffff
  11186ns            1115 00000288 00050713 addi             x14, x10, 0         x14=00000008 x10:00000008
  11196ns            1116 0000028c 02b68533 mul              x10, x13, x11       x10=00000000 x13:00000000 x11:0000000c
  11206ns            1117 00000290 00a78533 add              x10, x15, x10       x10=00030000 x15:00030000 x10:00000000
  11216ns            1118 00000294 00852503 lw               x10, 8(x10)         x10=7fffffff x10:00030000  PA:00030008
  11236ns            1120 00000298 00e55463 bge              x10, x14, 8         x10:7fffffff x14:00000008
  11266ns            1123 000002a0 00c75463 bge              x14, x12, 8         x14:00000008 x12:7fffffff
  11276ns            1124 000002a4 00070613 addi             x12, x14, 0         x12=00000008 x14:00000008
  11286ns            1125 000002a8 00168693 addi             x13, x13, 1         x13=00000001 x13:00000000
  11296ns            1126 000002ac fdf694e3 bne              x13, x31, -56       x13:00000001 x31:00000003
  11326ns            1129 00000274 02b68733 mul              x14, x13, x11       x14=0000000c x13:00000001 x11:0000000c
  11336ns            1130 00000278 00e78733 add              x14, x15, x14       x14=0003000c x15:00030000 x14:0000000c
  11346ns            1131 0000027c 00472503 lw               x10, 4(x14)         x10=7fffffff x14:0003000c  PA:00030010
  11356ns            1132 00000280 00072703 lw               x14, 0(x14)         x14=00000006 x14:0003000c  PA:0003000c
  11376ns            1134 00000284 00e55463 bge              x10, x14, 8         x10:7fffffff x14:00000006
  11406ns            1137 0000028c 02b68533 mul              x10, x13, x11       x10=0000000c x13:00000001 x11:0000000c
  11416ns            1138 00000290 00a78533 add              x10, x15, x10       x10=0003000c x15:00030000 x10:0000000c
  11426ns            1139 00000294 00852503 lw               x10, 8(x10)         x10=7fffffff x10:0003000c  PA:00030014
  11446ns            1141 00000298 00e55463 bge              x10, x14, 8         x10:7fffffff x14:00000006
  11476ns            1144 000002a0 00c75463 bge              x14, x12, 8         x14:00000006 x12:00000008
  11486ns            1145 000002a4 00070613 addi             x12, x14, 0         x12=00000006 x14:00000006
  11496ns            1146 000002a8 00168693 addi             x13, x13, 1         x13=00000002 x13:00000001
  11506ns            1147 000002ac fdf694e3 bne              x13, x31, -56       x13:00000002 x31:00000003
  11536ns            1150 00000274 02b68733 mul              x14, x13, x11       x14=00000018 x13:00000002 x11:0000000c
  11546ns            1151 00000278 00e78733 add              x14, x15, x14       x14=00030018 x15:00030000 x14:00000018
  11556ns            1152 0000027c 00472503 lw               x10, 4(x14)         x10=00000009 x14:00030018  PA:0003001c
  11566ns            1153 00000280 00072703 lw               x14, 0(x14)         x14=7fffffff x14:00030018  PA:00030018
  11586ns            1155 00000284 00e55463 bge              x10, x14, 8         x10:00000009 x14:7fffffff
  11596ns            1156 00000288 00050713 addi             x14, x10, 0         x14=00000009 x10:00000009
  11606ns            1157 0000028c 02b68533 mul              x10, x13, x11       x10=00000018 x13:00000002 x11:0000000c
  11616ns            1158 00000290 00a78533 add              x10, x15, x10       x10=00030018 x15:00030000 x10:00000018
  11626ns            1159 00000294 00852503 lw               x10, 8(x10)         x10=00000006 x10:00030018  PA:00030020
  11646ns            1161 00000298 00e55463 bge              x10, x14, 8         x10:00000006 x14:00000009
  11656ns            1162 0000029c 00050713 addi             x14, x10, 0         x14=00000006 x10:00000006
  11666ns            1163 000002a0 00c75463 bge              x14, x12, 8         x14:00000006 x12:00000006
  11696ns            1166 000002a8 00168693 addi             x13, x13, 1         x13=00000003 x13:00000002
  11706ns            1167 000002ac fdf694e3 bne              x13, x31, -56       x13:00000003 x31:00000003
  11716ns            1168 000002b0 00000693 addi             x13, x0, 0          x13=00000000
  11726ns            1169 000002b4 00000713 addi             x14, x0, 0          x14=00000000
  11736ns            1170 000002b8 02b70533 mul              x10, x14, x11       x10=00000000 x14:00000000 x11:0000000c
  11746ns            1171 000002bc 00a78533 add              x10, x15, x10       x10=00030000 x15:00030000 x10:00000000
  11756ns            1172 000002c0 00052503 lw               x10, 0(x10)         x10=7fffffff x10:00030000  PA:00030000
  11776ns            1174 000002c4 00c51c63 bne              x10, x12, 24        x10:7fffffff x12:00000006
  11806ns            1177 000002dc 02b70533 mul              x10, x14, x11       x10=00000000 x14:00000000 x11:0000000c
  11816ns            1178 000002e0 00a78533 add              x10, x15, x10       x10=00030000 x15:00030000 x10:00000000
  11826ns            1179 000002e4 00452503 lw               x10, 4(x10)         x10=00000008 x10:00030000  PA:00030004
  11846ns            1181 000002e8 00c51c63 bne              x10, x12, 24        x10:00000008 x12:00000006
  11876ns            1184 00000300 02b70533 mul              x10, x14, x11       x10=00000000 x14:00000000 x11:0000000c
  11886ns            1185 00000304 00a78533 add              x10, x15, x10       x10=00030000 x15:00030000 x10:00000000
  11896ns            1186 00000308 00852503 lw               x10, 8(x10)         x10=7fffffff x10:00030000  PA:00030008
  11916ns            1188 0000030c 00c51c63 bne              x10, x12, 24        x10:7fffffff x12:00000006
  11946ns            1191 00000324 00170713 addi             x14, x14, 1         x14=00000001 x14:00000000
  11956ns            1192 00000328 f9f718e3 bne              x14, x31, -112      x14:00000001 x31:00000003
  11986ns            1195 000002b8 02b70533 mul              x10, x14, x11       x10=0000000c x14:00000001 x11:0000000c
  11996ns            1196 000002bc 00a78533 add              x10, x15, x10       x10=0003000c x15:00030000 x10:0000000c
  12006ns            1197 000002c0 00052503 lw               x10, 0(x10)         x10=00000006 x10:0003000c  PA:0003000c
  12026ns            1199 000002c4 00c51c63 bne              x10, x12, 24        x10:00000006 x12:00000006
  12036ns            1200 000002c8 0307a503 lw               x10, 48(x15)        x10=00000000 x15:00030000  PA:00030030
  12056ns            1202 000002cc 00d54863 blt              x10, x13, 16        x10:00000000 x13:00000000
  12066ns            1203 000002d0 00050693 addi             x13, x10, 0         x13=00000000 x10:00000000
  12076ns            1204 000002d4 00070893 addi             x17, x14, 0         x17=00000001 x14:00000001
  12086ns            1205 000002d8 00000313 addi             x6, x0, 0            x6=00000000
  12096ns            1206 000002dc 02b70533 mul              x10, x14, x11       x10=0000000c x14:00000001 x11:0000000c
  12106ns            1207 000002e0 00a78533 add              x10, x15, x10       x10=0003000c x15:00030000 x10:0000000c
  12116ns            1208 000002e4 00452503 lw               x10, 4(x10)         x10=7fffffff x10:0003000c  PA:00030010
  12136ns            1210 000002e8 00c51c63 bne              x10, x12, 24        x10:7fffffff x12:00000006
  12166ns            1213 00000300 02b70533 mul              x10, x14, x11       x10=0000000c x14:00000001 x11:0000000c
  12176ns            1214 00000304 00a78533 add              x10, x15, x10       x10=0003000c x15:00030000 x10:0000000c
  12186ns            1215 00000308 00852503 lw               x10, 8(x10)         x10=7fffffff x10:0003000c  PA:00030014
  12206ns            1217 0000030c 00c51c63 bne              x10, x12, 24        x10:7fffffff x12:00000006
  12236ns            1220 00000324 00170713 addi             x14, x14, 1         x14=00000002 x14:00000001
  12246ns            1221 00000328 f9f718e3 bne              x14, x31, -112      x14:00000002 x31:00000003
  12276ns            1224 000002b8 02b70533 mul              x10, x14, x11       x10=00000018 x14:00000002 x11:0000000c
  12286ns            1225 000002bc 00a78533 add              x10, x15, x10       x10=00030018 x15:00030000 x10:00000018
  12296ns            1226 000002c0 00052503 lw               x10, 0(x10)         x10=7fffffff x10:00030018  PA:00030018
  12316ns            1228 000002c4 00c51c63 bne              x10, x12, 24        x10:7fffffff x12:00000006
  12346ns            1231 000002dc 02b70533 mul              x10, x14, x11       x10=00000018 x14:00000002 x11:0000000c
  12356ns            1232 000002e0 00a78533 add              x10, x15, x10       x10=00030018 x15:00030000 x10:00000018
  12366ns            1233 000002e4 00452503 lw               x10, 4(x10)         x10=00000009 x10:00030018  PA:0003001c
  12386ns            1235 000002e8 00c51c63 bne              x10, x12, 24        x10:00000009 x12:00000006
  12416ns            1238 00000300 02b70533 mul              x10, x14, x11       x10=00000018 x14:00000002 x11:0000000c
  12426ns            1239 00000304 00a78533 add              x10, x15, x10       x10=00030018 x15:00030000 x10:00000018
  12436ns            1240 00000308 00852503 lw               x10, 8(x10)         x10=00000006 x10:00030018  PA:00030020
  12456ns            1242 0000030c 00c51c63 bne              x10, x12, 24        x10:00000006 x12:00000006
  12466ns            1243 00000310 0387a503 lw               x10, 56(x15)        x10=00000000 x15:00030000  PA:00030038
  12486ns            1245 00000314 00d54863 blt              x10, x13, 16        x10:00000000 x13:00000000
  12496ns            1246 00000318 00050693 addi             x13, x10, 0         x13=00000000 x10:00000000
  12506ns            1247 0000031c 00070893 addi             x17, x14, 0         x17=00000002 x14:00000002
  12516ns            1248 00000320 00200313 addi             x6, x0, 2            x6=00000002
  12526ns            1249 00000324 00170713 addi             x14, x14, 1         x14=00000003 x14:00000002
  12536ns            1250 00000328 f9f718e3 bne              x14, x31, -112      x14:00000003 x31:00000003
  12546ns            1251 0000032c 03078693 addi             x13, x15, 48        x13=00030030 x15:00030000
  12556ns            1252 00000330 00289513 slli             x10, x17, 0x2       x10=00000008 x17:00000002
  12566ns            1253 00000334 00231713 slli             x14, x6, 0x2        x14=00000008  x6:00000002
  12576ns            1254 00000338 00d70733 add              x14, x14, x13       x14=00030038 x14:00000008 x13:00030030
  12586ns            1255 0000033c 00550533 add              x10, x10, x5        x10=00030048 x10:00000008  x5:00030040
  12596ns            1256 00000340 00072803 lw               x16, 0(x14)         x16=00000000 x14:00030038  PA:00030038
  12606ns            1257 00000344 00052683 lw               x13, 0(x10)         x13=00000028 x10:00030048  PA:00030048
  12626ns            1259 00000348 00d85463 bge              x16, x13, 8         x16:00000000 x13:00000028
  12636ns            1260 0000034c 00080693 addi             x13, x16, 0         x13=00000000 x16:00000000
  12646ns            1261 00000350 40d80833 sub              x16, x16, x13       x16=00000000 x16:00000000 x13:00000000
  12656ns            1262 00000354 01072023 sw               x16, 0(x14)         x16:00000000 x14:00030038  PA:00030038
  12666ns            1263 00000358 00052703 lw               x14, 0(x10)         x14=00000028 x10:00030048  PA:00030048
  12676ns            1264 0000035c fffe8e93 addi             x29, x29, -1        x29=00000000 x29:00000001
  12686ns            1265 00000360 40d70733 sub              x14, x14, x13       x14=00000028 x14:00000028 x13:00000000
  12696ns            1266 00000364 00e52023 sw               x14, 0(x10)         x14:00000028 x10:00030048  PA:00030048
  12706ns            1267 00000368 03f88733 mul              x14, x17, x31       x14=00000006 x17:00000002 x31:00000003
  12716ns            1268 0000036c 00670733 add              x14, x14, x6        x14=00000008 x14:00000006  x6:00000002
  12726ns            1269 00000370 02c686b3 mul              x13, x13, x12       x13=00000000 x13:00000000 x12:00000006
  12736ns            1270 00000374 00271713 slli             x14, x14, 0x2       x14=00000020 x14:00000008
  12746ns            1271 00000378 00e78733 add              x14, x15, x14       x14=00030020 x15:00030000 x14:00000020
  12756ns            1272 0000037c 00072503 lw               x10, 0(x14)         x10=00000006 x14:00030020  PA:00030020
  12776ns            1274 00000380 01c56533 or               x10, x10, x28       x10=7fffffff x10:00000006 x28:7fffffff
  12786ns            1275 00000384 00a72023 sw               x10, 0(x14)         x10:7fffffff x14:00030020  PA:00030020
  12796ns            1276 00000388 0607a703 lw               x14, 96(x15)        x14=000000c3 x15:00030000  PA:00030060
  12816ns            1278 0000038c 00d706b3 add              x13, x14, x13       x13=000000c3 x14:000000c3 x13:00000000
  12826ns            1279 00000390 06d7a023 sw               x13, 96(x15)        x13:000000c3 x15:00030000  PA:00030060
  12836ns            1280 00000394 000e8863 beq              x29, x0, 16         x29:00000000
  12866ns            1283 000003a4 ffff0f13 addi             x30, x30, -1        x30=00000001 x30:00000002
  12876ns            1284 000003a8 ec0f12e3 bne              x30, x0, -316       x30:00000001
  12906ns            1287 0000026c 00300e93 addi             x29, x0, 3          x29=00000003
  12916ns            1288 00000270 1280006f jal              x0, 296            
  12936ns            1290 00000398 000e0613 addi             x12, x28, 0         x12=7fffffff x28:7fffffff
  12946ns            1291 0000039c 00000693 addi             x13, x0, 0          x13=00000000
  12956ns            1292 000003a0 ed5ff06f jal              x0, -300           
  12976ns            1294 00000274 02b68733 mul              x14, x13, x11       x14=00000000 x13:00000000 x11:0000000c
  12986ns            1295 00000278 00e78733 add              x14, x15, x14       x14=00030000 x15:00030000 x14:00000000
  12996ns            1296 0000027c 00472503 lw               x10, 4(x14)         x10=00000008 x14:00030000  PA:00030004
  13006ns            1297 00000280 00072703 lw               x14, 0(x14)         x14=7fffffff x14:00030000  PA:00030000
  13026ns            1299 00000284 00e55463 bge              x10, x14, 8         x10:00000008 x14:7fffffff
  13036ns            1300 00000288 00050713 addi             x14, x10, 0         x14=00000008 x10:00000008
  13046ns            1301 0000028c 02b68533 mul              x10, x13, x11       x10=00000000 x13:00000000 x11:0000000c
  13056ns            1302 00000290 00a78533 add              x10, x15, x10       x10=00030000 x15:00030000 x10:00000000
  13066ns            1303 00000294 00852503 lw               x10, 8(x10)         x10=7fffffff x10:00030000  PA:00030008
  13086ns            1305 00000298 00e55463 bge              x10, x14, 8         x10:7fffffff x14:00000008
  13116ns            1308 000002a0 00c75463 bge              x14, x12, 8         x14:00000008 x12:7fffffff
  13126ns            1309 000002a4 00070613 addi             x12, x14, 0         x12=00000008 x14:00000008
  13136ns            1310 000002a8 00168693 addi             x13, x13, 1         x13=00000001 x13:00000000
  13146ns            1311 000002ac fdf694e3 bne              x13, x31, -56       x13:00000001 x31:00000003
  13176ns            1314 00000274 02b68733 mul              x14, x13, x11       x14=0000000c x13:00000001 x11:0000000c
  13186ns            1315 00000278 00e78733 add              x14, x15, x14       x14=0003000c x15:00030000 x14:0000000c
  13196ns            1316 0000027c 00472503 lw               x10, 4(x14)         x10=7fffffff x14:0003000c  PA:00030010
  13206ns            1317 00000280 00072703 lw               x14, 0(x14)         x14=00000006 x14:0003000c  PA:0003000c
  13226ns            1319 00000284 00e55463 bge              x10, x14, 8         x10:7fffffff x14:00000006
  13256ns            1322 0000028c 02b68533 mul              x10, x13, x11       x10=0000000c x13:00000001 x11:0000000c
  13266ns            1323 00000290 00a78533 add              x10, x15, x10       x10=0003000c x15:00030000 x10:0000000c
  13276ns            1324 00000294 00852503 lw               x10, 8(x10)         x10=7fffffff x10:0003000c  PA:00030014
  13296ns            1326 00000298 00e55463 bge              x10, x14, 8         x10:7fffffff x14:00000006
  13326ns            1329 000002a0 00c75463 bge              x14, x12, 8         x14:00000006 x12:00000008
  13336ns            1330 000002a4 00070613 addi             x12, x14, 0         x12=00000006 x14:00000006
  13346ns            1331 000002a8 00168693 addi             x13, x13, 1         x13=00000002 x13:00000001
  13356ns            1332 000002ac fdf694e3 bne              x13, x31, -56       x13:00000002 x31:00000003
  13386ns            1335 00000274 02b68733 mul              x14, x13, x11       x14=00000018 x13:00000002 x11:0000000c
  13396ns            1336 00000278 00e78733 add              x14, x15, x14       x14=00030018 x15:00030000 x14:00000018
  13406ns            1337 0000027c 00472503 lw               x10, 4(x14)         x10=00000009 x14:00030018  PA:0003001c
  13416ns            1338 00000280 00072703 lw               x14, 0(x14)         x14=7fffffff x14:00030018  PA:00030018
  13436ns            1340 00000284 00e55463 bge              x10, x14, 8         x10:00000009 x14:7fffffff
  13446ns            1341 00000288 00050713 addi             x14, x10, 0         x14=00000009 x10:00000009
  13456ns            1342 0000028c 02b68533 mul              x10, x13, x11       x10=00000018 x13:00000002 x11:0000000c
  13466ns            1343 00000290 00a78533 add              x10, x15, x10       x10=00030018 x15:00030000 x10:00000018
  13476ns            1344 00000294 00852503 lw               x10, 8(x10)         x10=7fffffff x10:00030018  PA:00030020
  13496ns            1346 00000298 00e55463 bge              x10, x14, 8         x10:7fffffff x14:00000009
  13526ns            1349 000002a0 00c75463 bge              x14, x12, 8         x14:00000009 x12:00000006
  13556ns            1352 000002a8 00168693 addi             x13, x13, 1         x13=00000003 x13:00000002
  13566ns            1353 000002ac fdf694e3 bne              x13, x31, -56       x13:00000003 x31:00000003
  13576ns            1354 000002b0 00000693 addi             x13, x0, 0          x13=00000000
  13586ns            1355 000002b4 00000713 addi             x14, x0, 0          x14=00000000
  13596ns            1356 000002b8 02b70533 mul              x10, x14, x11       x10=00000000 x14:00000000 x11:0000000c
  13606ns            1357 000002bc 00a78533 add              x10, x15, x10       x10=00030000 x15:00030000 x10:00000000
  13616ns            1358 000002c0 00052503 lw               x10, 0(x10)         x10=7fffffff x10:00030000  PA:00030000
  13636ns            1360 000002c4 00c51c63 bne              x10, x12, 24        x10:7fffffff x12:00000006
  13666ns            1363 000002dc 02b70533 mul              x10, x14, x11       x10=00000000 x14:00000000 x11:0000000c
  13676ns            1364 000002e0 00a78533 add              x10, x15, x10       x10=00030000 x15:00030000 x10:00000000
  13686ns            1365 000002e4 00452503 lw               x10, 4(x10)         x10=00000008 x10:00030000  PA:00030004
  13706ns            1367 000002e8 00c51c63 bne              x10, x12, 24        x10:00000008 x12:00000006
  13736ns            1370 00000300 02b70533 mul              x10, x14, x11       x10=00000000 x14:00000000 x11:0000000c
  13746ns            1371 00000304 00a78533 add              x10, x15, x10       x10=00030000 x15:00030000 x10:00000000
  13756ns            1372 00000308 00852503 lw               x10, 8(x10)         x10=7fffffff x10:00030000  PA:00030008
  13776ns            1374 0000030c 00c51c63 bne              x10, x12, 24        x10:7fffffff x12:00000006
  13806ns            1377 00000324 00170713 addi             x14, x14, 1         x14=00000001 x14:00000000
  13816ns            1378 00000328 f9f718e3 bne              x14, x31, -112      x14:00000001 x31:00000003
  13846ns            1381 000002b8 02b70533 mul              x10, x14, x11       x10=0000000c x14:00000001 x11:0000000c
  13856ns            1382 000002bc 00a78533 add              x10, x15, x10       x10=0003000c x15:00030000 x10:0000000c
  13866ns            1383 000002c0 00052503 lw               x10, 0(x10)         x10=00000006 x10:0003000c  PA:0003000c
  13886ns            1385 000002c4 00c51c63 bne              x10, x12, 24        x10:00000006 x12:00000006
  13896ns            1386 000002c8 0307a503 lw               x10, 48(x15)        x10=00000000 x15:00030000  PA:00030030
  13916ns            1388 000002cc 00d54863 blt              x10, x13, 16        x10:00000000 x13:00000000
  13926ns            1389 000002d0 00050693 addi             x13, x10, 0         x13=00000000 x10:00000000
  13936ns            1390 000002d4 00070893 addi             x17, x14, 0         x17=00000001 x14:00000001
  13946ns            1391 000002d8 00000313 addi             x6, x0, 0            x6=00000000
  13956ns            1392 000002dc 02b70533 mul              x10, x14, x11       x10=0000000c x14:00000001 x11:0000000c
  13966ns            1393 000002e0 00a78533 add              x10, x15, x10       x10=0003000c x15:00030000 x10:0000000c
  13976ns            1394 000002e4 00452503 lw               x10, 4(x10)         x10=7fffffff x10:0003000c  PA:00030010
  13996ns            1396 000002e8 00c51c63 bne              x10, x12, 24        x10:7fffffff x12:00000006
  14026ns            1399 00000300 02b70533 mul              x10, x14, x11       x10=0000000c x14:00000001 x11:0000000c
  14036ns            1400 00000304 00a78533 add              x10, x15, x10       x10=0003000c x15:00030000 x10:0000000c
  14046ns            1401 00000308 00852503 lw               x10, 8(x10)         x10=7fffffff x10:0003000c  PA:00030014
  14066ns            1403 0000030c 00c51c63 bne              x10, x12, 24        x10:7fffffff x12:00000006
  14096ns            1406 00000324 00170713 addi             x14, x14, 1         x14=00000002 x14:00000001
  14106ns            1407 00000328 f9f718e3 bne              x14, x31, -112      x14:00000002 x31:00000003
  14136ns            1410 000002b8 02b70533 mul              x10, x14, x11       x10=00000018 x14:00000002 x11:0000000c
  14146ns            1411 000002bc 00a78533 add              x10, x15, x10       x10=00030018 x15:00030000 x10:00000018
  14156ns            1412 000002c0 00052503 lw               x10, 0(x10)         x10=7fffffff x10:00030018  PA:00030018
  14176ns            1414 000002c4 00c51c63 bne              x10, x12, 24        x10:7fffffff x12:00000006
  14206ns            1417 000002dc 02b70533 mul              x10, x14, x11       x10=00000018 x14:00000002 x11:0000000c
  14216ns            1418 000002e0 00a78533 add              x10, x15, x10       x10=00030018 x15:00030000 x10:00000018
  14226ns            1419 000002e4 00452503 lw               x10, 4(x10)         x10=00000009 x10:00030018  PA:0003001c
  14246ns            1421 000002e8 00c51c63 bne              x10, x12, 24        x10:00000009 x12:00000006
  14276ns            1424 00000300 02b70533 mul              x10, x14, x11       x10=00000018 x14:00000002 x11:0000000c
  14286ns            1425 00000304 00a78533 add              x10, x15, x10       x10=00030018 x15:00030000 x10:00000018
  14296ns            1426 00000308 00852503 lw               x10, 8(x10)         x10=7fffffff x10:00030018  PA:00030020
  14316ns            1428 0000030c 00c51c63 bne              x10, x12, 24        x10:7fffffff x12:00000006
  14346ns            1431 00000324 00170713 addi             x14, x14, 1         x14=00000003 x14:00000002
  14356ns            1432 00000328 f9f718e3 bne              x14, x31, -112      x14:00000003 x31:00000003
  14366ns            1433 0000032c 03078693 addi             x13, x15, 48        x13=00030030 x15:00030000
  14376ns            1434 00000330 00289513 slli             x10, x17, 0x2       x10=00000004 x17:00000001
  14386ns            1435 00000334 00231713 slli             x14, x6, 0x2        x14=00000000  x6:00000000
  14396ns            1436 00000338 00d70733 add              x14, x14, x13       x14=00030030 x14:00000000 x13:00030030
  14406ns            1437 0000033c 00550533 add              x10, x10, x5        x10=00030044 x10:00000004  x5:00030040
  14416ns            1438 00000340 00072803 lw               x16, 0(x14)         x16=00000000 x14:00030030  PA:00030030
  14426ns            1439 00000344 00052683 lw               x13, 0(x10)         x13=00000000 x10:00030044  PA:00030044
  14446ns            1441 00000348 00d85463 bge              x16, x13, 8         x16:00000000 x13:00000000
  14476ns            1444 00000350 40d80833 sub              x16, x16, x13       x16=00000000 x16:00000000 x13:00000000
  14486ns            1445 00000354 01072023 sw               x16, 0(x14)         x16:00000000 x14:00030030  PA:00030030
  14496ns            1446 00000358 00052703 lw               x14, 0(x10)         x14=00000000 x10:00030044  PA:00030044
  14506ns            1447 0000035c fffe8e93 addi             x29, x29, -1        x29=00000002 x29:00000003
  14516ns            1448 00000360 40d70733 sub              x14, x14, x13       x14=00000000 x14:00000000 x13:00000000
  14526ns            1449 00000364 00e52023 sw               x14, 0(x10)         x14:00000000 x10:00030044  PA:00030044
  14536ns            1450 00000368 03f88733 mul              x14, x17, x31       x14=00000003 x17:00000001 x31:00000003
  14546ns            1451 0000036c 00670733 add              x14, x14, x6        x14=00000003 x14:00000003  x6:00000000
  14556ns            1452 00000370 02c686b3 mul              x13, x13, x12       x13=00000000 x13:00000000 x12:00000006
  14566ns            1453 00000374 00271713 slli             x14, x14, 0x2       x14=0000000c x14:00000003
  14576ns            1454 00000378 00e78733 add              x14, x15, x14       x14=0003000c x15:00030000 x14:0000000c
  14586ns            1455 0000037c 00072503 lw               x10, 0(x14)         x10=00000006 x14:0003000c  PA:0003000c
  14606ns            1457 00000380 01c56533 or               x10, x10, x28       x10=7fffffff x10:00000006 x28:7fffffff
  14616ns            1458 00000384 00a72023 sw               x10, 0(x14)         x10:7fffffff x14:0003000c  PA:0003000c
  14626ns            1459 00000388 0607a703 lw               x14, 96(x15)        x14=000000c3 x15:00030000  PA:00030060
  14646ns            1461 0000038c 00d706b3 add              x13, x14, x13       x13=000000c3 x14:000000c3 x13:00000000
  14656ns            1462 00000390 06d7a023 sw               x13, 96(x15)        x13:000000c3 x15:00030000  PA:00030060
  14666ns            1463 00000394 000e8863 beq              x29, x0, 16         x29:00000002
  14676ns            1464 00000398 000e0613 addi             x12, x28, 0         x12=7fffffff x28:7fffffff
  14686ns            1465 0000039c 00000693 addi             x13, x0, 0          x13=00000000
  14696ns            1466 000003a0 ed5ff06f jal              x0, -300           
  14716ns            1468 00000274 02b68733 mul              x14, x13, x11       x14=00000000 x13:00000000 x11:0000000c
  14726ns            1469 00000278 00e78733 add              x14, x15, x14       x14=00030000 x15:00030000 x14:00000000
  14736ns            1470 0000027c 00472503 lw               x10, 4(x14)         x10=00000008 x14:00030000  PA:00030004
  14746ns            1471 00000280 00072703 lw               x14, 0(x14)         x14=7fffffff x14:00030000  PA:00030000
  14766ns            1473 00000284 00e55463 bge              x10, x14, 8         x10:00000008 x14:7fffffff
  14776ns            1474 00000288 00050713 addi             x14, x10, 0         x14=00000008 x10:00000008
  14786ns            1475 0000028c 02b68533 mul              x10, x13, x11       x10=00000000 x13:00000000 x11:0000000c
  14796ns            1476 00000290 00a78533 add              x10, x15, x10       x10=00030000 x15:00030000 x10:00000000
  14806ns            1477 00000294 00852503 lw               x10, 8(x10)         x10=7fffffff x10:00030000  PA:00030008
  14826ns            1479 00000298 00e55463 bge              x10, x14, 8         x10:7fffffff x14:00000008
  14856ns            1482 000002a0 00c75463 bge              x14, x12, 8         x14:00000008 x12:7fffffff
  14866ns            1483 000002a4 00070613 addi             x12, x14, 0         x12=00000008 x14:00000008
  14876ns            1484 000002a8 00168693 addi             x13, x13, 1         x13=00000001 x13:00000000
  14886ns            1485 000002ac fdf694e3 bne              x13, x31, -56       x13:00000001 x31:00000003
  14916ns            1488 00000274 02b68733 mul              x14, x13, x11       x14=0000000c x13:00000001 x11:0000000c
  14926ns            1489 00000278 00e78733 add              x14, x15, x14       x14=0003000c x15:00030000 x14:0000000c
  14936ns            1490 0000027c 00472503 lw               x10, 4(x14)         x10=7fffffff x14:0003000c  PA:00030010
  14946ns            1491 00000280 00072703 lw               x14, 0(x14)         x14=7fffffff x14:0003000c  PA:0003000c
  14966ns            1493 00000284 00e55463 bge              x10, x14, 8         x10:7fffffff x14:7fffffff
  14996ns            1496 0000028c 02b68533 mul              x10, x13, x11       x10=0000000c x13:00000001 x11:0000000c
  15006ns            1497 00000290 00a78533 add              x10, x15, x10       x10=0003000c x15:00030000 x10:0000000c
  15016ns            1498 00000294 00852503 lw               x10, 8(x10)         x10=7fffffff x10:0003000c  PA:00030014
  15036ns            1500 00000298 00e55463 bge              x10, x14, 8         x10:7fffffff x14:7fffffff
  15066ns            1503 000002a0 00c75463 bge              x14, x12, 8         x14:7fffffff x12:00000008
  15096ns            1506 000002a8 00168693 addi             x13, x13, 1         x13=00000002 x13:00000001
  15106ns            1507 000002ac fdf694e3 bne              x13, x31, -56       x13:00000002 x31:00000003
  15136ns            1510 00000274 02b68733 mul              x14, x13, x11       x14=00000018 x13:00000002 x11:0000000c
  15146ns            1511 00000278 00e78733 add              x14, x15, x14       x14=00030018 x15:00030000 x14:00000018
  15156ns            1512 0000027c 00472503 lw               x10, 4(x14)         x10=00000009 x14:00030018  PA:0003001c
  15166ns            1513 00000280 00072703 lw               x14, 0(x14)         x14=7fffffff x14:00030018  PA:00030018
  15186ns            1515 00000284 00e55463 bge              x10, x14, 8         x10:00000009 x14:7fffffff
  15196ns            1516 00000288 00050713 addi             x14, x10, 0         x14=00000009 x10:00000009
  15206ns            1517 0000028c 02b68533 mul              x10, x13, x11       x10=00000018 x13:00000002 x11:0000000c
  15216ns            1518 00000290 00a78533 add              x10, x15, x10       x10=00030018 x15:00030000 x10:00000018
  15226ns            1519 00000294 00852503 lw               x10, 8(x10)         x10=7fffffff x10:00030018  PA:00030020
  15246ns            1521 00000298 00e55463 bge              x10, x14, 8         x10:7fffffff x14:00000009
  15276ns            1524 000002a0 00c75463 bge              x14, x12, 8         x14:00000009 x12:00000008
  15306ns            1527 000002a8 00168693 addi             x13, x13, 1         x13=00000003 x13:00000002
  15316ns            1528 000002ac fdf694e3 bne              x13, x31, -56       x13:00000003 x31:00000003
  15326ns            1529 000002b0 00000693 addi             x13, x0, 0          x13=00000000
  15336ns            1530 000002b4 00000713 addi             x14, x0, 0          x14=00000000
  15346ns            1531 000002b8 02b70533 mul              x10, x14, x11       x10=00000000 x14:00000000 x11:0000000c
  15356ns            1532 000002bc 00a78533 add              x10, x15, x10       x10=00030000 x15:00030000 x10:00000000
  15366ns            1533 000002c0 00052503 lw               x10, 0(x10)         x10=7fffffff x10:00030000  PA:00030000
  15386ns            1535 000002c4 00c51c63 bne              x10, x12, 24        x10:7fffffff x12:00000008
  15416ns            1538 000002dc 02b70533 mul              x10, x14, x11       x10=00000000 x14:00000000 x11:0000000c
  15426ns            1539 000002e0 00a78533 add              x10, x15, x10       x10=00030000 x15:00030000 x10:00000000
  15436ns            1540 000002e4 00452503 lw               x10, 4(x10)         x10=00000008 x10:00030000  PA:00030004
  15456ns            1542 000002e8 00c51c63 bne              x10, x12, 24        x10:00000008 x12:00000008
  15466ns            1543 000002ec 0347a503 lw               x10, 52(x15)        x10=0000005a x15:00030000  PA:00030034
  15486ns            1545 000002f0 00d54863 blt              x10, x13, 16        x10:0000005a x13:00000000
  15496ns            1546 000002f4 00050693 addi             x13, x10, 0         x13=0000005a x10:0000005a
  15506ns            1547 000002f8 00070893 addi             x17, x14, 0         x17=00000000 x14:00000000
  15516ns            1548 000002fc 00100313 addi             x6, x0, 1            x6=00000001
  15526ns            1549 00000300 02b70533 mul              x10, x14, x11       x10=00000000 x14:00000000 x11:0000000c
  15536ns            1550 00000304 00a78533 add              x10, x15, x10       x10=00030000 x15:00030000 x10:00000000
  15546ns            1551 00000308 00852503 lw               x10, 8(x10)         x10=7fffffff x10:00030000  PA:00030008
  15566ns            1553 0000030c 00c51c63 bne              x10, x12, 24        x10:7fffffff x12:00000008
  15596ns            1556 00000324 00170713 addi             x14, x14, 1         x14=00000001 x14:00000000
  15606ns            1557 00000328 f9f718e3 bne              x14, x31, -112      x14:00000001 x31:00000003
  15636ns            1560 000002b8 02b70533 mul              x10, x14, x11       x10=0000000c x14:00000001 x11:0000000c
  15646ns            1561 000002bc 00a78533 add              x10, x15, x10       x10=0003000c x15:00030000 x10:0000000c
  15656ns            1562 000002c0 00052503 lw               x10, 0(x10)         x10=7fffffff x10:0003000c  PA:0003000c
  15676ns            1564 000002c4 00c51c63 bne              x10, x12, 24        x10:7fffffff x12:00000008
  15706ns            1567 000002dc 02b70533 mul              x10, x14, x11       x10=0000000c x14:00000001 x11:0000000c
  15716ns            1568 000002e0 00a78533 add              x10, x15, x10       x10=0003000c x15:00030000 x10:0000000c
  15726ns            1569 000002e4 00452503 lw               x10, 4(x10)         x10=7fffffff x10:0003000c  PA:00030010
  15746ns            1571 000002e8 00c51c63 bne              x10, x12, 24        x10:7fffffff x12:00000008
  15776ns            1574 00000300 02b70533 mul              x10, x14, x11       x10=0000000c x14:00000001 x11:0000000c
  15786ns            1575 00000304 00a78533 add              x10, x15, x10       x10=0003000c x15:00030000 x10:0000000c
  15796ns            1576 00000308 00852503 lw               x10, 8(x10)         x10=7fffffff x10:0003000c  PA:00030014
  15816ns            1578 0000030c 00c51c63 bne              x10, x12, 24        x10:7fffffff x12:00000008
  15846ns            1581 00000324 00170713 addi             x14, x14, 1         x14=00000002 x14:00000001
  15856ns            1582 00000328 f9f718e3 bne              x14, x31, -112      x14:00000002 x31:00000003
  15886ns            1585 000002b8 02b70533 mul              x10, x14, x11       x10=00000018 x14:00000002 x11:0000000c
  15896ns            1586 000002bc 00a78533 add              x10, x15, x10       x10=00030018 x15:00030000 x10:00000018
  15906ns            1587 000002c0 00052503 lw               x10, 0(x10)         x10=7fffffff x10:00030018  PA:00030018
  15926ns            1589 000002c4 00c51c63 bne              x10, x12, 24        x10:7fffffff x12:00000008
  15956ns            1592 000002dc 02b70533 mul              x10, x14, x11       x10=00000018 x14:00000002 x11:0000000c
  15966ns            1593 000002e0 00a78533 add              x10, x15, x10       x10=00030018 x15:00030000 x10:00000018
  15976ns            1594 000002e4 00452503 lw               x10, 4(x10)         x10=00000009 x10:00030018  PA:0003001c
  15996ns            1596 000002e8 00c51c63 bne              x10, x12, 24        x10:00000009 x12:00000008
  16026ns            1599 00000300 02b70533 mul              x10, x14, x11       x10=00000018 x14:00000002 x11:0000000c
  16036ns            1600 00000304 00a78533 add              x10, x15, x10       x10=00030018 x15:00030000 x10:00000018
  16046ns            1601 00000308 00852503 lw               x10, 8(x10)         x10=7fffffff x10:00030018  PA:00030020
  16066ns            1603 0000030c 00c51c63 bne              x10, x12, 24        x10:7fffffff x12:00000008
  16096ns            1606 00000324 00170713 addi             x14, x14, 1         x14=00000003 x14:00000002
  16106ns            1607 00000328 f9f718e3 bne              x14, x31, -112      x14:00000003 x31:00000003
  16116ns            1608 0000032c 03078693 addi             x13, x15, 48        x13=00030030 x15:00030000
  16126ns            1609 00000330 00289513 slli             x10, x17, 0x2       x10=00000000 x17:00000000
  16136ns            1610 00000334 00231713 slli             x14, x6, 0x2        x14=00000004  x6:00000001
  16146ns            1611 00000338 00d70733 add              x14, x14, x13       x14=00030034 x14:00000004 x13:00030030
  16156ns            1612 0000033c 00550533 add              x10, x10, x5        x10=00030040 x10:00000000  x5:00030040
  16166ns            1613 00000340 00072803 lw               x16, 0(x14)         x16=0000005a x14:00030034  PA:00030034
  16176ns            1614 00000344 00052683 lw               x13, 0(x10)         x13=00000032 x10:00030040  PA:00030040
  16196ns            1616 00000348 00d85463 bge              x16, x13, 8         x16:0000005a x13:00000032
  16226ns            1619 00000350 40d80833 sub              x16, x16, x13       x16=00000028 x16:0000005a x13:00000032
  16236ns            1620 00000354 01072023 sw               x16, 0(x14)         x16:00000028 x14:00030034  PA:00030034
  16246ns            1621 00000358 00052703 lw               x14, 0(x10)         x14=00000032 x10:00030040  PA:00030040
  16256ns            1622 0000035c fffe8e93 addi             x29, x29, -1        x29=00000001 x29:00000002
  16266ns            1623 00000360 40d70733 sub              x14, x14, x13       x14=00000000 x14:00000032 x13:00000032
  16276ns            1624 00000364 00e52023 sw               x14, 0(x10)         x14:00000000 x10:00030040  PA:00030040
  16286ns            1625 00000368 03f88733 mul              x14, x17, x31       x14=00000000 x17:00000000 x31:00000003
  16296ns            1626 0000036c 00670733 add              x14, x14, x6        x14=00000001 x14:00000000  x6:00000001
  16306ns            1627 00000370 02c686b3 mul              x13, x13, x12       x13=00000190 x13:00000032 x12:00000008
  16316ns            1628 00000374 00271713 slli             x14, x14, 0x2       x14=00000004 x14:00000001
  16326ns            1629 00000378 00e78733 add              x14, x15, x14       x14=00030004 x15:00030000 x14:00000004
  16336ns            1630 0000037c 00072503 lw               x10, 0(x14)         x10=00000008 x14:00030004  PA:00030004
  16356ns            1632 00000380 01c56533 or               x10, x10, x28       x10=7fffffff x10:00000008 x28:7fffffff
  16366ns            1633 00000384 00a72023 sw               x10, 0(x14)         x10:7fffffff x14:00030004  PA:00030004
  16376ns            1634 00000388 0607a703 lw               x14, 96(x15)        x14=000000c3 x15:00030000  PA:00030060
  16396ns            1636 0000038c 00d706b3 add              x13, x14, x13       x13=00000253 x14:000000c3 x13:00000190
  16406ns            1637 00000390 06d7a023 sw               x13, 96(x15)        x13:00000253 x15:00030000  PA:00030060
  16416ns            1638 00000394 000e8863 beq              x29, x0, 16         x29:00000001
  16426ns            1639 00000398 000e0613 addi             x12, x28, 0         x12=7fffffff x28:7fffffff
  16436ns            1640 0000039c 00000693 addi             x13, x0, 0          x13=00000000
  16446ns            1641 000003a0 ed5ff06f jal              x0, -300           
  16466ns            1643 00000274 02b68733 mul              x14, x13, x11       x14=00000000 x13:00000000 x11:0000000c
  16476ns            1644 00000278 00e78733 add              x14, x15, x14       x14=00030000 x15:00030000 x14:00000000
  16486ns            1645 0000027c 00472503 lw               x10, 4(x14)         x10=7fffffff x14:00030000  PA:00030004
  16496ns            1646 00000280 00072703 lw               x14, 0(x14)         x14=7fffffff x14:00030000  PA:00030000
  16516ns            1648 00000284 00e55463 bge              x10, x14, 8         x10:7fffffff x14:7fffffff
  16546ns            1651 0000028c 02b68533 mul              x10, x13, x11       x10=00000000 x13:00000000 x11:0000000c
  16556ns            1652 00000290 00a78533 add              x10, x15, x10       x10=00030000 x15:00030000 x10:00000000
  16566ns            1653 00000294 00852503 lw               x10, 8(x10)         x10=7fffffff x10:00030000  PA:00030008
  16586ns            1655 00000298 00e55463 bge              x10, x14, 8         x10:7fffffff x14:7fffffff
  16616ns            1658 000002a0 00c75463 bge              x14, x12, 8         x14:7fffffff x12:7fffffff
  16646ns            1661 000002a8 00168693 addi             x13, x13, 1         x13=00000001 x13:00000000
  16656ns            1662 000002ac fdf694e3 bne              x13, x31, -56       x13:00000001 x31:00000003
  16686ns            1665 00000274 02b68733 mul              x14, x13, x11       x14=0000000c x13:00000001 x11:0000000c
  16696ns            1666 00000278 00e78733 add              x14, x15, x14       x14=0003000c x15:00030000 x14:0000000c
  16706ns            1667 0000027c 00472503 lw               x10, 4(x14)         x10=7fffffff x14:0003000c  PA:00030010
  16716ns            1668 00000280 00072703 lw               x14, 0(x14)         x14=7fffffff x14:0003000c  PA:0003000c
  16736ns            1670 00000284 00e55463 bge              x10, x14, 8         x10:7fffffff x14:7fffffff
  16766ns            1673 0000028c 02b68533 mul              x10, x13, x11       x10=0000000c x13:00000001 x11:0000000c
  16776ns            1674 00000290 00a78533 add              x10, x15, x10       x10=0003000c x15:00030000 x10:0000000c
  16786ns            1675 00000294 00852503 lw               x10, 8(x10)         x10=7fffffff x10:0003000c  PA:00030014
  16806ns            1677 00000298 00e55463 bge              x10, x14, 8         x10:7fffffff x14:7fffffff
  16836ns            1680 000002a0 00c75463 bge              x14, x12, 8         x14:7fffffff x12:7fffffff
  16866ns            1683 000002a8 00168693 addi             x13, x13, 1         x13=00000002 x13:00000001
  16876ns            1684 000002ac fdf694e3 bne              x13, x31, -56       x13:00000002 x31:00000003
  16906ns            1687 00000274 02b68733 mul              x14, x13, x11       x14=00000018 x13:00000002 x11:0000000c
  16916ns            1688 00000278 00e78733 add              x14, x15, x14       x14=00030018 x15:00030000 x14:00000018
  16926ns            1689 0000027c 00472503 lw               x10, 4(x14)         x10=00000009 x14:00030018  PA:0003001c
  16936ns            1690 00000280 00072703 lw               x14, 0(x14)         x14=7fffffff x14:00030018  PA:00030018
  16956ns            1692 00000284 00e55463 bge              x10, x14, 8         x10:00000009 x14:7fffffff
  16966ns            1693 00000288 00050713 addi             x14, x10, 0         x14=00000009 x10:00000009
  16976ns            1694 0000028c 02b68533 mul              x10, x13, x11       x10=00000018 x13:00000002 x11:0000000c
  16986ns            1695 00000290 00a78533 add              x10, x15, x10       x10=00030018 x15:00030000 x10:00000018
  16996ns            1696 00000294 00852503 lw               x10, 8(x10)         x10=7fffffff x10:00030018  PA:00030020
  17016ns            1698 00000298 00e55463 bge              x10, x14, 8         x10:7fffffff x14:00000009
  17046ns            1701 000002a0 00c75463 bge              x14, x12, 8         x14:00000009 x12:7fffffff
  17056ns            1702 000002a4 00070613 addi             x12, x14, 0         x12=00000009 x14:00000009
  17066ns            1703 000002a8 00168693 addi             x13, x13, 1         x13=00000003 x13:00000002
  17076ns            1704 000002ac fdf694e3 bne              x13, x31, -56       x13:00000003 x31:00000003
  17086ns            1705 000002b0 00000693 addi             x13, x0, 0          x13=00000000
  17096ns            1706 000002b4 00000713 addi             x14, x0, 0          x14=00000000
  17106ns            1707 000002b8 02b70533 mul              x10, x14, x11       x10=00000000 x14:00000000 x11:0000000c
  17116ns            1708 000002bc 00a78533 add              x10, x15, x10       x10=00030000 x15:00030000 x10:00000000
  17126ns            1709 000002c0 00052503 lw               x10, 0(x10)         x10=7fffffff x10:00030000  PA:00030000
  17146ns            1711 000002c4 00c51c63 bne              x10, x12, 24        x10:7fffffff x12:00000009
  17176ns            1714 000002dc 02b70533 mul              x10, x14, x11       x10=00000000 x14:00000000 x11:0000000c
  17186ns            1715 000002e0 00a78533 add              x10, x15, x10       x10=00030000 x15:00030000 x10:00000000
  17196ns            1716 000002e4 00452503 lw               x10, 4(x10)         x10=7fffffff x10:00030000  PA:00030004
  17216ns            1718 000002e8 00c51c63 bne              x10, x12, 24        x10:7fffffff x12:00000009
  17246ns            1721 00000300 02b70533 mul              x10, x14, x11       x10=00000000 x14:00000000 x11:0000000c
  17256ns            1722 00000304 00a78533 add              x10, x15, x10       x10=00030000 x15:00030000 x10:00000000
  17266ns            1723 00000308 00852503 lw               x10, 8(x10)         x10=7fffffff x10:00030000  PA:00030008
  17286ns            1725 0000030c 00c51c63 bne              x10, x12, 24        x10:7fffffff x12:00000009
  17316ns            1728 00000324 00170713 addi             x14, x14, 1         x14=00000001 x14:00000000
  17326ns            1729 00000328 f9f718e3 bne              x14, x31, -112      x14:00000001 x31:00000003
  17356ns            1732 000002b8 02b70533 mul              x10, x14, x11       x10=0000000c x14:00000001 x11:0000000c
  17366ns            1733 000002bc 00a78533 add              x10, x15, x10       x10=0003000c x15:00030000 x10:0000000c
  17376ns            1734 000002c0 00052503 lw               x10, 0(x10)         x10=7fffffff x10:0003000c  PA:0003000c
  17396ns            1736 000002c4 00c51c63 bne              x10, x12, 24        x10:7fffffff x12:00000009
  17426ns            1739 000002dc 02b70533 mul              x10, x14, x11       x10=0000000c x14:00000001 x11:0000000c
  17436ns            1740 000002e0 00a78533 add              x10, x15, x10       x10=0003000c x15:00030000 x10:0000000c
  17446ns            1741 000002e4 00452503 lw               x10, 4(x10)         x10=7fffffff x10:0003000c  PA:00030010
  17466ns            1743 000002e8 00c51c63 bne              x10, x12, 24        x10:7fffffff x12:00000009
  17496ns            1746 00000300 02b70533 mul              x10, x14, x11       x10=0000000c x14:00000001 x11:0000000c
  17506ns            1747 00000304 00a78533 add              x10, x15, x10       x10=0003000c x15:00030000 x10:0000000c
  17516ns            1748 00000308 00852503 lw               x10, 8(x10)         x10=7fffffff x10:0003000c  PA:00030014
  17536ns            1750 0000030c 00c51c63 bne              x10, x12, 24        x10:7fffffff x12:00000009
  17566ns            1753 00000324 00170713 addi             x14, x14, 1         x14=00000002 x14:00000001
  17576ns            1754 00000328 f9f718e3 bne              x14, x31, -112      x14:00000002 x31:00000003
  17606ns            1757 000002b8 02b70533 mul              x10, x14, x11       x10=00000018 x14:00000002 x11:0000000c
  17616ns            1758 000002bc 00a78533 add              x10, x15, x10       x10=00030018 x15:00030000 x10:00000018
  17626ns            1759 000002c0 00052503 lw               x10, 0(x10)         x10=7fffffff x10:00030018  PA:00030018
  17646ns            1761 000002c4 00c51c63 bne              x10, x12, 24        x10:7fffffff x12:00000009
  17676ns            1764 000002dc 02b70533 mul              x10, x14, x11       x10=00000018 x14:00000002 x11:0000000c
  17686ns            1765 000002e0 00a78533 add              x10, x15, x10       x10=00030018 x15:00030000 x10:00000018
  17696ns            1766 000002e4 00452503 lw               x10, 4(x10)         x10=00000009 x10:00030018  PA:0003001c
  17716ns            1768 000002e8 00c51c63 bne              x10, x12, 24        x10:00000009 x12:00000009
  17726ns            1769 000002ec 0347a503 lw               x10, 52(x15)        x10=00000028 x15:00030000  PA:00030034
  17746ns            1771 000002f0 00d54863 blt              x10, x13, 16        x10:00000028 x13:00000000
  17756ns            1772 000002f4 00050693 addi             x13, x10, 0         x13=00000028 x10:00000028
  17766ns            1773 000002f8 00070893 addi             x17, x14, 0         x17=00000002 x14:00000002
  17776ns            1774 000002fc 00100313 addi             x6, x0, 1            x6=00000001
  17786ns            1775 00000300 02b70533 mul              x10, x14, x11       x10=00000018 x14:00000002 x11:0000000c
  17796ns            1776 00000304 00a78533 add              x10, x15, x10       x10=00030018 x15:00030000 x10:00000018
  17806ns            1777 00000308 00852503 lw               x10, 8(x10)         x10=7fffffff x10:00030018  PA:00030020
  17826ns            1779 0000030c 00c51c63 bne              x10, x12, 24        x10:7fffffff x12:00000009
  17856ns            1782 00000324 00170713 addi             x14, x14, 1         x14=00000003 x14:00000002
  17866ns            1783 00000328 f9f718e3 bne              x14, x31, -112      x14:00000003 x31:00000003
  17876ns            1784 0000032c 03078693 addi             x13, x15, 48        x13=00030030 x15:00030000
  17886ns            1785 00000330 00289513 slli             x10, x17, 0x2       x10=00000008 x17:00000002
  17896ns            1786 00000334 00231713 slli             x14, x6, 0x2        x14=00000004  x6:00000001
  17906ns            1787 00000338 00d70733 add              x14, x14, x13       x14=00030034 x14:00000004 x13:00030030
  17916ns            1788 0000033c 00550533 add              x10, x10, x5        x10=00030048 x10:00000008  x5:00030040
  17926ns            1789 00000340 00072803 lw               x16, 0(x14)         x16=00000028 x14:00030034  PA:00030034
  17936ns            1790 00000344 00052683 lw               x13, 0(x10)         x13=00000028 x10:00030048  PA:00030048
  17956ns            1792 00000348 00d85463 bge              x16, x13, 8         x16:00000028 x13:00000028
  17986ns            1795 00000350 40d80833 sub              x16, x16, x13       x16=00000000 x16:00000028 x13:00000028
  17996ns            1796 00000354 01072023 sw               x16, 0(x14)         x16:00000000 x14:00030034  PA:00030034
  18006ns            1797 00000358 00052703 lw               x14, 0(x10)         x14=00000028 x10:00030048  PA:00030048
  18016ns            1798 0000035c fffe8e93 addi             x29, x29, -1        x29=00000000 x29:00000001
  18026ns            1799 00000360 40d70733 sub              x14, x14, x13       x14=00000000 x14:00000028 x13:00000028
  18036ns            1800 00000364 00e52023 sw               x14, 0(x10)         x14:00000000 x10:00030048  PA:00030048
  18046ns            1801 00000368 03f88733 mul              x14, x17, x31       x14=00000006 x17:00000002 x31:00000003
  18056ns            1802 0000036c 00670733 add              x14, x14, x6        x14=00000007 x14:00000006  x6:00000001
  18066ns            1803 00000370 02c686b3 mul              x13, x13, x12       x13=00000168 x13:00000028 x12:00000009
  18076ns            1804 00000374 00271713 slli             x14, x14, 0x2       x14=0000001c x14:00000007
  18086ns            1805 00000378 00e78733 add              x14, x15, x14       x14=0003001c x15:00030000 x14:0000001c
  18096ns            1806 0000037c 00072503 lw               x10, 0(x14)         x10=00000009 x14:0003001c  PA:0003001c
  18116ns            1808 00000380 01c56533 or               x10, x10, x28       x10=7fffffff x10:00000009 x28:7fffffff
  18126ns            1809 00000384 00a72023 sw               x10, 0(x14)         x10:7fffffff x14:0003001c  PA:0003001c
  18136ns            1810 00000388 0607a703 lw               x14, 96(x15)        x14=00000253 x15:00030000  PA:00030060
  18156ns            1812 0000038c 00d706b3 add              x13, x14, x13       x13=000003bb x14:00000253 x13:00000168
  18166ns            1813 00000390 06d7a023 sw               x13, 96(x15)        x13:000003bb x15:00030000  PA:00030060
  18176ns            1814 00000394 000e8863 beq              x29, x0, 16         x29:00000000
  18206ns            1817 000003a4 ffff0f13 addi             x30, x30, -1        x30=00000000 x30:00000001
  18216ns            1818 000003a8 ec0f12e3 bne              x30, x0, -316       x30:00000000
  18226ns            1819 000003ac 00000513 addi             x10, x0, 0          x10=00000000
  18236ns            1820 000003b0 00008067 jalr             x0, x1, 0            x1:000001d8
  18256ns            1822 000001d8 4d40006f jal              x0, 1236           
  18276ns            1824 000006ac ff010113 addi             x2, x2, -16          x2=00006150  x2:00006160
  18286ns            1825 000006b0 00000593 addi             x11, x0, 0          x11=00000000
  18296ns            1826 000006b4 00812423 sw               x8, 8(x2)            x8:00000000  x2:00006150  PA:00006158
  18306ns            1827 000006b8 00112623 sw               x1, 12(x2)           x1:000001d8  x2:00006150  PA:0000615c
  18316ns            1828 000006bc 00050413 addi             x8, x10, 0           x8=00000000 x10:00000000
  18326ns            1829 000006c0 59c000ef jal              x1, 1436             x1=000006c4
  18346ns            1831 00000c5c fd010113 addi             x2, x2, -48          x2=00006120  x2:00006150
  18356ns            1832 00000c60 01412c23 sw               x20, 24(x2)         x20:00000000  x2:00006120  PA:00006138
  18366ns            1833 00000c64 0301aa03 lw               x20, 48(x3)         x20=000038e0  x3:000040e0  PA:00004110
  18376ns            1834 00000c68 03212023 sw               x18, 32(x2)         x18:00000000  x2:00006120  PA:00006140
  18386ns            1835 00000c6c 02112623 sw               x1, 44(x2)           x1:000006c4  x2:00006120  PA:0000614c
  18396ns            1836 00000c70 148a2903 lw               x18, 328(x20)       x18=00003a2c x20:000038e0  PA:00003a28
  18406ns            1837 00000c74 02812423 sw               x8, 40(x2)           x8:00000000  x2:00006120  PA:00006148
  18416ns            1838 00000c78 02912223 sw               x9, 36(x2)           x9:00000000  x2:00006120  PA:00006144
  18426ns            1839 00000c7c 01312e23 sw               x19, 28(x2)         x19:00000000  x2:00006120  PA:0000613c
  18436ns            1840 00000c80 01512a23 sw               x21, 20(x2)         x21:00000000  x2:00006120  PA:00006134
  18446ns            1841 00000c84 01612823 sw               x22, 16(x2)         x22:00000000  x2:00006120  PA:00006130
  18456ns            1842 00000c88 01712623 sw               x23, 12(x2)         x23:00000000  x2:00006120  PA:0000612c
  18466ns            1843 00000c8c 01812423 sw               x24, 8(x2)          x24:00000000  x2:00006120  PA:00006128
  18476ns            1844 00000c90 04090063 beq              x18, x0, 64         x18:00003a2c
  18486ns            1845 00000c94 00050b13 addi             x22, x10, 0         x22=00000000 x10:00000000
  18496ns            1846 00000c98 00058b93 addi             x23, x11, 0         x23=00000000 x11:00000000
  18506ns            1847 00000c9c 00100a93 addi             x21, x0, 1          x21=00000001
  18516ns            1848 00000ca0 fff00993 addi             x19, x0, -1         x19=ffffffff
  18526ns            1849 00000ca4 00492483 lw               x9, 4(x18)           x9=00000001 x18:00003a2c  PA:00003a30
  18546ns            1851 00000ca8 fff48413 addi             x8, x9, -1           x8=00000000  x9:00000001
  18556ns            1852 00000cac 02044263 blt              x8, x0, 36           x8:00000000
  18566ns            1853 00000cb0 00249493 slli             x9, x9, 0x2          x9=00000004  x9:00000001
  18576ns            1854 00000cb4 009904b3 add              x9, x18, x9          x9=00003a30 x18:00003a2c  x9:00000004
  18586ns            1855 00000cb8 040b8463 beq              x23, x0, 72         x23:00000000
  18616ns            1858 00000d00 00492783 lw               x15, 4(x18)         x15=00000001 x18:00003a2c  PA:00003a30
  18626ns            1859 00000d04 0044a683 lw               x13, 4(x9)          x13=000006dc  x9:00003a30  PA:00003a34
  18636ns            1860 00000d08 fff78793 addi             x15, x15, -1        x15=00000000 x15:00000001
  18646ns            1861 00000d0c 04878e63 beq              x15, x8, 92         x15:00000000  x8:00000000
  18676ns            1864 00000d68 00892223 sw               x8, 4(x18)           x8:00000000 x18:00003a2c  PA:00003a30
  18686ns            1865 00000d6c fa9ff06f jal              x0, -88            
  18706ns            1867 00000d14 fa0688e3 beq              x13, x0, -80        x13:000006dc
  18716ns            1868 00000d18 18892783 lw               x15, 392(x18)       x15=00000000 x18:00003a2c  PA:00003bb4
  18726ns            1869 00000d1c 008a9733 sll              x14, x21, x8        x14=00000001 x21:00000001  x8:00000000
  18736ns            1870 00000d20 00492c03 lw               x24, 4(x18)         x24=00000000 x18:00003a2c  PA:00003a30
  18746ns            1871 00000d24 00f777b3 and              x15, x14, x15       x15=00000000 x14:00000001 x15:00000000
  18756ns            1872 00000d28 02079263 bne              x15, x0, 36         x15:00000000
  18766ns            1873 00000d2c 000680e7 jalr             x1, x13, 0           x1=00000d30 x13:000006dc
  18786ns            1875 000006dc ff010113 addi             x2, x2, -16          x2=00006110  x2:00006120
  18796ns            1876 000006e0 00812423 sw               x8, 8(x2)            x8:00000000  x2:00006110  PA:00006118
  18806ns            1877 000006e4 000047b7 lui              x15, 0x4000         x15=00004000
  18816ns            1878 000006e8 00004437 lui              x8, 0x4000           x8=00004000
  18826ns            1879 000006ec 8dc40413 addi             x8, x8, -1828        x8=000038dc  x8:00004000
  18836ns            1880 000006f0 8dc78793 addi             x15, x15, -1828     x15=000038dc x15:00004000
  18846ns            1881 000006f4 408787b3 sub              x15, x15, x8        x15=00000000 x15:000038dc  x8:000038dc
  18856ns            1882 000006f8 00912223 sw               x9, 4(x2)            x9:00003a30  x2:00006110  PA:00006114
  18866ns            1883 000006fc 00112623 sw               x1, 12(x2)           x1:00000d30  x2:00006110  PA:0000611c
  18876ns            1884 00000700 4027d493 srai             x9, x15, 0x402       x9=00000000 x15:00000000
  18886ns            1885 00000704 02048063 beq              x9, x0, 32           x9:00000000
  18916ns            1888 00000724 00c12083 lw               x1, 12(x2)           x1=00000d30  x2:00006110  PA:0000611c
  18926ns            1889 00000728 00812403 lw               x8, 8(x2)            x8=00000000  x2:00006110  PA:00006118
  18936ns            1890 0000072c 00412483 lw               x9, 4(x2)            x9=00003a30  x2:00006110  PA:00006114
  18946ns            1891 00000730 01010113 addi             x2, x2, 16           x2=00006120  x2:00006110
  18956ns            1892 00000734 00008067 jalr             x0, x1, 0            x1:00000d30
  18976ns            1894 00000d30 00492703 lw               x14, 4(x18)         x14=00000000 x18:00003a2c  PA:00003a30
  18986ns            1895 00000d34 148a2783 lw               x15, 328(x20)       x15=00003a2c x20:000038e0  PA:00003a28
  18996ns            1896 00000d38 01871463 bne              x14, x24, 8         x14:00000000 x24:00000000
  19006ns            1897 00000d3c f92784e3 beq              x15, x18, -120      x15:00003a2c x18:00003a2c
  19036ns            1900 00000cc4 fff40413 addi             x8, x8, -1           x8=ffffffff  x8:00000000
  19046ns            1901 00000cc8 ffc48493 addi             x9, x9, -4           x9=00003a2c  x9:00003a30
  19056ns            1902 00000ccc ff3416e3 bne              x8, x19, -20         x8:ffffffff x19:ffffffff
  19066ns            1903 00000cd0 02c12083 lw               x1, 44(x2)           x1=000006c4  x2:00006120  PA:0000614c
  19076ns            1904 00000cd4 02812403 lw               x8, 40(x2)           x8=00000000  x2:00006120  PA:00006148
  19086ns            1905 00000cd8 02412483 lw               x9, 36(x2)           x9=00000000  x2:00006120  PA:00006144
  19096ns            1906 00000cdc 02012903 lw               x18, 32(x2)         x18=00000000  x2:00006120  PA:00006140
  19106ns            1907 00000ce0 01c12983 lw               x19, 28(x2)         x19=00000000  x2:00006120  PA:0000613c
  19116ns            1908 00000ce4 01812a03 lw               x20, 24(x2)         x20=00000000  x2:00006120  PA:00006138
  19126ns            1909 00000ce8 01412a83 lw               x21, 20(x2)         x21=00000000  x2:00006120  PA:00006134
  19136ns            1910 00000cec 01012b03 lw               x22, 16(x2)         x22=00000000  x2:00006120  PA:00006130
  19146ns            1911 00000cf0 00c12b83 lw               x23, 12(x2)         x23=00000000  x2:00006120  PA:0000612c
  19156ns            1912 00000cf4 00812c03 lw               x24, 8(x2)          x24=00000000  x2:00006120  PA:00006128
  19166ns            1913 00000cf8 03010113 addi             x2, x2, 48           x2=00006150  x2:00006120
  19176ns            1914 00000cfc 00008067 jalr             x0, x1, 0            x1:000006c4
  19196ns            1916 000006c4 0301a503 lw               x10, 48(x3)         x10=000038e0  x3:000040e0  PA:00004110
  19216ns            1918 000006c8 03c52783 lw               x15, 60(x10)        x15=00000000 x10:000038e0  PA:0000391c
  19236ns            1920 000006cc 00078463 beq              x15, x0, 8          x15:00000000
  19266ns            1923 000006d4 00040513 addi             x10, x8, 0          x10=00000000  x8:00000000
  19276ns            1924 000006d8 d7dff0ef jal              x1, -644             x1=000006dc
  19296ns            1926 00000454 200007b7 lui              x15, 0x20000000     x15=20000000
