                Time          Cycles PC       Instr    Mnemonic
     96ns               5 00000180 00003197 auipc            x3, 0x3000           x3=00003180
    106ns               6 00000184 e7818193 addi             x3, x3, -392         x3=00002ff8  x3:00003180
    116ns               7 00000188 00005117 auipc            x2, 0x5000           x2=00005188
    126ns               8 0000018c ef810113 addi             x2, x2, -264         x2=00005080  x2:00005188
    136ns               9 00000190 00000517 auipc            x10, 0x0            x10=00000190
    146ns              10 00000194 e7050513 addi             x10, x10, -400      x10=00000000 x10:00000190
    156ns              11 00000198 30551073 csrrw            x0, x10, 0x305      x10:00000000
    166ns              12 0000019c 10000513 addi             x10, x0, 256        x10=00000100
    176ns              13 000001a0 7d151073 csrrw            x0, x10, 0x7d1      x10:00000100
    186ns              14 000001a4 04418513 addi             x10, x3, 68         x10=0000303c  x3:00002ff8
    196ns              15 000001a8 07c18613 addi             x12, x3, 124        x12=00003074  x3:00002ff8
    206ns              16 000001ac 40a60633 sub              x12, x12, x10       x12=00000038 x12:00003074 x10:0000303c
    216ns              17 000001b0 00000593 addi             x11, x0, 0          x11=00000000
    226ns              18 000001b4 57a000ef jal              x1, 1402             x1=000001b8
    246ns              20 0000072e 00f00313 addi             x6, x0, 15           x6=0000000f
    256ns              21 00000730 00a00733 add              x14, x0, x10        x14=0000303c x10:0000303c
    266ns              22 00000732 02c37363 bgeu             x6, x12, 38          x6:0000000f x12:00000038
    276ns              23 00000736 00f77793 andi             x15, x14, 15        x15=0000000c x14:0000303c
    286ns              24 0000073a 06079f63 bne              x15, x0, 126        x15:0000000c
    316ns              27 000007b8 00279693 slli             x13, x15, 0x2       x13=00000030 x15:0000000c
    326ns              28 000007bc 00000297 auipc            x5, 0x0              x5=000007bc
    336ns              29 000007c0 005686b3 add              x13, x13, x5        x13=000007ec x13:00000030  x5:000007bc
    346ns              30 000007c2 001002b3 add              x5, x0, x1           x5=000001b8  x1:000001b8
    356ns              31 000007c4 fa8680e7 jalr             x1, x13, -88         x1=000007c8 x13:000007ec
    376ns              33 00000794 00b701a3 sb               x11, 3(x14)         x11:00000000 x14:0000303c  PA:0000303f
    386ns              34 00000798 00b70123 sb               x11, 2(x14)         x11:00000000 x14:0000303c  PA:0000303e
    396ns              35 0000079c 00b700a3 sb               x11, 1(x14)         x11:00000000 x14:0000303c  PA:0000303d
    406ns              36 000007a0 00b70023 sb               x11, 0(x14)         x11:00000000 x14:0000303c  PA:0000303c
    416ns              37 000007a4 00008067 jalr             x0, x1, 0            x1:000007c8
    436ns              39 000007c8 005000b3 add              x1, x0, x5           x1=000001b8  x5:000001b8
    446ns              40 000007ca ff078793 addi             x15, x15, -16       x15=fffffffc x15:0000000c
    456ns              41 000007cc 40f70733 sub              x14, x14, x15       x14=00003040 x14:0000303c x15:fffffffc
    466ns              42 000007ce 00f60633 add              x12, x12, x15       x12=00000034 x12:00000038 x15:fffffffc
    476ns              43 000007d0 f8c374e3 bgeu             x6, x12, -120        x6:0000000f x12:00000034
    486ns              44 000007d4 f69ff06f jal              x0, -152           
    506ns              46 0000073c 06059563 bne              x11, x0, 106        x11:00000000
    516ns              47 0000073e ff067693 andi             x13, x12, -16       x13=00000030 x12:00000034
    526ns              48 00000742 00f67613 andi             x12, x12, 15        x12=00000004 x12:00000034
    536ns              49 00000744 00e686b3 add              x13, x13, x14       x13=00003070 x13:00000030 x14:00003040
    546ns              50 00000746 00b72023 sw               x11, 0(x14)         x11:00000000 x14:00003040  PA:00003040
    556ns              51 00000748 00b72223 sw               x11, 4(x14)         x11:00000000 x14:00003040  PA:00003044
    566ns              52 0000074a 00b72423 sw               x11, 8(x14)         x11:00000000 x14:00003040  PA:00003048
    576ns              53 0000074c 00b72623 sw               x11, 12(x14)        x11:00000000 x14:00003040  PA:0000304c
    586ns              54 0000074e 01070713 addi             x14, x14, 16        x14=00003050 x14:00003040
    596ns              55 00000750 fed76be3 bltu             x14, x13, -10       x14:00003050 x13:00003070
    626ns              58 00000746 00b72023 sw               x11, 0(x14)         x11:00000000 x14:00003050  PA:00003050
    636ns              59 00000748 00b72223 sw               x11, 4(x14)         x11:00000000 x14:00003050  PA:00003054
    646ns              60 0000074a 00b72423 sw               x11, 8(x14)         x11:00000000 x14:00003050  PA:00003058
    656ns              61 0000074c 00b72623 sw               x11, 12(x14)        x11:00000000 x14:00003050  PA:0000305c
    666ns              62 0000074e 01070713 addi             x14, x14, 16        x14=00003060 x14:00003050
    676ns              63 00000750 fed76be3 bltu             x14, x13, -10       x14:00003060 x13:00003070
    706ns              66 00000746 00b72023 sw               x11, 0(x14)         x11:00000000 x14:00003060  PA:00003060
    716ns              67 00000748 00b72223 sw               x11, 4(x14)         x11:00000000 x14:00003060  PA:00003064
    726ns              68 0000074a 00b72423 sw               x11, 8(x14)         x11:00000000 x14:00003060  PA:00003068
    736ns              69 0000074c 00b72623 sw               x11, 12(x14)        x11:00000000 x14:00003060  PA:0000306c
    746ns              70 0000074e 01070713 addi             x14, x14, 16        x14=00003070 x14:00003060
    756ns              71 00000750 fed76be3 bltu             x14, x13, -10       x14:00003070 x13:00003070
    766ns              72 00000754 00061263 bne              x12, x0, 4          x12:00000004
    796ns              75 00000758 40c306b3 sub              x13, x6, x12        x13=0000000b  x6:0000000f x12:00000004
    806ns              76 0000075c 00269693 slli             x13, x13, 0x2       x13=0000002c x13:0000000b
    816ns              77 0000075e 00000297 auipc            x5, 0x0              x5=0000075e
    826ns              78 00000762 005686b3 add              x13, x13, x5        x13=0000078a x13:0000002c  x5:0000075e
    846ns              80 00000764 00a68067 jalr             x0, x13, 10         x13:0000078a
    866ns              82 00000794 00b701a3 sb               x11, 3(x14)         x11:00000000 x14:00003070  PA:00003073
    876ns              83 00000798 00b70123 sb               x11, 2(x14)         x11:00000000 x14:00003070  PA:00003072
    886ns              84 0000079c 00b700a3 sb               x11, 1(x14)         x11:00000000 x14:00003070  PA:00003071
    896ns              85 000007a0 00b70023 sb               x11, 0(x14)         x11:00000000 x14:00003070  PA:00003070
    906ns              86 000007a4 00008067 jalr             x0, x1, 0            x1:000001b8
    926ns              88 000001b8 00000517 auipc            x10, 0x0            x10=000001b8
    936ns              89 000001bc 4d850513 addi             x10, x10, 1240      x10=00000690 x10:000001b8
    946ns              90 000001c0 4ac000ef jal              x1, 1196             x1=000001c4
    966ns              92 0000066c 00a005b3 add              x11, x0, x10        x11=00000690 x10:00000690
    976ns              93 0000066e 00000693 addi             x13, x0, 0          x13=00000000
    986ns              94 00000670 00000613 addi             x12, x0, 0          x12=00000000
    996ns              95 00000672 00000513 addi             x10, x0, 0          x10=00000000
   1006ns              96 00000674 2fe0006f jal              x0, 766            
   1036ns              99 00000972 0301a703 lw               x14, 48(x3)         x14=000027f8  x3:00002ff8  PA:00003028
   1056ns             101 00000976 14872783 lw               x15, 328(x14)       x15=00000000 x14:000027f8  PA:00002940
   1076ns             103 0000097a 04078063 beq              x15, x0, 64         x15:00000000
   1116ns             107 000009ba 14c70793 addi             x15, x14, 332       x15=00002944 x14:000027f8
   1126ns             108 000009be 14f72423 sw               x15, 328(x14)       x15:00002944 x14:000027f8  PA:00002940
   1136ns             109 000009c2 fbbff06f jal              x0, -70            
   1156ns             111 0000097c 0047a703 lw               x14, 4(x15)         x14=00000000 x15:00002944  PA:00002948
   1166ns             112 0000097e 01f00813 addi             x16, x0, 31         x16=0000001f
   1176ns             113 00000980 04e84d63 blt              x16, x14, 90        x16:0000001f x14:00000000
   1186ns             114 00000984 00271813 slli             x16, x14, 0x2       x16=00000000 x14:00000000
   1196ns             115 00000988 02050363 beq              x10, x0, 38         x10:00000000
   1226ns             118 000009ae 00170713 addi             x14, x14, 1         x14=00000001 x14:00000000
   1236ns             119 000009b0 00e7a223 sw               x14, 4(x15)         x14:00000001 x15:00002944  PA:00002948
   1246ns             120 000009b2 010787b3 add              x15, x15, x16       x15=00002944 x15:00002944 x16:00000000
   1256ns             121 000009b4 00b7a423 sw               x11, 8(x15)         x11:00000690 x15:00002944  PA:0000294c
   1266ns             122 000009b6 00000513 addi             x10, x0, 0          x10=00000000
   1276ns             123 000009b8 00008067 jalr             x0, x1, 0            x1:000001c4
   1296ns             125 000001c4 500000ef jal              x1, 1280             x1=000001c8
   1316ns             127 000006c4 ff010113 addi             x2, x2, -16          x2=00005070  x2:00005080
   1326ns             128 000006c6 00812423 sw               x8, 8(x2)            x8:00000000  x2:00005070  PA:00005078
   1336ns             129 000006c8 01212023 sw               x18, 0(x2)          x18:00000000  x2:00005070  PA:00005070
   1346ns             130 000006ca 00002437 lui              x8, 0x2000           x8=00002000
   1356ns             131 000006cc 00002937 lui              x18, 0x2000         x18=00002000
   1366ns             132 000006ce 7f240793 addi             x15, x8, 2034       x15=000027f2  x8:00002000
   1376ns             133 000006d2 7f290913 addi             x18, x18, 2034      x18=000027f2 x18:00002000
   1386ns             134 000006d6 40f90933 sub              x18, x18, x15       x18=00000000 x18:000027f2 x15:000027f2
   1396ns             135 000006da 00112623 sw               x1, 12(x2)           x1:000001c8  x2:00005070  PA:0000507c
   1406ns             136 000006dc 00912223 sw               x9, 4(x2)            x9:00000000  x2:00005070  PA:00005074
   1416ns             137 000006de 40295913 srai             x18, x18, 0x402     x18=00000000 x18:00000000
   1426ns             138 000006e2 00090b63 beq              x18, x0, 22         x18:00000000
   1456ns             141 000006f8 00002437 lui              x8, 0x2000           x8=00002000
   1466ns             142 000006fa 00002937 lui              x18, 0x2000         x18=00002000
   1476ns             143 000006fc 7f440793 addi             x15, x8, 2036       x15=000027f4  x8:00002000
   1486ns             144 00000700 7f890913 addi             x18, x18, 2040      x18=000027f8 x18:00002000
   1496ns             145 00000704 40f90933 sub              x18, x18, x15       x18=00000004 x18:000027f8 x15:000027f4
   1506ns             146 00000708 40295913 srai             x18, x18, 0x402     x18=00000001 x18:00000004
   1516ns             147 0000070c 00090b63 beq              x18, x0, 22         x18:00000001
   1526ns             148 00000710 7f440413 addi             x8, x8, 2036         x8=000027f4  x8:00002000
   1536ns             149 00000714 00000493 addi             x9, x0, 0            x9=00000000
   1546ns             150 00000716 00042783 lw               x15, 0(x8)          x15=0000038c  x8:000027f4  PA:000027f4
   1556ns             151 00000718 00148493 addi             x9, x9, 1            x9=00000001  x9:00000000
   1566ns             152 0000071a 00440413 addi             x8, x8, 4            x8=000027f8  x8:000027f4
   1576ns             153 0000071c 000780e7 jalr             x1, x15, 0           x1=0000071e x15:0000038c
   1596ns             155 0000038c 00000793 addi             x15, x0, 0          x15=00000000
   1606ns             156 00000390 00078463 beq              x15, x0, 8          x15:00000000
   1636ns             159 00000398 00008067 jalr             x0, x1, 0            x1:0000071e
   1666ns             162 0000071e fe991ce3 bne              x18, x9, -8         x18:00000001  x9:00000001
   1676ns             163 00000722 00c12083 lw               x1, 12(x2)           x1=000001c8  x2:00005070  PA:0000507c
   1686ns             164 00000724 00812403 lw               x8, 8(x2)            x8=00000000  x2:00005070  PA:00005078
   1696ns             165 00000726 00412483 lw               x9, 4(x2)            x9=00000000  x2:00005070  PA:00005074
   1706ns             166 00000728 00012903 lw               x18, 0(x2)          x18=00000000  x2:00005070  PA:00005070
   1716ns             167 0000072a 01010113 addi             x2, x2, 16           x2=00005080  x2:00005070
   1726ns             168 0000072c 00008067 jalr             x0, x1, 0            x1:000001c8
   1746ns             170 000001c8 00012503 lw               x10, 0(x2)          x10=xxxxxxxx  x2:00005080  PA:00005080
   1756ns             171 000001cc 00410593 addi             x11, x2, 4          x11=00005084  x2:00005080
   1766ns             172 000001d0 00000613 addi             x12, x0, 0          x12=00000000
   1776ns             173 000001d4 00c000ef jal              x1, 12               x1=000001d8
   1796ns             175 000001e0 000307b7 lui              x15, 0x30000        x15=00030000
   1806ns             176 000001e4 00500713 addi             x14, x0, 5          x14=00000005
   1816ns             177 000001e8 00e7a023 sw               x14, 0(x15)         x14:00000005 x15:00030000  PA:00030000
   1826ns             178 000001ec 00800713 addi             x14, x0, 8          x14=00000008
   1836ns             179 000001f0 00e7a223 sw               x14, 4(x15)         x14:00000008 x15:00030000  PA:00030004
   1846ns             180 000001f4 00400713 addi             x14, x0, 4          x14=00000004
   1856ns             181 000001f8 00e7a423 sw               x14, 8(x15)         x14:00000004 x15:00030000  PA:00030008
   1866ns             182 000001fc 00600713 addi             x14, x0, 6          x14=00000006
   1876ns             183 00000200 00e7a623 sw               x14, 12(x15)        x14:00000006 x15:00030000  PA:0003000c
   1886ns             184 00000204 00e7a823 sw               x14, 16(x15)        x14:00000006 x15:00030000  PA:00030010
   1896ns             185 00000208 02e7a023 sw               x14, 32(x15)        x14:00000006 x15:00030000  PA:00030020
   1906ns             186 0000020c 01400713 addi             x14, x0, 20         x14=00000014
   1916ns             187 00000210 02e7a823 sw               x14, 48(x15)        x14:00000014 x15:00030000  PA:00030030
   1926ns             188 00000214 05f00713 addi             x14, x0, 95         x14=0000005f
   1936ns             189 00000218 02e7aa23 sw               x14, 52(x15)        x14:0000005f x15:00030000  PA:00030034
   1946ns             190 0000021c 02300713 addi             x14, x0, 35         x14=00000023
   1956ns             191 00000220 02e7ac23 sw               x14, 56(x15)        x14:00000023 x15:00030000  PA:00030038
   1966ns             192 00000224 03200713 addi             x14, x0, 50         x14=00000032
   1976ns             193 00000228 00300693 addi             x13, x0, 3          x13=00000003
   1986ns             194 0000022c 04e7a023 sw               x14, 64(x15)        x14:00000032 x15:00030000  PA:00030040
   1996ns             195 00000230 02800713 addi             x14, x0, 40         x14=00000028
   2006ns             196 00000234 00d7aa23 sw               x13, 20(x15)        x13:00000003 x15:00030000  PA:00030014
   2016ns             197 00000238 00d7ac23 sw               x13, 24(x15)        x13:00000003 x15:00030000  PA:00030018
   2026ns             198 0000023c 04e7a223 sw               x14, 68(x15)        x14:00000028 x15:00030000  PA:00030044
   2036ns             199 00000240 00900693 addi             x13, x0, 9          x13=00000009
   2046ns             200 00000244 03c00713 addi             x14, x0, 60         x14=0000003c
   2056ns             201 00000248 80000e37 lui              x28, 0x80000000     x28=80000000
   2066ns             202 0000024c 00d7ae23 sw               x13, 28(x15)        x13:00000009 x15:00030000  PA:0003001c
   2076ns             203 00000250 04e7a423 sw               x14, 72(x15)        x14:0000003c x15:00030000  PA:00030048
   2086ns             204 00000254 0607a023 sw               x0, 96(x15)         x15:00030000  PA:00030060
   2096ns             205 00000258 00020cb7 lui              x25, 0x20000        x25=00020000
   2106ns             206 0000025c 00300f13 addi             x30, x0, 3          x30=00000003
   2116ns             207 00000260 fffe4e13 xori             x28, x28, -1        x28=7fffffff x28:80000000
   2126ns             208 00000264 00c00593 addi             x11, x0, 12         x11=0000000c
   2136ns             209 00000268 00300f93 addi             x31, x0, 3          x31=00000003
   2146ns             210 0000026c 04078293 addi             x5, x15, 64          x5=00030040 x15:00030000
   2156ns             211 00000270 00300e93 addi             x29, x0, 3          x29=00000003
   2166ns             212 00000274 0fc0006f jal              x0, 252            
   2186ns             214 00000370 000e0613 addi             x12, x28, 0         x12=7fffffff x28:7fffffff
   2196ns             215 00000374 00000693 addi             x13, x0, 0          x13=00000000
   2206ns             216 00000378 f01ff06f jal              x0, -256           
   2226ns             218 00000278 00900613 addi             x12, x0, 9          x12=00000009
   2236ns             219 0000027c ffccd63b sw_active_min    Nx12 -4(x25)        x25:00020000 x12:00000009  PA:0001fffc
   2246ns             220 00000280 0007861b lw_mask          x12, x0, 0(x15)     x12=00000003 x15:00030000  PA:00030000
   2256ns             221 00000284 ffcc803b sw_active_none   Nx0 -4(x25)         x25:00020000  PA:0001fffc
   2586ns             254 00000288 00000693 addi             x13, x0, 0          x13=00000000
   2596ns             255 0000028c 00000713 addi             x14, x0, 0          x14=00000000
   2606ns             256 00000290 02b70533 mul              x10, x14, x11       x10=00000000 x14:00000000 x11:0000000c
   2616ns             257 00000294 00a78533 add              x10, x15, x10       x10=00030000 x15:00030000 x10:00000000
   2626ns             258 00000298 00052503 lw               x10, 0(x10)         x10=00000005 x10:00030000  PA:00030000
   2646ns             260 0000029c 00c51c63 bne              x10, x12, 24        x10:00000005 x12:00000003
   2676ns             263 000002b4 02b70533 mul              x10, x14, x11       x10=00000000 x14:00000000 x11:0000000c
   2686ns             264 000002b8 00a78533 add              x10, x15, x10       x10=00030000 x15:00030000 x10:00000000
   2696ns             265 000002bc 00452503 lw               x10, 4(x10)         x10=00000008 x10:00030000  PA:00030004
   2716ns             267 000002c0 00c51c63 bne              x10, x12, 24        x10:00000008 x12:00000003
   2746ns             270 000002d8 02b70533 mul              x10, x14, x11       x10=00000000 x14:00000000 x11:0000000c
   2756ns             271 000002dc 00a78533 add              x10, x15, x10       x10=00030000 x15:00030000 x10:00000000
   2766ns             272 000002e0 00852503 lw               x10, 8(x10)         x10=00000004 x10:00030000  PA:00030008
   2786ns             274 000002e4 00c51c63 bne              x10, x12, 24        x10:00000004 x12:00000003
   2816ns             277 000002fc 00170713 addi             x14, x14, 1         x14=00000001 x14:00000000
   2826ns             278 00000300 f9f718e3 bne              x14, x31, -112      x14:00000001 x31:00000003
   2856ns             281 00000290 02b70533 mul              x10, x14, x11       x10=0000000c x14:00000001 x11:0000000c
   2866ns             282 00000294 00a78533 add              x10, x15, x10       x10=0003000c x15:00030000 x10:0000000c
   2876ns             283 00000298 00052503 lw               x10, 0(x10)         x10=00000006 x10:0003000c  PA:0003000c
   2896ns             285 0000029c 00c51c63 bne              x10, x12, 24        x10:00000006 x12:00000003
   2926ns             288 000002b4 02b70533 mul              x10, x14, x11       x10=0000000c x14:00000001 x11:0000000c
   2936ns             289 000002b8 00a78533 add              x10, x15, x10       x10=0003000c x15:00030000 x10:0000000c
   2946ns             290 000002bc 00452503 lw               x10, 4(x10)         x10=00000006 x10:0003000c  PA:00030010
   2966ns             292 000002c0 00c51c63 bne              x10, x12, 24        x10:00000006 x12:00000003
   2996ns             295 000002d8 02b70533 mul              x10, x14, x11       x10=0000000c x14:00000001 x11:0000000c
   3006ns             296 000002dc 00a78533 add              x10, x15, x10       x10=0003000c x15:00030000 x10:0000000c
   3016ns             297 000002e0 00852503 lw               x10, 8(x10)         x10=00000003 x10:0003000c  PA:00030014
   3036ns             299 000002e4 00c51c63 bne              x10, x12, 24        x10:00000003 x12:00000003
   3046ns             300 000002e8 0387a503 lw               x10, 56(x15)        x10=00000023 x15:00030000  PA:00030038
   3066ns             302 000002ec 00d54863 blt              x10, x13, 16        x10:00000023 x13:00000000
   3076ns             303 000002f0 00050693 addi             x13, x10, 0         x13=00000023 x10:00000023
   3086ns             304 000002f4 00070893 addi             x17, x14, 0         x17=00000001 x14:00000001
   3096ns             305 000002f8 00200313 addi             x6, x0, 2            x6=00000002
   3106ns             306 000002fc 00170713 addi             x14, x14, 1         x14=00000002 x14:00000001
   3116ns             307 00000300 f9f718e3 bne              x14, x31, -112      x14:00000002 x31:00000003
   3146ns             310 00000290 02b70533 mul              x10, x14, x11       x10=00000018 x14:00000002 x11:0000000c
   3156ns             311 00000294 00a78533 add              x10, x15, x10       x10=00030018 x15:00030000 x10:00000018
   3166ns             312 00000298 00052503 lw               x10, 0(x10)         x10=00000003 x10:00030018  PA:00030018
   3186ns             314 0000029c 00c51c63 bne              x10, x12, 24        x10:00000003 x12:00000003
   3196ns             315 000002a0 0307a503 lw               x10, 48(x15)        x10=00000014 x15:00030000  PA:00030030
   3216ns             317 000002a4 00d54863 blt              x10, x13, 16        x10:00000014 x13:00000023
   3246ns             320 000002b4 02b70533 mul              x10, x14, x11       x10=00000018 x14:00000002 x11:0000000c
   3256ns             321 000002b8 00a78533 add              x10, x15, x10       x10=00030018 x15:00030000 x10:00000018
   3266ns             322 000002bc 00452503 lw               x10, 4(x10)         x10=00000009 x10:00030018  PA:0003001c
   3286ns             324 000002c0 00c51c63 bne              x10, x12, 24        x10:00000009 x12:00000003
   3316ns             327 000002d8 02b70533 mul              x10, x14, x11       x10=00000018 x14:00000002 x11:0000000c
   3326ns             328 000002dc 00a78533 add              x10, x15, x10       x10=00030018 x15:00030000 x10:00000018
   3336ns             329 000002e0 00852503 lw               x10, 8(x10)         x10=00000006 x10:00030018  PA:00030020
   3356ns             331 000002e4 00c51c63 bne              x10, x12, 24        x10:00000006 x12:00000003
   3386ns             334 000002fc 00170713 addi             x14, x14, 1         x14=00000003 x14:00000002
   3396ns             335 00000300 f9f718e3 bne              x14, x31, -112      x14:00000003 x31:00000003
   3406ns             336 00000304 03078693 addi             x13, x15, 48        x13=00030030 x15:00030000
   3416ns             337 00000308 00289513 slli             x10, x17, 0x2       x10=00000004 x17:00000001
   3426ns             338 0000030c 00231713 slli             x14, x6, 0x2        x14=00000008  x6:00000002
   3436ns             339 00000310 00d70733 add              x14, x14, x13       x14=00030038 x14:00000008 x13:00030030
   3446ns             340 00000314 00550533 add              x10, x10, x5        x10=00030044 x10:00000004  x5:00030040
   3456ns             341 00000318 00072803 lw               x16, 0(x14)         x16=00000023 x14:00030038  PA:00030038
   3466ns             342 0000031c 00052683 lw               x13, 0(x10)         x13=00000028 x10:00030044  PA:00030044
   3486ns             344 00000320 00d85463 bge              x16, x13, 8         x16:00000023 x13:00000028
   3496ns             345 00000324 00080693 addi             x13, x16, 0         x13=00000023 x16:00000023
   3506ns             346 00000328 40d80833 sub              x16, x16, x13       x16=00000000 x16:00000023 x13:00000023
   3516ns             347 0000032c 01072023 sw               x16, 0(x14)         x16:00000000 x14:00030038  PA:00030038
   3526ns             348 00000330 00052703 lw               x14, 0(x10)         x14=00000028 x10:00030044  PA:00030044
   3536ns             349 00000334 fffe8e93 addi             x29, x29, -1        x29=00000002 x29:00000003
   3546ns             350 00000338 40d70733 sub              x14, x14, x13       x14=00000005 x14:00000028 x13:00000023
   3556ns             351 0000033c 00e52023 sw               x14, 0(x10)         x14:00000005 x10:00030044  PA:00030044
   3566ns             352 00000340 03f88733 mul              x14, x17, x31       x14=00000003 x17:00000001 x31:00000003
   3576ns             353 00000344 00670733 add              x14, x14, x6        x14=00000005 x14:00000003  x6:00000002
   3586ns             354 00000348 02c686b3 mul              x13, x13, x12       x13=00000069 x13:00000023 x12:00000003
   3596ns             355 0000034c 00271713 slli             x14, x14, 0x2       x14=00000014 x14:00000005
   3606ns             356 00000350 00e78733 add              x14, x15, x14       x14=00030014 x15:00030000 x14:00000014
   3616ns             357 00000354 00072503 lw               x10, 0(x14)         x10=00000003 x14:00030014  PA:00030014
   3636ns             359 00000358 01c56533 or               x10, x10, x28       x10=7fffffff x10:00000003 x28:7fffffff
   3646ns             360 0000035c 00a72023 sw               x10, 0(x14)         x10:7fffffff x14:00030014  PA:00030014
   3656ns             361 00000360 0607a703 lw               x14, 96(x15)        x14=00000000 x15:00030000  PA:00030060
   3676ns             363 00000364 00d706b3 add              x13, x14, x13       x13=00000069 x14:00000000 x13:00000069
   3686ns             364 00000368 06d7a023 sw               x13, 96(x15)        x13:00000069 x15:00030000  PA:00030060
   3696ns             365 0000036c 000e8863 beq              x29, x0, 16         x29:00000002
   3706ns             366 00000370 000e0613 addi             x12, x28, 0         x12=7fffffff x28:7fffffff
   3716ns             367 00000374 00000693 addi             x13, x0, 0          x13=00000000
   3726ns             368 00000378 f01ff06f jal              x0, -256           
   3746ns             370 00000278 00900613 addi             x12, x0, 9          x12=00000009
   3756ns             371 0000027c ffccd63b sw_active_min    Nx12 -4(x25)        x25:00020000 x12:00000009  PA:0001fffc
   3766ns             372 00000280 0007861b lw_mask          x12, x0, 0(x15)     x12=00000003 x15:00030000  PA:00030000
   3776ns             373 00000284 ffcc803b sw_active_none   Nx0 -4(x25)         x25:00020000  PA:0001fffc
   4106ns             406 00000288 00000693 addi             x13, x0, 0          x13=00000000
   4116ns             407 0000028c 00000713 addi             x14, x0, 0          x14=00000000
   4126ns             408 00000290 02b70533 mul              x10, x14, x11       x10=00000000 x14:00000000 x11:0000000c
   4136ns             409 00000294 00a78533 add              x10, x15, x10       x10=00030000 x15:00030000 x10:00000000
   4146ns             410 00000298 00052503 lw               x10, 0(x10)         x10=00000005 x10:00030000  PA:00030000
   4166ns             412 0000029c 00c51c63 bne              x10, x12, 24        x10:00000005 x12:00000003
   4196ns             415 000002b4 02b70533 mul              x10, x14, x11       x10=00000000 x14:00000000 x11:0000000c
   4206ns             416 000002b8 00a78533 add              x10, x15, x10       x10=00030000 x15:00030000 x10:00000000
   4216ns             417 000002bc 00452503 lw               x10, 4(x10)         x10=00000008 x10:00030000  PA:00030004
   4236ns             419 000002c0 00c51c63 bne              x10, x12, 24        x10:00000008 x12:00000003
   4266ns             422 000002d8 02b70533 mul              x10, x14, x11       x10=00000000 x14:00000000 x11:0000000c
   4276ns             423 000002dc 00a78533 add              x10, x15, x10       x10=00030000 x15:00030000 x10:00000000
   4286ns             424 000002e0 00852503 lw               x10, 8(x10)         x10=00000004 x10:00030000  PA:00030008
   4306ns             426 000002e4 00c51c63 bne              x10, x12, 24        x10:00000004 x12:00000003
   4336ns             429 000002fc 00170713 addi             x14, x14, 1         x14=00000001 x14:00000000
   4346ns             430 00000300 f9f718e3 bne              x14, x31, -112      x14:00000001 x31:00000003
   4376ns             433 00000290 02b70533 mul              x10, x14, x11       x10=0000000c x14:00000001 x11:0000000c
   4386ns             434 00000294 00a78533 add              x10, x15, x10       x10=0003000c x15:00030000 x10:0000000c
   4396ns             435 00000298 00052503 lw               x10, 0(x10)         x10=00000006 x10:0003000c  PA:0003000c
   4416ns             437 0000029c 00c51c63 bne              x10, x12, 24        x10:00000006 x12:00000003
   4446ns             440 000002b4 02b70533 mul              x10, x14, x11       x10=0000000c x14:00000001 x11:0000000c
   4456ns             441 000002b8 00a78533 add              x10, x15, x10       x10=0003000c x15:00030000 x10:0000000c
   4466ns             442 000002bc 00452503 lw               x10, 4(x10)         x10=00000006 x10:0003000c  PA:00030010
   4486ns             444 000002c0 00c51c63 bne              x10, x12, 24        x10:00000006 x12:00000003
   4516ns             447 000002d8 02b70533 mul              x10, x14, x11       x10=0000000c x14:00000001 x11:0000000c
   4526ns             448 000002dc 00a78533 add              x10, x15, x10       x10=0003000c x15:00030000 x10:0000000c
   4536ns             449 000002e0 00852503 lw               x10, 8(x10)         x10=7fffffff x10:0003000c  PA:00030014
   4556ns             451 000002e4 00c51c63 bne              x10, x12, 24        x10:7fffffff x12:00000003
   4586ns             454 000002fc 00170713 addi             x14, x14, 1         x14=00000002 x14:00000001
   4596ns             455 00000300 f9f718e3 bne              x14, x31, -112      x14:00000002 x31:00000003
   4626ns             458 00000290 02b70533 mul              x10, x14, x11       x10=00000018 x14:00000002 x11:0000000c
   4636ns             459 00000294 00a78533 add              x10, x15, x10       x10=00030018 x15:00030000 x10:00000018
   4646ns             460 00000298 00052503 lw               x10, 0(x10)         x10=00000003 x10:00030018  PA:00030018
   4666ns             462 0000029c 00c51c63 bne              x10, x12, 24        x10:00000003 x12:00000003
   4676ns             463 000002a0 0307a503 lw               x10, 48(x15)        x10=00000014 x15:00030000  PA:00030030
   4696ns             465 000002a4 00d54863 blt              x10, x13, 16        x10:00000014 x13:00000000
   4706ns             466 000002a8 00050693 addi             x13, x10, 0         x13=00000014 x10:00000014
   4716ns             467 000002ac 00070893 addi             x17, x14, 0         x17=00000002 x14:00000002
   4726ns             468 000002b0 00000313 addi             x6, x0, 0            x6=00000000
   4736ns             469 000002b4 02b70533 mul              x10, x14, x11       x10=00000018 x14:00000002 x11:0000000c
   4746ns             470 000002b8 00a78533 add              x10, x15, x10       x10=00030018 x15:00030000 x10:00000018
   4756ns             471 000002bc 00452503 lw               x10, 4(x10)         x10=00000009 x10:00030018  PA:0003001c
   4776ns             473 000002c0 00c51c63 bne              x10, x12, 24        x10:00000009 x12:00000003
   4806ns             476 000002d8 02b70533 mul              x10, x14, x11       x10=00000018 x14:00000002 x11:0000000c
   4816ns             477 000002dc 00a78533 add              x10, x15, x10       x10=00030018 x15:00030000 x10:00000018
   4826ns             478 000002e0 00852503 lw               x10, 8(x10)         x10=00000006 x10:00030018  PA:00030020
   4846ns             480 000002e4 00c51c63 bne              x10, x12, 24        x10:00000006 x12:00000003
   4876ns             483 000002fc 00170713 addi             x14, x14, 1         x14=00000003 x14:00000002
   4886ns             484 00000300 f9f718e3 bne              x14, x31, -112      x14:00000003 x31:00000003
   4896ns             485 00000304 03078693 addi             x13, x15, 48        x13=00030030 x15:00030000
   4906ns             486 00000308 00289513 slli             x10, x17, 0x2       x10=00000008 x17:00000002
   4916ns             487 0000030c 00231713 slli             x14, x6, 0x2        x14=00000000  x6:00000000
   4926ns             488 00000310 00d70733 add              x14, x14, x13       x14=00030030 x14:00000000 x13:00030030
   4936ns             489 00000314 00550533 add              x10, x10, x5        x10=00030048 x10:00000008  x5:00030040
   4946ns             490 00000318 00072803 lw               x16, 0(x14)         x16=00000014 x14:00030030  PA:00030030
   4956ns             491 0000031c 00052683 lw               x13, 0(x10)         x13=0000003c x10:00030048  PA:00030048
   4976ns             493 00000320 00d85463 bge              x16, x13, 8         x16:00000014 x13:0000003c
   4986ns             494 00000324 00080693 addi             x13, x16, 0         x13=00000014 x16:00000014
   4996ns             495 00000328 40d80833 sub              x16, x16, x13       x16=00000000 x16:00000014 x13:00000014
   5006ns             496 0000032c 01072023 sw               x16, 0(x14)         x16:00000000 x14:00030030  PA:00030030
   5016ns             497 00000330 00052703 lw               x14, 0(x10)         x14=0000003c x10:00030048  PA:00030048
   5026ns             498 00000334 fffe8e93 addi             x29, x29, -1        x29=00000001 x29:00000002
   5036ns             499 00000338 40d70733 sub              x14, x14, x13       x14=00000028 x14:0000003c x13:00000014
   5046ns             500 0000033c 00e52023 sw               x14, 0(x10)         x14:00000028 x10:00030048  PA:00030048
   5056ns             501 00000340 03f88733 mul              x14, x17, x31       x14=00000006 x17:00000002 x31:00000003
   5066ns             502 00000344 00670733 add              x14, x14, x6        x14=00000006 x14:00000006  x6:00000000
   5076ns             503 00000348 02c686b3 mul              x13, x13, x12       x13=0000003c x13:00000014 x12:00000003
   5086ns             504 0000034c 00271713 slli             x14, x14, 0x2       x14=00000018 x14:00000006
   5096ns             505 00000350 00e78733 add              x14, x15, x14       x14=00030018 x15:00030000 x14:00000018
   5106ns             506 00000354 00072503 lw               x10, 0(x14)         x10=00000003 x14:00030018  PA:00030018
   5126ns             508 00000358 01c56533 or               x10, x10, x28       x10=7fffffff x10:00000003 x28:7fffffff
   5136ns             509 0000035c 00a72023 sw               x10, 0(x14)         x10:7fffffff x14:00030018  PA:00030018
   5146ns             510 00000360 0607a703 lw               x14, 96(x15)        x14=00000069 x15:00030000  PA:00030060
   5166ns             512 00000364 00d706b3 add              x13, x14, x13       x13=000000a5 x14:00000069 x13:0000003c
   5176ns             513 00000368 06d7a023 sw               x13, 96(x15)        x13:000000a5 x15:00030000  PA:00030060
   5186ns             514 0000036c 000e8863 beq              x29, x0, 16         x29:00000001
   5196ns             515 00000370 000e0613 addi             x12, x28, 0         x12=7fffffff x28:7fffffff
   5206ns             516 00000374 00000693 addi             x13, x0, 0          x13=00000000
   5216ns             517 00000378 f01ff06f jal              x0, -256           
   5236ns             519 00000278 00900613 addi             x12, x0, 9          x12=00000009
   5246ns             520 0000027c ffccd63b sw_active_min    Nx12 -4(x25)        x25:00020000 x12:00000009  PA:0001fffc
   5256ns             521 00000280 0007861b lw_mask          x12, x0, 0(x15)     x12=00000004 x15:00030000  PA:00030000
   5266ns             522 00000284 ffcc803b sw_active_none   Nx0 -4(x25)         x25:00020000  PA:0001fffc
   5596ns             555 00000288 00000693 addi             x13, x0, 0          x13=00000000
   5606ns             556 0000028c 00000713 addi             x14, x0, 0          x14=00000000
   5616ns             557 00000290 02b70533 mul              x10, x14, x11       x10=00000000 x14:00000000 x11:0000000c
   5626ns             558 00000294 00a78533 add              x10, x15, x10       x10=00030000 x15:00030000 x10:00000000
   5636ns             559 00000298 00052503 lw               x10, 0(x10)         x10=00000005 x10:00030000  PA:00030000
   5656ns             561 0000029c 00c51c63 bne              x10, x12, 24        x10:00000005 x12:00000004
   5686ns             564 000002b4 02b70533 mul              x10, x14, x11       x10=00000000 x14:00000000 x11:0000000c
   5696ns             565 000002b8 00a78533 add              x10, x15, x10       x10=00030000 x15:00030000 x10:00000000
   5706ns             566 000002bc 00452503 lw               x10, 4(x10)         x10=00000008 x10:00030000  PA:00030004
   5726ns             568 000002c0 00c51c63 bne              x10, x12, 24        x10:00000008 x12:00000004
   5756ns             571 000002d8 02b70533 mul              x10, x14, x11       x10=00000000 x14:00000000 x11:0000000c
   5766ns             572 000002dc 00a78533 add              x10, x15, x10       x10=00030000 x15:00030000 x10:00000000
   5776ns             573 000002e0 00852503 lw               x10, 8(x10)         x10=00000004 x10:00030000  PA:00030008
   5796ns             575 000002e4 00c51c63 bne              x10, x12, 24        x10:00000004 x12:00000004
   5806ns             576 000002e8 0387a503 lw               x10, 56(x15)        x10=00000000 x15:00030000  PA:00030038
   5826ns             578 000002ec 00d54863 blt              x10, x13, 16        x10:00000000 x13:00000000
   5836ns             579 000002f0 00050693 addi             x13, x10, 0         x13=00000000 x10:00000000
   5846ns             580 000002f4 00070893 addi             x17, x14, 0         x17=00000000 x14:00000000
   5856ns             581 000002f8 00200313 addi             x6, x0, 2            x6=00000002
   5866ns             582 000002fc 00170713 addi             x14, x14, 1         x14=00000001 x14:00000000
   5876ns             583 00000300 f9f718e3 bne              x14, x31, -112      x14:00000001 x31:00000003
   5906ns             586 00000290 02b70533 mul              x10, x14, x11       x10=0000000c x14:00000001 x11:0000000c
   5916ns             587 00000294 00a78533 add              x10, x15, x10       x10=0003000c x15:00030000 x10:0000000c
   5926ns             588 00000298 00052503 lw               x10, 0(x10)         x10=00000006 x10:0003000c  PA:0003000c
   5946ns             590 0000029c 00c51c63 bne              x10, x12, 24        x10:00000006 x12:00000004
   5976ns             593 000002b4 02b70533 mul              x10, x14, x11       x10=0000000c x14:00000001 x11:0000000c
   5986ns             594 000002b8 00a78533 add              x10, x15, x10       x10=0003000c x15:00030000 x10:0000000c
   5996ns             595 000002bc 00452503 lw               x10, 4(x10)         x10=00000006 x10:0003000c  PA:00030010
   6016ns             597 000002c0 00c51c63 bne              x10, x12, 24        x10:00000006 x12:00000004
   6046ns             600 000002d8 02b70533 mul              x10, x14, x11       x10=0000000c x14:00000001 x11:0000000c
   6056ns             601 000002dc 00a78533 add              x10, x15, x10       x10=0003000c x15:00030000 x10:0000000c
   6066ns             602 000002e0 00852503 lw               x10, 8(x10)         x10=7fffffff x10:0003000c  PA:00030014
   6086ns             604 000002e4 00c51c63 bne              x10, x12, 24        x10:7fffffff x12:00000004
   6116ns             607 000002fc 00170713 addi             x14, x14, 1         x14=00000002 x14:00000001
   6126ns             608 00000300 f9f718e3 bne              x14, x31, -112      x14:00000002 x31:00000003
   6156ns             611 00000290 02b70533 mul              x10, x14, x11       x10=00000018 x14:00000002 x11:0000000c
   6166ns             612 00000294 00a78533 add              x10, x15, x10       x10=00030018 x15:00030000 x10:00000018
   6176ns             613 00000298 00052503 lw               x10, 0(x10)         x10=7fffffff x10:00030018  PA:00030018
   6196ns             615 0000029c 00c51c63 bne              x10, x12, 24        x10:7fffffff x12:00000004
   6226ns             618 000002b4 02b70533 mul              x10, x14, x11       x10=00000018 x14:00000002 x11:0000000c
   6236ns             619 000002b8 00a78533 add              x10, x15, x10       x10=00030018 x15:00030000 x10:00000018
   6246ns             620 000002bc 00452503 lw               x10, 4(x10)         x10=00000009 x10:00030018  PA:0003001c
   6266ns             622 000002c0 00c51c63 bne              x10, x12, 24        x10:00000009 x12:00000004
   6296ns             625 000002d8 02b70533 mul              x10, x14, x11       x10=00000018 x14:00000002 x11:0000000c
   6306ns             626 000002dc 00a78533 add              x10, x15, x10       x10=00030018 x15:00030000 x10:00000018
   6316ns             627 000002e0 00852503 lw               x10, 8(x10)         x10=00000006 x10:00030018  PA:00030020
   6336ns             629 000002e4 00c51c63 bne              x10, x12, 24        x10:00000006 x12:00000004
   6366ns             632 000002fc 00170713 addi             x14, x14, 1         x14=00000003 x14:00000002
   6376ns             633 00000300 f9f718e3 bne              x14, x31, -112      x14:00000003 x31:00000003
   6386ns             634 00000304 03078693 addi             x13, x15, 48        x13=00030030 x15:00030000
   6396ns             635 00000308 00289513 slli             x10, x17, 0x2       x10=00000000 x17:00000000
   6406ns             636 0000030c 00231713 slli             x14, x6, 0x2        x14=00000008  x6:00000002
   6416ns             637 00000310 00d70733 add              x14, x14, x13       x14=00030038 x14:00000008 x13:00030030
   6426ns             638 00000314 00550533 add              x10, x10, x5        x10=00030040 x10:00000000  x5:00030040
   6436ns             639 00000318 00072803 lw               x16, 0(x14)         x16=00000000 x14:00030038  PA:00030038
   6446ns             640 0000031c 00052683 lw               x13, 0(x10)         x13=00000032 x10:00030040  PA:00030040
   6466ns             642 00000320 00d85463 bge              x16, x13, 8         x16:00000000 x13:00000032
   6476ns             643 00000324 00080693 addi             x13, x16, 0         x13=00000000 x16:00000000
   6486ns             644 00000328 40d80833 sub              x16, x16, x13       x16=00000000 x16:00000000 x13:00000000
   6496ns             645 0000032c 01072023 sw               x16, 0(x14)         x16:00000000 x14:00030038  PA:00030038
   6506ns             646 00000330 00052703 lw               x14, 0(x10)         x14=00000032 x10:00030040  PA:00030040
   6516ns             647 00000334 fffe8e93 addi             x29, x29, -1        x29=00000000 x29:00000001
   6526ns             648 00000338 40d70733 sub              x14, x14, x13       x14=00000032 x14:00000032 x13:00000000
   6536ns             649 0000033c 00e52023 sw               x14, 0(x10)         x14:00000032 x10:00030040  PA:00030040
   6546ns             650 00000340 03f88733 mul              x14, x17, x31       x14=00000000 x17:00000000 x31:00000003
   6556ns             651 00000344 00670733 add              x14, x14, x6        x14=00000002 x14:00000000  x6:00000002
   6566ns             652 00000348 02c686b3 mul              x13, x13, x12       x13=00000000 x13:00000000 x12:00000004
   6576ns             653 0000034c 00271713 slli             x14, x14, 0x2       x14=00000008 x14:00000002
   6586ns             654 00000350 00e78733 add              x14, x15, x14       x14=00030008 x15:00030000 x14:00000008
   6596ns             655 00000354 00072503 lw               x10, 0(x14)         x10=00000004 x14:00030008  PA:00030008
   6616ns             657 00000358 01c56533 or               x10, x10, x28       x10=7fffffff x10:00000004 x28:7fffffff
   6626ns             658 0000035c 00a72023 sw               x10, 0(x14)         x10:7fffffff x14:00030008  PA:00030008
   6636ns             659 00000360 0607a703 lw               x14, 96(x15)        x14=000000a5 x15:00030000  PA:00030060
   6656ns             661 00000364 00d706b3 add              x13, x14, x13       x13=000000a5 x14:000000a5 x13:00000000
   6666ns             662 00000368 06d7a023 sw               x13, 96(x15)        x13:000000a5 x15:00030000  PA:00030060
   6676ns             663 0000036c 000e8863 beq              x29, x0, 16         x29:00000000
   6706ns             666 0000037c ffff0f13 addi             x30, x30, -1        x30=00000002 x30:00000003
   6716ns             667 00000380 ee0f18e3 bne              x30, x0, -272       x30:00000002
   6746ns             670 00000270 00300e93 addi             x29, x0, 3          x29=00000003
   6756ns             671 00000274 0fc0006f jal              x0, 252            
   6776ns             673 00000370 000e0613 addi             x12, x28, 0         x12=7fffffff x28:7fffffff
   6786ns             674 00000374 00000693 addi             x13, x0, 0          x13=00000000
   6796ns             675 00000378 f01ff06f jal              x0, -256           
   6816ns             677 00000278 00900613 addi             x12, x0, 9          x12=00000009
   6826ns             678 0000027c ffccd63b sw_active_min    Nx12 -4(x25)        x25:00020000 x12:00000009  PA:0001fffc
   6836ns             679 00000280 0007861b lw_mask          x12, x0, 0(x15)     x12=00000005 x15:00030000  PA:00030000
   6846ns             680 00000284 ffcc803b sw_active_none   Nx0 -4(x25)         x25:00020000  PA:0001fffc
   7176ns             713 00000288 00000693 addi             x13, x0, 0          x13=00000000
   7186ns             714 0000028c 00000713 addi             x14, x0, 0          x14=00000000
   7196ns             715 00000290 02b70533 mul              x10, x14, x11       x10=00000000 x14:00000000 x11:0000000c
   7206ns             716 00000294 00a78533 add              x10, x15, x10       x10=00030000 x15:00030000 x10:00000000
   7216ns             717 00000298 00052503 lw               x10, 0(x10)         x10=00000005 x10:00030000  PA:00030000
   7236ns             719 0000029c 00c51c63 bne              x10, x12, 24        x10:00000005 x12:00000005
   7246ns             720 000002a0 0307a503 lw               x10, 48(x15)        x10=00000000 x15:00030000  PA:00030030
   7266ns             722 000002a4 00d54863 blt              x10, x13, 16        x10:00000000 x13:00000000
   7276ns             723 000002a8 00050693 addi             x13, x10, 0         x13=00000000 x10:00000000
   7286ns             724 000002ac 00070893 addi             x17, x14, 0         x17=00000000 x14:00000000
   7296ns             725 000002b0 00000313 addi             x6, x0, 0            x6=00000000
   7306ns             726 000002b4 02b70533 mul              x10, x14, x11       x10=00000000 x14:00000000 x11:0000000c
   7316ns             727 000002b8 00a78533 add              x10, x15, x10       x10=00030000 x15:00030000 x10:00000000
   7326ns             728 000002bc 00452503 lw               x10, 4(x10)         x10=00000008 x10:00030000  PA:00030004
   7346ns             730 000002c0 00c51c63 bne              x10, x12, 24        x10:00000008 x12:00000005
   7376ns             733 000002d8 02b70533 mul              x10, x14, x11       x10=00000000 x14:00000000 x11:0000000c
   7386ns             734 000002dc 00a78533 add              x10, x15, x10       x10=00030000 x15:00030000 x10:00000000
   7396ns             735 000002e0 00852503 lw               x10, 8(x10)         x10=7fffffff x10:00030000  PA:00030008
   7416ns             737 000002e4 00c51c63 bne              x10, x12, 24        x10:7fffffff x12:00000005
   7446ns             740 000002fc 00170713 addi             x14, x14, 1         x14=00000001 x14:00000000
   7456ns             741 00000300 f9f718e3 bne              x14, x31, -112      x14:00000001 x31:00000003
   7486ns             744 00000290 02b70533 mul              x10, x14, x11       x10=0000000c x14:00000001 x11:0000000c
   7496ns             745 00000294 00a78533 add              x10, x15, x10       x10=0003000c x15:00030000 x10:0000000c
   7506ns             746 00000298 00052503 lw               x10, 0(x10)         x10=00000006 x10:0003000c  PA:0003000c
   7526ns             748 0000029c 00c51c63 bne              x10, x12, 24        x10:00000006 x12:00000005
   7556ns             751 000002b4 02b70533 mul              x10, x14, x11       x10=0000000c x14:00000001 x11:0000000c
   7566ns             752 000002b8 00a78533 add              x10, x15, x10       x10=0003000c x15:00030000 x10:0000000c
   7576ns             753 000002bc 00452503 lw               x10, 4(x10)         x10=00000006 x10:0003000c  PA:00030010
   7596ns             755 000002c0 00c51c63 bne              x10, x12, 24        x10:00000006 x12:00000005
   7626ns             758 000002d8 02b70533 mul              x10, x14, x11       x10=0000000c x14:00000001 x11:0000000c
   7636ns             759 000002dc 00a78533 add              x10, x15, x10       x10=0003000c x15:00030000 x10:0000000c
   7646ns             760 000002e0 00852503 lw               x10, 8(x10)         x10=7fffffff x10:0003000c  PA:00030014
   7666ns             762 000002e4 00c51c63 bne              x10, x12, 24        x10:7fffffff x12:00000005
   7696ns             765 000002fc 00170713 addi             x14, x14, 1         x14=00000002 x14:00000001
   7706ns             766 00000300 f9f718e3 bne              x14, x31, -112      x14:00000002 x31:00000003
   7736ns             769 00000290 02b70533 mul              x10, x14, x11       x10=00000018 x14:00000002 x11:0000000c
   7746ns             770 00000294 00a78533 add              x10, x15, x10       x10=00030018 x15:00030000 x10:00000018
   7756ns             771 00000298 00052503 lw               x10, 0(x10)         x10=7fffffff x10:00030018  PA:00030018
   7776ns             773 0000029c 00c51c63 bne              x10, x12, 24        x10:7fffffff x12:00000005
   7806ns             776 000002b4 02b70533 mul              x10, x14, x11       x10=00000018 x14:00000002 x11:0000000c
   7816ns             777 000002b8 00a78533 add              x10, x15, x10       x10=00030018 x15:00030000 x10:00000018
   7826ns             778 000002bc 00452503 lw               x10, 4(x10)         x10=00000009 x10:00030018  PA:0003001c
   7846ns             780 000002c0 00c51c63 bne              x10, x12, 24        x10:00000009 x12:00000005
   7876ns             783 000002d8 02b70533 mul              x10, x14, x11       x10=00000018 x14:00000002 x11:0000000c
   7886ns             784 000002dc 00a78533 add              x10, x15, x10       x10=00030018 x15:00030000 x10:00000018
   7896ns             785 000002e0 00852503 lw               x10, 8(x10)         x10=00000006 x10:00030018  PA:00030020
   7916ns             787 000002e4 00c51c63 bne              x10, x12, 24        x10:00000006 x12:00000005
   7946ns             790 000002fc 00170713 addi             x14, x14, 1         x14=00000003 x14:00000002
   7956ns             791 00000300 f9f718e3 bne              x14, x31, -112      x14:00000003 x31:00000003
   7966ns             792 00000304 03078693 addi             x13, x15, 48        x13=00030030 x15:00030000
   7976ns             793 00000308 00289513 slli             x10, x17, 0x2       x10=00000000 x17:00000000
   7986ns             794 0000030c 00231713 slli             x14, x6, 0x2        x14=00000000  x6:00000000
   7996ns             795 00000310 00d70733 add              x14, x14, x13       x14=00030030 x14:00000000 x13:00030030
   8006ns             796 00000314 00550533 add              x10, x10, x5        x10=00030040 x10:00000000  x5:00030040
   8016ns             797 00000318 00072803 lw               x16, 0(x14)         x16=00000000 x14:00030030  PA:00030030
   8026ns             798 0000031c 00052683 lw               x13, 0(x10)         x13=00000032 x10:00030040  PA:00030040
   8046ns             800 00000320 00d85463 bge              x16, x13, 8         x16:00000000 x13:00000032
   8056ns             801 00000324 00080693 addi             x13, x16, 0         x13=00000000 x16:00000000
   8066ns             802 00000328 40d80833 sub              x16, x16, x13       x16=00000000 x16:00000000 x13:00000000
   8076ns             803 0000032c 01072023 sw               x16, 0(x14)         x16:00000000 x14:00030030  PA:00030030
   8086ns             804 00000330 00052703 lw               x14, 0(x10)         x14=00000032 x10:00030040  PA:00030040
   8096ns             805 00000334 fffe8e93 addi             x29, x29, -1        x29=00000002 x29:00000003
   8106ns             806 00000338 40d70733 sub              x14, x14, x13       x14=00000032 x14:00000032 x13:00000000
   8116ns             807 0000033c 00e52023 sw               x14, 0(x10)         x14:00000032 x10:00030040  PA:00030040
   8126ns             808 00000340 03f88733 mul              x14, x17, x31       x14=00000000 x17:00000000 x31:00000003
   8136ns             809 00000344 00670733 add              x14, x14, x6        x14=00000000 x14:00000000  x6:00000000
   8146ns             810 00000348 02c686b3 mul              x13, x13, x12       x13=00000000 x13:00000000 x12:00000005
   8156ns             811 0000034c 00271713 slli             x14, x14, 0x2       x14=00000000 x14:00000000
   8166ns             812 00000350 00e78733 add              x14, x15, x14       x14=00030000 x15:00030000 x14:00000000
   8176ns             813 00000354 00072503 lw               x10, 0(x14)         x10=00000005 x14:00030000  PA:00030000
   8196ns             815 00000358 01c56533 or               x10, x10, x28       x10=7fffffff x10:00000005 x28:7fffffff
   8206ns             816 0000035c 00a72023 sw               x10, 0(x14)         x10:7fffffff x14:00030000  PA:00030000
   8216ns             817 00000360 0607a703 lw               x14, 96(x15)        x14=000000a5 x15:00030000  PA:00030060
   8236ns             819 00000364 00d706b3 add              x13, x14, x13       x13=000000a5 x14:000000a5 x13:00000000
   8246ns             820 00000368 06d7a023 sw               x13, 96(x15)        x13:000000a5 x15:00030000  PA:00030060
   8256ns             821 0000036c 000e8863 beq              x29, x0, 16         x29:00000002
   8266ns             822 00000370 000e0613 addi             x12, x28, 0         x12=7fffffff x28:7fffffff
   8276ns             823 00000374 00000693 addi             x13, x0, 0          x13=00000000
   8286ns             824 00000378 f01ff06f jal              x0, -256           
   8306ns             826 00000278 00900613 addi             x12, x0, 9          x12=00000009
   8316ns             827 0000027c ffccd63b sw_active_min    Nx12 -4(x25)        x25:00020000 x12:00000009  PA:0001fffc
   8326ns             828 00000280 0007861b lw_mask          x12, x0, 0(x15)     x12=00000006 x15:00030000  PA:00030000
   8336ns             829 00000284 ffcc803b sw_active_none   Nx0 -4(x25)         x25:00020000  PA:0001fffc
   8666ns             862 00000288 00000693 addi             x13, x0, 0          x13=00000000
   8676ns             863 0000028c 00000713 addi             x14, x0, 0          x14=00000000
   8686ns             864 00000290 02b70533 mul              x10, x14, x11       x10=00000000 x14:00000000 x11:0000000c
   8696ns             865 00000294 00a78533 add              x10, x15, x10       x10=00030000 x15:00030000 x10:00000000
   8706ns             866 00000298 00052503 lw               x10, 0(x10)         x10=7fffffff x10:00030000  PA:00030000
   8726ns             868 0000029c 00c51c63 bne              x10, x12, 24        x10:7fffffff x12:00000006
   8756ns             871 000002b4 02b70533 mul              x10, x14, x11       x10=00000000 x14:00000000 x11:0000000c
   8766ns             872 000002b8 00a78533 add              x10, x15, x10       x10=00030000 x15:00030000 x10:00000000
   8776ns             873 000002bc 00452503 lw               x10, 4(x10)         x10=00000008 x10:00030000  PA:00030004
   8796ns             875 000002c0 00c51c63 bne              x10, x12, 24        x10:00000008 x12:00000006
   8826ns             878 000002d8 02b70533 mul              x10, x14, x11       x10=00000000 x14:00000000 x11:0000000c
   8836ns             879 000002dc 00a78533 add              x10, x15, x10       x10=00030000 x15:00030000 x10:00000000
   8846ns             880 000002e0 00852503 lw               x10, 8(x10)         x10=7fffffff x10:00030000  PA:00030008
   8866ns             882 000002e4 00c51c63 bne              x10, x12, 24        x10:7fffffff x12:00000006
   8896ns             885 000002fc 00170713 addi             x14, x14, 1         x14=00000001 x14:00000000
   8906ns             886 00000300 f9f718e3 bne              x14, x31, -112      x14:00000001 x31:00000003
   8936ns             889 00000290 02b70533 mul              x10, x14, x11       x10=0000000c x14:00000001 x11:0000000c
   8946ns             890 00000294 00a78533 add              x10, x15, x10       x10=0003000c x15:00030000 x10:0000000c
   8956ns             891 00000298 00052503 lw               x10, 0(x10)         x10=00000006 x10:0003000c  PA:0003000c
   8976ns             893 0000029c 00c51c63 bne              x10, x12, 24        x10:00000006 x12:00000006
   8986ns             894 000002a0 0307a503 lw               x10, 48(x15)        x10=00000000 x15:00030000  PA:00030030
   9006ns             896 000002a4 00d54863 blt              x10, x13, 16        x10:00000000 x13:00000000
   9016ns             897 000002a8 00050693 addi             x13, x10, 0         x13=00000000 x10:00000000
   9026ns             898 000002ac 00070893 addi             x17, x14, 0         x17=00000001 x14:00000001
   9036ns             899 000002b0 00000313 addi             x6, x0, 0            x6=00000000
   9046ns             900 000002b4 02b70533 mul              x10, x14, x11       x10=0000000c x14:00000001 x11:0000000c
   9056ns             901 000002b8 00a78533 add              x10, x15, x10       x10=0003000c x15:00030000 x10:0000000c
   9066ns             902 000002bc 00452503 lw               x10, 4(x10)         x10=00000006 x10:0003000c  PA:00030010
   9086ns             904 000002c0 00c51c63 bne              x10, x12, 24        x10:00000006 x12:00000006
   9096ns             905 000002c4 0347a503 lw               x10, 52(x15)        x10=0000005f x15:00030000  PA:00030034
   9116ns             907 000002c8 00d54863 blt              x10, x13, 16        x10:0000005f x13:00000000
   9126ns             908 000002cc 00050693 addi             x13, x10, 0         x13=0000005f x10:0000005f
   9136ns             909 000002d0 00070893 addi             x17, x14, 0         x17=00000001 x14:00000001
   9146ns             910 000002d4 00100313 addi             x6, x0, 1            x6=00000001
   9156ns             911 000002d8 02b70533 mul              x10, x14, x11       x10=0000000c x14:00000001 x11:0000000c
   9166ns             912 000002dc 00a78533 add              x10, x15, x10       x10=0003000c x15:00030000 x10:0000000c
   9176ns             913 000002e0 00852503 lw               x10, 8(x10)         x10=7fffffff x10:0003000c  PA:00030014
   9196ns             915 000002e4 00c51c63 bne              x10, x12, 24        x10:7fffffff x12:00000006
   9226ns             918 000002fc 00170713 addi             x14, x14, 1         x14=00000002 x14:00000001
   9236ns             919 00000300 f9f718e3 bne              x14, x31, -112      x14:00000002 x31:00000003
   9266ns             922 00000290 02b70533 mul              x10, x14, x11       x10=00000018 x14:00000002 x11:0000000c
   9276ns             923 00000294 00a78533 add              x10, x15, x10       x10=00030018 x15:00030000 x10:00000018
   9286ns             924 00000298 00052503 lw               x10, 0(x10)         x10=7fffffff x10:00030018  PA:00030018
   9306ns             926 0000029c 00c51c63 bne              x10, x12, 24        x10:7fffffff x12:00000006
   9336ns             929 000002b4 02b70533 mul              x10, x14, x11       x10=00000018 x14:00000002 x11:0000000c
   9346ns             930 000002b8 00a78533 add              x10, x15, x10       x10=00030018 x15:00030000 x10:00000018
   9356ns             931 000002bc 00452503 lw               x10, 4(x10)         x10=00000009 x10:00030018  PA:0003001c
   9376ns             933 000002c0 00c51c63 bne              x10, x12, 24        x10:00000009 x12:00000006
   9406ns             936 000002d8 02b70533 mul              x10, x14, x11       x10=00000018 x14:00000002 x11:0000000c
   9416ns             937 000002dc 00a78533 add              x10, x15, x10       x10=00030018 x15:00030000 x10:00000018
   9426ns             938 000002e0 00852503 lw               x10, 8(x10)         x10=00000006 x10:00030018  PA:00030020
   9446ns             940 000002e4 00c51c63 bne              x10, x12, 24        x10:00000006 x12:00000006
   9456ns             941 000002e8 0387a503 lw               x10, 56(x15)        x10=00000000 x15:00030000  PA:00030038
   9476ns             943 000002ec 00d54863 blt              x10, x13, 16        x10:00000000 x13:0000005f
   9506ns             946 000002fc 00170713 addi             x14, x14, 1         x14=00000003 x14:00000002
   9516ns             947 00000300 f9f718e3 bne              x14, x31, -112      x14:00000003 x31:00000003
   9526ns             948 00000304 03078693 addi             x13, x15, 48        x13=00030030 x15:00030000
   9536ns             949 00000308 00289513 slli             x10, x17, 0x2       x10=00000004 x17:00000001
   9546ns             950 0000030c 00231713 slli             x14, x6, 0x2        x14=00000004  x6:00000001
   9556ns             951 00000310 00d70733 add              x14, x14, x13       x14=00030034 x14:00000004 x13:00030030
   9566ns             952 00000314 00550533 add              x10, x10, x5        x10=00030044 x10:00000004  x5:00030040
   9576ns             953 00000318 00072803 lw               x16, 0(x14)         x16=0000005f x14:00030034  PA:00030034
   9586ns             954 0000031c 00052683 lw               x13, 0(x10)         x13=00000005 x10:00030044  PA:00030044
   9606ns             956 00000320 00d85463 bge              x16, x13, 8         x16:0000005f x13:00000005
   9636ns             959 00000328 40d80833 sub              x16, x16, x13       x16=0000005a x16:0000005f x13:00000005
   9646ns             960 0000032c 01072023 sw               x16, 0(x14)         x16:0000005a x14:00030034  PA:00030034
   9656ns             961 00000330 00052703 lw               x14, 0(x10)         x14=00000005 x10:00030044  PA:00030044
   9666ns             962 00000334 fffe8e93 addi             x29, x29, -1        x29=00000001 x29:00000002
   9676ns             963 00000338 40d70733 sub              x14, x14, x13       x14=00000000 x14:00000005 x13:00000005
   9686ns             964 0000033c 00e52023 sw               x14, 0(x10)         x14:00000000 x10:00030044  PA:00030044
   9696ns             965 00000340 03f88733 mul              x14, x17, x31       x14=00000003 x17:00000001 x31:00000003
   9706ns             966 00000344 00670733 add              x14, x14, x6        x14=00000004 x14:00000003  x6:00000001
   9716ns             967 00000348 02c686b3 mul              x13, x13, x12       x13=0000001e x13:00000005 x12:00000006
   9726ns             968 0000034c 00271713 slli             x14, x14, 0x2       x14=00000010 x14:00000004
   9736ns             969 00000350 00e78733 add              x14, x15, x14       x14=00030010 x15:00030000 x14:00000010
   9746ns             970 00000354 00072503 lw               x10, 0(x14)         x10=00000006 x14:00030010  PA:00030010
   9766ns             972 00000358 01c56533 or               x10, x10, x28       x10=7fffffff x10:00000006 x28:7fffffff
   9776ns             973 0000035c 00a72023 sw               x10, 0(x14)         x10:7fffffff x14:00030010  PA:00030010
   9786ns             974 00000360 0607a703 lw               x14, 96(x15)        x14=000000a5 x15:00030000  PA:00030060
   9806ns             976 00000364 00d706b3 add              x13, x14, x13       x13=000000c3 x14:000000a5 x13:0000001e
   9816ns             977 00000368 06d7a023 sw               x13, 96(x15)        x13:000000c3 x15:00030000  PA:00030060
   9826ns             978 0000036c 000e8863 beq              x29, x0, 16         x29:00000001
   9836ns             979 00000370 000e0613 addi             x12, x28, 0         x12=7fffffff x28:7fffffff
   9846ns             980 00000374 00000693 addi             x13, x0, 0          x13=00000000
   9856ns             981 00000378 f01ff06f jal              x0, -256           
   9876ns             983 00000278 00900613 addi             x12, x0, 9          x12=00000009
   9886ns             984 0000027c ffccd63b sw_active_min    Nx12 -4(x25)        x25:00020000 x12:00000009  PA:0001fffc
   9896ns             985 00000280 0007861b lw_mask          x12, x0, 0(x15)     x12=00000006 x15:00030000  PA:00030000
   9906ns             986 00000284 ffcc803b sw_active_none   Nx0 -4(x25)         x25:00020000  PA:0001fffc
  10236ns            1019 00000288 00000693 addi             x13, x0, 0          x13=00000000
  10246ns            1020 0000028c 00000713 addi             x14, x0, 0          x14=00000000
  10256ns            1021 00000290 02b70533 mul              x10, x14, x11       x10=00000000 x14:00000000 x11:0000000c
  10266ns            1022 00000294 00a78533 add              x10, x15, x10       x10=00030000 x15:00030000 x10:00000000
  10276ns            1023 00000298 00052503 lw               x10, 0(x10)         x10=7fffffff x10:00030000  PA:00030000
  10296ns            1025 0000029c 00c51c63 bne              x10, x12, 24        x10:7fffffff x12:00000006
  10326ns            1028 000002b4 02b70533 mul              x10, x14, x11       x10=00000000 x14:00000000 x11:0000000c
  10336ns            1029 000002b8 00a78533 add              x10, x15, x10       x10=00030000 x15:00030000 x10:00000000
  10346ns            1030 000002bc 00452503 lw               x10, 4(x10)         x10=00000008 x10:00030000  PA:00030004
  10366ns            1032 000002c0 00c51c63 bne              x10, x12, 24        x10:00000008 x12:00000006
  10396ns            1035 000002d8 02b70533 mul              x10, x14, x11       x10=00000000 x14:00000000 x11:0000000c
  10406ns            1036 000002dc 00a78533 add              x10, x15, x10       x10=00030000 x15:00030000 x10:00000000
  10416ns            1037 000002e0 00852503 lw               x10, 8(x10)         x10=7fffffff x10:00030000  PA:00030008
  10436ns            1039 000002e4 00c51c63 bne              x10, x12, 24        x10:7fffffff x12:00000006
  10466ns            1042 000002fc 00170713 addi             x14, x14, 1         x14=00000001 x14:00000000
  10476ns            1043 00000300 f9f718e3 bne              x14, x31, -112      x14:00000001 x31:00000003
  10506ns            1046 00000290 02b70533 mul              x10, x14, x11       x10=0000000c x14:00000001 x11:0000000c
  10516ns            1047 00000294 00a78533 add              x10, x15, x10       x10=0003000c x15:00030000 x10:0000000c
  10526ns            1048 00000298 00052503 lw               x10, 0(x10)         x10=00000006 x10:0003000c  PA:0003000c
  10546ns            1050 0000029c 00c51c63 bne              x10, x12, 24        x10:00000006 x12:00000006
  10556ns            1051 000002a0 0307a503 lw               x10, 48(x15)        x10=00000000 x15:00030000  PA:00030030
  10576ns            1053 000002a4 00d54863 blt              x10, x13, 16        x10:00000000 x13:00000000
  10586ns            1054 000002a8 00050693 addi             x13, x10, 0         x13=00000000 x10:00000000
  10596ns            1055 000002ac 00070893 addi             x17, x14, 0         x17=00000001 x14:00000001
  10606ns            1056 000002b0 00000313 addi             x6, x0, 0            x6=00000000
  10616ns            1057 000002b4 02b70533 mul              x10, x14, x11       x10=0000000c x14:00000001 x11:0000000c
  10626ns            1058 000002b8 00a78533 add              x10, x15, x10       x10=0003000c x15:00030000 x10:0000000c
  10636ns            1059 000002bc 00452503 lw               x10, 4(x10)         x10=7fffffff x10:0003000c  PA:00030010
  10656ns            1061 000002c0 00c51c63 bne              x10, x12, 24        x10:7fffffff x12:00000006
  10686ns            1064 000002d8 02b70533 mul              x10, x14, x11       x10=0000000c x14:00000001 x11:0000000c
  10696ns            1065 000002dc 00a78533 add              x10, x15, x10       x10=0003000c x15:00030000 x10:0000000c
  10706ns            1066 000002e0 00852503 lw               x10, 8(x10)         x10=7fffffff x10:0003000c  PA:00030014
  10726ns            1068 000002e4 00c51c63 bne              x10, x12, 24        x10:7fffffff x12:00000006
  10756ns            1071 000002fc 00170713 addi             x14, x14, 1         x14=00000002 x14:00000001
  10766ns            1072 00000300 f9f718e3 bne              x14, x31, -112      x14:00000002 x31:00000003
  10796ns            1075 00000290 02b70533 mul              x10, x14, x11       x10=00000018 x14:00000002 x11:0000000c
  10806ns            1076 00000294 00a78533 add              x10, x15, x10       x10=00030018 x15:00030000 x10:00000018
  10816ns            1077 00000298 00052503 lw               x10, 0(x10)         x10=7fffffff x10:00030018  PA:00030018
  10836ns            1079 0000029c 00c51c63 bne              x10, x12, 24        x10:7fffffff x12:00000006
  10866ns            1082 000002b4 02b70533 mul              x10, x14, x11       x10=00000018 x14:00000002 x11:0000000c
  10876ns            1083 000002b8 00a78533 add              x10, x15, x10       x10=00030018 x15:00030000 x10:00000018
  10886ns            1084 000002bc 00452503 lw               x10, 4(x10)         x10=00000009 x10:00030018  PA:0003001c
  10906ns            1086 000002c0 00c51c63 bne              x10, x12, 24        x10:00000009 x12:00000006
  10936ns            1089 000002d8 02b70533 mul              x10, x14, x11       x10=00000018 x14:00000002 x11:0000000c
  10946ns            1090 000002dc 00a78533 add              x10, x15, x10       x10=00030018 x15:00030000 x10:00000018
  10956ns            1091 000002e0 00852503 lw               x10, 8(x10)         x10=00000006 x10:00030018  PA:00030020
  10976ns            1093 000002e4 00c51c63 bne              x10, x12, 24        x10:00000006 x12:00000006
  10986ns            1094 000002e8 0387a503 lw               x10, 56(x15)        x10=00000000 x15:00030000  PA:00030038
  11006ns            1096 000002ec 00d54863 blt              x10, x13, 16        x10:00000000 x13:00000000
  11016ns            1097 000002f0 00050693 addi             x13, x10, 0         x13=00000000 x10:00000000
  11026ns            1098 000002f4 00070893 addi             x17, x14, 0         x17=00000002 x14:00000002
  11036ns            1099 000002f8 00200313 addi             x6, x0, 2            x6=00000002
  11046ns            1100 000002fc 00170713 addi             x14, x14, 1         x14=00000003 x14:00000002
  11056ns            1101 00000300 f9f718e3 bne              x14, x31, -112      x14:00000003 x31:00000003
  11066ns            1102 00000304 03078693 addi             x13, x15, 48        x13=00030030 x15:00030000
  11076ns            1103 00000308 00289513 slli             x10, x17, 0x2       x10=00000008 x17:00000002
  11086ns            1104 0000030c 00231713 slli             x14, x6, 0x2        x14=00000008  x6:00000002
  11096ns            1105 00000310 00d70733 add              x14, x14, x13       x14=00030038 x14:00000008 x13:00030030
  11106ns            1106 00000314 00550533 add              x10, x10, x5        x10=00030048 x10:00000008  x5:00030040
  11116ns            1107 00000318 00072803 lw               x16, 0(x14)         x16=00000000 x14:00030038  PA:00030038
  11126ns            1108 0000031c 00052683 lw               x13, 0(x10)         x13=00000028 x10:00030048  PA:00030048
  11146ns            1110 00000320 00d85463 bge              x16, x13, 8         x16:00000000 x13:00000028
  11156ns            1111 00000324 00080693 addi             x13, x16, 0         x13=00000000 x16:00000000
  11166ns            1112 00000328 40d80833 sub              x16, x16, x13       x16=00000000 x16:00000000 x13:00000000
  11176ns            1113 0000032c 01072023 sw               x16, 0(x14)         x16:00000000 x14:00030038  PA:00030038
  11186ns            1114 00000330 00052703 lw               x14, 0(x10)         x14=00000028 x10:00030048  PA:00030048
  11196ns            1115 00000334 fffe8e93 addi             x29, x29, -1        x29=00000000 x29:00000001
  11206ns            1116 00000338 40d70733 sub              x14, x14, x13       x14=00000028 x14:00000028 x13:00000000
  11216ns            1117 0000033c 00e52023 sw               x14, 0(x10)         x14:00000028 x10:00030048  PA:00030048
  11226ns            1118 00000340 03f88733 mul              x14, x17, x31       x14=00000006 x17:00000002 x31:00000003
  11236ns            1119 00000344 00670733 add              x14, x14, x6        x14=00000008 x14:00000006  x6:00000002
  11246ns            1120 00000348 02c686b3 mul              x13, x13, x12       x13=00000000 x13:00000000 x12:00000006
  11256ns            1121 0000034c 00271713 slli             x14, x14, 0x2       x14=00000020 x14:00000008
  11266ns            1122 00000350 00e78733 add              x14, x15, x14       x14=00030020 x15:00030000 x14:00000020
  11276ns            1123 00000354 00072503 lw               x10, 0(x14)         x10=00000006 x14:00030020  PA:00030020
  11296ns            1125 00000358 01c56533 or               x10, x10, x28       x10=7fffffff x10:00000006 x28:7fffffff
  11306ns            1126 0000035c 00a72023 sw               x10, 0(x14)         x10:7fffffff x14:00030020  PA:00030020
  11316ns            1127 00000360 0607a703 lw               x14, 96(x15)        x14=000000c3 x15:00030000  PA:00030060
  11336ns            1129 00000364 00d706b3 add              x13, x14, x13       x13=000000c3 x14:000000c3 x13:00000000
  11346ns            1130 00000368 06d7a023 sw               x13, 96(x15)        x13:000000c3 x15:00030000  PA:00030060
  11356ns            1131 0000036c 000e8863 beq              x29, x0, 16         x29:00000000
  11386ns            1134 0000037c ffff0f13 addi             x30, x30, -1        x30=00000001 x30:00000002
  11396ns            1135 00000380 ee0f18e3 bne              x30, x0, -272       x30:00000001
  11426ns            1138 00000270 00300e93 addi             x29, x0, 3          x29=00000003
  11436ns            1139 00000274 0fc0006f jal              x0, 252            
  11456ns            1141 00000370 000e0613 addi             x12, x28, 0         x12=7fffffff x28:7fffffff
  11466ns            1142 00000374 00000693 addi             x13, x0, 0          x13=00000000
  11476ns            1143 00000378 f01ff06f jal              x0, -256           
  11496ns            1145 00000278 00900613 addi             x12, x0, 9          x12=00000009
  11506ns            1146 0000027c ffccd63b sw_active_min    Nx12 -4(x25)        x25:00020000 x12:00000009  PA:0001fffc
  11516ns            1147 00000280 0007861b lw_mask          x12, x0, 0(x15)     x12=00000006 x15:00030000  PA:00030000
  11526ns            1148 00000284 ffcc803b sw_active_none   Nx0 -4(x25)         x25:00020000  PA:0001fffc
  11856ns            1181 00000288 00000693 addi             x13, x0, 0          x13=00000000
  11866ns            1182 0000028c 00000713 addi             x14, x0, 0          x14=00000000
  11876ns            1183 00000290 02b70533 mul              x10, x14, x11       x10=00000000 x14:00000000 x11:0000000c
  11886ns            1184 00000294 00a78533 add              x10, x15, x10       x10=00030000 x15:00030000 x10:00000000
  11896ns            1185 00000298 00052503 lw               x10, 0(x10)         x10=7fffffff x10:00030000  PA:00030000
  11916ns            1187 0000029c 00c51c63 bne              x10, x12, 24        x10:7fffffff x12:00000006
  11946ns            1190 000002b4 02b70533 mul              x10, x14, x11       x10=00000000 x14:00000000 x11:0000000c
  11956ns            1191 000002b8 00a78533 add              x10, x15, x10       x10=00030000 x15:00030000 x10:00000000
  11966ns            1192 000002bc 00452503 lw               x10, 4(x10)         x10=00000008 x10:00030000  PA:00030004
  11986ns            1194 000002c0 00c51c63 bne              x10, x12, 24        x10:00000008 x12:00000006
  12016ns            1197 000002d8 02b70533 mul              x10, x14, x11       x10=00000000 x14:00000000 x11:0000000c
  12026ns            1198 000002dc 00a78533 add              x10, x15, x10       x10=00030000 x15:00030000 x10:00000000
  12036ns            1199 000002e0 00852503 lw               x10, 8(x10)         x10=7fffffff x10:00030000  PA:00030008
  12056ns            1201 000002e4 00c51c63 bne              x10, x12, 24        x10:7fffffff x12:00000006
  12086ns            1204 000002fc 00170713 addi             x14, x14, 1         x14=00000001 x14:00000000
  12096ns            1205 00000300 f9f718e3 bne              x14, x31, -112      x14:00000001 x31:00000003
  12126ns            1208 00000290 02b70533 mul              x10, x14, x11       x10=0000000c x14:00000001 x11:0000000c
  12136ns            1209 00000294 00a78533 add              x10, x15, x10       x10=0003000c x15:00030000 x10:0000000c
  12146ns            1210 00000298 00052503 lw               x10, 0(x10)         x10=00000006 x10:0003000c  PA:0003000c
  12166ns            1212 0000029c 00c51c63 bne              x10, x12, 24        x10:00000006 x12:00000006
  12176ns            1213 000002a0 0307a503 lw               x10, 48(x15)        x10=00000000 x15:00030000  PA:00030030
  12196ns            1215 000002a4 00d54863 blt              x10, x13, 16        x10:00000000 x13:00000000
  12206ns            1216 000002a8 00050693 addi             x13, x10, 0         x13=00000000 x10:00000000
  12216ns            1217 000002ac 00070893 addi             x17, x14, 0         x17=00000001 x14:00000001
  12226ns            1218 000002b0 00000313 addi             x6, x0, 0            x6=00000000
  12236ns            1219 000002b4 02b70533 mul              x10, x14, x11       x10=0000000c x14:00000001 x11:0000000c
  12246ns            1220 000002b8 00a78533 add              x10, x15, x10       x10=0003000c x15:00030000 x10:0000000c
  12256ns            1221 000002bc 00452503 lw               x10, 4(x10)         x10=7fffffff x10:0003000c  PA:00030010
  12276ns            1223 000002c0 00c51c63 bne              x10, x12, 24        x10:7fffffff x12:00000006
  12306ns            1226 000002d8 02b70533 mul              x10, x14, x11       x10=0000000c x14:00000001 x11:0000000c
  12316ns            1227 000002dc 00a78533 add              x10, x15, x10       x10=0003000c x15:00030000 x10:0000000c
  12326ns            1228 000002e0 00852503 lw               x10, 8(x10)         x10=7fffffff x10:0003000c  PA:00030014
  12346ns            1230 000002e4 00c51c63 bne              x10, x12, 24        x10:7fffffff x12:00000006
  12376ns            1233 000002fc 00170713 addi             x14, x14, 1         x14=00000002 x14:00000001
  12386ns            1234 00000300 f9f718e3 bne              x14, x31, -112      x14:00000002 x31:00000003
  12416ns            1237 00000290 02b70533 mul              x10, x14, x11       x10=00000018 x14:00000002 x11:0000000c
  12426ns            1238 00000294 00a78533 add              x10, x15, x10       x10=00030018 x15:00030000 x10:00000018
  12436ns            1239 00000298 00052503 lw               x10, 0(x10)         x10=7fffffff x10:00030018  PA:00030018
  12456ns            1241 0000029c 00c51c63 bne              x10, x12, 24        x10:7fffffff x12:00000006
  12486ns            1244 000002b4 02b70533 mul              x10, x14, x11       x10=00000018 x14:00000002 x11:0000000c
  12496ns            1245 000002b8 00a78533 add              x10, x15, x10       x10=00030018 x15:00030000 x10:00000018
  12506ns            1246 000002bc 00452503 lw               x10, 4(x10)         x10=00000009 x10:00030018  PA:0003001c
  12526ns            1248 000002c0 00c51c63 bne              x10, x12, 24        x10:00000009 x12:00000006
  12556ns            1251 000002d8 02b70533 mul              x10, x14, x11       x10=00000018 x14:00000002 x11:0000000c
  12566ns            1252 000002dc 00a78533 add              x10, x15, x10       x10=00030018 x15:00030000 x10:00000018
  12576ns            1253 000002e0 00852503 lw               x10, 8(x10)         x10=7fffffff x10:00030018  PA:00030020
  12596ns            1255 000002e4 00c51c63 bne              x10, x12, 24        x10:7fffffff x12:00000006
  12626ns            1258 000002fc 00170713 addi             x14, x14, 1         x14=00000003 x14:00000002
  12636ns            1259 00000300 f9f718e3 bne              x14, x31, -112      x14:00000003 x31:00000003
  12646ns            1260 00000304 03078693 addi             x13, x15, 48        x13=00030030 x15:00030000
  12656ns            1261 00000308 00289513 slli             x10, x17, 0x2       x10=00000004 x17:00000001
  12666ns            1262 0000030c 00231713 slli             x14, x6, 0x2        x14=00000000  x6:00000000
  12676ns            1263 00000310 00d70733 add              x14, x14, x13       x14=00030030 x14:00000000 x13:00030030
  12686ns            1264 00000314 00550533 add              x10, x10, x5        x10=00030044 x10:00000004  x5:00030040
  12696ns            1265 00000318 00072803 lw               x16, 0(x14)         x16=00000000 x14:00030030  PA:00030030
  12706ns            1266 0000031c 00052683 lw               x13, 0(x10)         x13=00000000 x10:00030044  PA:00030044
  12726ns            1268 00000320 00d85463 bge              x16, x13, 8         x16:00000000 x13:00000000
  12756ns            1271 00000328 40d80833 sub              x16, x16, x13       x16=00000000 x16:00000000 x13:00000000
  12766ns            1272 0000032c 01072023 sw               x16, 0(x14)         x16:00000000 x14:00030030  PA:00030030
  12776ns            1273 00000330 00052703 lw               x14, 0(x10)         x14=00000000 x10:00030044  PA:00030044
  12786ns            1274 00000334 fffe8e93 addi             x29, x29, -1        x29=00000002 x29:00000003
  12796ns            1275 00000338 40d70733 sub              x14, x14, x13       x14=00000000 x14:00000000 x13:00000000
  12806ns            1276 0000033c 00e52023 sw               x14, 0(x10)         x14:00000000 x10:00030044  PA:00030044
  12816ns            1277 00000340 03f88733 mul              x14, x17, x31       x14=00000003 x17:00000001 x31:00000003
  12826ns            1278 00000344 00670733 add              x14, x14, x6        x14=00000003 x14:00000003  x6:00000000
  12836ns            1279 00000348 02c686b3 mul              x13, x13, x12       x13=00000000 x13:00000000 x12:00000006
  12846ns            1280 0000034c 00271713 slli             x14, x14, 0x2       x14=0000000c x14:00000003
  12856ns            1281 00000350 00e78733 add              x14, x15, x14       x14=0003000c x15:00030000 x14:0000000c
  12866ns            1282 00000354 00072503 lw               x10, 0(x14)         x10=00000006 x14:0003000c  PA:0003000c
  12886ns            1284 00000358 01c56533 or               x10, x10, x28       x10=7fffffff x10:00000006 x28:7fffffff
  12896ns            1285 0000035c 00a72023 sw               x10, 0(x14)         x10:7fffffff x14:0003000c  PA:0003000c
  12906ns            1286 00000360 0607a703 lw               x14, 96(x15)        x14=000000c3 x15:00030000  PA:00030060
  12926ns            1288 00000364 00d706b3 add              x13, x14, x13       x13=000000c3 x14:000000c3 x13:00000000
  12936ns            1289 00000368 06d7a023 sw               x13, 96(x15)        x13:000000c3 x15:00030000  PA:00030060
  12946ns            1290 0000036c 000e8863 beq              x29, x0, 16         x29:00000002
  12956ns            1291 00000370 000e0613 addi             x12, x28, 0         x12=7fffffff x28:7fffffff
  12966ns            1292 00000374 00000693 addi             x13, x0, 0          x13=00000000
  12976ns            1293 00000378 f01ff06f jal              x0, -256           
  12996ns            1295 00000278 00900613 addi             x12, x0, 9          x12=00000009
  13006ns            1296 0000027c ffccd63b sw_active_min    Nx12 -4(x25)        x25:00020000 x12:00000009  PA:0001fffc
  13016ns            1297 00000280 0007861b lw_mask          x12, x0, 0(x15)     x12=00000008 x15:00030000  PA:00030000
  13026ns            1298 00000284 ffcc803b sw_active_none   Nx0 -4(x25)         x25:00020000  PA:0001fffc
  13356ns            1331 00000288 00000693 addi             x13, x0, 0          x13=00000000
  13366ns            1332 0000028c 00000713 addi             x14, x0, 0          x14=00000000
  13376ns            1333 00000290 02b70533 mul              x10, x14, x11       x10=00000000 x14:00000000 x11:0000000c
  13386ns            1334 00000294 00a78533 add              x10, x15, x10       x10=00030000 x15:00030000 x10:00000000
  13396ns            1335 00000298 00052503 lw               x10, 0(x10)         x10=7fffffff x10:00030000  PA:00030000
  13416ns            1337 0000029c 00c51c63 bne              x10, x12, 24        x10:7fffffff x12:00000008
  13446ns            1340 000002b4 02b70533 mul              x10, x14, x11       x10=00000000 x14:00000000 x11:0000000c
  13456ns            1341 000002b8 00a78533 add              x10, x15, x10       x10=00030000 x15:00030000 x10:00000000
  13466ns            1342 000002bc 00452503 lw               x10, 4(x10)         x10=00000008 x10:00030000  PA:00030004
  13486ns            1344 000002c0 00c51c63 bne              x10, x12, 24        x10:00000008 x12:00000008
  13496ns            1345 000002c4 0347a503 lw               x10, 52(x15)        x10=0000005a x15:00030000  PA:00030034
  13516ns            1347 000002c8 00d54863 blt              x10, x13, 16        x10:0000005a x13:00000000
  13526ns            1348 000002cc 00050693 addi             x13, x10, 0         x13=0000005a x10:0000005a
  13536ns            1349 000002d0 00070893 addi             x17, x14, 0         x17=00000000 x14:00000000
  13546ns            1350 000002d4 00100313 addi             x6, x0, 1            x6=00000001
  13556ns            1351 000002d8 02b70533 mul              x10, x14, x11       x10=00000000 x14:00000000 x11:0000000c
  13566ns            1352 000002dc 00a78533 add              x10, x15, x10       x10=00030000 x15:00030000 x10:00000000
  13576ns            1353 000002e0 00852503 lw               x10, 8(x10)         x10=7fffffff x10:00030000  PA:00030008
  13596ns            1355 000002e4 00c51c63 bne              x10, x12, 24        x10:7fffffff x12:00000008
  13626ns            1358 000002fc 00170713 addi             x14, x14, 1         x14=00000001 x14:00000000
  13636ns            1359 00000300 f9f718e3 bne              x14, x31, -112      x14:00000001 x31:00000003
  13666ns            1362 00000290 02b70533 mul              x10, x14, x11       x10=0000000c x14:00000001 x11:0000000c
  13676ns            1363 00000294 00a78533 add              x10, x15, x10       x10=0003000c x15:00030000 x10:0000000c
  13686ns            1364 00000298 00052503 lw               x10, 0(x10)         x10=7fffffff x10:0003000c  PA:0003000c
  13706ns            1366 0000029c 00c51c63 bne              x10, x12, 24        x10:7fffffff x12:00000008
  13736ns            1369 000002b4 02b70533 mul              x10, x14, x11       x10=0000000c x14:00000001 x11:0000000c
  13746ns            1370 000002b8 00a78533 add              x10, x15, x10       x10=0003000c x15:00030000 x10:0000000c
  13756ns            1371 000002bc 00452503 lw               x10, 4(x10)         x10=7fffffff x10:0003000c  PA:00030010
  13776ns            1373 000002c0 00c51c63 bne              x10, x12, 24        x10:7fffffff x12:00000008
  13806ns            1376 000002d8 02b70533 mul              x10, x14, x11       x10=0000000c x14:00000001 x11:0000000c
  13816ns            1377 000002dc 00a78533 add              x10, x15, x10       x10=0003000c x15:00030000 x10:0000000c
  13826ns            1378 000002e0 00852503 lw               x10, 8(x10)         x10=7fffffff x10:0003000c  PA:00030014
  13846ns            1380 000002e4 00c51c63 bne              x10, x12, 24        x10:7fffffff x12:00000008
  13876ns            1383 000002fc 00170713 addi             x14, x14, 1         x14=00000002 x14:00000001
  13886ns            1384 00000300 f9f718e3 bne              x14, x31, -112      x14:00000002 x31:00000003
  13916ns            1387 00000290 02b70533 mul              x10, x14, x11       x10=00000018 x14:00000002 x11:0000000c
  13926ns            1388 00000294 00a78533 add              x10, x15, x10       x10=00030018 x15:00030000 x10:00000018
  13936ns            1389 00000298 00052503 lw               x10, 0(x10)         x10=7fffffff x10:00030018  PA:00030018
  13956ns            1391 0000029c 00c51c63 bne              x10, x12, 24        x10:7fffffff x12:00000008
  13986ns            1394 000002b4 02b70533 mul              x10, x14, x11       x10=00000018 x14:00000002 x11:0000000c
  13996ns            1395 000002b8 00a78533 add              x10, x15, x10       x10=00030018 x15:00030000 x10:00000018
  14006ns            1396 000002bc 00452503 lw               x10, 4(x10)         x10=00000009 x10:00030018  PA:0003001c
  14026ns            1398 000002c0 00c51c63 bne              x10, x12, 24        x10:00000009 x12:00000008
  14056ns            1401 000002d8 02b70533 mul              x10, x14, x11       x10=00000018 x14:00000002 x11:0000000c
  14066ns            1402 000002dc 00a78533 add              x10, x15, x10       x10=00030018 x15:00030000 x10:00000018
  14076ns            1403 000002e0 00852503 lw               x10, 8(x10)         x10=7fffffff x10:00030018  PA:00030020
  14096ns            1405 000002e4 00c51c63 bne              x10, x12, 24        x10:7fffffff x12:00000008
  14126ns            1408 000002fc 00170713 addi             x14, x14, 1         x14=00000003 x14:00000002
  14136ns            1409 00000300 f9f718e3 bne              x14, x31, -112      x14:00000003 x31:00000003
  14146ns            1410 00000304 03078693 addi             x13, x15, 48        x13=00030030 x15:00030000
  14156ns            1411 00000308 00289513 slli             x10, x17, 0x2       x10=00000000 x17:00000000
  14166ns            1412 0000030c 00231713 slli             x14, x6, 0x2        x14=00000004  x6:00000001
  14176ns            1413 00000310 00d70733 add              x14, x14, x13       x14=00030034 x14:00000004 x13:00030030
  14186ns            1414 00000314 00550533 add              x10, x10, x5        x10=00030040 x10:00000000  x5:00030040
  14196ns            1415 00000318 00072803 lw               x16, 0(x14)         x16=0000005a x14:00030034  PA:00030034
  14206ns            1416 0000031c 00052683 lw               x13, 0(x10)         x13=00000032 x10:00030040  PA:00030040
  14226ns            1418 00000320 00d85463 bge              x16, x13, 8         x16:0000005a x13:00000032
  14256ns            1421 00000328 40d80833 sub              x16, x16, x13       x16=00000028 x16:0000005a x13:00000032
  14266ns            1422 0000032c 01072023 sw               x16, 0(x14)         x16:00000028 x14:00030034  PA:00030034
  14276ns            1423 00000330 00052703 lw               x14, 0(x10)         x14=00000032 x10:00030040  PA:00030040
  14286ns            1424 00000334 fffe8e93 addi             x29, x29, -1        x29=00000001 x29:00000002
  14296ns            1425 00000338 40d70733 sub              x14, x14, x13       x14=00000000 x14:00000032 x13:00000032
  14306ns            1426 0000033c 00e52023 sw               x14, 0(x10)         x14:00000000 x10:00030040  PA:00030040
  14316ns            1427 00000340 03f88733 mul              x14, x17, x31       x14=00000000 x17:00000000 x31:00000003
  14326ns            1428 00000344 00670733 add              x14, x14, x6        x14=00000001 x14:00000000  x6:00000001
  14336ns            1429 00000348 02c686b3 mul              x13, x13, x12       x13=00000190 x13:00000032 x12:00000008
  14346ns            1430 0000034c 00271713 slli             x14, x14, 0x2       x14=00000004 x14:00000001
  14356ns            1431 00000350 00e78733 add              x14, x15, x14       x14=00030004 x15:00030000 x14:00000004
  14366ns            1432 00000354 00072503 lw               x10, 0(x14)         x10=00000008 x14:00030004  PA:00030004
  14386ns            1434 00000358 01c56533 or               x10, x10, x28       x10=7fffffff x10:00000008 x28:7fffffff
  14396ns            1435 0000035c 00a72023 sw               x10, 0(x14)         x10:7fffffff x14:00030004  PA:00030004
  14406ns            1436 00000360 0607a703 lw               x14, 96(x15)        x14=000000c3 x15:00030000  PA:00030060
  14426ns            1438 00000364 00d706b3 add              x13, x14, x13       x13=00000253 x14:000000c3 x13:00000190
  14436ns            1439 00000368 06d7a023 sw               x13, 96(x15)        x13:00000253 x15:00030000  PA:00030060
  14446ns            1440 0000036c 000e8863 beq              x29, x0, 16         x29:00000001
  14456ns            1441 00000370 000e0613 addi             x12, x28, 0         x12=7fffffff x28:7fffffff
  14466ns            1442 00000374 00000693 addi             x13, x0, 0          x13=00000000
  14476ns            1443 00000378 f01ff06f jal              x0, -256           
  14496ns            1445 00000278 00900613 addi             x12, x0, 9          x12=00000009
  14506ns            1446 0000027c ffccd63b sw_active_min    Nx12 -4(x25)        x25:00020000 x12:00000009  PA:0001fffc
  14516ns            1447 00000280 0007861b lw_mask          x12, x0, 0(x15)     x12=00000009 x15:00030000  PA:00030000
  14526ns            1448 00000284 ffcc803b sw_active_none   Nx0 -4(x25)         x25:00020000  PA:0001fffc
  14856ns            1481 00000288 00000693 addi             x13, x0, 0          x13=00000000
  14866ns            1482 0000028c 00000713 addi             x14, x0, 0          x14=00000000
  14876ns            1483 00000290 02b70533 mul              x10, x14, x11       x10=00000000 x14:00000000 x11:0000000c
  14886ns            1484 00000294 00a78533 add              x10, x15, x10       x10=00030000 x15:00030000 x10:00000000
  14896ns            1485 00000298 00052503 lw               x10, 0(x10)         x10=7fffffff x10:00030000  PA:00030000
  14916ns            1487 0000029c 00c51c63 bne              x10, x12, 24        x10:7fffffff x12:00000009
  14946ns            1490 000002b4 02b70533 mul              x10, x14, x11       x10=00000000 x14:00000000 x11:0000000c
  14956ns            1491 000002b8 00a78533 add              x10, x15, x10       x10=00030000 x15:00030000 x10:00000000
  14966ns            1492 000002bc 00452503 lw               x10, 4(x10)         x10=7fffffff x10:00030000  PA:00030004
  14986ns            1494 000002c0 00c51c63 bne              x10, x12, 24        x10:7fffffff x12:00000009
  15016ns            1497 000002d8 02b70533 mul              x10, x14, x11       x10=00000000 x14:00000000 x11:0000000c
  15026ns            1498 000002dc 00a78533 add              x10, x15, x10       x10=00030000 x15:00030000 x10:00000000
  15036ns            1499 000002e0 00852503 lw               x10, 8(x10)         x10=7fffffff x10:00030000  PA:00030008
  15056ns            1501 000002e4 00c51c63 bne              x10, x12, 24        x10:7fffffff x12:00000009
  15086ns            1504 000002fc 00170713 addi             x14, x14, 1         x14=00000001 x14:00000000
  15096ns            1505 00000300 f9f718e3 bne              x14, x31, -112      x14:00000001 x31:00000003
  15126ns            1508 00000290 02b70533 mul              x10, x14, x11       x10=0000000c x14:00000001 x11:0000000c
  15136ns            1509 00000294 00a78533 add              x10, x15, x10       x10=0003000c x15:00030000 x10:0000000c
  15146ns            1510 00000298 00052503 lw               x10, 0(x10)         x10=7fffffff x10:0003000c  PA:0003000c
  15166ns            1512 0000029c 00c51c63 bne              x10, x12, 24        x10:7fffffff x12:00000009
  15196ns            1515 000002b4 02b70533 mul              x10, x14, x11       x10=0000000c x14:00000001 x11:0000000c
  15206ns            1516 000002b8 00a78533 add              x10, x15, x10       x10=0003000c x15:00030000 x10:0000000c
  15216ns            1517 000002bc 00452503 lw               x10, 4(x10)         x10=7fffffff x10:0003000c  PA:00030010
  15236ns            1519 000002c0 00c51c63 bne              x10, x12, 24        x10:7fffffff x12:00000009
  15266ns            1522 000002d8 02b70533 mul              x10, x14, x11       x10=0000000c x14:00000001 x11:0000000c
  15276ns            1523 000002dc 00a78533 add              x10, x15, x10       x10=0003000c x15:00030000 x10:0000000c
  15286ns            1524 000002e0 00852503 lw               x10, 8(x10)         x10=7fffffff x10:0003000c  PA:00030014
  15306ns            1526 000002e4 00c51c63 bne              x10, x12, 24        x10:7fffffff x12:00000009
  15336ns            1529 000002fc 00170713 addi             x14, x14, 1         x14=00000002 x14:00000001
  15346ns            1530 00000300 f9f718e3 bne              x14, x31, -112      x14:00000002 x31:00000003
  15376ns            1533 00000290 02b70533 mul              x10, x14, x11       x10=00000018 x14:00000002 x11:0000000c
  15386ns            1534 00000294 00a78533 add              x10, x15, x10       x10=00030018 x15:00030000 x10:00000018
  15396ns            1535 00000298 00052503 lw               x10, 0(x10)         x10=7fffffff x10:00030018  PA:00030018
  15416ns            1537 0000029c 00c51c63 bne              x10, x12, 24        x10:7fffffff x12:00000009
  15446ns            1540 000002b4 02b70533 mul              x10, x14, x11       x10=00000018 x14:00000002 x11:0000000c
  15456ns            1541 000002b8 00a78533 add              x10, x15, x10       x10=00030018 x15:00030000 x10:00000018
  15466ns            1542 000002bc 00452503 lw               x10, 4(x10)         x10=00000009 x10:00030018  PA:0003001c
  15486ns            1544 000002c0 00c51c63 bne              x10, x12, 24        x10:00000009 x12:00000009
  15496ns            1545 000002c4 0347a503 lw               x10, 52(x15)        x10=00000028 x15:00030000  PA:00030034
  15516ns            1547 000002c8 00d54863 blt              x10, x13, 16        x10:00000028 x13:00000000
  15526ns            1548 000002cc 00050693 addi             x13, x10, 0         x13=00000028 x10:00000028
  15536ns            1549 000002d0 00070893 addi             x17, x14, 0         x17=00000002 x14:00000002
  15546ns            1550 000002d4 00100313 addi             x6, x0, 1            x6=00000001
  15556ns            1551 000002d8 02b70533 mul              x10, x14, x11       x10=00000018 x14:00000002 x11:0000000c
  15566ns            1552 000002dc 00a78533 add              x10, x15, x10       x10=00030018 x15:00030000 x10:00000018
  15576ns            1553 000002e0 00852503 lw               x10, 8(x10)         x10=7fffffff x10:00030018  PA:00030020
  15596ns            1555 000002e4 00c51c63 bne              x10, x12, 24        x10:7fffffff x12:00000009
  15626ns            1558 000002fc 00170713 addi             x14, x14, 1         x14=00000003 x14:00000002
  15636ns            1559 00000300 f9f718e3 bne              x14, x31, -112      x14:00000003 x31:00000003
  15646ns            1560 00000304 03078693 addi             x13, x15, 48        x13=00030030 x15:00030000
  15656ns            1561 00000308 00289513 slli             x10, x17, 0x2       x10=00000008 x17:00000002
  15666ns            1562 0000030c 00231713 slli             x14, x6, 0x2        x14=00000004  x6:00000001
  15676ns            1563 00000310 00d70733 add              x14, x14, x13       x14=00030034 x14:00000004 x13:00030030
  15686ns            1564 00000314 00550533 add              x10, x10, x5        x10=00030048 x10:00000008  x5:00030040
  15696ns            1565 00000318 00072803 lw               x16, 0(x14)         x16=00000028 x14:00030034  PA:00030034
  15706ns            1566 0000031c 00052683 lw               x13, 0(x10)         x13=00000028 x10:00030048  PA:00030048
  15726ns            1568 00000320 00d85463 bge              x16, x13, 8         x16:00000028 x13:00000028
  15756ns            1571 00000328 40d80833 sub              x16, x16, x13       x16=00000000 x16:00000028 x13:00000028
  15766ns            1572 0000032c 01072023 sw               x16, 0(x14)         x16:00000000 x14:00030034  PA:00030034
  15776ns            1573 00000330 00052703 lw               x14, 0(x10)         x14=00000028 x10:00030048  PA:00030048
  15786ns            1574 00000334 fffe8e93 addi             x29, x29, -1        x29=00000000 x29:00000001
  15796ns            1575 00000338 40d70733 sub              x14, x14, x13       x14=00000000 x14:00000028 x13:00000028
  15806ns            1576 0000033c 00e52023 sw               x14, 0(x10)         x14:00000000 x10:00030048  PA:00030048
  15816ns            1577 00000340 03f88733 mul              x14, x17, x31       x14=00000006 x17:00000002 x31:00000003
  15826ns            1578 00000344 00670733 add              x14, x14, x6        x14=00000007 x14:00000006  x6:00000001
  15836ns            1579 00000348 02c686b3 mul              x13, x13, x12       x13=00000168 x13:00000028 x12:00000009
  15846ns            1580 0000034c 00271713 slli             x14, x14, 0x2       x14=0000001c x14:00000007
  15856ns            1581 00000350 00e78733 add              x14, x15, x14       x14=0003001c x15:00030000 x14:0000001c
  15866ns            1582 00000354 00072503 lw               x10, 0(x14)         x10=00000009 x14:0003001c  PA:0003001c
  15886ns            1584 00000358 01c56533 or               x10, x10, x28       x10=7fffffff x10:00000009 x28:7fffffff
  15896ns            1585 0000035c 00a72023 sw               x10, 0(x14)         x10:7fffffff x14:0003001c  PA:0003001c
  15906ns            1586 00000360 0607a703 lw               x14, 96(x15)        x14=00000253 x15:00030000  PA:00030060
  15926ns            1588 00000364 00d706b3 add              x13, x14, x13       x13=000003bb x14:00000253 x13:00000168
  15936ns            1589 00000368 06d7a023 sw               x13, 96(x15)        x13:000003bb x15:00030000  PA:00030060
  15946ns            1590 0000036c 000e8863 beq              x29, x0, 16         x29:00000000
  15976ns            1593 0000037c ffff0f13 addi             x30, x30, -1        x30=00000000 x30:00000001
  15986ns            1594 00000380 ee0f18e3 bne              x30, x0, -272       x30:00000000
  15996ns            1595 00000384 00000513 addi             x10, x0, 0          x10=00000000
  16006ns            1596 00000388 00008067 jalr             x0, x1, 0            x1:000001d8
  16026ns            1598 000001d8 49e0006f jal              x0, 1182           
  16046ns            1600 00000676 ff010113 addi             x2, x2, -16          x2=00005070  x2:00005080
  16056ns            1601 00000678 00000593 addi             x11, x0, 0          x11=00000000
  16066ns            1602 0000067a 00812423 sw               x8, 8(x2)            x8:00000000  x2:00005070  PA:00005078
  16076ns            1603 0000067c 00112623 sw               x1, 12(x2)           x1:000001d8  x2:00005070  PA:0000507c
  16086ns            1604 0000067e 00a00433 add              x8, x0, x10          x8=00000000 x10:00000000
  16096ns            1605 00000680 35e000ef jal              x1, 862              x1=00000682
  16116ns            1607 000009de fd010113 addi             x2, x2, -48          x2=00005040  x2:00005070
  16126ns            1608 000009e0 01412c23 sw               x20, 24(x2)         x20:00000000  x2:00005040  PA:00005058
  16136ns            1609 000009e2 0301aa03 lw               x20, 48(x3)         x20=000027f8  x3:00002ff8  PA:00003028
  16146ns            1610 000009e6 03212023 sw               x18, 32(x2)         x18:00000000  x2:00005040  PA:00005060
  16156ns            1611 000009e8 02112623 sw               x1, 44(x2)           x1:00000682  x2:00005040  PA:0000506c
  16166ns            1612 000009ea 148a2903 lw               x18, 328(x20)       x18=00002944 x20:000027f8  PA:00002940
  16176ns            1613 000009ee 02812423 sw               x8, 40(x2)           x8:00000000  x2:00005040  PA:00005068
  16186ns            1614 000009f0 02912223 sw               x9, 36(x2)           x9:00000000  x2:00005040  PA:00005064
  16196ns            1615 000009f2 01312e23 sw               x19, 28(x2)         x19:00000000  x2:00005040  PA:0000505c
  16206ns            1616 000009f4 01512a23 sw               x21, 20(x2)         x21:00000000  x2:00005040  PA:00005054
  16216ns            1617 000009f6 01612823 sw               x22, 16(x2)         x22:00000000  x2:00005040  PA:00005050
  16226ns            1618 000009f8 01712623 sw               x23, 12(x2)         x23:00000000  x2:00005040  PA:0000504c
  16236ns            1619 000009fa 01812423 sw               x24, 8(x2)          x24:00000000  x2:00005040  PA:00005048
  16246ns            1620 000009fc 02090863 beq              x18, x0, 48         x18:00002944
  16256ns            1621 00000a00 00a00b33 add              x22, x0, x10        x22=00000000 x10:00000000
  16266ns            1622 00000a02 00b00bb3 add              x23, x0, x11        x23=00000000 x11:00000000
  16276ns            1623 00000a04 00100a93 addi             x21, x0, 1          x21=00000001
  16286ns            1624 00000a06 fff00993 addi             x19, x0, -1         x19=ffffffff
  16296ns            1625 00000a08 00492483 lw               x9, 4(x18)           x9=00000001 x18:00002944  PA:00002948
  16316ns            1627 00000a0c fff48413 addi             x8, x9, -1           x8=00000000  x9:00000001
  16326ns            1628 00000a10 00044e63 blt              x8, x0, 28           x8:00000000
  16336ns            1629 00000a14 00249493 slli             x9, x9, 0x2          x9=00000004  x9:00000001
  16346ns            1630 00000a16 012484b3 add              x9, x9, x18          x9=00002948  x9:00000004 x18:00002944
  16356ns            1631 00000a18 020b8663 beq              x23, x0, 44         x23:00000000
  16386ns            1634 00000a44 00492783 lw               x15, 4(x18)         x15=00000001 x18:00002944  PA:00002948
  16396ns            1635 00000a48 0044a683 lw               x13, 4(x9)          x13=00000690  x9:00002948  PA:0000294c
  16406ns            1636 00000a4a fff78793 addi             x15, x15, -1        x15=00000000 x15:00000001
  16416ns            1637 00000a4c 04878263 beq              x15, x8, 68         x15:00000000  x8:00000000
  16446ns            1640 00000a90 00892223 sw               x8, 4(x18)           x8:00000000 x18:00002944  PA:00002948
  16456ns            1641 00000a94 fc1ff06f jal              x0, -64            
  16476ns            1643 00000a54 fc0688e3 beq              x13, x0, -48        x13:00000690
  16486ns            1644 00000a56 18892783 lw               x15, 392(x18)       x15=00000000 x18:00002944  PA:00002acc
  16496ns            1645 00000a5a 008a9733 sll              x14, x21, x8        x14=00000001 x21:00000001  x8:00000000
  16506ns            1646 00000a5e 00492c03 lw               x24, 4(x18)         x24=00000000 x18:00002944  PA:00002948
  16516ns            1647 00000a62 00e7f7b3 and              x15, x15, x14       x15=00000000 x15:00000000 x14:00000001
  16526ns            1648 00000a64 00079d63 bne              x15, x0, 26         x15:00000000
  16536ns            1649 00000a66 000680e7 jalr             x1, x13, 0           x1=00000a68 x13:00000690
  16556ns            1651 00000690 ff010113 addi             x2, x2, -16          x2=00005030  x2:00005040
  16566ns            1652 00000692 00812423 sw               x8, 8(x2)            x8:00000000  x2:00005030  PA:00005038
  16576ns            1653 00000694 000027b7 lui              x15, 0x2000         x15=00002000
  16586ns            1654 00000696 00002437 lui              x8, 0x2000           x8=00002000
  16596ns            1655 00000698 7f840413 addi             x8, x8, 2040         x8=000027f8  x8:00002000
  16606ns            1656 0000069c 7f878793 addi             x15, x15, 2040      x15=000027f8 x15:00002000
  16616ns            1657 000006a0 408787b3 sub              x15, x15, x8        x15=00000000 x15:000027f8  x8:000027f8
  16626ns            1658 000006a2 00912223 sw               x9, 4(x2)            x9:00002948  x2:00005030  PA:00005034
  16636ns            1659 000006a4 00112623 sw               x1, 12(x2)           x1:00000a68  x2:00005030  PA:0000503c
  16646ns            1660 000006a6 4027d493 srai             x9, x15, 0x402       x9=00000000 x15:00000000
  16656ns            1661 000006aa 00048863 beq              x9, x0, 16           x9:00000000
  16686ns            1664 000006ba 00c12083 lw               x1, 12(x2)           x1=00000a68  x2:00005030  PA:0000503c
  16696ns            1665 000006bc 00812403 lw               x8, 8(x2)            x8=00000000  x2:00005030  PA:00005038
  16706ns            1666 000006be 00412483 lw               x9, 4(x2)            x9=00002948  x2:00005030  PA:00005034
  16716ns            1667 000006c0 01010113 addi             x2, x2, 16           x2=00005040  x2:00005030
  16726ns            1668 000006c2 00008067 jalr             x0, x1, 0            x1:00000a68
  16746ns            1670 00000a68 00492703 lw               x14, 4(x18)         x14=00000000 x18:00002944  PA:00002948
  16756ns            1671 00000a6c 148a2783 lw               x15, 328(x20)       x15=00002944 x20:000027f8  PA:00002940
  16766ns            1672 00000a70 01871463 bne              x14, x24, 8         x14:00000000 x24:00000000
  16776ns            1673 00000a74 faf908e3 beq              x18, x15, -80       x18:00002944 x15:00002944
  16806ns            1676 00000a24 fff40413 addi             x8, x8, -1           x8=ffffffff  x8:00000000
  16816ns            1677 00000a26 ffc48493 addi             x9, x9, -4           x9=00002944  x9:00002948
  16826ns            1678 00000a28 ff3418e3 bne              x8, x19, -16         x8:ffffffff x19:ffffffff
  16836ns            1679 00000a2c 02c12083 lw               x1, 44(x2)           x1=00000682  x2:00005040  PA:0000506c
  16846ns            1680 00000a2e 02812403 lw               x8, 40(x2)           x8=00000000  x2:00005040  PA:00005068
  16856ns            1681 00000a30 02412483 lw               x9, 36(x2)           x9=00000000  x2:00005040  PA:00005064
  16866ns            1682 00000a32 02012903 lw               x18, 32(x2)         x18=00000000  x2:00005040  PA:00005060
  16876ns            1683 00000a34 01c12983 lw               x19, 28(x2)         x19=00000000  x2:00005040  PA:0000505c
  16886ns            1684 00000a36 01812a03 lw               x20, 24(x2)         x20=00000000  x2:00005040  PA:00005058
  16896ns            1685 00000a38 01412a83 lw               x21, 20(x2)         x21=00000000  x2:00005040  PA:00005054
  16906ns            1686 00000a3a 01012b03 lw               x22, 16(x2)         x22=00000000  x2:00005040  PA:00005050
  16916ns            1687 00000a3c 00c12b83 lw               x23, 12(x2)         x23=00000000  x2:00005040  PA:0000504c
  16926ns            1688 00000a3e 00812c03 lw               x24, 8(x2)          x24=00000000  x2:00005040  PA:00005048
  16936ns            1689 00000a40 03010113 addi             x2, x2, 48           x2=00005070  x2:00005040
  16946ns            1690 00000a42 00008067 jalr             x0, x1, 0            x1:00000682
  16976ns            1693 00000682 0301a503 lw               x10, 48(x3)         x10=000027f8  x3:00002ff8  PA:00003028
  16996ns            1695 00000686 03c52783 lw               x15, 60(x10)        x15=00000000 x10:000027f8  PA:00002834
  17016ns            1697 00000688 00078263 beq              x15, x0, 4          x15:00000000
  17046ns            1700 0000068c 00800533 add              x10, x0, x8         x10=00000000  x8:00000000
  17056ns            1701 0000068e d9bff0ef jal              x1, -614             x1=00000690
  17076ns            1703 00000428 200007b7 lui              x15, 0x20000000     x15=20000000
