                Time          Cycles PC       Instr    Mnemonic
     96ns               5 00000180 00003197 auipc            x3, 0x3000           x3=00003180
    106ns               6 00000184 d9018193 addi             x3, x3, -624         x3=00002f10  x3:00003180
    116ns               7 00000188 00005117 auipc            x2, 0x5000           x2=00005188
    126ns               8 0000018c e0810113 addi             x2, x2, -504         x2=00004f90  x2:00005188
    136ns               9 00000190 00000517 auipc            x10, 0x0            x10=00000190
    146ns              10 00000194 e7050513 addi             x10, x10, -400      x10=00000000 x10:00000190
    156ns              11 00000198 30551073 csrrw            x0, x10, 0x305      x10:00000000
    166ns              12 0000019c 10000513 addi             x10, x0, 256        x10=00000100
    176ns              13 000001a0 7d151073 csrrw            x0, x10, 0x7d1      x10:00000100
    186ns              14 000001a4 04418513 addi             x10, x3, 68         x10=00002f54  x3:00002f10
    196ns              15 000001a8 07c18613 addi             x12, x3, 124        x12=00002f8c  x3:00002f10
    206ns              16 000001ac 40a60633 sub              x12, x12, x10       x12=00000038 x12:00002f8c x10:00002f54
    216ns              17 000001b0 00000593 addi             x11, x0, 0          x11=00000000
    226ns              18 000001b4 4ba000ef jal              x1, 1210             x1=000001b8
    246ns              20 0000066e 00f00313 addi             x6, x0, 15           x6=0000000f
    256ns              21 00000670 00a00733 add              x14, x0, x10        x14=00002f54 x10:00002f54
    266ns              22 00000672 02c37363 bgeu             x6, x12, 38          x6:0000000f x12:00000038
    276ns              23 00000676 00f77793 andi             x15, x14, 15        x15=00000004 x14:00002f54
    286ns              24 0000067a 06079f63 bne              x15, x0, 126        x15:00000004
    316ns              27 000006f8 00279693 slli             x13, x15, 0x2       x13=00000010 x15:00000004
    326ns              28 000006fc 00000297 auipc            x5, 0x0              x5=000006fc
    336ns              29 00000700 005686b3 add              x13, x13, x5        x13=0000070c x13:00000010  x5:000006fc
    346ns              30 00000702 001002b3 add              x5, x0, x1           x5=000001b8  x1:000001b8
    356ns              31 00000704 fa8680e7 jalr             x1, x13, -88         x1=00000708 x13:0000070c
    376ns              33 000006b4 00b705a3 sb               x11, 11(x14)        x11:00000000 x14:00002f54  PA:00002f5f
    386ns              34 000006b8 00b70523 sb               x11, 10(x14)        x11:00000000 x14:00002f54  PA:00002f5e
    396ns              35 000006bc 00b704a3 sb               x11, 9(x14)         x11:00000000 x14:00002f54  PA:00002f5d
    406ns              36 000006c0 00b70423 sb               x11, 8(x14)         x11:00000000 x14:00002f54  PA:00002f5c
    416ns              37 000006c4 00b703a3 sb               x11, 7(x14)         x11:00000000 x14:00002f54  PA:00002f5b
    426ns              38 000006c8 00b70323 sb               x11, 6(x14)         x11:00000000 x14:00002f54  PA:00002f5a
    436ns              39 000006cc 00b702a3 sb               x11, 5(x14)         x11:00000000 x14:00002f54  PA:00002f59
    446ns              40 000006d0 00b70223 sb               x11, 4(x14)         x11:00000000 x14:00002f54  PA:00002f58
    456ns              41 000006d4 00b701a3 sb               x11, 3(x14)         x11:00000000 x14:00002f54  PA:00002f57
    466ns              42 000006d8 00b70123 sb               x11, 2(x14)         x11:00000000 x14:00002f54  PA:00002f56
    476ns              43 000006dc 00b700a3 sb               x11, 1(x14)         x11:00000000 x14:00002f54  PA:00002f55
    486ns              44 000006e0 00b70023 sb               x11, 0(x14)         x11:00000000 x14:00002f54  PA:00002f54
    496ns              45 000006e4 00008067 jalr             x0, x1, 0            x1:00000708
    516ns              47 00000708 005000b3 add              x1, x0, x5           x1=000001b8  x5:000001b8
    526ns              48 0000070a ff078793 addi             x15, x15, -16       x15=fffffff4 x15:00000004
    536ns              49 0000070c 40f70733 sub              x14, x14, x15       x14=00002f60 x14:00002f54 x15:fffffff4
    546ns              50 0000070e 00f60633 add              x12, x12, x15       x12=0000002c x12:00000038 x15:fffffff4
    556ns              51 00000710 f8c374e3 bgeu             x6, x12, -120        x6:0000000f x12:0000002c
    566ns              52 00000714 f69ff06f jal              x0, -152           
    586ns              54 0000067c 06059563 bne              x11, x0, 106        x11:00000000
    596ns              55 0000067e ff067693 andi             x13, x12, -16       x13=00000020 x12:0000002c
    606ns              56 00000682 00f67613 andi             x12, x12, 15        x12=0000000c x12:0000002c
    616ns              57 00000684 00e686b3 add              x13, x13, x14       x13=00002f80 x13:00000020 x14:00002f60
    626ns              58 00000686 00b72023 sw               x11, 0(x14)         x11:00000000 x14:00002f60  PA:00002f60
    636ns              59 00000688 00b72223 sw               x11, 4(x14)         x11:00000000 x14:00002f60  PA:00002f64
    646ns              60 0000068a 00b72423 sw               x11, 8(x14)         x11:00000000 x14:00002f60  PA:00002f68
    656ns              61 0000068c 00b72623 sw               x11, 12(x14)        x11:00000000 x14:00002f60  PA:00002f6c
    666ns              62 0000068e 01070713 addi             x14, x14, 16        x14=00002f70 x14:00002f60
    676ns              63 00000690 fed76be3 bltu             x14, x13, -10       x14:00002f70 x13:00002f80
    706ns              66 00000686 00b72023 sw               x11, 0(x14)         x11:00000000 x14:00002f70  PA:00002f70
    716ns              67 00000688 00b72223 sw               x11, 4(x14)         x11:00000000 x14:00002f70  PA:00002f74
    726ns              68 0000068a 00b72423 sw               x11, 8(x14)         x11:00000000 x14:00002f70  PA:00002f78
    736ns              69 0000068c 00b72623 sw               x11, 12(x14)        x11:00000000 x14:00002f70  PA:00002f7c
    746ns              70 0000068e 01070713 addi             x14, x14, 16        x14=00002f80 x14:00002f70
    756ns              71 00000690 fed76be3 bltu             x14, x13, -10       x14:00002f80 x13:00002f80
    766ns              72 00000694 00061263 bne              x12, x0, 4          x12:0000000c
    796ns              75 00000698 40c306b3 sub              x13, x6, x12        x13=00000003  x6:0000000f x12:0000000c
    806ns              76 0000069c 00269693 slli             x13, x13, 0x2       x13=0000000c x13:00000003
    816ns              77 0000069e 00000297 auipc            x5, 0x0              x5=0000069e
    826ns              78 000006a2 005686b3 add              x13, x13, x5        x13=000006aa x13:0000000c  x5:0000069e
    846ns              80 000006a4 00a68067 jalr             x0, x13, 10         x13:000006aa
    866ns              82 000006b4 00b705a3 sb               x11, 11(x14)        x11:00000000 x14:00002f80  PA:00002f8b
    876ns              83 000006b8 00b70523 sb               x11, 10(x14)        x11:00000000 x14:00002f80  PA:00002f8a
    886ns              84 000006bc 00b704a3 sb               x11, 9(x14)         x11:00000000 x14:00002f80  PA:00002f89
    896ns              85 000006c0 00b70423 sb               x11, 8(x14)         x11:00000000 x14:00002f80  PA:00002f88
    906ns              86 000006c4 00b703a3 sb               x11, 7(x14)         x11:00000000 x14:00002f80  PA:00002f87
    916ns              87 000006c8 00b70323 sb               x11, 6(x14)         x11:00000000 x14:00002f80  PA:00002f86
    926ns              88 000006cc 00b702a3 sb               x11, 5(x14)         x11:00000000 x14:00002f80  PA:00002f85
    936ns              89 000006d0 00b70223 sb               x11, 4(x14)         x11:00000000 x14:00002f80  PA:00002f84
    946ns              90 000006d4 00b701a3 sb               x11, 3(x14)         x11:00000000 x14:00002f80  PA:00002f83
    956ns              91 000006d8 00b70123 sb               x11, 2(x14)         x11:00000000 x14:00002f80  PA:00002f82
    966ns              92 000006dc 00b700a3 sb               x11, 1(x14)         x11:00000000 x14:00002f80  PA:00002f81
    976ns              93 000006e0 00b70023 sb               x11, 0(x14)         x11:00000000 x14:00002f80  PA:00002f80
    986ns              94 000006e4 00008067 jalr             x0, x1, 0            x1:000001b8
   1006ns              96 000001b8 00000517 auipc            x10, 0x0            x10=000001b8
   1016ns              97 000001bc 41850513 addi             x10, x10, 1048      x10=000005d0 x10:000001b8
   1026ns              98 000001c0 3ec000ef jal              x1, 1004             x1=000001c4
   1046ns             100 000005ac 00a005b3 add              x11, x0, x10        x11=000005d0 x10:000005d0
   1056ns             101 000005ae 00000693 addi             x13, x0, 0          x13=00000000
   1066ns             102 000005b0 00000613 addi             x12, x0, 0          x12=00000000
   1076ns             103 000005b2 00000513 addi             x10, x0, 0          x10=00000000
   1086ns             104 000005b4 2fe0006f jal              x0, 766            
   1116ns             107 000008b2 0301a703 lw               x14, 48(x3)         x14=00002710  x3:00002f10  PA:00002f40
   1136ns             109 000008b6 14872783 lw               x15, 328(x14)       x15=00000000 x14:00002710  PA:00002858
   1156ns             111 000008ba 04078063 beq              x15, x0, 64         x15:00000000
   1196ns             115 000008fa 14c70793 addi             x15, x14, 332       x15=0000285c x14:00002710
   1206ns             116 000008fe 14f72423 sw               x15, 328(x14)       x15:0000285c x14:00002710  PA:00002858
   1216ns             117 00000902 fbbff06f jal              x0, -70            
   1236ns             119 000008bc 0047a703 lw               x14, 4(x15)         x14=00000000 x15:0000285c  PA:00002860
   1246ns             120 000008be 01f00813 addi             x16, x0, 31         x16=0000001f
   1256ns             121 000008c0 04e84d63 blt              x16, x14, 90        x16:0000001f x14:00000000
   1266ns             122 000008c4 00271813 slli             x16, x14, 0x2       x16=00000000 x14:00000000
   1276ns             123 000008c8 02050363 beq              x10, x0, 38         x10:00000000
   1306ns             126 000008ee 00170713 addi             x14, x14, 1         x14=00000001 x14:00000000
   1316ns             127 000008f0 00e7a223 sw               x14, 4(x15)         x14:00000001 x15:0000285c  PA:00002860
   1326ns             128 000008f2 010787b3 add              x15, x15, x16       x15=0000285c x15:0000285c x16:00000000
   1336ns             129 000008f4 00b7a423 sw               x11, 8(x15)         x11:000005d0 x15:0000285c  PA:00002864
   1346ns             130 000008f6 00000513 addi             x10, x0, 0          x10=00000000
   1356ns             131 000008f8 00008067 jalr             x0, x1, 0            x1:000001c4
   1376ns             133 000001c4 440000ef jal              x1, 1088             x1=000001c8
   1396ns             135 00000604 ff010113 addi             x2, x2, -16          x2=00004f80  x2:00004f90
   1406ns             136 00000606 00812423 sw               x8, 8(x2)            x8:00000000  x2:00004f80  PA:00004f88
   1416ns             137 00000608 01212023 sw               x18, 0(x2)          x18:00000000  x2:00004f80  PA:00004f80
   1426ns             138 0000060a 00002437 lui              x8, 0x2000           x8=00002000
   1436ns             139 0000060c 00002937 lui              x18, 0x2000         x18=00002000
   1446ns             140 0000060e 70a40793 addi             x15, x8, 1802       x15=0000270a  x8:00002000
   1456ns             141 00000612 70a90913 addi             x18, x18, 1802      x18=0000270a x18:00002000
   1466ns             142 00000616 40f90933 sub              x18, x18, x15       x18=00000000 x18:0000270a x15:0000270a
   1476ns             143 0000061a 00112623 sw               x1, 12(x2)           x1:000001c8  x2:00004f80  PA:00004f8c
   1486ns             144 0000061c 00912223 sw               x9, 4(x2)            x9:00000000  x2:00004f80  PA:00004f84
   1496ns             145 0000061e 40295913 srai             x18, x18, 0x402     x18=00000000 x18:00000000
   1506ns             146 00000622 00090b63 beq              x18, x0, 22         x18:00000000
   1536ns             149 00000638 00002437 lui              x8, 0x2000           x8=00002000
   1546ns             150 0000063a 00002937 lui              x18, 0x2000         x18=00002000
   1556ns             151 0000063c 70c40793 addi             x15, x8, 1804       x15=0000270c  x8:00002000
   1566ns             152 00000640 71090913 addi             x18, x18, 1808      x18=00002710 x18:00002000
   1576ns             153 00000644 40f90933 sub              x18, x18, x15       x18=00000004 x18:00002710 x15:0000270c
   1586ns             154 00000648 40295913 srai             x18, x18, 0x402     x18=00000001 x18:00000004
   1596ns             155 0000064c 00090b63 beq              x18, x0, 22         x18:00000001
   1606ns             156 00000650 70c40413 addi             x8, x8, 1804         x8=0000270c  x8:00002000
   1616ns             157 00000654 00000493 addi             x9, x0, 0            x9=00000000
   1626ns             158 00000656 00042783 lw               x15, 0(x8)          x15=000002cc  x8:0000270c  PA:0000270c
   1636ns             159 00000658 00148493 addi             x9, x9, 1            x9=00000001  x9:00000000
   1646ns             160 0000065a 00440413 addi             x8, x8, 4            x8=00002710  x8:0000270c
   1656ns             161 0000065c 000780e7 jalr             x1, x15, 0           x1=0000065e x15:000002cc
   1676ns             163 000002cc 00000793 addi             x15, x0, 0          x15=00000000
   1686ns             164 000002d0 00078463 beq              x15, x0, 8          x15:00000000
   1716ns             167 000002d8 00008067 jalr             x0, x1, 0            x1:0000065e
   1746ns             170 0000065e fe991ce3 bne              x18, x9, -8         x18:00000001  x9:00000001
   1756ns             171 00000662 00c12083 lw               x1, 12(x2)           x1=000001c8  x2:00004f80  PA:00004f8c
   1766ns             172 00000664 00812403 lw               x8, 8(x2)            x8=00000000  x2:00004f80  PA:00004f88
   1776ns             173 00000666 00412483 lw               x9, 4(x2)            x9=00000000  x2:00004f80  PA:00004f84
   1786ns             174 00000668 00012903 lw               x18, 0(x2)          x18=00000000  x2:00004f80  PA:00004f80
   1796ns             175 0000066a 01010113 addi             x2, x2, 16           x2=00004f90  x2:00004f80
   1806ns             176 0000066c 00008067 jalr             x0, x1, 0            x1:000001c8
   1826ns             178 000001c8 00012503 lw               x10, 0(x2)          x10=xxxxxxxx  x2:00004f90  PA:00004f90
   1836ns             179 000001cc 00410593 addi             x11, x2, 4          x11=00004f94  x2:00004f90
   1846ns             180 000001d0 00000613 addi             x12, x0, 0          x12=00000000
   1856ns             181 000001d4 00c000ef jal              x1, 12               x1=000001d8
   1876ns             183 000001e0 000076b7 lui              x13, 0x7000         x13=00007000
   1886ns             184 000001e4 000307b7 lui              x15, 0x30000        x15=00030000
   1896ns             185 000001e8 93668693 addi             x13, x13, -1738     x13=00006936 x13:00007000
   1906ns             186 000001ec 00d7a423 sw               x13, 8(x15)         x13:00006936 x15:00030000  PA:00030008
   1916ns             187 000001f0 0000a6b7 lui              x13, 0xa000         x13=0000a000
   1926ns             188 000001f4 dd168693 addi             x13, x13, -559      x13=00009dd1 x13:0000a000
   1936ns             189 000001f8 00003737 lui              x14, 0x3000         x14=00003000
   1946ns             190 000001fc 49b70713 addi             x14, x14, 1179      x14=0000349b x14:00003000
   1956ns             191 00000200 00d7a623 sw               x13, 12(x15)        x13:00009dd1 x15:00030000  PA:0003000c
   1966ns             192 00000204 0000d6b7 lui              x13, 0xd000         x13=0000d000
   1976ns             193 00000208 00e7a223 sw               x14, 4(x15)         x14:0000349b x15:00030000  PA:00030004
   1986ns             194 0000020c 26c68693 addi             x13, x13, 620       x13=0000d26c x13:0000d000
   1996ns             195 00000210 76870713 addi             x14, x14, 1896      x14=00003c03 x14:0000349b
   2006ns             196 00000214 04e7a023 sw               x14, 64(x15)        x14:00003c03 x15:00030000  PA:00030040
   2016ns             197 00000218 0007a023 sw               x0, 0(x15)          x15:00030000  PA:00030000
   2026ns             198 0000021c 00d7a823 sw               x13, 16(x15)        x13:0000d26c x15:00030000  PA:00030010
   2036ns             199 00000220 00030737 lui              x14, 0x30000        x14=00030000
   2046ns             200 00000224 01478613 addi             x12, x15, 20        x12=00030014 x15:00030000
   2056ns             201 00000228 0007a683 lw               x13, 0(x15)         x13=00000000 x15:00030000  PA:00030000
   2066ns             202 0000022c 00478793 addi             x15, x15, 4         x15=00030004 x15:00030000
   2076ns             203 00000230 0f16e693 ori              x13, x13, 241       x13=000000f1 x13:00000000
   2086ns             204 00000234 fed7ae23 sw               x13, -4(x15)        x13:000000f1 x15:00030004  PA:00030000
   2096ns             205 00000238 fec798e3 bne              x15, x12, -16       x15:00030004 x12:00030014
   2126ns             208 00000228 0007a683 lw               x13, 0(x15)         x13=0000349b x15:00030004  PA:00030004
   2136ns             209 0000022c 00478793 addi             x15, x15, 4         x15=00030008 x15:00030004
   2146ns             210 00000230 0f16e693 ori              x13, x13, 241       x13=000034fb x13:0000349b
   2156ns             211 00000234 fed7ae23 sw               x13, -4(x15)        x13:000034fb x15:00030008  PA:00030004
   2166ns             212 00000238 fec798e3 bne              x15, x12, -16       x15:00030008 x12:00030014
   2196ns             215 00000228 0007a683 lw               x13, 0(x15)         x13=00006936 x15:00030008  PA:00030008
   2206ns             216 0000022c 00478793 addi             x15, x15, 4         x15=0003000c x15:00030008
   2216ns             217 00000230 0f16e693 ori              x13, x13, 241       x13=000069f7 x13:00006936
   2226ns             218 00000234 fed7ae23 sw               x13, -4(x15)        x13:000069f7 x15:0003000c  PA:00030008
   2236ns             219 00000238 fec798e3 bne              x15, x12, -16       x15:0003000c x12:00030014
   2266ns             222 00000228 0007a683 lw               x13, 0(x15)         x13=00009dd1 x15:0003000c  PA:0003000c
   2276ns             223 0000022c 00478793 addi             x15, x15, 4         x15=00030010 x15:0003000c
   2286ns             224 00000230 0f16e693 ori              x13, x13, 241       x13=00009df1 x13:00009dd1
   2296ns             225 00000234 fed7ae23 sw               x13, -4(x15)        x13:00009df1 x15:00030010  PA:0003000c
   2306ns             226 00000238 fec798e3 bne              x15, x12, -16       x15:00030010 x12:00030014
   2336ns             229 00000228 0007a683 lw               x13, 0(x15)         x13=0000d26c x15:00030010  PA:00030010
   2346ns             230 0000022c 00478793 addi             x15, x15, 4         x15=00030014 x15:00030010
   2356ns             231 00000230 0f16e693 ori              x13, x13, 241       x13=0000d2fd x13:0000d26c
   2366ns             232 00000234 fed7ae23 sw               x13, -4(x15)        x13:0000d2fd x15:00030014  PA:00030010
   2376ns             233 00000238 fec798e3 bne              x15, x12, -16       x15:00030014 x12:00030014
   2386ns             234 0000023c 04072783 lw               x15, 64(x14)        x15=00003c03 x14:00030000  PA:00030040
   2396ns             235 00000240 000306b7 lui              x13, 0x30000        x13=00030000
   2406ns             236 00000244 0f17e793 ori              x15, x15, 241       x15=00003cf3 x15:00003c03
   2416ns             237 00000248 04f72023 sw               x15, 64(x14)        x15:00003cf3 x14:00030000  PA:00030040
   2426ns             238 0000024c 01072703 lw               x14, 16(x14)        x14=0000d2fd x14:00030000  PA:00030010
   2436ns             239 00000250 000307b7 lui              x15, 0x30000        x15=00030000
   2446ns             240 00000254 01478593 addi             x11, x15, 20        x11=00030014 x15:00030000
   2456ns             241 00000258 08f77713 andi             x14, x14, 143       x14=0000008d x14:0000d2fd
   2466ns             242 0000025c 0007a603 lw               x12, 0(x15)         x12=000000f1 x15:00030000  PA:00030000
   2476ns             243 00000260 00478793 addi             x15, x15, 4         x15=00030004 x15:00030000
   2486ns             244 00000264 00e67633 and              x12, x12, x14       x12=00000081 x12:000000f1 x14:0000008d
   2496ns             245 00000268 fec7ae23 sw               x12, -4(x15)        x12:00000081 x15:00030004  PA:00030000
   2506ns             246 0000026c feb798e3 bne              x15, x11, -16       x15:00030004 x11:00030014
   2536ns             249 0000025c 0007a603 lw               x12, 0(x15)         x12=000034fb x15:00030004  PA:00030004
   2546ns             250 00000260 00478793 addi             x15, x15, 4         x15=00030008 x15:00030004
   2556ns             251 00000264 00e67633 and              x12, x12, x14       x12=00000089 x12:000034fb x14:0000008d
   2566ns             252 00000268 fec7ae23 sw               x12, -4(x15)        x12:00000089 x15:00030008  PA:00030004
   2576ns             253 0000026c feb798e3 bne              x15, x11, -16       x15:00030008 x11:00030014
   2606ns             256 0000025c 0007a603 lw               x12, 0(x15)         x12=000069f7 x15:00030008  PA:00030008
   2616ns             257 00000260 00478793 addi             x15, x15, 4         x15=0003000c x15:00030008
   2626ns             258 00000264 00e67633 and              x12, x12, x14       x12=00000085 x12:000069f7 x14:0000008d
   2636ns             259 00000268 fec7ae23 sw               x12, -4(x15)        x12:00000085 x15:0003000c  PA:00030008
   2646ns             260 0000026c feb798e3 bne              x15, x11, -16       x15:0003000c x11:00030014
   2676ns             263 0000025c 0007a603 lw               x12, 0(x15)         x12=00009df1 x15:0003000c  PA:0003000c
   2686ns             264 00000260 00478793 addi             x15, x15, 4         x15=00030010 x15:0003000c
   2696ns             265 00000264 00e67633 and              x12, x12, x14       x12=00000081 x12:00009df1 x14:0000008d
   2706ns             266 00000268 fec7ae23 sw               x12, -4(x15)        x12:00000081 x15:00030010  PA:0003000c
   2716ns             267 0000026c feb798e3 bne              x15, x11, -16       x15:00030010 x11:00030014
   2746ns             270 0000025c 0007a603 lw               x12, 0(x15)         x12=0000d2fd x15:00030010  PA:00030010
   2756ns             271 00000260 00478793 addi             x15, x15, 4         x15=00030014 x15:00030010
   2766ns             272 00000264 00e67633 and              x12, x12, x14       x12=0000008d x12:0000d2fd x14:0000008d
   2776ns             273 00000268 fec7ae23 sw               x12, -4(x15)        x12:0000008d x15:00030014  PA:00030010
   2786ns             274 0000026c feb798e3 bne              x15, x11, -16       x15:00030014 x11:00030014
   2796ns             275 00000270 0406a783 lw               x15, 64(x13)        x15=00003cf3 x13:00030000  PA:00030040
   2816ns             277 00000274 00e7f733 and              x14, x15, x14       x14=00000081 x15:00003cf3 x14:0000008d
   2826ns             278 00000278 00c6a783 lw               x15, 12(x13)        x15=00000081 x13:00030000  PA:0003000c
   2836ns             279 0000027c 04e6a023 sw               x14, 64(x13)        x14:00000081 x13:00030000  PA:00030040
   2846ns             280 00000280 00030737 lui              x14, 0x30000        x14=00030000
   2856ns             281 00000284 0f07c793 xori             x15, x15, 240       x15=00000071 x15:00000081
   2866ns             282 00000288 000306b7 lui              x13, 0x30000        x13=00030000
   2876ns             283 0000028c 01470593 addi             x11, x14, 20        x11=00030014 x14:00030000
   2886ns             284 00000290 00072603 lw               x12, 0(x14)         x12=00000081 x14:00030000  PA:00030000
   2896ns             285 00000294 00470713 addi             x14, x14, 4         x14=00030004 x14:00030000
   2906ns             286 00000298 00f64633 xor              x12, x12, x15       x12=000000f0 x12:00000081 x15:00000071
   2916ns             287 0000029c fec72e23 sw               x12, -4(x14)        x12:000000f0 x14:00030004  PA:00030000
   2926ns             288 000002a0 feb718e3 bne              x14, x11, -16       x14:00030004 x11:00030014
   2956ns             291 00000290 00072603 lw               x12, 0(x14)         x12=00000089 x14:00030004  PA:00030004
   2966ns             292 00000294 00470713 addi             x14, x14, 4         x14=00030008 x14:00030004
   2976ns             293 00000298 00f64633 xor              x12, x12, x15       x12=000000f8 x12:00000089 x15:00000071
   2986ns             294 0000029c fec72e23 sw               x12, -4(x14)        x12:000000f8 x14:00030008  PA:00030004
   2996ns             295 000002a0 feb718e3 bne              x14, x11, -16       x14:00030008 x11:00030014
   3026ns             298 00000290 00072603 lw               x12, 0(x14)         x12=00000085 x14:00030008  PA:00030008
   3036ns             299 00000294 00470713 addi             x14, x14, 4         x14=0003000c x14:00030008
   3046ns             300 00000298 00f64633 xor              x12, x12, x15       x12=000000f4 x12:00000085 x15:00000071
   3056ns             301 0000029c fec72e23 sw               x12, -4(x14)        x12:000000f4 x14:0003000c  PA:00030008
   3066ns             302 000002a0 feb718e3 bne              x14, x11, -16       x14:0003000c x11:00030014
   3096ns             305 00000290 00072603 lw               x12, 0(x14)         x12=00000081 x14:0003000c  PA:0003000c
   3106ns             306 00000294 00470713 addi             x14, x14, 4         x14=00030010 x14:0003000c
   3116ns             307 00000298 00f64633 xor              x12, x12, x15       x12=000000f0 x12:00000081 x15:00000071
   3126ns             308 0000029c fec72e23 sw               x12, -4(x14)        x12:000000f0 x14:00030010  PA:0003000c
   3136ns             309 000002a0 feb718e3 bne              x14, x11, -16       x14:00030010 x11:00030014
   3166ns             312 00000290 00072603 lw               x12, 0(x14)         x12=0000008d x14:00030010  PA:00030010
   3176ns             313 00000294 00470713 addi             x14, x14, 4         x14=00030014 x14:00030010
   3186ns             314 00000298 00f64633 xor              x12, x12, x15       x12=000000fc x12:0000008d x15:00000071
   3196ns             315 0000029c fec72e23 sw               x12, -4(x14)        x12:000000fc x14:00030014  PA:00030010
   3206ns             316 000002a0 feb718e3 bne              x14, x11, -16       x14:00030014 x11:00030014
   3216ns             317 000002a4 0406a703 lw               x14, 64(x13)        x14=00000081 x13:00030000  PA:00030040
   3226ns             318 000002a8 00000513 addi             x10, x0, 0          x10=00000000
   3236ns             319 000002ac 00e7c7b3 xor              x15, x15, x14       x15=000000f0 x15:00000071 x14:00000081
   3246ns             320 000002b0 0086a703 lw               x14, 8(x13)         x14=000000f4 x13:00030000  PA:00030008
   3256ns             321 000002b4 04f6a023 sw               x15, 64(x13)        x15:000000f0 x13:00030000  PA:00030040
   3266ns             322 000002b8 fff7c793 xori             x15, x15, -1        x15=ffffff0f x15:000000f0
   3276ns             323 000002bc fff74713 xori             x14, x14, -1        x14=ffffff0b x14:000000f4
   3286ns             324 000002c0 00f707b3 add              x15, x14, x15       x15=fffffe1a x14:ffffff0b x15:ffffff0f
   3296ns             325 000002c4 08f6a023 sw               x15, 128(x13)       x15:fffffe1a x13:00030000  PA:00030080
   3306ns             326 000002c8 00008067 jalr             x0, x1, 0            x1:000001d8
   3326ns             328 000001d8 3de0006f jal              x0, 990            
   3346ns             330 000005b6 ff010113 addi             x2, x2, -16          x2=00004f80  x2:00004f90
   3356ns             331 000005b8 00000593 addi             x11, x0, 0          x11=00000000
   3366ns             332 000005ba 00812423 sw               x8, 8(x2)            x8:00000000  x2:00004f80  PA:00004f88
   3376ns             333 000005bc 00112623 sw               x1, 12(x2)           x1:000001d8  x2:00004f80  PA:00004f8c
   3386ns             334 000005be 00a00433 add              x8, x0, x10          x8=00000000 x10:00000000
   3396ns             335 000005c0 35e000ef jal              x1, 862              x1=000005c2
   3416ns             337 0000091e fd010113 addi             x2, x2, -48          x2=00004f50  x2:00004f80
   3426ns             338 00000920 01412c23 sw               x20, 24(x2)         x20:00000000  x2:00004f50  PA:00004f68
   3436ns             339 00000922 0301aa03 lw               x20, 48(x3)         x20=00002710  x3:00002f10  PA:00002f40
   3446ns             340 00000926 03212023 sw               x18, 32(x2)         x18:00000000  x2:00004f50  PA:00004f70
   3456ns             341 00000928 02112623 sw               x1, 44(x2)           x1:000005c2  x2:00004f50  PA:00004f7c
   3466ns             342 0000092a 148a2903 lw               x18, 328(x20)       x18=0000285c x20:00002710  PA:00002858
   3476ns             343 0000092e 02812423 sw               x8, 40(x2)           x8:00000000  x2:00004f50  PA:00004f78
   3486ns             344 00000930 02912223 sw               x9, 36(x2)           x9:00000000  x2:00004f50  PA:00004f74
   3496ns             345 00000932 01312e23 sw               x19, 28(x2)         x19:00000000  x2:00004f50  PA:00004f6c
   3506ns             346 00000934 01512a23 sw               x21, 20(x2)         x21:00000000  x2:00004f50  PA:00004f64
   3516ns             347 00000936 01612823 sw               x22, 16(x2)         x22:00000000  x2:00004f50  PA:00004f60
   3526ns             348 00000938 01712623 sw               x23, 12(x2)         x23:00000000  x2:00004f50  PA:00004f5c
   3536ns             349 0000093a 01812423 sw               x24, 8(x2)          x24:00000000  x2:00004f50  PA:00004f58
   3546ns             350 0000093c 02090863 beq              x18, x0, 48         x18:0000285c
   3556ns             351 00000940 00a00b33 add              x22, x0, x10        x22=00000000 x10:00000000
   3566ns             352 00000942 00b00bb3 add              x23, x0, x11        x23=00000000 x11:00000000
   3576ns             353 00000944 00100a93 addi             x21, x0, 1          x21=00000001
   3586ns             354 00000946 fff00993 addi             x19, x0, -1         x19=ffffffff
   3596ns             355 00000948 00492483 lw               x9, 4(x18)           x9=00000001 x18:0000285c  PA:00002860
   3616ns             357 0000094c fff48413 addi             x8, x9, -1           x8=00000000  x9:00000001
   3626ns             358 00000950 00044e63 blt              x8, x0, 28           x8:00000000
   3636ns             359 00000954 00249493 slli             x9, x9, 0x2          x9=00000004  x9:00000001
   3646ns             360 00000956 012484b3 add              x9, x9, x18          x9=00002860  x9:00000004 x18:0000285c
   3656ns             361 00000958 020b8663 beq              x23, x0, 44         x23:00000000
   3686ns             364 00000984 00492783 lw               x15, 4(x18)         x15=00000001 x18:0000285c  PA:00002860
   3696ns             365 00000988 0044a683 lw               x13, 4(x9)          x13=000005d0  x9:00002860  PA:00002864
   3706ns             366 0000098a fff78793 addi             x15, x15, -1        x15=00000000 x15:00000001
   3716ns             367 0000098c 04878263 beq              x15, x8, 68         x15:00000000  x8:00000000
   3746ns             370 000009d0 00892223 sw               x8, 4(x18)           x8:00000000 x18:0000285c  PA:00002860
   3756ns             371 000009d4 fc1ff06f jal              x0, -64            
   3776ns             373 00000994 fc0688e3 beq              x13, x0, -48        x13:000005d0
   3786ns             374 00000996 18892783 lw               x15, 392(x18)       x15=00000000 x18:0000285c  PA:000029e4
   3796ns             375 0000099a 008a9733 sll              x14, x21, x8        x14=00000001 x21:00000001  x8:00000000
   3806ns             376 0000099e 00492c03 lw               x24, 4(x18)         x24=00000000 x18:0000285c  PA:00002860
   3816ns             377 000009a2 00e7f7b3 and              x15, x15, x14       x15=00000000 x15:00000000 x14:00000001
   3826ns             378 000009a4 00079d63 bne              x15, x0, 26         x15:00000000
   3836ns             379 000009a6 000680e7 jalr             x1, x13, 0           x1=000009a8 x13:000005d0
   3856ns             381 000005d0 ff010113 addi             x2, x2, -16          x2=00004f40  x2:00004f50
   3866ns             382 000005d2 00812423 sw               x8, 8(x2)            x8:00000000  x2:00004f40  PA:00004f48
   3876ns             383 000005d4 000027b7 lui              x15, 0x2000         x15=00002000
   3886ns             384 000005d6 00002437 lui              x8, 0x2000           x8=00002000
   3896ns             385 000005d8 71040413 addi             x8, x8, 1808         x8=00002710  x8:00002000
   3906ns             386 000005dc 71078793 addi             x15, x15, 1808      x15=00002710 x15:00002000
   3916ns             387 000005e0 408787b3 sub              x15, x15, x8        x15=00000000 x15:00002710  x8:00002710
   3926ns             388 000005e2 00912223 sw               x9, 4(x2)            x9:00002860  x2:00004f40  PA:00004f44
   3936ns             389 000005e4 00112623 sw               x1, 12(x2)           x1:000009a8  x2:00004f40  PA:00004f4c
   3946ns             390 000005e6 4027d493 srai             x9, x15, 0x402       x9=00000000 x15:00000000
   3956ns             391 000005ea 00048863 beq              x9, x0, 16           x9:00000000
   3986ns             394 000005fa 00c12083 lw               x1, 12(x2)           x1=000009a8  x2:00004f40  PA:00004f4c
   3996ns             395 000005fc 00812403 lw               x8, 8(x2)            x8=00000000  x2:00004f40  PA:00004f48
   4006ns             396 000005fe 00412483 lw               x9, 4(x2)            x9=00002860  x2:00004f40  PA:00004f44
   4016ns             397 00000600 01010113 addi             x2, x2, 16           x2=00004f50  x2:00004f40
   4026ns             398 00000602 00008067 jalr             x0, x1, 0            x1:000009a8
   4046ns             400 000009a8 00492703 lw               x14, 4(x18)         x14=00000000 x18:0000285c  PA:00002860
   4056ns             401 000009ac 148a2783 lw               x15, 328(x20)       x15=0000285c x20:00002710  PA:00002858
   4066ns             402 000009b0 01871463 bne              x14, x24, 8         x14:00000000 x24:00000000
   4076ns             403 000009b4 faf908e3 beq              x18, x15, -80       x18:0000285c x15:0000285c
   4106ns             406 00000964 fff40413 addi             x8, x8, -1           x8=ffffffff  x8:00000000
   4116ns             407 00000966 ffc48493 addi             x9, x9, -4           x9=0000285c  x9:00002860
   4126ns             408 00000968 ff3418e3 bne              x8, x19, -16         x8:ffffffff x19:ffffffff
   4136ns             409 0000096c 02c12083 lw               x1, 44(x2)           x1=000005c2  x2:00004f50  PA:00004f7c
   4146ns             410 0000096e 02812403 lw               x8, 40(x2)           x8=00000000  x2:00004f50  PA:00004f78
   4156ns             411 00000970 02412483 lw               x9, 36(x2)           x9=00000000  x2:00004f50  PA:00004f74
   4166ns             412 00000972 02012903 lw               x18, 32(x2)         x18=00000000  x2:00004f50  PA:00004f70
   4176ns             413 00000974 01c12983 lw               x19, 28(x2)         x19=00000000  x2:00004f50  PA:00004f6c
   4186ns             414 00000976 01812a03 lw               x20, 24(x2)         x20=00000000  x2:00004f50  PA:00004f68
   4196ns             415 00000978 01412a83 lw               x21, 20(x2)         x21=00000000  x2:00004f50  PA:00004f64
   4206ns             416 0000097a 01012b03 lw               x22, 16(x2)         x22=00000000  x2:00004f50  PA:00004f60
   4216ns             417 0000097c 00c12b83 lw               x23, 12(x2)         x23=00000000  x2:00004f50  PA:00004f5c
   4226ns             418 0000097e 00812c03 lw               x24, 8(x2)          x24=00000000  x2:00004f50  PA:00004f58
   4236ns             419 00000980 03010113 addi             x2, x2, 48           x2=00004f80  x2:00004f50
   4246ns             420 00000982 00008067 jalr             x0, x1, 0            x1:000005c2
   4276ns             423 000005c2 0301a503 lw               x10, 48(x3)         x10=00002710  x3:00002f10  PA:00002f40
   4296ns             425 000005c6 03c52783 lw               x15, 60(x10)        x15=00000000 x10:00002710  PA:0000274c
   4316ns             427 000005c8 00078263 beq              x15, x0, 4          x15:00000000
   4346ns             430 000005cc 00800533 add              x10, x0, x8         x10=00000000  x8:00000000
   4356ns             431 000005ce d9bff0ef jal              x1, -614             x1=000005d0
   4376ns             433 00000368 200007b7 lui              x15, 0x20000000     x15=20000000
