                Time          Cycles PC       Instr    Mnemonic
     96ns               5 00000180 00003197 auipc            x3, 0x3000           x3=00003180
    106ns               6 00000184 df018193 addi             x3, x3, -528         x3=00002f70  x3:00003180
    116ns               7 00000188 00005117 auipc            x2, 0x5000           x2=00005188
    126ns               8 0000018c e6810113 addi             x2, x2, -408         x2=00004ff0  x2:00005188
    136ns               9 00000190 00000517 auipc            x10, 0x0            x10=00000190
    146ns              10 00000194 e7050513 addi             x10, x10, -400      x10=00000000 x10:00000190
    156ns              11 00000198 30551073 csrrw            x0, x10, 0x305      x10:00000000
    166ns              12 0000019c 10000513 addi             x10, x0, 256        x10=00000100
    176ns              13 000001a0 7d151073 csrrw            x0, x10, 0x7d1      x10:00000100
    186ns              14 000001a4 04418513 addi             x10, x3, 68         x10=00002fb4  x3:00002f70
    196ns              15 000001a8 07c18613 addi             x12, x3, 124        x12=00002fec  x3:00002f70
    206ns              16 000001ac 40a60633 sub              x12, x12, x10       x12=00000038 x12:00002fec x10:00002fb4
    216ns              17 000001b0 00000593 addi             x11, x0, 0          x11=00000000
    226ns              18 000001b4 516000ef jal              x1, 1302             x1=000001b8
    246ns              20 000006ca 00f00313 addi             x6, x0, 15           x6=0000000f
    256ns              21 000006cc 00a00733 add              x14, x0, x10        x14=00002fb4 x10:00002fb4
    266ns              22 000006ce 02c37363 bgeu             x6, x12, 38          x6:0000000f x12:00000038
    276ns              23 000006d2 00f77793 andi             x15, x14, 15        x15=00000004 x14:00002fb4
    286ns              24 000006d6 06079f63 bne              x15, x0, 126        x15:00000004
    316ns              27 00000754 00279693 slli             x13, x15, 0x2       x13=00000010 x15:00000004
    326ns              28 00000758 00000297 auipc            x5, 0x0              x5=00000758
    336ns              29 0000075c 005686b3 add              x13, x13, x5        x13=00000768 x13:00000010  x5:00000758
    346ns              30 0000075e 001002b3 add              x5, x0, x1           x5=000001b8  x1:000001b8
    356ns              31 00000760 fa8680e7 jalr             x1, x13, -88         x1=00000764 x13:00000768
    376ns              33 00000710 00b705a3 sb               x11, 11(x14)        x11:00000000 x14:00002fb4  PA:00002fbf
    386ns              34 00000714 00b70523 sb               x11, 10(x14)        x11:00000000 x14:00002fb4  PA:00002fbe
    396ns              35 00000718 00b704a3 sb               x11, 9(x14)         x11:00000000 x14:00002fb4  PA:00002fbd
    406ns              36 0000071c 00b70423 sb               x11, 8(x14)         x11:00000000 x14:00002fb4  PA:00002fbc
    416ns              37 00000720 00b703a3 sb               x11, 7(x14)         x11:00000000 x14:00002fb4  PA:00002fbb
    426ns              38 00000724 00b70323 sb               x11, 6(x14)         x11:00000000 x14:00002fb4  PA:00002fba
    436ns              39 00000728 00b702a3 sb               x11, 5(x14)         x11:00000000 x14:00002fb4  PA:00002fb9
    446ns              40 0000072c 00b70223 sb               x11, 4(x14)         x11:00000000 x14:00002fb4  PA:00002fb8
    456ns              41 00000730 00b701a3 sb               x11, 3(x14)         x11:00000000 x14:00002fb4  PA:00002fb7
    466ns              42 00000734 00b70123 sb               x11, 2(x14)         x11:00000000 x14:00002fb4  PA:00002fb6
    476ns              43 00000738 00b700a3 sb               x11, 1(x14)         x11:00000000 x14:00002fb4  PA:00002fb5
    486ns              44 0000073c 00b70023 sb               x11, 0(x14)         x11:00000000 x14:00002fb4  PA:00002fb4
    496ns              45 00000740 00008067 jalr             x0, x1, 0            x1:00000764
    516ns              47 00000764 005000b3 add              x1, x0, x5           x1=000001b8  x5:000001b8
    526ns              48 00000766 ff078793 addi             x15, x15, -16       x15=fffffff4 x15:00000004
    536ns              49 00000768 40f70733 sub              x14, x14, x15       x14=00002fc0 x14:00002fb4 x15:fffffff4
    546ns              50 0000076a 00f60633 add              x12, x12, x15       x12=0000002c x12:00000038 x15:fffffff4
    556ns              51 0000076c f8c374e3 bgeu             x6, x12, -120        x6:0000000f x12:0000002c
    566ns              52 00000770 f69ff06f jal              x0, -152           
    586ns              54 000006d8 06059563 bne              x11, x0, 106        x11:00000000
    596ns              55 000006da ff067693 andi             x13, x12, -16       x13=00000020 x12:0000002c
    606ns              56 000006de 00f67613 andi             x12, x12, 15        x12=0000000c x12:0000002c
    616ns              57 000006e0 00e686b3 add              x13, x13, x14       x13=00002fe0 x13:00000020 x14:00002fc0
    626ns              58 000006e2 00b72023 sw               x11, 0(x14)         x11:00000000 x14:00002fc0  PA:00002fc0
    636ns              59 000006e4 00b72223 sw               x11, 4(x14)         x11:00000000 x14:00002fc0  PA:00002fc4
    646ns              60 000006e6 00b72423 sw               x11, 8(x14)         x11:00000000 x14:00002fc0  PA:00002fc8
    656ns              61 000006e8 00b72623 sw               x11, 12(x14)        x11:00000000 x14:00002fc0  PA:00002fcc
    666ns              62 000006ea 01070713 addi             x14, x14, 16        x14=00002fd0 x14:00002fc0
    676ns              63 000006ec fed76be3 bltu             x14, x13, -10       x14:00002fd0 x13:00002fe0
    706ns              66 000006e2 00b72023 sw               x11, 0(x14)         x11:00000000 x14:00002fd0  PA:00002fd0
    716ns              67 000006e4 00b72223 sw               x11, 4(x14)         x11:00000000 x14:00002fd0  PA:00002fd4
    726ns              68 000006e6 00b72423 sw               x11, 8(x14)         x11:00000000 x14:00002fd0  PA:00002fd8
    736ns              69 000006e8 00b72623 sw               x11, 12(x14)        x11:00000000 x14:00002fd0  PA:00002fdc
    746ns              70 000006ea 01070713 addi             x14, x14, 16        x14=00002fe0 x14:00002fd0
    756ns              71 000006ec fed76be3 bltu             x14, x13, -10       x14:00002fe0 x13:00002fe0
    766ns              72 000006f0 00061263 bne              x12, x0, 4          x12:0000000c
    796ns              75 000006f4 40c306b3 sub              x13, x6, x12        x13=00000003  x6:0000000f x12:0000000c
    806ns              76 000006f8 00269693 slli             x13, x13, 0x2       x13=0000000c x13:00000003
    816ns              77 000006fa 00000297 auipc            x5, 0x0              x5=000006fa
    826ns              78 000006fe 005686b3 add              x13, x13, x5        x13=00000706 x13:0000000c  x5:000006fa
    846ns              80 00000700 00a68067 jalr             x0, x13, 10         x13:00000706
    866ns              82 00000710 00b705a3 sb               x11, 11(x14)        x11:00000000 x14:00002fe0  PA:00002feb
    876ns              83 00000714 00b70523 sb               x11, 10(x14)        x11:00000000 x14:00002fe0  PA:00002fea
    886ns              84 00000718 00b704a3 sb               x11, 9(x14)         x11:00000000 x14:00002fe0  PA:00002fe9
    896ns              85 0000071c 00b70423 sb               x11, 8(x14)         x11:00000000 x14:00002fe0  PA:00002fe8
    906ns              86 00000720 00b703a3 sb               x11, 7(x14)         x11:00000000 x14:00002fe0  PA:00002fe7
    916ns              87 00000724 00b70323 sb               x11, 6(x14)         x11:00000000 x14:00002fe0  PA:00002fe6
    926ns              88 00000728 00b702a3 sb               x11, 5(x14)         x11:00000000 x14:00002fe0  PA:00002fe5
    936ns              89 0000072c 00b70223 sb               x11, 4(x14)         x11:00000000 x14:00002fe0  PA:00002fe4
    946ns              90 00000730 00b701a3 sb               x11, 3(x14)         x11:00000000 x14:00002fe0  PA:00002fe3
    956ns              91 00000734 00b70123 sb               x11, 2(x14)         x11:00000000 x14:00002fe0  PA:00002fe2
    966ns              92 00000738 00b700a3 sb               x11, 1(x14)         x11:00000000 x14:00002fe0  PA:00002fe1
    976ns              93 0000073c 00b70023 sb               x11, 0(x14)         x11:00000000 x14:00002fe0  PA:00002fe0
    986ns              94 00000740 00008067 jalr             x0, x1, 0            x1:000001b8
   1006ns              96 000001b8 00000517 auipc            x10, 0x0            x10=000001b8
   1016ns              97 000001bc 47450513 addi             x10, x10, 1140      x10=0000062c x10:000001b8
   1026ns              98 000001c0 448000ef jal              x1, 1096             x1=000001c4
   1046ns             100 00000608 00a005b3 add              x11, x0, x10        x11=0000062c x10:0000062c
   1056ns             101 0000060a 00000693 addi             x13, x0, 0          x13=00000000
   1066ns             102 0000060c 00000613 addi             x12, x0, 0          x12=00000000
   1076ns             103 0000060e 00000513 addi             x10, x0, 0          x10=00000000
   1086ns             104 00000610 2fe0006f jal              x0, 766            
   1116ns             107 0000090e 0301a703 lw               x14, 48(x3)         x14=00002770  x3:00002f70  PA:00002fa0
   1136ns             109 00000912 14872783 lw               x15, 328(x14)       x15=00000000 x14:00002770  PA:000028b8
   1156ns             111 00000916 04078063 beq              x15, x0, 64         x15:00000000
   1196ns             115 00000956 14c70793 addi             x15, x14, 332       x15=000028bc x14:00002770
   1206ns             116 0000095a 14f72423 sw               x15, 328(x14)       x15:000028bc x14:00002770  PA:000028b8
   1216ns             117 0000095e fbbff06f jal              x0, -70            
   1236ns             119 00000918 0047a703 lw               x14, 4(x15)         x14=00000000 x15:000028bc  PA:000028c0
   1246ns             120 0000091a 01f00813 addi             x16, x0, 31         x16=0000001f
   1256ns             121 0000091c 04e84d63 blt              x16, x14, 90        x16:0000001f x14:00000000
   1266ns             122 00000920 00271813 slli             x16, x14, 0x2       x16=00000000 x14:00000000
   1276ns             123 00000924 02050363 beq              x10, x0, 38         x10:00000000
   1306ns             126 0000094a 00170713 addi             x14, x14, 1         x14=00000001 x14:00000000
   1316ns             127 0000094c 00e7a223 sw               x14, 4(x15)         x14:00000001 x15:000028bc  PA:000028c0
   1326ns             128 0000094e 010787b3 add              x15, x15, x16       x15=000028bc x15:000028bc x16:00000000
   1336ns             129 00000950 00b7a423 sw               x11, 8(x15)         x11:0000062c x15:000028bc  PA:000028c4
   1346ns             130 00000952 00000513 addi             x10, x0, 0          x10=00000000
   1356ns             131 00000954 00008067 jalr             x0, x1, 0            x1:000001c4
   1376ns             133 000001c4 49c000ef jal              x1, 1180             x1=000001c8
   1396ns             135 00000660 ff010113 addi             x2, x2, -16          x2=00004fe0  x2:00004ff0
   1406ns             136 00000662 00812423 sw               x8, 8(x2)            x8:00000000  x2:00004fe0  PA:00004fe8
   1416ns             137 00000664 01212023 sw               x18, 0(x2)          x18:00000000  x2:00004fe0  PA:00004fe0
   1426ns             138 00000666 00002437 lui              x8, 0x2000           x8=00002000
   1436ns             139 00000668 00002937 lui              x18, 0x2000         x18=00002000
   1446ns             140 0000066a 76640793 addi             x15, x8, 1894       x15=00002766  x8:00002000
   1456ns             141 0000066e 76690913 addi             x18, x18, 1894      x18=00002766 x18:00002000
   1466ns             142 00000672 40f90933 sub              x18, x18, x15       x18=00000000 x18:00002766 x15:00002766
   1476ns             143 00000676 00112623 sw               x1, 12(x2)           x1:000001c8  x2:00004fe0  PA:00004fec
   1486ns             144 00000678 00912223 sw               x9, 4(x2)            x9:00000000  x2:00004fe0  PA:00004fe4
   1496ns             145 0000067a 40295913 srai             x18, x18, 0x402     x18=00000000 x18:00000000
   1506ns             146 0000067e 00090b63 beq              x18, x0, 22         x18:00000000
   1536ns             149 00000694 00002437 lui              x8, 0x2000           x8=00002000
   1546ns             150 00000696 00002937 lui              x18, 0x2000         x18=00002000
   1556ns             151 00000698 76840793 addi             x15, x8, 1896       x15=00002768  x8:00002000
   1566ns             152 0000069c 76c90913 addi             x18, x18, 1900      x18=0000276c x18:00002000
   1576ns             153 000006a0 40f90933 sub              x18, x18, x15       x18=00000004 x18:0000276c x15:00002768
   1586ns             154 000006a4 40295913 srai             x18, x18, 0x402     x18=00000001 x18:00000004
   1596ns             155 000006a8 00090b63 beq              x18, x0, 22         x18:00000001
   1606ns             156 000006ac 76840413 addi             x8, x8, 1896         x8=00002768  x8:00002000
   1616ns             157 000006b0 00000493 addi             x9, x0, 0            x9=00000000
   1626ns             158 000006b2 00042783 lw               x15, 0(x8)          x15=00000328  x8:00002768  PA:00002768
   1636ns             159 000006b4 00148493 addi             x9, x9, 1            x9=00000001  x9:00000000
   1646ns             160 000006b6 00440413 addi             x8, x8, 4            x8=0000276c  x8:00002768
   1656ns             161 000006b8 000780e7 jalr             x1, x15, 0           x1=000006ba x15:00000328
   1676ns             163 00000328 00000793 addi             x15, x0, 0          x15=00000000
   1686ns             164 0000032c 00078463 beq              x15, x0, 8          x15:00000000
   1716ns             167 00000334 00008067 jalr             x0, x1, 0            x1:000006ba
   1746ns             170 000006ba fe991ce3 bne              x18, x9, -8         x18:00000001  x9:00000001
   1756ns             171 000006be 00c12083 lw               x1, 12(x2)           x1=000001c8  x2:00004fe0  PA:00004fec
   1766ns             172 000006c0 00812403 lw               x8, 8(x2)            x8=00000000  x2:00004fe0  PA:00004fe8
   1776ns             173 000006c2 00412483 lw               x9, 4(x2)            x9=00000000  x2:00004fe0  PA:00004fe4
   1786ns             174 000006c4 00012903 lw               x18, 0(x2)          x18=00000000  x2:00004fe0  PA:00004fe0
   1796ns             175 000006c6 01010113 addi             x2, x2, 16           x2=00004ff0  x2:00004fe0
   1806ns             176 000006c8 00008067 jalr             x0, x1, 0            x1:000001c8
   1826ns             178 000001c8 00012503 lw               x10, 0(x2)          x10=xxxxxxxx  x2:00004ff0  PA:00004ff0
   1836ns             179 000001cc 00410593 addi             x11, x2, 4          x11=00004ff4  x2:00004ff0
   1846ns             180 000001d0 00000613 addi             x12, x0, 0          x12=00000000
   1856ns             181 000001d4 00c000ef jal              x1, 12               x1=000001d8
   1876ns             183 000001e0 00030737 lui              x14, 0x30000        x14=00030000
   1886ns             184 000001e4 03200793 addi             x15, x0, 50         x15=00000032
   1896ns             185 000001e8 00f72023 sw               x15, 0(x14)         x15:00000032 x14:00030000  PA:00030000
   1906ns             186 000001ec 08800793 addi             x15, x0, 136        x15=00000088
   1916ns             187 000001f0 00f72223 sw               x15, 4(x14)         x15:00000088 x14:00030000  PA:00030004
   1926ns             188 000001f4 03100793 addi             x15, x0, 49         x15=00000031
   1936ns             189 000001f8 00f72423 sw               x15, 8(x14)         x15:00000031 x14:00030000  PA:00030008
   1946ns             190 000001fc 00f72c23 sw               x15, 24(x14)        x15:00000031 x14:00030000  PA:00030018
   1956ns             191 00000200 03700793 addi             x15, x0, 55         x15=00000037
   1966ns             192 00000204 00f72e23 sw               x15, 28(x14)        x15:00000037 x14:00030000  PA:0003001c
   1976ns             193 00000208 0f600793 addi             x15, x0, 246        x15=000000f6
   1986ns             194 0000020c 02f72023 sw               x15, 32(x14)        x15:000000f6 x14:00030000  PA:00030020
   1996ns             195 00000210 03000793 addi             x15, x0, 48         x15=00000030
   2006ns             196 00000214 02f72223 sw               x15, 36(x14)        x15:00000030 x14:00030000  PA:00030024
   2016ns             197 00000218 09800793 addi             x15, x0, 152        x15=00000098
   2026ns             198 0000021c 02f72423 sw               x15, 40(x14)        x15:00000098 x14:00030000  PA:00030028
   2036ns             199 00000220 0e000693 addi             x13, x0, 224        x13=000000e0
   2046ns             200 00000224 00700793 addi             x15, x0, 7          x15=00000007
   2056ns             201 00000228 00d72623 sw               x13, 12(x14)        x13:000000e0 x14:00030000  PA:0003000c
   2066ns             202 0000022c 02f72623 sw               x15, 44(x14)        x15:00000007 x14:00030000  PA:0003002c
   2076ns             203 00000230 04300693 addi             x13, x0, 67         x13=00000043
   2086ns             204 00000234 08d00793 addi             x15, x0, 141        x15=0000008d
   2096ns             205 00000238 00d72823 sw               x13, 16(x14)        x13:00000043 x14:00030000  PA:00030010
   2106ns             206 0000023c 02f72a23 sw               x15, 52(x14)        x15:0000008d x14:00030000  PA:00030034
   2116ns             207 00000240 05400693 addi             x13, x0, 84         x13=00000054
   2126ns             208 00000244 0a200793 addi             x15, x0, 162        x15=000000a2
   2136ns             209 00000248 00d72a23 sw               x13, 20(x14)        x13:00000054 x14:00030000  PA:00030014
   2146ns             210 0000024c 02f72c23 sw               x15, 56(x14)        x15:000000a2 x14:00030000  PA:00030038
   2156ns             211 00000250 0a800693 addi             x13, x0, 168        x13=000000a8
   2166ns             212 00000254 03400793 addi             x15, x0, 52         x15=00000034
   2176ns             213 00000258 02f72e23 sw               x15, 60(x14)        x15:00000034 x14:00030000  PA:0003003c
   2186ns             214 0000025c 02d72823 sw               x13, 48(x14)        x13:000000a8 x14:00030000  PA:00030030
   2196ns             215 00000260 20070793 addi             x15, x14, 512       x15=00030200 x14:00030000
   2206ns             216 00000264 20072023 sw               x0, 512(x14)        x14:00030000  PA:00030200
   2216ns             217 00000268 0a500713 addi             x14, x0, 165        x14=000000a5
   2226ns             218 0000026c 00e7a223 sw               x14, 4(x15)         x14:000000a5 x15:00030200  PA:00030204
   2236ns             219 00000270 0a000713 addi             x14, x0, 160        x14=000000a0
   2246ns             220 00000274 00e7a623 sw               x14, 12(x15)        x14:000000a0 x15:00030200  PA:0003020c
   2256ns             221 00000278 0e900713 addi             x14, x0, 233        x14=000000e9
   2266ns             222 0000027c 00e7a823 sw               x14, 16(x15)        x14:000000e9 x15:00030200  PA:00030210
   2276ns             223 00000280 00900713 addi             x14, x0, 9          x14=00000009
   2286ns             224 00000284 00e7aa23 sw               x14, 20(x15)        x14:00000009 x15:00030200  PA:00030214
   2296ns             225 00000288 0bb00713 addi             x14, x0, 187        x14=000000bb
   2306ns             226 0000028c 00e7ac23 sw               x14, 24(x15)        x14:000000bb x15:00030200  PA:00030218
   2316ns             227 00000290 02a00713 addi             x14, x0, 42         x14=0000002a
   2326ns             228 00000294 00e7ae23 sw               x14, 28(x15)        x14:0000002a x15:00030200  PA:0003021c
   2336ns             229 00000298 0c900713 addi             x14, x0, 201        x14=000000c9
   2346ns             230 0000029c 02e7a023 sw               x14, 32(x15)        x14:000000c9 x15:00030200  PA:00030220
   2356ns             231 000002a0 0d400713 addi             x14, x0, 212        x14=000000d4
   2366ns             232 000002a4 02e7a223 sw               x14, 36(x15)        x14:000000d4 x15:00030200  PA:00030224
   2376ns             233 000002a8 0b700713 addi             x14, x0, 183        x14=000000b7
   2386ns             234 000002ac 02e7a423 sw               x14, 40(x15)        x14:000000b7 x15:00030200  PA:00030228
   2396ns             235 000002b0 0ab00713 addi             x14, x0, 171        x14=000000ab
   2406ns             236 000002b4 02e7a623 sw               x14, 44(x15)        x14:000000ab x15:00030200  PA:0003022c
   2416ns             237 000002b8 0f200713 addi             x14, x0, 242        x14=000000f2
   2426ns             238 000002bc 02e7a823 sw               x14, 48(x15)        x14:000000f2 x15:00030200  PA:00030230
   2436ns             239 000002c0 0e800713 addi             x14, x0, 232        x14=000000e8
   2446ns             240 000002c4 02e7aa23 sw               x14, 52(x15)        x14:000000e8 x15:00030200  PA:00030234
   2456ns             241 000002c8 06000713 addi             x14, x0, 96         x14=00000060
   2466ns             242 000002cc 02e7ac23 sw               x14, 56(x15)        x14:00000060 x15:00030200  PA:00030238
   2476ns             243 000002d0 00800713 addi             x14, x0, 8          x14=00000008
   2486ns             244 000002d4 00d7a423 sw               x13, 8(x15)         x13:000000a8 x15:00030200  PA:00030208
   2496ns             245 000002d8 02e7ae23 sw               x14, 60(x15)        x14:00000008 x15:00030200  PA:0003023c
   2506ns             246 000002dc 00000613 addi             x12, x0, 0          x12=00000000
   2516ns             247 000002e0 000308b7 lui              x17, 0x30000        x17=00030000
   2526ns             248 000002e4 00400313 addi             x6, x0, 4            x6=00000004
   2536ns             249 000002e8 00000693 addi             x13, x0, 0          x13=00000000
   2546ns             250 000002ec 00261813 slli             x16, x12, 0x2       x16=00000000 x12:00000000
   2556ns             251 000002f0 00d80733 add              x14, x16, x13       x14=00000000 x16:00000000 x13:00000000
   2566ns             252 000002f4 00271713 slli             x14, x14, 0x2       x14=00000000 x14:00000000
   2576ns             253 000002f8 00e88533 add              x10, x17, x14       x10=00030000 x17:00030000 x14:00000000
   2586ns             254 000002fc 00e78733 add              x14, x15, x14       x14=00030200 x15:00030200 x14:00000000
   2596ns             255 00000300 00052583 lw               x11, 0(x10)         x11=00000032 x10:00030000  PA:00030000
   2606ns             256 00000304 00072703 lw               x14, 0(x14)         x14=00000000 x14:00030200  PA:00030200
   2616ns             257 00000308 00168693 addi             x13, x13, 1         x13=00000001 x13:00000000
   2626ns             258 0000030c 00e5c733 xor              x14, x11, x14       x14=00000032 x11:00000032 x14:00000000
   2636ns             259 00000310 00e52023 sw               x14, 0(x10)         x14:00000032 x10:00030000  PA:00030000
   2646ns             260 00000314 fc669ee3 bne              x13, x6, -36        x13:00000001  x6:00000004
   2676ns             263 000002f0 00d80733 add              x14, x16, x13       x14=00000001 x16:00000000 x13:00000001
   2686ns             264 000002f4 00271713 slli             x14, x14, 0x2       x14=00000004 x14:00000001
   2696ns             265 000002f8 00e88533 add              x10, x17, x14       x10=00030004 x17:00030000 x14:00000004
   2706ns             266 000002fc 00e78733 add              x14, x15, x14       x14=00030204 x15:00030200 x14:00000004
   2716ns             267 00000300 00052583 lw               x11, 0(x10)         x11=00000088 x10:00030004  PA:00030004
   2726ns             268 00000304 00072703 lw               x14, 0(x14)         x14=000000a5 x14:00030204  PA:00030204
   2736ns             269 00000308 00168693 addi             x13, x13, 1         x13=00000002 x13:00000001
   2746ns             270 0000030c 00e5c733 xor              x14, x11, x14       x14=0000002d x11:00000088 x14:000000a5
   2756ns             271 00000310 00e52023 sw               x14, 0(x10)         x14:0000002d x10:00030004  PA:00030004
   2766ns             272 00000314 fc669ee3 bne              x13, x6, -36        x13:00000002  x6:00000004
   2796ns             275 000002f0 00d80733 add              x14, x16, x13       x14=00000002 x16:00000000 x13:00000002
   2806ns             276 000002f4 00271713 slli             x14, x14, 0x2       x14=00000008 x14:00000002
   2816ns             277 000002f8 00e88533 add              x10, x17, x14       x10=00030008 x17:00030000 x14:00000008
   2826ns             278 000002fc 00e78733 add              x14, x15, x14       x14=00030208 x15:00030200 x14:00000008
   2836ns             279 00000300 00052583 lw               x11, 0(x10)         x11=00000031 x10:00030008  PA:00030008
   2846ns             280 00000304 00072703 lw               x14, 0(x14)         x14=000000a8 x14:00030208  PA:00030208
   2856ns             281 00000308 00168693 addi             x13, x13, 1         x13=00000003 x13:00000002
   2866ns             282 0000030c 00e5c733 xor              x14, x11, x14       x14=00000099 x11:00000031 x14:000000a8
   2876ns             283 00000310 00e52023 sw               x14, 0(x10)         x14:00000099 x10:00030008  PA:00030008
   2886ns             284 00000314 fc669ee3 bne              x13, x6, -36        x13:00000003  x6:00000004
   2916ns             287 000002f0 00d80733 add              x14, x16, x13       x14=00000003 x16:00000000 x13:00000003
   2926ns             288 000002f4 00271713 slli             x14, x14, 0x2       x14=0000000c x14:00000003
   2936ns             289 000002f8 00e88533 add              x10, x17, x14       x10=0003000c x17:00030000 x14:0000000c
   2946ns             290 000002fc 00e78733 add              x14, x15, x14       x14=0003020c x15:00030200 x14:0000000c
   2956ns             291 00000300 00052583 lw               x11, 0(x10)         x11=000000e0 x10:0003000c  PA:0003000c
   2966ns             292 00000304 00072703 lw               x14, 0(x14)         x14=000000a0 x14:0003020c  PA:0003020c
   2976ns             293 00000308 00168693 addi             x13, x13, 1         x13=00000004 x13:00000003
   2986ns             294 0000030c 00e5c733 xor              x14, x11, x14       x14=00000040 x11:000000e0 x14:000000a0
   2996ns             295 00000310 00e52023 sw               x14, 0(x10)         x14:00000040 x10:0003000c  PA:0003000c
   3006ns             296 00000314 fc669ee3 bne              x13, x6, -36        x13:00000004  x6:00000004
   3016ns             297 00000318 00160613 addi             x12, x12, 1         x12=00000001 x12:00000000
   3026ns             298 0000031c fcd616e3 bne              x12, x13, -52       x12:00000001 x13:00000004
   3056ns             301 000002e8 00000693 addi             x13, x0, 0          x13=00000000
   3066ns             302 000002ec 00261813 slli             x16, x12, 0x2       x16=00000004 x12:00000001
   3076ns             303 000002f0 00d80733 add              x14, x16, x13       x14=00000004 x16:00000004 x13:00000000
   3086ns             304 000002f4 00271713 slli             x14, x14, 0x2       x14=00000010 x14:00000004
   3096ns             305 000002f8 00e88533 add              x10, x17, x14       x10=00030010 x17:00030000 x14:00000010
   3106ns             306 000002fc 00e78733 add              x14, x15, x14       x14=00030210 x15:00030200 x14:00000010
   3116ns             307 00000300 00052583 lw               x11, 0(x10)         x11=00000043 x10:00030010  PA:00030010
   3126ns             308 00000304 00072703 lw               x14, 0(x14)         x14=000000e9 x14:00030210  PA:00030210
   3136ns             309 00000308 00168693 addi             x13, x13, 1         x13=00000001 x13:00000000
   3146ns             310 0000030c 00e5c733 xor              x14, x11, x14       x14=000000aa x11:00000043 x14:000000e9
   3156ns             311 00000310 00e52023 sw               x14, 0(x10)         x14:000000aa x10:00030010  PA:00030010
   3166ns             312 00000314 fc669ee3 bne              x13, x6, -36        x13:00000001  x6:00000004
   3196ns             315 000002f0 00d80733 add              x14, x16, x13       x14=00000005 x16:00000004 x13:00000001
   3206ns             316 000002f4 00271713 slli             x14, x14, 0x2       x14=00000014 x14:00000005
   3216ns             317 000002f8 00e88533 add              x10, x17, x14       x10=00030014 x17:00030000 x14:00000014
   3226ns             318 000002fc 00e78733 add              x14, x15, x14       x14=00030214 x15:00030200 x14:00000014
   3236ns             319 00000300 00052583 lw               x11, 0(x10)         x11=00000054 x10:00030014  PA:00030014
   3246ns             320 00000304 00072703 lw               x14, 0(x14)         x14=00000009 x14:00030214  PA:00030214
   3256ns             321 00000308 00168693 addi             x13, x13, 1         x13=00000002 x13:00000001
   3266ns             322 0000030c 00e5c733 xor              x14, x11, x14       x14=0000005d x11:00000054 x14:00000009
   3276ns             323 00000310 00e52023 sw               x14, 0(x10)         x14:0000005d x10:00030014  PA:00030014
   3286ns             324 00000314 fc669ee3 bne              x13, x6, -36        x13:00000002  x6:00000004
   3316ns             327 000002f0 00d80733 add              x14, x16, x13       x14=00000006 x16:00000004 x13:00000002
   3326ns             328 000002f4 00271713 slli             x14, x14, 0x2       x14=00000018 x14:00000006
   3336ns             329 000002f8 00e88533 add              x10, x17, x14       x10=00030018 x17:00030000 x14:00000018
   3346ns             330 000002fc 00e78733 add              x14, x15, x14       x14=00030218 x15:00030200 x14:00000018
   3356ns             331 00000300 00052583 lw               x11, 0(x10)         x11=00000031 x10:00030018  PA:00030018
   3366ns             332 00000304 00072703 lw               x14, 0(x14)         x14=000000bb x14:00030218  PA:00030218
   3376ns             333 00000308 00168693 addi             x13, x13, 1         x13=00000003 x13:00000002
   3386ns             334 0000030c 00e5c733 xor              x14, x11, x14       x14=0000008a x11:00000031 x14:000000bb
   3396ns             335 00000310 00e52023 sw               x14, 0(x10)         x14:0000008a x10:00030018  PA:00030018
   3406ns             336 00000314 fc669ee3 bne              x13, x6, -36        x13:00000003  x6:00000004
   3436ns             339 000002f0 00d80733 add              x14, x16, x13       x14=00000007 x16:00000004 x13:00000003
   3446ns             340 000002f4 00271713 slli             x14, x14, 0x2       x14=0000001c x14:00000007
   3456ns             341 000002f8 00e88533 add              x10, x17, x14       x10=0003001c x17:00030000 x14:0000001c
   3466ns             342 000002fc 00e78733 add              x14, x15, x14       x14=0003021c x15:00030200 x14:0000001c
   3476ns             343 00000300 00052583 lw               x11, 0(x10)         x11=00000037 x10:0003001c  PA:0003001c
   3486ns             344 00000304 00072703 lw               x14, 0(x14)         x14=0000002a x14:0003021c  PA:0003021c
   3496ns             345 00000308 00168693 addi             x13, x13, 1         x13=00000004 x13:00000003
   3506ns             346 0000030c 00e5c733 xor              x14, x11, x14       x14=0000001d x11:00000037 x14:0000002a
   3516ns             347 00000310 00e52023 sw               x14, 0(x10)         x14:0000001d x10:0003001c  PA:0003001c
   3526ns             348 00000314 fc669ee3 bne              x13, x6, -36        x13:00000004  x6:00000004
   3536ns             349 00000318 00160613 addi             x12, x12, 1         x12=00000002 x12:00000001
   3546ns             350 0000031c fcd616e3 bne              x12, x13, -52       x12:00000002 x13:00000004
   3576ns             353 000002e8 00000693 addi             x13, x0, 0          x13=00000000
   3586ns             354 000002ec 00261813 slli             x16, x12, 0x2       x16=00000008 x12:00000002
   3596ns             355 000002f0 00d80733 add              x14, x16, x13       x14=00000008 x16:00000008 x13:00000000
   3606ns             356 000002f4 00271713 slli             x14, x14, 0x2       x14=00000020 x14:00000008
   3616ns             357 000002f8 00e88533 add              x10, x17, x14       x10=00030020 x17:00030000 x14:00000020
   3626ns             358 000002fc 00e78733 add              x14, x15, x14       x14=00030220 x15:00030200 x14:00000020
   3636ns             359 00000300 00052583 lw               x11, 0(x10)         x11=000000f6 x10:00030020  PA:00030020
   3646ns             360 00000304 00072703 lw               x14, 0(x14)         x14=000000c9 x14:00030220  PA:00030220
   3656ns             361 00000308 00168693 addi             x13, x13, 1         x13=00000001 x13:00000000
   3666ns             362 0000030c 00e5c733 xor              x14, x11, x14       x14=0000003f x11:000000f6 x14:000000c9
   3676ns             363 00000310 00e52023 sw               x14, 0(x10)         x14:0000003f x10:00030020  PA:00030020
   3686ns             364 00000314 fc669ee3 bne              x13, x6, -36        x13:00000001  x6:00000004
   3716ns             367 000002f0 00d80733 add              x14, x16, x13       x14=00000009 x16:00000008 x13:00000001
   3726ns             368 000002f4 00271713 slli             x14, x14, 0x2       x14=00000024 x14:00000009
   3736ns             369 000002f8 00e88533 add              x10, x17, x14       x10=00030024 x17:00030000 x14:00000024
   3746ns             370 000002fc 00e78733 add              x14, x15, x14       x14=00030224 x15:00030200 x14:00000024
   3756ns             371 00000300 00052583 lw               x11, 0(x10)         x11=00000030 x10:00030024  PA:00030024
   3766ns             372 00000304 00072703 lw               x14, 0(x14)         x14=000000d4 x14:00030224  PA:00030224
   3776ns             373 00000308 00168693 addi             x13, x13, 1         x13=00000002 x13:00000001
   3786ns             374 0000030c 00e5c733 xor              x14, x11, x14       x14=000000e4 x11:00000030 x14:000000d4
   3796ns             375 00000310 00e52023 sw               x14, 0(x10)         x14:000000e4 x10:00030024  PA:00030024
   3806ns             376 00000314 fc669ee3 bne              x13, x6, -36        x13:00000002  x6:00000004
   3836ns             379 000002f0 00d80733 add              x14, x16, x13       x14=0000000a x16:00000008 x13:00000002
   3846ns             380 000002f4 00271713 slli             x14, x14, 0x2       x14=00000028 x14:0000000a
   3856ns             381 000002f8 00e88533 add              x10, x17, x14       x10=00030028 x17:00030000 x14:00000028
   3866ns             382 000002fc 00e78733 add              x14, x15, x14       x14=00030228 x15:00030200 x14:00000028
   3876ns             383 00000300 00052583 lw               x11, 0(x10)         x11=00000098 x10:00030028  PA:00030028
   3886ns             384 00000304 00072703 lw               x14, 0(x14)         x14=000000b7 x14:00030228  PA:00030228
   3896ns             385 00000308 00168693 addi             x13, x13, 1         x13=00000003 x13:00000002
   3906ns             386 0000030c 00e5c733 xor              x14, x11, x14       x14=0000002f x11:00000098 x14:000000b7
   3916ns             387 00000310 00e52023 sw               x14, 0(x10)         x14:0000002f x10:00030028  PA:00030028
   3926ns             388 00000314 fc669ee3 bne              x13, x6, -36        x13:00000003  x6:00000004
   3956ns             391 000002f0 00d80733 add              x14, x16, x13       x14=0000000b x16:00000008 x13:00000003
   3966ns             392 000002f4 00271713 slli             x14, x14, 0x2       x14=0000002c x14:0000000b
   3976ns             393 000002f8 00e88533 add              x10, x17, x14       x10=0003002c x17:00030000 x14:0000002c
   3986ns             394 000002fc 00e78733 add              x14, x15, x14       x14=0003022c x15:00030200 x14:0000002c
   3996ns             395 00000300 00052583 lw               x11, 0(x10)         x11=00000007 x10:0003002c  PA:0003002c
   4006ns             396 00000304 00072703 lw               x14, 0(x14)         x14=000000ab x14:0003022c  PA:0003022c
   4016ns             397 00000308 00168693 addi             x13, x13, 1         x13=00000004 x13:00000003
   4026ns             398 0000030c 00e5c733 xor              x14, x11, x14       x14=000000ac x11:00000007 x14:000000ab
   4036ns             399 00000310 00e52023 sw               x14, 0(x10)         x14:000000ac x10:0003002c  PA:0003002c
   4046ns             400 00000314 fc669ee3 bne              x13, x6, -36        x13:00000004  x6:00000004
   4056ns             401 00000318 00160613 addi             x12, x12, 1         x12=00000003 x12:00000002
   4066ns             402 0000031c fcd616e3 bne              x12, x13, -52       x12:00000003 x13:00000004
   4096ns             405 000002e8 00000693 addi             x13, x0, 0          x13=00000000
   4106ns             406 000002ec 00261813 slli             x16, x12, 0x2       x16=0000000c x12:00000003
   4116ns             407 000002f0 00d80733 add              x14, x16, x13       x14=0000000c x16:0000000c x13:00000000
   4126ns             408 000002f4 00271713 slli             x14, x14, 0x2       x14=00000030 x14:0000000c
   4136ns             409 000002f8 00e88533 add              x10, x17, x14       x10=00030030 x17:00030000 x14:00000030
   4146ns             410 000002fc 00e78733 add              x14, x15, x14       x14=00030230 x15:00030200 x14:00000030
   4156ns             411 00000300 00052583 lw               x11, 0(x10)         x11=000000a8 x10:00030030  PA:00030030
   4166ns             412 00000304 00072703 lw               x14, 0(x14)         x14=000000f2 x14:00030230  PA:00030230
   4176ns             413 00000308 00168693 addi             x13, x13, 1         x13=00000001 x13:00000000
   4186ns             414 0000030c 00e5c733 xor              x14, x11, x14       x14=0000005a x11:000000a8 x14:000000f2
   4196ns             415 00000310 00e52023 sw               x14, 0(x10)         x14:0000005a x10:00030030  PA:00030030
   4206ns             416 00000314 fc669ee3 bne              x13, x6, -36        x13:00000001  x6:00000004
   4236ns             419 000002f0 00d80733 add              x14, x16, x13       x14=0000000d x16:0000000c x13:00000001
   4246ns             420 000002f4 00271713 slli             x14, x14, 0x2       x14=00000034 x14:0000000d
   4256ns             421 000002f8 00e88533 add              x10, x17, x14       x10=00030034 x17:00030000 x14:00000034
   4266ns             422 000002fc 00e78733 add              x14, x15, x14       x14=00030234 x15:00030200 x14:00000034
   4276ns             423 00000300 00052583 lw               x11, 0(x10)         x11=0000008d x10:00030034  PA:00030034
   4286ns             424 00000304 00072703 lw               x14, 0(x14)         x14=000000e8 x14:00030234  PA:00030234
   4296ns             425 00000308 00168693 addi             x13, x13, 1         x13=00000002 x13:00000001
   4306ns             426 0000030c 00e5c733 xor              x14, x11, x14       x14=00000065 x11:0000008d x14:000000e8
   4316ns             427 00000310 00e52023 sw               x14, 0(x10)         x14:00000065 x10:00030034  PA:00030034
   4326ns             428 00000314 fc669ee3 bne              x13, x6, -36        x13:00000002  x6:00000004
   4356ns             431 000002f0 00d80733 add              x14, x16, x13       x14=0000000e x16:0000000c x13:00000002
   4366ns             432 000002f4 00271713 slli             x14, x14, 0x2       x14=00000038 x14:0000000e
   4376ns             433 000002f8 00e88533 add              x10, x17, x14       x10=00030038 x17:00030000 x14:00000038
   4386ns             434 000002fc 00e78733 add              x14, x15, x14       x14=00030238 x15:00030200 x14:00000038
   4396ns             435 00000300 00052583 lw               x11, 0(x10)         x11=000000a2 x10:00030038  PA:00030038
   4406ns             436 00000304 00072703 lw               x14, 0(x14)         x14=00000060 x14:00030238  PA:00030238
   4416ns             437 00000308 00168693 addi             x13, x13, 1         x13=00000003 x13:00000002
   4426ns             438 0000030c 00e5c733 xor              x14, x11, x14       x14=000000c2 x11:000000a2 x14:00000060
   4436ns             439 00000310 00e52023 sw               x14, 0(x10)         x14:000000c2 x10:00030038  PA:00030038
   4446ns             440 00000314 fc669ee3 bne              x13, x6, -36        x13:00000003  x6:00000004
   4476ns             443 000002f0 00d80733 add              x14, x16, x13       x14=0000000f x16:0000000c x13:00000003
   4486ns             444 000002f4 00271713 slli             x14, x14, 0x2       x14=0000003c x14:0000000f
   4496ns             445 000002f8 00e88533 add              x10, x17, x14       x10=0003003c x17:00030000 x14:0000003c
   4506ns             446 000002fc 00e78733 add              x14, x15, x14       x14=0003023c x15:00030200 x14:0000003c
   4516ns             447 00000300 00052583 lw               x11, 0(x10)         x11=00000034 x10:0003003c  PA:0003003c
   4526ns             448 00000304 00072703 lw               x14, 0(x14)         x14=00000008 x14:0003023c  PA:0003023c
   4536ns             449 00000308 00168693 addi             x13, x13, 1         x13=00000004 x13:00000003
   4546ns             450 0000030c 00e5c733 xor              x14, x11, x14       x14=0000003c x11:00000034 x14:00000008
   4556ns             451 00000310 00e52023 sw               x14, 0(x10)         x14:0000003c x10:0003003c  PA:0003003c
   4566ns             452 00000314 fc669ee3 bne              x13, x6, -36        x13:00000004  x6:00000004
   4576ns             453 00000318 00160613 addi             x12, x12, 1         x12=00000004 x12:00000003
   4586ns             454 0000031c fcd616e3 bne              x12, x13, -52       x12:00000004 x13:00000004
   4596ns             455 00000320 00000513 addi             x10, x0, 0          x10=00000000
   4606ns             456 00000324 00008067 jalr             x0, x1, 0            x1:000001d8
   4626ns             458 000001d8 43a0006f jal              x0, 1082           
   4646ns             460 00000612 ff010113 addi             x2, x2, -16          x2=00004fe0  x2:00004ff0
   4656ns             461 00000614 00000593 addi             x11, x0, 0          x11=00000000
   4666ns             462 00000616 00812423 sw               x8, 8(x2)            x8:00000000  x2:00004fe0  PA:00004fe8
   4676ns             463 00000618 00112623 sw               x1, 12(x2)           x1:000001d8  x2:00004fe0  PA:00004fec
   4686ns             464 0000061a 00a00433 add              x8, x0, x10          x8=00000000 x10:00000000
   4696ns             465 0000061c 35e000ef jal              x1, 862              x1=0000061e
   4716ns             467 0000097a fd010113 addi             x2, x2, -48          x2=00004fb0  x2:00004fe0
   4726ns             468 0000097c 01412c23 sw               x20, 24(x2)         x20:00000000  x2:00004fb0  PA:00004fc8
   4736ns             469 0000097e 0301aa03 lw               x20, 48(x3)         x20=00002770  x3:00002f70  PA:00002fa0
   4746ns             470 00000982 03212023 sw               x18, 32(x2)         x18:00000000  x2:00004fb0  PA:00004fd0
   4756ns             471 00000984 02112623 sw               x1, 44(x2)           x1:0000061e  x2:00004fb0  PA:00004fdc
   4766ns             472 00000986 148a2903 lw               x18, 328(x20)       x18=000028bc x20:00002770  PA:000028b8
   4776ns             473 0000098a 02812423 sw               x8, 40(x2)           x8:00000000  x2:00004fb0  PA:00004fd8
   4786ns             474 0000098c 02912223 sw               x9, 36(x2)           x9:00000000  x2:00004fb0  PA:00004fd4
   4796ns             475 0000098e 01312e23 sw               x19, 28(x2)         x19:00000000  x2:00004fb0  PA:00004fcc
   4806ns             476 00000990 01512a23 sw               x21, 20(x2)         x21:00000000  x2:00004fb0  PA:00004fc4
   4816ns             477 00000992 01612823 sw               x22, 16(x2)         x22:00000000  x2:00004fb0  PA:00004fc0
   4826ns             478 00000994 01712623 sw               x23, 12(x2)         x23:00000000  x2:00004fb0  PA:00004fbc
   4836ns             479 00000996 01812423 sw               x24, 8(x2)          x24:00000000  x2:00004fb0  PA:00004fb8
   4846ns             480 00000998 02090863 beq              x18, x0, 48         x18:000028bc
   4856ns             481 0000099c 00a00b33 add              x22, x0, x10        x22=00000000 x10:00000000
   4866ns             482 0000099e 00b00bb3 add              x23, x0, x11        x23=00000000 x11:00000000
   4876ns             483 000009a0 00100a93 addi             x21, x0, 1          x21=00000001
   4886ns             484 000009a2 fff00993 addi             x19, x0, -1         x19=ffffffff
   4896ns             485 000009a4 00492483 lw               x9, 4(x18)           x9=00000001 x18:000028bc  PA:000028c0
   4916ns             487 000009a8 fff48413 addi             x8, x9, -1           x8=00000000  x9:00000001
   4926ns             488 000009ac 00044e63 blt              x8, x0, 28           x8:00000000
   4936ns             489 000009b0 00249493 slli             x9, x9, 0x2          x9=00000004  x9:00000001
   4946ns             490 000009b2 012484b3 add              x9, x9, x18          x9=000028c0  x9:00000004 x18:000028bc
   4956ns             491 000009b4 020b8663 beq              x23, x0, 44         x23:00000000
   4986ns             494 000009e0 00492783 lw               x15, 4(x18)         x15=00000001 x18:000028bc  PA:000028c0
   4996ns             495 000009e4 0044a683 lw               x13, 4(x9)          x13=0000062c  x9:000028c0  PA:000028c4
   5006ns             496 000009e6 fff78793 addi             x15, x15, -1        x15=00000000 x15:00000001
   5016ns             497 000009e8 04878263 beq              x15, x8, 68         x15:00000000  x8:00000000
   5046ns             500 00000a2c 00892223 sw               x8, 4(x18)           x8:00000000 x18:000028bc  PA:000028c0
   5056ns             501 00000a30 fc1ff06f jal              x0, -64            
   5076ns             503 000009f0 fc0688e3 beq              x13, x0, -48        x13:0000062c
   5086ns             504 000009f2 18892783 lw               x15, 392(x18)       x15=00000000 x18:000028bc  PA:00002a44
   5096ns             505 000009f6 008a9733 sll              x14, x21, x8        x14=00000001 x21:00000001  x8:00000000
   5106ns             506 000009fa 00492c03 lw               x24, 4(x18)         x24=00000000 x18:000028bc  PA:000028c0
   5116ns             507 000009fe 00e7f7b3 and              x15, x15, x14       x15=00000000 x15:00000000 x14:00000001
   5126ns             508 00000a00 00079d63 bne              x15, x0, 26         x15:00000000
   5136ns             509 00000a02 000680e7 jalr             x1, x13, 0           x1=00000a04 x13:0000062c
   5156ns             511 0000062c ff010113 addi             x2, x2, -16          x2=00004fa0  x2:00004fb0
   5166ns             512 0000062e 00812423 sw               x8, 8(x2)            x8:00000000  x2:00004fa0  PA:00004fa8
   5176ns             513 00000630 000027b7 lui              x15, 0x2000         x15=00002000
   5186ns             514 00000632 00002437 lui              x8, 0x2000           x8=00002000
   5196ns             515 00000634 76c40413 addi             x8, x8, 1900         x8=0000276c  x8:00002000
   5206ns             516 00000638 76c78793 addi             x15, x15, 1900      x15=0000276c x15:00002000
   5216ns             517 0000063c 408787b3 sub              x15, x15, x8        x15=00000000 x15:0000276c  x8:0000276c
   5226ns             518 0000063e 00912223 sw               x9, 4(x2)            x9:000028c0  x2:00004fa0  PA:00004fa4
   5236ns             519 00000640 00112623 sw               x1, 12(x2)           x1:00000a04  x2:00004fa0  PA:00004fac
   5246ns             520 00000642 4027d493 srai             x9, x15, 0x402       x9=00000000 x15:00000000
   5256ns             521 00000646 00048863 beq              x9, x0, 16           x9:00000000
   5286ns             524 00000656 00c12083 lw               x1, 12(x2)           x1=00000a04  x2:00004fa0  PA:00004fac
   5296ns             525 00000658 00812403 lw               x8, 8(x2)            x8=00000000  x2:00004fa0  PA:00004fa8
   5306ns             526 0000065a 00412483 lw               x9, 4(x2)            x9=000028c0  x2:00004fa0  PA:00004fa4
   5316ns             527 0000065c 01010113 addi             x2, x2, 16           x2=00004fb0  x2:00004fa0
   5326ns             528 0000065e 00008067 jalr             x0, x1, 0            x1:00000a04
   5346ns             530 00000a04 00492703 lw               x14, 4(x18)         x14=00000000 x18:000028bc  PA:000028c0
   5356ns             531 00000a08 148a2783 lw               x15, 328(x20)       x15=000028bc x20:00002770  PA:000028b8
   5366ns             532 00000a0c 01871463 bne              x14, x24, 8         x14:00000000 x24:00000000
   5376ns             533 00000a10 faf908e3 beq              x18, x15, -80       x18:000028bc x15:000028bc
   5406ns             536 000009c0 fff40413 addi             x8, x8, -1           x8=ffffffff  x8:00000000
   5416ns             537 000009c2 ffc48493 addi             x9, x9, -4           x9=000028bc  x9:000028c0
   5426ns             538 000009c4 ff3418e3 bne              x8, x19, -16         x8:ffffffff x19:ffffffff
   5436ns             539 000009c8 02c12083 lw               x1, 44(x2)           x1=0000061e  x2:00004fb0  PA:00004fdc
   5446ns             540 000009ca 02812403 lw               x8, 40(x2)           x8=00000000  x2:00004fb0  PA:00004fd8
   5456ns             541 000009cc 02412483 lw               x9, 36(x2)           x9=00000000  x2:00004fb0  PA:00004fd4
   5466ns             542 000009ce 02012903 lw               x18, 32(x2)         x18=00000000  x2:00004fb0  PA:00004fd0
   5476ns             543 000009d0 01c12983 lw               x19, 28(x2)         x19=00000000  x2:00004fb0  PA:00004fcc
   5486ns             544 000009d2 01812a03 lw               x20, 24(x2)         x20=00000000  x2:00004fb0  PA:00004fc8
   5496ns             545 000009d4 01412a83 lw               x21, 20(x2)         x21=00000000  x2:00004fb0  PA:00004fc4
   5506ns             546 000009d6 01012b03 lw               x22, 16(x2)         x22=00000000  x2:00004fb0  PA:00004fc0
   5516ns             547 000009d8 00c12b83 lw               x23, 12(x2)         x23=00000000  x2:00004fb0  PA:00004fbc
   5526ns             548 000009da 00812c03 lw               x24, 8(x2)          x24=00000000  x2:00004fb0  PA:00004fb8
   5536ns             549 000009dc 03010113 addi             x2, x2, 48           x2=00004fe0  x2:00004fb0
   5546ns             550 000009de 00008067 jalr             x0, x1, 0            x1:0000061e
   5576ns             553 0000061e 0301a503 lw               x10, 48(x3)         x10=00002770  x3:00002f70  PA:00002fa0
   5596ns             555 00000622 03c52783 lw               x15, 60(x10)        x15=00000000 x10:00002770  PA:000027ac
   5616ns             557 00000624 00078263 beq              x15, x0, 4          x15:00000000
   5646ns             560 00000628 00800533 add              x10, x0, x8         x10=00000000  x8:00000000
   5656ns             561 0000062a d9bff0ef jal              x1, -614             x1=0000062c
   5676ns             563 000003c4 200007b7 lui              x15, 0x20000000     x15=20000000
