                Time          Cycles PC       Instr    Mnemonic
     96ns               5 00000180 00003197 auipc            x3, 0x3000           x3=00003180
    106ns               6 00000184 51018193 addi             x3, x3, 1296         x3=00003690  x3:00003180
    116ns               7 00000188 00005117 auipc            x2, 0x5000           x2=00005188
    126ns               8 0000018c 58810113 addi             x2, x2, 1416         x2=00005710  x2:00005188
    136ns               9 00000190 00000517 auipc            x10, 0x0            x10=00000190
    146ns              10 00000194 e7050513 addi             x10, x10, -400      x10=00000000 x10:00000190
    156ns              11 00000198 30551073 csrrw            x0, x10, 0x305      x10:00000000
    166ns              12 0000019c 10000513 addi             x10, x0, 256        x10=00000100
    176ns              13 000001a0 7d151073 csrrw            x0, x10, 0x7d1      x10:00000100
    186ns              14 000001a4 04418513 addi             x10, x3, 68         x10=000036d4  x3:00003690
    196ns              15 000001a8 07c18613 addi             x12, x3, 124        x12=0000370c  x3:00003690
    206ns              16 000001ac 40a60633 sub              x12, x12, x10       x12=00000038 x12:0000370c x10:000036d4
    216ns              17 000001b0 00000593 addi             x11, x0, 0          x11=00000000
    226ns              18 000001b4 031000ef jal              x1, 2096             x1=000001b8
    246ns              20 000009e4 00f00313 addi             x6, x0, 15           x6=0000000f
    256ns              21 000009e6 00a00733 add              x14, x0, x10        x14=000036d4 x10:000036d4
    266ns              22 000009e8 02c37363 bgeu             x6, x12, 38          x6:0000000f x12:00000038
    276ns              23 000009ec 00f77793 andi             x15, x14, 15        x15=00000004 x14:000036d4
    286ns              24 000009f0 06079f63 bne              x15, x0, 126        x15:00000004
    326ns              28 00000a6e 00279693 slli             x13, x15, 0x2       x13=00000010 x15:00000004
    336ns              29 00000a72 00000297 auipc            x5, 0x0              x5=00000a72
    346ns              30 00000a76 005686b3 add              x13, x13, x5        x13=00000a82 x13:00000010  x5:00000a72
    356ns              31 00000a78 001002b3 add              x5, x0, x1           x5=000001b8  x1:000001b8
    366ns              32 00000a7a fa8680e7 jalr             x1, x13, -88         x1=00000a7e x13:00000a82
    396ns              35 00000a2a 00b705a3 sb               x11, 11(x14)        x11:00000000 x14:000036d4  PA:000036df
    406ns              36 00000a2e 00b70523 sb               x11, 10(x14)        x11:00000000 x14:000036d4  PA:000036de
    416ns              37 00000a32 00b704a3 sb               x11, 9(x14)         x11:00000000 x14:000036d4  PA:000036dd
    426ns              38 00000a36 00b70423 sb               x11, 8(x14)         x11:00000000 x14:000036d4  PA:000036dc
    436ns              39 00000a3a 00b703a3 sb               x11, 7(x14)         x11:00000000 x14:000036d4  PA:000036db
    446ns              40 00000a3e 00b70323 sb               x11, 6(x14)         x11:00000000 x14:000036d4  PA:000036da
    456ns              41 00000a42 00b702a3 sb               x11, 5(x14)         x11:00000000 x14:000036d4  PA:000036d9
    466ns              42 00000a46 00b70223 sb               x11, 4(x14)         x11:00000000 x14:000036d4  PA:000036d8
    476ns              43 00000a4a 00b701a3 sb               x11, 3(x14)         x11:00000000 x14:000036d4  PA:000036d7
    486ns              44 00000a4e 00b70123 sb               x11, 2(x14)         x11:00000000 x14:000036d4  PA:000036d6
    496ns              45 00000a52 00b700a3 sb               x11, 1(x14)         x11:00000000 x14:000036d4  PA:000036d5
    506ns              46 00000a56 00b70023 sb               x11, 0(x14)         x11:00000000 x14:000036d4  PA:000036d4
    516ns              47 00000a5a 00008067 jalr             x0, x1, 0            x1:00000a7e
    536ns              49 00000a7e 005000b3 add              x1, x0, x5           x1=000001b8  x5:000001b8
    546ns              50 00000a80 ff078793 addi             x15, x15, -16       x15=fffffff4 x15:00000004
    556ns              51 00000a82 40f70733 sub              x14, x14, x15       x14=000036e0 x14:000036d4 x15:fffffff4
    566ns              52 00000a84 00f60633 add              x12, x12, x15       x12=0000002c x12:00000038 x15:fffffff4
    576ns              53 00000a86 f8c374e3 bgeu             x6, x12, -120        x6:0000000f x12:0000002c
    586ns              54 00000a8a f69ff06f jal              x0, -152           
    606ns              56 000009f2 06059563 bne              x11, x0, 106        x11:00000000
    616ns              57 000009f4 ff067693 andi             x13, x12, -16       x13=00000020 x12:0000002c
    626ns              58 000009f8 00f67613 andi             x12, x12, 15        x12=0000000c x12:0000002c
    636ns              59 000009fa 00e686b3 add              x13, x13, x14       x13=00003700 x13:00000020 x14:000036e0
    646ns              60 000009fc 00b72023 sw               x11, 0(x14)         x11:00000000 x14:000036e0  PA:000036e0
    656ns              61 000009fe 00b72223 sw               x11, 4(x14)         x11:00000000 x14:000036e0  PA:000036e4
    666ns              62 00000a00 00b72423 sw               x11, 8(x14)         x11:00000000 x14:000036e0  PA:000036e8
    676ns              63 00000a02 00b72623 sw               x11, 12(x14)        x11:00000000 x14:000036e0  PA:000036ec
    686ns              64 00000a04 01070713 addi             x14, x14, 16        x14=000036f0 x14:000036e0
    696ns              65 00000a06 fed76be3 bltu             x14, x13, -10       x14:000036f0 x13:00003700
    726ns              68 000009fc 00b72023 sw               x11, 0(x14)         x11:00000000 x14:000036f0  PA:000036f0
    736ns              69 000009fe 00b72223 sw               x11, 4(x14)         x11:00000000 x14:000036f0  PA:000036f4
    746ns              70 00000a00 00b72423 sw               x11, 8(x14)         x11:00000000 x14:000036f0  PA:000036f8
    756ns              71 00000a02 00b72623 sw               x11, 12(x14)        x11:00000000 x14:000036f0  PA:000036fc
    766ns              72 00000a04 01070713 addi             x14, x14, 16        x14=00003700 x14:000036f0
    776ns              73 00000a06 fed76be3 bltu             x14, x13, -10       x14:00003700 x13:00003700
    786ns              74 00000a0a 00061263 bne              x12, x0, 4          x12:0000000c
    826ns              78 00000a0e 40c306b3 sub              x13, x6, x12        x13=00000003  x6:0000000f x12:0000000c
    836ns              79 00000a12 00269693 slli             x13, x13, 0x2       x13=0000000c x13:00000003
    846ns              80 00000a14 00000297 auipc            x5, 0x0              x5=00000a14
    856ns              81 00000a18 005686b3 add              x13, x13, x5        x13=00000a20 x13:0000000c  x5:00000a14
    876ns              83 00000a1a 00a68067 jalr             x0, x13, 10         x13:00000a20
    906ns              86 00000a2a 00b705a3 sb               x11, 11(x14)        x11:00000000 x14:00003700  PA:0000370b
    916ns              87 00000a2e 00b70523 sb               x11, 10(x14)        x11:00000000 x14:00003700  PA:0000370a
    926ns              88 00000a32 00b704a3 sb               x11, 9(x14)         x11:00000000 x14:00003700  PA:00003709
    936ns              89 00000a36 00b70423 sb               x11, 8(x14)         x11:00000000 x14:00003700  PA:00003708
    946ns              90 00000a3a 00b703a3 sb               x11, 7(x14)         x11:00000000 x14:00003700  PA:00003707
    956ns              91 00000a3e 00b70323 sb               x11, 6(x14)         x11:00000000 x14:00003700  PA:00003706
    966ns              92 00000a42 00b702a3 sb               x11, 5(x14)         x11:00000000 x14:00003700  PA:00003705
    976ns              93 00000a46 00b70223 sb               x11, 4(x14)         x11:00000000 x14:00003700  PA:00003704
    986ns              94 00000a4a 00b701a3 sb               x11, 3(x14)         x11:00000000 x14:00003700  PA:00003703
    996ns              95 00000a4e 00b70123 sb               x11, 2(x14)         x11:00000000 x14:00003700  PA:00003702
   1006ns              96 00000a52 00b700a3 sb               x11, 1(x14)         x11:00000000 x14:00003700  PA:00003701
   1016ns              97 00000a56 00b70023 sb               x11, 0(x14)         x11:00000000 x14:00003700  PA:00003700
   1026ns              98 00000a5a 00008067 jalr             x0, x1, 0            x1:000001b8
   1046ns             100 000001b8 00000517 auipc            x10, 0x0            x10=000001b8
   1056ns             101 000001bc 6b050513 addi             x10, x10, 1712      x10=00000868 x10:000001b8
   1066ns             102 000001c0 684000ef jal              x1, 1668             x1=000001c4
   1086ns             104 00000844 00a005b3 add              x11, x0, x10        x11=00000868 x10:00000868
   1096ns             105 00000846 00000693 addi             x13, x0, 0          x13=00000000
   1106ns             106 00000848 00000613 addi             x12, x0, 0          x12=00000000
   1116ns             107 0000084a 00000513 addi             x10, x0, 0          x10=00000000
   1126ns             108 0000084c 3dc0006f jal              x0, 988            
   1146ns             110 00000c28 0301a703 lw               x14, 48(x3)         x14=00002e90  x3:00003690  PA:000036c0
   1166ns             112 00000c2c 14872783 lw               x15, 328(x14)       x15=00000000 x14:00002e90  PA:00002fd8
   1186ns             114 00000c30 04078063 beq              x15, x0, 64         x15:00000000
   1216ns             117 00000c70 14c70793 addi             x15, x14, 332       x15=00002fdc x14:00002e90
   1226ns             118 00000c74 14f72423 sw               x15, 328(x14)       x15:00002fdc x14:00002e90  PA:00002fd8
   1236ns             119 00000c78 fbbff06f jal              x0, -70            
   1256ns             121 00000c32 0047a703 lw               x14, 4(x15)         x14=00000000 x15:00002fdc  PA:00002fe0
   1266ns             122 00000c34 01f00813 addi             x16, x0, 31         x16=0000001f
   1276ns             123 00000c36 04e84d63 blt              x16, x14, 90        x16:0000001f x14:00000000
   1286ns             124 00000c3a 00271813 slli             x16, x14, 0x2       x16=00000000 x14:00000000
   1296ns             125 00000c3e 02050363 beq              x10, x0, 38         x10:00000000
   1326ns             128 00000c64 00170713 addi             x14, x14, 1         x14=00000001 x14:00000000
   1336ns             129 00000c66 00e7a223 sw               x14, 4(x15)         x14:00000001 x15:00002fdc  PA:00002fe0
   1346ns             130 00000c68 010787b3 add              x15, x15, x16       x15=00002fdc x15:00002fdc x16:00000000
   1356ns             131 00000c6a 00b7a423 sw               x11, 8(x15)         x11:00000868 x15:00002fdc  PA:00002fe4
   1366ns             132 00000c6c 00000513 addi             x10, x0, 0          x10=00000000
   1376ns             133 00000c6e 00008067 jalr             x0, x1, 0            x1:000001c4
   1396ns             135 000001c4 6d8000ef jal              x1, 1752             x1=000001c8
   1416ns             137 0000089c ff010113 addi             x2, x2, -16          x2=00005700  x2:00005710
   1426ns             138 0000089e 00812423 sw               x8, 8(x2)            x8:00000000  x2:00005700  PA:00005708
   1436ns             139 000008a0 01212023 sw               x18, 0(x2)          x18:00000000  x2:00005700  PA:00005700
   1446ns             140 000008a2 00003437 lui              x8, 0x3000           x8=00003000
   1456ns             141 000008a4 00003937 lui              x18, 0x3000         x18=00003000
   1466ns             142 000008a6 e8640793 addi             x15, x8, -378       x15=00002e86  x8:00003000
   1476ns             143 000008aa e8690913 addi             x18, x18, -378      x18=00002e86 x18:00003000
   1486ns             144 000008ae 40f90933 sub              x18, x18, x15       x18=00000000 x18:00002e86 x15:00002e86
   1496ns             145 000008b2 00112623 sw               x1, 12(x2)           x1:000001c8  x2:00005700  PA:0000570c
   1506ns             146 000008b4 00912223 sw               x9, 4(x2)            x9:00000000  x2:00005700  PA:00005704
   1516ns             147 000008b6 40295913 srai             x18, x18, 0x402     x18=00000000 x18:00000000
   1526ns             148 000008ba 00090b63 beq              x18, x0, 22         x18:00000000
   1556ns             151 000008d0 00003437 lui              x8, 0x3000           x8=00003000
   1566ns             152 000008d2 00003937 lui              x18, 0x3000         x18=00003000
   1576ns             153 000008d4 e8840793 addi             x15, x8, -376       x15=00002e88  x8:00003000
   1586ns             154 000008d8 e8c90913 addi             x18, x18, -372      x18=00002e8c x18:00003000
   1596ns             155 000008dc 40f90933 sub              x18, x18, x15       x18=00000004 x18:00002e8c x15:00002e88
   1606ns             156 000008e0 40295913 srai             x18, x18, 0x402     x18=00000001 x18:00000004
   1616ns             157 000008e4 00090b63 beq              x18, x0, 22         x18:00000001
   1626ns             158 000008e8 e8840413 addi             x8, x8, -376         x8=00002e88  x8:00003000
   1636ns             159 000008ec 00000493 addi             x9, x0, 0            x9=00000000
   1646ns             160 000008ee 00042783 lw               x15, 0(x8)          x15=00000564  x8:00002e88  PA:00002e88
   1656ns             161 000008f0 00148493 addi             x9, x9, 1            x9=00000001  x9:00000000
   1666ns             162 000008f2 00440413 addi             x8, x8, 4            x8=00002e8c  x8:00002e88
   1676ns             163 000008f4 000780e7 jalr             x1, x15, 0           x1=000008f6 x15:00000564
   1696ns             165 00000564 00000793 addi             x15, x0, 0          x15=00000000
   1706ns             166 00000568 00078563 beq              x15, x0, 10         x15:00000000
   1736ns             169 00000572 00008067 jalr             x0, x1, 0            x1:000008f6
   1766ns             172 000008f6 fe991ce3 bne              x18, x9, -8         x18:00000001  x9:00000001
   1776ns             173 000008fa 00c12083 lw               x1, 12(x2)           x1=000001c8  x2:00005700  PA:0000570c
   1786ns             174 000008fc 00812403 lw               x8, 8(x2)            x8=00000000  x2:00005700  PA:00005708
   1796ns             175 000008fe 00412483 lw               x9, 4(x2)            x9=00000000  x2:00005700  PA:00005704
   1806ns             176 00000900 00012903 lw               x18, 0(x2)          x18=00000000  x2:00005700  PA:00005700
   1816ns             177 00000902 01010113 addi             x2, x2, 16           x2=00005710  x2:00005700
   1826ns             178 00000904 00008067 jalr             x0, x1, 0            x1:000001c8
   1846ns             180 000001c8 00012503 lw               x10, 0(x2)          x10=xxxxxxxx  x2:00005710  PA:00005710
   1856ns             181 000001cc 00410593 addi             x11, x2, 4          x11=00005714  x2:00005710
   1866ns             182 000001d0 00000613 addi             x12, x0, 0          x12=00000000
   1876ns             183 000001d4 00c000ef jal              x1, 12               x1=000001d8
   1896ns             185 000001e0 a9010113 addi             x2, x2, -1392        x2=000051a0  x2:00005710
   1906ns             186 000001e4 000035b7 lui              x11, 0x3000         x11=00003000
   1916ns             187 000001e8 55312e23 sw               x19, 1372(x2)       x19:00000000  x2:000051a0  PA:000056fc
   1926ns             188 000001ec 04000613 addi             x12, x0, 64         x12=00000040
   1936ns             189 000001f0 8c458993 addi             x19, x11, -1852     x19=000028c4 x11:00003000
   1946ns             190 000001f4 04010513 addi             x10, x2, 64         x10=000051e0  x2:000051a0
   1956ns             191 000001f8 8c458593 addi             x11, x11, -1852     x11=000028c4 x11:00003000
   1966ns             192 000001fc 56112623 sw               x1, 1388(x2)         x1:000001d8  x2:000051a0  PA:0000570c
   1976ns             193 00000200 56912223 sw               x9, 1380(x2)         x9:00000000  x2:000051a0  PA:00005704
   1986ns             194 00000204 57212023 sw               x18, 1376(x2)       x18:00000000  x2:000051a0  PA:00005700
   1996ns             195 00000208 56812423 sw               x8, 1384(x2)         x8:00000000  x2:000051a0  PA:00005708
   2006ns             196 0000020c 55412c23 sw               x20, 1368(x2)       x20:00000000  x2:000051a0  PA:000056f8
   2016ns             197 00000210 55512a23 sw               x21, 1364(x2)       x21:00000000  x2:000051a0  PA:000056f4
   2026ns             198 00000214 55612823 sw               x22, 1360(x2)       x22:00000000  x2:000051a0  PA:000056f0
   2036ns             199 00000218 55712623 sw               x23, 1356(x2)       x23:00000000  x2:000051a0  PA:000056ec
   2046ns             200 0000021c 55812423 sw               x24, 1352(x2)       x24:00000000  x2:000051a0  PA:000056e8
   2056ns             201 00000220 08010493 addi             x9, x2, 128          x9=00005220  x2:000051a0
   2066ns             202 00000224 6e2000ef jal              x1, 1762             x1=00000228
   2096ns             205 00000906 00a5c7b3 xor              x15, x11, x10       x15=00007924 x11:000028c4 x10:000051e0
   2106ns             206 0000090a 0037f793 andi             x15, x15, 3         x15=00000000 x15:00007924
   2116ns             207 0000090c 00c508b3 add              x17, x10, x12       x17=00005220 x10:000051e0 x12:00000040
   2126ns             208 00000910 04079463 bne              x15, x0, 72         x15:00000000
   2136ns             209 00000912 00300793 addi             x15, x0, 3          x15=00000003
   2146ns             210 00000914 04c7f263 bgeu             x15, x12, 68        x15:00000003 x12:00000040
   2156ns             211 00000918 00357793 andi             x15, x10, 3         x15=00000000 x10:000051e0
   2166ns             212 0000091c 00a00733 add              x14, x0, x10        x14=000051e0 x10:000051e0
   2176ns             213 0000091e 04079963 bne              x15, x0, 82         x15:00000000
   2186ns             214 00000920 ffc8f613 andi             x12, x17, -4        x12=00005220 x17:00005220
   2196ns             215 00000924 fe060793 addi             x15, x12, -32       x15=00005200 x12:00005220
   2206ns             216 00000928 06f76763 bltu             x14, x15, 110       x14:000051e0 x15:00005200
   2236ns             219 00000996 0045a683 lw               x13, 4(x11)         x13=00000088 x11:000028c4  PA:000028c8
   2246ns             220 00000998 0005a283 lw               x5, 0(x11)           x5=00000032 x11:000028c4  PA:000028c4
   2256ns             221 0000099c 0085af83 lw               x31, 8(x11)         x31=00000031 x11:000028c4  PA:000028cc
   2266ns             222 000009a0 00c5af03 lw               x30, 12(x11)        x30=000000e0 x11:000028c4  PA:000028d0
   2276ns             223 000009a4 0105ae83 lw               x29, 16(x11)        x29=00000043 x11:000028c4  PA:000028d4
   2286ns             224 000009a8 0145ae03 lw               x28, 20(x11)        x28=0000005a x11:000028c4  PA:000028d8
   2296ns             225 000009ac 0185a303 lw               x6, 24(x11)          x6=00000031 x11:000028c4  PA:000028dc
   2306ns             226 000009b0 01c5a803 lw               x16, 28(x11)        x16=00000037 x11:000028c4  PA:000028e0
   2316ns             227 000009b4 00d72223 sw               x13, 4(x14)         x13:00000088 x14:000051e0  PA:000051e4
   2326ns             228 000009b6 0205a683 lw               x13, 32(x11)        x13=000000f6 x11:000028c4  PA:000028e4
   2336ns             229 000009b8 00572023 sw               x5, 0(x14)           x5:00000032 x14:000051e0  PA:000051e0
   2346ns             230 000009bc 01f72423 sw               x31, 8(x14)         x31:00000031 x14:000051e0  PA:000051e8
   2356ns             231 000009c0 01e72623 sw               x30, 12(x14)        x30:000000e0 x14:000051e0  PA:000051ec
   2366ns             232 000009c4 01d72823 sw               x29, 16(x14)        x29:00000043 x14:000051e0  PA:000051f0
   2376ns             233 000009c8 01c72a23 sw               x28, 20(x14)        x28:0000005a x14:000051e0  PA:000051f4
   2386ns             234 000009cc 00672c23 sw               x6, 24(x14)          x6:00000031 x14:000051e0  PA:000051f8
   2396ns             235 000009d0 01072e23 sw               x16, 28(x14)        x16:00000037 x14:000051e0  PA:000051fc
   2406ns             236 000009d4 02d72023 sw               x13, 32(x14)        x13:000000f6 x14:000051e0  PA:00005200
   2416ns             237 000009d6 02470713 addi             x14, x14, 36        x14=00005204 x14:000051e0
   2426ns             238 000009da 02458593 addi             x11, x11, 36        x11=000028e8 x11:000028c4
   2436ns             239 000009de faf76ce3 bltu             x14, x15, -72       x14:00005204 x15:00005200
   2446ns             240 000009e2 f4bff06f jal              x0, -182           
   2466ns             242 0000092c 02c77363 bgeu             x14, x12, 38        x14:00005204 x12:00005220
   2476ns             243 00000930 00b006b3 add              x13, x0, x11        x13=000028e8 x11:000028e8
   2486ns             244 00000932 00e007b3 add              x15, x0, x14        x15=00005204 x14:00005204
   2496ns             245 00000934 0006a803 lw               x16, 0(x13)         x16=00000030 x13:000028e8  PA:000028e8
   2506ns             246 00000938 00478793 addi             x15, x15, 4         x15=00005208 x15:00005204
   2516ns             247 0000093a 00468693 addi             x13, x13, 4         x13=000028ec x13:000028e8
   2526ns             248 0000093c ff07ae23 sw               x16, -4(x15)        x16:00000030 x15:00005208  PA:00005204
   2536ns             249 00000940 fec7eae3 bltu             x15, x12, -12       x15:00005208 x12:00005220
   2566ns             252 00000934 0006a803 lw               x16, 0(x13)         x16=00000098 x13:000028ec  PA:000028ec
   2576ns             253 00000938 00478793 addi             x15, x15, 4         x15=0000520c x15:00005208
   2586ns             254 0000093a 00468693 addi             x13, x13, 4         x13=000028f0 x13:000028ec
   2596ns             255 0000093c ff07ae23 sw               x16, -4(x15)        x16:00000098 x15:0000520c  PA:00005208
   2606ns             256 00000940 fec7eae3 bltu             x15, x12, -12       x15:0000520c x12:00005220
   2636ns             259 00000934 0006a803 lw               x16, 0(x13)         x16=00000007 x13:000028f0  PA:000028f0
   2646ns             260 00000938 00478793 addi             x15, x15, 4         x15=00005210 x15:0000520c
   2656ns             261 0000093a 00468693 addi             x13, x13, 4         x13=000028f4 x13:000028f0
   2666ns             262 0000093c ff07ae23 sw               x16, -4(x15)        x16:00000007 x15:00005210  PA:0000520c
   2676ns             263 00000940 fec7eae3 bltu             x15, x12, -12       x15:00005210 x12:00005220
   2706ns             266 00000934 0006a803 lw               x16, 0(x13)         x16=000000a8 x13:000028f4  PA:000028f4
   2716ns             267 00000938 00478793 addi             x15, x15, 4         x15=00005214 x15:00005210
   2726ns             268 0000093a 00468693 addi             x13, x13, 4         x13=000028f8 x13:000028f4
   2736ns             269 0000093c ff07ae23 sw               x16, -4(x15)        x16:000000a8 x15:00005214  PA:00005210
   2746ns             270 00000940 fec7eae3 bltu             x15, x12, -12       x15:00005214 x12:00005220
   2776ns             273 00000934 0006a803 lw               x16, 0(x13)         x16=0000008d x13:000028f8  PA:000028f8
   2786ns             274 00000938 00478793 addi             x15, x15, 4         x15=00005218 x15:00005214
   2796ns             275 0000093a 00468693 addi             x13, x13, 4         x13=000028fc x13:000028f8
   2806ns             276 0000093c ff07ae23 sw               x16, -4(x15)        x16:0000008d x15:00005218  PA:00005214
   2816ns             277 00000940 fec7eae3 bltu             x15, x12, -12       x15:00005218 x12:00005220
   2846ns             280 00000934 0006a803 lw               x16, 0(x13)         x16=000000a2 x13:000028fc  PA:000028fc
   2856ns             281 00000938 00478793 addi             x15, x15, 4         x15=0000521c x15:00005218
   2866ns             282 0000093a 00468693 addi             x13, x13, 4         x13=00002900 x13:000028fc
   2876ns             283 0000093c ff07ae23 sw               x16, -4(x15)        x16:000000a2 x15:0000521c  PA:00005218
   2886ns             284 00000940 fec7eae3 bltu             x15, x12, -12       x15:0000521c x12:00005220
   2916ns             287 00000934 0006a803 lw               x16, 0(x13)         x16=00000034 x13:00002900  PA:00002900
   2926ns             288 00000938 00478793 addi             x15, x15, 4         x15=00005220 x15:0000521c
   2936ns             289 0000093a 00468693 addi             x13, x13, 4         x13=00002904 x13:00002900
   2946ns             290 0000093c ff07ae23 sw               x16, -4(x15)        x16:00000034 x15:00005220  PA:0000521c
   2956ns             291 00000940 fec7eae3 bltu             x15, x12, -12       x15:00005220 x12:00005220
   2966ns             292 00000944 fff60793 addi             x15, x12, -1        x15=0000521f x12:00005220
   2976ns             293 00000948 40e787b3 sub              x15, x15, x14       x15=0000001b x15:0000521f x14:00005204
   2986ns             294 0000094a ffc7f793 andi             x15, x15, -4        x15=00000018 x15:0000001b
   2996ns             295 0000094c 00478793 addi             x15, x15, 4         x15=0000001c x15:00000018
   3006ns             296 0000094e 00f70733 add              x14, x14, x15       x14=00005220 x14:00005204 x15:0000001c
   3016ns             297 00000950 00f585b3 add              x11, x11, x15       x11=00002904 x11:000028e8 x15:0000001c
   3026ns             298 00000952 01176663 bltu             x14, x17, 12        x14:00005220 x17:00005220
   3036ns             299 00000956 00008067 jalr             x0, x1, 0            x1:00000228
   3056ns             301 00000228 04000613 addi             x12, x0, 64         x12=00000040
   3066ns             302 0000022c 04098593 addi             x11, x19, 64        x11=00002904 x19:000028c4
   3076ns             303 00000230 00048513 addi             x10, x9, 0          x10=00005220  x9:00005220
   3086ns             304 00000234 6d2000ef jal              x1, 1746             x1=00000238
   3116ns             307 00000906 00a5c7b3 xor              x15, x11, x10       x15=00007b24 x11:00002904 x10:00005220
   3126ns             308 0000090a 0037f793 andi             x15, x15, 3         x15=00000000 x15:00007b24
   3136ns             309 0000090c 00c508b3 add              x17, x10, x12       x17=00005260 x10:00005220 x12:00000040
   3146ns             310 00000910 04079463 bne              x15, x0, 72         x15:00000000
   3156ns             311 00000912 00300793 addi             x15, x0, 3          x15=00000003
   3166ns             312 00000914 04c7f263 bgeu             x15, x12, 68        x15:00000003 x12:00000040
   3176ns             313 00000918 00357793 andi             x15, x10, 3         x15=00000000 x10:00005220
   3186ns             314 0000091c 00a00733 add              x14, x0, x10        x14=00005220 x10:00005220
   3196ns             315 0000091e 04079963 bne              x15, x0, 82         x15:00000000
   3206ns             316 00000920 ffc8f613 andi             x12, x17, -4        x12=00005260 x17:00005260
   3216ns             317 00000924 fe060793 addi             x15, x12, -32       x15=00005240 x12:00005260
   3226ns             318 00000928 06f76763 bltu             x14, x15, 110       x14:00005220 x15:00005240
   3256ns             321 00000996 0045a683 lw               x13, 4(x11)         x13=000000a5 x11:00002904  PA:00002908
   3266ns             322 00000998 0005a283 lw               x5, 0(x11)           x5=00000000 x11:00002904  PA:00002904
   3276ns             323 0000099c 0085af83 lw               x31, 8(x11)         x31=000000a8 x11:00002904  PA:0000290c
   3286ns             324 000009a0 00c5af03 lw               x30, 12(x11)        x30=000000a0 x11:00002904  PA:00002910
   3296ns             325 000009a4 0105ae83 lw               x29, 16(x11)        x29=000000e9 x11:00002904  PA:00002914
   3306ns             326 000009a8 0145ae03 lw               x28, 20(x11)        x28=00000009 x11:00002904  PA:00002918
   3316ns             327 000009ac 0185a303 lw               x6, 24(x11)          x6=000000bb x11:00002904  PA:0000291c
   3326ns             328 000009b0 01c5a803 lw               x16, 28(x11)        x16=0000002a x11:00002904  PA:00002920
   3336ns             329 000009b4 00d72223 sw               x13, 4(x14)         x13:000000a5 x14:00005220  PA:00005224
   3346ns             330 000009b6 0205a683 lw               x13, 32(x11)        x13=000000c9 x11:00002904  PA:00002924
   3356ns             331 000009b8 00572023 sw               x5, 0(x14)           x5:00000000 x14:00005220  PA:00005220
   3366ns             332 000009bc 01f72423 sw               x31, 8(x14)         x31:000000a8 x14:00005220  PA:00005228
   3376ns             333 000009c0 01e72623 sw               x30, 12(x14)        x30:000000a0 x14:00005220  PA:0000522c
   3386ns             334 000009c4 01d72823 sw               x29, 16(x14)        x29:000000e9 x14:00005220  PA:00005230
   3396ns             335 000009c8 01c72a23 sw               x28, 20(x14)        x28:00000009 x14:00005220  PA:00005234
   3406ns             336 000009cc 00672c23 sw               x6, 24(x14)          x6:000000bb x14:00005220  PA:00005238
   3416ns             337 000009d0 01072e23 sw               x16, 28(x14)        x16:0000002a x14:00005220  PA:0000523c
   3426ns             338 000009d4 02d72023 sw               x13, 32(x14)        x13:000000c9 x14:00005220  PA:00005240
   3436ns             339 000009d6 02470713 addi             x14, x14, 36        x14=00005244 x14:00005220
   3446ns             340 000009da 02458593 addi             x11, x11, 36        x11=00002928 x11:00002904
   3456ns             341 000009de faf76ce3 bltu             x14, x15, -72       x14:00005244 x15:00005240
   3466ns             342 000009e2 f4bff06f jal              x0, -182           
   3486ns             344 0000092c 02c77363 bgeu             x14, x12, 38        x14:00005244 x12:00005260
   3496ns             345 00000930 00b006b3 add              x13, x0, x11        x13=00002928 x11:00002928
   3506ns             346 00000932 00e007b3 add              x15, x0, x14        x15=00005244 x14:00005244
   3516ns             347 00000934 0006a803 lw               x16, 0(x13)         x16=000000d4 x13:00002928  PA:00002928
   3526ns             348 00000938 00478793 addi             x15, x15, 4         x15=00005248 x15:00005244
   3536ns             349 0000093a 00468693 addi             x13, x13, 4         x13=0000292c x13:00002928
   3546ns             350 0000093c ff07ae23 sw               x16, -4(x15)        x16:000000d4 x15:00005248  PA:00005244
   3556ns             351 00000940 fec7eae3 bltu             x15, x12, -12       x15:00005248 x12:00005260
   3586ns             354 00000934 0006a803 lw               x16, 0(x13)         x16=000000b7 x13:0000292c  PA:0000292c
   3596ns             355 00000938 00478793 addi             x15, x15, 4         x15=0000524c x15:00005248
   3606ns             356 0000093a 00468693 addi             x13, x13, 4         x13=00002930 x13:0000292c
   3616ns             357 0000093c ff07ae23 sw               x16, -4(x15)        x16:000000b7 x15:0000524c  PA:00005248
   3626ns             358 00000940 fec7eae3 bltu             x15, x12, -12       x15:0000524c x12:00005260
   3656ns             361 00000934 0006a803 lw               x16, 0(x13)         x16=000000ab x13:00002930  PA:00002930
   3666ns             362 00000938 00478793 addi             x15, x15, 4         x15=00005250 x15:0000524c
   3676ns             363 0000093a 00468693 addi             x13, x13, 4         x13=00002934 x13:00002930
   3686ns             364 0000093c ff07ae23 sw               x16, -4(x15)        x16:000000ab x15:00005250  PA:0000524c
   3696ns             365 00000940 fec7eae3 bltu             x15, x12, -12       x15:00005250 x12:00005260
   3726ns             368 00000934 0006a803 lw               x16, 0(x13)         x16=000000f2 x13:00002934  PA:00002934
   3736ns             369 00000938 00478793 addi             x15, x15, 4         x15=00005254 x15:00005250
   3746ns             370 0000093a 00468693 addi             x13, x13, 4         x13=00002938 x13:00002934
   3756ns             371 0000093c ff07ae23 sw               x16, -4(x15)        x16:000000f2 x15:00005254  PA:00005250
   3766ns             372 00000940 fec7eae3 bltu             x15, x12, -12       x15:00005254 x12:00005260
   3796ns             375 00000934 0006a803 lw               x16, 0(x13)         x16=000000e8 x13:00002938  PA:00002938
   3806ns             376 00000938 00478793 addi             x15, x15, 4         x15=00005258 x15:00005254
   3816ns             377 0000093a 00468693 addi             x13, x13, 4         x13=0000293c x13:00002938
   3826ns             378 0000093c ff07ae23 sw               x16, -4(x15)        x16:000000e8 x15:00005258  PA:00005254
   3836ns             379 00000940 fec7eae3 bltu             x15, x12, -12       x15:00005258 x12:00005260
   3866ns             382 00000934 0006a803 lw               x16, 0(x13)         x16=00000060 x13:0000293c  PA:0000293c
   3876ns             383 00000938 00478793 addi             x15, x15, 4         x15=0000525c x15:00005258
   3886ns             384 0000093a 00468693 addi             x13, x13, 4         x13=00002940 x13:0000293c
   3896ns             385 0000093c ff07ae23 sw               x16, -4(x15)        x16:00000060 x15:0000525c  PA:00005258
   3906ns             386 00000940 fec7eae3 bltu             x15, x12, -12       x15:0000525c x12:00005260
   3936ns             389 00000934 0006a803 lw               x16, 0(x13)         x16=00000008 x13:00002940  PA:00002940
   3946ns             390 00000938 00478793 addi             x15, x15, 4         x15=00005260 x15:0000525c
   3956ns             391 0000093a 00468693 addi             x13, x13, 4         x13=00002944 x13:00002940
   3966ns             392 0000093c ff07ae23 sw               x16, -4(x15)        x16:00000008 x15:00005260  PA:0000525c
   3976ns             393 00000940 fec7eae3 bltu             x15, x12, -12       x15:00005260 x12:00005260
   3986ns             394 00000944 fff60793 addi             x15, x12, -1        x15=0000525f x12:00005260
   3996ns             395 00000948 40e787b3 sub              x15, x15, x14       x15=0000001b x15:0000525f x14:00005244
   4006ns             396 0000094a ffc7f793 andi             x15, x15, -4        x15=00000018 x15:0000001b
   4016ns             397 0000094c 00478793 addi             x15, x15, 4         x15=0000001c x15:00000018
   4026ns             398 0000094e 00f70733 add              x14, x14, x15       x14=00005260 x14:00005244 x15:0000001c
   4036ns             399 00000950 00f585b3 add              x11, x11, x15       x11=00002944 x11:00002928 x15:0000001c
   4046ns             400 00000952 01176663 bltu             x14, x17, 12        x14:00005260 x17:00005260
   4056ns             401 00000956 00008067 jalr             x0, x1, 0            x1:00000238
   4076ns             403 00000238 40000613 addi             x12, x0, 1024       x12=00000400
   4086ns             404 0000023c 08098593 addi             x11, x19, 128       x11=00002944 x19:000028c4
   4096ns             405 00000240 14010513 addi             x10, x2, 320        x10=000052e0  x2:000051a0
   4106ns             406 00000244 6c2000ef jal              x1, 1730             x1=00000248
   4136ns             409 00000906 00a5c7b3 xor              x15, x11, x10       x15=00007ba4 x11:00002944 x10:000052e0
   4146ns             410 0000090a 0037f793 andi             x15, x15, 3         x15=00000000 x15:00007ba4
   4156ns             411 0000090c 00c508b3 add              x17, x10, x12       x17=000056e0 x10:000052e0 x12:00000400
   4166ns             412 00000910 04079463 bne              x15, x0, 72         x15:00000000
   4176ns             413 00000912 00300793 addi             x15, x0, 3          x15=00000003
   4186ns             414 00000914 04c7f263 bgeu             x15, x12, 68        x15:00000003 x12:00000400
   4196ns             415 00000918 00357793 andi             x15, x10, 3         x15=00000000 x10:000052e0
   4206ns             416 0000091c 00a00733 add              x14, x0, x10        x14=000052e0 x10:000052e0
   4216ns             417 0000091e 04079963 bne              x15, x0, 82         x15:00000000
   4226ns             418 00000920 ffc8f613 andi             x12, x17, -4        x12=000056e0 x17:000056e0
   4236ns             419 00000924 fe060793 addi             x15, x12, -32       x15=000056c0 x12:000056e0
   4246ns             420 00000928 06f76763 bltu             x14, x15, 110       x14:000052e0 x15:000056c0
   4276ns             423 00000996 0045a683 lw               x13, 4(x11)         x13=0000007c x11:00002944  PA:00002948
   4286ns             424 00000998 0005a283 lw               x5, 0(x11)           x5=00000063 x11:00002944  PA:00002944
   4296ns             425 0000099c 0085af83 lw               x31, 8(x11)         x31=00000077 x11:00002944  PA:0000294c
   4306ns             426 000009a0 00c5af03 lw               x30, 12(x11)        x30=0000007b x11:00002944  PA:00002950
   4316ns             427 000009a4 0105ae83 lw               x29, 16(x11)        x29=000000f2 x11:00002944  PA:00002954
   4326ns             428 000009a8 0145ae03 lw               x28, 20(x11)        x28=0000006b x11:00002944  PA:00002958
   4336ns             429 000009ac 0185a303 lw               x6, 24(x11)          x6=0000006f x11:00002944  PA:0000295c
   4346ns             430 000009b0 01c5a803 lw               x16, 28(x11)        x16=000000c5 x11:00002944  PA:00002960
   4356ns             431 000009b4 00d72223 sw               x13, 4(x14)         x13:0000007c x14:000052e0  PA:000052e4
   4366ns             432 000009b6 0205a683 lw               x13, 32(x11)        x13=00000030 x11:00002944  PA:00002964
   4376ns             433 000009b8 00572023 sw               x5, 0(x14)           x5:00000063 x14:000052e0  PA:000052e0
   4386ns             434 000009bc 01f72423 sw               x31, 8(x14)         x31:00000077 x14:000052e0  PA:000052e8
   4396ns             435 000009c0 01e72623 sw               x30, 12(x14)        x30:0000007b x14:000052e0  PA:000052ec
   4406ns             436 000009c4 01d72823 sw               x29, 16(x14)        x29:000000f2 x14:000052e0  PA:000052f0
   4416ns             437 000009c8 01c72a23 sw               x28, 20(x14)        x28:0000006b x14:000052e0  PA:000052f4
   4426ns             438 000009cc 00672c23 sw               x6, 24(x14)          x6:0000006f x14:000052e0  PA:000052f8
   4436ns             439 000009d0 01072e23 sw               x16, 28(x14)        x16:000000c5 x14:000052e0  PA:000052fc
   4446ns             440 000009d4 02d72023 sw               x13, 32(x14)        x13:00000030 x14:000052e0  PA:00005300
   4456ns             441 000009d6 02470713 addi             x14, x14, 36        x14=00005304 x14:000052e0
   4466ns             442 000009da 02458593 addi             x11, x11, 36        x11=00002968 x11:00002944
   4476ns             443 000009de faf76ce3 bltu             x14, x15, -72       x14:00005304 x15:000056c0
   4506ns             446 00000996 0045a683 lw               x13, 4(x11)         x13=00000067 x11:00002968  PA:0000296c
   4516ns             447 00000998 0005a283 lw               x5, 0(x11)           x5=00000001 x11:00002968  PA:00002968
   4526ns             448 0000099c 0085af83 lw               x31, 8(x11)         x31=0000002b x11:00002968  PA:00002970
   4536ns             449 000009a0 00c5af03 lw               x30, 12(x11)        x30=000000fe x11:00002968  PA:00002974
   4546ns             450 000009a4 0105ae83 lw               x29, 16(x11)        x29=000000d7 x11:00002968  PA:00002978
   4556ns             451 000009a8 0145ae03 lw               x28, 20(x11)        x28=000000ab x11:00002968  PA:0000297c
   4566ns             452 000009ac 0185a303 lw               x6, 24(x11)          x6=00000076 x11:00002968  PA:00002980
   4576ns             453 000009b0 01c5a803 lw               x16, 28(x11)        x16=000000ca x11:00002968  PA:00002984
   4586ns             454 000009b4 00d72223 sw               x13, 4(x14)         x13:00000067 x14:00005304  PA:00005308
   4596ns             455 000009b6 0205a683 lw               x13, 32(x11)        x13=00000082 x11:00002968  PA:00002988
   4606ns             456 000009b8 00572023 sw               x5, 0(x14)           x5:00000001 x14:00005304  PA:00005304
   4616ns             457 000009bc 01f72423 sw               x31, 8(x14)         x31:0000002b x14:00005304  PA:0000530c
   4626ns             458 000009c0 01e72623 sw               x30, 12(x14)        x30:000000fe x14:00005304  PA:00005310
   4636ns             459 000009c4 01d72823 sw               x29, 16(x14)        x29:000000d7 x14:00005304  PA:00005314
   4646ns             460 000009c8 01c72a23 sw               x28, 20(x14)        x28:000000ab x14:00005304  PA:00005318
   4656ns             461 000009cc 00672c23 sw               x6, 24(x14)          x6:00000076 x14:00005304  PA:0000531c
   4666ns             462 000009d0 01072e23 sw               x16, 28(x14)        x16:000000ca x14:00005304  PA:00005320
   4676ns             463 000009d4 02d72023 sw               x13, 32(x14)        x13:00000082 x14:00005304  PA:00005324
   4686ns             464 000009d6 02470713 addi             x14, x14, 36        x14=00005328 x14:00005304
   4696ns             465 000009da 02458593 addi             x11, x11, 36        x11=0000298c x11:00002968
   4706ns             466 000009de faf76ce3 bltu             x14, x15, -72       x14:00005328 x15:000056c0
   4736ns             469 00000996 0045a683 lw               x13, 4(x11)         x13=0000007d x11:0000298c  PA:00002990
   4746ns             470 00000998 0005a283 lw               x5, 0(x11)           x5=000000c9 x11:0000298c  PA:0000298c
   4756ns             471 0000099c 0085af83 lw               x31, 8(x11)         x31=000000fa x11:0000298c  PA:00002994
   4766ns             472 000009a0 00c5af03 lw               x30, 12(x11)        x30=00000059 x11:0000298c  PA:00002998
   4776ns             473 000009a4 0105ae83 lw               x29, 16(x11)        x29=00000047 x11:0000298c  PA:0000299c
   4786ns             474 000009a8 0145ae03 lw               x28, 20(x11)        x28=000000f0 x11:0000298c  PA:000029a0
   4796ns             475 000009ac 0185a303 lw               x6, 24(x11)          x6=000000ad x11:0000298c  PA:000029a4
   4806ns             476 000009b0 01c5a803 lw               x16, 28(x11)        x16=000000d4 x11:0000298c  PA:000029a8
   4816ns             477 000009b4 00d72223 sw               x13, 4(x14)         x13:0000007d x14:00005328  PA:0000532c
   4826ns             478 000009b6 0205a683 lw               x13, 32(x11)        x13=000000a2 x11:0000298c  PA:000029ac
   4836ns             479 000009b8 00572023 sw               x5, 0(x14)           x5:000000c9 x14:00005328  PA:00005328
   4846ns             480 000009bc 01f72423 sw               x31, 8(x14)         x31:000000fa x14:00005328  PA:00005330
   4856ns             481 000009c0 01e72623 sw               x30, 12(x14)        x30:00000059 x14:00005328  PA:00005334
   4866ns             482 000009c4 01d72823 sw               x29, 16(x14)        x29:00000047 x14:00005328  PA:00005338
   4876ns             483 000009c8 01c72a23 sw               x28, 20(x14)        x28:000000f0 x14:00005328  PA:0000533c
   4886ns             484 000009cc 00672c23 sw               x6, 24(x14)          x6:000000ad x14:00005328  PA:00005340
   4896ns             485 000009d0 01072e23 sw               x16, 28(x14)        x16:000000d4 x14:00005328  PA:00005344
   4906ns             486 000009d4 02d72023 sw               x13, 32(x14)        x13:000000a2 x14:00005328  PA:00005348
   4916ns             487 000009d6 02470713 addi             x14, x14, 36        x14=0000534c x14:00005328
   4926ns             488 000009da 02458593 addi             x11, x11, 36        x11=000029b0 x11:0000298c
   4936ns             489 000009de faf76ce3 bltu             x14, x15, -72       x14:0000534c x15:000056c0
   4966ns             492 00000996 0045a683 lw               x13, 4(x11)         x13=0000009c x11:000029b0  PA:000029b4
   4976ns             493 00000998 0005a283 lw               x5, 0(x11)           x5=000000af x11:000029b0  PA:000029b0
   4986ns             494 0000099c 0085af83 lw               x31, 8(x11)         x31=000000a4 x11:000029b0  PA:000029b8
   4996ns             495 000009a0 00c5af03 lw               x30, 12(x11)        x30=00000072 x11:000029b0  PA:000029bc
   5006ns             496 000009a4 0105ae83 lw               x29, 16(x11)        x29=000000c0 x11:000029b0  PA:000029c0
   5016ns             497 000009a8 0145ae03 lw               x28, 20(x11)        x28=000000b7 x11:000029b0  PA:000029c4
   5026ns             498 000009ac 0185a303 lw               x6, 24(x11)          x6=000000fd x11:000029b0  PA:000029c8
   5036ns             499 000009b0 01c5a803 lw               x16, 28(x11)        x16=00000093 x11:000029b0  PA:000029cc
   5046ns             500 000009b4 00d72223 sw               x13, 4(x14)         x13:0000009c x14:0000534c  PA:00005350
   5056ns             501 000009b6 0205a683 lw               x13, 32(x11)        x13=00000026 x11:000029b0  PA:000029d0
   5066ns             502 000009b8 00572023 sw               x5, 0(x14)           x5:000000af x14:0000534c  PA:0000534c
   5076ns             503 000009bc 01f72423 sw               x31, 8(x14)         x31:000000a4 x14:0000534c  PA:00005354
   5086ns             504 000009c0 01e72623 sw               x30, 12(x14)        x30:00000072 x14:0000534c  PA:00005358
   5096ns             505 000009c4 01d72823 sw               x29, 16(x14)        x29:000000c0 x14:0000534c  PA:0000535c
   5106ns             506 000009c8 01c72a23 sw               x28, 20(x14)        x28:000000b7 x14:0000534c  PA:00005360
   5116ns             507 000009cc 00672c23 sw               x6, 24(x14)          x6:000000fd x14:0000534c  PA:00005364
   5126ns             508 000009d0 01072e23 sw               x16, 28(x14)        x16:00000093 x14:0000534c  PA:00005368
   5136ns             509 000009d4 02d72023 sw               x13, 32(x14)        x13:00000026 x14:0000534c  PA:0000536c
   5146ns             510 000009d6 02470713 addi             x14, x14, 36        x14=00005370 x14:0000534c
   5156ns             511 000009da 02458593 addi             x11, x11, 36        x11=000029d4 x11:000029b0
   5166ns             512 000009de faf76ce3 bltu             x14, x15, -72       x14:00005370 x15:000056c0
   5196ns             515 00000996 0045a683 lw               x13, 4(x11)         x13=0000003f x11:000029d4  PA:000029d8
   5206ns             516 00000998 0005a283 lw               x5, 0(x11)           x5=00000036 x11:000029d4  PA:000029d4
   5216ns             517 0000099c 0085af83 lw               x31, 8(x11)         x31=000000f7 x11:000029d4  PA:000029dc
   5226ns             518 000009a0 00c5af03 lw               x30, 12(x11)        x30=000000cc x11:000029d4  PA:000029e0
   5236ns             519 000009a4 0105ae83 lw               x29, 16(x11)        x29=00000034 x11:000029d4  PA:000029e4
   5246ns             520 000009a8 0145ae03 lw               x28, 20(x11)        x28=000000a5 x11:000029d4  PA:000029e8
   5256ns             521 000009ac 0185a303 lw               x6, 24(x11)          x6=000000e5 x11:000029d4  PA:000029ec
   5266ns             522 000009b0 01c5a803 lw               x16, 28(x11)        x16=000000f1 x11:000029d4  PA:000029f0
   5276ns             523 000009b4 00d72223 sw               x13, 4(x14)         x13:0000003f x14:00005370  PA:00005374
   5286ns             524 000009b6 0205a683 lw               x13, 32(x11)        x13=00000071 x11:000029d4  PA:000029f4
   5296ns             525 000009b8 00572023 sw               x5, 0(x14)           x5:00000036 x14:00005370  PA:00005370
   5306ns             526 000009bc 01f72423 sw               x31, 8(x14)         x31:000000f7 x14:00005370  PA:00005378
   5316ns             527 000009c0 01e72623 sw               x30, 12(x14)        x30:000000cc x14:00005370  PA:0000537c
   5326ns             528 000009c4 01d72823 sw               x29, 16(x14)        x29:00000034 x14:00005370  PA:00005380
   5336ns             529 000009c8 01c72a23 sw               x28, 20(x14)        x28:000000a5 x14:00005370  PA:00005384
   5346ns             530 000009cc 00672c23 sw               x6, 24(x14)          x6:000000e5 x14:00005370  PA:00005388
   5356ns             531 000009d0 01072e23 sw               x16, 28(x14)        x16:000000f1 x14:00005370  PA:0000538c
   5366ns             532 000009d4 02d72023 sw               x13, 32(x14)        x13:00000071 x14:00005370  PA:00005390
   5376ns             533 000009d6 02470713 addi             x14, x14, 36        x14=00005394 x14:00005370
   5386ns             534 000009da 02458593 addi             x11, x11, 36        x11=000029f8 x11:000029d4
   5396ns             535 000009de faf76ce3 bltu             x14, x15, -72       x14:00005394 x15:000056c0
   5426ns             538 00000996 0045a683 lw               x13, 4(x11)         x13=00000031 x11:000029f8  PA:000029fc
   5436ns             539 00000998 0005a283 lw               x5, 0(x11)           x5=000000d8 x11:000029f8  PA:000029f8
   5446ns             540 0000099c 0085af83 lw               x31, 8(x11)         x31=00000015 x11:000029f8  PA:00002a00
   5456ns             541 000009a0 00c5af03 lw               x30, 12(x11)        x30=00000004 x11:000029f8  PA:00002a04
   5466ns             542 000009a4 0105ae83 lw               x29, 16(x11)        x29=000000c7 x11:000029f8  PA:00002a08
   5476ns             543 000009a8 0145ae03 lw               x28, 20(x11)        x28=00000023 x11:000029f8  PA:00002a0c
   5486ns             544 000009ac 0185a303 lw               x6, 24(x11)          x6=000000c3 x11:000029f8  PA:00002a10
   5496ns             545 000009b0 01c5a803 lw               x16, 28(x11)        x16=00000018 x11:000029f8  PA:00002a14
   5506ns             546 000009b4 00d72223 sw               x13, 4(x14)         x13:00000031 x14:00005394  PA:00005398
   5516ns             547 000009b6 0205a683 lw               x13, 32(x11)        x13=00000096 x11:000029f8  PA:00002a18
   5526ns             548 000009b8 00572023 sw               x5, 0(x14)           x5:000000d8 x14:00005394  PA:00005394
   5536ns             549 000009bc 01f72423 sw               x31, 8(x14)         x31:00000015 x14:00005394  PA:0000539c
   5546ns             550 000009c0 01e72623 sw               x30, 12(x14)        x30:00000004 x14:00005394  PA:000053a0
   5556ns             551 000009c4 01d72823 sw               x29, 16(x14)        x29:000000c7 x14:00005394  PA:000053a4
   5566ns             552 000009c8 01c72a23 sw               x28, 20(x14)        x28:00000023 x14:00005394  PA:000053a8
   5576ns             553 000009cc 00672c23 sw               x6, 24(x14)          x6:000000c3 x14:00005394  PA:000053ac
   5586ns             554 000009d0 01072e23 sw               x16, 28(x14)        x16:00000018 x14:00005394  PA:000053b0
   5596ns             555 000009d4 02d72023 sw               x13, 32(x14)        x13:00000096 x14:00005394  PA:000053b4
   5606ns             556 000009d6 02470713 addi             x14, x14, 36        x14=000053b8 x14:00005394
   5616ns             557 000009da 02458593 addi             x11, x11, 36        x11=00002a1c x11:000029f8
   5626ns             558 000009de faf76ce3 bltu             x14, x15, -72       x14:000053b8 x15:000056c0
   5656ns             561 00000996 0045a683 lw               x13, 4(x11)         x13=0000009a x11:00002a1c  PA:00002a20
   5666ns             562 00000998 0005a283 lw               x5, 0(x11)           x5=00000005 x11:00002a1c  PA:00002a1c
   5676ns             563 0000099c 0085af83 lw               x31, 8(x11)         x31=00000007 x11:00002a1c  PA:00002a24
   5686ns             564 000009a0 00c5af03 lw               x30, 12(x11)        x30=00000012 x11:00002a1c  PA:00002a28
   5696ns             565 000009a4 0105ae83 lw               x29, 16(x11)        x29=00000080 x11:00002a1c  PA:00002a2c
   5706ns             566 000009a8 0145ae03 lw               x28, 20(x11)        x28=000000e2 x11:00002a1c  PA:00002a30
   5716ns             567 000009ac 0185a303 lw               x6, 24(x11)          x6=000000eb x11:00002a1c  PA:00002a34
   5726ns             568 000009b0 01c5a803 lw               x16, 28(x11)        x16=00000027 x11:00002a1c  PA:00002a38
   5736ns             569 000009b4 00d72223 sw               x13, 4(x14)         x13:0000009a x14:000053b8  PA:000053bc
   5746ns             570 000009b6 0205a683 lw               x13, 32(x11)        x13=000000b2 x11:00002a1c  PA:00002a3c
   5756ns             571 000009b8 00572023 sw               x5, 0(x14)           x5:00000005 x14:000053b8  PA:000053b8
   5766ns             572 000009bc 01f72423 sw               x31, 8(x14)         x31:00000007 x14:000053b8  PA:000053c0
   5776ns             573 000009c0 01e72623 sw               x30, 12(x14)        x30:00000012 x14:000053b8  PA:000053c4
   5786ns             574 000009c4 01d72823 sw               x29, 16(x14)        x29:00000080 x14:000053b8  PA:000053c8
   5796ns             575 000009c8 01c72a23 sw               x28, 20(x14)        x28:000000e2 x14:000053b8  PA:000053cc
   5806ns             576 000009cc 00672c23 sw               x6, 24(x14)          x6:000000eb x14:000053b8  PA:000053d0
   5816ns             577 000009d0 01072e23 sw               x16, 28(x14)        x16:00000027 x14:000053b8  PA:000053d4
   5826ns             578 000009d4 02d72023 sw               x13, 32(x14)        x13:000000b2 x14:000053b8  PA:000053d8
   5836ns             579 000009d6 02470713 addi             x14, x14, 36        x14=000053dc x14:000053b8
   5846ns             580 000009da 02458593 addi             x11, x11, 36        x11=00002a40 x11:00002a1c
   5856ns             581 000009de faf76ce3 bltu             x14, x15, -72       x14:000053dc x15:000056c0
   5886ns             584 00000996 0045a683 lw               x13, 4(x11)         x13=00000009 x11:00002a40  PA:00002a44
   5896ns             585 00000998 0005a283 lw               x5, 0(x11)           x5=00000075 x11:00002a40  PA:00002a40
   5906ns             586 0000099c 0085af83 lw               x31, 8(x11)         x31=00000083 x11:00002a40  PA:00002a48
   5916ns             587 000009a0 00c5af03 lw               x30, 12(x11)        x30=0000002c x11:00002a40  PA:00002a4c
   5926ns             588 000009a4 0105ae83 lw               x29, 16(x11)        x29=0000001a x11:00002a40  PA:00002a50
   5936ns             589 000009a8 0145ae03 lw               x28, 20(x11)        x28=0000001b x11:00002a40  PA:00002a54
   5946ns             590 000009ac 0185a303 lw               x6, 24(x11)          x6=0000006e x11:00002a40  PA:00002a58
   5956ns             591 000009b0 01c5a803 lw               x16, 28(x11)        x16=0000005a x11:00002a40  PA:00002a5c
   5966ns             592 000009b4 00d72223 sw               x13, 4(x14)         x13:00000009 x14:000053dc  PA:000053e0
   5976ns             593 000009b6 0205a683 lw               x13, 32(x11)        x13=000000a0 x11:00002a40  PA:00002a60
   5986ns             594 000009b8 00572023 sw               x5, 0(x14)           x5:00000075 x14:000053dc  PA:000053dc
   5996ns             595 000009bc 01f72423 sw               x31, 8(x14)         x31:00000083 x14:000053dc  PA:000053e4
   6006ns             596 000009c0 01e72623 sw               x30, 12(x14)        x30:0000002c x14:000053dc  PA:000053e8
   6016ns             597 000009c4 01d72823 sw               x29, 16(x14)        x29:0000001a x14:000053dc  PA:000053ec
   6026ns             598 000009c8 01c72a23 sw               x28, 20(x14)        x28:0000001b x14:000053dc  PA:000053f0
   6036ns             599 000009cc 00672c23 sw               x6, 24(x14)          x6:0000006e x14:000053dc  PA:000053f4
   6046ns             600 000009d0 01072e23 sw               x16, 28(x14)        x16:0000005a x14:000053dc  PA:000053f8
   6056ns             601 000009d4 02d72023 sw               x13, 32(x14)        x13:000000a0 x14:000053dc  PA:000053fc
   6066ns             602 000009d6 02470713 addi             x14, x14, 36        x14=00005400 x14:000053dc
   6076ns             603 000009da 02458593 addi             x11, x11, 36        x11=00002a64 x11:00002a40
   6086ns             604 000009de faf76ce3 bltu             x14, x15, -72       x14:00005400 x15:000056c0
   6116ns             607 00000996 0045a683 lw               x13, 4(x11)         x13=0000003b x11:00002a64  PA:00002a68
   6126ns             608 00000998 0005a283 lw               x5, 0(x11)           x5=00000052 x11:00002a64  PA:00002a64
   6136ns             609 0000099c 0085af83 lw               x31, 8(x11)         x31=000000d6 x11:00002a64  PA:00002a6c
   6146ns             610 000009a0 00c5af03 lw               x30, 12(x11)        x30=000000b3 x11:00002a64  PA:00002a70
   6156ns             611 000009a4 0105ae83 lw               x29, 16(x11)        x29=00000029 x11:00002a64  PA:00002a74
   6166ns             612 000009a8 0145ae03 lw               x28, 20(x11)        x28=000000e3 x11:00002a64  PA:00002a78
   6176ns             613 000009ac 0185a303 lw               x6, 24(x11)          x6=0000002f x11:00002a64  PA:00002a7c
   6186ns             614 000009b0 01c5a803 lw               x16, 28(x11)        x16=00000084 x11:00002a64  PA:00002a80
   6196ns             615 000009b4 00d72223 sw               x13, 4(x14)         x13:0000003b x14:00005400  PA:00005404
   6206ns             616 000009b6 0205a683 lw               x13, 32(x11)        x13=00000053 x11:00002a64  PA:00002a84
   6216ns             617 000009b8 00572023 sw               x5, 0(x14)           x5:00000052 x14:00005400  PA:00005400
   6226ns             618 000009bc 01f72423 sw               x31, 8(x14)         x31:000000d6 x14:00005400  PA:00005408
   6236ns             619 000009c0 01e72623 sw               x30, 12(x14)        x30:000000b3 x14:00005400  PA:0000540c
   6246ns             620 000009c4 01d72823 sw               x29, 16(x14)        x29:00000029 x14:00005400  PA:00005410
   6256ns             621 000009c8 01c72a23 sw               x28, 20(x14)        x28:000000e3 x14:00005400  PA:00005414
   6266ns             622 000009cc 00672c23 sw               x6, 24(x14)          x6:0000002f x14:00005400  PA:00005418
   6276ns             623 000009d0 01072e23 sw               x16, 28(x14)        x16:00000084 x14:00005400  PA:0000541c
   6286ns             624 000009d4 02d72023 sw               x13, 32(x14)        x13:00000053 x14:00005400  PA:00005420
   6296ns             625 000009d6 02470713 addi             x14, x14, 36        x14=00005424 x14:00005400
   6306ns             626 000009da 02458593 addi             x11, x11, 36        x11=00002a88 x11:00002a64
   6316ns             627 000009de faf76ce3 bltu             x14, x15, -72       x14:00005424 x15:000056c0
   6346ns             630 00000996 0045a683 lw               x13, 4(x11)         x13=00000000 x11:00002a88  PA:00002a8c
   6356ns             631 00000998 0005a283 lw               x5, 0(x11)           x5=000000d1 x11:00002a88  PA:00002a88
   6366ns             632 0000099c 0085af83 lw               x31, 8(x11)         x31=000000ed x11:00002a88  PA:00002a90
   6376ns             633 000009a0 00c5af03 lw               x30, 12(x11)        x30=00000020 x11:00002a88  PA:00002a94
   6386ns             634 000009a4 0105ae83 lw               x29, 16(x11)        x29=000000fc x11:00002a88  PA:00002a98
   6396ns             635 000009a8 0145ae03 lw               x28, 20(x11)        x28=000000b1 x11:00002a88  PA:00002a9c
   6406ns             636 000009ac 0185a303 lw               x6, 24(x11)          x6=0000005b x11:00002a88  PA:00002aa0
   6416ns             637 000009b0 01c5a803 lw               x16, 28(x11)        x16=0000006a x11:00002a88  PA:00002aa4
   6426ns             638 000009b4 00d72223 sw               x13, 4(x14)         x13:00000000 x14:00005424  PA:00005428
   6436ns             639 000009b6 0205a683 lw               x13, 32(x11)        x13=000000cb x11:00002a88  PA:00002aa8
   6446ns             640 000009b8 00572023 sw               x5, 0(x14)           x5:000000d1 x14:00005424  PA:00005424
   6456ns             641 000009bc 01f72423 sw               x31, 8(x14)         x31:000000ed x14:00005424  PA:0000542c
   6466ns             642 000009c0 01e72623 sw               x30, 12(x14)        x30:00000020 x14:00005424  PA:00005430
   6476ns             643 000009c4 01d72823 sw               x29, 16(x14)        x29:000000fc x14:00005424  PA:00005434
   6486ns             644 000009c8 01c72a23 sw               x28, 20(x14)        x28:000000b1 x14:00005424  PA:00005438
   6496ns             645 000009cc 00672c23 sw               x6, 24(x14)          x6:0000005b x14:00005424  PA:0000543c
   6506ns             646 000009d0 01072e23 sw               x16, 28(x14)        x16:0000006a x14:00005424  PA:00005440
   6516ns             647 000009d4 02d72023 sw               x13, 32(x14)        x13:000000cb x14:00005424  PA:00005444
   6526ns             648 000009d6 02470713 addi             x14, x14, 36        x14=00005448 x14:00005424
   6536ns             649 000009da 02458593 addi             x11, x11, 36        x11=00002aac x11:00002a88
   6546ns             650 000009de faf76ce3 bltu             x14, x15, -72       x14:00005448 x15:000056c0
   6576ns             653 00000996 0045a683 lw               x13, 4(x11)         x13=00000039 x11:00002aac  PA:00002ab0
   6586ns             654 00000998 0005a283 lw               x5, 0(x11)           x5=000000be x11:00002aac  PA:00002aac
   6596ns             655 0000099c 0085af83 lw               x31, 8(x11)         x31=0000004a x11:00002aac  PA:00002ab4
   6606ns             656 000009a0 00c5af03 lw               x30, 12(x11)        x30=0000004c x11:00002aac  PA:00002ab8
   6616ns             657 000009a4 0105ae83 lw               x29, 16(x11)        x29=00000058 x11:00002aac  PA:00002abc
   6626ns             658 000009a8 0145ae03 lw               x28, 20(x11)        x28=000000cf x11:00002aac  PA:00002ac0
   6636ns             659 000009ac 0185a303 lw               x6, 24(x11)          x6=000000d0 x11:00002aac  PA:00002ac4
   6646ns             660 000009b0 01c5a803 lw               x16, 28(x11)        x16=000000ef x11:00002aac  PA:00002ac8
   6656ns             661 000009b4 00d72223 sw               x13, 4(x14)         x13:00000039 x14:00005448  PA:0000544c
   6666ns             662 000009b6 0205a683 lw               x13, 32(x11)        x13=000000aa x11:00002aac  PA:00002acc
   6676ns             663 000009b8 00572023 sw               x5, 0(x14)           x5:000000be x14:00005448  PA:00005448
   6686ns             664 000009bc 01f72423 sw               x31, 8(x14)         x31:0000004a x14:00005448  PA:00005450
   6696ns             665 000009c0 01e72623 sw               x30, 12(x14)        x30:0000004c x14:00005448  PA:00005454
   6706ns             666 000009c4 01d72823 sw               x29, 16(x14)        x29:00000058 x14:00005448  PA:00005458
   6716ns             667 000009c8 01c72a23 sw               x28, 20(x14)        x28:000000cf x14:00005448  PA:0000545c
   6726ns             668 000009cc 00672c23 sw               x6, 24(x14)          x6:000000d0 x14:00005448  PA:00005460
   6736ns             669 000009d0 01072e23 sw               x16, 28(x14)        x16:000000ef x14:00005448  PA:00005464
   6746ns             670 000009d4 02d72023 sw               x13, 32(x14)        x13:000000aa x14:00005448  PA:00005468
   6756ns             671 000009d6 02470713 addi             x14, x14, 36        x14=0000546c x14:00005448
   6766ns             672 000009da 02458593 addi             x11, x11, 36        x11=00002ad0 x11:00002aac
   6776ns             673 000009de faf76ce3 bltu             x14, x15, -72       x14:0000546c x15:000056c0
   6806ns             676 00000996 0045a683 lw               x13, 4(x11)         x13=00000043 x11:00002ad0  PA:00002ad4
   6816ns             677 00000998 0005a283 lw               x5, 0(x11)           x5=000000fb x11:00002ad0  PA:00002ad0
   6826ns             678 0000099c 0085af83 lw               x31, 8(x11)         x31=0000004d x11:00002ad0  PA:00002ad8
   6836ns             679 000009a0 00c5af03 lw               x30, 12(x11)        x30=00000033 x11:00002ad0  PA:00002adc
   6846ns             680 000009a4 0105ae83 lw               x29, 16(x11)        x29=00000085 x11:00002ad0  PA:00002ae0
   6856ns             681 000009a8 0145ae03 lw               x28, 20(x11)        x28=00000045 x11:00002ad0  PA:00002ae4
   6866ns             682 000009ac 0185a303 lw               x6, 24(x11)          x6=000000f9 x11:00002ad0  PA:00002ae8
   6876ns             683 000009b0 01c5a803 lw               x16, 28(x11)        x16=00000002 x11:00002ad0  PA:00002aec
   6886ns             684 000009b4 00d72223 sw               x13, 4(x14)         x13:00000043 x14:0000546c  PA:00005470
   6896ns             685 000009b6 0205a683 lw               x13, 32(x11)        x13=0000007f x11:00002ad0  PA:00002af0
   6906ns             686 000009b8 00572023 sw               x5, 0(x14)           x5:000000fb x14:0000546c  PA:0000546c
   6916ns             687 000009bc 01f72423 sw               x31, 8(x14)         x31:0000004d x14:0000546c  PA:00005474
   6926ns             688 000009c0 01e72623 sw               x30, 12(x14)        x30:00000033 x14:0000546c  PA:00005478
   6936ns             689 000009c4 01d72823 sw               x29, 16(x14)        x29:00000085 x14:0000546c  PA:0000547c
   6946ns             690 000009c8 01c72a23 sw               x28, 20(x14)        x28:00000045 x14:0000546c  PA:00005480
   6956ns             691 000009cc 00672c23 sw               x6, 24(x14)          x6:000000f9 x14:0000546c  PA:00005484
   6966ns             692 000009d0 01072e23 sw               x16, 28(x14)        x16:00000002 x14:0000546c  PA:00005488
   6976ns             693 000009d4 02d72023 sw               x13, 32(x14)        x13:0000007f x14:0000546c  PA:0000548c
   6986ns             694 000009d6 02470713 addi             x14, x14, 36        x14=00005490 x14:0000546c
   6996ns             695 000009da 02458593 addi             x11, x11, 36        x11=00002af4 x11:00002ad0
   7006ns             696 000009de faf76ce3 bltu             x14, x15, -72       x14:00005490 x15:000056c0
   7036ns             699 00000996 0045a683 lw               x13, 4(x11)         x13=0000003c x11:00002af4  PA:00002af8
   7046ns             700 00000998 0005a283 lw               x5, 0(x11)           x5=00000050 x11:00002af4  PA:00002af4
   7056ns             701 0000099c 0085af83 lw               x31, 8(x11)         x31=0000009f x11:00002af4  PA:00002afc
   7066ns             702 000009a0 00c5af03 lw               x30, 12(x11)        x30=000000a8 x11:00002af4  PA:00002b00
   7076ns             703 000009a4 0105ae83 lw               x29, 16(x11)        x29=00000051 x11:00002af4  PA:00002b04
   7086ns             704 000009a8 0145ae03 lw               x28, 20(x11)        x28=000000a3 x11:00002af4  PA:00002b08
   7096ns             705 000009ac 0185a303 lw               x6, 24(x11)          x6=00000040 x11:00002af4  PA:00002b0c
   7106ns             706 000009b0 01c5a803 lw               x16, 28(x11)        x16=0000008f x11:00002af4  PA:00002b10
   7116ns             707 000009b4 00d72223 sw               x13, 4(x14)         x13:0000003c x14:00005490  PA:00005494
   7126ns             708 000009b6 0205a683 lw               x13, 32(x11)        x13=00000092 x11:00002af4  PA:00002b14
   7136ns             709 000009b8 00572023 sw               x5, 0(x14)           x5:00000050 x14:00005490  PA:00005490
   7146ns             710 000009bc 01f72423 sw               x31, 8(x14)         x31:0000009f x14:00005490  PA:00005498
   7156ns             711 000009c0 01e72623 sw               x30, 12(x14)        x30:000000a8 x14:00005490  PA:0000549c
   7166ns             712 000009c4 01d72823 sw               x29, 16(x14)        x29:00000051 x14:00005490  PA:000054a0
   7176ns             713 000009c8 01c72a23 sw               x28, 20(x14)        x28:000000a3 x14:00005490  PA:000054a4
   7186ns             714 000009cc 00672c23 sw               x6, 24(x14)          x6:00000040 x14:00005490  PA:000054a8
   7196ns             715 000009d0 01072e23 sw               x16, 28(x14)        x16:0000008f x14:00005490  PA:000054ac
   7206ns             716 000009d4 02d72023 sw               x13, 32(x14)        x13:00000092 x14:00005490  PA:000054b0
   7216ns             717 000009d6 02470713 addi             x14, x14, 36        x14=000054b4 x14:00005490
   7226ns             718 000009da 02458593 addi             x11, x11, 36        x11=00002b18 x11:00002af4
   7236ns             719 000009de faf76ce3 bltu             x14, x15, -72       x14:000054b4 x15:000056c0
   7266ns             722 00000996 0045a683 lw               x13, 4(x11)         x13=00000038 x11:00002b18  PA:00002b1c
   7276ns             723 00000998 0005a283 lw               x5, 0(x11)           x5=0000009d x11:00002b18  PA:00002b18
   7286ns             724 0000099c 0085af83 lw               x31, 8(x11)         x31=000000f5 x11:00002b18  PA:00002b20
   7296ns             725 000009a0 00c5af03 lw               x30, 12(x11)        x30=000000bc x11:00002b18  PA:00002b24
   7306ns             726 000009a4 0105ae83 lw               x29, 16(x11)        x29=000000b6 x11:00002b18  PA:00002b28
   7316ns             727 000009a8 0145ae03 lw               x28, 20(x11)        x28=000000da x11:00002b18  PA:00002b2c
   7326ns             728 000009ac 0185a303 lw               x6, 24(x11)          x6=00000021 x11:00002b18  PA:00002b30
   7336ns             729 000009b0 01c5a803 lw               x16, 28(x11)        x16=00000010 x11:00002b18  PA:00002b34
   7346ns             730 000009b4 00d72223 sw               x13, 4(x14)         x13:00000038 x14:000054b4  PA:000054b8
   7356ns             731 000009b6 0205a683 lw               x13, 32(x11)        x13=000000ff x11:00002b18  PA:00002b38
   7366ns             732 000009b8 00572023 sw               x5, 0(x14)           x5:0000009d x14:000054b4  PA:000054b4
   7376ns             733 000009bc 01f72423 sw               x31, 8(x14)         x31:000000f5 x14:000054b4  PA:000054bc
   7386ns             734 000009c0 01e72623 sw               x30, 12(x14)        x30:000000bc x14:000054b4  PA:000054c0
   7396ns             735 000009c4 01d72823 sw               x29, 16(x14)        x29:000000b6 x14:000054b4  PA:000054c4
   7406ns             736 000009c8 01c72a23 sw               x28, 20(x14)        x28:000000da x14:000054b4  PA:000054c8
   7416ns             737 000009cc 00672c23 sw               x6, 24(x14)          x6:00000021 x14:000054b4  PA:000054cc
   7426ns             738 000009d0 01072e23 sw               x16, 28(x14)        x16:00000010 x14:000054b4  PA:000054d0
   7436ns             739 000009d4 02d72023 sw               x13, 32(x14)        x13:000000ff x14:000054b4  PA:000054d4
   7446ns             740 000009d6 02470713 addi             x14, x14, 36        x14=000054d8 x14:000054b4
   7456ns             741 000009da 02458593 addi             x11, x11, 36        x11=00002b3c x11:00002b18
   7466ns             742 000009de faf76ce3 bltu             x14, x15, -72       x14:000054d8 x15:000056c0
   7496ns             745 00000996 0045a683 lw               x13, 4(x11)         x13=000000d2 x11:00002b3c  PA:00002b40
   7506ns             746 00000998 0005a283 lw               x5, 0(x11)           x5=000000f3 x11:00002b3c  PA:00002b3c
   7516ns             747 0000099c 0085af83 lw               x31, 8(x11)         x31=000000cd x11:00002b3c  PA:00002b44
   7526ns             748 000009a0 00c5af03 lw               x30, 12(x11)        x30=0000000c x11:00002b3c  PA:00002b48
   7536ns             749 000009a4 0105ae83 lw               x29, 16(x11)        x29=00000013 x11:00002b3c  PA:00002b4c
   7546ns             750 000009a8 0145ae03 lw               x28, 20(x11)        x28=000000ec x11:00002b3c  PA:00002b50
   7556ns             751 000009ac 0185a303 lw               x6, 24(x11)          x6=0000005f x11:00002b3c  PA:00002b54
   7566ns             752 000009b0 01c5a803 lw               x16, 28(x11)        x16=00000097 x11:00002b3c  PA:00002b58
   7576ns             753 000009b4 00d72223 sw               x13, 4(x14)         x13:000000d2 x14:000054d8  PA:000054dc
   7586ns             754 000009b6 0205a683 lw               x13, 32(x11)        x13=00000044 x11:00002b3c  PA:00002b5c
   7596ns             755 000009b8 00572023 sw               x5, 0(x14)           x5:000000f3 x14:000054d8  PA:000054d8
   7606ns             756 000009bc 01f72423 sw               x31, 8(x14)         x31:000000cd x14:000054d8  PA:000054e0
   7616ns             757 000009c0 01e72623 sw               x30, 12(x14)        x30:0000000c x14:000054d8  PA:000054e4
   7626ns             758 000009c4 01d72823 sw               x29, 16(x14)        x29:00000013 x14:000054d8  PA:000054e8
   7636ns             759 000009c8 01c72a23 sw               x28, 20(x14)        x28:000000ec x14:000054d8  PA:000054ec
   7646ns             760 000009cc 00672c23 sw               x6, 24(x14)          x6:0000005f x14:000054d8  PA:000054f0
   7656ns             761 000009d0 01072e23 sw               x16, 28(x14)        x16:00000097 x14:000054d8  PA:000054f4
   7666ns             762 000009d4 02d72023 sw               x13, 32(x14)        x13:00000044 x14:000054d8  PA:000054f8
   7676ns             763 000009d6 02470713 addi             x14, x14, 36        x14=000054fc x14:000054d8
   7686ns             764 000009da 02458593 addi             x11, x11, 36        x11=00002b60 x11:00002b3c
   7696ns             765 000009de faf76ce3 bltu             x14, x15, -72       x14:000054fc x15:000056c0
   7726ns             768 00000996 0045a683 lw               x13, 4(x11)         x13=000000c4 x11:00002b60  PA:00002b64
   7736ns             769 00000998 0005a283 lw               x5, 0(x11)           x5=00000017 x11:00002b60  PA:00002b60
   7746ns             770 0000099c 0085af83 lw               x31, 8(x11)         x31=000000a7 x11:00002b60  PA:00002b68
   7756ns             771 000009a0 00c5af03 lw               x30, 12(x11)        x30=0000007e x11:00002b60  PA:00002b6c
   7766ns             772 000009a4 0105ae83 lw               x29, 16(x11)        x29=0000003d x11:00002b60  PA:00002b70
   7776ns             773 000009a8 0145ae03 lw               x28, 20(x11)        x28=00000064 x11:00002b60  PA:00002b74
   7786ns             774 000009ac 0185a303 lw               x6, 24(x11)          x6=0000005d x11:00002b60  PA:00002b78
   7796ns             775 000009b0 01c5a803 lw               x16, 28(x11)        x16=00000019 x11:00002b60  PA:00002b7c
   7806ns             776 000009b4 00d72223 sw               x13, 4(x14)         x13:000000c4 x14:000054fc  PA:00005500
   7816ns             777 000009b6 0205a683 lw               x13, 32(x11)        x13=00000073 x11:00002b60  PA:00002b80
   7826ns             778 000009b8 00572023 sw               x5, 0(x14)           x5:00000017 x14:000054fc  PA:000054fc
   7836ns             779 000009bc 01f72423 sw               x31, 8(x14)         x31:000000a7 x14:000054fc  PA:00005504
   7846ns             780 000009c0 01e72623 sw               x30, 12(x14)        x30:0000007e x14:000054fc  PA:00005508
   7856ns             781 000009c4 01d72823 sw               x29, 16(x14)        x29:0000003d x14:000054fc  PA:0000550c
   7866ns             782 000009c8 01c72a23 sw               x28, 20(x14)        x28:00000064 x14:000054fc  PA:00005510
   7876ns             783 000009cc 00672c23 sw               x6, 24(x14)          x6:0000005d x14:000054fc  PA:00005514
   7886ns             784 000009d0 01072e23 sw               x16, 28(x14)        x16:00000019 x14:000054fc  PA:00005518
   7896ns             785 000009d4 02d72023 sw               x13, 32(x14)        x13:00000073 x14:000054fc  PA:0000551c
   7906ns             786 000009d6 02470713 addi             x14, x14, 36        x14=00005520 x14:000054fc
   7916ns             787 000009da 02458593 addi             x11, x11, 36        x11=00002b84 x11:00002b60
   7926ns             788 000009de faf76ce3 bltu             x14, x15, -72       x14:00005520 x15:000056c0
   7956ns             791 00000996 0045a683 lw               x13, 4(x11)         x13=00000081 x11:00002b84  PA:00002b88
   7966ns             792 00000998 0005a283 lw               x5, 0(x11)           x5=00000060 x11:00002b84  PA:00002b84
   7976ns             793 0000099c 0085af83 lw               x31, 8(x11)         x31=0000004f x11:00002b84  PA:00002b8c
   7986ns             794 000009a0 00c5af03 lw               x30, 12(x11)        x30=000000dc x11:00002b84  PA:00002b90
   7996ns             795 000009a4 0105ae83 lw               x29, 16(x11)        x29=00000022 x11:00002b84  PA:00002b94
   8006ns             796 000009a8 0145ae03 lw               x28, 20(x11)        x28=0000002a x11:00002b84  PA:00002b98
   8016ns             797 000009ac 0185a303 lw               x6, 24(x11)          x6=00000090 x11:00002b84  PA:00002b9c
   8026ns             798 000009b0 01c5a803 lw               x16, 28(x11)        x16=00000088 x11:00002b84  PA:00002ba0
   8036ns             799 000009b4 00d72223 sw               x13, 4(x14)         x13:00000081 x14:00005520  PA:00005524
   8046ns             800 000009b6 0205a683 lw               x13, 32(x11)        x13=00000046 x11:00002b84  PA:00002ba4
   8056ns             801 000009b8 00572023 sw               x5, 0(x14)           x5:00000060 x14:00005520  PA:00005520
   8066ns             802 000009bc 01f72423 sw               x31, 8(x14)         x31:0000004f x14:00005520  PA:00005528
   8076ns             803 000009c0 01e72623 sw               x30, 12(x14)        x30:000000dc x14:00005520  PA:0000552c
   8086ns             804 000009c4 01d72823 sw               x29, 16(x14)        x29:00000022 x14:00005520  PA:00005530
   8096ns             805 000009c8 01c72a23 sw               x28, 20(x14)        x28:0000002a x14:00005520  PA:00005534
   8106ns             806 000009cc 00672c23 sw               x6, 24(x14)          x6:00000090 x14:00005520  PA:00005538
   8116ns             807 000009d0 01072e23 sw               x16, 28(x14)        x16:00000088 x14:00005520  PA:0000553c
   8126ns             808 000009d4 02d72023 sw               x13, 32(x14)        x13:00000046 x14:00005520  PA:00005540
   8136ns             809 000009d6 02470713 addi             x14, x14, 36        x14=00005544 x14:00005520
   8146ns             810 000009da 02458593 addi             x11, x11, 36        x11=00002ba8 x11:00002b84
   8156ns             811 000009de faf76ce3 bltu             x14, x15, -72       x14:00005544 x15:000056c0
   8186ns             814 00000996 0045a683 lw               x13, 4(x11)         x13=000000b8 x11:00002ba8  PA:00002bac
   8196ns             815 00000998 0005a283 lw               x5, 0(x11)           x5=000000ee x11:00002ba8  PA:00002ba8
   8206ns             816 0000099c 0085af83 lw               x31, 8(x11)         x31=00000014 x11:00002ba8  PA:00002bb0
   8216ns             817 000009a0 00c5af03 lw               x30, 12(x11)        x30=000000de x11:00002ba8  PA:00002bb4
   8226ns             818 000009a4 0105ae83 lw               x29, 16(x11)        x29=0000005e x11:00002ba8  PA:00002bb8
   8236ns             819 000009a8 0145ae03 lw               x28, 20(x11)        x28=0000000b x11:00002ba8  PA:00002bbc
   8246ns             820 000009ac 0185a303 lw               x6, 24(x11)          x6=000000db x11:00002ba8  PA:00002bc0
   8256ns             821 000009b0 01c5a803 lw               x16, 28(x11)        x16=000000e0 x11:00002ba8  PA:00002bc4
   8266ns             822 000009b4 00d72223 sw               x13, 4(x14)         x13:000000b8 x14:00005544  PA:00005548
   8276ns             823 000009b6 0205a683 lw               x13, 32(x11)        x13=00000032 x11:00002ba8  PA:00002bc8
   8286ns             824 000009b8 00572023 sw               x5, 0(x14)           x5:000000ee x14:00005544  PA:00005544
   8296ns             825 000009bc 01f72423 sw               x31, 8(x14)         x31:00000014 x14:00005544  PA:0000554c
   8306ns             826 000009c0 01e72623 sw               x30, 12(x14)        x30:000000de x14:00005544  PA:00005550
   8316ns             827 000009c4 01d72823 sw               x29, 16(x14)        x29:0000005e x14:00005544  PA:00005554
   8326ns             828 000009c8 01c72a23 sw               x28, 20(x14)        x28:0000000b x14:00005544  PA:00005558
   8336ns             829 000009cc 00672c23 sw               x6, 24(x14)          x6:000000db x14:00005544  PA:0000555c
   8346ns             830 000009d0 01072e23 sw               x16, 28(x14)        x16:000000e0 x14:00005544  PA:00005560
   8356ns             831 000009d4 02d72023 sw               x13, 32(x14)        x13:00000032 x14:00005544  PA:00005564
   8366ns             832 000009d6 02470713 addi             x14, x14, 36        x14=00005568 x14:00005544
   8376ns             833 000009da 02458593 addi             x11, x11, 36        x11=00002bcc x11:00002ba8
   8386ns             834 000009de faf76ce3 bltu             x14, x15, -72       x14:00005568 x15:000056c0
   8416ns             837 00000996 0045a683 lw               x13, 4(x11)         x13=0000000a x11:00002bcc  PA:00002bd0
   8426ns             838 00000998 0005a283 lw               x5, 0(x11)           x5=0000003a x11:00002bcc  PA:00002bcc
   8436ns             839 0000099c 0085af83 lw               x31, 8(x11)         x31=00000049 x11:00002bcc  PA:00002bd4
   8446ns             840 000009a0 00c5af03 lw               x30, 12(x11)        x30=00000006 x11:00002bcc  PA:00002bd8
   8456ns             841 000009a4 0105ae83 lw               x29, 16(x11)        x29=00000024 x11:00002bcc  PA:00002bdc
   8466ns             842 000009a8 0145ae03 lw               x28, 20(x11)        x28=0000005c x11:00002bcc  PA:00002be0
   8476ns             843 000009ac 0185a303 lw               x6, 24(x11)          x6=000000c2 x11:00002bcc  PA:00002be4
   8486ns             844 000009b0 01c5a803 lw               x16, 28(x11)        x16=000000d3 x11:00002bcc  PA:00002be8
   8496ns             845 000009b4 00d72223 sw               x13, 4(x14)         x13:0000000a x14:00005568  PA:0000556c
   8506ns             846 000009b6 0205a683 lw               x13, 32(x11)        x13=000000ac x11:00002bcc  PA:00002bec
   8516ns             847 000009b8 00572023 sw               x5, 0(x14)           x5:0000003a x14:00005568  PA:00005568
   8526ns             848 000009bc 01f72423 sw               x31, 8(x14)         x31:00000049 x14:00005568  PA:00005570
   8536ns             849 000009c0 01e72623 sw               x30, 12(x14)        x30:00000006 x14:00005568  PA:00005574
   8546ns             850 000009c4 01d72823 sw               x29, 16(x14)        x29:00000024 x14:00005568  PA:00005578
   8556ns             851 000009c8 01c72a23 sw               x28, 20(x14)        x28:0000005c x14:00005568  PA:0000557c
   8566ns             852 000009cc 00672c23 sw               x6, 24(x14)          x6:000000c2 x14:00005568  PA:00005580
   8576ns             853 000009d0 01072e23 sw               x16, 28(x14)        x16:000000d3 x14:00005568  PA:00005584
   8586ns             854 000009d4 02d72023 sw               x13, 32(x14)        x13:000000ac x14:00005568  PA:00005588
   8596ns             855 000009d6 02470713 addi             x14, x14, 36        x14=0000558c x14:00005568
   8606ns             856 000009da 02458593 addi             x11, x11, 36        x11=00002bf0 x11:00002bcc
   8616ns             857 000009de faf76ce3 bltu             x14, x15, -72       x14:0000558c x15:000056c0
   8646ns             860 00000996 0045a683 lw               x13, 4(x11)         x13=00000091 x11:00002bf0  PA:00002bf4
   8656ns             861 00000998 0005a283 lw               x5, 0(x11)           x5=00000062 x11:00002bf0  PA:00002bf0
   8666ns             862 0000099c 0085af83 lw               x31, 8(x11)         x31=00000095 x11:00002bf0  PA:00002bf8
   8676ns             863 000009a0 00c5af03 lw               x30, 12(x11)        x30=000000e4 x11:00002bf0  PA:00002bfc
   8686ns             864 000009a4 0105ae83 lw               x29, 16(x11)        x29=00000079 x11:00002bf0  PA:00002c00
   8696ns             865 000009a8 0145ae03 lw               x28, 20(x11)        x28=000000e7 x11:00002bf0  PA:00002c04
   8706ns             866 000009ac 0185a303 lw               x6, 24(x11)          x6=000000c8 x11:00002bf0  PA:00002c08
   8716ns             867 000009b0 01c5a803 lw               x16, 28(x11)        x16=00000037 x11:00002bf0  PA:00002c0c
   8726ns             868 000009b4 00d72223 sw               x13, 4(x14)         x13:00000091 x14:0000558c  PA:00005590
   8736ns             869 000009b6 0205a683 lw               x13, 32(x11)        x13=0000006d x11:00002bf0  PA:00002c10
   8746ns             870 000009b8 00572023 sw               x5, 0(x14)           x5:00000062 x14:0000558c  PA:0000558c
   8756ns             871 000009bc 01f72423 sw               x31, 8(x14)         x31:00000095 x14:0000558c  PA:00005594
   8766ns             872 000009c0 01e72623 sw               x30, 12(x14)        x30:000000e4 x14:0000558c  PA:00005598
   8776ns             873 000009c4 01d72823 sw               x29, 16(x14)        x29:00000079 x14:0000558c  PA:0000559c
   8786ns             874 000009c8 01c72a23 sw               x28, 20(x14)        x28:000000e7 x14:0000558c  PA:000055a0
   8796ns             875 000009cc 00672c23 sw               x6, 24(x14)          x6:000000c8 x14:0000558c  PA:000055a4
   8806ns             876 000009d0 01072e23 sw               x16, 28(x14)        x16:00000037 x14:0000558c  PA:000055a8
   8816ns             877 000009d4 02d72023 sw               x13, 32(x14)        x13:0000006d x14:0000558c  PA:000055ac
   8826ns             878 000009d6 02470713 addi             x14, x14, 36        x14=000055b0 x14:0000558c
   8836ns             879 000009da 02458593 addi             x11, x11, 36        x11=00002c14 x11:00002bf0
   8846ns             880 000009de faf76ce3 bltu             x14, x15, -72       x14:000055b0 x15:000056c0
   8876ns             883 00000996 0045a683 lw               x13, 4(x11)         x13=000000d5 x11:00002c14  PA:00002c18
   8886ns             884 00000998 0005a283 lw               x5, 0(x11)           x5=0000008d x11:00002c14  PA:00002c14
   8896ns             885 0000099c 0085af83 lw               x31, 8(x11)         x31=0000004e x11:00002c14  PA:00002c1c
   8906ns             886 000009a0 00c5af03 lw               x30, 12(x11)        x30=000000a9 x11:00002c14  PA:00002c20
   8916ns             887 000009a4 0105ae83 lw               x29, 16(x11)        x29=0000006c x11:00002c14  PA:00002c24
   8926ns             888 000009a8 0145ae03 lw               x28, 20(x11)        x28=00000056 x11:00002c14  PA:00002c28
   8936ns             889 000009ac 0185a303 lw               x6, 24(x11)          x6=000000f4 x11:00002c14  PA:00002c2c
   8946ns             890 000009b0 01c5a803 lw               x16, 28(x11)        x16=000000ea x11:00002c14  PA:00002c30
   8956ns             891 000009b4 00d72223 sw               x13, 4(x14)         x13:000000d5 x14:000055b0  PA:000055b4
   8966ns             892 000009b6 0205a683 lw               x13, 32(x11)        x13=00000065 x11:00002c14  PA:00002c34
   8976ns             893 000009b8 00572023 sw               x5, 0(x14)           x5:0000008d x14:000055b0  PA:000055b0
   8986ns             894 000009bc 01f72423 sw               x31, 8(x14)         x31:0000004e x14:000055b0  PA:000055b8
   8996ns             895 000009c0 01e72623 sw               x30, 12(x14)        x30:000000a9 x14:000055b0  PA:000055bc
   9006ns             896 000009c4 01d72823 sw               x29, 16(x14)        x29:0000006c x14:000055b0  PA:000055c0
   9016ns             897 000009c8 01c72a23 sw               x28, 20(x14)        x28:00000056 x14:000055b0  PA:000055c4
   9026ns             898 000009cc 00672c23 sw               x6, 24(x14)          x6:000000f4 x14:000055b0  PA:000055c8
   9036ns             899 000009d0 01072e23 sw               x16, 28(x14)        x16:000000ea x14:000055b0  PA:000055cc
   9046ns             900 000009d4 02d72023 sw               x13, 32(x14)        x13:00000065 x14:000055b0  PA:000055d0
   9056ns             901 000009d6 02470713 addi             x14, x14, 36        x14=000055d4 x14:000055b0
   9066ns             902 000009da 02458593 addi             x11, x11, 36        x11=00002c38 x11:00002c14
   9076ns             903 000009de faf76ce3 bltu             x14, x15, -72       x14:000055d4 x15:000056c0
   9106ns             906 00000996 0045a683 lw               x13, 4(x11)         x13=000000ae x11:00002c38  PA:00002c3c
   9116ns             907 00000998 0005a283 lw               x5, 0(x11)           x5=0000007a x11:00002c38  PA:00002c38
   9126ns             908 0000099c 0085af83 lw               x31, 8(x11)         x31=00000008 x11:00002c38  PA:00002c40
   9136ns             909 000009a0 00c5af03 lw               x30, 12(x11)        x30=000000ba x11:00002c38  PA:00002c44
   9146ns             910 000009a4 0105ae83 lw               x29, 16(x11)        x29=00000078 x11:00002c38  PA:00002c48
   9156ns             911 000009a8 0145ae03 lw               x28, 20(x11)        x28=00000025 x11:00002c38  PA:00002c4c
   9166ns             912 000009ac 0185a303 lw               x6, 24(x11)          x6=0000002e x11:00002c38  PA:00002c50
   9176ns             913 000009b0 01c5a803 lw               x16, 28(x11)        x16=0000001c x11:00002c38  PA:00002c54
   9186ns             914 000009b4 00d72223 sw               x13, 4(x14)         x13:000000ae x14:000055d4  PA:000055d8
   9196ns             915 000009b6 0205a683 lw               x13, 32(x11)        x13=000000a6 x11:00002c38  PA:00002c58
   9206ns             916 000009b8 00572023 sw               x5, 0(x14)           x5:0000007a x14:000055d4  PA:000055d4
   9216ns             917 000009bc 01f72423 sw               x31, 8(x14)         x31:00000008 x14:000055d4  PA:000055dc
   9226ns             918 000009c0 01e72623 sw               x30, 12(x14)        x30:000000ba x14:000055d4  PA:000055e0
   9236ns             919 000009c4 01d72823 sw               x29, 16(x14)        x29:00000078 x14:000055d4  PA:000055e4
   9246ns             920 000009c8 01c72a23 sw               x28, 20(x14)        x28:00000025 x14:000055d4  PA:000055e8
   9256ns             921 000009cc 00672c23 sw               x6, 24(x14)          x6:0000002e x14:000055d4  PA:000055ec
   9266ns             922 000009d0 01072e23 sw               x16, 28(x14)        x16:0000001c x14:000055d4  PA:000055f0
   9276ns             923 000009d4 02d72023 sw               x13, 32(x14)        x13:000000a6 x14:000055d4  PA:000055f4
   9286ns             924 000009d6 02470713 addi             x14, x14, 36        x14=000055f8 x14:000055d4
   9296ns             925 000009da 02458593 addi             x11, x11, 36        x11=00002c5c x11:00002c38
   9306ns             926 000009de faf76ce3 bltu             x14, x15, -72       x14:000055f8 x15:000056c0
   9336ns             929 00000996 0045a683 lw               x13, 4(x11)         x13=000000c6 x11:00002c5c  PA:00002c60
   9346ns             930 00000998 0005a283 lw               x5, 0(x11)           x5=000000b4 x11:00002c5c  PA:00002c5c
   9356ns             931 0000099c 0085af83 lw               x31, 8(x11)         x31=000000e8 x11:00002c5c  PA:00002c64
   9366ns             932 000009a0 00c5af03 lw               x30, 12(x11)        x30=000000dd x11:00002c5c  PA:00002c68
   9376ns             933 000009a4 0105ae83 lw               x29, 16(x11)        x29=00000074 x11:00002c5c  PA:00002c6c
   9386ns             934 000009a8 0145ae03 lw               x28, 20(x11)        x28=0000001f x11:00002c5c  PA:00002c70
   9396ns             935 000009ac 0185a303 lw               x6, 24(x11)          x6=0000004b x11:00002c5c  PA:00002c74
   9406ns             936 000009b0 01c5a803 lw               x16, 28(x11)        x16=000000bd x11:00002c5c  PA:00002c78
   9416ns             937 000009b4 00d72223 sw               x13, 4(x14)         x13:000000c6 x14:000055f8  PA:000055fc
   9426ns             938 000009b6 0205a683 lw               x13, 32(x11)        x13=0000008b x11:00002c5c  PA:00002c7c
   9436ns             939 000009b8 00572023 sw               x5, 0(x14)           x5:000000b4 x14:000055f8  PA:000055f8
   9446ns             940 000009bc 01f72423 sw               x31, 8(x14)         x31:000000e8 x14:000055f8  PA:00005600
   9456ns             941 000009c0 01e72623 sw               x30, 12(x14)        x30:000000dd x14:000055f8  PA:00005604
   9466ns             942 000009c4 01d72823 sw               x29, 16(x14)        x29:00000074 x14:000055f8  PA:00005608
   9476ns             943 000009c8 01c72a23 sw               x28, 20(x14)        x28:0000001f x14:000055f8  PA:0000560c
   9486ns             944 000009cc 00672c23 sw               x6, 24(x14)          x6:0000004b x14:000055f8  PA:00005610
   9496ns             945 000009d0 01072e23 sw               x16, 28(x14)        x16:000000bd x14:000055f8  PA:00005614
   9506ns             946 000009d4 02d72023 sw               x13, 32(x14)        x13:0000008b x14:000055f8  PA:00005618
   9516ns             947 000009d6 02470713 addi             x14, x14, 36        x14=0000561c x14:000055f8
   9526ns             948 000009da 02458593 addi             x11, x11, 36        x11=00002c80 x11:00002c5c
   9536ns             949 000009de faf76ce3 bltu             x14, x15, -72       x14:0000561c x15:000056c0
   9566ns             952 00000996 0045a683 lw               x13, 4(x11)         x13=00000070 x11:00002c80  PA:00002c84
   9576ns             953 00000998 0005a283 lw               x5, 0(x11)           x5=0000008a x11:00002c80  PA:00002c80
   9586ns             954 0000099c 0085af83 lw               x31, 8(x11)         x31=0000003e x11:00002c80  PA:00002c88
   9596ns             955 000009a0 00c5af03 lw               x30, 12(x11)        x30=000000b5 x11:00002c80  PA:00002c8c
   9606ns             956 000009a4 0105ae83 lw               x29, 16(x11)        x29=00000066 x11:00002c80  PA:00002c90
   9616ns             957 000009a8 0145ae03 lw               x28, 20(x11)        x28=00000048 x11:00002c80  PA:00002c94
   9626ns             958 000009ac 0185a303 lw               x6, 24(x11)          x6=00000003 x11:00002c80  PA:00002c98
   9636ns             959 000009b0 01c5a803 lw               x16, 28(x11)        x16=000000f6 x11:00002c80  PA:00002c9c
   9646ns             960 000009b4 00d72223 sw               x13, 4(x14)         x13:00000070 x14:0000561c  PA:00005620
   9656ns             961 000009b6 0205a683 lw               x13, 32(x11)        x13=0000000e x11:00002c80  PA:00002ca0
   9666ns             962 000009b8 00572023 sw               x5, 0(x14)           x5:0000008a x14:0000561c  PA:0000561c
   9676ns             963 000009bc 01f72423 sw               x31, 8(x14)         x31:0000003e x14:0000561c  PA:00005624
   9686ns             964 000009c0 01e72623 sw               x30, 12(x14)        x30:000000b5 x14:0000561c  PA:00005628
   9696ns             965 000009c4 01d72823 sw               x29, 16(x14)        x29:00000066 x14:0000561c  PA:0000562c
   9706ns             966 000009c8 01c72a23 sw               x28, 20(x14)        x28:00000048 x14:0000561c  PA:00005630
   9716ns             967 000009cc 00672c23 sw               x6, 24(x14)          x6:00000003 x14:0000561c  PA:00005634
   9726ns             968 000009d0 01072e23 sw               x16, 28(x14)        x16:000000f6 x14:0000561c  PA:00005638
   9736ns             969 000009d4 02d72023 sw               x13, 32(x14)        x13:0000000e x14:0000561c  PA:0000563c
   9746ns             970 000009d6 02470713 addi             x14, x14, 36        x14=00005640 x14:0000561c
   9756ns             971 000009da 02458593 addi             x11, x11, 36        x11=00002ca4 x11:00002c80
   9766ns             972 000009de faf76ce3 bltu             x14, x15, -72       x14:00005640 x15:000056c0
   9796ns             975 00000996 0045a683 lw               x13, 4(x11)         x13=00000035 x11:00002ca4  PA:00002ca8
   9806ns             976 00000998 0005a283 lw               x5, 0(x11)           x5=00000061 x11:00002ca4  PA:00002ca4
   9816ns             977 0000099c 0085af83 lw               x31, 8(x11)         x31=00000057 x11:00002ca4  PA:00002cac
   9826ns             978 000009a0 00c5af03 lw               x30, 12(x11)        x30=000000b9 x11:00002ca4  PA:00002cb0
   9836ns             979 000009a4 0105ae83 lw               x29, 16(x11)        x29=00000086 x11:00002ca4  PA:00002cb4
   9846ns             980 000009a8 0145ae03 lw               x28, 20(x11)        x28=000000c1 x11:00002ca4  PA:00002cb8
   9856ns             981 000009ac 0185a303 lw               x6, 24(x11)          x6=0000001d x11:00002ca4  PA:00002cbc
   9866ns             982 000009b0 01c5a803 lw               x16, 28(x11)        x16=0000009e x11:00002ca4  PA:00002cc0
   9876ns             983 000009b4 00d72223 sw               x13, 4(x14)         x13:00000035 x14:00005640  PA:00005644
   9886ns             984 000009b6 0205a683 lw               x13, 32(x11)        x13=000000e1 x11:00002ca4  PA:00002cc4
   9896ns             985 000009b8 00572023 sw               x5, 0(x14)           x5:00000061 x14:00005640  PA:00005640
   9906ns             986 000009bc 01f72423 sw               x31, 8(x14)         x31:00000057 x14:00005640  PA:00005648
   9916ns             987 000009c0 01e72623 sw               x30, 12(x14)        x30:000000b9 x14:00005640  PA:0000564c
   9926ns             988 000009c4 01d72823 sw               x29, 16(x14)        x29:00000086 x14:00005640  PA:00005650
   9936ns             989 000009c8 01c72a23 sw               x28, 20(x14)        x28:000000c1 x14:00005640  PA:00005654
   9946ns             990 000009cc 00672c23 sw               x6, 24(x14)          x6:0000001d x14:00005640  PA:00005658
   9956ns             991 000009d0 01072e23 sw               x16, 28(x14)        x16:0000009e x14:00005640  PA:0000565c
   9966ns             992 000009d4 02d72023 sw               x13, 32(x14)        x13:000000e1 x14:00005640  PA:00005660
   9976ns             993 000009d6 02470713 addi             x14, x14, 36        x14=00005664 x14:00005640
   9986ns             994 000009da 02458593 addi             x11, x11, 36        x11=00002cc8 x11:00002ca4
   9996ns             995 000009de faf76ce3 bltu             x14, x15, -72       x14:00005664 x15:000056c0
  10026ns             998 00000996 0045a683 lw               x13, 4(x11)         x13=00000098 x11:00002cc8  PA:00002ccc
  10036ns             999 00000998 0005a283 lw               x5, 0(x11)           x5=000000f8 x11:00002cc8  PA:00002cc8
  10046ns            1000 0000099c 0085af83 lw               x31, 8(x11)         x31=00000011 x11:00002cc8  PA:00002cd0
  10056ns            1001 000009a0 00c5af03 lw               x30, 12(x11)        x30=00000069 x11:00002cc8  PA:00002cd4
  10066ns            1002 000009a4 0105ae83 lw               x29, 16(x11)        x29=000000d9 x11:00002cc8  PA:00002cd8
  10076ns            1003 000009a8 0145ae03 lw               x28, 20(x11)        x28=0000008e x11:00002cc8  PA:00002cdc
  10086ns            1004 000009ac 0185a303 lw               x6, 24(x11)          x6=00000094 x11:00002cc8  PA:00002ce0
  10096ns            1005 000009b0 01c5a803 lw               x16, 28(x11)        x16=0000009b x11:00002cc8  PA:00002ce4
  10106ns            1006 000009b4 00d72223 sw               x13, 4(x14)         x13:00000098 x14:00005664  PA:00005668
  10116ns            1007 000009b6 0205a683 lw               x13, 32(x11)        x13=0000001e x11:00002cc8  PA:00002ce8
  10126ns            1008 000009b8 00572023 sw               x5, 0(x14)           x5:000000f8 x14:00005664  PA:00005664
  10136ns            1009 000009bc 01f72423 sw               x31, 8(x14)         x31:00000011 x14:00005664  PA:0000566c
  10146ns            1010 000009c0 01e72623 sw               x30, 12(x14)        x30:00000069 x14:00005664  PA:00005670
  10156ns            1011 000009c4 01d72823 sw               x29, 16(x14)        x29:000000d9 x14:00005664  PA:00005674
  10166ns            1012 000009c8 01c72a23 sw               x28, 20(x14)        x28:0000008e x14:00005664  PA:00005678
  10176ns            1013 000009cc 00672c23 sw               x6, 24(x14)          x6:00000094 x14:00005664  PA:0000567c
  10186ns            1014 000009d0 01072e23 sw               x16, 28(x14)        x16:0000009b x14:00005664  PA:00005680
  10196ns            1015 000009d4 02d72023 sw               x13, 32(x14)        x13:0000001e x14:00005664  PA:00005684
  10206ns            1016 000009d6 02470713 addi             x14, x14, 36        x14=00005688 x14:00005664
  10216ns            1017 000009da 02458593 addi             x11, x11, 36        x11=00002cec x11:00002cc8
  10226ns            1018 000009de faf76ce3 bltu             x14, x15, -72       x14:00005688 x15:000056c0
  10256ns            1021 00000996 0045a683 lw               x13, 4(x11)         x13=000000e9 x11:00002cec  PA:00002cf0
  10266ns            1022 00000998 0005a283 lw               x5, 0(x11)           x5=00000087 x11:00002cec  PA:00002cec
  10276ns            1023 0000099c 0085af83 lw               x31, 8(x11)         x31=000000ce x11:00002cec  PA:00002cf4
  10286ns            1024 000009a0 00c5af03 lw               x30, 12(x11)        x30=00000055 x11:00002cec  PA:00002cf8
  10296ns            1025 000009a4 0105ae83 lw               x29, 16(x11)        x29=00000028 x11:00002cec  PA:00002cfc
  10306ns            1026 000009a8 0145ae03 lw               x28, 20(x11)        x28=000000d7 x11:00002cec  PA:00002d00
  10316ns            1027 000009ac 0185a303 lw               x6, 24(x11)          x6=0000008c x11:00002cec  PA:00002d04
  10326ns            1028 000009b0 01c5a803 lw               x16, 28(x11)        x16=000000a1 x11:00002cec  PA:00002d08
  10336ns            1029 000009b4 00d72223 sw               x13, 4(x14)         x13:000000e9 x14:00005688  PA:0000568c
  10346ns            1030 000009b6 0205a683 lw               x13, 32(x11)        x13=00000089 x11:00002cec  PA:00002d0c
  10356ns            1031 000009b8 00572023 sw               x5, 0(x14)           x5:00000087 x14:00005688  PA:00005688
  10366ns            1032 000009bc 01f72423 sw               x31, 8(x14)         x31:000000ce x14:00005688  PA:00005690
  10376ns            1033 000009c0 01e72623 sw               x30, 12(x14)        x30:00000055 x14:00005688  PA:00005694
  10386ns            1034 000009c4 01d72823 sw               x29, 16(x14)        x29:00000028 x14:00005688  PA:00005698
  10396ns            1035 000009c8 01c72a23 sw               x28, 20(x14)        x28:000000d7 x14:00005688  PA:0000569c
  10406ns            1036 000009cc 00672c23 sw               x6, 24(x14)          x6:0000008c x14:00005688  PA:000056a0
  10416ns            1037 000009d0 01072e23 sw               x16, 28(x14)        x16:000000a1 x14:00005688  PA:000056a4
  10426ns            1038 000009d4 02d72023 sw               x13, 32(x14)        x13:00000089 x14:00005688  PA:000056a8
  10436ns            1039 000009d6 02470713 addi             x14, x14, 36        x14=000056ac x14:00005688
  10446ns            1040 000009da 02458593 addi             x11, x11, 36        x11=00002d10 x11:00002cec
  10456ns            1041 000009de faf76ce3 bltu             x14, x15, -72       x14:000056ac x15:000056c0
  10486ns            1044 00000996 0045a683 lw               x13, 4(x11)         x13=000000bf x11:00002d10  PA:00002d14
  10496ns            1045 00000998 0005a283 lw               x5, 0(x11)           x5=0000000d x11:00002d10  PA:00002d10
  10506ns            1046 0000099c 0085af83 lw               x31, 8(x11)         x31=000000e6 x11:00002d10  PA:00002d18
  10516ns            1047 000009a0 00c5af03 lw               x30, 12(x11)        x30=00000042 x11:00002d10  PA:00002d1c
  10526ns            1048 000009a4 0105ae83 lw               x29, 16(x11)        x29=00000068 x11:00002d10  PA:00002d20
  10536ns            1049 000009a8 0145ae03 lw               x28, 20(x11)        x28=00000041 x11:00002d10  PA:00002d24
  10546ns            1050 000009ac 0185a303 lw               x6, 24(x11)          x6=00000099 x11:00002d10  PA:00002d28
  10556ns            1051 000009b0 01c5a803 lw               x16, 28(x11)        x16=0000002d x11:00002d10  PA:00002d2c
  10566ns            1052 000009b4 00d72223 sw               x13, 4(x14)         x13:000000bf x14:000056ac  PA:000056b0
  10576ns            1053 000009b6 0205a683 lw               x13, 32(x11)        x13=0000000f x11:00002d10  PA:00002d30
  10586ns            1054 000009b8 00572023 sw               x5, 0(x14)           x5:0000000d x14:000056ac  PA:000056ac
  10596ns            1055 000009bc 01f72423 sw               x31, 8(x14)         x31:000000e6 x14:000056ac  PA:000056b4
  10606ns            1056 000009c0 01e72623 sw               x30, 12(x14)        x30:00000042 x14:000056ac  PA:000056b8
  10616ns            1057 000009c4 01d72823 sw               x29, 16(x14)        x29:00000068 x14:000056ac  PA:000056bc
  10626ns            1058 000009c8 01c72a23 sw               x28, 20(x14)        x28:00000041 x14:000056ac  PA:000056c0
  10636ns            1059 000009cc 00672c23 sw               x6, 24(x14)          x6:00000099 x14:000056ac  PA:000056c4
  10646ns            1060 000009d0 01072e23 sw               x16, 28(x14)        x16:0000002d x14:000056ac  PA:000056c8
  10656ns            1061 000009d4 02d72023 sw               x13, 32(x14)        x13:0000000f x14:000056ac  PA:000056cc
  10666ns            1062 000009d6 02470713 addi             x14, x14, 36        x14=000056d0 x14:000056ac
  10676ns            1063 000009da 02458593 addi             x11, x11, 36        x11=00002d34 x11:00002d10
  10686ns            1064 000009de faf76ce3 bltu             x14, x15, -72       x14:000056d0 x15:000056c0
  10696ns            1065 000009e2 f4bff06f jal              x0, -182           
  10716ns            1067 0000092c 02c77363 bgeu             x14, x12, 38        x14:000056d0 x12:000056e0
  10726ns            1068 00000930 00b006b3 add              x13, x0, x11        x13=00002d34 x11:00002d34
  10736ns            1069 00000932 00e007b3 add              x15, x0, x14        x15=000056d0 x14:000056d0
  10746ns            1070 00000934 0006a803 lw               x16, 0(x13)         x16=000000b0 x13:00002d34  PA:00002d34
  10756ns            1071 00000938 00478793 addi             x15, x15, 4         x15=000056d4 x15:000056d0
  10766ns            1072 0000093a 00468693 addi             x13, x13, 4         x13=00002d38 x13:00002d34
  10776ns            1073 0000093c ff07ae23 sw               x16, -4(x15)        x16:000000b0 x15:000056d4  PA:000056d0
  10786ns            1074 00000940 fec7eae3 bltu             x15, x12, -12       x15:000056d4 x12:000056e0
  10816ns            1077 00000934 0006a803 lw               x16, 0(x13)         x16=00000054 x13:00002d38  PA:00002d38
  10826ns            1078 00000938 00478793 addi             x15, x15, 4         x15=000056d8 x15:000056d4
  10836ns            1079 0000093a 00468693 addi             x13, x13, 4         x13=00002d3c x13:00002d38
  10846ns            1080 0000093c ff07ae23 sw               x16, -4(x15)        x16:00000054 x15:000056d8  PA:000056d4
  10856ns            1081 00000940 fec7eae3 bltu             x15, x12, -12       x15:000056d8 x12:000056e0
  10886ns            1084 00000934 0006a803 lw               x16, 0(x13)         x16=000000bb x13:00002d3c  PA:00002d3c
  10896ns            1085 00000938 00478793 addi             x15, x15, 4         x15=000056dc x15:000056d8
  10906ns            1086 0000093a 00468693 addi             x13, x13, 4         x13=00002d40 x13:00002d3c
  10916ns            1087 0000093c ff07ae23 sw               x16, -4(x15)        x16:000000bb x15:000056dc  PA:000056d8
  10926ns            1088 00000940 fec7eae3 bltu             x15, x12, -12       x15:000056dc x12:000056e0
  10956ns            1091 00000934 0006a803 lw               x16, 0(x13)         x16=00000016 x13:00002d40  PA:00002d40
  10966ns            1092 00000938 00478793 addi             x15, x15, 4         x15=000056e0 x15:000056dc
  10976ns            1093 0000093a 00468693 addi             x13, x13, 4         x13=00002d44 x13:00002d40
  10986ns            1094 0000093c ff07ae23 sw               x16, -4(x15)        x16:00000016 x15:000056e0  PA:000056dc
  10996ns            1095 00000940 fec7eae3 bltu             x15, x12, -12       x15:000056e0 x12:000056e0
  11006ns            1096 00000944 fff60793 addi             x15, x12, -1        x15=000056df x12:000056e0
  11016ns            1097 00000948 40e787b3 sub              x15, x15, x14       x15=0000000f x15:000056df x14:000056d0
  11026ns            1098 0000094a ffc7f793 andi             x15, x15, -4        x15=0000000c x15:0000000f
  11036ns            1099 0000094c 00478793 addi             x15, x15, 4         x15=00000010 x15:0000000c
  11046ns            1100 0000094e 00f70733 add              x14, x14, x15       x14=000056e0 x14:000056d0 x15:00000010
  11056ns            1101 00000950 00f585b3 add              x11, x11, x15       x11=00002d44 x11:00002d34 x15:00000010
  11066ns            1102 00000952 01176663 bltu             x14, x17, 12        x14:000056e0 x17:000056e0
  11076ns            1103 00000956 00008067 jalr             x0, x1, 0            x1:00000248
  11096ns            1105 00000248 0c010913 addi             x18, x2, 192        x18=00005260  x2:000051a0
  11106ns            1106 0000024c 04000613 addi             x12, x0, 64         x12=00000040
  11116ns            1107 00000250 48098593 addi             x11, x19, 1152      x11=00002d44 x19:000028c4
  11126ns            1108 00000254 00090513 addi             x10, x18, 0         x10=00005260 x18:00005260
  11136ns            1109 00000258 6ae000ef jal              x1, 1710             x1=0000025c
  11166ns            1112 00000906 00a5c7b3 xor              x15, x11, x10       x15=00007f24 x11:00002d44 x10:00005260
  11176ns            1113 0000090a 0037f793 andi             x15, x15, 3         x15=00000000 x15:00007f24
  11186ns            1114 0000090c 00c508b3 add              x17, x10, x12       x17=000052a0 x10:00005260 x12:00000040
  11196ns            1115 00000910 04079463 bne              x15, x0, 72         x15:00000000
  11206ns            1116 00000912 00300793 addi             x15, x0, 3          x15=00000003
  11216ns            1117 00000914 04c7f263 bgeu             x15, x12, 68        x15:00000003 x12:00000040
  11226ns            1118 00000918 00357793 andi             x15, x10, 3         x15=00000000 x10:00005260
  11236ns            1119 0000091c 00a00733 add              x14, x0, x10        x14=00005260 x10:00005260
  11246ns            1120 0000091e 04079963 bne              x15, x0, 82         x15:00000000
  11256ns            1121 00000920 ffc8f613 andi             x12, x17, -4        x12=000052a0 x17:000052a0
  11266ns            1122 00000924 fe060793 addi             x15, x12, -32       x15=00005280 x12:000052a0
  11276ns            1123 00000928 06f76763 bltu             x14, x15, 110       x14:00005260 x15:00005280
  11306ns            1126 00000996 0045a683 lw               x13, 4(x11)         x13=00000003 x11:00002d44  PA:00002d48
  11316ns            1127 00000998 0005a283 lw               x5, 0(x11)           x5=00000002 x11:00002d44  PA:00002d44
  11326ns            1128 0000099c 0085af83 lw               x31, 8(x11)         x31=00000001 x11:00002d44  PA:00002d4c
  11336ns            1129 000009a0 00c5af03 lw               x30, 12(x11)        x30=00000001 x11:00002d44  PA:00002d50
  11346ns            1130 000009a4 0105ae83 lw               x29, 16(x11)        x29=00000001 x11:00002d44  PA:00002d54
  11356ns            1131 000009a8 0145ae03 lw               x28, 20(x11)        x28=00000002 x11:00002d44  PA:00002d58
  11366ns            1132 000009ac 0185a303 lw               x6, 24(x11)          x6=00000003 x11:00002d44  PA:00002d5c
  11376ns            1133 000009b0 01c5a803 lw               x16, 28(x11)        x16=00000001 x11:00002d44  PA:00002d60
  11386ns            1134 000009b4 00d72223 sw               x13, 4(x14)         x13:00000003 x14:00005260  PA:00005264
  11396ns            1135 000009b6 0205a683 lw               x13, 32(x11)        x13=00000001 x11:00002d44  PA:00002d64
  11406ns            1136 000009b8 00572023 sw               x5, 0(x14)           x5:00000002 x14:00005260  PA:00005260
  11416ns            1137 000009bc 01f72423 sw               x31, 8(x14)         x31:00000001 x14:00005260  PA:00005268
  11426ns            1138 000009c0 01e72623 sw               x30, 12(x14)        x30:00000001 x14:00005260  PA:0000526c
  11436ns            1139 000009c4 01d72823 sw               x29, 16(x14)        x29:00000001 x14:00005260  PA:00005270
  11446ns            1140 000009c8 01c72a23 sw               x28, 20(x14)        x28:00000002 x14:00005260  PA:00005274
  11456ns            1141 000009cc 00672c23 sw               x6, 24(x14)          x6:00000003 x14:00005260  PA:00005278
  11466ns            1142 000009d0 01072e23 sw               x16, 28(x14)        x16:00000001 x14:00005260  PA:0000527c
  11476ns            1143 000009d4 02d72023 sw               x13, 32(x14)        x13:00000001 x14:00005260  PA:00005280
  11486ns            1144 000009d6 02470713 addi             x14, x14, 36        x14=00005284 x14:00005260
  11496ns            1145 000009da 02458593 addi             x11, x11, 36        x11=00002d68 x11:00002d44
  11506ns            1146 000009de faf76ce3 bltu             x14, x15, -72       x14:00005284 x15:00005280
  11516ns            1147 000009e2 f4bff06f jal              x0, -182           
  11536ns            1149 0000092c 02c77363 bgeu             x14, x12, 38        x14:00005284 x12:000052a0
  11546ns            1150 00000930 00b006b3 add              x13, x0, x11        x13=00002d68 x11:00002d68
  11556ns            1151 00000932 00e007b3 add              x15, x0, x14        x15=00005284 x14:00005284
  11566ns            1152 00000934 0006a803 lw               x16, 0(x13)         x16=00000001 x13:00002d68  PA:00002d68
  11576ns            1153 00000938 00478793 addi             x15, x15, 4         x15=00005288 x15:00005284
  11586ns            1154 0000093a 00468693 addi             x13, x13, 4         x13=00002d6c x13:00002d68
  11596ns            1155 0000093c ff07ae23 sw               x16, -4(x15)        x16:00000001 x15:00005288  PA:00005284
  11606ns            1156 00000940 fec7eae3 bltu             x15, x12, -12       x15:00005288 x12:000052a0
  11636ns            1159 00000934 0006a803 lw               x16, 0(x13)         x16=00000002 x13:00002d6c  PA:00002d6c
  11646ns            1160 00000938 00478793 addi             x15, x15, 4         x15=0000528c x15:00005288
  11656ns            1161 0000093a 00468693 addi             x13, x13, 4         x13=00002d70 x13:00002d6c
  11666ns            1162 0000093c ff07ae23 sw               x16, -4(x15)        x16:00000002 x15:0000528c  PA:00005288
  11676ns            1163 00000940 fec7eae3 bltu             x15, x12, -12       x15:0000528c x12:000052a0
  11706ns            1166 00000934 0006a803 lw               x16, 0(x13)         x16=00000003 x13:00002d70  PA:00002d70
  11716ns            1167 00000938 00478793 addi             x15, x15, 4         x15=00005290 x15:0000528c
  11726ns            1168 0000093a 00468693 addi             x13, x13, 4         x13=00002d74 x13:00002d70
  11736ns            1169 0000093c ff07ae23 sw               x16, -4(x15)        x16:00000003 x15:00005290  PA:0000528c
  11746ns            1170 00000940 fec7eae3 bltu             x15, x12, -12       x15:00005290 x12:000052a0
  11776ns            1173 00000934 0006a803 lw               x16, 0(x13)         x16=00000003 x13:00002d74  PA:00002d74
  11786ns            1174 00000938 00478793 addi             x15, x15, 4         x15=00005294 x15:00005290
  11796ns            1175 0000093a 00468693 addi             x13, x13, 4         x13=00002d78 x13:00002d74
  11806ns            1176 0000093c ff07ae23 sw               x16, -4(x15)        x16:00000003 x15:00005294  PA:00005290
  11816ns            1177 00000940 fec7eae3 bltu             x15, x12, -12       x15:00005294 x12:000052a0
  11846ns            1180 00000934 0006a803 lw               x16, 0(x13)         x16=00000001 x13:00002d78  PA:00002d78
  11856ns            1181 00000938 00478793 addi             x15, x15, 4         x15=00005298 x15:00005294
  11866ns            1182 0000093a 00468693 addi             x13, x13, 4         x13=00002d7c x13:00002d78
  11876ns            1183 0000093c ff07ae23 sw               x16, -4(x15)        x16:00000001 x15:00005298  PA:00005294
  11886ns            1184 00000940 fec7eae3 bltu             x15, x12, -12       x15:00005298 x12:000052a0
  11916ns            1187 00000934 0006a803 lw               x16, 0(x13)         x16=00000001 x13:00002d7c  PA:00002d7c
  11926ns            1188 00000938 00478793 addi             x15, x15, 4         x15=0000529c x15:00005298
  11936ns            1189 0000093a 00468693 addi             x13, x13, 4         x13=00002d80 x13:00002d7c
  11946ns            1190 0000093c ff07ae23 sw               x16, -4(x15)        x16:00000001 x15:0000529c  PA:00005298
  11956ns            1191 00000940 fec7eae3 bltu             x15, x12, -12       x15:0000529c x12:000052a0
  11986ns            1194 00000934 0006a803 lw               x16, 0(x13)         x16=00000002 x13:00002d80  PA:00002d80
  11996ns            1195 00000938 00478793 addi             x15, x15, 4         x15=000052a0 x15:0000529c
  12006ns            1196 0000093a 00468693 addi             x13, x13, 4         x13=00002d84 x13:00002d80
  12016ns            1197 0000093c ff07ae23 sw               x16, -4(x15)        x16:00000002 x15:000052a0  PA:0000529c
  12026ns            1198 00000940 fec7eae3 bltu             x15, x12, -12       x15:000052a0 x12:000052a0
  12036ns            1199 00000944 fff60793 addi             x15, x12, -1        x15=0000529f x12:000052a0
  12046ns            1200 00000948 40e787b3 sub              x15, x15, x14       x15=0000001b x15:0000529f x14:00005284
  12056ns            1201 0000094a ffc7f793 andi             x15, x15, -4        x15=00000018 x15:0000001b
  12066ns            1202 0000094c 00478793 addi             x15, x15, 4         x15=0000001c x15:00000018
  12076ns            1203 0000094e 00f70733 add              x14, x14, x15       x14=000052a0 x14:00005284 x15:0000001c
  12086ns            1204 00000950 00f585b3 add              x11, x11, x15       x11=00002d84 x11:00002d68 x15:0000001c
  12096ns            1205 00000952 01176663 bltu             x14, x17, 12        x14:000052a0 x17:000052a0
  12106ns            1206 00000956 00008067 jalr             x0, x1, 0            x1:0000025c
  12126ns            1208 0000025c 01810813 addi             x16, x2, 24         x16=000051b8  x2:000051a0
  12136ns            1209 00000260 4c098593 addi             x11, x19, 1216      x11=00002d84 x19:000028c4
  12146ns            1210 00000264 00080513 addi             x10, x16, 0         x10=000051b8 x16:000051b8
  12156ns            1211 00000268 02800613 addi             x12, x0, 40         x12=00000028
  12166ns            1212 0000026c 69a000ef jal              x1, 1690             x1=00000270
  12196ns            1215 00000906 00a5c7b3 xor              x15, x11, x10       x15=00007c3c x11:00002d84 x10:000051b8
  12206ns            1216 0000090a 0037f793 andi             x15, x15, 3         x15=00000000 x15:00007c3c
  12216ns            1217 0000090c 00c508b3 add              x17, x10, x12       x17=000051e0 x10:000051b8 x12:00000028
  12226ns            1218 00000910 04079463 bne              x15, x0, 72         x15:00000000
  12236ns            1219 00000912 00300793 addi             x15, x0, 3          x15=00000003
  12246ns            1220 00000914 04c7f263 bgeu             x15, x12, 68        x15:00000003 x12:00000028
  12256ns            1221 00000918 00357793 andi             x15, x10, 3         x15=00000000 x10:000051b8
  12266ns            1222 0000091c 00a00733 add              x14, x0, x10        x14=000051b8 x10:000051b8
  12276ns            1223 0000091e 04079963 bne              x15, x0, 82         x15:00000000
  12286ns            1224 00000920 ffc8f613 andi             x12, x17, -4        x12=000051e0 x17:000051e0
  12296ns            1225 00000924 fe060793 addi             x15, x12, -32       x15=000051c0 x12:000051e0
  12306ns            1226 00000928 06f76763 bltu             x14, x15, 110       x14:000051b8 x15:000051c0
  12336ns            1229 00000996 0045a683 lw               x13, 4(x11)         x13=00000002 x11:00002d84  PA:00002d88
  12346ns            1230 00000998 0005a283 lw               x5, 0(x11)           x5=00000001 x11:00002d84  PA:00002d84
  12356ns            1231 0000099c 0085af83 lw               x31, 8(x11)         x31=00000004 x11:00002d84  PA:00002d8c
  12366ns            1232 000009a0 00c5af03 lw               x30, 12(x11)        x30=00000008 x11:00002d84  PA:00002d90
  12376ns            1233 000009a4 0105ae83 lw               x29, 16(x11)        x29=00000010 x11:00002d84  PA:00002d94
  12386ns            1234 000009a8 0145ae03 lw               x28, 20(x11)        x28=00000020 x11:00002d84  PA:00002d98
  12396ns            1235 000009ac 0185a303 lw               x6, 24(x11)          x6=00000040 x11:00002d84  PA:00002d9c
  12406ns            1236 000009b0 01c5a803 lw               x16, 28(x11)        x16=00000080 x11:00002d84  PA:00002da0
  12416ns            1237 000009b4 00d72223 sw               x13, 4(x14)         x13:00000002 x14:000051b8  PA:000051bc
  12426ns            1238 000009b6 0205a683 lw               x13, 32(x11)        x13=0000001b x11:00002d84  PA:00002da4
  12436ns            1239 000009b8 00572023 sw               x5, 0(x14)           x5:00000001 x14:000051b8  PA:000051b8
  12446ns            1240 000009bc 01f72423 sw               x31, 8(x14)         x31:00000004 x14:000051b8  PA:000051c0
  12456ns            1241 000009c0 01e72623 sw               x30, 12(x14)        x30:00000008 x14:000051b8  PA:000051c4
  12466ns            1242 000009c4 01d72823 sw               x29, 16(x14)        x29:00000010 x14:000051b8  PA:000051c8
  12476ns            1243 000009c8 01c72a23 sw               x28, 20(x14)        x28:00000020 x14:000051b8  PA:000051cc
  12486ns            1244 000009cc 00672c23 sw               x6, 24(x14)          x6:00000040 x14:000051b8  PA:000051d0
  12496ns            1245 000009d0 01072e23 sw               x16, 28(x14)        x16:00000080 x14:000051b8  PA:000051d4
  12506ns            1246 000009d4 02d72023 sw               x13, 32(x14)        x13:0000001b x14:000051b8  PA:000051d8
  12516ns            1247 000009d6 02470713 addi             x14, x14, 36        x14=000051dc x14:000051b8
  12526ns            1248 000009da 02458593 addi             x11, x11, 36        x11=00002da8 x11:00002d84
  12536ns            1249 000009de faf76ce3 bltu             x14, x15, -72       x14:000051dc x15:000051c0
  12546ns            1250 000009e2 f4bff06f jal              x0, -182           
  12566ns            1252 0000092c 02c77363 bgeu             x14, x12, 38        x14:000051dc x12:000051e0
  12576ns            1253 00000930 00b006b3 add              x13, x0, x11        x13=00002da8 x11:00002da8
  12586ns            1254 00000932 00e007b3 add              x15, x0, x14        x15=000051dc x14:000051dc
  12596ns            1255 00000934 0006a803 lw               x16, 0(x13)         x16=00000036 x13:00002da8  PA:00002da8
  12606ns            1256 00000938 00478793 addi             x15, x15, 4         x15=000051e0 x15:000051dc
  12616ns            1257 0000093a 00468693 addi             x13, x13, 4         x13=00002dac x13:00002da8
  12626ns            1258 0000093c ff07ae23 sw               x16, -4(x15)        x16:00000036 x15:000051e0  PA:000051dc
  12636ns            1259 00000940 fec7eae3 bltu             x15, x12, -12       x15:000051e0 x12:000051e0
  12646ns            1260 00000944 fff60793 addi             x15, x12, -1        x15=000051df x12:000051e0
  12656ns            1261 00000948 40e787b3 sub              x15, x15, x14       x15=00000003 x15:000051df x14:000051dc
  12666ns            1262 0000094a ffc7f793 andi             x15, x15, -4        x15=00000000 x15:00000003
  12676ns            1263 0000094c 00478793 addi             x15, x15, 4         x15=00000004 x15:00000000
  12686ns            1264 0000094e 00f70733 add              x14, x14, x15       x14=000051e0 x14:000051dc x15:00000004
  12696ns            1265 00000950 00f585b3 add              x11, x11, x15       x11=00002dac x11:00002da8 x15:00000004
  12706ns            1266 00000952 01176663 bltu             x14, x17, 12        x14:000051e0 x17:000051e0
  12716ns            1267 00000956 00008067 jalr             x0, x1, 0            x1:00000270
  12736ns            1269 00000270 00050813 addi             x16, x10, 0         x16=000051b8 x10:000051b8
  12746ns            1270 00000274 01000713 addi             x14, x0, 16         x14=00000010
  12756ns            1271 00000278 05000593 addi             x11, x0, 80         x11=00000050
  12766ns            1272 0000027c ff070793 addi             x15, x14, -16       x15=00000000 x14:00000010
  12776ns            1273 00000280 04010693 addi             x13, x2, 64         x13=000051e0  x2:000051a0
  12786ns            1274 00000284 00f68633 add              x12, x13, x15       x12=000051e0 x13:000051e0 x15:00000000
  12796ns            1275 00000288 00f48533 add              x10, x9, x15        x10=00005220  x9:00005220 x15:00000000
  12806ns            1276 0000028c 00062683 lw               x13, 0(x12)         x13=00000032 x12:000051e0  PA:000051e0
  12816ns            1277 00000290 00052503 lw               x10, 0(x10)         x10=00000000 x10:00005220  PA:00005220
  12826ns            1278 00000294 00478793 addi             x15, x15, 4         x15=00000004 x15:00000000
  12836ns            1279 00000298 00a6c6b3 xor              x13, x13, x10       x13=00000032 x13:00000032 x10:00000000
  12846ns            1280 0000029c 00d62023 sw               x13, 0(x12)         x13:00000032 x12:000051e0  PA:000051e0
  12856ns            1281 000002a0 fee790e3 bne              x15, x14, -32       x15:00000004 x14:00000010
  12886ns            1284 00000280 04010693 addi             x13, x2, 64         x13=000051e0  x2:000051a0
  12896ns            1285 00000284 00f68633 add              x12, x13, x15       x12=000051e4 x13:000051e0 x15:00000004
  12906ns            1286 00000288 00f48533 add              x10, x9, x15        x10=00005224  x9:00005220 x15:00000004
  12916ns            1287 0000028c 00062683 lw               x13, 0(x12)         x13=00000088 x12:000051e4  PA:000051e4
  12926ns            1288 00000290 00052503 lw               x10, 0(x10)         x10=000000a5 x10:00005224  PA:00005224
  12936ns            1289 00000294 00478793 addi             x15, x15, 4         x15=00000008 x15:00000004
  12946ns            1290 00000298 00a6c6b3 xor              x13, x13, x10       x13=0000002d x13:00000088 x10:000000a5
  12956ns            1291 0000029c 00d62023 sw               x13, 0(x12)         x13:0000002d x12:000051e4  PA:000051e4
  12966ns            1292 000002a0 fee790e3 bne              x15, x14, -32       x15:00000008 x14:00000010
  12996ns            1295 00000280 04010693 addi             x13, x2, 64         x13=000051e0  x2:000051a0
  13006ns            1296 00000284 00f68633 add              x12, x13, x15       x12=000051e8 x13:000051e0 x15:00000008
  13016ns            1297 00000288 00f48533 add              x10, x9, x15        x10=00005228  x9:00005220 x15:00000008
  13026ns            1298 0000028c 00062683 lw               x13, 0(x12)         x13=00000031 x12:000051e8  PA:000051e8
  13036ns            1299 00000290 00052503 lw               x10, 0(x10)         x10=000000a8 x10:00005228  PA:00005228
  13046ns            1300 00000294 00478793 addi             x15, x15, 4         x15=0000000c x15:00000008
  13056ns            1301 00000298 00a6c6b3 xor              x13, x13, x10       x13=00000099 x13:00000031 x10:000000a8
  13066ns            1302 0000029c 00d62023 sw               x13, 0(x12)         x13:00000099 x12:000051e8  PA:000051e8
  13076ns            1303 000002a0 fee790e3 bne              x15, x14, -32       x15:0000000c x14:00000010
  13106ns            1306 00000280 04010693 addi             x13, x2, 64         x13=000051e0  x2:000051a0
  13116ns            1307 00000284 00f68633 add              x12, x13, x15       x12=000051ec x13:000051e0 x15:0000000c
  13126ns            1308 00000288 00f48533 add              x10, x9, x15        x10=0000522c  x9:00005220 x15:0000000c
  13136ns            1309 0000028c 00062683 lw               x13, 0(x12)         x13=000000e0 x12:000051ec  PA:000051ec
  13146ns            1310 00000290 00052503 lw               x10, 0(x10)         x10=000000a0 x10:0000522c  PA:0000522c
  13156ns            1311 00000294 00478793 addi             x15, x15, 4         x15=00000010 x15:0000000c
  13166ns            1312 00000298 00a6c6b3 xor              x13, x13, x10       x13=00000040 x13:000000e0 x10:000000a0
  13176ns            1313 0000029c 00d62023 sw               x13, 0(x12)         x13:00000040 x12:000051ec  PA:000051ec
  13186ns            1314 000002a0 fee790e3 bne              x15, x14, -32       x15:00000010 x14:00000010
  13196ns            1315 000002a4 01078713 addi             x14, x15, 16        x14=00000020 x15:00000010
  13206ns            1316 000002a8 fcb71ae3 bne              x14, x11, -44       x14:00000020 x11:00000050
  13236ns            1319 0000027c ff070793 addi             x15, x14, -16       x15=00000010 x14:00000020
  13246ns            1320 00000280 04010693 addi             x13, x2, 64         x13=000051e0  x2:000051a0
  13256ns            1321 00000284 00f68633 add              x12, x13, x15       x12=000051f0 x13:000051e0 x15:00000010
  13266ns            1322 00000288 00f48533 add              x10, x9, x15        x10=00005230  x9:00005220 x15:00000010
  13276ns            1323 0000028c 00062683 lw               x13, 0(x12)         x13=00000043 x12:000051f0  PA:000051f0
  13286ns            1324 00000290 00052503 lw               x10, 0(x10)         x10=000000e9 x10:00005230  PA:00005230
  13296ns            1325 00000294 00478793 addi             x15, x15, 4         x15=00000014 x15:00000010
  13306ns            1326 00000298 00a6c6b3 xor              x13, x13, x10       x13=000000aa x13:00000043 x10:000000e9
  13316ns            1327 0000029c 00d62023 sw               x13, 0(x12)         x13:000000aa x12:000051f0  PA:000051f0
  13326ns            1328 000002a0 fee790e3 bne              x15, x14, -32       x15:00000014 x14:00000020
  13356ns            1331 00000280 04010693 addi             x13, x2, 64         x13=000051e0  x2:000051a0
  13366ns            1332 00000284 00f68633 add              x12, x13, x15       x12=000051f4 x13:000051e0 x15:00000014
  13376ns            1333 00000288 00f48533 add              x10, x9, x15        x10=00005234  x9:00005220 x15:00000014
  13386ns            1334 0000028c 00062683 lw               x13, 0(x12)         x13=0000005a x12:000051f4  PA:000051f4
  13396ns            1335 00000290 00052503 lw               x10, 0(x10)         x10=00000009 x10:00005234  PA:00005234
  13406ns            1336 00000294 00478793 addi             x15, x15, 4         x15=00000018 x15:00000014
  13416ns            1337 00000298 00a6c6b3 xor              x13, x13, x10       x13=00000053 x13:0000005a x10:00000009
  13426ns            1338 0000029c 00d62023 sw               x13, 0(x12)         x13:00000053 x12:000051f4  PA:000051f4
  13436ns            1339 000002a0 fee790e3 bne              x15, x14, -32       x15:00000018 x14:00000020
  13466ns            1342 00000280 04010693 addi             x13, x2, 64         x13=000051e0  x2:000051a0
  13476ns            1343 00000284 00f68633 add              x12, x13, x15       x12=000051f8 x13:000051e0 x15:00000018
  13486ns            1344 00000288 00f48533 add              x10, x9, x15        x10=00005238  x9:00005220 x15:00000018
  13496ns            1345 0000028c 00062683 lw               x13, 0(x12)         x13=00000031 x12:000051f8  PA:000051f8
  13506ns            1346 00000290 00052503 lw               x10, 0(x10)         x10=000000bb x10:00005238  PA:00005238
  13516ns            1347 00000294 00478793 addi             x15, x15, 4         x15=0000001c x15:00000018
  13526ns            1348 00000298 00a6c6b3 xor              x13, x13, x10       x13=0000008a x13:00000031 x10:000000bb
  13536ns            1349 0000029c 00d62023 sw               x13, 0(x12)         x13:0000008a x12:000051f8  PA:000051f8
  13546ns            1350 000002a0 fee790e3 bne              x15, x14, -32       x15:0000001c x14:00000020
  13576ns            1353 00000280 04010693 addi             x13, x2, 64         x13=000051e0  x2:000051a0
  13586ns            1354 00000284 00f68633 add              x12, x13, x15       x12=000051fc x13:000051e0 x15:0000001c
  13596ns            1355 00000288 00f48533 add              x10, x9, x15        x10=0000523c  x9:00005220 x15:0000001c
  13606ns            1356 0000028c 00062683 lw               x13, 0(x12)         x13=00000037 x12:000051fc  PA:000051fc
  13616ns            1357 00000290 00052503 lw               x10, 0(x10)         x10=0000002a x10:0000523c  PA:0000523c
  13626ns            1358 00000294 00478793 addi             x15, x15, 4         x15=00000020 x15:0000001c
  13636ns            1359 00000298 00a6c6b3 xor              x13, x13, x10       x13=0000001d x13:00000037 x10:0000002a
  13646ns            1360 0000029c 00d62023 sw               x13, 0(x12)         x13:0000001d x12:000051fc  PA:000051fc
  13656ns            1361 000002a0 fee790e3 bne              x15, x14, -32       x15:00000020 x14:00000020
  13666ns            1362 000002a4 01078713 addi             x14, x15, 16        x14=00000030 x15:00000020
  13676ns            1363 000002a8 fcb71ae3 bne              x14, x11, -44       x14:00000030 x11:00000050
  13706ns            1366 0000027c ff070793 addi             x15, x14, -16       x15=00000020 x14:00000030
  13716ns            1367 00000280 04010693 addi             x13, x2, 64         x13=000051e0  x2:000051a0
  13726ns            1368 00000284 00f68633 add              x12, x13, x15       x12=00005200 x13:000051e0 x15:00000020
  13736ns            1369 00000288 00f48533 add              x10, x9, x15        x10=00005240  x9:00005220 x15:00000020
  13746ns            1370 0000028c 00062683 lw               x13, 0(x12)         x13=000000f6 x12:00005200  PA:00005200
  13756ns            1371 00000290 00052503 lw               x10, 0(x10)         x10=000000c9 x10:00005240  PA:00005240
  13766ns            1372 00000294 00478793 addi             x15, x15, 4         x15=00000024 x15:00000020
  13776ns            1373 00000298 00a6c6b3 xor              x13, x13, x10       x13=0000003f x13:000000f6 x10:000000c9
  13786ns            1374 0000029c 00d62023 sw               x13, 0(x12)         x13:0000003f x12:00005200  PA:00005200
  13796ns            1375 000002a0 fee790e3 bne              x15, x14, -32       x15:00000024 x14:00000030
  13826ns            1378 00000280 04010693 addi             x13, x2, 64         x13=000051e0  x2:000051a0
  13836ns            1379 00000284 00f68633 add              x12, x13, x15       x12=00005204 x13:000051e0 x15:00000024
  13846ns            1380 00000288 00f48533 add              x10, x9, x15        x10=00005244  x9:00005220 x15:00000024
  13856ns            1381 0000028c 00062683 lw               x13, 0(x12)         x13=00000030 x12:00005204  PA:00005204
  13866ns            1382 00000290 00052503 lw               x10, 0(x10)         x10=000000d4 x10:00005244  PA:00005244
  13876ns            1383 00000294 00478793 addi             x15, x15, 4         x15=00000028 x15:00000024
  13886ns            1384 00000298 00a6c6b3 xor              x13, x13, x10       x13=000000e4 x13:00000030 x10:000000d4
  13896ns            1385 0000029c 00d62023 sw               x13, 0(x12)         x13:000000e4 x12:00005204  PA:00005204
  13906ns            1386 000002a0 fee790e3 bne              x15, x14, -32       x15:00000028 x14:00000030
  13936ns            1389 00000280 04010693 addi             x13, x2, 64         x13=000051e0  x2:000051a0
  13946ns            1390 00000284 00f68633 add              x12, x13, x15       x12=00005208 x13:000051e0 x15:00000028
  13956ns            1391 00000288 00f48533 add              x10, x9, x15        x10=00005248  x9:00005220 x15:00000028
  13966ns            1392 0000028c 00062683 lw               x13, 0(x12)         x13=00000098 x12:00005208  PA:00005208
  13976ns            1393 00000290 00052503 lw               x10, 0(x10)         x10=000000b7 x10:00005248  PA:00005248
  13986ns            1394 00000294 00478793 addi             x15, x15, 4         x15=0000002c x15:00000028
  13996ns            1395 00000298 00a6c6b3 xor              x13, x13, x10       x13=0000002f x13:00000098 x10:000000b7
  14006ns            1396 0000029c 00d62023 sw               x13, 0(x12)         x13:0000002f x12:00005208  PA:00005208
  14016ns            1397 000002a0 fee790e3 bne              x15, x14, -32       x15:0000002c x14:00000030
  14046ns            1400 00000280 04010693 addi             x13, x2, 64         x13=000051e0  x2:000051a0
  14056ns            1401 00000284 00f68633 add              x12, x13, x15       x12=0000520c x13:000051e0 x15:0000002c
  14066ns            1402 00000288 00f48533 add              x10, x9, x15        x10=0000524c  x9:00005220 x15:0000002c
  14076ns            1403 0000028c 00062683 lw               x13, 0(x12)         x13=00000007 x12:0000520c  PA:0000520c
  14086ns            1404 00000290 00052503 lw               x10, 0(x10)         x10=000000ab x10:0000524c  PA:0000524c
  14096ns            1405 00000294 00478793 addi             x15, x15, 4         x15=00000030 x15:0000002c
  14106ns            1406 00000298 00a6c6b3 xor              x13, x13, x10       x13=000000ac x13:00000007 x10:000000ab
  14116ns            1407 0000029c 00d62023 sw               x13, 0(x12)         x13:000000ac x12:0000520c  PA:0000520c
  14126ns            1408 000002a0 fee790e3 bne              x15, x14, -32       x15:00000030 x14:00000030
  14136ns            1409 000002a4 01078713 addi             x14, x15, 16        x14=00000040 x15:00000030
  14146ns            1410 000002a8 fcb71ae3 bne              x14, x11, -44       x14:00000040 x11:00000050
  14176ns            1413 0000027c ff070793 addi             x15, x14, -16       x15=00000030 x14:00000040
  14186ns            1414 00000280 04010693 addi             x13, x2, 64         x13=000051e0  x2:000051a0
  14196ns            1415 00000284 00f68633 add              x12, x13, x15       x12=00005210 x13:000051e0 x15:00000030
  14206ns            1416 00000288 00f48533 add              x10, x9, x15        x10=00005250  x9:00005220 x15:00000030
  14216ns            1417 0000028c 00062683 lw               x13, 0(x12)         x13=000000a8 x12:00005210  PA:00005210
  14226ns            1418 00000290 00052503 lw               x10, 0(x10)         x10=000000f2 x10:00005250  PA:00005250
  14236ns            1419 00000294 00478793 addi             x15, x15, 4         x15=00000034 x15:00000030
  14246ns            1420 00000298 00a6c6b3 xor              x13, x13, x10       x13=0000005a x13:000000a8 x10:000000f2
  14256ns            1421 0000029c 00d62023 sw               x13, 0(x12)         x13:0000005a x12:00005210  PA:00005210
  14266ns            1422 000002a0 fee790e3 bne              x15, x14, -32       x15:00000034 x14:00000040
  14296ns            1425 00000280 04010693 addi             x13, x2, 64         x13=000051e0  x2:000051a0
  14306ns            1426 00000284 00f68633 add              x12, x13, x15       x12=00005214 x13:000051e0 x15:00000034
  14316ns            1427 00000288 00f48533 add              x10, x9, x15        x10=00005254  x9:00005220 x15:00000034
  14326ns            1428 0000028c 00062683 lw               x13, 0(x12)         x13=0000008d x12:00005214  PA:00005214
  14336ns            1429 00000290 00052503 lw               x10, 0(x10)         x10=000000e8 x10:00005254  PA:00005254
  14346ns            1430 00000294 00478793 addi             x15, x15, 4         x15=00000038 x15:00000034
  14356ns            1431 00000298 00a6c6b3 xor              x13, x13, x10       x13=00000065 x13:0000008d x10:000000e8
  14366ns            1432 0000029c 00d62023 sw               x13, 0(x12)         x13:00000065 x12:00005214  PA:00005214
  14376ns            1433 000002a0 fee790e3 bne              x15, x14, -32       x15:00000038 x14:00000040
  14406ns            1436 00000280 04010693 addi             x13, x2, 64         x13=000051e0  x2:000051a0
  14416ns            1437 00000284 00f68633 add              x12, x13, x15       x12=00005218 x13:000051e0 x15:00000038
  14426ns            1438 00000288 00f48533 add              x10, x9, x15        x10=00005258  x9:00005220 x15:00000038
  14436ns            1439 0000028c 00062683 lw               x13, 0(x12)         x13=000000a2 x12:00005218  PA:00005218
  14446ns            1440 00000290 00052503 lw               x10, 0(x10)         x10=00000060 x10:00005258  PA:00005258
  14456ns            1441 00000294 00478793 addi             x15, x15, 4         x15=0000003c x15:00000038
  14466ns            1442 00000298 00a6c6b3 xor              x13, x13, x10       x13=000000c2 x13:000000a2 x10:00000060
  14476ns            1443 0000029c 00d62023 sw               x13, 0(x12)         x13:000000c2 x12:00005218  PA:00005218
  14486ns            1444 000002a0 fee790e3 bne              x15, x14, -32       x15:0000003c x14:00000040
  14516ns            1447 00000280 04010693 addi             x13, x2, 64         x13=000051e0  x2:000051a0
  14526ns            1448 00000284 00f68633 add              x12, x13, x15       x12=0000521c x13:000051e0 x15:0000003c
  14536ns            1449 00000288 00f48533 add              x10, x9, x15        x10=0000525c  x9:00005220 x15:0000003c
  14546ns            1450 0000028c 00062683 lw               x13, 0(x12)         x13=00000034 x12:0000521c  PA:0000521c
  14556ns            1451 00000290 00052503 lw               x10, 0(x10)         x10=00000008 x10:0000525c  PA:0000525c
  14566ns            1452 00000294 00478793 addi             x15, x15, 4         x15=00000040 x15:0000003c
  14576ns            1453 00000298 00a6c6b3 xor              x13, x13, x10       x13=0000003c x13:00000034 x10:00000008
  14586ns            1454 0000029c 00d62023 sw               x13, 0(x12)         x13:0000003c x12:0000521c  PA:0000521c
  14596ns            1455 000002a0 fee790e3 bne              x15, x14, -32       x15:00000040 x14:00000040
  14606ns            1456 000002a4 01078713 addi             x14, x15, 16        x14=00000050 x15:00000040
  14616ns            1457 000002a8 fcb71ae3 bne              x14, x11, -44       x14:00000050 x11:00000050
  14626ns            1458 000002ac 00080593 addi             x11, x16, 0         x11=000051b8 x16:000051b8
  14636ns            1459 000002b0 00000693 addi             x13, x0, 0          x13=00000000
  14646ns            1460 000002b4 00400513 addi             x10, x0, 4          x10=00000004
  14656ns            1461 000002b8 00030637 lui              x12, 0x30000        x12=00030000
  14666ns            1462 000002bc 00900313 addi             x6, x0, 9            x6=00000009
  14676ns            1463 000002c0 00200e13 addi             x28, x0, 2          x28=00000002
  14686ns            1464 000002c4 0ff00e93 addi             x29, x0, 255        x29=000000ff
  14696ns            1465 000002c8 00300f13 addi             x30, x0, 3          x30=00000003
  14706ns            1466 000002cc 00100f93 addi             x31, x0, 1          x31=00000001
  14716ns            1467 000002d0 01000293 addi             x5, x0, 16           x5=00000010
  14726ns            1468 000002d4 05000393 addi             x7, x0, 80           x7=00000050
  14736ns            1469 000002d8 00a00893 addi             x17, x0, 10         x17=0000000a
  14746ns            1470 000002dc 09c12783 lw               x15, 156(x2)        x15=0000002a  x2:000051a0  PA:0000523c
  14756ns            1471 000002e0 00810a13 addi             x20, x2, 8          x20=000051a8  x2:000051a0
  14766ns            1472 000002e4 00f12423 sw               x15, 8(x2)          x15:0000002a  x2:000051a0  PA:000051a8
  14776ns            1473 000002e8 0ac12783 lw               x15, 172(x2)        x15=000000ab  x2:000051a0  PA:0000524c
  14796ns            1475 000002ec 00f12623 sw               x15, 12(x2)         x15:000000ab  x2:000051a0  PA:000051ac
  14806ns            1476 000002f0 0bc12783 lw               x15, 188(x2)        x15=00000008  x2:000051a0  PA:0000525c
  14826ns            1478 000002f4 00f12823 sw               x15, 16(x2)         x15:00000008  x2:000051a0  PA:000051b0
  14836ns            1479 000002f8 08c12783 lw               x15, 140(x2)        x15=000000a0  x2:000051a0  PA:0000522c
  14856ns            1481 000002fc 00f12a23 sw               x15, 20(x2)         x15:000000a0  x2:000051a0  PA:000051b4
  14866ns            1482 00000300 000a0793 addi             x15, x20, 0         x15=000051a8 x20:000051a8
  14876ns            1483 00000304 0007c703 lbu              x14, 0(x15)         x14=0000002a x15:000051a8  PA:000051a8
  14886ns            1484 00000308 54010993 addi             x19, x2, 1344       x19=000056e0  x2:000051a0
  14896ns            1485 0000030c 00478793 addi             x15, x15, 4         x15=000051ac x15:000051a8
  14906ns            1486 00000310 00271713 slli             x14, x14, 0x2       x14=000000a8 x14:0000002a
  14916ns            1487 00000314 00e98733 add              x14, x19, x14       x14=00005788 x19:000056e0 x14:000000a8
  14926ns            1488 00000318 c0072703 lw               x14, -1024(x14)     x14=000000e5 x14:00005788  PA:00005388
  14946ns            1490 0000031c fee7ae23 sw               x14, -4(x15)        x14:000000e5 x15:000051ac  PA:000051a8
  14956ns            1491 00000320 fef812e3 bne              x16, x15, -28       x16:000051b8 x15:000051ac
  14986ns            1494 00000304 0007c703 lbu              x14, 0(x15)         x14=000000ab x15:000051ac  PA:000051ac
  14996ns            1495 00000308 54010993 addi             x19, x2, 1344       x19=000056e0  x2:000051a0
  15006ns            1496 0000030c 00478793 addi             x15, x15, 4         x15=000051b0 x15:000051ac
  15016ns            1497 00000310 00271713 slli             x14, x14, 0x2       x14=000002ac x14:000000ab
  15026ns            1498 00000314 00e98733 add              x14, x19, x14       x14=0000598c x19:000056e0 x14:000002ac
  15036ns            1499 00000318 c0072703 lw               x14, -1024(x14)     x14=00000062 x14:0000598c  PA:0000558c
  15056ns            1501 0000031c fee7ae23 sw               x14, -4(x15)        x14:00000062 x15:000051b0  PA:000051ac
  15066ns            1502 00000320 fef812e3 bne              x16, x15, -28       x16:000051b8 x15:000051b0
  15096ns            1505 00000304 0007c703 lbu              x14, 0(x15)         x14=00000008 x15:000051b0  PA:000051b0
  15106ns            1506 00000308 54010993 addi             x19, x2, 1344       x19=000056e0  x2:000051a0
  15116ns            1507 0000030c 00478793 addi             x15, x15, 4         x15=000051b4 x15:000051b0
  15126ns            1508 00000310 00271713 slli             x14, x14, 0x2       x14=00000020 x14:00000008
  15136ns            1509 00000314 00e98733 add              x14, x19, x14       x14=00005700 x19:000056e0 x14:00000020
  15146ns            1510 00000318 c0072703 lw               x14, -1024(x14)     x14=00000030 x14:00005700  PA:00005300
  15166ns            1512 0000031c fee7ae23 sw               x14, -4(x15)        x14:00000030 x15:000051b4  PA:000051b0
  15176ns            1513 00000320 fef812e3 bne              x16, x15, -28       x16:000051b8 x15:000051b4
  15206ns            1516 00000304 0007c703 lbu              x14, 0(x15)         x14=000000a0 x15:000051b4  PA:000051b4
  15216ns            1517 00000308 54010993 addi             x19, x2, 1344       x19=000056e0  x2:000051a0
  15226ns            1518 0000030c 00478793 addi             x15, x15, 4         x15=000051b8 x15:000051b4
  15236ns            1519 00000310 00271713 slli             x14, x14, 0x2       x14=00000280 x14:000000a0
  15246ns            1520 00000314 00e98733 add              x14, x19, x14       x14=00005960 x19:000056e0 x14:00000280
  15256ns            1521 00000318 c0072703 lw               x14, -1024(x14)     x14=000000e0 x14:00005960  PA:00005560
  15276ns            1523 0000031c fee7ae23 sw               x14, -4(x15)        x14:000000e0 x15:000051b8  PA:000051b4
  15286ns            1524 00000320 fef812e3 bne              x16, x15, -28       x16:000051b8 x15:000051b8
  15296ns            1525 00000324 00812783 lw               x15, 8(x2)          x15=000000e5  x2:000051a0  PA:000051a8
  15306ns            1526 00000328 0005a703 lw               x14, 0(x11)         x14=00000001 x11:000051b8  PA:000051b8
  15326ns            1528 0000032c 00e7c7b3 xor              x15, x15, x14       x15=000000e4 x15:000000e5 x14:00000001
  15336ns            1529 00000330 00f12423 sw               x15, 8(x2)          x15:000000e4  x2:000051a0  PA:000051a8
  15346ns            1530 00000334 00048793 addi             x15, x9, 0          x15=00005220  x9:00005220
  15356ns            1531 00000338 00078713 addi             x14, x15, 0         x14=00005220 x15:00005220
  15366ns            1532 0000033c 00000993 addi             x19, x0, 0          x19=00000000
  15376ns            1533 00000340 10099e63 bne              x19, x0, 284        x19:00000000
  15386ns            1534 00000344 0007aa83 lw               x21, 0(x15)         x21=00000000 x15:00005220  PA:00005220
  15396ns            1535 00000348 000a2b03 lw               x22, 0(x20)         x22=000000e4 x20:000051a8  PA:000051a8
  15416ns            1537 0000034c 016acab3 xor              x21, x21, x22       x21=000000e4 x21:00000000 x22:000000e4
  15426ns            1538 00000350 0157a023 sw               x21, 0(x15)         x21:000000e4 x15:00005220  PA:00005220
  15436ns            1539 00000354 00198993 addi             x19, x19, 1         x19=00000001 x19:00000000
  15446ns            1540 00000358 00470713 addi             x14, x14, 4         x14=00005224 x14:00005220
  15456ns            1541 0000035c fea992e3 bne              x19, x10, -28       x19:00000001 x10:00000004
  15486ns            1544 00000340 10099e63 bne              x19, x0, 284        x19:00000001
  15516ns            1547 0000045c 00072a83 lw               x21, 0(x14)         x21=000000a5 x14:00005224  PA:00005224
  15526ns            1548 00000460 ffc72b03 lw               x22, -4(x14)        x22=000000e4 x14:00005224  PA:00005220
  15546ns            1550 00000464 016acab3 xor              x21, x21, x22       x21=00000041 x21:000000a5 x22:000000e4
  15556ns            1551 00000468 01572023 sw               x21, 0(x14)         x21:00000041 x14:00005224  PA:00005224
  15566ns            1552 0000046c ee9ff06f jal              x0, -280           
  15586ns            1554 00000354 00198993 addi             x19, x19, 1         x19=00000002 x19:00000001
  15596ns            1555 00000358 00470713 addi             x14, x14, 4         x14=00005228 x14:00005224
  15606ns            1556 0000035c fea992e3 bne              x19, x10, -28       x19:00000002 x10:00000004
  15636ns            1559 00000340 10099e63 bne              x19, x0, 284        x19:00000002
  15666ns            1562 0000045c 00072a83 lw               x21, 0(x14)         x21=000000a8 x14:00005228  PA:00005228
  15676ns            1563 00000460 ffc72b03 lw               x22, -4(x14)        x22=00000041 x14:00005228  PA:00005224
  15696ns            1565 00000464 016acab3 xor              x21, x21, x22       x21=000000e9 x21:000000a8 x22:00000041
  15706ns            1566 00000468 01572023 sw               x21, 0(x14)         x21:000000e9 x14:00005228  PA:00005228
  15716ns            1567 0000046c ee9ff06f jal              x0, -280           
  15736ns            1569 00000354 00198993 addi             x19, x19, 1         x19=00000003 x19:00000002
  15746ns            1570 00000358 00470713 addi             x14, x14, 4         x14=0000522c x14:00005228
  15756ns            1571 0000035c fea992e3 bne              x19, x10, -28       x19:00000003 x10:00000004
  15786ns            1574 00000340 10099e63 bne              x19, x0, 284        x19:00000003
  15816ns            1577 0000045c 00072a83 lw               x21, 0(x14)         x21=000000a0 x14:0000522c  PA:0000522c
  15826ns            1578 00000460 ffc72b03 lw               x22, -4(x14)        x22=000000e9 x14:0000522c  PA:00005228
  15846ns            1580 00000464 016acab3 xor              x21, x21, x22       x21=00000049 x21:000000a0 x22:000000e9
  15856ns            1581 00000468 01572023 sw               x21, 0(x14)         x21:00000049 x14:0000522c  PA:0000522c
  15866ns            1582 0000046c ee9ff06f jal              x0, -280           
  15886ns            1584 00000354 00198993 addi             x19, x19, 1         x19=00000004 x19:00000003
  15896ns            1585 00000358 00470713 addi             x14, x14, 4         x14=00005230 x14:0000522c
  15906ns            1586 0000035c fea992e3 bne              x19, x10, -28       x19:00000004 x10:00000004
  15916ns            1587 00000360 01078793 addi             x15, x15, 16        x15=00005230 x15:00005220
  15926ns            1588 00000364 004a0a13 addi             x20, x20, 4         x20=000051ac x20:000051a8
  15936ns            1589 00000368 fcf918e3 bne              x18, x15, -48       x18:00005260 x15:00005230
  15966ns            1592 00000338 00078713 addi             x14, x15, 0         x14=00005230 x15:00005230
  15976ns            1593 0000033c 00000993 addi             x19, x0, 0          x19=00000000
  15986ns            1594 00000340 10099e63 bne              x19, x0, 284        x19:00000000
  15996ns            1595 00000344 0007aa83 lw               x21, 0(x15)         x21=000000e9 x15:00005230  PA:00005230
  16006ns            1596 00000348 000a2b03 lw               x22, 0(x20)         x22=00000062 x20:000051ac  PA:000051ac
  16026ns            1598 0000034c 016acab3 xor              x21, x21, x22       x21=0000008b x21:000000e9 x22:00000062
  16036ns            1599 00000350 0157a023 sw               x21, 0(x15)         x21:0000008b x15:00005230  PA:00005230
  16046ns            1600 00000354 00198993 addi             x19, x19, 1         x19=00000001 x19:00000000
  16056ns            1601 00000358 00470713 addi             x14, x14, 4         x14=00005234 x14:00005230
  16066ns            1602 0000035c fea992e3 bne              x19, x10, -28       x19:00000001 x10:00000004
  16096ns            1605 00000340 10099e63 bne              x19, x0, 284        x19:00000001
  16126ns            1608 0000045c 00072a83 lw               x21, 0(x14)         x21=00000009 x14:00005234  PA:00005234
  16136ns            1609 00000460 ffc72b03 lw               x22, -4(x14)        x22=0000008b x14:00005234  PA:00005230
  16156ns            1611 00000464 016acab3 xor              x21, x21, x22       x21=00000082 x21:00000009 x22:0000008b
  16166ns            1612 00000468 01572023 sw               x21, 0(x14)         x21:00000082 x14:00005234  PA:00005234
  16176ns            1613 0000046c ee9ff06f jal              x0, -280           
  16196ns            1615 00000354 00198993 addi             x19, x19, 1         x19=00000002 x19:00000001
  16206ns            1616 00000358 00470713 addi             x14, x14, 4         x14=00005238 x14:00005234
  16216ns            1617 0000035c fea992e3 bne              x19, x10, -28       x19:00000002 x10:00000004
  16246ns            1620 00000340 10099e63 bne              x19, x0, 284        x19:00000002
  16276ns            1623 0000045c 00072a83 lw               x21, 0(x14)         x21=000000bb x14:00005238  PA:00005238
  16286ns            1624 00000460 ffc72b03 lw               x22, -4(x14)        x22=00000082 x14:00005238  PA:00005234
  16306ns            1626 00000464 016acab3 xor              x21, x21, x22       x21=00000039 x21:000000bb x22:00000082
  16316ns            1627 00000468 01572023 sw               x21, 0(x14)         x21:00000039 x14:00005238  PA:00005238
  16326ns            1628 0000046c ee9ff06f jal              x0, -280           
  16346ns            1630 00000354 00198993 addi             x19, x19, 1         x19=00000003 x19:00000002
  16356ns            1631 00000358 00470713 addi             x14, x14, 4         x14=0000523c x14:00005238
  16366ns            1632 0000035c fea992e3 bne              x19, x10, -28       x19:00000003 x10:00000004
  16396ns            1635 00000340 10099e63 bne              x19, x0, 284        x19:00000003
  16426ns            1638 0000045c 00072a83 lw               x21, 0(x14)         x21=0000002a x14:0000523c  PA:0000523c
  16436ns            1639 00000460 ffc72b03 lw               x22, -4(x14)        x22=00000039 x14:0000523c  PA:00005238
  16456ns            1641 00000464 016acab3 xor              x21, x21, x22       x21=00000013 x21:0000002a x22:00000039
  16466ns            1642 00000468 01572023 sw               x21, 0(x14)         x21:00000013 x14:0000523c  PA:0000523c
  16476ns            1643 0000046c ee9ff06f jal              x0, -280           
  16496ns            1645 00000354 00198993 addi             x19, x19, 1         x19=00000004 x19:00000003
  16506ns            1646 00000358 00470713 addi             x14, x14, 4         x14=00005240 x14:0000523c
  16516ns            1647 0000035c fea992e3 bne              x19, x10, -28       x19:00000004 x10:00000004
  16526ns            1648 00000360 01078793 addi             x15, x15, 16        x15=00005240 x15:00005230
  16536ns            1649 00000364 004a0a13 addi             x20, x20, 4         x20=000051b0 x20:000051ac
  16546ns            1650 00000368 fcf918e3 bne              x18, x15, -48       x18:00005260 x15:00005240
  16576ns            1653 00000338 00078713 addi             x14, x15, 0         x14=00005240 x15:00005240
  16586ns            1654 0000033c 00000993 addi             x19, x0, 0          x19=00000000
  16596ns            1655 00000340 10099e63 bne              x19, x0, 284        x19:00000000
  16606ns            1656 00000344 0007aa83 lw               x21, 0(x15)         x21=000000c9 x15:00005240  PA:00005240
  16616ns            1657 00000348 000a2b03 lw               x22, 0(x20)         x22=00000030 x20:000051b0  PA:000051b0
  16636ns            1659 0000034c 016acab3 xor              x21, x21, x22       x21=000000f9 x21:000000c9 x22:00000030
  16646ns            1660 00000350 0157a023 sw               x21, 0(x15)         x21:000000f9 x15:00005240  PA:00005240
  16656ns            1661 00000354 00198993 addi             x19, x19, 1         x19=00000001 x19:00000000
  16666ns            1662 00000358 00470713 addi             x14, x14, 4         x14=00005244 x14:00005240
  16676ns            1663 0000035c fea992e3 bne              x19, x10, -28       x19:00000001 x10:00000004
  16706ns            1666 00000340 10099e63 bne              x19, x0, 284        x19:00000001
  16736ns            1669 0000045c 00072a83 lw               x21, 0(x14)         x21=000000d4 x14:00005244  PA:00005244
  16746ns            1670 00000460 ffc72b03 lw               x22, -4(x14)        x22=000000f9 x14:00005244  PA:00005240
  16766ns            1672 00000464 016acab3 xor              x21, x21, x22       x21=0000002d x21:000000d4 x22:000000f9
  16776ns            1673 00000468 01572023 sw               x21, 0(x14)         x21:0000002d x14:00005244  PA:00005244
  16786ns            1674 0000046c ee9ff06f jal              x0, -280           
  16806ns            1676 00000354 00198993 addi             x19, x19, 1         x19=00000002 x19:00000001
  16816ns            1677 00000358 00470713 addi             x14, x14, 4         x14=00005248 x14:00005244
  16826ns            1678 0000035c fea992e3 bne              x19, x10, -28       x19:00000002 x10:00000004
  16856ns            1681 00000340 10099e63 bne              x19, x0, 284        x19:00000002
  16886ns            1684 0000045c 00072a83 lw               x21, 0(x14)         x21=000000b7 x14:00005248  PA:00005248
  16896ns            1685 00000460 ffc72b03 lw               x22, -4(x14)        x22=0000002d x14:00005248  PA:00005244
  16916ns            1687 00000464 016acab3 xor              x21, x21, x22       x21=0000009a x21:000000b7 x22:0000002d
  16926ns            1688 00000468 01572023 sw               x21, 0(x14)         x21:0000009a x14:00005248  PA:00005248
  16936ns            1689 0000046c ee9ff06f jal              x0, -280           
  16956ns            1691 00000354 00198993 addi             x19, x19, 1         x19=00000003 x19:00000002
  16966ns            1692 00000358 00470713 addi             x14, x14, 4         x14=0000524c x14:00005248
  16976ns            1693 0000035c fea992e3 bne              x19, x10, -28       x19:00000003 x10:00000004
  17006ns            1696 00000340 10099e63 bne              x19, x0, 284        x19:00000003
  17036ns            1699 0000045c 00072a83 lw               x21, 0(x14)         x21=000000ab x14:0000524c  PA:0000524c
  17046ns            1700 00000460 ffc72b03 lw               x22, -4(x14)        x22=0000009a x14:0000524c  PA:00005248
  17066ns            1702 00000464 016acab3 xor              x21, x21, x22       x21=00000031 x21:000000ab x22:0000009a
  17076ns            1703 00000468 01572023 sw               x21, 0(x14)         x21:00000031 x14:0000524c  PA:0000524c
  17086ns            1704 0000046c ee9ff06f jal              x0, -280           
  17106ns            1706 00000354 00198993 addi             x19, x19, 1         x19=00000004 x19:00000003
  17116ns            1707 00000358 00470713 addi             x14, x14, 4         x14=00005250 x14:0000524c
  17126ns            1708 0000035c fea992e3 bne              x19, x10, -28       x19:00000004 x10:00000004
  17136ns            1709 00000360 01078793 addi             x15, x15, 16        x15=00005250 x15:00005240
  17146ns            1710 00000364 004a0a13 addi             x20, x20, 4         x20=000051b4 x20:000051b0
  17156ns            1711 00000368 fcf918e3 bne              x18, x15, -48       x18:00005260 x15:00005250
  17186ns            1714 00000338 00078713 addi             x14, x15, 0         x14=00005250 x15:00005250
  17196ns            1715 0000033c 00000993 addi             x19, x0, 0          x19=00000000
  17206ns            1716 00000340 10099e63 bne              x19, x0, 284        x19:00000000
  17216ns            1717 00000344 0007aa83 lw               x21, 0(x15)         x21=000000f2 x15:00005250  PA:00005250
  17226ns            1718 00000348 000a2b03 lw               x22, 0(x20)         x22=000000e0 x20:000051b4  PA:000051b4
  17246ns            1720 0000034c 016acab3 xor              x21, x21, x22       x21=00000012 x21:000000f2 x22:000000e0
  17256ns            1721 00000350 0157a023 sw               x21, 0(x15)         x21:00000012 x15:00005250  PA:00005250
  17266ns            1722 00000354 00198993 addi             x19, x19, 1         x19=00000001 x19:00000000
  17276ns            1723 00000358 00470713 addi             x14, x14, 4         x14=00005254 x14:00005250
  17286ns            1724 0000035c fea992e3 bne              x19, x10, -28       x19:00000001 x10:00000004
  17316ns            1727 00000340 10099e63 bne              x19, x0, 284        x19:00000001
  17346ns            1730 0000045c 00072a83 lw               x21, 0(x14)         x21=000000e8 x14:00005254  PA:00005254
  17356ns            1731 00000460 ffc72b03 lw               x22, -4(x14)        x22=00000012 x14:00005254  PA:00005250
  17376ns            1733 00000464 016acab3 xor              x21, x21, x22       x21=000000fa x21:000000e8 x22:00000012
  17386ns            1734 00000468 01572023 sw               x21, 0(x14)         x21:000000fa x14:00005254  PA:00005254
  17396ns            1735 0000046c ee9ff06f jal              x0, -280           
  17416ns            1737 00000354 00198993 addi             x19, x19, 1         x19=00000002 x19:00000001
  17426ns            1738 00000358 00470713 addi             x14, x14, 4         x14=00005258 x14:00005254
  17436ns            1739 0000035c fea992e3 bne              x19, x10, -28       x19:00000002 x10:00000004
  17466ns            1742 00000340 10099e63 bne              x19, x0, 284        x19:00000002
  17496ns            1745 0000045c 00072a83 lw               x21, 0(x14)         x21=00000060 x14:00005258  PA:00005258
  17506ns            1746 00000460 ffc72b03 lw               x22, -4(x14)        x22=000000fa x14:00005258  PA:00005254
  17526ns            1748 00000464 016acab3 xor              x21, x21, x22       x21=0000009a x21:00000060 x22:000000fa
  17536ns            1749 00000468 01572023 sw               x21, 0(x14)         x21:0000009a x14:00005258  PA:00005258
  17546ns            1750 0000046c ee9ff06f jal              x0, -280           
  17566ns            1752 00000354 00198993 addi             x19, x19, 1         x19=00000003 x19:00000002
  17576ns            1753 00000358 00470713 addi             x14, x14, 4         x14=0000525c x14:00005258
  17586ns            1754 0000035c fea992e3 bne              x19, x10, -28       x19:00000003 x10:00000004
  17616ns            1757 00000340 10099e63 bne              x19, x0, 284        x19:00000003
  17646ns            1760 0000045c 00072a83 lw               x21, 0(x14)         x21=00000008 x14:0000525c  PA:0000525c
  17656ns            1761 00000460 ffc72b03 lw               x22, -4(x14)        x22=0000009a x14:0000525c  PA:00005258
  17676ns            1763 00000464 016acab3 xor              x21, x21, x22       x21=00000092 x21:00000008 x22:0000009a
  17686ns            1764 00000468 01572023 sw               x21, 0(x14)         x21:00000092 x14:0000525c  PA:0000525c
  17696ns            1765 0000046c ee9ff06f jal              x0, -280           
  17716ns            1767 00000354 00198993 addi             x19, x19, 1         x19=00000004 x19:00000003
  17726ns            1768 00000358 00470713 addi             x14, x14, 4         x14=00005260 x14:0000525c
  17736ns            1769 0000035c fea992e3 bne              x19, x10, -28       x19:00000004 x10:00000004
  17746ns            1770 00000360 01078793 addi             x15, x15, 16        x15=00005260 x15:00005250
  17756ns            1771 00000364 004a0a13 addi             x20, x20, 4         x20=000051b8 x20:000051b4
  17766ns            1772 00000368 fcf918e3 bne              x18, x15, -48       x18:00005260 x15:00005260
  17776ns            1773 0000036c 04010993 addi             x19, x2, 64         x19=000051e0  x2:000051a0
  17786ns            1774 00000370 00098a13 addi             x20, x19, 0         x20=000051e0 x19:000051e0
  17796ns            1775 00000374 000a0713 addi             x14, x20, 0         x14=000051e0 x20:000051e0
  17806ns            1776 00000378 00000a93 addi             x21, x0, 0          x21=00000000
  17816ns            1777 0000037c 00074783 lbu              x15, 0(x14)         x15=00000032 x14:000051e0  PA:000051e0
  17826ns            1778 00000380 54010b13 addi             x22, x2, 1344       x22=000056e0  x2:000051a0
  17836ns            1779 00000384 001a8a93 addi             x21, x21, 1         x21=00000001 x21:00000000
  17846ns            1780 00000388 00279793 slli             x15, x15, 0x2       x15=000000c8 x15:00000032
  17856ns            1781 0000038c 00fb07b3 add              x15, x22, x15       x15=000057a8 x22:000056e0 x15:000000c8
  17866ns            1782 00000390 c007a783 lw               x15, -1024(x15)     x15=00000023 x15:000057a8  PA:000053a8
  17876ns            1783 00000394 00470713 addi             x14, x14, 4         x14=000051e4 x14:000051e0
  17886ns            1784 00000398 fef72e23 sw               x15, -4(x14)        x15:00000023 x14:000051e4  PA:000051e0
  17896ns            1785 0000039c feaa90e3 bne              x21, x10, -32       x21:00000001 x10:00000004
  17926ns            1788 0000037c 00074783 lbu              x15, 0(x14)         x15=0000002d x14:000051e4  PA:000051e4
  17936ns            1789 00000380 54010b13 addi             x22, x2, 1344       x22=000056e0  x2:000051a0
  17946ns            1790 00000384 001a8a93 addi             x21, x21, 1         x21=00000002 x21:00000001
  17956ns            1791 00000388 00279793 slli             x15, x15, 0x2       x15=000000b4 x15:0000002d
  17966ns            1792 0000038c 00fb07b3 add              x15, x22, x15       x15=00005794 x22:000056e0 x15:000000b4
  17976ns            1793 00000390 c007a783 lw               x15, -1024(x15)     x15=000000d8 x15:00005794  PA:00005394
  17986ns            1794 00000394 00470713 addi             x14, x14, 4         x14=000051e8 x14:000051e4
  17996ns            1795 00000398 fef72e23 sw               x15, -4(x14)        x15:000000d8 x14:000051e8  PA:000051e4
  18006ns            1796 0000039c feaa90e3 bne              x21, x10, -32       x21:00000002 x10:00000004
  18036ns            1799 0000037c 00074783 lbu              x15, 0(x14)         x15=00000099 x14:000051e8  PA:000051e8
  18046ns            1800 00000380 54010b13 addi             x22, x2, 1344       x22=000056e0  x2:000051a0
  18056ns            1801 00000384 001a8a93 addi             x21, x21, 1         x21=00000003 x21:00000002
  18066ns            1802 00000388 00279793 slli             x15, x15, 0x2       x15=00000264 x15:00000099
  18076ns            1803 0000038c 00fb07b3 add              x15, x22, x15       x15=00005944 x22:000056e0 x15:00000264
  18086ns            1804 00000390 c007a783 lw               x15, -1024(x15)     x15=000000ee x15:00005944  PA:00005544
  18096ns            1805 00000394 00470713 addi             x14, x14, 4         x14=000051ec x14:000051e8
  18106ns            1806 00000398 fef72e23 sw               x15, -4(x14)        x15:000000ee x14:000051ec  PA:000051e8
  18116ns            1807 0000039c feaa90e3 bne              x21, x10, -32       x21:00000003 x10:00000004
  18146ns            1810 0000037c 00074783 lbu              x15, 0(x14)         x15=00000040 x14:000051ec  PA:000051ec
  18156ns            1811 00000380 54010b13 addi             x22, x2, 1344       x22=000056e0  x2:000051a0
  18166ns            1812 00000384 001a8a93 addi             x21, x21, 1         x21=00000004 x21:00000003
  18176ns            1813 00000388 00279793 slli             x15, x15, 0x2       x15=00000100 x15:00000040
  18186ns            1814 0000038c 00fb07b3 add              x15, x22, x15       x15=000057e0 x22:000056e0 x15:00000100
  18196ns            1815 00000390 c007a783 lw               x15, -1024(x15)     x15=00000009 x15:000057e0  PA:000053e0
  18206ns            1816 00000394 00470713 addi             x14, x14, 4         x14=000051f0 x14:000051ec
  18216ns            1817 00000398 fef72e23 sw               x15, -4(x14)        x15:00000009 x14:000051f0  PA:000051ec
  18226ns            1818 0000039c feaa90e3 bne              x21, x10, -32       x21:00000004 x10:00000004
  18236ns            1819 000003a0 010a0a13 addi             x20, x20, 16        x20=000051f0 x20:000051e0
  18246ns            1820 000003a4 fd4498e3 bne              x9, x20, -48         x9:00005220 x20:000051f0
  18276ns            1823 00000374 000a0713 addi             x14, x20, 0         x14=000051f0 x20:000051f0
  18286ns            1824 00000378 00000a93 addi             x21, x0, 0          x21=00000000
  18296ns            1825 0000037c 00074783 lbu              x15, 0(x14)         x15=000000aa x14:000051f0  PA:000051f0
  18306ns            1826 00000380 54010b13 addi             x22, x2, 1344       x22=000056e0  x2:000051a0
  18316ns            1827 00000384 001a8a93 addi             x21, x21, 1         x21=00000001 x21:00000000
  18326ns            1828 00000388 00279793 slli             x15, x15, 0x2       x15=000002a8 x15:000000aa
  18336ns            1829 0000038c 00fb07b3 add              x15, x22, x15       x15=00005988 x22:000056e0 x15:000002a8
  18346ns            1830 00000390 c007a783 lw               x15, -1024(x15)     x15=000000ac x15:00005988  PA:00005588
  18356ns            1831 00000394 00470713 addi             x14, x14, 4         x14=000051f4 x14:000051f0
  18366ns            1832 00000398 fef72e23 sw               x15, -4(x14)        x15:000000ac x14:000051f4  PA:000051f0
  18376ns            1833 0000039c feaa90e3 bne              x21, x10, -32       x21:00000001 x10:00000004
  18406ns            1836 0000037c 00074783 lbu              x15, 0(x14)         x15=00000053 x14:000051f4  PA:000051f4
  18416ns            1837 00000380 54010b13 addi             x22, x2, 1344       x22=000056e0  x2:000051a0
  18426ns            1838 00000384 001a8a93 addi             x21, x21, 1         x21=00000002 x21:00000001
  18436ns            1839 00000388 00279793 slli             x15, x15, 0x2       x15=0000014c x15:00000053
  18446ns            1840 0000038c 00fb07b3 add              x15, x22, x15       x15=0000582c x22:000056e0 x15:0000014c
  18456ns            1841 00000390 c007a783 lw               x15, -1024(x15)     x15=000000ed x15:0000582c  PA:0000542c
  18466ns            1842 00000394 00470713 addi             x14, x14, 4         x14=000051f8 x14:000051f4
  18476ns            1843 00000398 fef72e23 sw               x15, -4(x14)        x15:000000ed x14:000051f8  PA:000051f4
  18486ns            1844 0000039c feaa90e3 bne              x21, x10, -32       x21:00000002 x10:00000004
  18516ns            1847 0000037c 00074783 lbu              x15, 0(x14)         x15=0000008a x14:000051f8  PA:000051f8
  18526ns            1848 00000380 54010b13 addi             x22, x2, 1344       x22=000056e0  x2:000051a0
  18536ns            1849 00000384 001a8a93 addi             x21, x21, 1         x21=00000003 x21:00000002
  18546ns            1850 00000388 00279793 slli             x15, x15, 0x2       x15=00000228 x15:0000008a
  18556ns            1851 0000038c 00fb07b3 add              x15, x22, x15       x15=00005908 x22:000056e0 x15:00000228
  18566ns            1852 00000390 c007a783 lw               x15, -1024(x15)     x15=0000007e x15:00005908  PA:00005508
  18576ns            1853 00000394 00470713 addi             x14, x14, 4         x14=000051fc x14:000051f8
  18586ns            1854 00000398 fef72e23 sw               x15, -4(x14)        x15:0000007e x14:000051fc  PA:000051f8
  18596ns            1855 0000039c feaa90e3 bne              x21, x10, -32       x21:00000003 x10:00000004
  18626ns            1858 0000037c 00074783 lbu              x15, 0(x14)         x15=0000001d x14:000051fc  PA:000051fc
  18636ns            1859 00000380 54010b13 addi             x22, x2, 1344       x22=000056e0  x2:000051a0
  18646ns            1860 00000384 001a8a93 addi             x21, x21, 1         x21=00000004 x21:00000003
  18656ns            1861 00000388 00279793 slli             x15, x15, 0x2       x15=00000074 x15:0000001d
  18666ns            1862 0000038c 00fb07b3 add              x15, x22, x15       x15=00005754 x22:000056e0 x15:00000074
  18676ns            1863 00000390 c007a783 lw               x15, -1024(x15)     x15=000000a4 x15:00005754  PA:00005354
  18686ns            1864 00000394 00470713 addi             x14, x14, 4         x14=00005200 x14:000051fc
  18696ns            1865 00000398 fef72e23 sw               x15, -4(x14)        x15:000000a4 x14:00005200  PA:000051fc
  18706ns            1866 0000039c feaa90e3 bne              x21, x10, -32       x21:00000004 x10:00000004
  18716ns            1867 000003a0 010a0a13 addi             x20, x20, 16        x20=00005200 x20:000051f0
  18726ns            1868 000003a4 fd4498e3 bne              x9, x20, -48         x9:00005220 x20:00005200
  18756ns            1871 00000374 000a0713 addi             x14, x20, 0         x14=00005200 x20:00005200
  18766ns            1872 00000378 00000a93 addi             x21, x0, 0          x21=00000000
  18776ns            1873 0000037c 00074783 lbu              x15, 0(x14)         x15=0000003f x14:00005200  PA:00005200
  18786ns            1874 00000380 54010b13 addi             x22, x2, 1344       x22=000056e0  x2:000051a0
  18796ns            1875 00000384 001a8a93 addi             x21, x21, 1         x21=00000001 x21:00000000
  18806ns            1876 00000388 00279793 slli             x15, x15, 0x2       x15=000000fc x15:0000003f
  18816ns            1877 0000038c 00fb07b3 add              x15, x22, x15       x15=000057dc x22:000056e0 x15:000000fc
  18826ns            1878 00000390 c007a783 lw               x15, -1024(x15)     x15=00000075 x15:000057dc  PA:000053dc
  18836ns            1879 00000394 00470713 addi             x14, x14, 4         x14=00005204 x14:00005200
  18846ns            1880 00000398 fef72e23 sw               x15, -4(x14)        x15:00000075 x14:00005204  PA:00005200
  18856ns            1881 0000039c feaa90e3 bne              x21, x10, -32       x21:00000001 x10:00000004
  18886ns            1884 0000037c 00074783 lbu              x15, 0(x14)         x15=000000e4 x14:00005204  PA:00005204
  18896ns            1885 00000380 54010b13 addi             x22, x2, 1344       x22=000056e0  x2:000051a0
  18906ns            1886 00000384 001a8a93 addi             x21, x21, 1         x21=00000002 x21:00000001
  18916ns            1887 00000388 00279793 slli             x15, x15, 0x2       x15=00000390 x15:000000e4
  18926ns            1888 0000038c 00fb07b3 add              x15, x22, x15       x15=00005a70 x22:000056e0 x15:00000390
  18936ns            1889 00000390 c007a783 lw               x15, -1024(x15)     x15=00000069 x15:00005a70  PA:00005670
  18946ns            1890 00000394 00470713 addi             x14, x14, 4         x14=00005208 x14:00005204
  18956ns            1891 00000398 fef72e23 sw               x15, -4(x14)        x15:00000069 x14:00005208  PA:00005204
  18966ns            1892 0000039c feaa90e3 bne              x21, x10, -32       x21:00000002 x10:00000004
  18996ns            1895 0000037c 00074783 lbu              x15, 0(x14)         x15=0000002f x14:00005208  PA:00005208
  19006ns            1896 00000380 54010b13 addi             x22, x2, 1344       x22=000056e0  x2:000051a0
  19016ns            1897 00000384 001a8a93 addi             x21, x21, 1         x21=00000003 x21:00000002
  19026ns            1898 00000388 00279793 slli             x15, x15, 0x2       x15=000000bc x15:0000002f
  19036ns            1899 0000038c 00fb07b3 add              x15, x22, x15       x15=0000579c x22:000056e0 x15:000000bc
  19046ns            1900 00000390 c007a783 lw               x15, -1024(x15)     x15=00000015 x15:0000579c  PA:0000539c
  19056ns            1901 00000394 00470713 addi             x14, x14, 4         x14=0000520c x14:00005208
  19066ns            1902 00000398 fef72e23 sw               x15, -4(x14)        x15:00000015 x14:0000520c  PA:00005208
  19076ns            1903 0000039c feaa90e3 bne              x21, x10, -32       x21:00000003 x10:00000004
  19106ns            1906 0000037c 00074783 lbu              x15, 0(x14)         x15=000000ac x14:0000520c  PA:0000520c
  19116ns            1907 00000380 54010b13 addi             x22, x2, 1344       x22=000056e0  x2:000051a0
  19126ns            1908 00000384 001a8a93 addi             x21, x21, 1         x21=00000004 x21:00000003
  19136ns            1909 00000388 00279793 slli             x15, x15, 0x2       x15=000002b0 x15:000000ac
  19146ns            1910 0000038c 00fb07b3 add              x15, x22, x15       x15=00005990 x22:000056e0 x15:000002b0
  19156ns            1911 00000390 c007a783 lw               x15, -1024(x15)     x15=00000091 x15:00005990  PA:00005590
  19166ns            1912 00000394 00470713 addi             x14, x14, 4         x14=00005210 x14:0000520c
  19176ns            1913 00000398 fef72e23 sw               x15, -4(x14)        x15:00000091 x14:00005210  PA:0000520c
  19186ns            1914 0000039c feaa90e3 bne              x21, x10, -32       x21:00000004 x10:00000004
  19196ns            1915 000003a0 010a0a13 addi             x20, x20, 16        x20=00005210 x20:00005200
  19206ns            1916 000003a4 fd4498e3 bne              x9, x20, -48         x9:00005220 x20:00005210
  19236ns            1919 00000374 000a0713 addi             x14, x20, 0         x14=00005210 x20:00005210
  19246ns            1920 00000378 00000a93 addi             x21, x0, 0          x21=00000000
  19256ns            1921 0000037c 00074783 lbu              x15, 0(x14)         x15=0000005a x14:00005210  PA:00005210
  19266ns            1922 00000380 54010b13 addi             x22, x2, 1344       x22=000056e0  x2:000051a0
  19276ns            1923 00000384 001a8a93 addi             x21, x21, 1         x21=00000001 x21:00000000
  19286ns            1924 00000388 00279793 slli             x15, x15, 0x2       x15=00000168 x15:0000005a
  19296ns            1925 0000038c 00fb07b3 add              x15, x22, x15       x15=00005848 x22:000056e0 x15:00000168
  19306ns            1926 00000390 c007a783 lw               x15, -1024(x15)     x15=000000be x15:00005848  PA:00005448
  19316ns            1927 00000394 00470713 addi             x14, x14, 4         x14=00005214 x14:00005210
  19326ns            1928 00000398 fef72e23 sw               x15, -4(x14)        x15:000000be x14:00005214  PA:00005210
  19336ns            1929 0000039c feaa90e3 bne              x21, x10, -32       x21:00000001 x10:00000004
  19366ns            1932 0000037c 00074783 lbu              x15, 0(x14)         x15=00000065 x14:00005214  PA:00005214
  19376ns            1933 00000380 54010b13 addi             x22, x2, 1344       x22=000056e0  x2:000051a0
  19386ns            1934 00000384 001a8a93 addi             x21, x21, 1         x21=00000002 x21:00000001
  19396ns            1935 00000388 00279793 slli             x15, x15, 0x2       x15=00000194 x15:00000065
  19406ns            1936 0000038c 00fb07b3 add              x15, x22, x15       x15=00005874 x22:000056e0 x15:00000194
  19416ns            1937 00000390 c007a783 lw               x15, -1024(x15)     x15=0000004d x15:00005874  PA:00005474
  19426ns            1938 00000394 00470713 addi             x14, x14, 4         x14=00005218 x14:00005214
  19436ns            1939 00000398 fef72e23 sw               x15, -4(x14)        x15:0000004d x14:00005218  PA:00005214
  19446ns            1940 0000039c feaa90e3 bne              x21, x10, -32       x21:00000002 x10:00000004
  19476ns            1943 0000037c 00074783 lbu              x15, 0(x14)         x15=000000c2 x14:00005218  PA:00005218
  19486ns            1944 00000380 54010b13 addi             x22, x2, 1344       x22=000056e0  x2:000051a0
  19496ns            1945 00000384 001a8a93 addi             x21, x21, 1         x21=00000003 x21:00000002
  19506ns            1946 00000388 00279793 slli             x15, x15, 0x2       x15=00000308 x15:000000c2
  19516ns            1947 0000038c 00fb07b3 add              x15, x22, x15       x15=000059e8 x22:000056e0 x15:00000308
  19526ns            1948 00000390 c007a783 lw               x15, -1024(x15)     x15=00000025 x15:000059e8  PA:000055e8
  19536ns            1949 00000394 00470713 addi             x14, x14, 4         x14=0000521c x14:00005218
  19546ns            1950 00000398 fef72e23 sw               x15, -4(x14)        x15:00000025 x14:0000521c  PA:00005218
  19556ns            1951 0000039c feaa90e3 bne              x21, x10, -32       x21:00000003 x10:00000004
  19586ns            1954 0000037c 00074783 lbu              x15, 0(x14)         x15=0000003c x14:0000521c  PA:0000521c
  19596ns            1955 00000380 54010b13 addi             x22, x2, 1344       x22=000056e0  x2:000051a0
  19606ns            1956 00000384 001a8a93 addi             x21, x21, 1         x21=00000004 x21:00000003
  19616ns            1957 00000388 00279793 slli             x15, x15, 0x2       x15=000000f0 x15:0000003c
  19626ns            1958 0000038c 00fb07b3 add              x15, x22, x15       x15=000057d0 x22:000056e0 x15:000000f0
  19636ns            1959 00000390 c007a783 lw               x15, -1024(x15)     x15=000000eb x15:000057d0  PA:000053d0
  19646ns            1960 00000394 00470713 addi             x14, x14, 4         x14=00005220 x14:0000521c
  19656ns            1961 00000398 fef72e23 sw               x15, -4(x14)        x15:000000eb x14:00005220  PA:0000521c
  19666ns            1962 0000039c feaa90e3 bne              x21, x10, -32       x21:00000004 x10:00000004
  19676ns            1963 000003a0 010a0a13 addi             x20, x20, 16        x20=00005220 x20:00005210
  19686ns            1964 000003a4 fd4498e3 bne              x9, x20, -48         x9:00005220 x20:00005220
  19696ns            1965 000003a8 05012783 lw               x15, 80(x2)         x15=000000ac  x2:000051a0  PA:000051f0
  19716ns            1967 000003ac 0ef62823 sw               x15, 240(x12)       x15:000000ac x12:00030000  PA:000300f0
  19726ns            1968 000003b0 05412783 lw               x15, 84(x2)         x15=000000ed  x2:000051a0  PA:000051f4
  19736ns            1969 000003b4 06012703 lw               x14, 96(x2)         x14=00000075  x2:000051a0  PA:00005200
  19746ns            1970 000003b8 04f12823 sw               x15, 80(x2)         x15:000000ed  x2:000051a0  PA:000051f0
  19756ns            1971 000003bc 05812783 lw               x15, 88(x2)         x15=0000007e  x2:000051a0  PA:000051f8
  19776ns            1973 000003c0 04f12a23 sw               x15, 84(x2)         x15:0000007e  x2:000051a0  PA:000051f4
  19786ns            1974 000003c4 05c12783 lw               x15, 92(x2)         x15=000000a4  x2:000051a0  PA:000051fc
  19806ns            1976 000003c8 04f12c23 sw               x15, 88(x2)         x15:000000a4  x2:000051a0  PA:000051f8
  19816ns            1977 000003cc 0f062783 lw               x15, 240(x12)       x15=000000ac x12:00030000  PA:000300f0
  19836ns            1979 000003d0 04f12e23 sw               x15, 92(x2)         x15:000000ac  x2:000051a0  PA:000051fc
  19846ns            1980 000003d4 06812783 lw               x15, 104(x2)        x15=00000015  x2:000051a0  PA:00005208
  19856ns            1981 000003d8 06e12423 sw               x14, 104(x2)        x14:00000075  x2:000051a0  PA:00005208
  19866ns            1982 000003dc 06412703 lw               x14, 100(x2)        x14=00000069  x2:000051a0  PA:00005204
  19876ns            1983 000003e0 06f12023 sw               x15, 96(x2)         x15:00000015  x2:000051a0  PA:00005200
  19886ns            1984 000003e4 06c12783 lw               x15, 108(x2)        x15=00000091  x2:000051a0  PA:0000520c
  19896ns            1985 000003e8 06e12623 sw               x14, 108(x2)        x14:00000069  x2:000051a0  PA:0000520c
  19906ns            1986 000003ec 06f12223 sw               x15, 100(x2)        x15:00000091  x2:000051a0  PA:00005204
  19916ns            1987 000003f0 07012783 lw               x15, 112(x2)        x15=000000be  x2:000051a0  PA:00005210
  19936ns            1989 000003f4 0ef62823 sw               x15, 240(x12)       x15:000000be x12:00030000  PA:000300f0
  19946ns            1990 000003f8 07c12783 lw               x15, 124(x2)        x15=000000eb  x2:000051a0  PA:0000521c
  19966ns            1992 000003fc 06f12823 sw               x15, 112(x2)        x15:000000eb  x2:000051a0  PA:00005210
  19976ns            1993 00000400 07812783 lw               x15, 120(x2)        x15=00000025  x2:000051a0  PA:00005218
  19996ns            1995 00000404 06f12e23 sw               x15, 124(x2)        x15:00000025  x2:000051a0  PA:0000521c
  20006ns            1996 00000408 07412783 lw               x15, 116(x2)        x15=0000004d  x2:000051a0  PA:00005214
  20026ns            1998 0000040c 06f12c23 sw               x15, 120(x2)        x15:0000004d  x2:000051a0  PA:00005218
  20036ns            1999 00000410 0f062783 lw               x15, 240(x12)       x15=000000be x12:00030000  PA:000300f0
  20056ns            2001 00000414 06f12a23 sw               x15, 116(x2)        x15:000000be  x2:000051a0  PA:00005214
  20066ns            2002 00000418 0c668c63 beq              x13, x6, 216        x13:00000000  x6:00000009
  20076ns            2003 0000041c 10010713 addi             x14, x2, 256        x14=000052a0  x2:000051a0
  20086ns            2004 00000420 04010793 addi             x15, x2, 64         x15=000051e0  x2:000051a0
  20096ns            2005 00000424 0007aa03 lw               x20, 0(x15)         x20=00000023 x15:000051e0  PA:000051e0
  20106ns            2006 00000428 01078793 addi             x15, x15, 16        x15=000051f0 x15:000051e0
  20116ns            2007 0000042c 01070713 addi             x14, x14, 16        x14=000052b0 x14:000052a0
  20126ns            2008 00000430 ff472823 sw               x20, -16(x14)       x20:00000023 x14:000052b0  PA:000052a0
  20136ns            2009 00000434 ff47aa03 lw               x20, -12(x15)       x20=000000d8 x15:000051f0  PA:000051e4
  20156ns            2011 00000438 ff472a23 sw               x20, -12(x14)       x20:000000d8 x14:000052b0  PA:000052a4
  20166ns            2012 0000043c ff87aa03 lw               x20, -8(x15)        x20=000000ee x15:000051f0  PA:000051e8
  20186ns            2014 00000440 ff472c23 sw               x20, -8(x14)        x20:000000ee x14:000052b0  PA:000052a8
  20196ns            2015 00000444 ffc7aa03 lw               x20, -4(x15)        x20=00000009 x15:000051f0  PA:000051ec
  20216ns            2017 00000448 ff472e23 sw               x20, -4(x14)        x20:00000009 x14:000052b0  PA:000052ac
  20226ns            2018 0000044c fcf49ce3 bne              x9, x15, -40         x9:00005220 x15:000051f0
  20256ns            2021 00000424 0007aa03 lw               x20, 0(x15)         x20=000000ed x15:000051f0  PA:000051f0
  20266ns            2022 00000428 01078793 addi             x15, x15, 16        x15=00005200 x15:000051f0
  20276ns            2023 0000042c 01070713 addi             x14, x14, 16        x14=000052c0 x14:000052b0
  20286ns            2024 00000430 ff472823 sw               x20, -16(x14)       x20:000000ed x14:000052c0  PA:000052b0
  20296ns            2025 00000434 ff47aa03 lw               x20, -12(x15)       x20=0000007e x15:00005200  PA:000051f4
  20316ns            2027 00000438 ff472a23 sw               x20, -12(x14)       x20:0000007e x14:000052c0  PA:000052b4
  20326ns            2028 0000043c ff87aa03 lw               x20, -8(x15)        x20=000000a4 x15:00005200  PA:000051f8
  20346ns            2030 00000440 ff472c23 sw               x20, -8(x14)        x20:000000a4 x14:000052c0  PA:000052b8
  20356ns            2031 00000444 ffc7aa03 lw               x20, -4(x15)        x20=000000ac x15:00005200  PA:000051fc
  20376ns            2033 00000448 ff472e23 sw               x20, -4(x14)        x20:000000ac x14:000052c0  PA:000052bc
  20386ns            2034 0000044c fcf49ce3 bne              x9, x15, -40         x9:00005220 x15:00005200
  20416ns            2037 00000424 0007aa03 lw               x20, 0(x15)         x20=00000015 x15:00005200  PA:00005200
  20426ns            2038 00000428 01078793 addi             x15, x15, 16        x15=00005210 x15:00005200
  20436ns            2039 0000042c 01070713 addi             x14, x14, 16        x14=000052d0 x14:000052c0
  20446ns            2040 00000430 ff472823 sw               x20, -16(x14)       x20:00000015 x14:000052d0  PA:000052c0
  20456ns            2041 00000434 ff47aa03 lw               x20, -12(x15)       x20=00000091 x15:00005210  PA:00005204
  20476ns            2043 00000438 ff472a23 sw               x20, -12(x14)       x20:00000091 x14:000052d0  PA:000052c4
  20486ns            2044 0000043c ff87aa03 lw               x20, -8(x15)        x20=00000075 x15:00005210  PA:00005208
  20506ns            2046 00000440 ff472c23 sw               x20, -8(x14)        x20:00000075 x14:000052d0  PA:000052c8
  20516ns            2047 00000444 ffc7aa03 lw               x20, -4(x15)        x20=00000069 x15:00005210  PA:0000520c
  20536ns            2049 00000448 ff472e23 sw               x20, -4(x14)        x20:00000069 x14:000052d0  PA:000052cc
  20546ns            2050 0000044c fcf49ce3 bne              x9, x15, -40         x9:00005220 x15:00005210
  20576ns            2053 00000424 0007aa03 lw               x20, 0(x15)         x20=000000eb x15:00005210  PA:00005210
  20586ns            2054 00000428 01078793 addi             x15, x15, 16        x15=00005220 x15:00005210
  20596ns            2055 0000042c 01070713 addi             x14, x14, 16        x14=000052e0 x14:000052d0
  20606ns            2056 00000430 ff472823 sw               x20, -16(x14)       x20:000000eb x14:000052e0  PA:000052d0
  20616ns            2057 00000434 ff47aa03 lw               x20, -12(x15)       x20=000000be x15:00005220  PA:00005214
  20636ns            2059 00000438 ff472a23 sw               x20, -12(x14)       x20:000000be x14:000052e0  PA:000052d4
  20646ns            2060 0000043c ff87aa03 lw               x20, -8(x15)        x20=0000004d x15:00005220  PA:00005218
  20666ns            2062 00000440 ff472c23 sw               x20, -8(x14)        x20:0000004d x14:000052e0  PA:000052d8
  20676ns            2063 00000444 ffc7aa03 lw               x20, -4(x15)        x20=00000025 x15:00005220  PA:0000521c
  20696ns            2065 00000448 ff472e23 sw               x20, -4(x14)        x20:00000025 x14:000052e0  PA:000052dc
  20706ns            2066 0000044c fcf49ce3 bne              x9, x15, -40         x9:00005220 x15:00005220
  20716ns            2067 00000450 00090a13 addi             x20, x18, 0         x20=00005260 x18:00005260
  20726ns            2068 00000454 00000793 addi             x15, x0, 0          x15=00000000
  20736ns            2069 00000458 0540006f jal              x0, 84             
  20756ns            2071 000004ac 10010713 addi             x14, x2, 256        x14=000052a0  x2:000051a0
  20766ns            2072 000004b0 00e78733 add              x14, x15, x14       x14=000052a0 x15:00000000 x14:000052a0
  20776ns            2073 000004b4 000a0b93 addi             x23, x20, 0         x23=00005260 x20:00005260
  20786ns            2074 000004b8 00000b13 addi             x22, x0, 0          x22=00000000
  20796ns            2075 000004bc 00000a93 addi             x21, x0, 0          x21=00000000
  20806ns            2076 000004c0 000bac03 lw               x24, 0(x23)         x24=00000002 x23:00005260  PA:00005260
  20826ns            2078 000004c4 01cc0a63 beq              x24, x28, 20        x24:00000002 x28:00000002
  20856ns            2081 000004d8 00072403 lw               x8, 0(x14)           x8=00000023 x14:000052a0  PA:000052a0
  20876ns            2083 000004dc 00141413 slli             x8, x8, 0x1          x8=00000046  x8:00000023
  20886ns            2084 000004e0 f9dff06f jal              x0, -100           
  20906ns            2086 0000047c 008ed663 bge              x29, x8, 12         x29:000000ff  x8:00000046
  20936ns            2089 00000488 001a8a93 addi             x21, x21, 1         x21=00000001 x21:00000000
  20946ns            2090 0000048c 008b4b33 xor              x22, x22, x8        x22=00000046 x22:00000000  x8:00000046
  20956ns            2091 00000490 004b8b93 addi             x23, x23, 4         x23=00005264 x23:00005260
  20966ns            2092 00000494 01070713 addi             x14, x14, 16        x14=000052b0 x14:000052a0
  20976ns            2093 00000498 02aa9463 bne              x21, x10, 40        x21:00000001 x10:00000004
  21006ns            2096 000004c0 000bac03 lw               x24, 0(x23)         x24=00000003 x23:00005264  PA:00005264
  21026ns            2098 000004c4 01cc0a63 beq              x24, x28, 20        x24:00000003 x28:00000002
  21036ns            2099 000004c8 fbec04e3 beq              x24, x30, -88       x24:00000003 x30:00000003
  21066ns            2102 00000470 00072403 lw               x8, 0(x14)           x8=000000ed x14:000052b0  PA:000052b0
  21086ns            2104 00000474 00141c13 slli             x24, x8, 0x1        x24=000001da  x8:000000ed
  21096ns            2105 00000478 008c4433 xor              x8, x24, x8          x8=00000137 x24:000001da  x8:000000ed
  21106ns            2106 0000047c 008ed663 bge              x29, x8, 12         x29:000000ff  x8:00000137
  21116ns            2107 00000480 0ff47413 andi             x8, x8, 255          x8=00000037  x8:00000137
  21126ns            2108 00000484 01b44413 xori             x8, x8, 27           x8=0000002c  x8:00000037
  21136ns            2109 00000488 001a8a93 addi             x21, x21, 1         x21=00000002 x21:00000001
  21146ns            2110 0000048c 008b4b33 xor              x22, x22, x8        x22=0000006a x22:00000046  x8:0000002c
  21156ns            2111 00000490 004b8b93 addi             x23, x23, 4         x23=00005268 x23:00005264
  21166ns            2112 00000494 01070713 addi             x14, x14, 16        x14=000052c0 x14:000052b0
  21176ns            2113 00000498 02aa9463 bne              x21, x10, 40        x21:00000002 x10:00000004
  21206ns            2116 000004c0 000bac03 lw               x24, 0(x23)         x24=00000001 x23:00005268  PA:00005268
  21226ns            2118 000004c4 01cc0a63 beq              x24, x28, 20        x24:00000001 x28:00000002
  21236ns            2119 000004c8 fbec04e3 beq              x24, x30, -88       x24:00000001 x30:00000003
  21246ns            2120 000004cc fbfc1ee3 bne              x24, x31, -68       x24:00000001 x31:00000001
  21256ns            2121 000004d0 00072403 lw               x8, 0(x14)           x8=00000015 x14:000052c0  PA:000052c0
  21266ns            2122 000004d4 fa9ff06f jal              x0, -88            
  21286ns            2124 0000047c 008ed663 bge              x29, x8, 12         x29:000000ff  x8:00000015
  21316ns            2127 00000488 001a8a93 addi             x21, x21, 1         x21=00000003 x21:00000002
  21326ns            2128 0000048c 008b4b33 xor              x22, x22, x8        x22=0000007f x22:0000006a  x8:00000015
  21336ns            2129 00000490 004b8b93 addi             x23, x23, 4         x23=0000526c x23:00005268
  21346ns            2130 00000494 01070713 addi             x14, x14, 16        x14=000052d0 x14:000052c0
  21356ns            2131 00000498 02aa9463 bne              x21, x10, 40        x21:00000003 x10:00000004
  21386ns            2134 000004c0 000bac03 lw               x24, 0(x23)         x24=00000001 x23:0000526c  PA:0000526c
  21406ns            2136 000004c4 01cc0a63 beq              x24, x28, 20        x24:00000001 x28:00000002
  21416ns            2137 000004c8 fbec04e3 beq              x24, x30, -88       x24:00000001 x30:00000003
  21426ns            2138 000004cc fbfc1ee3 bne              x24, x31, -68       x24:00000001 x31:00000001
  21436ns            2139 000004d0 00072403 lw               x8, 0(x14)           x8=000000eb x14:000052d0  PA:000052d0
  21446ns            2140 000004d4 fa9ff06f jal              x0, -88            
  21466ns            2142 0000047c 008ed663 bge              x29, x8, 12         x29:000000ff  x8:000000eb
  21496ns            2145 00000488 001a8a93 addi             x21, x21, 1         x21=00000004 x21:00000003
  21506ns            2146 0000048c 008b4b33 xor              x22, x22, x8        x22=00000094 x22:0000007f  x8:000000eb
  21516ns            2147 00000490 004b8b93 addi             x23, x23, 4         x23=00005270 x23:0000526c
  21526ns            2148 00000494 01070713 addi             x14, x14, 16        x14=000052e0 x14:000052d0
  21536ns            2149 00000498 02aa9463 bne              x21, x10, 40        x21:00000004 x10:00000004
  21546ns            2150 0000049c 00f98733 add              x14, x19, x15       x14=000051e0 x19:000051e0 x15:00000000
  21556ns            2151 000004a0 01672023 sw               x22, 0(x14)         x22:00000094 x14:000051e0  PA:000051e0
  21566ns            2152 000004a4 00478793 addi             x15, x15, 4         x15=00000004 x15:00000000
  21576ns            2153 000004a8 02578e63 beq              x15, x5, 60         x15:00000004  x5:00000010
  21586ns            2154 000004ac 10010713 addi             x14, x2, 256        x14=000052a0  x2:000051a0
  21596ns            2155 000004b0 00e78733 add              x14, x15, x14       x14=000052a4 x15:00000004 x14:000052a0
  21606ns            2156 000004b4 000a0b93 addi             x23, x20, 0         x23=00005260 x20:00005260
  21616ns            2157 000004b8 00000b13 addi             x22, x0, 0          x22=00000000
  21626ns            2158 000004bc 00000a93 addi             x21, x0, 0          x21=00000000
  21636ns            2159 000004c0 000bac03 lw               x24, 0(x23)         x24=00000002 x23:00005260  PA:00005260
  21656ns            2161 000004c4 01cc0a63 beq              x24, x28, 20        x24:00000002 x28:00000002
  21686ns            2164 000004d8 00072403 lw               x8, 0(x14)           x8=000000d8 x14:000052a4  PA:000052a4
  21706ns            2166 000004dc 00141413 slli             x8, x8, 0x1          x8=000001b0  x8:000000d8
  21716ns            2167 000004e0 f9dff06f jal              x0, -100           
  21736ns            2169 0000047c 008ed663 bge              x29, x8, 12         x29:000000ff  x8:000001b0
  21746ns            2170 00000480 0ff47413 andi             x8, x8, 255          x8=000000b0  x8:000001b0
  21756ns            2171 00000484 01b44413 xori             x8, x8, 27           x8=000000ab  x8:000000b0
  21766ns            2172 00000488 001a8a93 addi             x21, x21, 1         x21=00000001 x21:00000000
  21776ns            2173 0000048c 008b4b33 xor              x22, x22, x8        x22=000000ab x22:00000000  x8:000000ab
  21786ns            2174 00000490 004b8b93 addi             x23, x23, 4         x23=00005264 x23:00005260
  21796ns            2175 00000494 01070713 addi             x14, x14, 16        x14=000052b4 x14:000052a4
  21806ns            2176 00000498 02aa9463 bne              x21, x10, 40        x21:00000001 x10:00000004
  21836ns            2179 000004c0 000bac03 lw               x24, 0(x23)         x24=00000003 x23:00005264  PA:00005264
  21856ns            2181 000004c4 01cc0a63 beq              x24, x28, 20        x24:00000003 x28:00000002
  21866ns            2182 000004c8 fbec04e3 beq              x24, x30, -88       x24:00000003 x30:00000003
  21896ns            2185 00000470 00072403 lw               x8, 0(x14)           x8=0000007e x14:000052b4  PA:000052b4
  21916ns            2187 00000474 00141c13 slli             x24, x8, 0x1        x24=000000fc  x8:0000007e
  21926ns            2188 00000478 008c4433 xor              x8, x24, x8          x8=00000082 x24:000000fc  x8:0000007e
  21936ns            2189 0000047c 008ed663 bge              x29, x8, 12         x29:000000ff  x8:00000082
  21966ns            2192 00000488 001a8a93 addi             x21, x21, 1         x21=00000002 x21:00000001
  21976ns            2193 0000048c 008b4b33 xor              x22, x22, x8        x22=00000029 x22:000000ab  x8:00000082
  21986ns            2194 00000490 004b8b93 addi             x23, x23, 4         x23=00005268 x23:00005264
  21996ns            2195 00000494 01070713 addi             x14, x14, 16        x14=000052c4 x14:000052b4
  22006ns            2196 00000498 02aa9463 bne              x21, x10, 40        x21:00000002 x10:00000004
  22036ns            2199 000004c0 000bac03 lw               x24, 0(x23)         x24=00000001 x23:00005268  PA:00005268
  22056ns            2201 000004c4 01cc0a63 beq              x24, x28, 20        x24:00000001 x28:00000002
  22066ns            2202 000004c8 fbec04e3 beq              x24, x30, -88       x24:00000001 x30:00000003
  22076ns            2203 000004cc fbfc1ee3 bne              x24, x31, -68       x24:00000001 x31:00000001
  22086ns            2204 000004d0 00072403 lw               x8, 0(x14)           x8=00000091 x14:000052c4  PA:000052c4
  22096ns            2205 000004d4 fa9ff06f jal              x0, -88            
  22116ns            2207 0000047c 008ed663 bge              x29, x8, 12         x29:000000ff  x8:00000091
  22146ns            2210 00000488 001a8a93 addi             x21, x21, 1         x21=00000003 x21:00000002
  22156ns            2211 0000048c 008b4b33 xor              x22, x22, x8        x22=000000b8 x22:00000029  x8:00000091
  22166ns            2212 00000490 004b8b93 addi             x23, x23, 4         x23=0000526c x23:00005268
  22176ns            2213 00000494 01070713 addi             x14, x14, 16        x14=000052d4 x14:000052c4
  22186ns            2214 00000498 02aa9463 bne              x21, x10, 40        x21:00000003 x10:00000004
  22216ns            2217 000004c0 000bac03 lw               x24, 0(x23)         x24=00000001 x23:0000526c  PA:0000526c
  22236ns            2219 000004c4 01cc0a63 beq              x24, x28, 20        x24:00000001 x28:00000002
  22246ns            2220 000004c8 fbec04e3 beq              x24, x30, -88       x24:00000001 x30:00000003
  22256ns            2221 000004cc fbfc1ee3 bne              x24, x31, -68       x24:00000001 x31:00000001
  22266ns            2222 000004d0 00072403 lw               x8, 0(x14)           x8=000000be x14:000052d4  PA:000052d4
  22276ns            2223 000004d4 fa9ff06f jal              x0, -88            
  22296ns            2225 0000047c 008ed663 bge              x29, x8, 12         x29:000000ff  x8:000000be
  22326ns            2228 00000488 001a8a93 addi             x21, x21, 1         x21=00000004 x21:00000003
  22336ns            2229 0000048c 008b4b33 xor              x22, x22, x8        x22=00000006 x22:000000b8  x8:000000be
  22346ns            2230 00000490 004b8b93 addi             x23, x23, 4         x23=00005270 x23:0000526c
  22356ns            2231 00000494 01070713 addi             x14, x14, 16        x14=000052e4 x14:000052d4
  22366ns            2232 00000498 02aa9463 bne              x21, x10, 40        x21:00000004 x10:00000004
  22376ns            2233 0000049c 00f98733 add              x14, x19, x15       x14=000051e4 x19:000051e0 x15:00000004
  22386ns            2234 000004a0 01672023 sw               x22, 0(x14)         x22:00000006 x14:000051e4  PA:000051e4
  22396ns            2235 000004a4 00478793 addi             x15, x15, 4         x15=00000008 x15:00000004
  22406ns            2236 000004a8 02578e63 beq              x15, x5, 60         x15:00000008  x5:00000010
  22416ns            2237 000004ac 10010713 addi             x14, x2, 256        x14=000052a0  x2:000051a0
  22426ns            2238 000004b0 00e78733 add              x14, x15, x14       x14=000052a8 x15:00000008 x14:000052a0
  22436ns            2239 000004b4 000a0b93 addi             x23, x20, 0         x23=00005260 x20:00005260
  22446ns            2240 000004b8 00000b13 addi             x22, x0, 0          x22=00000000
  22456ns            2241 000004bc 00000a93 addi             x21, x0, 0          x21=00000000
  22466ns            2242 000004c0 000bac03 lw               x24, 0(x23)         x24=00000002 x23:00005260  PA:00005260
  22486ns            2244 000004c4 01cc0a63 beq              x24, x28, 20        x24:00000002 x28:00000002
  22516ns            2247 000004d8 00072403 lw               x8, 0(x14)           x8=000000ee x14:000052a8  PA:000052a8
  22536ns            2249 000004dc 00141413 slli             x8, x8, 0x1          x8=000001dc  x8:000000ee
  22546ns            2250 000004e0 f9dff06f jal              x0, -100           
  22566ns            2252 0000047c 008ed663 bge              x29, x8, 12         x29:000000ff  x8:000001dc
  22576ns            2253 00000480 0ff47413 andi             x8, x8, 255          x8=000000dc  x8:000001dc
  22586ns            2254 00000484 01b44413 xori             x8, x8, 27           x8=000000c7  x8:000000dc
  22596ns            2255 00000488 001a8a93 addi             x21, x21, 1         x21=00000001 x21:00000000
  22606ns            2256 0000048c 008b4b33 xor              x22, x22, x8        x22=000000c7 x22:00000000  x8:000000c7
  22616ns            2257 00000490 004b8b93 addi             x23, x23, 4         x23=00005264 x23:00005260
  22626ns            2258 00000494 01070713 addi             x14, x14, 16        x14=000052b8 x14:000052a8
  22636ns            2259 00000498 02aa9463 bne              x21, x10, 40        x21:00000001 x10:00000004
  22666ns            2262 000004c0 000bac03 lw               x24, 0(x23)         x24=00000003 x23:00005264  PA:00005264
  22686ns            2264 000004c4 01cc0a63 beq              x24, x28, 20        x24:00000003 x28:00000002
  22696ns            2265 000004c8 fbec04e3 beq              x24, x30, -88       x24:00000003 x30:00000003
  22726ns            2268 00000470 00072403 lw               x8, 0(x14)           x8=000000a4 x14:000052b8  PA:000052b8
  22746ns            2270 00000474 00141c13 slli             x24, x8, 0x1        x24=00000148  x8:000000a4
  22756ns            2271 00000478 008c4433 xor              x8, x24, x8          x8=000001ec x24:00000148  x8:000000a4
  22766ns            2272 0000047c 008ed663 bge              x29, x8, 12         x29:000000ff  x8:000001ec
  22776ns            2273 00000480 0ff47413 andi             x8, x8, 255          x8=000000ec  x8:000001ec
  22786ns            2274 00000484 01b44413 xori             x8, x8, 27           x8=000000f7  x8:000000ec
  22796ns            2275 00000488 001a8a93 addi             x21, x21, 1         x21=00000002 x21:00000001
  22806ns            2276 0000048c 008b4b33 xor              x22, x22, x8        x22=00000030 x22:000000c7  x8:000000f7
  22816ns            2277 00000490 004b8b93 addi             x23, x23, 4         x23=00005268 x23:00005264
  22826ns            2278 00000494 01070713 addi             x14, x14, 16        x14=000052c8 x14:000052b8
  22836ns            2279 00000498 02aa9463 bne              x21, x10, 40        x21:00000002 x10:00000004
  22866ns            2282 000004c0 000bac03 lw               x24, 0(x23)         x24=00000001 x23:00005268  PA:00005268
  22886ns            2284 000004c4 01cc0a63 beq              x24, x28, 20        x24:00000001 x28:00000002
  22896ns            2285 000004c8 fbec04e3 beq              x24, x30, -88       x24:00000001 x30:00000003
  22906ns            2286 000004cc fbfc1ee3 bne              x24, x31, -68       x24:00000001 x31:00000001
  22916ns            2287 000004d0 00072403 lw               x8, 0(x14)           x8=00000075 x14:000052c8  PA:000052c8
  22926ns            2288 000004d4 fa9ff06f jal              x0, -88            
  22946ns            2290 0000047c 008ed663 bge              x29, x8, 12         x29:000000ff  x8:00000075
  22976ns            2293 00000488 001a8a93 addi             x21, x21, 1         x21=00000003 x21:00000002
  22986ns            2294 0000048c 008b4b33 xor              x22, x22, x8        x22=00000045 x22:00000030  x8:00000075
  22996ns            2295 00000490 004b8b93 addi             x23, x23, 4         x23=0000526c x23:00005268
  23006ns            2296 00000494 01070713 addi             x14, x14, 16        x14=000052d8 x14:000052c8
  23016ns            2297 00000498 02aa9463 bne              x21, x10, 40        x21:00000003 x10:00000004
  23046ns            2300 000004c0 000bac03 lw               x24, 0(x23)         x24=00000001 x23:0000526c  PA:0000526c
  23066ns            2302 000004c4 01cc0a63 beq              x24, x28, 20        x24:00000001 x28:00000002
  23076ns            2303 000004c8 fbec04e3 beq              x24, x30, -88       x24:00000001 x30:00000003
  23086ns            2304 000004cc fbfc1ee3 bne              x24, x31, -68       x24:00000001 x31:00000001
  23096ns            2305 000004d0 00072403 lw               x8, 0(x14)           x8=0000004d x14:000052d8  PA:000052d8
  23106ns            2306 000004d4 fa9ff06f jal              x0, -88            
  23126ns            2308 0000047c 008ed663 bge              x29, x8, 12         x29:000000ff  x8:0000004d
  23156ns            2311 00000488 001a8a93 addi             x21, x21, 1         x21=00000004 x21:00000003
  23166ns            2312 0000048c 008b4b33 xor              x22, x22, x8        x22=00000008 x22:00000045  x8:0000004d
  23176ns            2313 00000490 004b8b93 addi             x23, x23, 4         x23=00005270 x23:0000526c
  23186ns            2314 00000494 01070713 addi             x14, x14, 16        x14=000052e8 x14:000052d8
  23196ns            2315 00000498 02aa9463 bne              x21, x10, 40        x21:00000004 x10:00000004
  23206ns            2316 0000049c 00f98733 add              x14, x19, x15       x14=000051e8 x19:000051e0 x15:00000008
  23216ns            2317 000004a0 01672023 sw               x22, 0(x14)         x22:00000008 x14:000051e8  PA:000051e8
  23226ns            2318 000004a4 00478793 addi             x15, x15, 4         x15=0000000c x15:00000008
  23236ns            2319 000004a8 02578e63 beq              x15, x5, 60         x15:0000000c  x5:00000010
  23246ns            2320 000004ac 10010713 addi             x14, x2, 256        x14=000052a0  x2:000051a0
  23256ns            2321 000004b0 00e78733 add              x14, x15, x14       x14=000052ac x15:0000000c x14:000052a0
  23266ns            2322 000004b4 000a0b93 addi             x23, x20, 0         x23=00005260 x20:00005260
  23276ns            2323 000004b8 00000b13 addi             x22, x0, 0          x22=00000000
  23286ns            2324 000004bc 00000a93 addi             x21, x0, 0          x21=00000000
  23296ns            2325 000004c0 000bac03 lw               x24, 0(x23)         x24=00000002 x23:00005260  PA:00005260
  23316ns            2327 000004c4 01cc0a63 beq              x24, x28, 20        x24:00000002 x28:00000002
  23346ns            2330 000004d8 00072403 lw               x8, 0(x14)           x8=00000009 x14:000052ac  PA:000052ac
  23366ns            2332 000004dc 00141413 slli             x8, x8, 0x1          x8=00000012  x8:00000009
  23376ns            2333 000004e0 f9dff06f jal              x0, -100           
  23396ns            2335 0000047c 008ed663 bge              x29, x8, 12         x29:000000ff  x8:00000012
  23426ns            2338 00000488 001a8a93 addi             x21, x21, 1         x21=00000001 x21:00000000
  23436ns            2339 0000048c 008b4b33 xor              x22, x22, x8        x22=00000012 x22:00000000  x8:00000012
  23446ns            2340 00000490 004b8b93 addi             x23, x23, 4         x23=00005264 x23:00005260
  23456ns            2341 00000494 01070713 addi             x14, x14, 16        x14=000052bc x14:000052ac
  23466ns            2342 00000498 02aa9463 bne              x21, x10, 40        x21:00000001 x10:00000004
  23496ns            2345 000004c0 000bac03 lw               x24, 0(x23)         x24=00000003 x23:00005264  PA:00005264
  23516ns            2347 000004c4 01cc0a63 beq              x24, x28, 20        x24:00000003 x28:00000002
  23526ns            2348 000004c8 fbec04e3 beq              x24, x30, -88       x24:00000003 x30:00000003
  23556ns            2351 00000470 00072403 lw               x8, 0(x14)           x8=000000ac x14:000052bc  PA:000052bc
  23576ns            2353 00000474 00141c13 slli             x24, x8, 0x1        x24=00000158  x8:000000ac
  23586ns            2354 00000478 008c4433 xor              x8, x24, x8          x8=000001f4 x24:00000158  x8:000000ac
  23596ns            2355 0000047c 008ed663 bge              x29, x8, 12         x29:000000ff  x8:000001f4
  23606ns            2356 00000480 0ff47413 andi             x8, x8, 255          x8=000000f4  x8:000001f4
  23616ns            2357 00000484 01b44413 xori             x8, x8, 27           x8=000000ef  x8:000000f4
  23626ns            2358 00000488 001a8a93 addi             x21, x21, 1         x21=00000002 x21:00000001
  23636ns            2359 0000048c 008b4b33 xor              x22, x22, x8        x22=000000fd x22:00000012  x8:000000ef
  23646ns            2360 00000490 004b8b93 addi             x23, x23, 4         x23=00005268 x23:00005264
  23656ns            2361 00000494 01070713 addi             x14, x14, 16        x14=000052cc x14:000052bc
  23666ns            2362 00000498 02aa9463 bne              x21, x10, 40        x21:00000002 x10:00000004
  23696ns            2365 000004c0 000bac03 lw               x24, 0(x23)         x24=00000001 x23:00005268  PA:00005268
  23716ns            2367 000004c4 01cc0a63 beq              x24, x28, 20        x24:00000001 x28:00000002
  23726ns            2368 000004c8 fbec04e3 beq              x24, x30, -88       x24:00000001 x30:00000003
  23736ns            2369 000004cc fbfc1ee3 bne              x24, x31, -68       x24:00000001 x31:00000001
  23746ns            2370 000004d0 00072403 lw               x8, 0(x14)           x8=00000069 x14:000052cc  PA:000052cc
  23756ns            2371 000004d4 fa9ff06f jal              x0, -88            
  23776ns            2373 0000047c 008ed663 bge              x29, x8, 12         x29:000000ff  x8:00000069
  23806ns            2376 00000488 001a8a93 addi             x21, x21, 1         x21=00000003 x21:00000002
  23816ns            2377 0000048c 008b4b33 xor              x22, x22, x8        x22=00000094 x22:000000fd  x8:00000069
  23826ns            2378 00000490 004b8b93 addi             x23, x23, 4         x23=0000526c x23:00005268
  23836ns            2379 00000494 01070713 addi             x14, x14, 16        x14=000052dc x14:000052cc
  23846ns            2380 00000498 02aa9463 bne              x21, x10, 40        x21:00000003 x10:00000004
  23876ns            2383 000004c0 000bac03 lw               x24, 0(x23)         x24=00000001 x23:0000526c  PA:0000526c
  23896ns            2385 000004c4 01cc0a63 beq              x24, x28, 20        x24:00000001 x28:00000002
  23906ns            2386 000004c8 fbec04e3 beq              x24, x30, -88       x24:00000001 x30:00000003
  23916ns            2387 000004cc fbfc1ee3 bne              x24, x31, -68       x24:00000001 x31:00000001
  23926ns            2388 000004d0 00072403 lw               x8, 0(x14)           x8=00000025 x14:000052dc  PA:000052dc
  23936ns            2389 000004d4 fa9ff06f jal              x0, -88            
  23956ns            2391 0000047c 008ed663 bge              x29, x8, 12         x29:000000ff  x8:00000025
  23986ns            2394 00000488 001a8a93 addi             x21, x21, 1         x21=00000004 x21:00000003
  23996ns            2395 0000048c 008b4b33 xor              x22, x22, x8        x22=000000b1 x22:00000094  x8:00000025
  24006ns            2396 00000490 004b8b93 addi             x23, x23, 4         x23=00005270 x23:0000526c
  24016ns            2397 00000494 01070713 addi             x14, x14, 16        x14=000052ec x14:000052dc
  24026ns            2398 00000498 02aa9463 bne              x21, x10, 40        x21:00000004 x10:00000004
  24036ns            2399 0000049c 00f98733 add              x14, x19, x15       x14=000051ec x19:000051e0 x15:0000000c
  24046ns            2400 000004a0 01672023 sw               x22, 0(x14)         x22:000000b1 x14:000051ec  PA:000051ec
  24056ns            2401 000004a4 00478793 addi             x15, x15, 4         x15=00000010 x15:0000000c
  24066ns            2402 000004a8 02578e63 beq              x15, x5, 60         x15:00000010  x5:00000010
  24096ns            2405 000004e4 01098993 addi             x19, x19, 16        x19=000051f0 x19:000051e0
  24106ns            2406 000004e8 010a0a13 addi             x20, x20, 16        x20=00005270 x20:00005260
  24116ns            2407 000004ec f73494e3 bne              x9, x19, -152        x9:00005220 x19:000051f0
  24146ns            2410 00000454 00000793 addi             x15, x0, 0          x15=00000000
  24156ns            2411 00000458 0540006f jal              x0, 84             
  24176ns            2413 000004ac 10010713 addi             x14, x2, 256        x14=000052a0  x2:000051a0
  24186ns            2414 000004b0 00e78733 add              x14, x15, x14       x14=000052a0 x15:00000000 x14:000052a0
  24196ns            2415 000004b4 000a0b93 addi             x23, x20, 0         x23=00005270 x20:00005270
  24206ns            2416 000004b8 00000b13 addi             x22, x0, 0          x22=00000000
  24216ns            2417 000004bc 00000a93 addi             x21, x0, 0          x21=00000000
  24226ns            2418 000004c0 000bac03 lw               x24, 0(x23)         x24=00000001 x23:00005270  PA:00005270
  24246ns            2420 000004c4 01cc0a63 beq              x24, x28, 20        x24:00000001 x28:00000002
  24256ns            2421 000004c8 fbec04e3 beq              x24, x30, -88       x24:00000001 x30:00000003
  24266ns            2422 000004cc fbfc1ee3 bne              x24, x31, -68       x24:00000001 x31:00000001
  24276ns            2423 000004d0 00072403 lw               x8, 0(x14)           x8=00000023 x14:000052a0  PA:000052a0
  24286ns            2424 000004d4 fa9ff06f jal              x0, -88            
  24306ns            2426 0000047c 008ed663 bge              x29, x8, 12         x29:000000ff  x8:00000023
  24336ns            2429 00000488 001a8a93 addi             x21, x21, 1         x21=00000001 x21:00000000
  24346ns            2430 0000048c 008b4b33 xor              x22, x22, x8        x22=00000023 x22:00000000  x8:00000023
  24356ns            2431 00000490 004b8b93 addi             x23, x23, 4         x23=00005274 x23:00005270
  24366ns            2432 00000494 01070713 addi             x14, x14, 16        x14=000052b0 x14:000052a0
  24376ns            2433 00000498 02aa9463 bne              x21, x10, 40        x21:00000001 x10:00000004
  24406ns            2436 000004c0 000bac03 lw               x24, 0(x23)         x24=00000002 x23:00005274  PA:00005274
  24426ns            2438 000004c4 01cc0a63 beq              x24, x28, 20        x24:00000002 x28:00000002
  24456ns            2441 000004d8 00072403 lw               x8, 0(x14)           x8=000000ed x14:000052b0  PA:000052b0
  24476ns            2443 000004dc 00141413 slli             x8, x8, 0x1          x8=000001da  x8:000000ed
  24486ns            2444 000004e0 f9dff06f jal              x0, -100           
  24506ns            2446 0000047c 008ed663 bge              x29, x8, 12         x29:000000ff  x8:000001da
  24516ns            2447 00000480 0ff47413 andi             x8, x8, 255          x8=000000da  x8:000001da
  24526ns            2448 00000484 01b44413 xori             x8, x8, 27           x8=000000c1  x8:000000da
  24536ns            2449 00000488 001a8a93 addi             x21, x21, 1         x21=00000002 x21:00000001
  24546ns            2450 0000048c 008b4b33 xor              x22, x22, x8        x22=000000e2 x22:00000023  x8:000000c1
  24556ns            2451 00000490 004b8b93 addi             x23, x23, 4         x23=00005278 x23:00005274
  24566ns            2452 00000494 01070713 addi             x14, x14, 16        x14=000052c0 x14:000052b0
  24576ns            2453 00000498 02aa9463 bne              x21, x10, 40        x21:00000002 x10:00000004
  24606ns            2456 000004c0 000bac03 lw               x24, 0(x23)         x24=00000003 x23:00005278  PA:00005278
  24626ns            2458 000004c4 01cc0a63 beq              x24, x28, 20        x24:00000003 x28:00000002
  24636ns            2459 000004c8 fbec04e3 beq              x24, x30, -88       x24:00000003 x30:00000003
  24666ns            2462 00000470 00072403 lw               x8, 0(x14)           x8=00000015 x14:000052c0  PA:000052c0
  24686ns            2464 00000474 00141c13 slli             x24, x8, 0x1        x24=0000002a  x8:00000015
  24696ns            2465 00000478 008c4433 xor              x8, x24, x8          x8=0000003f x24:0000002a  x8:00000015
  24706ns            2466 0000047c 008ed663 bge              x29, x8, 12         x29:000000ff  x8:0000003f
  24736ns            2469 00000488 001a8a93 addi             x21, x21, 1         x21=00000003 x21:00000002
  24746ns            2470 0000048c 008b4b33 xor              x22, x22, x8        x22=000000dd x22:000000e2  x8:0000003f
  24756ns            2471 00000490 004b8b93 addi             x23, x23, 4         x23=0000527c x23:00005278
  24766ns            2472 00000494 01070713 addi             x14, x14, 16        x14=000052d0 x14:000052c0
  24776ns            2473 00000498 02aa9463 bne              x21, x10, 40        x21:00000003 x10:00000004
  24806ns            2476 000004c0 000bac03 lw               x24, 0(x23)         x24=00000001 x23:0000527c  PA:0000527c
  24826ns            2478 000004c4 01cc0a63 beq              x24, x28, 20        x24:00000001 x28:00000002
  24836ns            2479 000004c8 fbec04e3 beq              x24, x30, -88       x24:00000001 x30:00000003
  24846ns            2480 000004cc fbfc1ee3 bne              x24, x31, -68       x24:00000001 x31:00000001
  24856ns            2481 000004d0 00072403 lw               x8, 0(x14)           x8=000000eb x14:000052d0  PA:000052d0
  24866ns            2482 000004d4 fa9ff06f jal              x0, -88            
  24886ns            2484 0000047c 008ed663 bge              x29, x8, 12         x29:000000ff  x8:000000eb
  24916ns            2487 00000488 001a8a93 addi             x21, x21, 1         x21=00000004 x21:00000003
  24926ns            2488 0000048c 008b4b33 xor              x22, x22, x8        x22=00000036 x22:000000dd  x8:000000eb
  24936ns            2489 00000490 004b8b93 addi             x23, x23, 4         x23=00005280 x23:0000527c
  24946ns            2490 00000494 01070713 addi             x14, x14, 16        x14=000052e0 x14:000052d0
  24956ns            2491 00000498 02aa9463 bne              x21, x10, 40        x21:00000004 x10:00000004
  24966ns            2492 0000049c 00f98733 add              x14, x19, x15       x14=000051f0 x19:000051f0 x15:00000000
  24976ns            2493 000004a0 01672023 sw               x22, 0(x14)         x22:00000036 x14:000051f0  PA:000051f0
  24986ns            2494 000004a4 00478793 addi             x15, x15, 4         x15=00000004 x15:00000000
  24996ns            2495 000004a8 02578e63 beq              x15, x5, 60         x15:00000004  x5:00000010
  25006ns            2496 000004ac 10010713 addi             x14, x2, 256        x14=000052a0  x2:000051a0
  25016ns            2497 000004b0 00e78733 add              x14, x15, x14       x14=000052a4 x15:00000004 x14:000052a0
  25026ns            2498 000004b4 000a0b93 addi             x23, x20, 0         x23=00005270 x20:00005270
  25036ns            2499 000004b8 00000b13 addi             x22, x0, 0          x22=00000000
  25046ns            2500 000004bc 00000a93 addi             x21, x0, 0          x21=00000000
  25056ns            2501 000004c0 000bac03 lw               x24, 0(x23)         x24=00000001 x23:00005270  PA:00005270
  25076ns            2503 000004c4 01cc0a63 beq              x24, x28, 20        x24:00000001 x28:00000002
  25086ns            2504 000004c8 fbec04e3 beq              x24, x30, -88       x24:00000001 x30:00000003
  25096ns            2505 000004cc fbfc1ee3 bne              x24, x31, -68       x24:00000001 x31:00000001
  25106ns            2506 000004d0 00072403 lw               x8, 0(x14)           x8=000000d8 x14:000052a4  PA:000052a4
  25116ns            2507 000004d4 fa9ff06f jal              x0, -88            
  25136ns            2509 0000047c 008ed663 bge              x29, x8, 12         x29:000000ff  x8:000000d8
  25166ns            2512 00000488 001a8a93 addi             x21, x21, 1         x21=00000001 x21:00000000
  25176ns            2513 0000048c 008b4b33 xor              x22, x22, x8        x22=000000d8 x22:00000000  x8:000000d8
  25186ns            2514 00000490 004b8b93 addi             x23, x23, 4         x23=00005274 x23:00005270
  25196ns            2515 00000494 01070713 addi             x14, x14, 16        x14=000052b4 x14:000052a4
  25206ns            2516 00000498 02aa9463 bne              x21, x10, 40        x21:00000001 x10:00000004
  25236ns            2519 000004c0 000bac03 lw               x24, 0(x23)         x24=00000002 x23:00005274  PA:00005274
  25256ns            2521 000004c4 01cc0a63 beq              x24, x28, 20        x24:00000002 x28:00000002
  25286ns            2524 000004d8 00072403 lw               x8, 0(x14)           x8=0000007e x14:000052b4  PA:000052b4
  25306ns            2526 000004dc 00141413 slli             x8, x8, 0x1          x8=000000fc  x8:0000007e
  25316ns            2527 000004e0 f9dff06f jal              x0, -100           
  25336ns            2529 0000047c 008ed663 bge              x29, x8, 12         x29:000000ff  x8:000000fc
  25366ns            2532 00000488 001a8a93 addi             x21, x21, 1         x21=00000002 x21:00000001
  25376ns            2533 0000048c 008b4b33 xor              x22, x22, x8        x22=00000024 x22:000000d8  x8:000000fc
  25386ns            2534 00000490 004b8b93 addi             x23, x23, 4         x23=00005278 x23:00005274
  25396ns            2535 00000494 01070713 addi             x14, x14, 16        x14=000052c4 x14:000052b4
  25406ns            2536 00000498 02aa9463 bne              x21, x10, 40        x21:00000002 x10:00000004
  25436ns            2539 000004c0 000bac03 lw               x24, 0(x23)         x24=00000003 x23:00005278  PA:00005278
  25456ns            2541 000004c4 01cc0a63 beq              x24, x28, 20        x24:00000003 x28:00000002
  25466ns            2542 000004c8 fbec04e3 beq              x24, x30, -88       x24:00000003 x30:00000003
  25496ns            2545 00000470 00072403 lw               x8, 0(x14)           x8=00000091 x14:000052c4  PA:000052c4
  25516ns            2547 00000474 00141c13 slli             x24, x8, 0x1        x24=00000122  x8:00000091
  25526ns            2548 00000478 008c4433 xor              x8, x24, x8          x8=000001b3 x24:00000122  x8:00000091
  25536ns            2549 0000047c 008ed663 bge              x29, x8, 12         x29:000000ff  x8:000001b3
  25546ns            2550 00000480 0ff47413 andi             x8, x8, 255          x8=000000b3  x8:000001b3
  25556ns            2551 00000484 01b44413 xori             x8, x8, 27           x8=000000a8  x8:000000b3
  25566ns            2552 00000488 001a8a93 addi             x21, x21, 1         x21=00000003 x21:00000002
  25576ns            2553 0000048c 008b4b33 xor              x22, x22, x8        x22=0000008c x22:00000024  x8:000000a8
  25586ns            2554 00000490 004b8b93 addi             x23, x23, 4         x23=0000527c x23:00005278
  25596ns            2555 00000494 01070713 addi             x14, x14, 16        x14=000052d4 x14:000052c4
  25606ns            2556 00000498 02aa9463 bne              x21, x10, 40        x21:00000003 x10:00000004
  25636ns            2559 000004c0 000bac03 lw               x24, 0(x23)         x24=00000001 x23:0000527c  PA:0000527c
  25656ns            2561 000004c4 01cc0a63 beq              x24, x28, 20        x24:00000001 x28:00000002
  25666ns            2562 000004c8 fbec04e3 beq              x24, x30, -88       x24:00000001 x30:00000003
  25676ns            2563 000004cc fbfc1ee3 bne              x24, x31, -68       x24:00000001 x31:00000001
  25686ns            2564 000004d0 00072403 lw               x8, 0(x14)           x8=000000be x14:000052d4  PA:000052d4
  25696ns            2565 000004d4 fa9ff06f jal              x0, -88            
  25716ns            2567 0000047c 008ed663 bge              x29, x8, 12         x29:000000ff  x8:000000be
  25746ns            2570 00000488 001a8a93 addi             x21, x21, 1         x21=00000004 x21:00000003
  25756ns            2571 0000048c 008b4b33 xor              x22, x22, x8        x22=00000032 x22:0000008c  x8:000000be
  25766ns            2572 00000490 004b8b93 addi             x23, x23, 4         x23=00005280 x23:0000527c
  25776ns            2573 00000494 01070713 addi             x14, x14, 16        x14=000052e4 x14:000052d4
  25786ns            2574 00000498 02aa9463 bne              x21, x10, 40        x21:00000004 x10:00000004
  25796ns            2575 0000049c 00f98733 add              x14, x19, x15       x14=000051f4 x19:000051f0 x15:00000004
  25806ns            2576 000004a0 01672023 sw               x22, 0(x14)         x22:00000032 x14:000051f4  PA:000051f4
  25816ns            2577 000004a4 00478793 addi             x15, x15, 4         x15=00000008 x15:00000004
  25826ns            2578 000004a8 02578e63 beq              x15, x5, 60         x15:00000008  x5:00000010
  25836ns            2579 000004ac 10010713 addi             x14, x2, 256        x14=000052a0  x2:000051a0
  25846ns            2580 000004b0 00e78733 add              x14, x15, x14       x14=000052a8 x15:00000008 x14:000052a0
  25856ns            2581 000004b4 000a0b93 addi             x23, x20, 0         x23=00005270 x20:00005270
  25866ns            2582 000004b8 00000b13 addi             x22, x0, 0          x22=00000000
  25876ns            2583 000004bc 00000a93 addi             x21, x0, 0          x21=00000000
  25886ns            2584 000004c0 000bac03 lw               x24, 0(x23)         x24=00000001 x23:00005270  PA:00005270
  25906ns            2586 000004c4 01cc0a63 beq              x24, x28, 20        x24:00000001 x28:00000002
  25916ns            2587 000004c8 fbec04e3 beq              x24, x30, -88       x24:00000001 x30:00000003
  25926ns            2588 000004cc fbfc1ee3 bne              x24, x31, -68       x24:00000001 x31:00000001
  25936ns            2589 000004d0 00072403 lw               x8, 0(x14)           x8=000000ee x14:000052a8  PA:000052a8
  25946ns            2590 000004d4 fa9ff06f jal              x0, -88            
  25966ns            2592 0000047c 008ed663 bge              x29, x8, 12         x29:000000ff  x8:000000ee
  25996ns            2595 00000488 001a8a93 addi             x21, x21, 1         x21=00000001 x21:00000000
  26006ns            2596 0000048c 008b4b33 xor              x22, x22, x8        x22=000000ee x22:00000000  x8:000000ee
  26016ns            2597 00000490 004b8b93 addi             x23, x23, 4         x23=00005274 x23:00005270
  26026ns            2598 00000494 01070713 addi             x14, x14, 16        x14=000052b8 x14:000052a8
  26036ns            2599 00000498 02aa9463 bne              x21, x10, 40        x21:00000001 x10:00000004
  26066ns            2602 000004c0 000bac03 lw               x24, 0(x23)         x24=00000002 x23:00005274  PA:00005274
  26086ns            2604 000004c4 01cc0a63 beq              x24, x28, 20        x24:00000002 x28:00000002
  26116ns            2607 000004d8 00072403 lw               x8, 0(x14)           x8=000000a4 x14:000052b8  PA:000052b8
  26136ns            2609 000004dc 00141413 slli             x8, x8, 0x1          x8=00000148  x8:000000a4
  26146ns            2610 000004e0 f9dff06f jal              x0, -100           
  26166ns            2612 0000047c 008ed663 bge              x29, x8, 12         x29:000000ff  x8:00000148
  26176ns            2613 00000480 0ff47413 andi             x8, x8, 255          x8=00000048  x8:00000148
  26186ns            2614 00000484 01b44413 xori             x8, x8, 27           x8=00000053  x8:00000048
  26196ns            2615 00000488 001a8a93 addi             x21, x21, 1         x21=00000002 x21:00000001
  26206ns            2616 0000048c 008b4b33 xor              x22, x22, x8        x22=000000bd x22:000000ee  x8:00000053
  26216ns            2617 00000490 004b8b93 addi             x23, x23, 4         x23=00005278 x23:00005274
  26226ns            2618 00000494 01070713 addi             x14, x14, 16        x14=000052c8 x14:000052b8
  26236ns            2619 00000498 02aa9463 bne              x21, x10, 40        x21:00000002 x10:00000004
  26266ns            2622 000004c0 000bac03 lw               x24, 0(x23)         x24=00000003 x23:00005278  PA:00005278
  26286ns            2624 000004c4 01cc0a63 beq              x24, x28, 20        x24:00000003 x28:00000002
  26296ns            2625 000004c8 fbec04e3 beq              x24, x30, -88       x24:00000003 x30:00000003
  26326ns            2628 00000470 00072403 lw               x8, 0(x14)           x8=00000075 x14:000052c8  PA:000052c8
  26346ns            2630 00000474 00141c13 slli             x24, x8, 0x1        x24=000000ea  x8:00000075
  26356ns            2631 00000478 008c4433 xor              x8, x24, x8          x8=0000009f x24:000000ea  x8:00000075
  26366ns            2632 0000047c 008ed663 bge              x29, x8, 12         x29:000000ff  x8:0000009f
  26396ns            2635 00000488 001a8a93 addi             x21, x21, 1         x21=00000003 x21:00000002
  26406ns            2636 0000048c 008b4b33 xor              x22, x22, x8        x22=00000022 x22:000000bd  x8:0000009f
  26416ns            2637 00000490 004b8b93 addi             x23, x23, 4         x23=0000527c x23:00005278
  26426ns            2638 00000494 01070713 addi             x14, x14, 16        x14=000052d8 x14:000052c8
  26436ns            2639 00000498 02aa9463 bne              x21, x10, 40        x21:00000003 x10:00000004
  26466ns            2642 000004c0 000bac03 lw               x24, 0(x23)         x24=00000001 x23:0000527c  PA:0000527c
  26486ns            2644 000004c4 01cc0a63 beq              x24, x28, 20        x24:00000001 x28:00000002
  26496ns            2645 000004c8 fbec04e3 beq              x24, x30, -88       x24:00000001 x30:00000003
  26506ns            2646 000004cc fbfc1ee3 bne              x24, x31, -68       x24:00000001 x31:00000001
  26516ns            2647 000004d0 00072403 lw               x8, 0(x14)           x8=0000004d x14:000052d8  PA:000052d8
  26526ns            2648 000004d4 fa9ff06f jal              x0, -88            
  26546ns            2650 0000047c 008ed663 bge              x29, x8, 12         x29:000000ff  x8:0000004d
  26576ns            2653 00000488 001a8a93 addi             x21, x21, 1         x21=00000004 x21:00000003
  26586ns            2654 0000048c 008b4b33 xor              x22, x22, x8        x22=0000006f x22:00000022  x8:0000004d
  26596ns            2655 00000490 004b8b93 addi             x23, x23, 4         x23=00005280 x23:0000527c
  26606ns            2656 00000494 01070713 addi             x14, x14, 16        x14=000052e8 x14:000052d8
  26616ns            2657 00000498 02aa9463 bne              x21, x10, 40        x21:00000004 x10:00000004
  26626ns            2658 0000049c 00f98733 add              x14, x19, x15       x14=000051f8 x19:000051f0 x15:00000008
  26636ns            2659 000004a0 01672023 sw               x22, 0(x14)         x22:0000006f x14:000051f8  PA:000051f8
  26646ns            2660 000004a4 00478793 addi             x15, x15, 4         x15=0000000c x15:00000008
  26656ns            2661 000004a8 02578e63 beq              x15, x5, 60         x15:0000000c  x5:00000010
  26666ns            2662 000004ac 10010713 addi             x14, x2, 256        x14=000052a0  x2:000051a0
  26676ns            2663 000004b0 00e78733 add              x14, x15, x14       x14=000052ac x15:0000000c x14:000052a0
  26686ns            2664 000004b4 000a0b93 addi             x23, x20, 0         x23=00005270 x20:00005270
  26696ns            2665 000004b8 00000b13 addi             x22, x0, 0          x22=00000000
  26706ns            2666 000004bc 00000a93 addi             x21, x0, 0          x21=00000000
  26716ns            2667 000004c0 000bac03 lw               x24, 0(x23)         x24=00000001 x23:00005270  PA:00005270
  26736ns            2669 000004c4 01cc0a63 beq              x24, x28, 20        x24:00000001 x28:00000002
  26746ns            2670 000004c8 fbec04e3 beq              x24, x30, -88       x24:00000001 x30:00000003
  26756ns            2671 000004cc fbfc1ee3 bne              x24, x31, -68       x24:00000001 x31:00000001
  26766ns            2672 000004d0 00072403 lw               x8, 0(x14)           x8=00000009 x14:000052ac  PA:000052ac
  26776ns            2673 000004d4 fa9ff06f jal              x0, -88            
  26796ns            2675 0000047c 008ed663 bge              x29, x8, 12         x29:000000ff  x8:00000009
  26826ns            2678 00000488 001a8a93 addi             x21, x21, 1         x21=00000001 x21:00000000
  26836ns            2679 0000048c 008b4b33 xor              x22, x22, x8        x22=00000009 x22:00000000  x8:00000009
  26846ns            2680 00000490 004b8b93 addi             x23, x23, 4         x23=00005274 x23:00005270
  26856ns            2681 00000494 01070713 addi             x14, x14, 16        x14=000052bc x14:000052ac
  26866ns            2682 00000498 02aa9463 bne              x21, x10, 40        x21:00000001 x10:00000004
  26896ns            2685 000004c0 000bac03 lw               x24, 0(x23)         x24=00000002 x23:00005274  PA:00005274
  26916ns            2687 000004c4 01cc0a63 beq              x24, x28, 20        x24:00000002 x28:00000002
  26946ns            2690 000004d8 00072403 lw               x8, 0(x14)           x8=000000ac x14:000052bc  PA:000052bc
  26966ns            2692 000004dc 00141413 slli             x8, x8, 0x1          x8=00000158  x8:000000ac
  26976ns            2693 000004e0 f9dff06f jal              x0, -100           
  26996ns            2695 0000047c 008ed663 bge              x29, x8, 12         x29:000000ff  x8:00000158
  27006ns            2696 00000480 0ff47413 andi             x8, x8, 255          x8=00000058  x8:00000158
  27016ns            2697 00000484 01b44413 xori             x8, x8, 27           x8=00000043  x8:00000058
  27026ns            2698 00000488 001a8a93 addi             x21, x21, 1         x21=00000002 x21:00000001
  27036ns            2699 0000048c 008b4b33 xor              x22, x22, x8        x22=0000004a x22:00000009  x8:00000043
  27046ns            2700 00000490 004b8b93 addi             x23, x23, 4         x23=00005278 x23:00005274
  27056ns            2701 00000494 01070713 addi             x14, x14, 16        x14=000052cc x14:000052bc
  27066ns            2702 00000498 02aa9463 bne              x21, x10, 40        x21:00000002 x10:00000004
  27096ns            2705 000004c0 000bac03 lw               x24, 0(x23)         x24=00000003 x23:00005278  PA:00005278
  27116ns            2707 000004c4 01cc0a63 beq              x24, x28, 20        x24:00000003 x28:00000002
  27126ns            2708 000004c8 fbec04e3 beq              x24, x30, -88       x24:00000003 x30:00000003
  27156ns            2711 00000470 00072403 lw               x8, 0(x14)           x8=00000069 x14:000052cc  PA:000052cc
  27176ns            2713 00000474 00141c13 slli             x24, x8, 0x1        x24=000000d2  x8:00000069
  27186ns            2714 00000478 008c4433 xor              x8, x24, x8          x8=000000bb x24:000000d2  x8:00000069
  27196ns            2715 0000047c 008ed663 bge              x29, x8, 12         x29:000000ff  x8:000000bb
  27226ns            2718 00000488 001a8a93 addi             x21, x21, 1         x21=00000003 x21:00000002
  27236ns            2719 0000048c 008b4b33 xor              x22, x22, x8        x22=000000f1 x22:0000004a  x8:000000bb
  27246ns            2720 00000490 004b8b93 addi             x23, x23, 4         x23=0000527c x23:00005278
  27256ns            2721 00000494 01070713 addi             x14, x14, 16        x14=000052dc x14:000052cc
  27266ns            2722 00000498 02aa9463 bne              x21, x10, 40        x21:00000003 x10:00000004
  27296ns            2725 000004c0 000bac03 lw               x24, 0(x23)         x24=00000001 x23:0000527c  PA:0000527c
  27316ns            2727 000004c4 01cc0a63 beq              x24, x28, 20        x24:00000001 x28:00000002
  27326ns            2728 000004c8 fbec04e3 beq              x24, x30, -88       x24:00000001 x30:00000003
  27336ns            2729 000004cc fbfc1ee3 bne              x24, x31, -68       x24:00000001 x31:00000001
  27346ns            2730 000004d0 00072403 lw               x8, 0(x14)           x8=00000025 x14:000052dc  PA:000052dc
  27356ns            2731 000004d4 fa9ff06f jal              x0, -88            
  27376ns            2733 0000047c 008ed663 bge              x29, x8, 12         x29:000000ff  x8:00000025
  27406ns            2736 00000488 001a8a93 addi             x21, x21, 1         x21=00000004 x21:00000003
  27416ns            2737 0000048c 008b4b33 xor              x22, x22, x8        x22=000000d4 x22:000000f1  x8:00000025
  27426ns            2738 00000490 004b8b93 addi             x23, x23, 4         x23=00005280 x23:0000527c
  27436ns            2739 00000494 01070713 addi             x14, x14, 16        x14=000052ec x14:000052dc
  27446ns            2740 00000498 02aa9463 bne              x21, x10, 40        x21:00000004 x10:00000004
  27456ns            2741 0000049c 00f98733 add              x14, x19, x15       x14=000051fc x19:000051f0 x15:0000000c
  27466ns            2742 000004a0 01672023 sw               x22, 0(x14)         x22:000000d4 x14:000051fc  PA:000051fc
  27476ns            2743 000004a4 00478793 addi             x15, x15, 4         x15=00000010 x15:0000000c
  27486ns            2744 000004a8 02578e63 beq              x15, x5, 60         x15:00000010  x5:00000010
  27516ns            2747 000004e4 01098993 addi             x19, x19, 16        x19=00005200 x19:000051f0
  27526ns            2748 000004e8 010a0a13 addi             x20, x20, 16        x20=00005280 x20:00005270
  27536ns            2749 000004ec f73494e3 bne              x9, x19, -152        x9:00005220 x19:00005200
  27566ns            2752 00000454 00000793 addi             x15, x0, 0          x15=00000000
  27576ns            2753 00000458 0540006f jal              x0, 84             
  27596ns            2755 000004ac 10010713 addi             x14, x2, 256        x14=000052a0  x2:000051a0
  27606ns            2756 000004b0 00e78733 add              x14, x15, x14       x14=000052a0 x15:00000000 x14:000052a0
  27616ns            2757 000004b4 000a0b93 addi             x23, x20, 0         x23=00005280 x20:00005280
  27626ns            2758 000004b8 00000b13 addi             x22, x0, 0          x22=00000000
  27636ns            2759 000004bc 00000a93 addi             x21, x0, 0          x21=00000000
  27646ns            2760 000004c0 000bac03 lw               x24, 0(x23)         x24=00000001 x23:00005280  PA:00005280
  27666ns            2762 000004c4 01cc0a63 beq              x24, x28, 20        x24:00000001 x28:00000002
  27676ns            2763 000004c8 fbec04e3 beq              x24, x30, -88       x24:00000001 x30:00000003
  27686ns            2764 000004cc fbfc1ee3 bne              x24, x31, -68       x24:00000001 x31:00000001
  27696ns            2765 000004d0 00072403 lw               x8, 0(x14)           x8=00000023 x14:000052a0  PA:000052a0
  27706ns            2766 000004d4 fa9ff06f jal              x0, -88            
  27726ns            2768 0000047c 008ed663 bge              x29, x8, 12         x29:000000ff  x8:00000023
  27756ns            2771 00000488 001a8a93 addi             x21, x21, 1         x21=00000001 x21:00000000
  27766ns            2772 0000048c 008b4b33 xor              x22, x22, x8        x22=00000023 x22:00000000  x8:00000023
  27776ns            2773 00000490 004b8b93 addi             x23, x23, 4         x23=00005284 x23:00005280
  27786ns            2774 00000494 01070713 addi             x14, x14, 16        x14=000052b0 x14:000052a0
  27796ns            2775 00000498 02aa9463 bne              x21, x10, 40        x21:00000001 x10:00000004
  27826ns            2778 000004c0 000bac03 lw               x24, 0(x23)         x24=00000001 x23:00005284  PA:00005284
  27846ns            2780 000004c4 01cc0a63 beq              x24, x28, 20        x24:00000001 x28:00000002
  27856ns            2781 000004c8 fbec04e3 beq              x24, x30, -88       x24:00000001 x30:00000003
  27866ns            2782 000004cc fbfc1ee3 bne              x24, x31, -68       x24:00000001 x31:00000001
  27876ns            2783 000004d0 00072403 lw               x8, 0(x14)           x8=000000ed x14:000052b0  PA:000052b0
  27886ns            2784 000004d4 fa9ff06f jal              x0, -88            
  27906ns            2786 0000047c 008ed663 bge              x29, x8, 12         x29:000000ff  x8:000000ed
  27936ns            2789 00000488 001a8a93 addi             x21, x21, 1         x21=00000002 x21:00000001
  27946ns            2790 0000048c 008b4b33 xor              x22, x22, x8        x22=000000ce x22:00000023  x8:000000ed
  27956ns            2791 00000490 004b8b93 addi             x23, x23, 4         x23=00005288 x23:00005284
  27966ns            2792 00000494 01070713 addi             x14, x14, 16        x14=000052c0 x14:000052b0
  27976ns            2793 00000498 02aa9463 bne              x21, x10, 40        x21:00000002 x10:00000004
  28006ns            2796 000004c0 000bac03 lw               x24, 0(x23)         x24=00000002 x23:00005288  PA:00005288
  28026ns            2798 000004c4 01cc0a63 beq              x24, x28, 20        x24:00000002 x28:00000002
  28056ns            2801 000004d8 00072403 lw               x8, 0(x14)           x8=00000015 x14:000052c0  PA:000052c0
  28076ns            2803 000004dc 00141413 slli             x8, x8, 0x1          x8=0000002a  x8:00000015
  28086ns            2804 000004e0 f9dff06f jal              x0, -100           
  28106ns            2806 0000047c 008ed663 bge              x29, x8, 12         x29:000000ff  x8:0000002a
  28136ns            2809 00000488 001a8a93 addi             x21, x21, 1         x21=00000003 x21:00000002
  28146ns            2810 0000048c 008b4b33 xor              x22, x22, x8        x22=000000e4 x22:000000ce  x8:0000002a
  28156ns            2811 00000490 004b8b93 addi             x23, x23, 4         x23=0000528c x23:00005288
  28166ns            2812 00000494 01070713 addi             x14, x14, 16        x14=000052d0 x14:000052c0
  28176ns            2813 00000498 02aa9463 bne              x21, x10, 40        x21:00000003 x10:00000004
  28206ns            2816 000004c0 000bac03 lw               x24, 0(x23)         x24=00000003 x23:0000528c  PA:0000528c
  28226ns            2818 000004c4 01cc0a63 beq              x24, x28, 20        x24:00000003 x28:00000002
  28236ns            2819 000004c8 fbec04e3 beq              x24, x30, -88       x24:00000003 x30:00000003
  28266ns            2822 00000470 00072403 lw               x8, 0(x14)           x8=000000eb x14:000052d0  PA:000052d0
  28286ns            2824 00000474 00141c13 slli             x24, x8, 0x1        x24=000001d6  x8:000000eb
  28296ns            2825 00000478 008c4433 xor              x8, x24, x8          x8=0000013d x24:000001d6  x8:000000eb
  28306ns            2826 0000047c 008ed663 bge              x29, x8, 12         x29:000000ff  x8:0000013d
  28316ns            2827 00000480 0ff47413 andi             x8, x8, 255          x8=0000003d  x8:0000013d
  28326ns            2828 00000484 01b44413 xori             x8, x8, 27           x8=00000026  x8:0000003d
  28336ns            2829 00000488 001a8a93 addi             x21, x21, 1         x21=00000004 x21:00000003
  28346ns            2830 0000048c 008b4b33 xor              x22, x22, x8        x22=000000c2 x22:000000e4  x8:00000026
  28356ns            2831 00000490 004b8b93 addi             x23, x23, 4         x23=00005290 x23:0000528c
  28366ns            2832 00000494 01070713 addi             x14, x14, 16        x14=000052e0 x14:000052d0
  28376ns            2833 00000498 02aa9463 bne              x21, x10, 40        x21:00000004 x10:00000004
  28386ns            2834 0000049c 00f98733 add              x14, x19, x15       x14=00005200 x19:00005200 x15:00000000
  28396ns            2835 000004a0 01672023 sw               x22, 0(x14)         x22:000000c2 x14:00005200  PA:00005200
  28406ns            2836 000004a4 00478793 addi             x15, x15, 4         x15=00000004 x15:00000000
  28416ns            2837 000004a8 02578e63 beq              x15, x5, 60         x15:00000004  x5:00000010
  28426ns            2838 000004ac 10010713 addi             x14, x2, 256        x14=000052a0  x2:000051a0
  28436ns            2839 000004b0 00e78733 add              x14, x15, x14       x14=000052a4 x15:00000004 x14:000052a0
  28446ns            2840 000004b4 000a0b93 addi             x23, x20, 0         x23=00005280 x20:00005280
  28456ns            2841 000004b8 00000b13 addi             x22, x0, 0          x22=00000000
  28466ns            2842 000004bc 00000a93 addi             x21, x0, 0          x21=00000000
  28476ns            2843 000004c0 000bac03 lw               x24, 0(x23)         x24=00000001 x23:00005280  PA:00005280
  28496ns            2845 000004c4 01cc0a63 beq              x24, x28, 20        x24:00000001 x28:00000002
  28506ns            2846 000004c8 fbec04e3 beq              x24, x30, -88       x24:00000001 x30:00000003
  28516ns            2847 000004cc fbfc1ee3 bne              x24, x31, -68       x24:00000001 x31:00000001
  28526ns            2848 000004d0 00072403 lw               x8, 0(x14)           x8=000000d8 x14:000052a4  PA:000052a4
  28536ns            2849 000004d4 fa9ff06f jal              x0, -88            
  28556ns            2851 0000047c 008ed663 bge              x29, x8, 12         x29:000000ff  x8:000000d8
  28586ns            2854 00000488 001a8a93 addi             x21, x21, 1         x21=00000001 x21:00000000
  28596ns            2855 0000048c 008b4b33 xor              x22, x22, x8        x22=000000d8 x22:00000000  x8:000000d8
  28606ns            2856 00000490 004b8b93 addi             x23, x23, 4         x23=00005284 x23:00005280
  28616ns            2857 00000494 01070713 addi             x14, x14, 16        x14=000052b4 x14:000052a4
  28626ns            2858 00000498 02aa9463 bne              x21, x10, 40        x21:00000001 x10:00000004
  28656ns            2861 000004c0 000bac03 lw               x24, 0(x23)         x24=00000001 x23:00005284  PA:00005284
  28676ns            2863 000004c4 01cc0a63 beq              x24, x28, 20        x24:00000001 x28:00000002
  28686ns            2864 000004c8 fbec04e3 beq              x24, x30, -88       x24:00000001 x30:00000003
  28696ns            2865 000004cc fbfc1ee3 bne              x24, x31, -68       x24:00000001 x31:00000001
  28706ns            2866 000004d0 00072403 lw               x8, 0(x14)           x8=0000007e x14:000052b4  PA:000052b4
  28716ns            2867 000004d4 fa9ff06f jal              x0, -88            
  28736ns            2869 0000047c 008ed663 bge              x29, x8, 12         x29:000000ff  x8:0000007e
  28766ns            2872 00000488 001a8a93 addi             x21, x21, 1         x21=00000002 x21:00000001
  28776ns            2873 0000048c 008b4b33 xor              x22, x22, x8        x22=000000a6 x22:000000d8  x8:0000007e
  28786ns            2874 00000490 004b8b93 addi             x23, x23, 4         x23=00005288 x23:00005284
  28796ns            2875 00000494 01070713 addi             x14, x14, 16        x14=000052c4 x14:000052b4
  28806ns            2876 00000498 02aa9463 bne              x21, x10, 40        x21:00000002 x10:00000004
  28836ns            2879 000004c0 000bac03 lw               x24, 0(x23)         x24=00000002 x23:00005288  PA:00005288
  28856ns            2881 000004c4 01cc0a63 beq              x24, x28, 20        x24:00000002 x28:00000002
  28886ns            2884 000004d8 00072403 lw               x8, 0(x14)           x8=00000091 x14:000052c4  PA:000052c4
  28906ns            2886 000004dc 00141413 slli             x8, x8, 0x1          x8=00000122  x8:00000091
  28916ns            2887 000004e0 f9dff06f jal              x0, -100           
  28936ns            2889 0000047c 008ed663 bge              x29, x8, 12         x29:000000ff  x8:00000122
  28946ns            2890 00000480 0ff47413 andi             x8, x8, 255          x8=00000022  x8:00000122
  28956ns            2891 00000484 01b44413 xori             x8, x8, 27           x8=00000039  x8:00000022
  28966ns            2892 00000488 001a8a93 addi             x21, x21, 1         x21=00000003 x21:00000002
  28976ns            2893 0000048c 008b4b33 xor              x22, x22, x8        x22=0000009f x22:000000a6  x8:00000039
  28986ns            2894 00000490 004b8b93 addi             x23, x23, 4         x23=0000528c x23:00005288
  28996ns            2895 00000494 01070713 addi             x14, x14, 16        x14=000052d4 x14:000052c4
  29006ns            2896 00000498 02aa9463 bne              x21, x10, 40        x21:00000003 x10:00000004
  29036ns            2899 000004c0 000bac03 lw               x24, 0(x23)         x24=00000003 x23:0000528c  PA:0000528c
  29056ns            2901 000004c4 01cc0a63 beq              x24, x28, 20        x24:00000003 x28:00000002
  29066ns            2902 000004c8 fbec04e3 beq              x24, x30, -88       x24:00000003 x30:00000003
  29096ns            2905 00000470 00072403 lw               x8, 0(x14)           x8=000000be x14:000052d4  PA:000052d4
  29116ns            2907 00000474 00141c13 slli             x24, x8, 0x1        x24=0000017c  x8:000000be
  29126ns            2908 00000478 008c4433 xor              x8, x24, x8          x8=000001c2 x24:0000017c  x8:000000be
  29136ns            2909 0000047c 008ed663 bge              x29, x8, 12         x29:000000ff  x8:000001c2
  29146ns            2910 00000480 0ff47413 andi             x8, x8, 255          x8=000000c2  x8:000001c2
  29156ns            2911 00000484 01b44413 xori             x8, x8, 27           x8=000000d9  x8:000000c2
  29166ns            2912 00000488 001a8a93 addi             x21, x21, 1         x21=00000004 x21:00000003
  29176ns            2913 0000048c 008b4b33 xor              x22, x22, x8        x22=00000046 x22:0000009f  x8:000000d9
  29186ns            2914 00000490 004b8b93 addi             x23, x23, 4         x23=00005290 x23:0000528c
  29196ns            2915 00000494 01070713 addi             x14, x14, 16        x14=000052e4 x14:000052d4
  29206ns            2916 00000498 02aa9463 bne              x21, x10, 40        x21:00000004 x10:00000004
  29216ns            2917 0000049c 00f98733 add              x14, x19, x15       x14=00005204 x19:00005200 x15:00000004
  29226ns            2918 000004a0 01672023 sw               x22, 0(x14)         x22:00000046 x14:00005204  PA:00005204
  29236ns            2919 000004a4 00478793 addi             x15, x15, 4         x15=00000008 x15:00000004
  29246ns            2920 000004a8 02578e63 beq              x15, x5, 60         x15:00000008  x5:00000010
  29256ns            2921 000004ac 10010713 addi             x14, x2, 256        x14=000052a0  x2:000051a0
  29266ns            2922 000004b0 00e78733 add              x14, x15, x14       x14=000052a8 x15:00000008 x14:000052a0
  29276ns            2923 000004b4 000a0b93 addi             x23, x20, 0         x23=00005280 x20:00005280
  29286ns            2924 000004b8 00000b13 addi             x22, x0, 0          x22=00000000
  29296ns            2925 000004bc 00000a93 addi             x21, x0, 0          x21=00000000
  29306ns            2926 000004c0 000bac03 lw               x24, 0(x23)         x24=00000001 x23:00005280  PA:00005280
  29326ns            2928 000004c4 01cc0a63 beq              x24, x28, 20        x24:00000001 x28:00000002
  29336ns            2929 000004c8 fbec04e3 beq              x24, x30, -88       x24:00000001 x30:00000003
  29346ns            2930 000004cc fbfc1ee3 bne              x24, x31, -68       x24:00000001 x31:00000001
  29356ns            2931 000004d0 00072403 lw               x8, 0(x14)           x8=000000ee x14:000052a8  PA:000052a8
  29366ns            2932 000004d4 fa9ff06f jal              x0, -88            
  29386ns            2934 0000047c 008ed663 bge              x29, x8, 12         x29:000000ff  x8:000000ee
  29416ns            2937 00000488 001a8a93 addi             x21, x21, 1         x21=00000001 x21:00000000
  29426ns            2938 0000048c 008b4b33 xor              x22, x22, x8        x22=000000ee x22:00000000  x8:000000ee
  29436ns            2939 00000490 004b8b93 addi             x23, x23, 4         x23=00005284 x23:00005280
  29446ns            2940 00000494 01070713 addi             x14, x14, 16        x14=000052b8 x14:000052a8
  29456ns            2941 00000498 02aa9463 bne              x21, x10, 40        x21:00000001 x10:00000004
  29486ns            2944 000004c0 000bac03 lw               x24, 0(x23)         x24=00000001 x23:00005284  PA:00005284
  29506ns            2946 000004c4 01cc0a63 beq              x24, x28, 20        x24:00000001 x28:00000002
  29516ns            2947 000004c8 fbec04e3 beq              x24, x30, -88       x24:00000001 x30:00000003
  29526ns            2948 000004cc fbfc1ee3 bne              x24, x31, -68       x24:00000001 x31:00000001
  29536ns            2949 000004d0 00072403 lw               x8, 0(x14)           x8=000000a4 x14:000052b8  PA:000052b8
  29546ns            2950 000004d4 fa9ff06f jal              x0, -88            
  29566ns            2952 0000047c 008ed663 bge              x29, x8, 12         x29:000000ff  x8:000000a4
  29596ns            2955 00000488 001a8a93 addi             x21, x21, 1         x21=00000002 x21:00000001
  29606ns            2956 0000048c 008b4b33 xor              x22, x22, x8        x22=0000004a x22:000000ee  x8:000000a4
  29616ns            2957 00000490 004b8b93 addi             x23, x23, 4         x23=00005288 x23:00005284
  29626ns            2958 00000494 01070713 addi             x14, x14, 16        x14=000052c8 x14:000052b8
  29636ns            2959 00000498 02aa9463 bne              x21, x10, 40        x21:00000002 x10:00000004
  29666ns            2962 000004c0 000bac03 lw               x24, 0(x23)         x24=00000002 x23:00005288  PA:00005288
  29686ns            2964 000004c4 01cc0a63 beq              x24, x28, 20        x24:00000002 x28:00000002
  29716ns            2967 000004d8 00072403 lw               x8, 0(x14)           x8=00000075 x14:000052c8  PA:000052c8
  29736ns            2969 000004dc 00141413 slli             x8, x8, 0x1          x8=000000ea  x8:00000075
  29746ns            2970 000004e0 f9dff06f jal              x0, -100           
  29766ns            2972 0000047c 008ed663 bge              x29, x8, 12         x29:000000ff  x8:000000ea
  29796ns            2975 00000488 001a8a93 addi             x21, x21, 1         x21=00000003 x21:00000002
  29806ns            2976 0000048c 008b4b33 xor              x22, x22, x8        x22=000000a0 x22:0000004a  x8:000000ea
  29816ns            2977 00000490 004b8b93 addi             x23, x23, 4         x23=0000528c x23:00005288
  29826ns            2978 00000494 01070713 addi             x14, x14, 16        x14=000052d8 x14:000052c8
  29836ns            2979 00000498 02aa9463 bne              x21, x10, 40        x21:00000003 x10:00000004
  29866ns            2982 000004c0 000bac03 lw               x24, 0(x23)         x24=00000003 x23:0000528c  PA:0000528c
  29886ns            2984 000004c4 01cc0a63 beq              x24, x28, 20        x24:00000003 x28:00000002
  29896ns            2985 000004c8 fbec04e3 beq              x24, x30, -88       x24:00000003 x30:00000003
  29926ns            2988 00000470 00072403 lw               x8, 0(x14)           x8=0000004d x14:000052d8  PA:000052d8
  29946ns            2990 00000474 00141c13 slli             x24, x8, 0x1        x24=0000009a  x8:0000004d
  29956ns            2991 00000478 008c4433 xor              x8, x24, x8          x8=000000d7 x24:0000009a  x8:0000004d
  29966ns            2992 0000047c 008ed663 bge              x29, x8, 12         x29:000000ff  x8:000000d7
  29996ns            2995 00000488 001a8a93 addi             x21, x21, 1         x21=00000004 x21:00000003
  30006ns            2996 0000048c 008b4b33 xor              x22, x22, x8        x22=00000077 x22:000000a0  x8:000000d7
  30016ns            2997 00000490 004b8b93 addi             x23, x23, 4         x23=00005290 x23:0000528c
  30026ns            2998 00000494 01070713 addi             x14, x14, 16        x14=000052e8 x14:000052d8
  30036ns            2999 00000498 02aa9463 bne              x21, x10, 40        x21:00000004 x10:00000004
  30046ns            3000 0000049c 00f98733 add              x14, x19, x15       x14=00005208 x19:00005200 x15:00000008
  30056ns            3001 000004a0 01672023 sw               x22, 0(x14)         x22:00000077 x14:00005208  PA:00005208
  30066ns            3002 000004a4 00478793 addi             x15, x15, 4         x15=0000000c x15:00000008
  30076ns            3003 000004a8 02578e63 beq              x15, x5, 60         x15:0000000c  x5:00000010
  30086ns            3004 000004ac 10010713 addi             x14, x2, 256        x14=000052a0  x2:000051a0
  30096ns            3005 000004b0 00e78733 add              x14, x15, x14       x14=000052ac x15:0000000c x14:000052a0
  30106ns            3006 000004b4 000a0b93 addi             x23, x20, 0         x23=00005280 x20:00005280
  30116ns            3007 000004b8 00000b13 addi             x22, x0, 0          x22=00000000
  30126ns            3008 000004bc 00000a93 addi             x21, x0, 0          x21=00000000
  30136ns            3009 000004c0 000bac03 lw               x24, 0(x23)         x24=00000001 x23:00005280  PA:00005280
  30156ns            3011 000004c4 01cc0a63 beq              x24, x28, 20        x24:00000001 x28:00000002
  30166ns            3012 000004c8 fbec04e3 beq              x24, x30, -88       x24:00000001 x30:00000003
  30176ns            3013 000004cc fbfc1ee3 bne              x24, x31, -68       x24:00000001 x31:00000001
  30186ns            3014 000004d0 00072403 lw               x8, 0(x14)           x8=00000009 x14:000052ac  PA:000052ac
  30196ns            3015 000004d4 fa9ff06f jal              x0, -88            
  30216ns            3017 0000047c 008ed663 bge              x29, x8, 12         x29:000000ff  x8:00000009
  30246ns            3020 00000488 001a8a93 addi             x21, x21, 1         x21=00000001 x21:00000000
  30256ns            3021 0000048c 008b4b33 xor              x22, x22, x8        x22=00000009 x22:00000000  x8:00000009
  30266ns            3022 00000490 004b8b93 addi             x23, x23, 4         x23=00005284 x23:00005280
  30276ns            3023 00000494 01070713 addi             x14, x14, 16        x14=000052bc x14:000052ac
  30286ns            3024 00000498 02aa9463 bne              x21, x10, 40        x21:00000001 x10:00000004
  30316ns            3027 000004c0 000bac03 lw               x24, 0(x23)         x24=00000001 x23:00005284  PA:00005284
  30336ns            3029 000004c4 01cc0a63 beq              x24, x28, 20        x24:00000001 x28:00000002
  30346ns            3030 000004c8 fbec04e3 beq              x24, x30, -88       x24:00000001 x30:00000003
  30356ns            3031 000004cc fbfc1ee3 bne              x24, x31, -68       x24:00000001 x31:00000001
  30366ns            3032 000004d0 00072403 lw               x8, 0(x14)           x8=000000ac x14:000052bc  PA:000052bc
  30376ns            3033 000004d4 fa9ff06f jal              x0, -88            
  30396ns            3035 0000047c 008ed663 bge              x29, x8, 12         x29:000000ff  x8:000000ac
  30426ns            3038 00000488 001a8a93 addi             x21, x21, 1         x21=00000002 x21:00000001
  30436ns            3039 0000048c 008b4b33 xor              x22, x22, x8        x22=000000a5 x22:00000009  x8:000000ac
  30446ns            3040 00000490 004b8b93 addi             x23, x23, 4         x23=00005288 x23:00005284
  30456ns            3041 00000494 01070713 addi             x14, x14, 16        x14=000052cc x14:000052bc
  30466ns            3042 00000498 02aa9463 bne              x21, x10, 40        x21:00000002 x10:00000004
  30496ns            3045 000004c0 000bac03 lw               x24, 0(x23)         x24=00000002 x23:00005288  PA:00005288
  30516ns            3047 000004c4 01cc0a63 beq              x24, x28, 20        x24:00000002 x28:00000002
  30546ns            3050 000004d8 00072403 lw               x8, 0(x14)           x8=00000069 x14:000052cc  PA:000052cc
  30566ns            3052 000004dc 00141413 slli             x8, x8, 0x1          x8=000000d2  x8:00000069
  30576ns            3053 000004e0 f9dff06f jal              x0, -100           
  30596ns            3055 0000047c 008ed663 bge              x29, x8, 12         x29:000000ff  x8:000000d2
  30626ns            3058 00000488 001a8a93 addi             x21, x21, 1         x21=00000003 x21:00000002
  30636ns            3059 0000048c 008b4b33 xor              x22, x22, x8        x22=00000077 x22:000000a5  x8:000000d2
  30646ns            3060 00000490 004b8b93 addi             x23, x23, 4         x23=0000528c x23:00005288
  30656ns            3061 00000494 01070713 addi             x14, x14, 16        x14=000052dc x14:000052cc
  30666ns            3062 00000498 02aa9463 bne              x21, x10, 40        x21:00000003 x10:00000004
  30696ns            3065 000004c0 000bac03 lw               x24, 0(x23)         x24=00000003 x23:0000528c  PA:0000528c
  30716ns            3067 000004c4 01cc0a63 beq              x24, x28, 20        x24:00000003 x28:00000002
  30726ns            3068 000004c8 fbec04e3 beq              x24, x30, -88       x24:00000003 x30:00000003
  30756ns            3071 00000470 00072403 lw               x8, 0(x14)           x8=00000025 x14:000052dc  PA:000052dc
  30776ns            3073 00000474 00141c13 slli             x24, x8, 0x1        x24=0000004a  x8:00000025
  30786ns            3074 00000478 008c4433 xor              x8, x24, x8          x8=0000006f x24:0000004a  x8:00000025
  30796ns            3075 0000047c 008ed663 bge              x29, x8, 12         x29:000000ff  x8:0000006f
  30826ns            3078 00000488 001a8a93 addi             x21, x21, 1         x21=00000004 x21:00000003
  30836ns            3079 0000048c 008b4b33 xor              x22, x22, x8        x22=00000018 x22:00000077  x8:0000006f
  30846ns            3080 00000490 004b8b93 addi             x23, x23, 4         x23=00005290 x23:0000528c
  30856ns            3081 00000494 01070713 addi             x14, x14, 16        x14=000052ec x14:000052dc
  30866ns            3082 00000498 02aa9463 bne              x21, x10, 40        x21:00000004 x10:00000004
  30876ns            3083 0000049c 00f98733 add              x14, x19, x15       x14=0000520c x19:00005200 x15:0000000c
  30886ns            3084 000004a0 01672023 sw               x22, 0(x14)         x22:00000018 x14:0000520c  PA:0000520c
  30896ns            3085 000004a4 00478793 addi             x15, x15, 4         x15=00000010 x15:0000000c
  30906ns            3086 000004a8 02578e63 beq              x15, x5, 60         x15:00000010  x5:00000010
  30936ns            3089 000004e4 01098993 addi             x19, x19, 16        x19=00005210 x19:00005200
  30946ns            3090 000004e8 010a0a13 addi             x20, x20, 16        x20=00005290 x20:00005280
  30956ns            3091 000004ec f73494e3 bne              x9, x19, -152        x9:00005220 x19:00005210
  30986ns            3094 00000454 00000793 addi             x15, x0, 0          x15=00000000
  30996ns            3095 00000458 0540006f jal              x0, 84             
  31016ns            3097 000004ac 10010713 addi             x14, x2, 256        x14=000052a0  x2:000051a0
  31026ns            3098 000004b0 00e78733 add              x14, x15, x14       x14=000052a0 x15:00000000 x14:000052a0
  31036ns            3099 000004b4 000a0b93 addi             x23, x20, 0         x23=00005290 x20:00005290
  31046ns            3100 000004b8 00000b13 addi             x22, x0, 0          x22=00000000
  31056ns            3101 000004bc 00000a93 addi             x21, x0, 0          x21=00000000
  31066ns            3102 000004c0 000bac03 lw               x24, 0(x23)         x24=00000003 x23:00005290  PA:00005290
  31086ns            3104 000004c4 01cc0a63 beq              x24, x28, 20        x24:00000003 x28:00000002
  31096ns            3105 000004c8 fbec04e3 beq              x24, x30, -88       x24:00000003 x30:00000003
  31126ns            3108 00000470 00072403 lw               x8, 0(x14)           x8=00000023 x14:000052a0  PA:000052a0
  31146ns            3110 00000474 00141c13 slli             x24, x8, 0x1        x24=00000046  x8:00000023
  31156ns            3111 00000478 008c4433 xor              x8, x24, x8          x8=00000065 x24:00000046  x8:00000023
  31166ns            3112 0000047c 008ed663 bge              x29, x8, 12         x29:000000ff  x8:00000065
  31196ns            3115 00000488 001a8a93 addi             x21, x21, 1         x21=00000001 x21:00000000
  31206ns            3116 0000048c 008b4b33 xor              x22, x22, x8        x22=00000065 x22:00000000  x8:00000065
  31216ns            3117 00000490 004b8b93 addi             x23, x23, 4         x23=00005294 x23:00005290
  31226ns            3118 00000494 01070713 addi             x14, x14, 16        x14=000052b0 x14:000052a0
  31236ns            3119 00000498 02aa9463 bne              x21, x10, 40        x21:00000001 x10:00000004
  31266ns            3122 000004c0 000bac03 lw               x24, 0(x23)         x24=00000001 x23:00005294  PA:00005294
  31286ns            3124 000004c4 01cc0a63 beq              x24, x28, 20        x24:00000001 x28:00000002
  31296ns            3125 000004c8 fbec04e3 beq              x24, x30, -88       x24:00000001 x30:00000003
  31306ns            3126 000004cc fbfc1ee3 bne              x24, x31, -68       x24:00000001 x31:00000001
  31316ns            3127 000004d0 00072403 lw               x8, 0(x14)           x8=000000ed x14:000052b0  PA:000052b0
  31326ns            3128 000004d4 fa9ff06f jal              x0, -88            
  31346ns            3130 0000047c 008ed663 bge              x29, x8, 12         x29:000000ff  x8:000000ed
  31376ns            3133 00000488 001a8a93 addi             x21, x21, 1         x21=00000002 x21:00000001
  31386ns            3134 0000048c 008b4b33 xor              x22, x22, x8        x22=00000088 x22:00000065  x8:000000ed
  31396ns            3135 00000490 004b8b93 addi             x23, x23, 4         x23=00005298 x23:00005294
  31406ns            3136 00000494 01070713 addi             x14, x14, 16        x14=000052c0 x14:000052b0
  31416ns            3137 00000498 02aa9463 bne              x21, x10, 40        x21:00000002 x10:00000004
  31446ns            3140 000004c0 000bac03 lw               x24, 0(x23)         x24=00000001 x23:00005298  PA:00005298
  31466ns            3142 000004c4 01cc0a63 beq              x24, x28, 20        x24:00000001 x28:00000002
  31476ns            3143 000004c8 fbec04e3 beq              x24, x30, -88       x24:00000001 x30:00000003
  31486ns            3144 000004cc fbfc1ee3 bne              x24, x31, -68       x24:00000001 x31:00000001
  31496ns            3145 000004d0 00072403 lw               x8, 0(x14)           x8=00000015 x14:000052c0  PA:000052c0
  31506ns            3146 000004d4 fa9ff06f jal              x0, -88            
  31526ns            3148 0000047c 008ed663 bge              x29, x8, 12         x29:000000ff  x8:00000015
  31556ns            3151 00000488 001a8a93 addi             x21, x21, 1         x21=00000003 x21:00000002
  31566ns            3152 0000048c 008b4b33 xor              x22, x22, x8        x22=0000009d x22:00000088  x8:00000015
  31576ns            3153 00000490 004b8b93 addi             x23, x23, 4         x23=0000529c x23:00005298
  31586ns            3154 00000494 01070713 addi             x14, x14, 16        x14=000052d0 x14:000052c0
  31596ns            3155 00000498 02aa9463 bne              x21, x10, 40        x21:00000003 x10:00000004
  31626ns            3158 000004c0 000bac03 lw               x24, 0(x23)         x24=00000002 x23:0000529c  PA:0000529c
  31646ns            3160 000004c4 01cc0a63 beq              x24, x28, 20        x24:00000002 x28:00000002
  31676ns            3163 000004d8 00072403 lw               x8, 0(x14)           x8=000000eb x14:000052d0  PA:000052d0
  31696ns            3165 000004dc 00141413 slli             x8, x8, 0x1          x8=000001d6  x8:000000eb
  31706ns            3166 000004e0 f9dff06f jal              x0, -100           
  31726ns            3168 0000047c 008ed663 bge              x29, x8, 12         x29:000000ff  x8:000001d6
  31736ns            3169 00000480 0ff47413 andi             x8, x8, 255          x8=000000d6  x8:000001d6
  31746ns            3170 00000484 01b44413 xori             x8, x8, 27           x8=000000cd  x8:000000d6
  31756ns            3171 00000488 001a8a93 addi             x21, x21, 1         x21=00000004 x21:00000003
  31766ns            3172 0000048c 008b4b33 xor              x22, x22, x8        x22=00000050 x22:0000009d  x8:000000cd
  31776ns            3173 00000490 004b8b93 addi             x23, x23, 4         x23=000052a0 x23:0000529c
  31786ns            3174 00000494 01070713 addi             x14, x14, 16        x14=000052e0 x14:000052d0
  31796ns            3175 00000498 02aa9463 bne              x21, x10, 40        x21:00000004 x10:00000004
  31806ns            3176 0000049c 00f98733 add              x14, x19, x15       x14=00005210 x19:00005210 x15:00000000
  31816ns            3177 000004a0 01672023 sw               x22, 0(x14)         x22:00000050 x14:00005210  PA:00005210
  31826ns            3178 000004a4 00478793 addi             x15, x15, 4         x15=00000004 x15:00000000
  31836ns            3179 000004a8 02578e63 beq              x15, x5, 60         x15:00000004  x5:00000010
  31846ns            3180 000004ac 10010713 addi             x14, x2, 256        x14=000052a0  x2:000051a0
  31856ns            3181 000004b0 00e78733 add              x14, x15, x14       x14=000052a4 x15:00000004 x14:000052a0
  31866ns            3182 000004b4 000a0b93 addi             x23, x20, 0         x23=00005290 x20:00005290
  31876ns            3183 000004b8 00000b13 addi             x22, x0, 0          x22=00000000
  31886ns            3184 000004bc 00000a93 addi             x21, x0, 0          x21=00000000
  31896ns            3185 000004c0 000bac03 lw               x24, 0(x23)         x24=00000003 x23:00005290  PA:00005290
  31916ns            3187 000004c4 01cc0a63 beq              x24, x28, 20        x24:00000003 x28:00000002
  31926ns            3188 000004c8 fbec04e3 beq              x24, x30, -88       x24:00000003 x30:00000003
  31956ns            3191 00000470 00072403 lw               x8, 0(x14)           x8=000000d8 x14:000052a4  PA:000052a4
  31976ns            3193 00000474 00141c13 slli             x24, x8, 0x1        x24=000001b0  x8:000000d8
  31986ns            3194 00000478 008c4433 xor              x8, x24, x8          x8=00000168 x24:000001b0  x8:000000d8
  31996ns            3195 0000047c 008ed663 bge              x29, x8, 12         x29:000000ff  x8:00000168
  32006ns            3196 00000480 0ff47413 andi             x8, x8, 255          x8=00000068  x8:00000168
  32016ns            3197 00000484 01b44413 xori             x8, x8, 27           x8=00000073  x8:00000068
  32026ns            3198 00000488 001a8a93 addi             x21, x21, 1         x21=00000001 x21:00000000
  32036ns            3199 0000048c 008b4b33 xor              x22, x22, x8        x22=00000073 x22:00000000  x8:00000073
  32046ns            3200 00000490 004b8b93 addi             x23, x23, 4         x23=00005294 x23:00005290
  32056ns            3201 00000494 01070713 addi             x14, x14, 16        x14=000052b4 x14:000052a4
  32066ns            3202 00000498 02aa9463 bne              x21, x10, 40        x21:00000001 x10:00000004
