                Time          Cycles PC       Instr    Mnemonic
     96ns               5 00000180 00003197 auipc            x3, 0x3000           x3=00003180
    106ns               6 00000184 d7818193 addi             x3, x3, -648         x3=00002ef8  x3:00003180
    116ns               7 00000188 00005117 auipc            x2, 0x5000           x2=00005188
    126ns               8 0000018c df810113 addi             x2, x2, -520         x2=00004f80  x2:00005188
    136ns               9 00000190 00000517 auipc            x10, 0x0            x10=00000190
    146ns              10 00000194 e7050513 addi             x10, x10, -400      x10=00000000 x10:00000190
    156ns              11 00000198 30551073 csrrw            x0, x10, 0x305      x10:00000000
    166ns              12 0000019c 10000513 addi             x10, x0, 256        x10=00000100
    176ns              13 000001a0 7d151073 csrrw            x0, x10, 0x7d1      x10:00000100
    186ns              14 000001a4 04418513 addi             x10, x3, 68         x10=00002f3c  x3:00002ef8
    196ns              15 000001a8 07c18613 addi             x12, x3, 124        x12=00002f74  x3:00002ef8
    206ns              16 000001ac 40a60633 sub              x12, x12, x10       x12=00000038 x12:00002f74 x10:00002f3c
    216ns              17 000001b0 00000593 addi             x11, x0, 0          x11=00000000
    226ns              18 000001b4 45e000ef jal              x1, 1118             x1=000001b8
    246ns              20 00000612 00f00313 addi             x6, x0, 15           x6=0000000f
    256ns              21 00000614 00a00733 add              x14, x0, x10        x14=00002f3c x10:00002f3c
    266ns              22 00000616 02c37363 bgeu             x6, x12, 38          x6:0000000f x12:00000038
    276ns              23 0000061a 00f77793 andi             x15, x14, 15        x15=0000000c x14:00002f3c
    286ns              24 0000061e 06079f63 bne              x15, x0, 126        x15:0000000c
    316ns              27 0000069c 00279693 slli             x13, x15, 0x2       x13=00000030 x15:0000000c
    326ns              28 000006a0 00000297 auipc            x5, 0x0              x5=000006a0
    336ns              29 000006a4 005686b3 add              x13, x13, x5        x13=000006d0 x13:00000030  x5:000006a0
    346ns              30 000006a6 001002b3 add              x5, x0, x1           x5=000001b8  x1:000001b8
    356ns              31 000006a8 fa8680e7 jalr             x1, x13, -88         x1=000006ac x13:000006d0
    376ns              33 00000678 00b701a3 sb               x11, 3(x14)         x11:00000000 x14:00002f3c  PA:00002f3f
    386ns              34 0000067c 00b70123 sb               x11, 2(x14)         x11:00000000 x14:00002f3c  PA:00002f3e
    396ns              35 00000680 00b700a3 sb               x11, 1(x14)         x11:00000000 x14:00002f3c  PA:00002f3d
    406ns              36 00000684 00b70023 sb               x11, 0(x14)         x11:00000000 x14:00002f3c  PA:00002f3c
    416ns              37 00000688 00008067 jalr             x0, x1, 0            x1:000006ac
    436ns              39 000006ac 005000b3 add              x1, x0, x5           x1=000001b8  x5:000001b8
    446ns              40 000006ae ff078793 addi             x15, x15, -16       x15=fffffffc x15:0000000c
    456ns              41 000006b0 40f70733 sub              x14, x14, x15       x14=00002f40 x14:00002f3c x15:fffffffc
    466ns              42 000006b2 00f60633 add              x12, x12, x15       x12=00000034 x12:00000038 x15:fffffffc
    476ns              43 000006b4 f8c374e3 bgeu             x6, x12, -120        x6:0000000f x12:00000034
    486ns              44 000006b8 f69ff06f jal              x0, -152           
    506ns              46 00000620 06059563 bne              x11, x0, 106        x11:00000000
    516ns              47 00000622 ff067693 andi             x13, x12, -16       x13=00000030 x12:00000034
    526ns              48 00000626 00f67613 andi             x12, x12, 15        x12=00000004 x12:00000034
    536ns              49 00000628 00e686b3 add              x13, x13, x14       x13=00002f70 x13:00000030 x14:00002f40
    546ns              50 0000062a 00b72023 sw               x11, 0(x14)         x11:00000000 x14:00002f40  PA:00002f40
    556ns              51 0000062c 00b72223 sw               x11, 4(x14)         x11:00000000 x14:00002f40  PA:00002f44
    566ns              52 0000062e 00b72423 sw               x11, 8(x14)         x11:00000000 x14:00002f40  PA:00002f48
    576ns              53 00000630 00b72623 sw               x11, 12(x14)        x11:00000000 x14:00002f40  PA:00002f4c
    586ns              54 00000632 01070713 addi             x14, x14, 16        x14=00002f50 x14:00002f40
    596ns              55 00000634 fed76be3 bltu             x14, x13, -10       x14:00002f50 x13:00002f70
    626ns              58 0000062a 00b72023 sw               x11, 0(x14)         x11:00000000 x14:00002f50  PA:00002f50
    636ns              59 0000062c 00b72223 sw               x11, 4(x14)         x11:00000000 x14:00002f50  PA:00002f54
    646ns              60 0000062e 00b72423 sw               x11, 8(x14)         x11:00000000 x14:00002f50  PA:00002f58
    656ns              61 00000630 00b72623 sw               x11, 12(x14)        x11:00000000 x14:00002f50  PA:00002f5c
    666ns              62 00000632 01070713 addi             x14, x14, 16        x14=00002f60 x14:00002f50
    676ns              63 00000634 fed76be3 bltu             x14, x13, -10       x14:00002f60 x13:00002f70
    706ns              66 0000062a 00b72023 sw               x11, 0(x14)         x11:00000000 x14:00002f60  PA:00002f60
    716ns              67 0000062c 00b72223 sw               x11, 4(x14)         x11:00000000 x14:00002f60  PA:00002f64
    726ns              68 0000062e 00b72423 sw               x11, 8(x14)         x11:00000000 x14:00002f60  PA:00002f68
    736ns              69 00000630 00b72623 sw               x11, 12(x14)        x11:00000000 x14:00002f60  PA:00002f6c
    746ns              70 00000632 01070713 addi             x14, x14, 16        x14=00002f70 x14:00002f60
    756ns              71 00000634 fed76be3 bltu             x14, x13, -10       x14:00002f70 x13:00002f70
    766ns              72 00000638 00061263 bne              x12, x0, 4          x12:00000004
    796ns              75 0000063c 40c306b3 sub              x13, x6, x12        x13=0000000b  x6:0000000f x12:00000004
    806ns              76 00000640 00269693 slli             x13, x13, 0x2       x13=0000002c x13:0000000b
    816ns              77 00000642 00000297 auipc            x5, 0x0              x5=00000642
    826ns              78 00000646 005686b3 add              x13, x13, x5        x13=0000066e x13:0000002c  x5:00000642
    846ns              80 00000648 00a68067 jalr             x0, x13, 10         x13:0000066e
    866ns              82 00000678 00b701a3 sb               x11, 3(x14)         x11:00000000 x14:00002f70  PA:00002f73
    876ns              83 0000067c 00b70123 sb               x11, 2(x14)         x11:00000000 x14:00002f70  PA:00002f72
    886ns              84 00000680 00b700a3 sb               x11, 1(x14)         x11:00000000 x14:00002f70  PA:00002f71
    896ns              85 00000684 00b70023 sb               x11, 0(x14)         x11:00000000 x14:00002f70  PA:00002f70
    906ns              86 00000688 00008067 jalr             x0, x1, 0            x1:000001b8
    926ns              88 000001b8 00000517 auipc            x10, 0x0            x10=000001b8
    936ns              89 000001bc 3bc50513 addi             x10, x10, 956       x10=00000574 x10:000001b8
    946ns              90 000001c0 390000ef jal              x1, 912              x1=000001c4
    966ns              92 00000550 00a005b3 add              x11, x0, x10        x11=00000574 x10:00000574
    976ns              93 00000552 00000693 addi             x13, x0, 0          x13=00000000
    986ns              94 00000554 00000613 addi             x12, x0, 0          x12=00000000
    996ns              95 00000556 00000513 addi             x10, x0, 0          x10=00000000
   1006ns              96 00000558 2fe0006f jal              x0, 766            
   1036ns              99 00000856 0301a703 lw               x14, 48(x3)         x14=000026f8  x3:00002ef8  PA:00002f28
   1056ns             101 0000085a 14872783 lw               x15, 328(x14)       x15=00000000 x14:000026f8  PA:00002840
   1076ns             103 0000085e 04078063 beq              x15, x0, 64         x15:00000000
   1116ns             107 0000089e 14c70793 addi             x15, x14, 332       x15=00002844 x14:000026f8
   1126ns             108 000008a2 14f72423 sw               x15, 328(x14)       x15:00002844 x14:000026f8  PA:00002840
   1136ns             109 000008a6 fbbff06f jal              x0, -70            
   1156ns             111 00000860 0047a703 lw               x14, 4(x15)         x14=00000000 x15:00002844  PA:00002848
   1166ns             112 00000862 01f00813 addi             x16, x0, 31         x16=0000001f
   1176ns             113 00000864 04e84d63 blt              x16, x14, 90        x16:0000001f x14:00000000
   1186ns             114 00000868 00271813 slli             x16, x14, 0x2       x16=00000000 x14:00000000
   1196ns             115 0000086c 02050363 beq              x10, x0, 38         x10:00000000
   1226ns             118 00000892 00170713 addi             x14, x14, 1         x14=00000001 x14:00000000
   1236ns             119 00000894 00e7a223 sw               x14, 4(x15)         x14:00000001 x15:00002844  PA:00002848
   1246ns             120 00000896 010787b3 add              x15, x15, x16       x15=00002844 x15:00002844 x16:00000000
   1256ns             121 00000898 00b7a423 sw               x11, 8(x15)         x11:00000574 x15:00002844  PA:0000284c
   1266ns             122 0000089a 00000513 addi             x10, x0, 0          x10=00000000
   1276ns             123 0000089c 00008067 jalr             x0, x1, 0            x1:000001c4
   1296ns             125 000001c4 3e4000ef jal              x1, 996              x1=000001c8
   1316ns             127 000005a8 ff010113 addi             x2, x2, -16          x2=00004f70  x2:00004f80
   1326ns             128 000005aa 00812423 sw               x8, 8(x2)            x8:00000000  x2:00004f70  PA:00004f78
   1336ns             129 000005ac 01212023 sw               x18, 0(x2)          x18:00000000  x2:00004f70  PA:00004f70
   1346ns             130 000005ae 00002437 lui              x8, 0x2000           x8=00002000
   1356ns             131 000005b0 00002937 lui              x18, 0x2000         x18=00002000
   1366ns             132 000005b2 6ee40793 addi             x15, x8, 1774       x15=000026ee  x8:00002000
   1376ns             133 000005b6 6ee90913 addi             x18, x18, 1774      x18=000026ee x18:00002000
   1386ns             134 000005ba 40f90933 sub              x18, x18, x15       x18=00000000 x18:000026ee x15:000026ee
   1396ns             135 000005be 00112623 sw               x1, 12(x2)           x1:000001c8  x2:00004f70  PA:00004f7c
   1406ns             136 000005c0 00912223 sw               x9, 4(x2)            x9:00000000  x2:00004f70  PA:00004f74
   1416ns             137 000005c2 40295913 srai             x18, x18, 0x402     x18=00000000 x18:00000000
   1426ns             138 000005c6 00090b63 beq              x18, x0, 22         x18:00000000
   1456ns             141 000005dc 00002437 lui              x8, 0x2000           x8=00002000
   1466ns             142 000005de 00002937 lui              x18, 0x2000         x18=00002000
   1476ns             143 000005e0 6f040793 addi             x15, x8, 1776       x15=000026f0  x8:00002000
   1486ns             144 000005e4 6f490913 addi             x18, x18, 1780      x18=000026f4 x18:00002000
   1496ns             145 000005e8 40f90933 sub              x18, x18, x15       x18=00000004 x18:000026f4 x15:000026f0
   1506ns             146 000005ec 40295913 srai             x18, x18, 0x402     x18=00000001 x18:00000004
   1516ns             147 000005f0 00090b63 beq              x18, x0, 22         x18:00000001
   1526ns             148 000005f4 6f040413 addi             x8, x8, 1776         x8=000026f0  x8:00002000
   1536ns             149 000005f8 00000493 addi             x9, x0, 0            x9=00000000
   1546ns             150 000005fa 00042783 lw               x15, 0(x8)          x15=00000270  x8:000026f0  PA:000026f0
   1556ns             151 000005fc 00148493 addi             x9, x9, 1            x9=00000001  x9:00000000
   1566ns             152 000005fe 00440413 addi             x8, x8, 4            x8=000026f4  x8:000026f0
   1576ns             153 00000600 000780e7 jalr             x1, x15, 0           x1=00000602 x15:00000270
   1596ns             155 00000270 00000793 addi             x15, x0, 0          x15=00000000
   1606ns             156 00000274 00078463 beq              x15, x0, 8          x15:00000000
   1636ns             159 0000027c 00008067 jalr             x0, x1, 0            x1:00000602
   1666ns             162 00000602 fe991ce3 bne              x18, x9, -8         x18:00000001  x9:00000001
   1676ns             163 00000606 00c12083 lw               x1, 12(x2)           x1=000001c8  x2:00004f70  PA:00004f7c
   1686ns             164 00000608 00812403 lw               x8, 8(x2)            x8=00000000  x2:00004f70  PA:00004f78
   1696ns             165 0000060a 00412483 lw               x9, 4(x2)            x9=00000000  x2:00004f70  PA:00004f74
   1706ns             166 0000060c 00012903 lw               x18, 0(x2)          x18=00000000  x2:00004f70  PA:00004f70
   1716ns             167 0000060e 01010113 addi             x2, x2, 16           x2=00004f80  x2:00004f70
   1726ns             168 00000610 00008067 jalr             x0, x1, 0            x1:000001c8
   1746ns             170 000001c8 00012503 lw               x10, 0(x2)          x10=xxxxxxxx  x2:00004f80  PA:00004f80
   1756ns             171 000001cc 00410593 addi             x11, x2, 4          x11=00004f84  x2:00004f80
   1766ns             172 000001d0 00000613 addi             x12, x0, 0          x12=00000000
   1776ns             173 000001d4 00c000ef jal              x1, 12               x1=000001d8
   1796ns             175 000001e0 00003737 lui              x14, 0x3000         x14=00003000
   1806ns             176 000001e4 000307b7 lui              x15, 0x30000        x15=00030000
   1816ns             177 000001e8 49b70713 addi             x14, x14, 1179      x14=0000349b x14:00003000
   1826ns             178 000001ec 00e7a223 sw               x14, 4(x15)         x14:0000349b x15:00030000  PA:00030004
   1836ns             179 000001f0 00007737 lui              x14, 0x7000         x14=00007000
   1846ns             180 000001f4 93670713 addi             x14, x14, -1738     x14=00006936 x14:00007000
   1856ns             181 000001f8 00e7a423 sw               x14, 8(x15)         x14:00006936 x15:00030000  PA:00030008
   1866ns             182 000001fc 0000a737 lui              x14, 0xa000         x14=0000a000
   1876ns             183 00000200 dd170713 addi             x14, x14, -559      x14=00009dd1 x14:0000a000
   1886ns             184 00000204 00e7a623 sw               x14, 12(x15)        x14:00009dd1 x15:00030000  PA:0003000c
   1896ns             185 00000208 0000d737 lui              x14, 0xd000         x14=0000d000
   1906ns             186 0000020c 26c70713 addi             x14, x14, 620       x14=0000d26c x14:0000d000
   1916ns             187 00000210 00e7a823 sw               x14, 16(x15)        x14:0000d26c x15:00030000  PA:00030010
   1926ns             188 00000214 00010737 lui              x14, 0x10000        x14=00010000
   1936ns             189 00000218 70770713 addi             x14, x14, 1799      x14=00010707 x14:00010000
   1946ns             190 0000021c 00e7aa23 sw               x14, 20(x15)        x14:00010707 x15:00030000  PA:00030014
   1956ns             191 00000220 00014737 lui              x14, 0x14000        x14=00014000
   1966ns             192 00000224 ba270713 addi             x14, x14, -1118     x14=00013ba2 x14:00014000
   1976ns             193 00000228 00e7ac23 sw               x14, 24(x15)        x14:00013ba2 x15:00030000  PA:00030018
   1986ns             194 0000022c 00017737 lui              x14, 0x17000        x14=00017000
   1996ns             195 00000230 03d70713 addi             x14, x14, 61        x14=0001703d x14:00017000
   2006ns             196 00000234 00e7ae23 sw               x14, 28(x15)        x14:0001703d x15:00030000  PA:0003001c
   2016ns             197 00000238 0001a737 lui              x14, 0x1a000        x14=0001a000
   2026ns             198 0000023c 4d870713 addi             x14, x14, 1240      x14=0001a4d8 x14:0001a000
   2036ns             199 00000240 02e7a023 sw               x14, 32(x15)        x14:0001a4d8 x15:00030000  PA:00030020
   2046ns             200 00000244 0001e737 lui              x14, 0x1e000        x14=0001e000
   2056ns             201 00000248 97370713 addi             x14, x14, -1677     x14=0001d973 x14:0001e000
   2066ns             202 0000024c 02e7a223 sw               x14, 36(x15)        x14:0001d973 x15:00030000  PA:00030024
   2076ns             203 00000250 00030737 lui              x14, 0x30000        x14=00030000
   2086ns             204 00000254 0007a023 sw               x0, 0(x15)          x15:00030000  PA:00030000
   2096ns             205 00000258 0007e69b lw_max           N10 x13 0(x15)      x13=0001d973 x15:00030000  PA:00030000
   2436ns             239 0000025c 0ed7a823 sw               x13, 240(x15)       x13:0001d973 x15:00030000  PA:000300f0
   2446ns             240 00000260 0007d59b lw_min           N10 x11 0(x15)      x11=00000000 x15:00030000  PA:00030000
   2786ns             274 00000264 0eb7aa23 sw               x11, 244(x15)       x11:00000000 x15:00030000  PA:000300f4
   2796ns             275 00000268 00000513 addi             x10, x0, 0          x10=00000000
   2806ns             276 0000026c 00008067 jalr             x0, x1, 0            x1:000001d8
   2826ns             278 000001d8 3820006f jal              x0, 898            
   2846ns             280 0000055a ff010113 addi             x2, x2, -16          x2=00004f70  x2:00004f80
   2856ns             281 0000055c 00000593 addi             x11, x0, 0          x11=00000000
   2866ns             282 0000055e 00812423 sw               x8, 8(x2)            x8:00000000  x2:00004f70  PA:00004f78
   2876ns             283 00000560 00112623 sw               x1, 12(x2)           x1:000001d8  x2:00004f70  PA:00004f7c
   2886ns             284 00000562 00a00433 add              x8, x0, x10          x8=00000000 x10:00000000
   2896ns             285 00000564 35e000ef jal              x1, 862              x1=00000566
   2916ns             287 000008c2 fd010113 addi             x2, x2, -48          x2=00004f40  x2:00004f70
   2926ns             288 000008c4 01412c23 sw               x20, 24(x2)         x20:00000000  x2:00004f40  PA:00004f58
   2936ns             289 000008c6 0301aa03 lw               x20, 48(x3)         x20=000026f8  x3:00002ef8  PA:00002f28
   2946ns             290 000008ca 03212023 sw               x18, 32(x2)         x18:00000000  x2:00004f40  PA:00004f60
   2956ns             291 000008cc 02112623 sw               x1, 44(x2)           x1:00000566  x2:00004f40  PA:00004f6c
   2966ns             292 000008ce 148a2903 lw               x18, 328(x20)       x18=00002844 x20:000026f8  PA:00002840
   2976ns             293 000008d2 02812423 sw               x8, 40(x2)           x8:00000000  x2:00004f40  PA:00004f68
   2986ns             294 000008d4 02912223 sw               x9, 36(x2)           x9:00000000  x2:00004f40  PA:00004f64
   2996ns             295 000008d6 01312e23 sw               x19, 28(x2)         x19:00000000  x2:00004f40  PA:00004f5c
   3006ns             296 000008d8 01512a23 sw               x21, 20(x2)         x21:00000000  x2:00004f40  PA:00004f54
   3016ns             297 000008da 01612823 sw               x22, 16(x2)         x22:00000000  x2:00004f40  PA:00004f50
   3026ns             298 000008dc 01712623 sw               x23, 12(x2)         x23:00000000  x2:00004f40  PA:00004f4c
   3036ns             299 000008de 01812423 sw               x24, 8(x2)          x24:00000000  x2:00004f40  PA:00004f48
   3046ns             300 000008e0 02090863 beq              x18, x0, 48         x18:00002844
   3056ns             301 000008e4 00a00b33 add              x22, x0, x10        x22=00000000 x10:00000000
   3066ns             302 000008e6 00b00bb3 add              x23, x0, x11        x23=00000000 x11:00000000
   3076ns             303 000008e8 00100a93 addi             x21, x0, 1          x21=00000001
   3086ns             304 000008ea fff00993 addi             x19, x0, -1         x19=ffffffff
   3096ns             305 000008ec 00492483 lw               x9, 4(x18)           x9=00000001 x18:00002844  PA:00002848
   3116ns             307 000008f0 fff48413 addi             x8, x9, -1           x8=00000000  x9:00000001
   3126ns             308 000008f4 00044e63 blt              x8, x0, 28           x8:00000000
   3136ns             309 000008f8 00249493 slli             x9, x9, 0x2          x9=00000004  x9:00000001
   3146ns             310 000008fa 012484b3 add              x9, x9, x18          x9=00002848  x9:00000004 x18:00002844
   3156ns             311 000008fc 020b8663 beq              x23, x0, 44         x23:00000000
   3186ns             314 00000928 00492783 lw               x15, 4(x18)         x15=00000001 x18:00002844  PA:00002848
   3196ns             315 0000092c 0044a683 lw               x13, 4(x9)          x13=00000574  x9:00002848  PA:0000284c
   3206ns             316 0000092e fff78793 addi             x15, x15, -1        x15=00000000 x15:00000001
   3216ns             317 00000930 04878263 beq              x15, x8, 68         x15:00000000  x8:00000000
   3246ns             320 00000974 00892223 sw               x8, 4(x18)           x8:00000000 x18:00002844  PA:00002848
   3256ns             321 00000978 fc1ff06f jal              x0, -64            
   3276ns             323 00000938 fc0688e3 beq              x13, x0, -48        x13:00000574
   3286ns             324 0000093a 18892783 lw               x15, 392(x18)       x15=00000000 x18:00002844  PA:000029cc
   3296ns             325 0000093e 008a9733 sll              x14, x21, x8        x14=00000001 x21:00000001  x8:00000000
   3306ns             326 00000942 00492c03 lw               x24, 4(x18)         x24=00000000 x18:00002844  PA:00002848
   3316ns             327 00000946 00e7f7b3 and              x15, x15, x14       x15=00000000 x15:00000000 x14:00000001
   3326ns             328 00000948 00079d63 bne              x15, x0, 26         x15:00000000
   3336ns             329 0000094a 000680e7 jalr             x1, x13, 0           x1=0000094c x13:00000574
   3356ns             331 00000574 ff010113 addi             x2, x2, -16          x2=00004f30  x2:00004f40
   3366ns             332 00000576 00812423 sw               x8, 8(x2)            x8:00000000  x2:00004f30  PA:00004f38
   3376ns             333 00000578 000027b7 lui              x15, 0x2000         x15=00002000
   3386ns             334 0000057a 00002437 lui              x8, 0x2000           x8=00002000
   3396ns             335 0000057c 6f440413 addi             x8, x8, 1780         x8=000026f4  x8:00002000
   3406ns             336 00000580 6f478793 addi             x15, x15, 1780      x15=000026f4 x15:00002000
   3416ns             337 00000584 408787b3 sub              x15, x15, x8        x15=00000000 x15:000026f4  x8:000026f4
   3426ns             338 00000586 00912223 sw               x9, 4(x2)            x9:00002848  x2:00004f30  PA:00004f34
   3436ns             339 00000588 00112623 sw               x1, 12(x2)           x1:0000094c  x2:00004f30  PA:00004f3c
   3446ns             340 0000058a 4027d493 srai             x9, x15, 0x402       x9=00000000 x15:00000000
   3456ns             341 0000058e 00048863 beq              x9, x0, 16           x9:00000000
   3486ns             344 0000059e 00c12083 lw               x1, 12(x2)           x1=0000094c  x2:00004f30  PA:00004f3c
   3496ns             345 000005a0 00812403 lw               x8, 8(x2)            x8=00000000  x2:00004f30  PA:00004f38
   3506ns             346 000005a2 00412483 lw               x9, 4(x2)            x9=00002848  x2:00004f30  PA:00004f34
   3516ns             347 000005a4 01010113 addi             x2, x2, 16           x2=00004f40  x2:00004f30
   3526ns             348 000005a6 00008067 jalr             x0, x1, 0            x1:0000094c
   3546ns             350 0000094c 00492703 lw               x14, 4(x18)         x14=00000000 x18:00002844  PA:00002848
   3556ns             351 00000950 148a2783 lw               x15, 328(x20)       x15=00002844 x20:000026f8  PA:00002840
   3566ns             352 00000954 01871463 bne              x14, x24, 8         x14:00000000 x24:00000000
   3576ns             353 00000958 faf908e3 beq              x18, x15, -80       x18:00002844 x15:00002844
   3606ns             356 00000908 fff40413 addi             x8, x8, -1           x8=ffffffff  x8:00000000
   3616ns             357 0000090a ffc48493 addi             x9, x9, -4           x9=00002844  x9:00002848
   3626ns             358 0000090c ff3418e3 bne              x8, x19, -16         x8:ffffffff x19:ffffffff
   3636ns             359 00000910 02c12083 lw               x1, 44(x2)           x1=00000566  x2:00004f40  PA:00004f6c
   3646ns             360 00000912 02812403 lw               x8, 40(x2)           x8=00000000  x2:00004f40  PA:00004f68
   3656ns             361 00000914 02412483 lw               x9, 36(x2)           x9=00000000  x2:00004f40  PA:00004f64
   3666ns             362 00000916 02012903 lw               x18, 32(x2)         x18=00000000  x2:00004f40  PA:00004f60
   3676ns             363 00000918 01c12983 lw               x19, 28(x2)         x19=00000000  x2:00004f40  PA:00004f5c
   3686ns             364 0000091a 01812a03 lw               x20, 24(x2)         x20=00000000  x2:00004f40  PA:00004f58
   3696ns             365 0000091c 01412a83 lw               x21, 20(x2)         x21=00000000  x2:00004f40  PA:00004f54
   3706ns             366 0000091e 01012b03 lw               x22, 16(x2)         x22=00000000  x2:00004f40  PA:00004f50
   3716ns             367 00000920 00c12b83 lw               x23, 12(x2)         x23=00000000  x2:00004f40  PA:00004f4c
   3726ns             368 00000922 00812c03 lw               x24, 8(x2)          x24=00000000  x2:00004f40  PA:00004f48
   3736ns             369 00000924 03010113 addi             x2, x2, 48           x2=00004f70  x2:00004f40
   3746ns             370 00000926 00008067 jalr             x0, x1, 0            x1:00000566
   3776ns             373 00000566 0301a503 lw               x10, 48(x3)         x10=000026f8  x3:00002ef8  PA:00002f28
   3796ns             375 0000056a 03c52783 lw               x15, 60(x10)        x15=00000000 x10:000026f8  PA:00002734
   3816ns             377 0000056c 00078263 beq              x15, x0, 4          x15:00000000
   3846ns             380 00000570 00800533 add              x10, x0, x8         x10=00000000  x8:00000000
   3856ns             381 00000572 d9bff0ef jal              x1, -614             x1=00000574
   3876ns             383 0000030c 200007b7 lui              x15, 0x20000000     x15=20000000
