                Time          Cycles PC       Instr    Mnemonic
     96ns               5 00000180 00004197 auipc            x3, 0x4000           x3=00004180
    106ns               6 00000184 e5018193 addi             x3, x3, -432         x3=00003fd0  x3:00004180
    116ns               7 00000188 00006117 auipc            x2, 0x6000           x2=00006188
    126ns               8 0000018c ec810113 addi             x2, x2, -312         x2=00006050  x2:00006188
    136ns               9 00000190 00000517 auipc            x10, 0x0            x10=00000190
    146ns              10 00000194 e7050513 addi             x10, x10, -400      x10=00000000 x10:00000190
    156ns              11 00000198 30551073 csrrw            x0, x10, 0x305      x10:00000000
    166ns              12 0000019c 10000513 addi             x10, x0, 256        x10=00000100
    176ns              13 000001a0 7d151073 csrrw            x0, x10, 0x7d1      x10:00000100
    186ns              14 000001a4 04418513 addi             x10, x3, 68         x10=00004014  x3:00003fd0
    196ns              15 000001a8 07c18613 addi             x12, x3, 124        x12=0000404c  x3:00003fd0
    206ns              16 000001ac 40a60633 sub              x12, x12, x10       x12=00000038 x12:0000404c x10:00004014
    216ns              17 000001b0 00000593 addi             x11, x0, 0          x11=00000000
    226ns              18 000001b4 500000ef jal              x1, 1280             x1=000001b8
    246ns              20 000006b4 00f00313 addi             x6, x0, 15           x6=0000000f
    256ns              21 000006b8 00050713 addi             x14, x10, 0         x14=00004014 x10:00004014
    266ns              22 000006bc 02c37e63 bgeu             x6, x12, 60          x6:0000000f x12:00000038
    276ns              23 000006c0 00f77793 andi             x15, x14, 15        x15=00000004 x14:00004014
    286ns              24 000006c4 0a079063 bne              x15, x0, 160        x15:00000004
    316ns              27 00000764 00279693 slli             x13, x15, 0x2       x13=00000010 x15:00000004
    326ns              28 00000768 00000297 auipc            x5, 0x0              x5=00000768
    336ns              29 0000076c 005686b3 add              x13, x13, x5        x13=00000778 x13:00000010  x5:00000768
    346ns              30 00000770 00008293 addi             x5, x1, 0            x5=000001b8  x1:000001b8
    356ns              31 00000774 fa0680e7 jalr             x1, x13, -96         x1=00000778 x13:00000778
    376ns              33 00000718 00b705a3 sb               x11, 11(x14)        x11:00000000 x14:00004014  PA:0000401f
    386ns              34 0000071c 00b70523 sb               x11, 10(x14)        x11:00000000 x14:00004014  PA:0000401e
    396ns              35 00000720 00b704a3 sb               x11, 9(x14)         x11:00000000 x14:00004014  PA:0000401d
    406ns              36 00000724 00b70423 sb               x11, 8(x14)         x11:00000000 x14:00004014  PA:0000401c
    416ns              37 00000728 00b703a3 sb               x11, 7(x14)         x11:00000000 x14:00004014  PA:0000401b
    426ns              38 0000072c 00b70323 sb               x11, 6(x14)         x11:00000000 x14:00004014  PA:0000401a
    436ns              39 00000730 00b702a3 sb               x11, 5(x14)         x11:00000000 x14:00004014  PA:00004019
    446ns              40 00000734 00b70223 sb               x11, 4(x14)         x11:00000000 x14:00004014  PA:00004018
    456ns              41 00000738 00b701a3 sb               x11, 3(x14)         x11:00000000 x14:00004014  PA:00004017
    466ns              42 0000073c 00b70123 sb               x11, 2(x14)         x11:00000000 x14:00004014  PA:00004016
    476ns              43 00000740 00b700a3 sb               x11, 1(x14)         x11:00000000 x14:00004014  PA:00004015
    486ns              44 00000744 00b70023 sb               x11, 0(x14)         x11:00000000 x14:00004014  PA:00004014
    496ns              45 00000748 00008067 jalr             x0, x1, 0            x1:00000778
    516ns              47 00000778 00028093 addi             x1, x5, 0            x1=000001b8  x5:000001b8
    526ns              48 0000077c ff078793 addi             x15, x15, -16       x15=fffffff4 x15:00000004
    536ns              49 00000780 40f70733 sub              x14, x14, x15       x14=00004020 x14:00004014 x15:fffffff4
    546ns              50 00000784 00f60633 add              x12, x12, x15       x12=0000002c x12:00000038 x15:fffffff4
    556ns              51 00000788 f6c378e3 bgeu             x6, x12, -144        x6:0000000f x12:0000002c
    566ns              52 0000078c f3dff06f jal              x0, -196           
    586ns              54 000006c8 08059263 bne              x11, x0, 132        x11:00000000
    596ns              55 000006cc ff067693 andi             x13, x12, -16       x13=00000020 x12:0000002c
    606ns              56 000006d0 00f67613 andi             x12, x12, 15        x12=0000000c x12:0000002c
    616ns              57 000006d4 00e686b3 add              x13, x13, x14       x13=00004040 x13:00000020 x14:00004020
    626ns              58 000006d8 00b72023 sw               x11, 0(x14)         x11:00000000 x14:00004020  PA:00004020
    636ns              59 000006dc 00b72223 sw               x11, 4(x14)         x11:00000000 x14:00004020  PA:00004024
    646ns              60 000006e0 00b72423 sw               x11, 8(x14)         x11:00000000 x14:00004020  PA:00004028
    656ns              61 000006e4 00b72623 sw               x11, 12(x14)        x11:00000000 x14:00004020  PA:0000402c
    666ns              62 000006e8 01070713 addi             x14, x14, 16        x14=00004030 x14:00004020
    676ns              63 000006ec fed766e3 bltu             x14, x13, -20       x14:00004030 x13:00004040
    706ns              66 000006d8 00b72023 sw               x11, 0(x14)         x11:00000000 x14:00004030  PA:00004030
    716ns              67 000006dc 00b72223 sw               x11, 4(x14)         x11:00000000 x14:00004030  PA:00004034
    726ns              68 000006e0 00b72423 sw               x11, 8(x14)         x11:00000000 x14:00004030  PA:00004038
    736ns              69 000006e4 00b72623 sw               x11, 12(x14)        x11:00000000 x14:00004030  PA:0000403c
    746ns              70 000006e8 01070713 addi             x14, x14, 16        x14=00004040 x14:00004030
    756ns              71 000006ec fed766e3 bltu             x14, x13, -20       x14:00004040 x13:00004040
    766ns              72 000006f0 00061463 bne              x12, x0, 8          x12:0000000c
    796ns              75 000006f8 40c306b3 sub              x13, x6, x12        x13=00000003  x6:0000000f x12:0000000c
    806ns              76 000006fc 00269693 slli             x13, x13, 0x2       x13=0000000c x13:00000003
    816ns              77 00000700 00000297 auipc            x5, 0x0              x5=00000700
    826ns              78 00000704 005686b3 add              x13, x13, x5        x13=0000070c x13:0000000c  x5:00000700
    846ns              80 00000708 00c68067 jalr             x0, x13, 12         x13:0000070c
    866ns              82 00000718 00b705a3 sb               x11, 11(x14)        x11:00000000 x14:00004040  PA:0000404b
    876ns              83 0000071c 00b70523 sb               x11, 10(x14)        x11:00000000 x14:00004040  PA:0000404a
    886ns              84 00000720 00b704a3 sb               x11, 9(x14)         x11:00000000 x14:00004040  PA:00004049
    896ns              85 00000724 00b70423 sb               x11, 8(x14)         x11:00000000 x14:00004040  PA:00004048
    906ns              86 00000728 00b703a3 sb               x11, 7(x14)         x11:00000000 x14:00004040  PA:00004047
    916ns              87 0000072c 00b70323 sb               x11, 6(x14)         x11:00000000 x14:00004040  PA:00004046
    926ns              88 00000730 00b702a3 sb               x11, 5(x14)         x11:00000000 x14:00004040  PA:00004045
    936ns              89 00000734 00b70223 sb               x11, 4(x14)         x11:00000000 x14:00004040  PA:00004044
    946ns              90 00000738 00b701a3 sb               x11, 3(x14)         x11:00000000 x14:00004040  PA:00004043
    956ns              91 0000073c 00b70123 sb               x11, 2(x14)         x11:00000000 x14:00004040  PA:00004042
    966ns              92 00000740 00b700a3 sb               x11, 1(x14)         x11:00000000 x14:00004040  PA:00004041
    976ns              93 00000744 00b70023 sb               x11, 0(x14)         x11:00000000 x14:00004040  PA:00004040
    986ns              94 00000748 00008067 jalr             x0, x1, 0            x1:000001b8
   1006ns              96 000001b8 00000517 auipc            x10, 0x0            x10=000001b8
   1016ns              97 000001bc 40450513 addi             x10, x10, 1028      x10=000005bc x10:000001b8
   1026ns              98 000001c0 3b8000ef jal              x1, 952              x1=000001c4
   1046ns             100 00000578 00050593 addi             x11, x10, 0         x11=000005bc x10:000005bc
   1056ns             101 0000057c 00000693 addi             x13, x0, 0          x13=00000000
   1066ns             102 00000580 00000613 addi             x12, x0, 0          x12=00000000
   1076ns             103 00000584 00000513 addi             x10, x0, 0          x10=00000000
   1086ns             104 00000588 51c0006f jal              x0, 1308           
   1106ns             106 00000aa4 0301a703 lw               x14, 48(x3)         x14=000037d0  x3:00003fd0  PA:00004000
   1126ns             108 00000aa8 14872783 lw               x15, 328(x14)       x15=00000000 x14:000037d0  PA:00003918
   1146ns             110 00000aac 04078c63 beq              x15, x0, 88         x15:00000000
   1176ns             113 00000b04 14c70793 addi             x15, x14, 332       x15=0000391c x14:000037d0
   1186ns             114 00000b08 14f72423 sw               x15, 328(x14)       x15:0000391c x14:000037d0  PA:00003918
   1196ns             115 00000b0c fa5ff06f jal              x0, -92            
