                Time          Cycles PC       Instr    Mnemonic
     96ns               6 00000180 00003197 auipc            x3, 0x3000           x3=00003180
    106ns               7 00000184 df018193 addi             x3, x3, -528         x3=00002f70  x3:00003180
    116ns               8 00000188 00005117 auipc            x2, 0x5000           x2=00005188
    126ns               9 0000018c e6810113 addi             x2, x2, -408         x2=00004ff0  x2:00005188
    136ns              10 00000190 00000517 auipc            x10, 0x0            x10=00000190
    146ns              11 00000194 e7050513 addi             x10, x10, -400      x10=00000000 x10:00000190
    156ns              12 00000198 30551073 csrrw            x0, x10, 0x305      x10:00000000
    166ns              13 0000019c 10000513 addi             x10, x0, 256        x10=00000100
    176ns              14 000001a0 7d151073 csrrw            x0, x10, 0x7d1      x10:00000100
    186ns              15 000001a4 04418513 addi             x10, x3, 68         x10=00002fb4  x3:00002f70
    196ns              16 000001a8 07c18613 addi             x12, x3, 124        x12=00002fec  x3:00002f70
    206ns              17 000001ac 40a60633 sub              x12, x12, x10       x12=00000038 x12:00002fec x10:00002fb4
    216ns              18 000001b0 00000593 addi             x11, x0, 0          x11=00000000
    226ns              19 000001b4 51a000ef jal              x1, 1306             x1=000001b8
    246ns              21 000006ce 00f00313 addi             x6, x0, 15           x6=0000000f
    256ns              22 000006d0 00a00733 add              x14, x0, x10        x14=00002fb4 x10:00002fb4
    266ns              23 000006d2 02c37363 bgeu             x6, x12, 38          x6:0000000f x12:00000038
    276ns              24 000006d6 00f77793 andi             x15, x14, 15        x15=00000004 x14:00002fb4
    286ns              25 000006da 06079f63 bne              x15, x0, 126        x15:00000004
    316ns              28 00000758 00279693 slli             x13, x15, 0x2       x13=00000010 x15:00000004
    326ns              29 0000075c 00000297 auipc            x5, 0x0              x5=0000075c
    336ns              30 00000760 005686b3 add              x13, x13, x5        x13=0000076c x13:00000010  x5:0000075c
    346ns              31 00000762 001002b3 add              x5, x0, x1           x5=000001b8  x1:000001b8
    356ns              32 00000764 fa8680e7 jalr             x1, x13, -88         x1=00000768 x13:0000076c
    376ns              34 00000714 00b705a3 sb               x11, 11(x14)        x11:00000000 x14:00002fb4  PA:00002fbf
    386ns              35 00000718 00b70523 sb               x11, 10(x14)        x11:00000000 x14:00002fb4  PA:00002fbe
    396ns              36 0000071c 00b704a3 sb               x11, 9(x14)         x11:00000000 x14:00002fb4  PA:00002fbd
    406ns              37 00000720 00b70423 sb               x11, 8(x14)         x11:00000000 x14:00002fb4  PA:00002fbc
    416ns              38 00000724 00b703a3 sb               x11, 7(x14)         x11:00000000 x14:00002fb4  PA:00002fbb
    426ns              39 00000728 00b70323 sb               x11, 6(x14)         x11:00000000 x14:00002fb4  PA:00002fba
    436ns              40 0000072c 00b702a3 sb               x11, 5(x14)         x11:00000000 x14:00002fb4  PA:00002fb9
    446ns              41 00000730 00b70223 sb               x11, 4(x14)         x11:00000000 x14:00002fb4  PA:00002fb8
    456ns              42 00000734 00b701a3 sb               x11, 3(x14)         x11:00000000 x14:00002fb4  PA:00002fb7
    466ns              43 00000738 00b70123 sb               x11, 2(x14)         x11:00000000 x14:00002fb4  PA:00002fb6
    476ns              44 0000073c 00b700a3 sb               x11, 1(x14)         x11:00000000 x14:00002fb4  PA:00002fb5
    486ns              45 00000740 00b70023 sb               x11, 0(x14)         x11:00000000 x14:00002fb4  PA:00002fb4
    496ns              46 00000744 00008067 jalr             x0, x1, 0            x1:00000768
    516ns              48 00000768 005000b3 add              x1, x0, x5           x1=000001b8  x5:000001b8
    526ns              49 0000076a ff078793 addi             x15, x15, -16       x15=fffffff4 x15:00000004
    536ns              50 0000076c 40f70733 sub              x14, x14, x15       x14=00002fc0 x14:00002fb4 x15:fffffff4
    546ns              51 0000076e 00f60633 add              x12, x12, x15       x12=0000002c x12:00000038 x15:fffffff4
    556ns              52 00000770 f8c374e3 bgeu             x6, x12, -120        x6:0000000f x12:0000002c
    566ns              53 00000774 f69ff06f jal              x0, -152           
    586ns              55 000006dc 06059563 bne              x11, x0, 106        x11:00000000
    596ns              56 000006de ff067693 andi             x13, x12, -16       x13=00000020 x12:0000002c
    606ns              57 000006e2 00f67613 andi             x12, x12, 15        x12=0000000c x12:0000002c
    616ns              58 000006e4 00e686b3 add              x13, x13, x14       x13=00002fe0 x13:00000020 x14:00002fc0
    626ns              59 000006e6 00b72023 sw               x11, 0(x14)         x11:00000000 x14:00002fc0  PA:00002fc0
    636ns              60 000006e8 00b72223 sw               x11, 4(x14)         x11:00000000 x14:00002fc0  PA:00002fc4
    646ns              61 000006ea 00b72423 sw               x11, 8(x14)         x11:00000000 x14:00002fc0  PA:00002fc8
    656ns              62 000006ec 00b72623 sw               x11, 12(x14)        x11:00000000 x14:00002fc0  PA:00002fcc
    666ns              63 000006ee 01070713 addi             x14, x14, 16        x14=00002fd0 x14:00002fc0
    676ns              64 000006f0 fed76be3 bltu             x14, x13, -10       x14:00002fd0 x13:00002fe0
    706ns              67 000006e6 00b72023 sw               x11, 0(x14)         x11:00000000 x14:00002fd0  PA:00002fd0
    716ns              68 000006e8 00b72223 sw               x11, 4(x14)         x11:00000000 x14:00002fd0  PA:00002fd4
    726ns              69 000006ea 00b72423 sw               x11, 8(x14)         x11:00000000 x14:00002fd0  PA:00002fd8
    736ns              70 000006ec 00b72623 sw               x11, 12(x14)        x11:00000000 x14:00002fd0  PA:00002fdc
    746ns              71 000006ee 01070713 addi             x14, x14, 16        x14=00002fe0 x14:00002fd0
    756ns              72 000006f0 fed76be3 bltu             x14, x13, -10       x14:00002fe0 x13:00002fe0
    766ns              73 000006f4 00061263 bne              x12, x0, 4          x12:0000000c
    796ns              76 000006f8 40c306b3 sub              x13, x6, x12        x13=00000003  x6:0000000f x12:0000000c
    806ns              77 000006fc 00269693 slli             x13, x13, 0x2       x13=0000000c x13:00000003
    816ns              78 000006fe 00000297 auipc            x5, 0x0              x5=000006fe
    826ns              79 00000702 005686b3 add              x13, x13, x5        x13=0000070a x13:0000000c  x5:000006fe
    846ns              81 00000704 00a68067 jalr             x0, x13, 10         x13:0000070a
    866ns              83 00000714 00b705a3 sb               x11, 11(x14)        x11:00000000 x14:00002fe0  PA:00002feb
    876ns              84 00000718 00b70523 sb               x11, 10(x14)        x11:00000000 x14:00002fe0  PA:00002fea
    886ns              85 0000071c 00b704a3 sb               x11, 9(x14)         x11:00000000 x14:00002fe0  PA:00002fe9
    896ns              86 00000720 00b70423 sb               x11, 8(x14)         x11:00000000 x14:00002fe0  PA:00002fe8
    906ns              87 00000724 00b703a3 sb               x11, 7(x14)         x11:00000000 x14:00002fe0  PA:00002fe7
    916ns              88 00000728 00b70323 sb               x11, 6(x14)         x11:00000000 x14:00002fe0  PA:00002fe6
    926ns              89 0000072c 00b702a3 sb               x11, 5(x14)         x11:00000000 x14:00002fe0  PA:00002fe5
    936ns              90 00000730 00b70223 sb               x11, 4(x14)         x11:00000000 x14:00002fe0  PA:00002fe4
    946ns              91 00000734 00b701a3 sb               x11, 3(x14)         x11:00000000 x14:00002fe0  PA:00002fe3
    956ns              92 00000738 00b70123 sb               x11, 2(x14)         x11:00000000 x14:00002fe0  PA:00002fe2
    966ns              93 0000073c 00b700a3 sb               x11, 1(x14)         x11:00000000 x14:00002fe0  PA:00002fe1
    976ns              94 00000740 00b70023 sb               x11, 0(x14)         x11:00000000 x14:00002fe0  PA:00002fe0
    986ns              95 00000744 00008067 jalr             x0, x1, 0            x1:000001b8
   1006ns              97 000001b8 00000517 auipc            x10, 0x0            x10=000001b8
   1016ns              98 000001bc 47850513 addi             x10, x10, 1144      x10=00000630 x10:000001b8
   1026ns              99 000001c0 44c000ef jal              x1, 1100             x1=000001c4
   1046ns             101 0000060c 00a005b3 add              x11, x0, x10        x11=00000630 x10:00000630
   1056ns             102 0000060e 00000693 addi             x13, x0, 0          x13=00000000
   1066ns             103 00000610 00000613 addi             x12, x0, 0          x12=00000000
   1076ns             104 00000612 00000513 addi             x10, x0, 0          x10=00000000
   1086ns             105 00000614 2fe0006f jal              x0, 766            
   1116ns             108 00000912 0301a703 lw               x14, 48(x3)         x14=00002770  x3:00002f70  PA:00002fa0
   1136ns             110 00000916 14872783 lw               x15, 328(x14)       x15=00000000 x14:00002770  PA:000028b8
   1156ns             112 0000091a 04078063 beq              x15, x0, 64         x15:00000000
   1196ns             116 0000095a 14c70793 addi             x15, x14, 332       x15=000028bc x14:00002770
   1206ns             117 0000095e 14f72423 sw               x15, 328(x14)       x15:000028bc x14:00002770  PA:000028b8
   1216ns             118 00000962 fbbff06f jal              x0, -70            
   1236ns             120 0000091c 0047a703 lw               x14, 4(x15)         x14=00000000 x15:000028bc  PA:000028c0
   1246ns             121 0000091e 01f00813 addi             x16, x0, 31         x16=0000001f
   1256ns             122 00000920 04e84d63 blt              x16, x14, 90        x16:0000001f x14:00000000
   1266ns             123 00000924 00271813 slli             x16, x14, 0x2       x16=00000000 x14:00000000
   1276ns             124 00000928 02050363 beq              x10, x0, 38         x10:00000000
   1306ns             127 0000094e 00170713 addi             x14, x14, 1         x14=00000001 x14:00000000
   1316ns             128 00000950 00e7a223 sw               x14, 4(x15)         x14:00000001 x15:000028bc  PA:000028c0
   1326ns             129 00000952 010787b3 add              x15, x15, x16       x15=000028bc x15:000028bc x16:00000000
   1336ns             130 00000954 00b7a423 sw               x11, 8(x15)         x11:00000630 x15:000028bc  PA:000028c4
   1346ns             131 00000956 00000513 addi             x10, x0, 0          x10=00000000
   1356ns             132 00000958 00008067 jalr             x0, x1, 0            x1:000001c4
   1376ns             134 000001c4 4a0000ef jal              x1, 1184             x1=000001c8
   1396ns             136 00000664 ff010113 addi             x2, x2, -16          x2=00004fe0  x2:00004ff0
   1406ns             137 00000666 00812423 sw               x8, 8(x2)            x8:00000000  x2:00004fe0  PA:00004fe8
   1416ns             138 00000668 01212023 sw               x18, 0(x2)          x18:00000000  x2:00004fe0  PA:00004fe0
   1426ns             139 0000066a 00002437 lui              x8, 0x2000           x8=00002000
   1436ns             140 0000066c 00002937 lui              x18, 0x2000         x18=00002000
   1446ns             141 0000066e 76640793 addi             x15, x8, 1894       x15=00002766  x8:00002000
   1456ns             142 00000672 76690913 addi             x18, x18, 1894      x18=00002766 x18:00002000
   1466ns             143 00000676 40f90933 sub              x18, x18, x15       x18=00000000 x18:00002766 x15:00002766
   1476ns             144 0000067a 00112623 sw               x1, 12(x2)           x1:000001c8  x2:00004fe0  PA:00004fec
   1486ns             145 0000067c 00912223 sw               x9, 4(x2)            x9:00000000  x2:00004fe0  PA:00004fe4
   1496ns             146 0000067e 40295913 srai             x18, x18, 0x402     x18=00000000 x18:00000000
   1506ns             147 00000682 00090b63 beq              x18, x0, 22         x18:00000000
   1536ns             150 00000698 00002437 lui              x8, 0x2000           x8=00002000
   1546ns             151 0000069a 00002937 lui              x18, 0x2000         x18=00002000
   1556ns             152 0000069c 76840793 addi             x15, x8, 1896       x15=00002768  x8:00002000
   1566ns             153 000006a0 76c90913 addi             x18, x18, 1900      x18=0000276c x18:00002000
   1576ns             154 000006a4 40f90933 sub              x18, x18, x15       x18=00000004 x18:0000276c x15:00002768
   1586ns             155 000006a8 40295913 srai             x18, x18, 0x402     x18=00000001 x18:00000004
   1596ns             156 000006ac 00090b63 beq              x18, x0, 22         x18:00000001
   1606ns             157 000006b0 76840413 addi             x8, x8, 1896         x8=00002768  x8:00002000
   1616ns             158 000006b4 00000493 addi             x9, x0, 0            x9=00000000
   1626ns             159 000006b6 00042783 lw               x15, 0(x8)          x15=0000032c  x8:00002768  PA:00002768
   1636ns             160 000006b8 00148493 addi             x9, x9, 1            x9=00000001  x9:00000000
   1646ns             161 000006ba 00440413 addi             x8, x8, 4            x8=0000276c  x8:00002768
   1656ns             162 000006bc 000780e7 jalr             x1, x15, 0           x1=000006be x15:0000032c
   1676ns             164 0000032c 00000793 addi             x15, x0, 0          x15=00000000
   1686ns             165 00000330 00078463 beq              x15, x0, 8          x15:00000000
   1716ns             168 00000338 00008067 jalr             x0, x1, 0            x1:000006be
   1746ns             171 000006be fe991ce3 bne              x18, x9, -8         x18:00000001  x9:00000001
   1756ns             172 000006c2 00c12083 lw               x1, 12(x2)           x1=000001c8  x2:00004fe0  PA:00004fec
   1766ns             173 000006c4 00812403 lw               x8, 8(x2)            x8=00000000  x2:00004fe0  PA:00004fe8
   1776ns             174 000006c6 00412483 lw               x9, 4(x2)            x9=00000000  x2:00004fe0  PA:00004fe4
   1786ns             175 000006c8 00012903 lw               x18, 0(x2)          x18=00000000  x2:00004fe0  PA:00004fe0
   1796ns             176 000006ca 01010113 addi             x2, x2, 16           x2=00004ff0  x2:00004fe0
   1806ns             177 000006cc 00008067 jalr             x0, x1, 0            x1:000001c8
   1826ns             179 000001c8 00012503 lw               x10, 0(x2)          x10=xxxxxxxx  x2:00004ff0  PA:00004ff0
   1836ns             180 000001cc 00410593 addi             x11, x2, 4          x11=00004ff4  x2:00004ff0
   1846ns             181 000001d0 00000613 addi             x12, x0, 0          x12=00000000
   1856ns             182 000001d4 00c000ef jal              x1, 12               x1=000001d8
   1876ns             184 000001e0 00030737 lui              x14, 0x30000        x14=00030000
   1886ns             185 000001e4 03200793 addi             x15, x0, 50         x15=00000032
   1896ns             186 000001e8 00f72023 sw               x15, 0(x14)         x15:00000032 x14:00030000  PA:00030000
   1906ns             187 000001ec 08800793 addi             x15, x0, 136        x15=00000088
   1916ns             188 000001f0 00f72223 sw               x15, 4(x14)         x15:00000088 x14:00030000  PA:00030004
   1926ns             189 000001f4 03100793 addi             x15, x0, 49         x15=00000031
   1936ns             190 000001f8 00f72423 sw               x15, 8(x14)         x15:00000031 x14:00030000  PA:00030008
   1946ns             191 000001fc 00f72c23 sw               x15, 24(x14)        x15:00000031 x14:00030000  PA:00030018
   1956ns             192 00000200 03700793 addi             x15, x0, 55         x15=00000037
   1966ns             193 00000204 00f72e23 sw               x15, 28(x14)        x15:00000037 x14:00030000  PA:0003001c
   1976ns             194 00000208 0f600793 addi             x15, x0, 246        x15=000000f6
   1986ns             195 0000020c 02f72023 sw               x15, 32(x14)        x15:000000f6 x14:00030000  PA:00030020
   1996ns             196 00000210 03000793 addi             x15, x0, 48         x15=00000030
   2006ns             197 00000214 02f72223 sw               x15, 36(x14)        x15:00000030 x14:00030000  PA:00030024
   2016ns             198 00000218 09800793 addi             x15, x0, 152        x15=00000098
   2026ns             199 0000021c 02f72423 sw               x15, 40(x14)        x15:00000098 x14:00030000  PA:00030028
   2036ns             200 00000220 0e000693 addi             x13, x0, 224        x13=000000e0
   2046ns             201 00000224 00700793 addi             x15, x0, 7          x15=00000007
   2056ns             202 00000228 00d72623 sw               x13, 12(x14)        x13:000000e0 x14:00030000  PA:0003000c
   2066ns             203 0000022c 02f72623 sw               x15, 44(x14)        x15:00000007 x14:00030000  PA:0003002c
   2076ns             204 00000230 04300693 addi             x13, x0, 67         x13=00000043
   2086ns             205 00000234 08d00793 addi             x15, x0, 141        x15=0000008d
   2096ns             206 00000238 00d72823 sw               x13, 16(x14)        x13:00000043 x14:00030000  PA:00030010
   2106ns             207 0000023c 02f72a23 sw               x15, 52(x14)        x15:0000008d x14:00030000  PA:00030034
   2116ns             208 00000240 05400693 addi             x13, x0, 84         x13=00000054
   2126ns             209 00000244 0a200793 addi             x15, x0, 162        x15=000000a2
   2136ns             210 00000248 00d72a23 sw               x13, 20(x14)        x13:00000054 x14:00030000  PA:00030014
   2146ns             211 0000024c 02f72c23 sw               x15, 56(x14)        x15:000000a2 x14:00030000  PA:00030038
   2156ns             212 00000250 0a800693 addi             x13, x0, 168        x13=000000a8
   2166ns             213 00000254 03400793 addi             x15, x0, 52         x15=00000034
   2176ns             214 00000258 02f72e23 sw               x15, 60(x14)        x15:00000034 x14:00030000  PA:0003003c
   2186ns             215 0000025c 02d72823 sw               x13, 48(x14)        x13:000000a8 x14:00030000  PA:00030030
   2196ns             216 00000260 20070793 addi             x15, x14, 512       x15=00030200 x14:00030000
   2206ns             217 00000264 20072023 sw               x0, 512(x14)        x14:00030000  PA:00030200
   2216ns             218 00000268 0a500713 addi             x14, x0, 165        x14=000000a5
   2226ns             219 0000026c 00e7a223 sw               x14, 4(x15)         x14:000000a5 x15:00030200  PA:00030204
   2236ns             220 00000270 0a000713 addi             x14, x0, 160        x14=000000a0
   2246ns             221 00000274 00e7a623 sw               x14, 12(x15)        x14:000000a0 x15:00030200  PA:0003020c
   2256ns             222 00000278 0e900713 addi             x14, x0, 233        x14=000000e9
   2266ns             223 0000027c 00e7a823 sw               x14, 16(x15)        x14:000000e9 x15:00030200  PA:00030210
   2276ns             224 00000280 00900713 addi             x14, x0, 9          x14=00000009
   2286ns             225 00000284 00e7aa23 sw               x14, 20(x15)        x14:00000009 x15:00030200  PA:00030214
   2296ns             226 00000288 0bb00713 addi             x14, x0, 187        x14=000000bb
   2306ns             227 0000028c 00e7ac23 sw               x14, 24(x15)        x14:000000bb x15:00030200  PA:00030218
   2316ns             228 00000290 02a00713 addi             x14, x0, 42         x14=0000002a
   2326ns             229 00000294 00e7ae23 sw               x14, 28(x15)        x14:0000002a x15:00030200  PA:0003021c
   2336ns             230 00000298 0c900713 addi             x14, x0, 201        x14=000000c9
   2346ns             231 0000029c 02e7a023 sw               x14, 32(x15)        x14:000000c9 x15:00030200  PA:00030220
   2356ns             232 000002a0 0d400713 addi             x14, x0, 212        x14=000000d4
   2366ns             233 000002a4 02e7a223 sw               x14, 36(x15)        x14:000000d4 x15:00030200  PA:00030224
   2376ns             234 000002a8 0b700713 addi             x14, x0, 183        x14=000000b7
   2386ns             235 000002ac 02e7a423 sw               x14, 40(x15)        x14:000000b7 x15:00030200  PA:00030228
   2396ns             236 000002b0 0ab00713 addi             x14, x0, 171        x14=000000ab
   2406ns             237 000002b4 02e7a623 sw               x14, 44(x15)        x14:000000ab x15:00030200  PA:0003022c
   2416ns             238 000002b8 0f200713 addi             x14, x0, 242        x14=000000f2
   2426ns             239 000002bc 02e7a823 sw               x14, 48(x15)        x14:000000f2 x15:00030200  PA:00030230
   2436ns             240 000002c0 0e800713 addi             x14, x0, 232        x14=000000e8
   2446ns             241 000002c4 02e7aa23 sw               x14, 52(x15)        x14:000000e8 x15:00030200  PA:00030234
   2456ns             242 000002c8 06000713 addi             x14, x0, 96         x14=00000060
   2466ns             243 000002cc 02e7ac23 sw               x14, 56(x15)        x14:00000060 x15:00030200  PA:00030238
   2476ns             244 000002d0 00800713 addi             x14, x0, 8          x14=00000008
   2486ns             245 000002d4 00d7a423 sw               x13, 8(x15)         x13:000000a8 x15:00030200  PA:00030208
   2496ns             246 000002d8 02e7ae23 sw               x14, 60(x15)        x14:00000008 x15:00030200  PA:0003023c
   2506ns             247 000002dc 00000613 addi             x12, x0, 0          x12=00000000
   2516ns             248 000002e0 000308b7 lui              x17, 0x30000        x17=00030000
   2526ns             249 000002e4 00400313 addi             x6, x0, 4            x6=00000004
   2536ns             250 000002e8 000204b7 lui              x9, 0x20000          x9=00020000
   2546ns             251 000002ec ffc4903b sw_active_xor    Nx0 -4(x9)           x9:00020000  PA:0001fffc
   2556ns             252 000002f0 00000693 addi             x13, x0, 0          x13=00000000
   2566ns             253 000002f4 00261813 slli             x16, x12, 0x2       x16=00000000 x12:00000000
   2576ns             254 000002f8 00d80733 add              x14, x16, x13       x14=00000000 x16:00000000 x13:00000000
   2586ns             255 000002fc 00271713 slli             x14, x14, 0x2       x14=00000000 x14:00000000
   2596ns             256 00000300 00e88533 add              x10, x17, x14       x10=00030000 x17:00030000 x14:00000000
   2606ns             257 00000304 00e78733 add              x14, x15, x14       x14=00030200 x15:00030200 x14:00000000
   2616ns             258 00000308 0007271b lw_mask          x14, x0, 0(x14)     x14=00000000 x14:00030200  PA:00030200
   2626ns             259 0000030c 00168693 addi             x13, x13, 1         x13=00000001 x13:00000000
   2636ns             260 00000310 00e52023 sw               x14, 0(x10)         x14:00000000 x10:00030000  PA:00030000
   2646ns             261 00000314 fe6692e3 bne              x13, x6, -28        x13:00000001  x6:00000004
   2676ns             264 000002f8 00d80733 add              x14, x16, x13       x14=00000001 x16:00000000 x13:00000001
   2686ns             265 000002fc 00271713 slli             x14, x14, 0x2       x14=00000004 x14:00000001
   2696ns             266 00000300 00e88533 add              x10, x17, x14       x10=00030004 x17:00030000 x14:00000004
   2706ns             267 00000304 00e78733 add              x14, x15, x14       x14=00030204 x15:00030200 x14:00000004
   2716ns             268 00000308 0007271b lw_mask          x14, x0, 0(x14)     x14=000000a5 x14:00030204  PA:00030204
   2726ns             269 0000030c 00168693 addi             x13, x13, 1         x13=00000002 x13:00000001
   2736ns             270 00000310 00e52023 sw               x14, 0(x10)         x14:000000a5 x10:00030004  PA:00030004
   2746ns             271 00000314 fe6692e3 bne              x13, x6, -28        x13:00000002  x6:00000004
   2776ns             274 000002f8 00d80733 add              x14, x16, x13       x14=00000002 x16:00000000 x13:00000002
   2786ns             275 000002fc 00271713 slli             x14, x14, 0x2       x14=00000008 x14:00000002
   2796ns             276 00000300 00e88533 add              x10, x17, x14       x10=00030008 x17:00030000 x14:00000008
   2806ns             277 00000304 00e78733 add              x14, x15, x14       x14=00030208 x15:00030200 x14:00000008
   2816ns             278 00000308 0007271b lw_mask          x14, x0, 0(x14)     x14=000000a8 x14:00030208  PA:00030208
   2826ns             279 0000030c 00168693 addi             x13, x13, 1         x13=00000003 x13:00000002
   2836ns             280 00000310 00e52023 sw               x14, 0(x10)         x14:000000a8 x10:00030008  PA:00030008
   2846ns             281 00000314 fe6692e3 bne              x13, x6, -28        x13:00000003  x6:00000004
   2876ns             284 000002f8 00d80733 add              x14, x16, x13       x14=00000003 x16:00000000 x13:00000003
   2886ns             285 000002fc 00271713 slli             x14, x14, 0x2       x14=0000000c x14:00000003
   2896ns             286 00000300 00e88533 add              x10, x17, x14       x10=0003000c x17:00030000 x14:0000000c
   2906ns             287 00000304 00e78733 add              x14, x15, x14       x14=0003020c x15:00030200 x14:0000000c
   2916ns             288 00000308 0007271b lw_mask          x14, x0, 0(x14)     x14=000000a0 x14:0003020c  PA:0003020c
   2926ns             289 0000030c 00168693 addi             x13, x13, 1         x13=00000004 x13:00000003
   2936ns             290 00000310 00e52023 sw               x14, 0(x10)         x14:000000a0 x10:0003000c  PA:0003000c
   2946ns             291 00000314 fe6692e3 bne              x13, x6, -28        x13:00000004  x6:00000004
   2956ns             292 00000318 00160613 addi             x12, x12, 1         x12=00000001 x12:00000000
   2966ns             293 0000031c fcd61ae3 bne              x12, x13, -44       x12:00000001 x13:00000004
   2996ns             296 000002f0 00000693 addi             x13, x0, 0          x13=00000000
   3006ns             297 000002f4 00261813 slli             x16, x12, 0x2       x16=00000004 x12:00000001
   3016ns             298 000002f8 00d80733 add              x14, x16, x13       x14=00000004 x16:00000004 x13:00000000
   3026ns             299 000002fc 00271713 slli             x14, x14, 0x2       x14=00000010 x14:00000004
   3036ns             300 00000300 00e88533 add              x10, x17, x14       x10=00030010 x17:00030000 x14:00000010
   3046ns             301 00000304 00e78733 add              x14, x15, x14       x14=00030210 x15:00030200 x14:00000010
   3056ns             302 00000308 0007271b lw_mask          x14, x0, 0(x14)     x14=000000e9 x14:00030210  PA:00030210
   3066ns             303 0000030c 00168693 addi             x13, x13, 1         x13=00000001 x13:00000000
   3076ns             304 00000310 00e52023 sw               x14, 0(x10)         x14:000000e9 x10:00030010  PA:00030010
   3086ns             305 00000314 fe6692e3 bne              x13, x6, -28        x13:00000001  x6:00000004
   3116ns             308 000002f8 00d80733 add              x14, x16, x13       x14=00000005 x16:00000004 x13:00000001
   3126ns             309 000002fc 00271713 slli             x14, x14, 0x2       x14=00000014 x14:00000005
   3136ns             310 00000300 00e88533 add              x10, x17, x14       x10=00030014 x17:00030000 x14:00000014
   3146ns             311 00000304 00e78733 add              x14, x15, x14       x14=00030214 x15:00030200 x14:00000014
   3156ns             312 00000308 0007271b lw_mask          x14, x0, 0(x14)     x14=00000009 x14:00030214  PA:00030214
   3166ns             313 0000030c 00168693 addi             x13, x13, 1         x13=00000002 x13:00000001
   3176ns             314 00000310 00e52023 sw               x14, 0(x10)         x14:00000009 x10:00030014  PA:00030014
   3186ns             315 00000314 fe6692e3 bne              x13, x6, -28        x13:00000002  x6:00000004
   3216ns             318 000002f8 00d80733 add              x14, x16, x13       x14=00000006 x16:00000004 x13:00000002
   3226ns             319 000002fc 00271713 slli             x14, x14, 0x2       x14=00000018 x14:00000006
   3236ns             320 00000300 00e88533 add              x10, x17, x14       x10=00030018 x17:00030000 x14:00000018
   3246ns             321 00000304 00e78733 add              x14, x15, x14       x14=00030218 x15:00030200 x14:00000018
   3256ns             322 00000308 0007271b lw_mask          x14, x0, 0(x14)     x14=000000bb x14:00030218  PA:00030218
   3266ns             323 0000030c 00168693 addi             x13, x13, 1         x13=00000003 x13:00000002
   3276ns             324 00000310 00e52023 sw               x14, 0(x10)         x14:000000bb x10:00030018  PA:00030018
   3286ns             325 00000314 fe6692e3 bne              x13, x6, -28        x13:00000003  x6:00000004
   3316ns             328 000002f8 00d80733 add              x14, x16, x13       x14=00000007 x16:00000004 x13:00000003
   3326ns             329 000002fc 00271713 slli             x14, x14, 0x2       x14=0000001c x14:00000007
   3336ns             330 00000300 00e88533 add              x10, x17, x14       x10=0003001c x17:00030000 x14:0000001c
   3346ns             331 00000304 00e78733 add              x14, x15, x14       x14=0003021c x15:00030200 x14:0000001c
   3356ns             332 00000308 0007271b lw_mask          x14, x0, 0(x14)     x14=0000002a x14:0003021c  PA:0003021c
   3366ns             333 0000030c 00168693 addi             x13, x13, 1         x13=00000004 x13:00000003
   3376ns             334 00000310 00e52023 sw               x14, 0(x10)         x14:0000002a x10:0003001c  PA:0003001c
   3386ns             335 00000314 fe6692e3 bne              x13, x6, -28        x13:00000004  x6:00000004
   3396ns             336 00000318 00160613 addi             x12, x12, 1         x12=00000002 x12:00000001
   3406ns             337 0000031c fcd61ae3 bne              x12, x13, -44       x12:00000002 x13:00000004
   3436ns             340 000002f0 00000693 addi             x13, x0, 0          x13=00000000
   3446ns             341 000002f4 00261813 slli             x16, x12, 0x2       x16=00000008 x12:00000002
   3456ns             342 000002f8 00d80733 add              x14, x16, x13       x14=00000008 x16:00000008 x13:00000000
   3466ns             343 000002fc 00271713 slli             x14, x14, 0x2       x14=00000020 x14:00000008
   3476ns             344 00000300 00e88533 add              x10, x17, x14       x10=00030020 x17:00030000 x14:00000020
   3486ns             345 00000304 00e78733 add              x14, x15, x14       x14=00030220 x15:00030200 x14:00000020
   3496ns             346 00000308 0007271b lw_mask          x14, x0, 0(x14)     x14=000000c9 x14:00030220  PA:00030220
   3506ns             347 0000030c 00168693 addi             x13, x13, 1         x13=00000001 x13:00000000
   3516ns             348 00000310 00e52023 sw               x14, 0(x10)         x14:000000c9 x10:00030020  PA:00030020
   3526ns             349 00000314 fe6692e3 bne              x13, x6, -28        x13:00000001  x6:00000004
   3556ns             352 000002f8 00d80733 add              x14, x16, x13       x14=00000009 x16:00000008 x13:00000001
   3566ns             353 000002fc 00271713 slli             x14, x14, 0x2       x14=00000024 x14:00000009
   3576ns             354 00000300 00e88533 add              x10, x17, x14       x10=00030024 x17:00030000 x14:00000024
   3586ns             355 00000304 00e78733 add              x14, x15, x14       x14=00030224 x15:00030200 x14:00000024
   3596ns             356 00000308 0007271b lw_mask          x14, x0, 0(x14)     x14=000000d4 x14:00030224  PA:00030224
   3606ns             357 0000030c 00168693 addi             x13, x13, 1         x13=00000002 x13:00000001
   3616ns             358 00000310 00e52023 sw               x14, 0(x10)         x14:000000d4 x10:00030024  PA:00030024
   3626ns             359 00000314 fe6692e3 bne              x13, x6, -28        x13:00000002  x6:00000004
   3656ns             362 000002f8 00d80733 add              x14, x16, x13       x14=0000000a x16:00000008 x13:00000002
   3666ns             363 000002fc 00271713 slli             x14, x14, 0x2       x14=00000028 x14:0000000a
   3676ns             364 00000300 00e88533 add              x10, x17, x14       x10=00030028 x17:00030000 x14:00000028
   3686ns             365 00000304 00e78733 add              x14, x15, x14       x14=00030228 x15:00030200 x14:00000028
   3696ns             366 00000308 0007271b lw_mask          x14, x0, 0(x14)     x14=000000b7 x14:00030228  PA:00030228
   3706ns             367 0000030c 00168693 addi             x13, x13, 1         x13=00000003 x13:00000002
   3716ns             368 00000310 00e52023 sw               x14, 0(x10)         x14:000000b7 x10:00030028  PA:00030028
   3726ns             369 00000314 fe6692e3 bne              x13, x6, -28        x13:00000003  x6:00000004
   3756ns             372 000002f8 00d80733 add              x14, x16, x13       x14=0000000b x16:00000008 x13:00000003
   3766ns             373 000002fc 00271713 slli             x14, x14, 0x2       x14=0000002c x14:0000000b
   3776ns             374 00000300 00e88533 add              x10, x17, x14       x10=0003002c x17:00030000 x14:0000002c
   3786ns             375 00000304 00e78733 add              x14, x15, x14       x14=0003022c x15:00030200 x14:0000002c
   3796ns             376 00000308 0007271b lw_mask          x14, x0, 0(x14)     x14=000000ab x14:0003022c  PA:0003022c
   3806ns             377 0000030c 00168693 addi             x13, x13, 1         x13=00000004 x13:00000003
   3816ns             378 00000310 00e52023 sw               x14, 0(x10)         x14:000000ab x10:0003002c  PA:0003002c
   3826ns             379 00000314 fe6692e3 bne              x13, x6, -28        x13:00000004  x6:00000004
   3836ns             380 00000318 00160613 addi             x12, x12, 1         x12=00000003 x12:00000002
   3846ns             381 0000031c fcd61ae3 bne              x12, x13, -44       x12:00000003 x13:00000004
   3876ns             384 000002f0 00000693 addi             x13, x0, 0          x13=00000000
   3886ns             385 000002f4 00261813 slli             x16, x12, 0x2       x16=0000000c x12:00000003
   3896ns             386 000002f8 00d80733 add              x14, x16, x13       x14=0000000c x16:0000000c x13:00000000
   3906ns             387 000002fc 00271713 slli             x14, x14, 0x2       x14=00000030 x14:0000000c
   3916ns             388 00000300 00e88533 add              x10, x17, x14       x10=00030030 x17:00030000 x14:00000030
   3926ns             389 00000304 00e78733 add              x14, x15, x14       x14=00030230 x15:00030200 x14:00000030
   3936ns             390 00000308 0007271b lw_mask          x14, x0, 0(x14)     x14=000000f2 x14:00030230  PA:00030230
   3946ns             391 0000030c 00168693 addi             x13, x13, 1         x13=00000001 x13:00000000
   3956ns             392 00000310 00e52023 sw               x14, 0(x10)         x14:000000f2 x10:00030030  PA:00030030
   3966ns             393 00000314 fe6692e3 bne              x13, x6, -28        x13:00000001  x6:00000004
   3996ns             396 000002f8 00d80733 add              x14, x16, x13       x14=0000000d x16:0000000c x13:00000001
   4006ns             397 000002fc 00271713 slli             x14, x14, 0x2       x14=00000034 x14:0000000d
   4016ns             398 00000300 00e88533 add              x10, x17, x14       x10=00030034 x17:00030000 x14:00000034
   4026ns             399 00000304 00e78733 add              x14, x15, x14       x14=00030234 x15:00030200 x14:00000034
   4036ns             400 00000308 0007271b lw_mask          x14, x0, 0(x14)     x14=000000e8 x14:00030234  PA:00030234
   4046ns             401 0000030c 00168693 addi             x13, x13, 1         x13=00000002 x13:00000001
   4056ns             402 00000310 00e52023 sw               x14, 0(x10)         x14:000000e8 x10:00030034  PA:00030034
   4066ns             403 00000314 fe6692e3 bne              x13, x6, -28        x13:00000002  x6:00000004
   4096ns             406 000002f8 00d80733 add              x14, x16, x13       x14=0000000e x16:0000000c x13:00000002
   4106ns             407 000002fc 00271713 slli             x14, x14, 0x2       x14=00000038 x14:0000000e
   4116ns             408 00000300 00e88533 add              x10, x17, x14       x10=00030038 x17:00030000 x14:00000038
   4126ns             409 00000304 00e78733 add              x14, x15, x14       x14=00030238 x15:00030200 x14:00000038
   4136ns             410 00000308 0007271b lw_mask          x14, x0, 0(x14)     x14=00000060 x14:00030238  PA:00030238
   4146ns             411 0000030c 00168693 addi             x13, x13, 1         x13=00000003 x13:00000002
   4156ns             412 00000310 00e52023 sw               x14, 0(x10)         x14:00000060 x10:00030038  PA:00030038
   4166ns             413 00000314 fe6692e3 bne              x13, x6, -28        x13:00000003  x6:00000004
   4196ns             416 000002f8 00d80733 add              x14, x16, x13       x14=0000000f x16:0000000c x13:00000003
   4206ns             417 000002fc 00271713 slli             x14, x14, 0x2       x14=0000003c x14:0000000f
   4216ns             418 00000300 00e88533 add              x10, x17, x14       x10=0003003c x17:00030000 x14:0000003c
   4226ns             419 00000304 00e78733 add              x14, x15, x14       x14=0003023c x15:00030200 x14:0000003c
   4236ns             420 00000308 0007271b lw_mask          x14, x0, 0(x14)     x14=00000008 x14:0003023c  PA:0003023c
   4246ns             421 0000030c 00168693 addi             x13, x13, 1         x13=00000004 x13:00000003
   4256ns             422 00000310 00e52023 sw               x14, 0(x10)         x14:00000008 x10:0003003c  PA:0003003c
   4266ns             423 00000314 fe6692e3 bne              x13, x6, -28        x13:00000004  x6:00000004
   4276ns             424 00000318 00160613 addi             x12, x12, 1         x12=00000004 x12:00000003
   4286ns             425 0000031c fcd61ae3 bne              x12, x13, -44       x12:00000004 x13:00000004
   4296ns             426 00000320 ffc4803b sw_active_none   Nx0 -4(x9)           x9:00020000  PA:0001fffc
   4306ns             427 00000324 00000513 addi             x10, x0, 0          x10=00000000
   4316ns             428 00000328 00008067 jalr             x0, x1, 0            x1:000001d8
   4336ns             430 000001d8 43e0006f jal              x0, 1086           
   4356ns             432 00000616 ff010113 addi             x2, x2, -16          x2=00004fe0  x2:00004ff0
   4366ns             433 00000618 00000593 addi             x11, x0, 0          x11=00000000
   4376ns             434 0000061a 00812423 sw               x8, 8(x2)            x8:00000000  x2:00004fe0  PA:00004fe8
   4386ns             435 0000061c 00112623 sw               x1, 12(x2)           x1:000001d8  x2:00004fe0  PA:00004fec
   4396ns             436 0000061e 00a00433 add              x8, x0, x10          x8=00000000 x10:00000000
   4406ns             437 00000620 35e000ef jal              x1, 862              x1=00000622
   4426ns             439 0000097e fd010113 addi             x2, x2, -48          x2=00004fb0  x2:00004fe0
   4436ns             440 00000980 01412c23 sw               x20, 24(x2)         x20:00000000  x2:00004fb0  PA:00004fc8
   4446ns             441 00000982 0301aa03 lw               x20, 48(x3)         x20=00002770  x3:00002f70  PA:00002fa0
   4456ns             442 00000986 03212023 sw               x18, 32(x2)         x18:00000000  x2:00004fb0  PA:00004fd0
   4466ns             443 00000988 02112623 sw               x1, 44(x2)           x1:00000622  x2:00004fb0  PA:00004fdc
   4476ns             444 0000098a 148a2903 lw               x18, 328(x20)       x18=000028bc x20:00002770  PA:000028b8
   4486ns             445 0000098e 02812423 sw               x8, 40(x2)           x8:00000000  x2:00004fb0  PA:00004fd8
   4496ns             446 00000990 02912223 sw               x9, 36(x2)           x9:00020000  x2:00004fb0  PA:00004fd4
   4506ns             447 00000992 01312e23 sw               x19, 28(x2)         x19:00000000  x2:00004fb0  PA:00004fcc
   4516ns             448 00000994 01512a23 sw               x21, 20(x2)         x21:00000000  x2:00004fb0  PA:00004fc4
   4526ns             449 00000996 01612823 sw               x22, 16(x2)         x22:00000000  x2:00004fb0  PA:00004fc0
   4536ns             450 00000998 01712623 sw               x23, 12(x2)         x23:00000000  x2:00004fb0  PA:00004fbc
   4546ns             451 0000099a 01812423 sw               x24, 8(x2)          x24:00000000  x2:00004fb0  PA:00004fb8
   4556ns             452 0000099c 02090863 beq              x18, x0, 48         x18:000028bc
   4566ns             453 000009a0 00a00b33 add              x22, x0, x10        x22=00000000 x10:00000000
   4576ns             454 000009a2 00b00bb3 add              x23, x0, x11        x23=00000000 x11:00000000
   4586ns             455 000009a4 00100a93 addi             x21, x0, 1          x21=00000001
   4596ns             456 000009a6 fff00993 addi             x19, x0, -1         x19=ffffffff
   4606ns             457 000009a8 00492483 lw               x9, 4(x18)           x9=00000001 x18:000028bc  PA:000028c0
   4626ns             459 000009ac fff48413 addi             x8, x9, -1           x8=00000000  x9:00000001
   4636ns             460 000009b0 00044e63 blt              x8, x0, 28           x8:00000000
   4646ns             461 000009b4 00249493 slli             x9, x9, 0x2          x9=00000004  x9:00000001
   4656ns             462 000009b6 012484b3 add              x9, x9, x18          x9=000028c0  x9:00000004 x18:000028bc
   4666ns             463 000009b8 020b8663 beq              x23, x0, 44         x23:00000000
   4696ns             466 000009e4 00492783 lw               x15, 4(x18)         x15=00000001 x18:000028bc  PA:000028c0
   4706ns             467 000009e8 0044a683 lw               x13, 4(x9)          x13=00000630  x9:000028c0  PA:000028c4
   4716ns             468 000009ea fff78793 addi             x15, x15, -1        x15=00000000 x15:00000001
   4726ns             469 000009ec 04878263 beq              x15, x8, 68         x15:00000000  x8:00000000
   4756ns             472 00000a30 00892223 sw               x8, 4(x18)           x8:00000000 x18:000028bc  PA:000028c0
   4766ns             473 00000a34 fc1ff06f jal              x0, -64            
   4786ns             475 000009f4 fc0688e3 beq              x13, x0, -48        x13:00000630
   4796ns             476 000009f6 18892783 lw               x15, 392(x18)       x15=00000000 x18:000028bc  PA:00002a44
   4806ns             477 000009fa 008a9733 sll              x14, x21, x8        x14=00000001 x21:00000001  x8:00000000
   4816ns             478 000009fe 00492c03 lw               x24, 4(x18)         x24=00000000 x18:000028bc  PA:000028c0
   4826ns             479 00000a02 00e7f7b3 and              x15, x15, x14       x15=00000000 x15:00000000 x14:00000001
   4836ns             480 00000a04 00079d63 bne              x15, x0, 26         x15:00000000
   4846ns             481 00000a06 000680e7 jalr             x1, x13, 0           x1=00000a08 x13:00000630
   4866ns             483 00000630 ff010113 addi             x2, x2, -16          x2=00004fa0  x2:00004fb0
   4876ns             484 00000632 00812423 sw               x8, 8(x2)            x8:00000000  x2:00004fa0  PA:00004fa8
   4886ns             485 00000634 000027b7 lui              x15, 0x2000         x15=00002000
   4896ns             486 00000636 00002437 lui              x8, 0x2000           x8=00002000
   4906ns             487 00000638 76c40413 addi             x8, x8, 1900         x8=0000276c  x8:00002000
   4916ns             488 0000063c 76c78793 addi             x15, x15, 1900      x15=0000276c x15:00002000
   4926ns             489 00000640 408787b3 sub              x15, x15, x8        x15=00000000 x15:0000276c  x8:0000276c
   4936ns             490 00000642 00912223 sw               x9, 4(x2)            x9:000028c0  x2:00004fa0  PA:00004fa4
   4946ns             491 00000644 00112623 sw               x1, 12(x2)           x1:00000a08  x2:00004fa0  PA:00004fac
   4956ns             492 00000646 4027d493 srai             x9, x15, 0x402       x9=00000000 x15:00000000
   4966ns             493 0000064a 00048863 beq              x9, x0, 16           x9:00000000
   4996ns             496 0000065a 00c12083 lw               x1, 12(x2)           x1=00000a08  x2:00004fa0  PA:00004fac
   5006ns             497 0000065c 00812403 lw               x8, 8(x2)            x8=00000000  x2:00004fa0  PA:00004fa8
   5016ns             498 0000065e 00412483 lw               x9, 4(x2)            x9=000028c0  x2:00004fa0  PA:00004fa4
   5026ns             499 00000660 01010113 addi             x2, x2, 16           x2=00004fb0  x2:00004fa0
   5036ns             500 00000662 00008067 jalr             x0, x1, 0            x1:00000a08
   5056ns             502 00000a08 00492703 lw               x14, 4(x18)         x14=00000000 x18:000028bc  PA:000028c0
   5066ns             503 00000a0c 148a2783 lw               x15, 328(x20)       x15=000028bc x20:00002770  PA:000028b8
   5076ns             504 00000a10 01871463 bne              x14, x24, 8         x14:00000000 x24:00000000
   5086ns             505 00000a14 faf908e3 beq              x18, x15, -80       x18:000028bc x15:000028bc
   5116ns             508 000009c4 fff40413 addi             x8, x8, -1           x8=ffffffff  x8:00000000
   5126ns             509 000009c6 ffc48493 addi             x9, x9, -4           x9=000028bc  x9:000028c0
   5136ns             510 000009c8 ff3418e3 bne              x8, x19, -16         x8:ffffffff x19:ffffffff
   5146ns             511 000009cc 02c12083 lw               x1, 44(x2)           x1=00000622  x2:00004fb0  PA:00004fdc
   5156ns             512 000009ce 02812403 lw               x8, 40(x2)           x8=00000000  x2:00004fb0  PA:00004fd8
   5166ns             513 000009d0 02412483 lw               x9, 36(x2)           x9=00020000  x2:00004fb0  PA:00004fd4
   5176ns             514 000009d2 02012903 lw               x18, 32(x2)         x18=00000000  x2:00004fb0  PA:00004fd0
   5186ns             515 000009d4 01c12983 lw               x19, 28(x2)         x19=00000000  x2:00004fb0  PA:00004fcc
   5196ns             516 000009d6 01812a03 lw               x20, 24(x2)         x20=00000000  x2:00004fb0  PA:00004fc8
   5206ns             517 000009d8 01412a83 lw               x21, 20(x2)         x21=00000000  x2:00004fb0  PA:00004fc4
   5216ns             518 000009da 01012b03 lw               x22, 16(x2)         x22=00000000  x2:00004fb0  PA:00004fc0
   5226ns             519 000009dc 00c12b83 lw               x23, 12(x2)         x23=00000000  x2:00004fb0  PA:00004fbc
   5236ns             520 000009de 00812c03 lw               x24, 8(x2)          x24=00000000  x2:00004fb0  PA:00004fb8
   5246ns             521 000009e0 03010113 addi             x2, x2, 48           x2=00004fe0  x2:00004fb0
   5256ns             522 000009e2 00008067 jalr             x0, x1, 0            x1:00000622
   5286ns             525 00000622 0301a503 lw               x10, 48(x3)         x10=00002770  x3:00002f70  PA:00002fa0
   5306ns             527 00000626 03c52783 lw               x15, 60(x10)        x15=00000000 x10:00002770  PA:000027ac
   5326ns             529 00000628 00078263 beq              x15, x0, 4          x15:00000000
   5356ns             532 0000062c 00800533 add              x10, x0, x8         x10=00000000  x8:00000000
   5366ns             533 0000062e d9bff0ef jal              x1, -614             x1=00000630
   5386ns             535 000003c8 200007b7 lui              x15, 0x20000000     x15=20000000
