                Time          Cycles PC       Instr    Mnemonic
     96ns               6 00000180 00003197 auipc            x3, 0x3000           x3=00003180
    106ns               7 00000184 de818193 addi             x3, x3, -536         x3=00002f68  x3:00003180
    116ns               8 00000188 00005117 auipc            x2, 0x5000           x2=00005188
    126ns               9 0000018c e6810113 addi             x2, x2, -408         x2=00004ff0  x2:00005188
    136ns              10 00000190 00000517 auipc            x10, 0x0            x10=00000190
    146ns              11 00000194 e7050513 addi             x10, x10, -400      x10=00000000 x10:00000190
    156ns              12 00000198 30551073 csrrw            x0, x10, 0x305      x10:00000000
    166ns              13 0000019c 10000513 addi             x10, x0, 256        x10=00000100
    176ns              14 000001a0 7d151073 csrrw            x0, x10, 0x7d1      x10:00000100
    186ns              15 000001a4 04418513 addi             x10, x3, 68         x10=00002fac  x3:00002f68
    196ns              16 000001a8 07c18613 addi             x12, x3, 124        x12=00002fe4  x3:00002f68
    206ns              17 000001ac 40a60633 sub              x12, x12, x10       x12=00000038 x12:00002fe4 x10:00002fac
    216ns              18 000001b0 00000593 addi             x11, x0, 0          x11=00000000
    226ns              19 000001b4 512000ef jal              x1, 1298             x1=000001b8
    246ns              21 000006c6 00f00313 addi             x6, x0, 15           x6=0000000f
    256ns              22 000006c8 00a00733 add              x14, x0, x10        x14=00002fac x10:00002fac
    266ns              23 000006ca 02c37363 bgeu             x6, x12, 38          x6:0000000f x12:00000038
    276ns              24 000006ce 00f77793 andi             x15, x14, 15        x15=0000000c x14:00002fac
    286ns              25 000006d2 06079f63 bne              x15, x0, 126        x15:0000000c
    316ns              28 00000750 00279693 slli             x13, x15, 0x2       x13=00000030 x15:0000000c
    326ns              29 00000754 00000297 auipc            x5, 0x0              x5=00000754
    336ns              30 00000758 005686b3 add              x13, x13, x5        x13=00000784 x13:00000030  x5:00000754
    346ns              31 0000075a 001002b3 add              x5, x0, x1           x5=000001b8  x1:000001b8
    356ns              32 0000075c fa8680e7 jalr             x1, x13, -88         x1=00000760 x13:00000784
    376ns              34 0000072c 00b701a3 sb               x11, 3(x14)         x11:00000000 x14:00002fac  PA:00002faf
    386ns              35 00000730 00b70123 sb               x11, 2(x14)         x11:00000000 x14:00002fac  PA:00002fae
    396ns              36 00000734 00b700a3 sb               x11, 1(x14)         x11:00000000 x14:00002fac  PA:00002fad
    406ns              37 00000738 00b70023 sb               x11, 0(x14)         x11:00000000 x14:00002fac  PA:00002fac
    416ns              38 0000073c 00008067 jalr             x0, x1, 0            x1:00000760
    436ns              40 00000760 005000b3 add              x1, x0, x5           x1=000001b8  x5:000001b8
    446ns              41 00000762 ff078793 addi             x15, x15, -16       x15=fffffffc x15:0000000c
    456ns              42 00000764 40f70733 sub              x14, x14, x15       x14=00002fb0 x14:00002fac x15:fffffffc
    466ns              43 00000766 00f60633 add              x12, x12, x15       x12=00000034 x12:00000038 x15:fffffffc
    476ns              44 00000768 f8c374e3 bgeu             x6, x12, -120        x6:0000000f x12:00000034
    486ns              45 0000076c f69ff06f jal              x0, -152           
    506ns              47 000006d4 06059563 bne              x11, x0, 106        x11:00000000
    516ns              48 000006d6 ff067693 andi             x13, x12, -16       x13=00000030 x12:00000034
    526ns              49 000006da 00f67613 andi             x12, x12, 15        x12=00000004 x12:00000034
    536ns              50 000006dc 00e686b3 add              x13, x13, x14       x13=00002fe0 x13:00000030 x14:00002fb0
    546ns              51 000006de 00b72023 sw               x11, 0(x14)         x11:00000000 x14:00002fb0  PA:00002fb0
    556ns              52 000006e0 00b72223 sw               x11, 4(x14)         x11:00000000 x14:00002fb0  PA:00002fb4
    566ns              53 000006e2 00b72423 sw               x11, 8(x14)         x11:00000000 x14:00002fb0  PA:00002fb8
    576ns              54 000006e4 00b72623 sw               x11, 12(x14)        x11:00000000 x14:00002fb0  PA:00002fbc
    586ns              55 000006e6 01070713 addi             x14, x14, 16        x14=00002fc0 x14:00002fb0
    596ns              56 000006e8 fed76be3 bltu             x14, x13, -10       x14:00002fc0 x13:00002fe0
    626ns              59 000006de 00b72023 sw               x11, 0(x14)         x11:00000000 x14:00002fc0  PA:00002fc0
    636ns              60 000006e0 00b72223 sw               x11, 4(x14)         x11:00000000 x14:00002fc0  PA:00002fc4
    646ns              61 000006e2 00b72423 sw               x11, 8(x14)         x11:00000000 x14:00002fc0  PA:00002fc8
    656ns              62 000006e4 00b72623 sw               x11, 12(x14)        x11:00000000 x14:00002fc0  PA:00002fcc
    666ns              63 000006e6 01070713 addi             x14, x14, 16        x14=00002fd0 x14:00002fc0
    676ns              64 000006e8 fed76be3 bltu             x14, x13, -10       x14:00002fd0 x13:00002fe0
    706ns              67 000006de 00b72023 sw               x11, 0(x14)         x11:00000000 x14:00002fd0  PA:00002fd0
    716ns              68 000006e0 00b72223 sw               x11, 4(x14)         x11:00000000 x14:00002fd0  PA:00002fd4
    726ns              69 000006e2 00b72423 sw               x11, 8(x14)         x11:00000000 x14:00002fd0  PA:00002fd8
    736ns              70 000006e4 00b72623 sw               x11, 12(x14)        x11:00000000 x14:00002fd0  PA:00002fdc
    746ns              71 000006e6 01070713 addi             x14, x14, 16        x14=00002fe0 x14:00002fd0
    756ns              72 000006e8 fed76be3 bltu             x14, x13, -10       x14:00002fe0 x13:00002fe0
    766ns              73 000006ec 00061263 bne              x12, x0, 4          x12:00000004
    796ns              76 000006f0 40c306b3 sub              x13, x6, x12        x13=0000000b  x6:0000000f x12:00000004
    806ns              77 000006f4 00269693 slli             x13, x13, 0x2       x13=0000002c x13:0000000b
    816ns              78 000006f6 00000297 auipc            x5, 0x0              x5=000006f6
    826ns              79 000006fa 005686b3 add              x13, x13, x5        x13=00000722 x13:0000002c  x5:000006f6
    846ns              81 000006fc 00a68067 jalr             x0, x13, 10         x13:00000722
    866ns              83 0000072c 00b701a3 sb               x11, 3(x14)         x11:00000000 x14:00002fe0  PA:00002fe3
    876ns              84 00000730 00b70123 sb               x11, 2(x14)         x11:00000000 x14:00002fe0  PA:00002fe2
    886ns              85 00000734 00b700a3 sb               x11, 1(x14)         x11:00000000 x14:00002fe0  PA:00002fe1
    896ns              86 00000738 00b70023 sb               x11, 0(x14)         x11:00000000 x14:00002fe0  PA:00002fe0
    906ns              87 0000073c 00008067 jalr             x0, x1, 0            x1:000001b8
    926ns              89 000001b8 00000517 auipc            x10, 0x0            x10=000001b8
    936ns              90 000001bc 47050513 addi             x10, x10, 1136      x10=00000628 x10:000001b8
    946ns              91 000001c0 444000ef jal              x1, 1092             x1=000001c4
    966ns              93 00000604 00a005b3 add              x11, x0, x10        x11=00000628 x10:00000628
    976ns              94 00000606 00000693 addi             x13, x0, 0          x13=00000000
    986ns              95 00000608 00000613 addi             x12, x0, 0          x12=00000000
    996ns              96 0000060a 00000513 addi             x10, x0, 0          x10=00000000
   1006ns              97 0000060c 2fe0006f jal              x0, 766            
   1036ns             100 0000090a 0301a703 lw               x14, 48(x3)         x14=00002768  x3:00002f68  PA:00002f98
   1056ns             102 0000090e 14872783 lw               x15, 328(x14)       x15=00000000 x14:00002768  PA:000028b0
   1076ns             104 00000912 04078063 beq              x15, x0, 64         x15:00000000
   1116ns             108 00000952 14c70793 addi             x15, x14, 332       x15=000028b4 x14:00002768
   1126ns             109 00000956 14f72423 sw               x15, 328(x14)       x15:000028b4 x14:00002768  PA:000028b0
   1136ns             110 0000095a fbbff06f jal              x0, -70            
   1156ns             112 00000914 0047a703 lw               x14, 4(x15)         x14=00000000 x15:000028b4  PA:000028b8
   1166ns             113 00000916 01f00813 addi             x16, x0, 31         x16=0000001f
   1176ns             114 00000918 04e84d63 blt              x16, x14, 90        x16:0000001f x14:00000000
   1186ns             115 0000091c 00271813 slli             x16, x14, 0x2       x16=00000000 x14:00000000
   1196ns             116 00000920 02050363 beq              x10, x0, 38         x10:00000000
   1226ns             119 00000946 00170713 addi             x14, x14, 1         x14=00000001 x14:00000000
   1236ns             120 00000948 00e7a223 sw               x14, 4(x15)         x14:00000001 x15:000028b4  PA:000028b8
   1246ns             121 0000094a 010787b3 add              x15, x15, x16       x15=000028b4 x15:000028b4 x16:00000000
   1256ns             122 0000094c 00b7a423 sw               x11, 8(x15)         x11:00000628 x15:000028b4  PA:000028bc
   1266ns             123 0000094e 00000513 addi             x10, x0, 0          x10=00000000
   1276ns             124 00000950 00008067 jalr             x0, x1, 0            x1:000001c4
   1296ns             126 000001c4 498000ef jal              x1, 1176             x1=000001c8
   1316ns             128 0000065c ff010113 addi             x2, x2, -16          x2=00004fe0  x2:00004ff0
   1326ns             129 0000065e 00812423 sw               x8, 8(x2)            x8:00000000  x2:00004fe0  PA:00004fe8
   1336ns             130 00000660 01212023 sw               x18, 0(x2)          x18:00000000  x2:00004fe0  PA:00004fe0
   1346ns             131 00000662 00002437 lui              x8, 0x2000           x8=00002000
   1356ns             132 00000664 00002937 lui              x18, 0x2000         x18=00002000
   1366ns             133 00000666 75e40793 addi             x15, x8, 1886       x15=0000275e  x8:00002000
   1376ns             134 0000066a 75e90913 addi             x18, x18, 1886      x18=0000275e x18:00002000
   1386ns             135 0000066e 40f90933 sub              x18, x18, x15       x18=00000000 x18:0000275e x15:0000275e
   1396ns             136 00000672 00112623 sw               x1, 12(x2)           x1:000001c8  x2:00004fe0  PA:00004fec
   1406ns             137 00000674 00912223 sw               x9, 4(x2)            x9:00000000  x2:00004fe0  PA:00004fe4
   1416ns             138 00000676 40295913 srai             x18, x18, 0x402     x18=00000000 x18:00000000
   1426ns             139 0000067a 00090b63 beq              x18, x0, 22         x18:00000000
   1456ns             142 00000690 00002437 lui              x8, 0x2000           x8=00002000
   1466ns             143 00000692 00002937 lui              x18, 0x2000         x18=00002000
   1476ns             144 00000694 76040793 addi             x15, x8, 1888       x15=00002760  x8:00002000
   1486ns             145 00000698 76490913 addi             x18, x18, 1892      x18=00002764 x18:00002000
   1496ns             146 0000069c 40f90933 sub              x18, x18, x15       x18=00000004 x18:00002764 x15:00002760
   1506ns             147 000006a0 40295913 srai             x18, x18, 0x402     x18=00000001 x18:00000004
   1516ns             148 000006a4 00090b63 beq              x18, x0, 22         x18:00000001
   1526ns             149 000006a8 76040413 addi             x8, x8, 1888         x8=00002760  x8:00002000
   1536ns             150 000006ac 00000493 addi             x9, x0, 0            x9=00000000
   1546ns             151 000006ae 00042783 lw               x15, 0(x8)          x15=00000324  x8:00002760  PA:00002760
   1556ns             152 000006b0 00148493 addi             x9, x9, 1            x9=00000001  x9:00000000
   1566ns             153 000006b2 00440413 addi             x8, x8, 4            x8=00002764  x8:00002760
   1576ns             154 000006b4 000780e7 jalr             x1, x15, 0           x1=000006b6 x15:00000324
   1596ns             156 00000324 00000793 addi             x15, x0, 0          x15=00000000
   1606ns             157 00000328 00078463 beq              x15, x0, 8          x15:00000000
   1636ns             160 00000330 00008067 jalr             x0, x1, 0            x1:000006b6
   1666ns             163 000006b6 fe991ce3 bne              x18, x9, -8         x18:00000001  x9:00000001
   1676ns             164 000006ba 00c12083 lw               x1, 12(x2)           x1=000001c8  x2:00004fe0  PA:00004fec
   1686ns             165 000006bc 00812403 lw               x8, 8(x2)            x8=00000000  x2:00004fe0  PA:00004fe8
   1696ns             166 000006be 00412483 lw               x9, 4(x2)            x9=00000000  x2:00004fe0  PA:00004fe4
   1706ns             167 000006c0 00012903 lw               x18, 0(x2)          x18=00000000  x2:00004fe0  PA:00004fe0
   1716ns             168 000006c2 01010113 addi             x2, x2, 16           x2=00004ff0  x2:00004fe0
   1726ns             169 000006c4 00008067 jalr             x0, x1, 0            x1:000001c8
   1746ns             171 000001c8 00012503 lw               x10, 0(x2)          x10=xxxxxxxx  x2:00004ff0  PA:00004ff0
   1756ns             172 000001cc 00410593 addi             x11, x2, 4          x11=00004ff4  x2:00004ff0
   1766ns             173 000001d0 00000613 addi             x12, x0, 0          x12=00000000
   1776ns             174 000001d4 00c000ef jal              x1, 12               x1=000001d8
   1796ns             176 000001e0 000106b7 lui              x13, 0x10000        x13=00010000
   1806ns             177 000001e4 000307b7 lui              x15, 0x30000        x15=00030000
   1816ns             178 000001e8 fff00713 addi             x14, x0, -1         x14=ffffffff
   1826ns             179 000001ec fff68693 addi             x13, x13, -1        x13=0000ffff x13:00010000
   1836ns             180 000001f0 ffff0637 lui              x12, 0xffff0000     x12=ffff0000
   1846ns             181 000001f4 08e7a223 sw               x14, 132(x15)       x14:ffffffff x15:00030000  PA:00030084
   1856ns             182 000001f8 08e7a423 sw               x14, 136(x15)       x14:ffffffff x15:00030000  PA:00030088
   1866ns             183 000001fc 08e7a623 sw               x14, 140(x15)       x14:ffffffff x15:00030000  PA:0003008c
   1876ns             184 00000200 08e7a823 sw               x14, 144(x15)       x14:ffffffff x15:00030000  PA:00030090
   1886ns             185 00000204 08e7aa23 sw               x14, 148(x15)       x14:ffffffff x15:00030000  PA:00030094
   1896ns             186 00000208 08e7ac23 sw               x14, 152(x15)       x14:ffffffff x15:00030000  PA:00030098
   1906ns             187 0000020c 0607ac23 sw               x0, 120(x15)        x15:00030000  PA:00030078
   1916ns             188 00000210 0607ae23 sw               x0, 124(x15)        x15:00030000  PA:0003007c
   1926ns             189 00000214 0807a023 sw               x0, 128(x15)        x15:00030000  PA:00030080
   1936ns             190 00000218 0807ae23 sw               x0, 156(x15)        x15:00030000  PA:0003009c
   1946ns             191 0000021c 0a07a023 sw               x0, 160(x15)        x15:00030000  PA:000300a0
   1956ns             192 00000220 0a07a223 sw               x0, 164(x15)        x15:00030000  PA:000300a4
   1966ns             193 00000224 0007a023 sw               x0, 0(x15)          x15:00030000  PA:00030000
   1976ns             194 00000228 0007a223 sw               x0, 4(x15)          x15:00030000  PA:00030004
   1986ns             195 0000022c 00d7a423 sw               x13, 8(x15)         x13:0000ffff x15:00030000  PA:00030008
   1996ns             196 00000230 0007a623 sw               x0, 12(x15)         x15:00030000  PA:0003000c
   2006ns             197 00000234 0007a823 sw               x0, 16(x15)         x15:00030000  PA:00030010
   2016ns             198 00000238 00d7aa23 sw               x13, 20(x15)        x13:0000ffff x15:00030000  PA:00030014
   2026ns             199 0000023c 0007ac23 sw               x0, 24(x15)         x15:00030000  PA:00030018
   2036ns             200 00000240 0007ae23 sw               x0, 28(x15)         x15:00030000  PA:0003001c
   2046ns             201 00000244 02c7a023 sw               x12, 32(x15)        x12:ffff0000 x15:00030000  PA:00030020
   2056ns             202 00000248 0207a223 sw               x0, 36(x15)         x15:00030000  PA:00030024
   2066ns             203 0000024c 0207a423 sw               x0, 40(x15)         x15:00030000  PA:00030028
   2076ns             204 00000250 02c7a623 sw               x12, 44(x15)        x12:ffff0000 x15:00030000  PA:0003002c
   2086ns             205 00000254 0207a823 sw               x0, 48(x15)         x15:00030000  PA:00030030
   2096ns             206 00000258 02d7aa23 sw               x13, 52(x15)        x13:0000ffff x15:00030000  PA:00030034
   2106ns             207 0000025c 0207ac23 sw               x0, 56(x15)         x15:00030000  PA:00030038
   2116ns             208 00000260 0207ae23 sw               x0, 60(x15)         x15:00030000  PA:0003003c
   2126ns             209 00000264 04d7a023 sw               x13, 64(x15)        x13:0000ffff x15:00030000  PA:00030040
   2136ns             210 00000268 0407a223 sw               x0, 68(x15)         x15:00030000  PA:00030044
   2146ns             211 0000026c 0407a423 sw               x0, 72(x15)         x15:00030000  PA:00030048
   2156ns             212 00000270 04c7a623 sw               x12, 76(x15)        x12:ffff0000 x15:00030000  PA:0003004c
   2166ns             213 00000274 0407a823 sw               x0, 80(x15)         x15:00030000  PA:00030050
   2176ns             214 00000278 06e7a023 sw               x14, 96(x15)        x14:ffffffff x15:00030000  PA:00030060
   2186ns             215 0000027c 06e7a623 sw               x14, 108(x15)       x14:ffffffff x15:00030000  PA:0003006c
   2196ns             216 00000280 0407aa23 sw               x0, 84(x15)         x15:00030000  PA:00030054
   2206ns             217 00000284 04c7ac23 sw               x12, 88(x15)        x12:ffff0000 x15:00030000  PA:00030058
   2216ns             218 00000288 0407ae23 sw               x0, 92(x15)         x15:00030000  PA:0003005c
   2226ns             219 0000028c 0607a223 sw               x0, 100(x15)        x15:00030000  PA:00030064
   2236ns             220 00000290 0607a423 sw               x0, 104(x15)        x15:00030000  PA:00030068
   2246ns             221 00000294 0607a823 sw               x0, 112(x15)        x15:00030000  PA:00030070
   2256ns             222 00000298 0607aa23 sw               x0, 116(x15)        x15:00030000  PA:00030074
   2266ns             223 0000029c 0a07a823 sw               x0, 176(x15)        x15:00030000  PA:000300b0
   2276ns             224 000002a0 0c07a823 sw               x0, 208(x15)        x15:00030000  PA:000300d0
   2286ns             225 000002a4 0a07aa23 sw               x0, 180(x15)        x15:00030000  PA:000300b4
   2296ns             226 000002a8 0c07aa23 sw               x0, 212(x15)        x15:00030000  PA:000300d4
   2306ns             227 000002ac 0a07ac23 sw               x0, 184(x15)        x15:00030000  PA:000300b8
   2316ns             228 000002b0 0c07ac23 sw               x0, 216(x15)        x15:00030000  PA:000300d8
   2326ns             229 000002b4 0a07ae23 sw               x0, 188(x15)        x15:00030000  PA:000300bc
   2336ns             230 000002b8 0c07ae23 sw               x0, 220(x15)        x15:00030000  PA:000300dc
   2346ns             231 000002bc 0c07a023 sw               x0, 192(x15)        x15:00030000  PA:000300c0
   2356ns             232 000002c0 0e07a023 sw               x0, 224(x15)        x15:00030000  PA:000300e0
   2366ns             233 000002c4 0c07a223 sw               x0, 196(x15)        x15:00030000  PA:000300c4
   2376ns             234 000002c8 0e07a223 sw               x0, 228(x15)        x15:00030000  PA:000300e4
   2386ns             235 000002cc 07878713 addi             x14, x15, 120       x14=00030078 x15:00030000
   2396ns             236 000002d0 09078793 addi             x15, x15, 144       x15=00030090 x15:00030000
   2406ns             237 000002d4 00020837 lui              x16, 0x20000        x16=00020000
   2416ns             238 000002d8 ffc8303b sw_active_or     Nx0 -4(x16)         x16:00020000  PA:0001fffc
   2426ns             239 000002dc a007261b lw_mask          x12, x0, -48(x14)   x12=00000000 x14:00030078  PA:00030048
   2436ns             240 000002e0 00470713 addi             x14, x14, 4         x14=0003007c x14:00030078
   2446ns             241 000002e4 c8c7269b lw_mask          x13, x12, -28(x14)  x13=ffffffff x12:00000000 x14:0003007c  PA:00030060
   2456ns             242 000002e8 f807261b lw_mask          x12, x0, -4(x14)    x12=00000000 x14:0003007c  PA:00030078
   2476ns             244 000002ec 00c6f6b3 and              x13, x13, x12       x13=00000000 x13:ffffffff x12:00000000
   2486ns             245 000002f0 02d72a23 sw               x13, 52(x14)        x13:00000000 x14:0003007c  PA:000300b0
   2496ns             246 000002f4 fef714e3 bne              x14, x15, -24       x14:0003007c x15:00030090
   2526ns             249 000002dc a007261b lw_mask          x12, x0, -48(x14)   x12=ffff0000 x14:0003007c  PA:0003004c
   2536ns             250 000002e0 00470713 addi             x14, x14, 4         x14=00030080 x14:0003007c
   2546ns             251 000002e4 c8c7269b lw_mask          x13, x12, -28(x14)  x13=ffff0000 x12:ffff0000 x14:00030080  PA:00030064
   2556ns             252 000002e8 f807261b lw_mask          x12, x0, -4(x14)    x12=00000000 x14:00030080  PA:0003007c
   2576ns             254 000002ec 00c6f6b3 and              x13, x13, x12       x13=00000000 x13:ffff0000 x12:00000000
   2586ns             255 000002f0 02d72a23 sw               x13, 52(x14)        x13:00000000 x14:00030080  PA:000300b4
   2596ns             256 000002f4 fef714e3 bne              x14, x15, -24       x14:00030080 x15:00030090
   2626ns             259 000002dc a007261b lw_mask          x12, x0, -48(x14)   x12=00000000 x14:00030080  PA:00030050
   2636ns             260 000002e0 00470713 addi             x14, x14, 4         x14=00030084 x14:00030080
   2646ns             261 000002e4 c8c7269b lw_mask          x13, x12, -28(x14)  x13=00000000 x12:00000000 x14:00030084  PA:00030068
   2656ns             262 000002e8 f807261b lw_mask          x12, x0, -4(x14)    x12=00000000 x14:00030084  PA:00030080
   2676ns             264 000002ec 00c6f6b3 and              x13, x13, x12       x13=00000000 x13:00000000 x12:00000000
   2686ns             265 000002f0 02d72a23 sw               x13, 52(x14)        x13:00000000 x14:00030084  PA:000300b8
   2696ns             266 000002f4 fef714e3 bne              x14, x15, -24       x14:00030084 x15:00030090
   2726ns             269 000002dc a007261b lw_mask          x12, x0, -48(x14)   x12=00000000 x14:00030084  PA:00030054
   2736ns             270 000002e0 00470713 addi             x14, x14, 4         x14=00030088 x14:00030084
   2746ns             271 000002e4 c8c7269b lw_mask          x13, x12, -28(x14)  x13=ffffffff x12:00000000 x14:00030088  PA:0003006c
   2756ns             272 000002e8 f807261b lw_mask          x12, x0, -4(x14)    x12=ffffffff x14:00030088  PA:00030084
   2776ns             274 000002ec 00c6f6b3 and              x13, x13, x12       x13=ffffffff x13:ffffffff x12:ffffffff
   2786ns             275 000002f0 02d72a23 sw               x13, 52(x14)        x13:ffffffff x14:00030088  PA:000300bc
   2796ns             276 000002f4 fef714e3 bne              x14, x15, -24       x14:00030088 x15:00030090
   2826ns             279 000002dc a007261b lw_mask          x12, x0, -48(x14)   x12=ffff0000 x14:00030088  PA:00030058
   2836ns             280 000002e0 00470713 addi             x14, x14, 4         x14=0003008c x14:00030088
   2846ns             281 000002e4 c8c7269b lw_mask          x13, x12, -28(x14)  x13=ffff0000 x12:ffff0000 x14:0003008c  PA:00030070
   2856ns             282 000002e8 f807261b lw_mask          x12, x0, -4(x14)    x12=ffffffff x14:0003008c  PA:00030088
   2876ns             284 000002ec 00c6f6b3 and              x13, x13, x12       x13=ffff0000 x13:ffff0000 x12:ffffffff
   2886ns             285 000002f0 02d72a23 sw               x13, 52(x14)        x13:ffff0000 x14:0003008c  PA:000300c0
   2896ns             286 000002f4 fef714e3 bne              x14, x15, -24       x14:0003008c x15:00030090
   2926ns             289 000002dc a007261b lw_mask          x12, x0, -48(x14)   x12=00000000 x14:0003008c  PA:0003005c
   2936ns             290 000002e0 00470713 addi             x14, x14, 4         x14=00030090 x14:0003008c
   2946ns             291 000002e4 c8c7269b lw_mask          x13, x12, -28(x14)  x13=00000000 x12:00000000 x14:00030090  PA:00030074
   2956ns             292 000002e8 f807261b lw_mask          x12, x0, -4(x14)    x12=ffffffff x14:00030090  PA:0003008c
   2976ns             294 000002ec 00c6f6b3 and              x13, x13, x12       x13=00000000 x13:00000000 x12:ffffffff
   2986ns             295 000002f0 02d72a23 sw               x13, 52(x14)        x13:00000000 x14:00030090  PA:000300c4
   2996ns             296 000002f4 fef714e3 bne              x14, x15, -24       x14:00030090 x15:00030090
   3006ns             297 000002f8 000307b7 lui              x15, 0x30000        x15=00030000
   3016ns             298 000002fc 01878693 addi             x13, x15, 24        x13=00030018 x15:00030000
   3026ns             299 00000300 3007a71b lw_mask          x14, x0, 24(x15)    x14=00000000 x15:00030000  PA:00030018
   3036ns             300 00000304 00478793 addi             x15, x15, 4         x15=00030004 x15:00030000
   3046ns             301 00000308 f8e7a61b lw_mask          x12, x14, -4(x15)   x12=00000000 x14:00000000 x15:00030004  PA:00030000
   3066ns             303 0000030c fff64613 xori             x12, x12, -1        x12=ffffffff x12:00000000
   3076ns             304 00000310 0cc7a623 sw               x12, 204(x15)       x12:ffffffff x15:00030004  PA:000300d0
   3086ns             305 00000314 fed796e3 bne              x15, x13, -20       x15:00030004 x13:00030018
   3116ns             308 00000300 3007a71b lw_mask          x14, x0, 24(x15)    x14=00000000 x15:00030004  PA:0003001c
   3126ns             309 00000304 00478793 addi             x15, x15, 4         x15=00030008 x15:00030004
   3136ns             310 00000308 f8e7a61b lw_mask          x12, x14, -4(x15)   x12=00000000 x14:00000000 x15:00030008  PA:00030004
   3156ns             312 0000030c fff64613 xori             x12, x12, -1        x12=ffffffff x12:00000000
   3166ns             313 00000310 0cc7a623 sw               x12, 204(x15)       x12:ffffffff x15:00030008  PA:000300d4
   3176ns             314 00000314 fed796e3 bne              x15, x13, -20       x15:00030008 x13:00030018
   3206ns             317 00000300 3007a71b lw_mask          x14, x0, 24(x15)    x14=ffff0000 x15:00030008  PA:00030020
   3216ns             318 00000304 00478793 addi             x15, x15, 4         x15=0003000c x15:00030008
   3226ns             319 00000308 f8e7a61b lw_mask          x12, x14, -4(x15)   x12=ffffffff x14:ffff0000 x15:0003000c  PA:00030008
   3246ns             321 0000030c fff64613 xori             x12, x12, -1        x12=00000000 x12:ffffffff
   3256ns             322 00000310 0cc7a623 sw               x12, 204(x15)       x12:00000000 x15:0003000c  PA:000300d8
   3266ns             323 00000314 fed796e3 bne              x15, x13, -20       x15:0003000c x13:00030018
   3296ns             326 00000300 3007a71b lw_mask          x14, x0, 24(x15)    x14=00000000 x15:0003000c  PA:00030024
   3306ns             327 00000304 00478793 addi             x15, x15, 4         x15=00030010 x15:0003000c
   3316ns             328 00000308 f8e7a61b lw_mask          x12, x14, -4(x15)   x12=00000000 x14:00000000 x15:00030010  PA:0003000c
   3336ns             330 0000030c fff64613 xori             x12, x12, -1        x12=ffffffff x12:00000000
   3346ns             331 00000310 0cc7a623 sw               x12, 204(x15)       x12:ffffffff x15:00030010  PA:000300dc
   3356ns             332 00000314 fed796e3 bne              x15, x13, -20       x15:00030010 x13:00030018
   3386ns             335 00000300 3007a71b lw_mask          x14, x0, 24(x15)    x14=00000000 x15:00030010  PA:00030028
   3396ns             336 00000304 00478793 addi             x15, x15, 4         x15=00030014 x15:00030010
   3406ns             337 00000308 f8e7a61b lw_mask          x12, x14, -4(x15)   x12=00000000 x14:00000000 x15:00030014  PA:00030010
   3426ns             339 0000030c fff64613 xori             x12, x12, -1        x12=ffffffff x12:00000000
   3436ns             340 00000310 0cc7a623 sw               x12, 204(x15)       x12:ffffffff x15:00030014  PA:000300e0
   3446ns             341 00000314 fed796e3 bne              x15, x13, -20       x15:00030014 x13:00030018
   3476ns             344 00000300 3007a71b lw_mask          x14, x0, 24(x15)    x14=ffff0000 x15:00030014  PA:0003002c
   3486ns             345 00000304 00478793 addi             x15, x15, 4         x15=00030018 x15:00030014
   3496ns             346 00000308 f8e7a61b lw_mask          x12, x14, -4(x15)   x12=ffffffff x14:ffff0000 x15:00030018  PA:00030014
   3516ns             348 0000030c fff64613 xori             x12, x12, -1        x12=00000000 x12:ffffffff
   3526ns             349 00000310 0cc7a623 sw               x12, 204(x15)       x12:00000000 x15:00030018  PA:000300e4
   3536ns             350 00000314 fed796e3 bne              x15, x13, -20       x15:00030018 x13:00030018
   3546ns             351 00000318 ffc8003b sw_active_none   Nx0 -4(x16)         x16:00020000  PA:0001fffc
   3556ns             352 0000031c 00000513 addi             x10, x0, 0          x10=00000000
   3566ns             353 00000320 00008067 jalr             x0, x1, 0            x1:000001d8
   3586ns             355 000001d8 4360006f jal              x0, 1078           
   3606ns             357 0000060e ff010113 addi             x2, x2, -16          x2=00004fe0  x2:00004ff0
   3616ns             358 00000610 00000593 addi             x11, x0, 0          x11=00000000
   3626ns             359 00000612 00812423 sw               x8, 8(x2)            x8:00000000  x2:00004fe0  PA:00004fe8
   3636ns             360 00000614 00112623 sw               x1, 12(x2)           x1:000001d8  x2:00004fe0  PA:00004fec
   3646ns             361 00000616 00a00433 add              x8, x0, x10          x8=00000000 x10:00000000
   3656ns             362 00000618 35e000ef jal              x1, 862              x1=0000061a
   3676ns             364 00000976 fd010113 addi             x2, x2, -48          x2=00004fb0  x2:00004fe0
   3686ns             365 00000978 01412c23 sw               x20, 24(x2)         x20:00000000  x2:00004fb0  PA:00004fc8
   3696ns             366 0000097a 0301aa03 lw               x20, 48(x3)         x20=00002768  x3:00002f68  PA:00002f98
   3706ns             367 0000097e 03212023 sw               x18, 32(x2)         x18:00000000  x2:00004fb0  PA:00004fd0
   3716ns             368 00000980 02112623 sw               x1, 44(x2)           x1:0000061a  x2:00004fb0  PA:00004fdc
   3726ns             369 00000982 148a2903 lw               x18, 328(x20)       x18=000028b4 x20:00002768  PA:000028b0
   3736ns             370 00000986 02812423 sw               x8, 40(x2)           x8:00000000  x2:00004fb0  PA:00004fd8
   3746ns             371 00000988 02912223 sw               x9, 36(x2)           x9:00000000  x2:00004fb0  PA:00004fd4
   3756ns             372 0000098a 01312e23 sw               x19, 28(x2)         x19:00000000  x2:00004fb0  PA:00004fcc
   3766ns             373 0000098c 01512a23 sw               x21, 20(x2)         x21:00000000  x2:00004fb0  PA:00004fc4
   3776ns             374 0000098e 01612823 sw               x22, 16(x2)         x22:00000000  x2:00004fb0  PA:00004fc0
   3786ns             375 00000990 01712623 sw               x23, 12(x2)         x23:00000000  x2:00004fb0  PA:00004fbc
   3796ns             376 00000992 01812423 sw               x24, 8(x2)          x24:00000000  x2:00004fb0  PA:00004fb8
   3806ns             377 00000994 02090863 beq              x18, x0, 48         x18:000028b4
   3816ns             378 00000998 00a00b33 add              x22, x0, x10        x22=00000000 x10:00000000
   3826ns             379 0000099a 00b00bb3 add              x23, x0, x11        x23=00000000 x11:00000000
   3836ns             380 0000099c 00100a93 addi             x21, x0, 1          x21=00000001
   3846ns             381 0000099e fff00993 addi             x19, x0, -1         x19=ffffffff
   3856ns             382 000009a0 00492483 lw               x9, 4(x18)           x9=00000001 x18:000028b4  PA:000028b8
   3876ns             384 000009a4 fff48413 addi             x8, x9, -1           x8=00000000  x9:00000001
   3886ns             385 000009a8 00044e63 blt              x8, x0, 28           x8:00000000
   3896ns             386 000009ac 00249493 slli             x9, x9, 0x2          x9=00000004  x9:00000001
   3906ns             387 000009ae 012484b3 add              x9, x9, x18          x9=000028b8  x9:00000004 x18:000028b4
   3916ns             388 000009b0 020b8663 beq              x23, x0, 44         x23:00000000
   3946ns             391 000009dc 00492783 lw               x15, 4(x18)         x15=00000001 x18:000028b4  PA:000028b8
   3956ns             392 000009e0 0044a683 lw               x13, 4(x9)          x13=00000628  x9:000028b8  PA:000028bc
   3966ns             393 000009e2 fff78793 addi             x15, x15, -1        x15=00000000 x15:00000001
   3976ns             394 000009e4 04878263 beq              x15, x8, 68         x15:00000000  x8:00000000
   4006ns             397 00000a28 00892223 sw               x8, 4(x18)           x8:00000000 x18:000028b4  PA:000028b8
   4016ns             398 00000a2c fc1ff06f jal              x0, -64            
   4036ns             400 000009ec fc0688e3 beq              x13, x0, -48        x13:00000628
   4046ns             401 000009ee 18892783 lw               x15, 392(x18)       x15=00000000 x18:000028b4  PA:00002a3c
   4056ns             402 000009f2 008a9733 sll              x14, x21, x8        x14=00000001 x21:00000001  x8:00000000
   4066ns             403 000009f6 00492c03 lw               x24, 4(x18)         x24=00000000 x18:000028b4  PA:000028b8
   4076ns             404 000009fa 00e7f7b3 and              x15, x15, x14       x15=00000000 x15:00000000 x14:00000001
   4086ns             405 000009fc 00079d63 bne              x15, x0, 26         x15:00000000
   4096ns             406 000009fe 000680e7 jalr             x1, x13, 0           x1=00000a00 x13:00000628
   4116ns             408 00000628 ff010113 addi             x2, x2, -16          x2=00004fa0  x2:00004fb0
   4126ns             409 0000062a 00812423 sw               x8, 8(x2)            x8:00000000  x2:00004fa0  PA:00004fa8
   4136ns             410 0000062c 000027b7 lui              x15, 0x2000         x15=00002000
   4146ns             411 0000062e 00002437 lui              x8, 0x2000           x8=00002000
   4156ns             412 00000630 76440413 addi             x8, x8, 1892         x8=00002764  x8:00002000
   4166ns             413 00000634 76478793 addi             x15, x15, 1892      x15=00002764 x15:00002000
   4176ns             414 00000638 408787b3 sub              x15, x15, x8        x15=00000000 x15:00002764  x8:00002764
   4186ns             415 0000063a 00912223 sw               x9, 4(x2)            x9:000028b8  x2:00004fa0  PA:00004fa4
   4196ns             416 0000063c 00112623 sw               x1, 12(x2)           x1:00000a00  x2:00004fa0  PA:00004fac
   4206ns             417 0000063e 4027d493 srai             x9, x15, 0x402       x9=00000000 x15:00000000
   4216ns             418 00000642 00048863 beq              x9, x0, 16           x9:00000000
   4246ns             421 00000652 00c12083 lw               x1, 12(x2)           x1=00000a00  x2:00004fa0  PA:00004fac
   4256ns             422 00000654 00812403 lw               x8, 8(x2)            x8=00000000  x2:00004fa0  PA:00004fa8
   4266ns             423 00000656 00412483 lw               x9, 4(x2)            x9=000028b8  x2:00004fa0  PA:00004fa4
   4276ns             424 00000658 01010113 addi             x2, x2, 16           x2=00004fb0  x2:00004fa0
   4286ns             425 0000065a 00008067 jalr             x0, x1, 0            x1:00000a00
   4306ns             427 00000a00 00492703 lw               x14, 4(x18)         x14=00000000 x18:000028b4  PA:000028b8
   4316ns             428 00000a04 148a2783 lw               x15, 328(x20)       x15=000028b4 x20:00002768  PA:000028b0
   4326ns             429 00000a08 01871463 bne              x14, x24, 8         x14:00000000 x24:00000000
   4336ns             430 00000a0c faf908e3 beq              x18, x15, -80       x18:000028b4 x15:000028b4
   4366ns             433 000009bc fff40413 addi             x8, x8, -1           x8=ffffffff  x8:00000000
   4376ns             434 000009be ffc48493 addi             x9, x9, -4           x9=000028b4  x9:000028b8
   4386ns             435 000009c0 ff3418e3 bne              x8, x19, -16         x8:ffffffff x19:ffffffff
   4396ns             436 000009c4 02c12083 lw               x1, 44(x2)           x1=0000061a  x2:00004fb0  PA:00004fdc
   4406ns             437 000009c6 02812403 lw               x8, 40(x2)           x8=00000000  x2:00004fb0  PA:00004fd8
   4416ns             438 000009c8 02412483 lw               x9, 36(x2)           x9=00000000  x2:00004fb0  PA:00004fd4
   4426ns             439 000009ca 02012903 lw               x18, 32(x2)         x18=00000000  x2:00004fb0  PA:00004fd0
   4436ns             440 000009cc 01c12983 lw               x19, 28(x2)         x19=00000000  x2:00004fb0  PA:00004fcc
   4446ns             441 000009ce 01812a03 lw               x20, 24(x2)         x20=00000000  x2:00004fb0  PA:00004fc8
   4456ns             442 000009d0 01412a83 lw               x21, 20(x2)         x21=00000000  x2:00004fb0  PA:00004fc4
   4466ns             443 000009d2 01012b03 lw               x22, 16(x2)         x22=00000000  x2:00004fb0  PA:00004fc0
   4476ns             444 000009d4 00c12b83 lw               x23, 12(x2)         x23=00000000  x2:00004fb0  PA:00004fbc
   4486ns             445 000009d6 00812c03 lw               x24, 8(x2)          x24=00000000  x2:00004fb0  PA:00004fb8
   4496ns             446 000009d8 03010113 addi             x2, x2, 48           x2=00004fe0  x2:00004fb0
   4506ns             447 000009da 00008067 jalr             x0, x1, 0            x1:0000061a
   4536ns             450 0000061a 0301a503 lw               x10, 48(x3)         x10=00002768  x3:00002f68  PA:00002f98
   4556ns             452 0000061e 03c52783 lw               x15, 60(x10)        x15=00000000 x10:00002768  PA:000027a4
   4576ns             454 00000620 00078263 beq              x15, x0, 4          x15:00000000
   4606ns             457 00000624 00800533 add              x10, x0, x8         x10=00000000  x8:00000000
   4616ns             458 00000626 d9bff0ef jal              x1, -614             x1=00000628
   4636ns             460 000003c0 200007b7 lui              x15, 0x20000000     x15=20000000
