                Time          Cycles PC       Instr    Mnemonic
     96ns               6 00000180 00003197 auipc            x3, 0x3000           x3=00003180
    106ns               7 00000184 d7818193 addi             x3, x3, -648         x3=00002ef8  x3:00003180
    116ns               8 00000188 00005117 auipc            x2, 0x5000           x2=00005188
    126ns               9 0000018c df810113 addi             x2, x2, -520         x2=00004f80  x2:00005188
    136ns              10 00000190 00000517 auipc            x10, 0x0            x10=00000190
    146ns              11 00000194 e7050513 addi             x10, x10, -400      x10=00000000 x10:00000190
    156ns              12 00000198 30551073 csrrw            x0, x10, 0x305      x10:00000000
    166ns              13 0000019c 10000513 addi             x10, x0, 256        x10=00000100
    176ns              14 000001a0 7d151073 csrrw            x0, x10, 0x7d1      x10:00000100
    186ns              15 000001a4 04418513 addi             x10, x3, 68         x10=00002f3c  x3:00002ef8
    196ns              16 000001a8 07c18613 addi             x12, x3, 124        x12=00002f74  x3:00002ef8
    206ns              17 000001ac 40a60633 sub              x12, x12, x10       x12=00000038 x12:00002f74 x10:00002f3c
    216ns              18 000001b0 00000593 addi             x11, x0, 0          x11=00000000
    226ns              19 000001b4 472000ef jal              x1, 1138             x1=000001b8
    246ns              21 00000626 00f00313 addi             x6, x0, 15           x6=0000000f
    256ns              22 00000628 00a00733 add              x14, x0, x10        x14=00002f3c x10:00002f3c
    266ns              23 0000062a 02c37363 bgeu             x6, x12, 38          x6:0000000f x12:00000038
    276ns              24 0000062e 00f77793 andi             x15, x14, 15        x15=0000000c x14:00002f3c
    286ns              25 00000632 06079f63 bne              x15, x0, 126        x15:0000000c
    316ns              28 000006b0 00279693 slli             x13, x15, 0x2       x13=00000030 x15:0000000c
    326ns              29 000006b4 00000297 auipc            x5, 0x0              x5=000006b4
    336ns              30 000006b8 005686b3 add              x13, x13, x5        x13=000006e4 x13:00000030  x5:000006b4
    346ns              31 000006ba 001002b3 add              x5, x0, x1           x5=000001b8  x1:000001b8
    356ns              32 000006bc fa8680e7 jalr             x1, x13, -88         x1=000006c0 x13:000006e4
    376ns              34 0000068c 00b701a3 sb               x11, 3(x14)         x11:00000000 x14:00002f3c  PA:00002f3f
    386ns              35 00000690 00b70123 sb               x11, 2(x14)         x11:00000000 x14:00002f3c  PA:00002f3e
    396ns              36 00000694 00b700a3 sb               x11, 1(x14)         x11:00000000 x14:00002f3c  PA:00002f3d
    406ns              37 00000698 00b70023 sb               x11, 0(x14)         x11:00000000 x14:00002f3c  PA:00002f3c
    416ns              38 0000069c 00008067 jalr             x0, x1, 0            x1:000006c0
    436ns              40 000006c0 005000b3 add              x1, x0, x5           x1=000001b8  x5:000001b8
    446ns              41 000006c2 ff078793 addi             x15, x15, -16       x15=fffffffc x15:0000000c
    456ns              42 000006c4 40f70733 sub              x14, x14, x15       x14=00002f40 x14:00002f3c x15:fffffffc
    466ns              43 000006c6 00f60633 add              x12, x12, x15       x12=00000034 x12:00000038 x15:fffffffc
    476ns              44 000006c8 f8c374e3 bgeu             x6, x12, -120        x6:0000000f x12:00000034
    486ns              45 000006cc f69ff06f jal              x0, -152           
    506ns              47 00000634 06059563 bne              x11, x0, 106        x11:00000000
    516ns              48 00000636 ff067693 andi             x13, x12, -16       x13=00000030 x12:00000034
    526ns              49 0000063a 00f67613 andi             x12, x12, 15        x12=00000004 x12:00000034
    536ns              50 0000063c 00e686b3 add              x13, x13, x14       x13=00002f70 x13:00000030 x14:00002f40
    546ns              51 0000063e 00b72023 sw               x11, 0(x14)         x11:00000000 x14:00002f40  PA:00002f40
    556ns              52 00000640 00b72223 sw               x11, 4(x14)         x11:00000000 x14:00002f40  PA:00002f44
    566ns              53 00000642 00b72423 sw               x11, 8(x14)         x11:00000000 x14:00002f40  PA:00002f48
    576ns              54 00000644 00b72623 sw               x11, 12(x14)        x11:00000000 x14:00002f40  PA:00002f4c
    586ns              55 00000646 01070713 addi             x14, x14, 16        x14=00002f50 x14:00002f40
    596ns              56 00000648 fed76be3 bltu             x14, x13, -10       x14:00002f50 x13:00002f70
    626ns              59 0000063e 00b72023 sw               x11, 0(x14)         x11:00000000 x14:00002f50  PA:00002f50
    636ns              60 00000640 00b72223 sw               x11, 4(x14)         x11:00000000 x14:00002f50  PA:00002f54
    646ns              61 00000642 00b72423 sw               x11, 8(x14)         x11:00000000 x14:00002f50  PA:00002f58
    656ns              62 00000644 00b72623 sw               x11, 12(x14)        x11:00000000 x14:00002f50  PA:00002f5c
    666ns              63 00000646 01070713 addi             x14, x14, 16        x14=00002f60 x14:00002f50
    676ns              64 00000648 fed76be3 bltu             x14, x13, -10       x14:00002f60 x13:00002f70
    706ns              67 0000063e 00b72023 sw               x11, 0(x14)         x11:00000000 x14:00002f60  PA:00002f60
    716ns              68 00000640 00b72223 sw               x11, 4(x14)         x11:00000000 x14:00002f60  PA:00002f64
    726ns              69 00000642 00b72423 sw               x11, 8(x14)         x11:00000000 x14:00002f60  PA:00002f68
    736ns              70 00000644 00b72623 sw               x11, 12(x14)        x11:00000000 x14:00002f60  PA:00002f6c
    746ns              71 00000646 01070713 addi             x14, x14, 16        x14=00002f70 x14:00002f60
    756ns              72 00000648 fed76be3 bltu             x14, x13, -10       x14:00002f70 x13:00002f70
    766ns              73 0000064c 00061263 bne              x12, x0, 4          x12:00000004
    796ns              76 00000650 40c306b3 sub              x13, x6, x12        x13=0000000b  x6:0000000f x12:00000004
    806ns              77 00000654 00269693 slli             x13, x13, 0x2       x13=0000002c x13:0000000b
    816ns              78 00000656 00000297 auipc            x5, 0x0              x5=00000656
    826ns              79 0000065a 005686b3 add              x13, x13, x5        x13=00000682 x13:0000002c  x5:00000656
    846ns              81 0000065c 00a68067 jalr             x0, x13, 10         x13:00000682
    866ns              83 0000068c 00b701a3 sb               x11, 3(x14)         x11:00000000 x14:00002f70  PA:00002f73
    876ns              84 00000690 00b70123 sb               x11, 2(x14)         x11:00000000 x14:00002f70  PA:00002f72
    886ns              85 00000694 00b700a3 sb               x11, 1(x14)         x11:00000000 x14:00002f70  PA:00002f71
    896ns              86 00000698 00b70023 sb               x11, 0(x14)         x11:00000000 x14:00002f70  PA:00002f70
    906ns              87 0000069c 00008067 jalr             x0, x1, 0            x1:000001b8
    926ns              89 000001b8 00000517 auipc            x10, 0x0            x10=000001b8
    936ns              90 000001bc 3d050513 addi             x10, x10, 976       x10=00000588 x10:000001b8
    946ns              91 000001c0 3a4000ef jal              x1, 932              x1=000001c4
    966ns              93 00000564 00a005b3 add              x11, x0, x10        x11=00000588 x10:00000588
    976ns              94 00000566 00000693 addi             x13, x0, 0          x13=00000000
    986ns              95 00000568 00000613 addi             x12, x0, 0          x12=00000000
    996ns              96 0000056a 00000513 addi             x10, x0, 0          x10=00000000
   1006ns              97 0000056c 2fe0006f jal              x0, 766            
   1036ns             100 0000086a 0301a703 lw               x14, 48(x3)         x14=000026f8  x3:00002ef8  PA:00002f28
   1056ns             102 0000086e 14872783 lw               x15, 328(x14)       x15=00000000 x14:000026f8  PA:00002840
   1076ns             104 00000872 04078063 beq              x15, x0, 64         x15:00000000
   1116ns             108 000008b2 14c70793 addi             x15, x14, 332       x15=00002844 x14:000026f8
   1126ns             109 000008b6 14f72423 sw               x15, 328(x14)       x15:00002844 x14:000026f8  PA:00002840
   1136ns             110 000008ba fbbff06f jal              x0, -70            
   1156ns             112 00000874 0047a703 lw               x14, 4(x15)         x14=00000000 x15:00002844  PA:00002848
   1166ns             113 00000876 01f00813 addi             x16, x0, 31         x16=0000001f
   1176ns             114 00000878 04e84d63 blt              x16, x14, 90        x16:0000001f x14:00000000
   1186ns             115 0000087c 00271813 slli             x16, x14, 0x2       x16=00000000 x14:00000000
   1196ns             116 00000880 02050363 beq              x10, x0, 38         x10:00000000
   1226ns             119 000008a6 00170713 addi             x14, x14, 1         x14=00000001 x14:00000000
   1236ns             120 000008a8 00e7a223 sw               x14, 4(x15)         x14:00000001 x15:00002844  PA:00002848
   1246ns             121 000008aa 010787b3 add              x15, x15, x16       x15=00002844 x15:00002844 x16:00000000
   1256ns             122 000008ac 00b7a423 sw               x11, 8(x15)         x11:00000588 x15:00002844  PA:0000284c
   1266ns             123 000008ae 00000513 addi             x10, x0, 0          x10=00000000
   1276ns             124 000008b0 00008067 jalr             x0, x1, 0            x1:000001c4
   1296ns             126 000001c4 3f8000ef jal              x1, 1016             x1=000001c8
   1316ns             128 000005bc ff010113 addi             x2, x2, -16          x2=00004f70  x2:00004f80
   1326ns             129 000005be 00812423 sw               x8, 8(x2)            x8:00000000  x2:00004f70  PA:00004f78
   1336ns             130 000005c0 01212023 sw               x18, 0(x2)          x18:00000000  x2:00004f70  PA:00004f70
   1346ns             131 000005c2 00002437 lui              x8, 0x2000           x8=00002000
   1356ns             132 000005c4 00002937 lui              x18, 0x2000         x18=00002000
   1366ns             133 000005c6 6ee40793 addi             x15, x8, 1774       x15=000026ee  x8:00002000
   1376ns             134 000005ca 6ee90913 addi             x18, x18, 1774      x18=000026ee x18:00002000
   1386ns             135 000005ce 40f90933 sub              x18, x18, x15       x18=00000000 x18:000026ee x15:000026ee
   1396ns             136 000005d2 00112623 sw               x1, 12(x2)           x1:000001c8  x2:00004f70  PA:00004f7c
   1406ns             137 000005d4 00912223 sw               x9, 4(x2)            x9:00000000  x2:00004f70  PA:00004f74
   1416ns             138 000005d6 40295913 srai             x18, x18, 0x402     x18=00000000 x18:00000000
   1426ns             139 000005da 00090b63 beq              x18, x0, 22         x18:00000000
   1456ns             142 000005f0 00002437 lui              x8, 0x2000           x8=00002000
   1466ns             143 000005f2 00002937 lui              x18, 0x2000         x18=00002000
   1476ns             144 000005f4 6f040793 addi             x15, x8, 1776       x15=000026f0  x8:00002000
   1486ns             145 000005f8 6f490913 addi             x18, x18, 1780      x18=000026f4 x18:00002000
   1496ns             146 000005fc 40f90933 sub              x18, x18, x15       x18=00000004 x18:000026f4 x15:000026f0
   1506ns             147 00000600 40295913 srai             x18, x18, 0x402     x18=00000001 x18:00000004
   1516ns             148 00000604 00090b63 beq              x18, x0, 22         x18:00000001
   1526ns             149 00000608 6f040413 addi             x8, x8, 1776         x8=000026f0  x8:00002000
   1536ns             150 0000060c 00000493 addi             x9, x0, 0            x9=00000000
   1546ns             151 0000060e 00042783 lw               x15, 0(x8)          x15=00000284  x8:000026f0  PA:000026f0
   1556ns             152 00000610 00148493 addi             x9, x9, 1            x9=00000001  x9:00000000
   1566ns             153 00000612 00440413 addi             x8, x8, 4            x8=000026f4  x8:000026f0
   1576ns             154 00000614 000780e7 jalr             x1, x15, 0           x1=00000616 x15:00000284
   1596ns             156 00000284 00000793 addi             x15, x0, 0          x15=00000000
   1606ns             157 00000288 00078463 beq              x15, x0, 8          x15:00000000
   1636ns             160 00000290 00008067 jalr             x0, x1, 0            x1:00000616
   1666ns             163 00000616 fe991ce3 bne              x18, x9, -8         x18:00000001  x9:00000001
   1676ns             164 0000061a 00c12083 lw               x1, 12(x2)           x1=000001c8  x2:00004f70  PA:00004f7c
   1686ns             165 0000061c 00812403 lw               x8, 8(x2)            x8=00000000  x2:00004f70  PA:00004f78
   1696ns             166 0000061e 00412483 lw               x9, 4(x2)            x9=00000000  x2:00004f70  PA:00004f74
   1706ns             167 00000620 00012903 lw               x18, 0(x2)          x18=00000000  x2:00004f70  PA:00004f70
   1716ns             168 00000622 01010113 addi             x2, x2, 16           x2=00004f80  x2:00004f70
   1726ns             169 00000624 00008067 jalr             x0, x1, 0            x1:000001c8
   1746ns             171 000001c8 00012503 lw               x10, 0(x2)          x10=xxxxxxxx  x2:00004f80  PA:00004f80
   1756ns             172 000001cc 00410593 addi             x11, x2, 4          x11=00004f84  x2:00004f80
   1766ns             173 000001d0 00000613 addi             x12, x0, 0          x12=00000000
   1776ns             174 000001d4 00c000ef jal              x1, 12               x1=000001d8
   1796ns             176 000001e0 00003737 lui              x14, 0x3000         x14=00003000
   1806ns             177 000001e4 000307b7 lui              x15, 0x30000        x15=00030000
   1816ns             178 000001e8 49b70713 addi             x14, x14, 1179      x14=0000349b x14:00003000
   1826ns             179 000001ec 00e7a223 sw               x14, 4(x15)         x14:0000349b x15:00030000  PA:00030004
   1836ns             180 000001f0 00007737 lui              x14, 0x7000         x14=00007000
   1846ns             181 000001f4 93670713 addi             x14, x14, -1738     x14=00006936 x14:00007000
   1856ns             182 000001f8 00e7a423 sw               x14, 8(x15)         x14:00006936 x15:00030000  PA:00030008
   1866ns             183 000001fc 0000a737 lui              x14, 0xa000         x14=0000a000
   1876ns             184 00000200 dd170713 addi             x14, x14, -559      x14=00009dd1 x14:0000a000
   1886ns             185 00000204 00e7a623 sw               x14, 12(x15)        x14:00009dd1 x15:00030000  PA:0003000c
   1896ns             186 00000208 0000d737 lui              x14, 0xd000         x14=0000d000
   1906ns             187 0000020c 26c70713 addi             x14, x14, 620       x14=0000d26c x14:0000d000
   1916ns             188 00000210 00e7a823 sw               x14, 16(x15)        x14:0000d26c x15:00030000  PA:00030010
   1926ns             189 00000214 00010737 lui              x14, 0x10000        x14=00010000
   1936ns             190 00000218 70770713 addi             x14, x14, 1799      x14=00010707 x14:00010000
   1946ns             191 0000021c 00e7aa23 sw               x14, 20(x15)        x14:00010707 x15:00030000  PA:00030014
   1956ns             192 00000220 00014737 lui              x14, 0x14000        x14=00014000
   1966ns             193 00000224 ba270713 addi             x14, x14, -1118     x14=00013ba2 x14:00014000
   1976ns             194 00000228 00e7ac23 sw               x14, 24(x15)        x14:00013ba2 x15:00030000  PA:00030018
   1986ns             195 0000022c 00017737 lui              x14, 0x17000        x14=00017000
   1996ns             196 00000230 03d70713 addi             x14, x14, 61        x14=0001703d x14:00017000
   2006ns             197 00000234 00e7ae23 sw               x14, 28(x15)        x14:0001703d x15:00030000  PA:0003001c
   2016ns             198 00000238 0001a737 lui              x14, 0x1a000        x14=0001a000
   2026ns             199 0000023c 4d870713 addi             x14, x14, 1240      x14=0001a4d8 x14:0001a000
   2036ns             200 00000240 02e7a023 sw               x14, 32(x15)        x14:0001a4d8 x15:00030000  PA:00030020
   2046ns             201 00000244 0001e737 lui              x14, 0x1e000        x14=0001e000
   2056ns             202 00000248 97370713 addi             x14, x14, -1677     x14=0001d973 x14:0001e000
   2066ns             203 0000024c 02e7a223 sw               x14, 36(x15)        x14:0001d973 x15:00030000  PA:00030024
   2076ns             204 00000250 00030737 lui              x14, 0x30000        x14=00030000
   2086ns             205 00000254 0007a023 sw               x0, 0(x15)          x15:00030000  PA:00030000
   2096ns             206 00000258 00020637 lui              x12, 0x20000        x12=00020000
   2106ns             207 0000025c 00a00593 addi             x11, x0, 10         x11=0000000a
   2116ns             208 00000260 ffc665bb sw_active_max    Nx11 -4(x12)        x12:00020000 x11:0000000a  PA:0001fffc
   2126ns             209 00000264 0007069b lw_mask          x13, x0, 0(x14)     x13=0001d973 x14:00030000  PA:00030000
   2136ns             210 00000268 ffc655bb sw_active_min    Nx11 -4(x12)        x12:00020000 x11:0000000a  PA:0001fffc
   2466ns             243 0000026c 0007059b lw_mask          x11, x0, 0(x14)     x11=00000000 x14:00030000  PA:00030000
   2476ns             244 00000270 ffc6003b sw_active_none   Nx0 -4(x12)         x12:00020000  PA:0001fffc
   2806ns             277 00000274 0ed7a823 sw               x13, 240(x15)       x13:0001d973 x15:00030000  PA:000300f0
   2816ns             278 00000278 0eb7aa23 sw               x11, 244(x15)       x11:00000000 x15:00030000  PA:000300f4
   2826ns             279 0000027c 00000513 addi             x10, x0, 0          x10=00000000
   2836ns             280 00000280 00008067 jalr             x0, x1, 0            x1:000001d8
   2856ns             282 000001d8 3960006f jal              x0, 918            
   2876ns             284 0000056e ff010113 addi             x2, x2, -16          x2=00004f70  x2:00004f80
   2886ns             285 00000570 00000593 addi             x11, x0, 0          x11=00000000
   2896ns             286 00000572 00812423 sw               x8, 8(x2)            x8:00000000  x2:00004f70  PA:00004f78
   2906ns             287 00000574 00112623 sw               x1, 12(x2)           x1:000001d8  x2:00004f70  PA:00004f7c
   2916ns             288 00000576 00a00433 add              x8, x0, x10          x8=00000000 x10:00000000
   2926ns             289 00000578 35e000ef jal              x1, 862              x1=0000057a
   2946ns             291 000008d6 fd010113 addi             x2, x2, -48          x2=00004f40  x2:00004f70
   2956ns             292 000008d8 01412c23 sw               x20, 24(x2)         x20:00000000  x2:00004f40  PA:00004f58
   2966ns             293 000008da 0301aa03 lw               x20, 48(x3)         x20=000026f8  x3:00002ef8  PA:00002f28
   2976ns             294 000008de 03212023 sw               x18, 32(x2)         x18:00000000  x2:00004f40  PA:00004f60
   2986ns             295 000008e0 02112623 sw               x1, 44(x2)           x1:0000057a  x2:00004f40  PA:00004f6c
   2996ns             296 000008e2 148a2903 lw               x18, 328(x20)       x18=00002844 x20:000026f8  PA:00002840
   3006ns             297 000008e6 02812423 sw               x8, 40(x2)           x8:00000000  x2:00004f40  PA:00004f68
   3016ns             298 000008e8 02912223 sw               x9, 36(x2)           x9:00000000  x2:00004f40  PA:00004f64
   3026ns             299 000008ea 01312e23 sw               x19, 28(x2)         x19:00000000  x2:00004f40  PA:00004f5c
   3036ns             300 000008ec 01512a23 sw               x21, 20(x2)         x21:00000000  x2:00004f40  PA:00004f54
   3046ns             301 000008ee 01612823 sw               x22, 16(x2)         x22:00000000  x2:00004f40  PA:00004f50
   3056ns             302 000008f0 01712623 sw               x23, 12(x2)         x23:00000000  x2:00004f40  PA:00004f4c
   3066ns             303 000008f2 01812423 sw               x24, 8(x2)          x24:00000000  x2:00004f40  PA:00004f48
   3076ns             304 000008f4 02090863 beq              x18, x0, 48         x18:00002844
   3086ns             305 000008f8 00a00b33 add              x22, x0, x10        x22=00000000 x10:00000000
   3096ns             306 000008fa 00b00bb3 add              x23, x0, x11        x23=00000000 x11:00000000
   3106ns             307 000008fc 00100a93 addi             x21, x0, 1          x21=00000001
   3116ns             308 000008fe fff00993 addi             x19, x0, -1         x19=ffffffff
   3126ns             309 00000900 00492483 lw               x9, 4(x18)           x9=00000001 x18:00002844  PA:00002848
   3146ns             311 00000904 fff48413 addi             x8, x9, -1           x8=00000000  x9:00000001
   3156ns             312 00000908 00044e63 blt              x8, x0, 28           x8:00000000
   3166ns             313 0000090c 00249493 slli             x9, x9, 0x2          x9=00000004  x9:00000001
   3176ns             314 0000090e 012484b3 add              x9, x9, x18          x9=00002848  x9:00000004 x18:00002844
   3186ns             315 00000910 020b8663 beq              x23, x0, 44         x23:00000000
   3216ns             318 0000093c 00492783 lw               x15, 4(x18)         x15=00000001 x18:00002844  PA:00002848
   3226ns             319 00000940 0044a683 lw               x13, 4(x9)          x13=00000588  x9:00002848  PA:0000284c
   3236ns             320 00000942 fff78793 addi             x15, x15, -1        x15=00000000 x15:00000001
   3246ns             321 00000944 04878263 beq              x15, x8, 68         x15:00000000  x8:00000000
   3276ns             324 00000988 00892223 sw               x8, 4(x18)           x8:00000000 x18:00002844  PA:00002848
   3286ns             325 0000098c fc1ff06f jal              x0, -64            
   3306ns             327 0000094c fc0688e3 beq              x13, x0, -48        x13:00000588
   3316ns             328 0000094e 18892783 lw               x15, 392(x18)       x15=00000000 x18:00002844  PA:000029cc
   3326ns             329 00000952 008a9733 sll              x14, x21, x8        x14=00000001 x21:00000001  x8:00000000
   3336ns             330 00000956 00492c03 lw               x24, 4(x18)         x24=00000000 x18:00002844  PA:00002848
   3346ns             331 0000095a 00e7f7b3 and              x15, x15, x14       x15=00000000 x15:00000000 x14:00000001
   3356ns             332 0000095c 00079d63 bne              x15, x0, 26         x15:00000000
   3366ns             333 0000095e 000680e7 jalr             x1, x13, 0           x1=00000960 x13:00000588
   3386ns             335 00000588 ff010113 addi             x2, x2, -16          x2=00004f30  x2:00004f40
   3396ns             336 0000058a 00812423 sw               x8, 8(x2)            x8:00000000  x2:00004f30  PA:00004f38
   3406ns             337 0000058c 000027b7 lui              x15, 0x2000         x15=00002000
   3416ns             338 0000058e 00002437 lui              x8, 0x2000           x8=00002000
   3426ns             339 00000590 6f440413 addi             x8, x8, 1780         x8=000026f4  x8:00002000
   3436ns             340 00000594 6f478793 addi             x15, x15, 1780      x15=000026f4 x15:00002000
   3446ns             341 00000598 408787b3 sub              x15, x15, x8        x15=00000000 x15:000026f4  x8:000026f4
   3456ns             342 0000059a 00912223 sw               x9, 4(x2)            x9:00002848  x2:00004f30  PA:00004f34
   3466ns             343 0000059c 00112623 sw               x1, 12(x2)           x1:00000960  x2:00004f30  PA:00004f3c
   3476ns             344 0000059e 4027d493 srai             x9, x15, 0x402       x9=00000000 x15:00000000
   3486ns             345 000005a2 00048863 beq              x9, x0, 16           x9:00000000
   3516ns             348 000005b2 00c12083 lw               x1, 12(x2)           x1=00000960  x2:00004f30  PA:00004f3c
   3526ns             349 000005b4 00812403 lw               x8, 8(x2)            x8=00000000  x2:00004f30  PA:00004f38
   3536ns             350 000005b6 00412483 lw               x9, 4(x2)            x9=00002848  x2:00004f30  PA:00004f34
   3546ns             351 000005b8 01010113 addi             x2, x2, 16           x2=00004f40  x2:00004f30
   3556ns             352 000005ba 00008067 jalr             x0, x1, 0            x1:00000960
   3576ns             354 00000960 00492703 lw               x14, 4(x18)         x14=00000000 x18:00002844  PA:00002848
   3586ns             355 00000964 148a2783 lw               x15, 328(x20)       x15=00002844 x20:000026f8  PA:00002840
   3596ns             356 00000968 01871463 bne              x14, x24, 8         x14:00000000 x24:00000000
   3606ns             357 0000096c faf908e3 beq              x18, x15, -80       x18:00002844 x15:00002844
   3636ns             360 0000091c fff40413 addi             x8, x8, -1           x8=ffffffff  x8:00000000
   3646ns             361 0000091e ffc48493 addi             x9, x9, -4           x9=00002844  x9:00002848
   3656ns             362 00000920 ff3418e3 bne              x8, x19, -16         x8:ffffffff x19:ffffffff
   3666ns             363 00000924 02c12083 lw               x1, 44(x2)           x1=0000057a  x2:00004f40  PA:00004f6c
   3676ns             364 00000926 02812403 lw               x8, 40(x2)           x8=00000000  x2:00004f40  PA:00004f68
   3686ns             365 00000928 02412483 lw               x9, 36(x2)           x9=00000000  x2:00004f40  PA:00004f64
   3696ns             366 0000092a 02012903 lw               x18, 32(x2)         x18=00000000  x2:00004f40  PA:00004f60
   3706ns             367 0000092c 01c12983 lw               x19, 28(x2)         x19=00000000  x2:00004f40  PA:00004f5c
   3716ns             368 0000092e 01812a03 lw               x20, 24(x2)         x20=00000000  x2:00004f40  PA:00004f58
   3726ns             369 00000930 01412a83 lw               x21, 20(x2)         x21=00000000  x2:00004f40  PA:00004f54
   3736ns             370 00000932 01012b03 lw               x22, 16(x2)         x22=00000000  x2:00004f40  PA:00004f50
   3746ns             371 00000934 00c12b83 lw               x23, 12(x2)         x23=00000000  x2:00004f40  PA:00004f4c
   3756ns             372 00000936 00812c03 lw               x24, 8(x2)          x24=00000000  x2:00004f40  PA:00004f48
   3766ns             373 00000938 03010113 addi             x2, x2, 48           x2=00004f70  x2:00004f40
   3776ns             374 0000093a 00008067 jalr             x0, x1, 0            x1:0000057a
   3806ns             377 0000057a 0301a503 lw               x10, 48(x3)         x10=000026f8  x3:00002ef8  PA:00002f28
   3826ns             379 0000057e 03c52783 lw               x15, 60(x10)        x15=00000000 x10:000026f8  PA:00002734
   3846ns             381 00000580 00078263 beq              x15, x0, 4          x15:00000000
   3876ns             384 00000584 00800533 add              x10, x0, x8         x10=00000000  x8:00000000
   3886ns             385 00000586 d9bff0ef jal              x1, -614             x1=00000588
   3906ns             387 00000320 200007b7 lui              x15, 0x20000000     x15=20000000
