                Time          Cycles PC       Instr    Mnemonic
     96ns               5 00000180 00003197 auipc            x3, 0x3000           x3=00003180
    106ns               6 00000184 d7818193 addi             x3, x3, -648         x3=00002ef8  x3:00003180
    116ns               7 00000188 00005117 auipc            x2, 0x5000           x2=00005188
    126ns               8 0000018c df810113 addi             x2, x2, -520         x2=00004f80  x2:00005188
    136ns               9 00000190 00000517 auipc            x10, 0x0            x10=00000190
    146ns              10 00000194 e7050513 addi             x10, x10, -400      x10=00000000 x10:00000190
    156ns              11 00000198 30551073 csrrw            x0, x10, 0x305      x10:00000000
    166ns              12 0000019c 10000513 addi             x10, x0, 256        x10=00000100
    176ns              13 000001a0 7d151073 csrrw            x0, x10, 0x7d1      x10:00000100
    186ns              14 000001a4 04418513 addi             x10, x3, 68         x10=00002f3c  x3:00002ef8
    196ns              15 000001a8 07c18613 addi             x12, x3, 124        x12=00002f74  x3:00002ef8
    206ns              16 000001ac 40a60633 sub              x12, x12, x10       x12=00000038 x12:00002f74 x10:00002f3c
    216ns              17 000001b0 00000593 addi             x11, x0, 0          x11=00000000
    226ns              18 000001b4 49e000ef jal              x1, 1182             x1=000001b8
    246ns              20 00000652 00f00313 addi             x6, x0, 15           x6=0000000f
    256ns              21 00000654 00a00733 add              x14, x0, x10        x14=00002f3c x10:00002f3c
    266ns              22 00000656 02c37363 bgeu             x6, x12, 38          x6:0000000f x12:00000038
    276ns              23 0000065a 00f77793 andi             x15, x14, 15        x15=0000000c x14:00002f3c
    286ns              24 0000065e 06079f63 bne              x15, x0, 126        x15:0000000c
    316ns              27 000006dc 00279693 slli             x13, x15, 0x2       x13=00000030 x15:0000000c
    326ns              28 000006e0 00000297 auipc            x5, 0x0              x5=000006e0
    336ns              29 000006e4 005686b3 add              x13, x13, x5        x13=00000710 x13:00000030  x5:000006e0
    346ns              30 000006e6 001002b3 add              x5, x0, x1           x5=000001b8  x1:000001b8
    356ns              31 000006e8 fa8680e7 jalr             x1, x13, -88         x1=000006ec x13:00000710
    376ns              33 000006b8 00b701a3 sb               x11, 3(x14)         x11:00000000 x14:00002f3c  PA:00002f3f
    386ns              34 000006bc 00b70123 sb               x11, 2(x14)         x11:00000000 x14:00002f3c  PA:00002f3e
    396ns              35 000006c0 00b700a3 sb               x11, 1(x14)         x11:00000000 x14:00002f3c  PA:00002f3d
    406ns              36 000006c4 00b70023 sb               x11, 0(x14)         x11:00000000 x14:00002f3c  PA:00002f3c
    416ns              37 000006c8 00008067 jalr             x0, x1, 0            x1:000006ec
    436ns              39 000006ec 005000b3 add              x1, x0, x5           x1=000001b8  x5:000001b8
    446ns              40 000006ee ff078793 addi             x15, x15, -16       x15=fffffffc x15:0000000c
    456ns              41 000006f0 40f70733 sub              x14, x14, x15       x14=00002f40 x14:00002f3c x15:fffffffc
    466ns              42 000006f2 00f60633 add              x12, x12, x15       x12=00000034 x12:00000038 x15:fffffffc
    476ns              43 000006f4 f8c374e3 bgeu             x6, x12, -120        x6:0000000f x12:00000034
    486ns              44 000006f8 f69ff06f jal              x0, -152           
    506ns              46 00000660 06059563 bne              x11, x0, 106        x11:00000000
    516ns              47 00000662 ff067693 andi             x13, x12, -16       x13=00000030 x12:00000034
    526ns              48 00000666 00f67613 andi             x12, x12, 15        x12=00000004 x12:00000034
    536ns              49 00000668 00e686b3 add              x13, x13, x14       x13=00002f70 x13:00000030 x14:00002f40
    546ns              50 0000066a 00b72023 sw               x11, 0(x14)         x11:00000000 x14:00002f40  PA:00002f40
    556ns              51 0000066c 00b72223 sw               x11, 4(x14)         x11:00000000 x14:00002f40  PA:00002f44
    566ns              52 0000066e 00b72423 sw               x11, 8(x14)         x11:00000000 x14:00002f40  PA:00002f48
    576ns              53 00000670 00b72623 sw               x11, 12(x14)        x11:00000000 x14:00002f40  PA:00002f4c
    586ns              54 00000672 01070713 addi             x14, x14, 16        x14=00002f50 x14:00002f40
    596ns              55 00000674 fed76be3 bltu             x14, x13, -10       x14:00002f50 x13:00002f70
    626ns              58 0000066a 00b72023 sw               x11, 0(x14)         x11:00000000 x14:00002f50  PA:00002f50
    636ns              59 0000066c 00b72223 sw               x11, 4(x14)         x11:00000000 x14:00002f50  PA:00002f54
    646ns              60 0000066e 00b72423 sw               x11, 8(x14)         x11:00000000 x14:00002f50  PA:00002f58
    656ns              61 00000670 00b72623 sw               x11, 12(x14)        x11:00000000 x14:00002f50  PA:00002f5c
    666ns              62 00000672 01070713 addi             x14, x14, 16        x14=00002f60 x14:00002f50
    676ns              63 00000674 fed76be3 bltu             x14, x13, -10       x14:00002f60 x13:00002f70
    706ns              66 0000066a 00b72023 sw               x11, 0(x14)         x11:00000000 x14:00002f60  PA:00002f60
    716ns              67 0000066c 00b72223 sw               x11, 4(x14)         x11:00000000 x14:00002f60  PA:00002f64
    726ns              68 0000066e 00b72423 sw               x11, 8(x14)         x11:00000000 x14:00002f60  PA:00002f68
    736ns              69 00000670 00b72623 sw               x11, 12(x14)        x11:00000000 x14:00002f60  PA:00002f6c
    746ns              70 00000672 01070713 addi             x14, x14, 16        x14=00002f70 x14:00002f60
    756ns              71 00000674 fed76be3 bltu             x14, x13, -10       x14:00002f70 x13:00002f70
    766ns              72 00000678 00061263 bne              x12, x0, 4          x12:00000004
    796ns              75 0000067c 40c306b3 sub              x13, x6, x12        x13=0000000b  x6:0000000f x12:00000004
    806ns              76 00000680 00269693 slli             x13, x13, 0x2       x13=0000002c x13:0000000b
    816ns              77 00000682 00000297 auipc            x5, 0x0              x5=00000682
    826ns              78 00000686 005686b3 add              x13, x13, x5        x13=000006ae x13:0000002c  x5:00000682
    846ns              80 00000688 00a68067 jalr             x0, x13, 10         x13:000006ae
    866ns              82 000006b8 00b701a3 sb               x11, 3(x14)         x11:00000000 x14:00002f70  PA:00002f73
    876ns              83 000006bc 00b70123 sb               x11, 2(x14)         x11:00000000 x14:00002f70  PA:00002f72
    886ns              84 000006c0 00b700a3 sb               x11, 1(x14)         x11:00000000 x14:00002f70  PA:00002f71
    896ns              85 000006c4 00b70023 sb               x11, 0(x14)         x11:00000000 x14:00002f70  PA:00002f70
    906ns              86 000006c8 00008067 jalr             x0, x1, 0            x1:000001b8
    926ns              88 000001b8 00000517 auipc            x10, 0x0            x10=000001b8
    936ns              89 000001bc 3fc50513 addi             x10, x10, 1020      x10=000005b4 x10:000001b8
    946ns              90 000001c0 3d0000ef jal              x1, 976              x1=000001c4
    966ns              92 00000590 00a005b3 add              x11, x0, x10        x11=000005b4 x10:000005b4
    976ns              93 00000592 00000693 addi             x13, x0, 0          x13=00000000
    986ns              94 00000594 00000613 addi             x12, x0, 0          x12=00000000
    996ns              95 00000596 00000513 addi             x10, x0, 0          x10=00000000
   1006ns              96 00000598 2fe0006f jal              x0, 766            
   1036ns              99 00000896 0301a703 lw               x14, 48(x3)         x14=000026f8  x3:00002ef8  PA:00002f28
   1056ns             101 0000089a 14872783 lw               x15, 328(x14)       x15=00000000 x14:000026f8  PA:00002840
   1076ns             103 0000089e 04078063 beq              x15, x0, 64         x15:00000000
   1116ns             107 000008de 14c70793 addi             x15, x14, 332       x15=00002844 x14:000026f8
   1126ns             108 000008e2 14f72423 sw               x15, 328(x14)       x15:00002844 x14:000026f8  PA:00002840
   1136ns             109 000008e6 fbbff06f jal              x0, -70            
   1156ns             111 000008a0 0047a703 lw               x14, 4(x15)         x14=00000000 x15:00002844  PA:00002848
   1166ns             112 000008a2 01f00813 addi             x16, x0, 31         x16=0000001f
   1176ns             113 000008a4 04e84d63 blt              x16, x14, 90        x16:0000001f x14:00000000
   1186ns             114 000008a8 00271813 slli             x16, x14, 0x2       x16=00000000 x14:00000000
   1196ns             115 000008ac 02050363 beq              x10, x0, 38         x10:00000000
   1226ns             118 000008d2 00170713 addi             x14, x14, 1         x14=00000001 x14:00000000
   1236ns             119 000008d4 00e7a223 sw               x14, 4(x15)         x14:00000001 x15:00002844  PA:00002848
   1246ns             120 000008d6 010787b3 add              x15, x15, x16       x15=00002844 x15:00002844 x16:00000000
   1256ns             121 000008d8 00b7a423 sw               x11, 8(x15)         x11:000005b4 x15:00002844  PA:0000284c
   1266ns             122 000008da 00000513 addi             x10, x0, 0          x10=00000000
   1276ns             123 000008dc 00008067 jalr             x0, x1, 0            x1:000001c4
   1296ns             125 000001c4 424000ef jal              x1, 1060             x1=000001c8
   1316ns             127 000005e8 ff010113 addi             x2, x2, -16          x2=00004f70  x2:00004f80
   1326ns             128 000005ea 00812423 sw               x8, 8(x2)            x8:00000000  x2:00004f70  PA:00004f78
   1336ns             129 000005ec 01212023 sw               x18, 0(x2)          x18:00000000  x2:00004f70  PA:00004f70
   1346ns             130 000005ee 00002437 lui              x8, 0x2000           x8=00002000
   1356ns             131 000005f0 00002937 lui              x18, 0x2000         x18=00002000
   1366ns             132 000005f2 6ee40793 addi             x15, x8, 1774       x15=000026ee  x8:00002000
   1376ns             133 000005f6 6ee90913 addi             x18, x18, 1774      x18=000026ee x18:00002000
   1386ns             134 000005fa 40f90933 sub              x18, x18, x15       x18=00000000 x18:000026ee x15:000026ee
   1396ns             135 000005fe 00112623 sw               x1, 12(x2)           x1:000001c8  x2:00004f70  PA:00004f7c
   1406ns             136 00000600 00912223 sw               x9, 4(x2)            x9:00000000  x2:00004f70  PA:00004f74
   1416ns             137 00000602 40295913 srai             x18, x18, 0x402     x18=00000000 x18:00000000
   1426ns             138 00000606 00090b63 beq              x18, x0, 22         x18:00000000
   1456ns             141 0000061c 00002437 lui              x8, 0x2000           x8=00002000
   1466ns             142 0000061e 00002937 lui              x18, 0x2000         x18=00002000
   1476ns             143 00000620 6f040793 addi             x15, x8, 1776       x15=000026f0  x8:00002000
   1486ns             144 00000624 6f490913 addi             x18, x18, 1780      x18=000026f4 x18:00002000
   1496ns             145 00000628 40f90933 sub              x18, x18, x15       x18=00000004 x18:000026f4 x15:000026f0
   1506ns             146 0000062c 40295913 srai             x18, x18, 0x402     x18=00000001 x18:00000004
   1516ns             147 00000630 00090b63 beq              x18, x0, 22         x18:00000001
   1526ns             148 00000634 6f040413 addi             x8, x8, 1776         x8=000026f0  x8:00002000
   1536ns             149 00000638 00000493 addi             x9, x0, 0            x9=00000000
   1546ns             150 0000063a 00042783 lw               x15, 0(x8)          x15=000002b0  x8:000026f0  PA:000026f0
   1556ns             151 0000063c 00148493 addi             x9, x9, 1            x9=00000001  x9:00000000
   1566ns             152 0000063e 00440413 addi             x8, x8, 4            x8=000026f4  x8:000026f0
   1576ns             153 00000640 000780e7 jalr             x1, x15, 0           x1=00000642 x15:000002b0
   1596ns             155 000002b0 00000793 addi             x15, x0, 0          x15=00000000
   1606ns             156 000002b4 00078463 beq              x15, x0, 8          x15:00000000
   1636ns             159 000002bc 00008067 jalr             x0, x1, 0            x1:00000642
   1666ns             162 00000642 fe991ce3 bne              x18, x9, -8         x18:00000001  x9:00000001
   1676ns             163 00000646 00c12083 lw               x1, 12(x2)           x1=000001c8  x2:00004f70  PA:00004f7c
   1686ns             164 00000648 00812403 lw               x8, 8(x2)            x8=00000000  x2:00004f70  PA:00004f78
   1696ns             165 0000064a 00412483 lw               x9, 4(x2)            x9=00000000  x2:00004f70  PA:00004f74
   1706ns             166 0000064c 00012903 lw               x18, 0(x2)          x18=00000000  x2:00004f70  PA:00004f70
   1716ns             167 0000064e 01010113 addi             x2, x2, 16           x2=00004f80  x2:00004f70
   1726ns             168 00000650 00008067 jalr             x0, x1, 0            x1:000001c8
   1746ns             170 000001c8 00012503 lw               x10, 0(x2)          x10=xxxxxxxx  x2:00004f80  PA:00004f80
   1756ns             171 000001cc 00410593 addi             x11, x2, 4          x11=00004f84  x2:00004f80
   1766ns             172 000001d0 00000613 addi             x12, x0, 0          x12=00000000
   1776ns             173 000001d4 00c000ef jal              x1, 12               x1=000001d8
   1796ns             175 000001e0 00003737 lui              x14, 0x3000         x14=00003000
   1806ns             176 000001e4 000307b7 lui              x15, 0x30000        x15=00030000
   1816ns             177 000001e8 49b70713 addi             x14, x14, 1179      x14=0000349b x14:00003000
   1826ns             178 000001ec 00e7a223 sw               x14, 4(x15)         x14:0000349b x15:00030000  PA:00030004
   1836ns             179 000001f0 00007737 lui              x14, 0x7000         x14=00007000
   1846ns             180 000001f4 93670713 addi             x14, x14, -1738     x14=00006936 x14:00007000
   1856ns             181 000001f8 00e7a423 sw               x14, 8(x15)         x14:00006936 x15:00030000  PA:00030008
   1866ns             182 000001fc 0000a737 lui              x14, 0xa000         x14=0000a000
   1876ns             183 00000200 dd170713 addi             x14, x14, -559      x14=00009dd1 x14:0000a000
   1886ns             184 00000204 00e7a623 sw               x14, 12(x15)        x14:00009dd1 x15:00030000  PA:0003000c
   1896ns             185 00000208 0000d737 lui              x14, 0xd000         x14=0000d000
   1906ns             186 0000020c 26c70713 addi             x14, x14, 620       x14=0000d26c x14:0000d000
   1916ns             187 00000210 00e7a823 sw               x14, 16(x15)        x14:0000d26c x15:00030000  PA:00030010
   1926ns             188 00000214 00010737 lui              x14, 0x10000        x14=00010000
   1936ns             189 00000218 70770713 addi             x14, x14, 1799      x14=00010707 x14:00010000
   1946ns             190 0000021c 00e7aa23 sw               x14, 20(x15)        x14:00010707 x15:00030000  PA:00030014
   1956ns             191 00000220 00014737 lui              x14, 0x14000        x14=00014000
   1966ns             192 00000224 ba270713 addi             x14, x14, -1118     x14=00013ba2 x14:00014000
   1976ns             193 00000228 00e7ac23 sw               x14, 24(x15)        x14:00013ba2 x15:00030000  PA:00030018
   1986ns             194 0000022c 00017737 lui              x14, 0x17000        x14=00017000
   1996ns             195 00000230 03d70713 addi             x14, x14, 61        x14=0001703d x14:00017000
   2006ns             196 00000234 00e7ae23 sw               x14, 28(x15)        x14:0001703d x15:00030000  PA:0003001c
   2016ns             197 00000238 0001a737 lui              x14, 0x1a000        x14=0001a000
   2026ns             198 0000023c 4d870713 addi             x14, x14, 1240      x14=0001a4d8 x14:0001a000
   2036ns             199 00000240 02e7a023 sw               x14, 32(x15)        x14:0001a4d8 x15:00030000  PA:00030020
   2046ns             200 00000244 0001e737 lui              x14, 0x1e000        x14=0001e000
   2056ns             201 00000248 97370713 addi             x14, x14, -1677     x14=0001d973 x14:0001e000
   2066ns             202 0000024c 02e7a223 sw               x14, 36(x15)        x14:0001d973 x15:00030000  PA:00030024
   2076ns             203 00000250 00030737 lui              x14, 0x30000        x14=00030000
   2086ns             204 00000254 0007a023 sw               x0, 0(x15)          x15:00030000  PA:00030000
   2096ns             205 00000258 0e07a823 sw               x0, 240(x15)        x15:00030000  PA:000300f0
   2106ns             206 0000025c 02870613 addi             x12, x14, 40        x12=00030028 x14:00030000
   2116ns             207 00000260 00478793 addi             x15, x15, 4         x15=00030004 x15:00030000
   2126ns             208 00000264 0007a683 lw               x13, 0(x15)         x13=0000349b x15:00030004  PA:00030004
   2136ns             209 00000268 0f072583 lw               x11, 240(x14)       x11=00000000 x14:00030000  PA:000300f0
   2156ns             211 0000026c 00d5d463 bge              x11, x13, 8         x11:00000000 x13:0000349b
   2166ns             212 00000270 0ed72823 sw               x13, 240(x14)       x13:0000349b x14:00030000  PA:000300f0
   2176ns             213 00000274 00478793 addi             x15, x15, 4         x15=00030008 x15:00030004
   2186ns             214 00000278 fec796e3 bne              x15, x12, -20       x15:00030008 x12:00030028
   2216ns             217 00000264 0007a683 lw               x13, 0(x15)         x13=00006936 x15:00030008  PA:00030008
   2226ns             218 00000268 0f072583 lw               x11, 240(x14)       x11=0000349b x14:00030000  PA:000300f0
   2246ns             220 0000026c 00d5d463 bge              x11, x13, 8         x11:0000349b x13:00006936
   2256ns             221 00000270 0ed72823 sw               x13, 240(x14)       x13:00006936 x14:00030000  PA:000300f0
   2266ns             222 00000274 00478793 addi             x15, x15, 4         x15=0003000c x15:00030008
   2276ns             223 00000278 fec796e3 bne              x15, x12, -20       x15:0003000c x12:00030028
   2306ns             226 00000264 0007a683 lw               x13, 0(x15)         x13=00009dd1 x15:0003000c  PA:0003000c
   2316ns             227 00000268 0f072583 lw               x11, 240(x14)       x11=00006936 x14:00030000  PA:000300f0
   2336ns             229 0000026c 00d5d463 bge              x11, x13, 8         x11:00006936 x13:00009dd1
   2346ns             230 00000270 0ed72823 sw               x13, 240(x14)       x13:00009dd1 x14:00030000  PA:000300f0
   2356ns             231 00000274 00478793 addi             x15, x15, 4         x15=00030010 x15:0003000c
   2366ns             232 00000278 fec796e3 bne              x15, x12, -20       x15:00030010 x12:00030028
   2396ns             235 00000264 0007a683 lw               x13, 0(x15)         x13=0000d26c x15:00030010  PA:00030010
   2406ns             236 00000268 0f072583 lw               x11, 240(x14)       x11=00009dd1 x14:00030000  PA:000300f0
   2426ns             238 0000026c 00d5d463 bge              x11, x13, 8         x11:00009dd1 x13:0000d26c
   2436ns             239 00000270 0ed72823 sw               x13, 240(x14)       x13:0000d26c x14:00030000  PA:000300f0
   2446ns             240 00000274 00478793 addi             x15, x15, 4         x15=00030014 x15:00030010
   2456ns             241 00000278 fec796e3 bne              x15, x12, -20       x15:00030014 x12:00030028
   2486ns             244 00000264 0007a683 lw               x13, 0(x15)         x13=00010707 x15:00030014  PA:00030014
   2496ns             245 00000268 0f072583 lw               x11, 240(x14)       x11=0000d26c x14:00030000  PA:000300f0
   2516ns             247 0000026c 00d5d463 bge              x11, x13, 8         x11:0000d26c x13:00010707
   2526ns             248 00000270 0ed72823 sw               x13, 240(x14)       x13:00010707 x14:00030000  PA:000300f0
   2536ns             249 00000274 00478793 addi             x15, x15, 4         x15=00030018 x15:00030014
   2546ns             250 00000278 fec796e3 bne              x15, x12, -20       x15:00030018 x12:00030028
   2576ns             253 00000264 0007a683 lw               x13, 0(x15)         x13=00013ba2 x15:00030018  PA:00030018
   2586ns             254 00000268 0f072583 lw               x11, 240(x14)       x11=00010707 x14:00030000  PA:000300f0
   2606ns             256 0000026c 00d5d463 bge              x11, x13, 8         x11:00010707 x13:00013ba2
   2616ns             257 00000270 0ed72823 sw               x13, 240(x14)       x13:00013ba2 x14:00030000  PA:000300f0
   2626ns             258 00000274 00478793 addi             x15, x15, 4         x15=0003001c x15:00030018
   2636ns             259 00000278 fec796e3 bne              x15, x12, -20       x15:0003001c x12:00030028
   2666ns             262 00000264 0007a683 lw               x13, 0(x15)         x13=0001703d x15:0003001c  PA:0003001c
   2676ns             263 00000268 0f072583 lw               x11, 240(x14)       x11=00013ba2 x14:00030000  PA:000300f0
   2696ns             265 0000026c 00d5d463 bge              x11, x13, 8         x11:00013ba2 x13:0001703d
   2706ns             266 00000270 0ed72823 sw               x13, 240(x14)       x13:0001703d x14:00030000  PA:000300f0
   2716ns             267 00000274 00478793 addi             x15, x15, 4         x15=00030020 x15:0003001c
   2726ns             268 00000278 fec796e3 bne              x15, x12, -20       x15:00030020 x12:00030028
   2756ns             271 00000264 0007a683 lw               x13, 0(x15)         x13=0001a4d8 x15:00030020  PA:00030020
   2766ns             272 00000268 0f072583 lw               x11, 240(x14)       x11=0001703d x14:00030000  PA:000300f0
   2786ns             274 0000026c 00d5d463 bge              x11, x13, 8         x11:0001703d x13:0001a4d8
   2796ns             275 00000270 0ed72823 sw               x13, 240(x14)       x13:0001a4d8 x14:00030000  PA:000300f0
   2806ns             276 00000274 00478793 addi             x15, x15, 4         x15=00030024 x15:00030020
   2816ns             277 00000278 fec796e3 bne              x15, x12, -20       x15:00030024 x12:00030028
   2846ns             280 00000264 0007a683 lw               x13, 0(x15)         x13=0001d973 x15:00030024  PA:00030024
   2856ns             281 00000268 0f072583 lw               x11, 240(x14)       x11=0001a4d8 x14:00030000  PA:000300f0
   2876ns             283 0000026c 00d5d463 bge              x11, x13, 8         x11:0001a4d8 x13:0001d973
   2886ns             284 00000270 0ed72823 sw               x13, 240(x14)       x13:0001d973 x14:00030000  PA:000300f0
   2896ns             285 00000274 00478793 addi             x15, x15, 4         x15=00030028 x15:00030024
   2906ns             286 00000278 fec796e3 bne              x15, x12, -20       x15:00030028 x12:00030028
   2916ns             287 0000027c 00072783 lw               x15, 0(x14)         x15=00000000 x14:00030000  PA:00030000
   2926ns             288 00000280 00470713 addi             x14, x14, 4         x14=00030004 x14:00030000
   2936ns             289 00000284 0ef72823 sw               x15, 240(x14)       x15:00000000 x14:00030004  PA:000300f4
   2946ns             290 00000288 000307b7 lui              x15, 0x30000        x15=00030000
   2956ns             291 0000028c 02878613 addi             x12, x15, 40        x12=00030028 x15:00030000
   2966ns             292 00000290 00072683 lw               x13, 0(x14)         x13=0000349b x14:00030004  PA:00030004
   2976ns             293 00000294 0f47a583 lw               x11, 244(x15)       x11=00000000 x15:00030000  PA:000300f4
   2996ns             295 00000298 00b6d463 bge              x13, x11, 8         x13:0000349b x11:00000000
   3026ns             298 000002a0 00470713 addi             x14, x14, 4         x14=00030008 x14:00030004
   3036ns             299 000002a4 fec716e3 bne              x14, x12, -20       x14:00030008 x12:00030028
   3066ns             302 00000290 00072683 lw               x13, 0(x14)         x13=00006936 x14:00030008  PA:00030008
   3076ns             303 00000294 0f47a583 lw               x11, 244(x15)       x11=00000000 x15:00030000  PA:000300f4
   3096ns             305 00000298 00b6d463 bge              x13, x11, 8         x13:00006936 x11:00000000
   3126ns             308 000002a0 00470713 addi             x14, x14, 4         x14=0003000c x14:00030008
   3136ns             309 000002a4 fec716e3 bne              x14, x12, -20       x14:0003000c x12:00030028
   3166ns             312 00000290 00072683 lw               x13, 0(x14)         x13=00009dd1 x14:0003000c  PA:0003000c
   3176ns             313 00000294 0f47a583 lw               x11, 244(x15)       x11=00000000 x15:00030000  PA:000300f4
   3196ns             315 00000298 00b6d463 bge              x13, x11, 8         x13:00009dd1 x11:00000000
   3226ns             318 000002a0 00470713 addi             x14, x14, 4         x14=00030010 x14:0003000c
   3236ns             319 000002a4 fec716e3 bne              x14, x12, -20       x14:00030010 x12:00030028
   3266ns             322 00000290 00072683 lw               x13, 0(x14)         x13=0000d26c x14:00030010  PA:00030010
   3276ns             323 00000294 0f47a583 lw               x11, 244(x15)       x11=00000000 x15:00030000  PA:000300f4
   3296ns             325 00000298 00b6d463 bge              x13, x11, 8         x13:0000d26c x11:00000000
   3326ns             328 000002a0 00470713 addi             x14, x14, 4         x14=00030014 x14:00030010
   3336ns             329 000002a4 fec716e3 bne              x14, x12, -20       x14:00030014 x12:00030028
   3366ns             332 00000290 00072683 lw               x13, 0(x14)         x13=00010707 x14:00030014  PA:00030014
   3376ns             333 00000294 0f47a583 lw               x11, 244(x15)       x11=00000000 x15:00030000  PA:000300f4
   3396ns             335 00000298 00b6d463 bge              x13, x11, 8         x13:00010707 x11:00000000
   3426ns             338 000002a0 00470713 addi             x14, x14, 4         x14=00030018 x14:00030014
   3436ns             339 000002a4 fec716e3 bne              x14, x12, -20       x14:00030018 x12:00030028
   3466ns             342 00000290 00072683 lw               x13, 0(x14)         x13=00013ba2 x14:00030018  PA:00030018
   3476ns             343 00000294 0f47a583 lw               x11, 244(x15)       x11=00000000 x15:00030000  PA:000300f4
   3496ns             345 00000298 00b6d463 bge              x13, x11, 8         x13:00013ba2 x11:00000000
   3526ns             348 000002a0 00470713 addi             x14, x14, 4         x14=0003001c x14:00030018
   3536ns             349 000002a4 fec716e3 bne              x14, x12, -20       x14:0003001c x12:00030028
   3566ns             352 00000290 00072683 lw               x13, 0(x14)         x13=0001703d x14:0003001c  PA:0003001c
   3576ns             353 00000294 0f47a583 lw               x11, 244(x15)       x11=00000000 x15:00030000  PA:000300f4
   3596ns             355 00000298 00b6d463 bge              x13, x11, 8         x13:0001703d x11:00000000
   3626ns             358 000002a0 00470713 addi             x14, x14, 4         x14=00030020 x14:0003001c
   3636ns             359 000002a4 fec716e3 bne              x14, x12, -20       x14:00030020 x12:00030028
   3666ns             362 00000290 00072683 lw               x13, 0(x14)         x13=0001a4d8 x14:00030020  PA:00030020
   3676ns             363 00000294 0f47a583 lw               x11, 244(x15)       x11=00000000 x15:00030000  PA:000300f4
   3696ns             365 00000298 00b6d463 bge              x13, x11, 8         x13:0001a4d8 x11:00000000
   3726ns             368 000002a0 00470713 addi             x14, x14, 4         x14=00030024 x14:00030020
   3736ns             369 000002a4 fec716e3 bne              x14, x12, -20       x14:00030024 x12:00030028
   3766ns             372 00000290 00072683 lw               x13, 0(x14)         x13=0001d973 x14:00030024  PA:00030024
   3776ns             373 00000294 0f47a583 lw               x11, 244(x15)       x11=00000000 x15:00030000  PA:000300f4
   3796ns             375 00000298 00b6d463 bge              x13, x11, 8         x13:0001d973 x11:00000000
   3826ns             378 000002a0 00470713 addi             x14, x14, 4         x14=00030028 x14:00030024
   3836ns             379 000002a4 fec716e3 bne              x14, x12, -20       x14:00030028 x12:00030028
   3846ns             380 000002a8 00000513 addi             x10, x0, 0          x10=00000000
   3856ns             381 000002ac 00008067 jalr             x0, x1, 0            x1:000001d8
   3876ns             383 000001d8 3c20006f jal              x0, 962            
   3896ns             385 0000059a ff010113 addi             x2, x2, -16          x2=00004f70  x2:00004f80
   3906ns             386 0000059c 00000593 addi             x11, x0, 0          x11=00000000
   3916ns             387 0000059e 00812423 sw               x8, 8(x2)            x8:00000000  x2:00004f70  PA:00004f78
   3926ns             388 000005a0 00112623 sw               x1, 12(x2)           x1:000001d8  x2:00004f70  PA:00004f7c
   3936ns             389 000005a2 00a00433 add              x8, x0, x10          x8=00000000 x10:00000000
   3946ns             390 000005a4 35e000ef jal              x1, 862              x1=000005a6
   3966ns             392 00000902 fd010113 addi             x2, x2, -48          x2=00004f40  x2:00004f70
   3976ns             393 00000904 01412c23 sw               x20, 24(x2)         x20:00000000  x2:00004f40  PA:00004f58
   3986ns             394 00000906 0301aa03 lw               x20, 48(x3)         x20=000026f8  x3:00002ef8  PA:00002f28
   3996ns             395 0000090a 03212023 sw               x18, 32(x2)         x18:00000000  x2:00004f40  PA:00004f60
   4006ns             396 0000090c 02112623 sw               x1, 44(x2)           x1:000005a6  x2:00004f40  PA:00004f6c
   4016ns             397 0000090e 148a2903 lw               x18, 328(x20)       x18=00002844 x20:000026f8  PA:00002840
   4026ns             398 00000912 02812423 sw               x8, 40(x2)           x8:00000000  x2:00004f40  PA:00004f68
   4036ns             399 00000914 02912223 sw               x9, 36(x2)           x9:00000000  x2:00004f40  PA:00004f64
   4046ns             400 00000916 01312e23 sw               x19, 28(x2)         x19:00000000  x2:00004f40  PA:00004f5c
   4056ns             401 00000918 01512a23 sw               x21, 20(x2)         x21:00000000  x2:00004f40  PA:00004f54
   4066ns             402 0000091a 01612823 sw               x22, 16(x2)         x22:00000000  x2:00004f40  PA:00004f50
   4076ns             403 0000091c 01712623 sw               x23, 12(x2)         x23:00000000  x2:00004f40  PA:00004f4c
   4086ns             404 0000091e 01812423 sw               x24, 8(x2)          x24:00000000  x2:00004f40  PA:00004f48
   4096ns             405 00000920 02090863 beq              x18, x0, 48         x18:00002844
   4106ns             406 00000924 00a00b33 add              x22, x0, x10        x22=00000000 x10:00000000
   4116ns             407 00000926 00b00bb3 add              x23, x0, x11        x23=00000000 x11:00000000
   4126ns             408 00000928 00100a93 addi             x21, x0, 1          x21=00000001
   4136ns             409 0000092a fff00993 addi             x19, x0, -1         x19=ffffffff
   4146ns             410 0000092c 00492483 lw               x9, 4(x18)           x9=00000001 x18:00002844  PA:00002848
   4166ns             412 00000930 fff48413 addi             x8, x9, -1           x8=00000000  x9:00000001
   4176ns             413 00000934 00044e63 blt              x8, x0, 28           x8:00000000
   4186ns             414 00000938 00249493 slli             x9, x9, 0x2          x9=00000004  x9:00000001
   4196ns             415 0000093a 012484b3 add              x9, x9, x18          x9=00002848  x9:00000004 x18:00002844
   4206ns             416 0000093c 020b8663 beq              x23, x0, 44         x23:00000000
   4236ns             419 00000968 00492783 lw               x15, 4(x18)         x15=00000001 x18:00002844  PA:00002848
   4246ns             420 0000096c 0044a683 lw               x13, 4(x9)          x13=000005b4  x9:00002848  PA:0000284c
   4256ns             421 0000096e fff78793 addi             x15, x15, -1        x15=00000000 x15:00000001
   4266ns             422 00000970 04878263 beq              x15, x8, 68         x15:00000000  x8:00000000
   4296ns             425 000009b4 00892223 sw               x8, 4(x18)           x8:00000000 x18:00002844  PA:00002848
   4306ns             426 000009b8 fc1ff06f jal              x0, -64            
   4326ns             428 00000978 fc0688e3 beq              x13, x0, -48        x13:000005b4
   4336ns             429 0000097a 18892783 lw               x15, 392(x18)       x15=00000000 x18:00002844  PA:000029cc
   4346ns             430 0000097e 008a9733 sll              x14, x21, x8        x14=00000001 x21:00000001  x8:00000000
   4356ns             431 00000982 00492c03 lw               x24, 4(x18)         x24=00000000 x18:00002844  PA:00002848
   4366ns             432 00000986 00e7f7b3 and              x15, x15, x14       x15=00000000 x15:00000000 x14:00000001
   4376ns             433 00000988 00079d63 bne              x15, x0, 26         x15:00000000
   4386ns             434 0000098a 000680e7 jalr             x1, x13, 0           x1=0000098c x13:000005b4
   4406ns             436 000005b4 ff010113 addi             x2, x2, -16          x2=00004f30  x2:00004f40
   4416ns             437 000005b6 00812423 sw               x8, 8(x2)            x8:00000000  x2:00004f30  PA:00004f38
   4426ns             438 000005b8 000027b7 lui              x15, 0x2000         x15=00002000
   4436ns             439 000005ba 00002437 lui              x8, 0x2000           x8=00002000
   4446ns             440 000005bc 6f440413 addi             x8, x8, 1780         x8=000026f4  x8:00002000
   4456ns             441 000005c0 6f478793 addi             x15, x15, 1780      x15=000026f4 x15:00002000
   4466ns             442 000005c4 408787b3 sub              x15, x15, x8        x15=00000000 x15:000026f4  x8:000026f4
   4476ns             443 000005c6 00912223 sw               x9, 4(x2)            x9:00002848  x2:00004f30  PA:00004f34
   4486ns             444 000005c8 00112623 sw               x1, 12(x2)           x1:0000098c  x2:00004f30  PA:00004f3c
   4496ns             445 000005ca 4027d493 srai             x9, x15, 0x402       x9=00000000 x15:00000000
   4506ns             446 000005ce 00048863 beq              x9, x0, 16           x9:00000000
   4536ns             449 000005de 00c12083 lw               x1, 12(x2)           x1=0000098c  x2:00004f30  PA:00004f3c
   4546ns             450 000005e0 00812403 lw               x8, 8(x2)            x8=00000000  x2:00004f30  PA:00004f38
   4556ns             451 000005e2 00412483 lw               x9, 4(x2)            x9=00002848  x2:00004f30  PA:00004f34
   4566ns             452 000005e4 01010113 addi             x2, x2, 16           x2=00004f40  x2:00004f30
   4576ns             453 000005e6 00008067 jalr             x0, x1, 0            x1:0000098c
   4596ns             455 0000098c 00492703 lw               x14, 4(x18)         x14=00000000 x18:00002844  PA:00002848
   4606ns             456 00000990 148a2783 lw               x15, 328(x20)       x15=00002844 x20:000026f8  PA:00002840
   4616ns             457 00000994 01871463 bne              x14, x24, 8         x14:00000000 x24:00000000
   4626ns             458 00000998 faf908e3 beq              x18, x15, -80       x18:00002844 x15:00002844
   4656ns             461 00000948 fff40413 addi             x8, x8, -1           x8=ffffffff  x8:00000000
   4666ns             462 0000094a ffc48493 addi             x9, x9, -4           x9=00002844  x9:00002848
   4676ns             463 0000094c ff3418e3 bne              x8, x19, -16         x8:ffffffff x19:ffffffff
   4686ns             464 00000950 02c12083 lw               x1, 44(x2)           x1=000005a6  x2:00004f40  PA:00004f6c
   4696ns             465 00000952 02812403 lw               x8, 40(x2)           x8=00000000  x2:00004f40  PA:00004f68
   4706ns             466 00000954 02412483 lw               x9, 36(x2)           x9=00000000  x2:00004f40  PA:00004f64
   4716ns             467 00000956 02012903 lw               x18, 32(x2)         x18=00000000  x2:00004f40  PA:00004f60
   4726ns             468 00000958 01c12983 lw               x19, 28(x2)         x19=00000000  x2:00004f40  PA:00004f5c
   4736ns             469 0000095a 01812a03 lw               x20, 24(x2)         x20=00000000  x2:00004f40  PA:00004f58
   4746ns             470 0000095c 01412a83 lw               x21, 20(x2)         x21=00000000  x2:00004f40  PA:00004f54
   4756ns             471 0000095e 01012b03 lw               x22, 16(x2)         x22=00000000  x2:00004f40  PA:00004f50
   4766ns             472 00000960 00c12b83 lw               x23, 12(x2)         x23=00000000  x2:00004f40  PA:00004f4c
   4776ns             473 00000962 00812c03 lw               x24, 8(x2)          x24=00000000  x2:00004f40  PA:00004f48
   4786ns             474 00000964 03010113 addi             x2, x2, 48           x2=00004f70  x2:00004f40
   4796ns             475 00000966 00008067 jalr             x0, x1, 0            x1:000005a6
   4826ns             478 000005a6 0301a503 lw               x10, 48(x3)         x10=000026f8  x3:00002ef8  PA:00002f28
   4846ns             480 000005aa 03c52783 lw               x15, 60(x10)        x15=00000000 x10:000026f8  PA:00002734
   4866ns             482 000005ac 00078263 beq              x15, x0, 4          x15:00000000
   4896ns             485 000005b0 00800533 add              x10, x0, x8         x10=00000000  x8:00000000
   4906ns             486 000005b2 d9bff0ef jal              x1, -614             x1=000005b4
   4926ns             488 0000034c 200007b7 lui              x15, 0x20000000     x15=20000000
