                Time          Cycles PC       Instr    Mnemonic
     96ns               5 00000180 00003197 auipc            x3, 0x3000           x3=00003180
    106ns               6 00000184 db818193 addi             x3, x3, -584         x3=00002f38  x3:00003180
    116ns               7 00000188 00005117 auipc            x2, 0x5000           x2=00005188
    126ns               8 0000018c e3810113 addi             x2, x2, -456         x2=00004fc0  x2:00005188
    136ns               9 00000190 00000517 auipc            x10, 0x0            x10=00000190
    146ns              10 00000194 e7050513 addi             x10, x10, -400      x10=00000000 x10:00000190
    156ns              11 00000198 30551073 csrrw            x0, x10, 0x305      x10:00000000
    166ns              12 0000019c 10000513 addi             x10, x0, 256        x10=00000100
    176ns              13 000001a0 7d151073 csrrw            x0, x10, 0x7d1      x10:00000100
    186ns              14 000001a4 04418513 addi             x10, x3, 68         x10=00002f7c  x3:00002f38
    196ns              15 000001a8 07c18613 addi             x12, x3, 124        x12=00002fb4  x3:00002f38
    206ns              16 000001ac 40a60633 sub              x12, x12, x10       x12=00000038 x12:00002fb4 x10:00002f7c
    216ns              17 000001b0 00000593 addi             x11, x0, 0          x11=00000000
    226ns              18 000001b4 4de000ef jal              x1, 1246             x1=000001b8
    246ns              20 00000692 00f00313 addi             x6, x0, 15           x6=0000000f
    256ns              21 00000694 00a00733 add              x14, x0, x10        x14=00002f7c x10:00002f7c
    266ns              22 00000696 02c37363 bgeu             x6, x12, 38          x6:0000000f x12:00000038
    276ns              23 0000069a 00f77793 andi             x15, x14, 15        x15=0000000c x14:00002f7c
    286ns              24 0000069e 06079f63 bne              x15, x0, 126        x15:0000000c
    316ns              27 0000071c 00279693 slli             x13, x15, 0x2       x13=00000030 x15:0000000c
    326ns              28 00000720 00000297 auipc            x5, 0x0              x5=00000720
    336ns              29 00000724 005686b3 add              x13, x13, x5        x13=00000750 x13:00000030  x5:00000720
    346ns              30 00000726 001002b3 add              x5, x0, x1           x5=000001b8  x1:000001b8
    356ns              31 00000728 fa8680e7 jalr             x1, x13, -88         x1=0000072c x13:00000750
    376ns              33 000006f8 00b701a3 sb               x11, 3(x14)         x11:00000000 x14:00002f7c  PA:00002f7f
    386ns              34 000006fc 00b70123 sb               x11, 2(x14)         x11:00000000 x14:00002f7c  PA:00002f7e
    396ns              35 00000700 00b700a3 sb               x11, 1(x14)         x11:00000000 x14:00002f7c  PA:00002f7d
    406ns              36 00000704 00b70023 sb               x11, 0(x14)         x11:00000000 x14:00002f7c  PA:00002f7c
    416ns              37 00000708 00008067 jalr             x0, x1, 0            x1:0000072c
    436ns              39 0000072c 005000b3 add              x1, x0, x5           x1=000001b8  x5:000001b8
    446ns              40 0000072e ff078793 addi             x15, x15, -16       x15=fffffffc x15:0000000c
    456ns              41 00000730 40f70733 sub              x14, x14, x15       x14=00002f80 x14:00002f7c x15:fffffffc
    466ns              42 00000732 00f60633 add              x12, x12, x15       x12=00000034 x12:00000038 x15:fffffffc
    476ns              43 00000734 f8c374e3 bgeu             x6, x12, -120        x6:0000000f x12:00000034
    486ns              44 00000738 f69ff06f jal              x0, -152           
    506ns              46 000006a0 06059563 bne              x11, x0, 106        x11:00000000
    516ns              47 000006a2 ff067693 andi             x13, x12, -16       x13=00000030 x12:00000034
    526ns              48 000006a6 00f67613 andi             x12, x12, 15        x12=00000004 x12:00000034
    536ns              49 000006a8 00e686b3 add              x13, x13, x14       x13=00002fb0 x13:00000030 x14:00002f80
    546ns              50 000006aa 00b72023 sw               x11, 0(x14)         x11:00000000 x14:00002f80  PA:00002f80
    556ns              51 000006ac 00b72223 sw               x11, 4(x14)         x11:00000000 x14:00002f80  PA:00002f84
    566ns              52 000006ae 00b72423 sw               x11, 8(x14)         x11:00000000 x14:00002f80  PA:00002f88
    576ns              53 000006b0 00b72623 sw               x11, 12(x14)        x11:00000000 x14:00002f80  PA:00002f8c
    586ns              54 000006b2 01070713 addi             x14, x14, 16        x14=00002f90 x14:00002f80
    596ns              55 000006b4 fed76be3 bltu             x14, x13, -10       x14:00002f90 x13:00002fb0
    626ns              58 000006aa 00b72023 sw               x11, 0(x14)         x11:00000000 x14:00002f90  PA:00002f90
    636ns              59 000006ac 00b72223 sw               x11, 4(x14)         x11:00000000 x14:00002f90  PA:00002f94
    646ns              60 000006ae 00b72423 sw               x11, 8(x14)         x11:00000000 x14:00002f90  PA:00002f98
    656ns              61 000006b0 00b72623 sw               x11, 12(x14)        x11:00000000 x14:00002f90  PA:00002f9c
    666ns              62 000006b2 01070713 addi             x14, x14, 16        x14=00002fa0 x14:00002f90
    676ns              63 000006b4 fed76be3 bltu             x14, x13, -10       x14:00002fa0 x13:00002fb0
    706ns              66 000006aa 00b72023 sw               x11, 0(x14)         x11:00000000 x14:00002fa0  PA:00002fa0
    716ns              67 000006ac 00b72223 sw               x11, 4(x14)         x11:00000000 x14:00002fa0  PA:00002fa4
    726ns              68 000006ae 00b72423 sw               x11, 8(x14)         x11:00000000 x14:00002fa0  PA:00002fa8
    736ns              69 000006b0 00b72623 sw               x11, 12(x14)        x11:00000000 x14:00002fa0  PA:00002fac
    746ns              70 000006b2 01070713 addi             x14, x14, 16        x14=00002fb0 x14:00002fa0
    756ns              71 000006b4 fed76be3 bltu             x14, x13, -10       x14:00002fb0 x13:00002fb0
    766ns              72 000006b8 00061263 bne              x12, x0, 4          x12:00000004
    796ns              75 000006bc 40c306b3 sub              x13, x6, x12        x13=0000000b  x6:0000000f x12:00000004
    806ns              76 000006c0 00269693 slli             x13, x13, 0x2       x13=0000002c x13:0000000b
    816ns              77 000006c2 00000297 auipc            x5, 0x0              x5=000006c2
    826ns              78 000006c6 005686b3 add              x13, x13, x5        x13=000006ee x13:0000002c  x5:000006c2
    846ns              80 000006c8 00a68067 jalr             x0, x13, 10         x13:000006ee
    866ns              82 000006f8 00b701a3 sb               x11, 3(x14)         x11:00000000 x14:00002fb0  PA:00002fb3
    876ns              83 000006fc 00b70123 sb               x11, 2(x14)         x11:00000000 x14:00002fb0  PA:00002fb2
    886ns              84 00000700 00b700a3 sb               x11, 1(x14)         x11:00000000 x14:00002fb0  PA:00002fb1
    896ns              85 00000704 00b70023 sb               x11, 0(x14)         x11:00000000 x14:00002fb0  PA:00002fb0
    906ns              86 00000708 00008067 jalr             x0, x1, 0            x1:000001b8
    926ns              88 000001b8 00000517 auipc            x10, 0x0            x10=000001b8
    936ns              89 000001bc 43c50513 addi             x10, x10, 1084      x10=000005f4 x10:000001b8
    946ns              90 000001c0 410000ef jal              x1, 1040             x1=000001c4
    966ns              92 000005d0 00a005b3 add              x11, x0, x10        x11=000005f4 x10:000005f4
    976ns              93 000005d2 00000693 addi             x13, x0, 0          x13=00000000
    986ns              94 000005d4 00000613 addi             x12, x0, 0          x12=00000000
    996ns              95 000005d6 00000513 addi             x10, x0, 0          x10=00000000
   1006ns              96 000005d8 2fe0006f jal              x0, 766            
   1036ns              99 000008d6 0301a703 lw               x14, 48(x3)         x14=00002738  x3:00002f38  PA:00002f68
   1056ns             101 000008da 14872783 lw               x15, 328(x14)       x15=00000000 x14:00002738  PA:00002880
   1076ns             103 000008de 04078063 beq              x15, x0, 64         x15:00000000
   1116ns             107 0000091e 14c70793 addi             x15, x14, 332       x15=00002884 x14:00002738
   1126ns             108 00000922 14f72423 sw               x15, 328(x14)       x15:00002884 x14:00002738  PA:00002880
   1136ns             109 00000926 fbbff06f jal              x0, -70            
   1156ns             111 000008e0 0047a703 lw               x14, 4(x15)         x14=00000000 x15:00002884  PA:00002888
   1166ns             112 000008e2 01f00813 addi             x16, x0, 31         x16=0000001f
   1176ns             113 000008e4 04e84d63 blt              x16, x14, 90        x16:0000001f x14:00000000
   1186ns             114 000008e8 00271813 slli             x16, x14, 0x2       x16=00000000 x14:00000000
   1196ns             115 000008ec 02050363 beq              x10, x0, 38         x10:00000000
   1226ns             118 00000912 00170713 addi             x14, x14, 1         x14=00000001 x14:00000000
   1236ns             119 00000914 00e7a223 sw               x14, 4(x15)         x14:00000001 x15:00002884  PA:00002888
   1246ns             120 00000916 010787b3 add              x15, x15, x16       x15=00002884 x15:00002884 x16:00000000
   1256ns             121 00000918 00b7a423 sw               x11, 8(x15)         x11:000005f4 x15:00002884  PA:0000288c
   1266ns             122 0000091a 00000513 addi             x10, x0, 0          x10=00000000
   1276ns             123 0000091c 00008067 jalr             x0, x1, 0            x1:000001c4
   1296ns             125 000001c4 464000ef jal              x1, 1124             x1=000001c8
   1316ns             127 00000628 ff010113 addi             x2, x2, -16          x2=00004fb0  x2:00004fc0
   1326ns             128 0000062a 00812423 sw               x8, 8(x2)            x8:00000000  x2:00004fb0  PA:00004fb8
   1336ns             129 0000062c 01212023 sw               x18, 0(x2)          x18:00000000  x2:00004fb0  PA:00004fb0
   1346ns             130 0000062e 00002437 lui              x8, 0x2000           x8=00002000
   1356ns             131 00000630 00002937 lui              x18, 0x2000         x18=00002000
   1366ns             132 00000632 72e40793 addi             x15, x8, 1838       x15=0000272e  x8:00002000
   1376ns             133 00000636 72e90913 addi             x18, x18, 1838      x18=0000272e x18:00002000
   1386ns             134 0000063a 40f90933 sub              x18, x18, x15       x18=00000000 x18:0000272e x15:0000272e
   1396ns             135 0000063e 00112623 sw               x1, 12(x2)           x1:000001c8  x2:00004fb0  PA:00004fbc
   1406ns             136 00000640 00912223 sw               x9, 4(x2)            x9:00000000  x2:00004fb0  PA:00004fb4
   1416ns             137 00000642 40295913 srai             x18, x18, 0x402     x18=00000000 x18:00000000
   1426ns             138 00000646 00090b63 beq              x18, x0, 22         x18:00000000
   1456ns             141 0000065c 00002437 lui              x8, 0x2000           x8=00002000
   1466ns             142 0000065e 00002937 lui              x18, 0x2000         x18=00002000
   1476ns             143 00000660 73040793 addi             x15, x8, 1840       x15=00002730  x8:00002000
   1486ns             144 00000664 73490913 addi             x18, x18, 1844      x18=00002734 x18:00002000
   1496ns             145 00000668 40f90933 sub              x18, x18, x15       x18=00000004 x18:00002734 x15:00002730
   1506ns             146 0000066c 40295913 srai             x18, x18, 0x402     x18=00000001 x18:00000004
   1516ns             147 00000670 00090b63 beq              x18, x0, 22         x18:00000001
   1526ns             148 00000674 73040413 addi             x8, x8, 1840         x8=00002730  x8:00002000
   1536ns             149 00000678 00000493 addi             x9, x0, 0            x9=00000000
   1546ns             150 0000067a 00042783 lw               x15, 0(x8)          x15=000002f0  x8:00002730  PA:00002730
   1556ns             151 0000067c 00148493 addi             x9, x9, 1            x9=00000001  x9:00000000
   1566ns             152 0000067e 00440413 addi             x8, x8, 4            x8=00002734  x8:00002730
   1576ns             153 00000680 000780e7 jalr             x1, x15, 0           x1=00000682 x15:000002f0
   1596ns             155 000002f0 00000793 addi             x15, x0, 0          x15=00000000
   1606ns             156 000002f4 00078463 beq              x15, x0, 8          x15:00000000
   1636ns             159 000002fc 00008067 jalr             x0, x1, 0            x1:00000682
   1666ns             162 00000682 fe991ce3 bne              x18, x9, -8         x18:00000001  x9:00000001
   1676ns             163 00000686 00c12083 lw               x1, 12(x2)           x1=000001c8  x2:00004fb0  PA:00004fbc
   1686ns             164 00000688 00812403 lw               x8, 8(x2)            x8=00000000  x2:00004fb0  PA:00004fb8
   1696ns             165 0000068a 00412483 lw               x9, 4(x2)            x9=00000000  x2:00004fb0  PA:00004fb4
   1706ns             166 0000068c 00012903 lw               x18, 0(x2)          x18=00000000  x2:00004fb0  PA:00004fb0
   1716ns             167 0000068e 01010113 addi             x2, x2, 16           x2=00004fc0  x2:00004fb0
   1726ns             168 00000690 00008067 jalr             x0, x1, 0            x1:000001c8
   1746ns             170 000001c8 00012503 lw               x10, 0(x2)          x10=xxxxxxxx  x2:00004fc0  PA:00004fc0
   1756ns             171 000001cc 00410593 addi             x11, x2, 4          x11=00004fc4  x2:00004fc0
   1766ns             172 000001d0 00000613 addi             x12, x0, 0          x12=00000000
   1776ns             173 000001d4 00c000ef jal              x1, 12               x1=000001d8
   1796ns             175 000001e0 000106b7 lui              x13, 0x10000        x13=00010000
   1806ns             176 000001e4 000307b7 lui              x15, 0x30000        x15=00030000
   1816ns             177 000001e8 fff00713 addi             x14, x0, -1         x14=ffffffff
   1826ns             178 000001ec fff68693 addi             x13, x13, -1        x13=0000ffff x13:00010000
   1836ns             179 000001f0 ffff0637 lui              x12, 0xffff0000     x12=ffff0000
   1846ns             180 000001f4 08e7a223 sw               x14, 132(x15)       x14:ffffffff x15:00030000  PA:00030084
   1856ns             181 000001f8 08e7a423 sw               x14, 136(x15)       x14:ffffffff x15:00030000  PA:00030088
   1866ns             182 000001fc 08e7a623 sw               x14, 140(x15)       x14:ffffffff x15:00030000  PA:0003008c
   1876ns             183 00000200 08e7a823 sw               x14, 144(x15)       x14:ffffffff x15:00030000  PA:00030090
   1886ns             184 00000204 08e7aa23 sw               x14, 148(x15)       x14:ffffffff x15:00030000  PA:00030094
   1896ns             185 00000208 08e7ac23 sw               x14, 152(x15)       x14:ffffffff x15:00030000  PA:00030098
   1906ns             186 0000020c 0607ac23 sw               x0, 120(x15)        x15:00030000  PA:00030078
   1916ns             187 00000210 0607ae23 sw               x0, 124(x15)        x15:00030000  PA:0003007c
   1926ns             188 00000214 0807a023 sw               x0, 128(x15)        x15:00030000  PA:00030080
   1936ns             189 00000218 0807ae23 sw               x0, 156(x15)        x15:00030000  PA:0003009c
   1946ns             190 0000021c 0a07a023 sw               x0, 160(x15)        x15:00030000  PA:000300a0
   1956ns             191 00000220 0a07a223 sw               x0, 164(x15)        x15:00030000  PA:000300a4
   1966ns             192 00000224 0007a023 sw               x0, 0(x15)          x15:00030000  PA:00030000
   1976ns             193 00000228 0007a223 sw               x0, 4(x15)          x15:00030000  PA:00030004
   1986ns             194 0000022c 00d7a423 sw               x13, 8(x15)         x13:0000ffff x15:00030000  PA:00030008
   1996ns             195 00000230 0007a623 sw               x0, 12(x15)         x15:00030000  PA:0003000c
   2006ns             196 00000234 0007a823 sw               x0, 16(x15)         x15:00030000  PA:00030010
   2016ns             197 00000238 00d7aa23 sw               x13, 20(x15)        x13:0000ffff x15:00030000  PA:00030014
   2026ns             198 0000023c 0007ac23 sw               x0, 24(x15)         x15:00030000  PA:00030018
   2036ns             199 00000240 0007ae23 sw               x0, 28(x15)         x15:00030000  PA:0003001c
   2046ns             200 00000244 02c7a023 sw               x12, 32(x15)        x12:ffff0000 x15:00030000  PA:00030020
   2056ns             201 00000248 0207a223 sw               x0, 36(x15)         x15:00030000  PA:00030024
   2066ns             202 0000024c 0207a423 sw               x0, 40(x15)         x15:00030000  PA:00030028
   2076ns             203 00000250 02c7a623 sw               x12, 44(x15)        x12:ffff0000 x15:00030000  PA:0003002c
   2086ns             204 00000254 0207a823 sw               x0, 48(x15)         x15:00030000  PA:00030030
   2096ns             205 00000258 02d7aa23 sw               x13, 52(x15)        x13:0000ffff x15:00030000  PA:00030034
   2106ns             206 0000025c 0207ac23 sw               x0, 56(x15)         x15:00030000  PA:00030038
   2116ns             207 00000260 0207ae23 sw               x0, 60(x15)         x15:00030000  PA:0003003c
   2126ns             208 00000264 04d7a023 sw               x13, 64(x15)        x13:0000ffff x15:00030000  PA:00030040
   2136ns             209 00000268 0407a223 sw               x0, 68(x15)         x15:00030000  PA:00030044
   2146ns             210 0000026c 0407a423 sw               x0, 72(x15)         x15:00030000  PA:00030048
   2156ns             211 00000270 04c7a623 sw               x12, 76(x15)        x12:ffff0000 x15:00030000  PA:0003004c
   2166ns             212 00000274 0407a823 sw               x0, 80(x15)         x15:00030000  PA:00030050
   2176ns             213 00000278 06e7a023 sw               x14, 96(x15)        x14:ffffffff x15:00030000  PA:00030060
   2186ns             214 0000027c 06e7a623 sw               x14, 108(x15)       x14:ffffffff x15:00030000  PA:0003006c
   2196ns             215 00000280 0407aa23 sw               x0, 84(x15)         x15:00030000  PA:00030054
   2206ns             216 00000284 04c7ac23 sw               x12, 88(x15)        x12:ffff0000 x15:00030000  PA:00030058
   2216ns             217 00000288 0407ae23 sw               x0, 92(x15)         x15:00030000  PA:0003005c
   2226ns             218 0000028c 0607a223 sw               x0, 100(x15)        x15:00030000  PA:00030064
   2236ns             219 00000290 0607a423 sw               x0, 104(x15)        x15:00030000  PA:00030068
   2246ns             220 00000294 0607a823 sw               x0, 112(x15)        x15:00030000  PA:00030070
   2256ns             221 00000298 0607aa23 sw               x0, 116(x15)        x15:00030000  PA:00030074
   2266ns             222 0000029c 07878713 addi             x14, x15, 120       x14=00030078 x15:00030000
   2276ns             223 000002a0 09078793 addi             x15, x15, 144       x15=00030090 x15:00030000
                      +            00020837 lui              x16, 0x20000        x16=00020000            
                      +            ffc8303b sw_active_or     Nx0 -4(x16)         x16:00020000 x13:00000005  PA:0001fffc
   2286ns             -224 000002a4 fe872603 lw               x12, -24(x14)       x12=ffffffff x14:00030078  PA:00030060
   2296ns             -225 000002a8 fd072683 lw               x13, -48(x14)       x13=00000000 x14:00030078  PA:00030048
                      +             a007261b lw_mask          x12, x0, -48(x14)   x14=0000008d x14:0000008f x15:00030000  PA:00030010
                      +             d0c7269b lw_mask          x13, x12, -24(x14)   x14=0000008d x14:0000008f x15:00030000  PA:00030010
   2306ns             226 000002ac 00470713 addi             x14, x14, 4         x14=0003007c x14:00030078
   2316ns             -227 000002b0 00c6e6b3 or               x13, x13, x12       x13=ffffffff x13:00000000 x12:ffffffff
   2326ns             -228 000002b4 ffc72603 lw               x12, -4(x14)        x12=00000000 x14:0003007c  PA:00030078
                      +             f807261b lw_mask          x12, x0, -4(x14)   x14=0000008d x14:0000008f x15:00030000  PA:00030010
   2346ns             230 000002b8 00c6f6b3 and              x13, x13, x12       x13=00000000 x13:ffffffff x12:00000000
   2356ns             231 000002bc 02d72a23 sw               x13, 52(x14)        x13:00000000 x14:0003007c  PA:000300b0
   2366ns             *232 000002c0 fef714e3 bne              x14, x15, -24       x14:0003007c x15:00030090
   2396ns             235 000002a4 fe872603 lw               x12, -24(x14)       x12=00000000 x14:0003007c  PA:00030064
   2406ns             236 000002a8 fd072683 lw               x13, -48(x14)       x13=ffff0000 x14:0003007c  PA:0003004c
   2416ns             237 000002ac 00470713 addi             x14, x14, 4         x14=00030080 x14:0003007c
   2426ns             238 000002b0 00c6e6b3 or               x13, x13, x12       x13=ffff0000 x13:ffff0000 x12:00000000
   2436ns             239 000002b4 ffc72603 lw               x12, -4(x14)        x12=00000000 x14:00030080  PA:0003007c
   2456ns             241 000002b8 00c6f6b3 and              x13, x13, x12       x13=00000000 x13:ffff0000 x12:00000000
   2466ns             242 000002bc 02d72a23 sw               x13, 52(x14)        x13:00000000 x14:00030080  PA:000300b4
   2476ns             243 000002c0 fef712e3 bne              x14, x15, -28       x14:00030080 x15:00030090
   2506ns             246 000002a4 fe872603 lw               x12, -24(x14)       x12=00000000 x14:00030080  PA:00030068
   2516ns             247 000002a8 fd072683 lw               x13, -48(x14)       x13=00000000 x14:00030080  PA:00030050
   2526ns             248 000002ac 00470713 addi             x14, x14, 4         x14=00030084 x14:00030080
   2536ns             249 000002b0 00c6e6b3 or               x13, x13, x12       x13=00000000 x13:00000000 x12:00000000
   2546ns             250 000002b4 ffc72603 lw               x12, -4(x14)        x12=00000000 x14:00030084  PA:00030080
   2566ns             252 000002b8 00c6f6b3 and              x13, x13, x12       x13=00000000 x13:00000000 x12:00000000
   2576ns             253 000002bc 02d72a23 sw               x13, 52(x14)        x13:00000000 x14:00030084  PA:000300b8
   2586ns             254 000002c0 fef712e3 bne              x14, x15, -28       x14:00030084 x15:00030090
   2616ns             257 000002a4 fe872603 lw               x12, -24(x14)       x12=ffffffff x14:00030084  PA:0003006c
   2626ns             258 000002a8 fd072683 lw               x13, -48(x14)       x13=00000000 x14:00030084  PA:00030054
   2636ns             259 000002ac 00470713 addi             x14, x14, 4         x14=00030088 x14:00030084
   2646ns             260 000002b0 00c6e6b3 or               x13, x13, x12       x13=ffffffff x13:00000000 x12:ffffffff
   2656ns             261 000002b4 ffc72603 lw               x12, -4(x14)        x12=ffffffff x14:00030088  PA:00030084
   2676ns             263 000002b8 00c6f6b3 and              x13, x13, x12       x13=ffffffff x13:ffffffff x12:ffffffff
   2686ns             264 000002bc 02d72a23 sw               x13, 52(x14)        x13:ffffffff x14:00030088  PA:000300bc
   2696ns             265 000002c0 fef712e3 bne              x14, x15, -28       x14:00030088 x15:00030090
   2726ns             268 000002a4 fe872603 lw               x12, -24(x14)       x12=00000000 x14:00030088  PA:00030070
   2736ns             269 000002a8 fd072683 lw               x13, -48(x14)       x13=ffff0000 x14:00030088  PA:00030058
   2746ns             270 000002ac 00470713 addi             x14, x14, 4         x14=0003008c x14:00030088
   2756ns             271 000002b0 00c6e6b3 or               x13, x13, x12       x13=ffff0000 x13:ffff0000 x12:00000000
   2766ns             272 000002b4 ffc72603 lw               x12, -4(x14)        x12=ffffffff x14:0003008c  PA:00030088
   2786ns             274 000002b8 00c6f6b3 and              x13, x13, x12       x13=ffff0000 x13:ffff0000 x12:ffffffff
   2796ns             275 000002bc 02d72a23 sw               x13, 52(x14)        x13:ffff0000 x14:0003008c  PA:000300c0
   2806ns             276 000002c0 fef712e3 bne              x14, x15, -28       x14:0003008c x15:00030090
   2836ns             279 000002a4 fe872603 lw               x12, -24(x14)       x12=00000000 x14:0003008c  PA:00030074
   2846ns             280 000002a8 fd072683 lw               x13, -48(x14)       x13=00000000 x14:0003008c  PA:0003005c
   2856ns             281 000002ac 00470713 addi             x14, x14, 4         x14=00030090 x14:0003008c
   2866ns             282 000002b0 00c6e6b3 or               x13, x13, x12       x13=00000000 x13:00000000 x12:00000000
   2876ns             283 000002b4 ffc72603 lw               x12, -4(x14)        x12=ffffffff x14:00030090  PA:0003008c
   2896ns             285 000002b8 00c6f6b3 and              x13, x13, x12       x13=00000000 x13:00000000 x12:ffffffff
   2906ns             286 000002bc 02d72a23 sw               x13, 52(x14)        x13:00000000 x14:00030090  PA:000300c4
   2916ns             287 000002c0 fef712e3 bne              x14, x15, -28       x14:00030090 x15:00030090
   2926ns             288 000002c4 000307b7 lui              x15, 0x30000        x15=00030000
   2936ns             289 000002c8 01878693 addi             x13, x15, 24        x13=00030018 x15:00030000
                      + 
   2946ns             -290 000002cc 0187a703 lw               x14, 24(x15)        x14=00000000 x15:00030000  PA:00030018
   2956ns             291 000002d0 0007a603 lw               x12, 0(x15)         x12=00000000 x15:00030000  PA:00030000
   2966ns             292 000002d4 00478793 addi             x15, x15, 4         x15=00030004 x15:00030000
   2976ns             293 000002d8 00c76733 or               x14, x14, x12       x14=00000000 x14:00000000 x12:00000000
   2986ns             294 000002dc fff74713 xori             x14, x14, -1        x14=ffffffff x14:00000000
   2996ns             295 000002e0 0ce7a623 sw               x14, 204(x15)       x14:ffffffff x15:00030004  PA:000300d0
   3006ns             296 000002e4 fed794e3 bne              x15, x13, -24       x15:00030004 x13:00030018
   3036ns             299 000002cc 0187a703 lw               x14, 24(x15)        x14=00000000 x15:00030004  PA:0003001c
   3046ns             300 000002d0 0007a603 lw               x12, 0(x15)         x12=00000000 x15:00030004  PA:00030004
   3056ns             301 000002d4 00478793 addi             x15, x15, 4         x15=00030008 x15:00030004
   3066ns             302 000002d8 00c76733 or               x14, x14, x12       x14=00000000 x14:00000000 x12:00000000
   3076ns             303 000002dc fff74713 xori             x14, x14, -1        x14=ffffffff x14:00000000
   3086ns             304 000002e0 0ce7a623 sw               x14, 204(x15)       x14:ffffffff x15:00030008  PA:000300d4
   3096ns             305 000002e4 fed794e3 bne              x15, x13, -24       x15:00030008 x13:00030018
   3126ns             308 000002cc 0187a703 lw               x14, 24(x15)        x14=ffff0000 x15:00030008  PA:00030020
   3136ns             309 000002d0 0007a603 lw               x12, 0(x15)         x12=0000ffff x15:00030008  PA:00030008
   3146ns             310 000002d4 00478793 addi             x15, x15, 4         x15=0003000c x15:00030008
   3156ns             311 000002d8 00c76733 or               x14, x14, x12       x14=ffffffff x14:ffff0000 x12:0000ffff
   3166ns             312 000002dc fff74713 xori             x14, x14, -1        x14=00000000 x14:ffffffff
   3176ns             313 000002e0 0ce7a623 sw               x14, 204(x15)       x14:00000000 x15:0003000c  PA:000300d8
   3186ns             314 000002e4 fed794e3 bne              x15, x13, -24       x15:0003000c x13:00030018
   3216ns             317 000002cc 0187a703 lw               x14, 24(x15)        x14=00000000 x15:0003000c  PA:00030024
   3226ns             318 000002d0 0007a603 lw               x12, 0(x15)         x12=00000000 x15:0003000c  PA:0003000c
   3236ns             319 000002d4 00478793 addi             x15, x15, 4         x15=00030010 x15:0003000c
   3246ns             320 000002d8 00c76733 or               x14, x14, x12       x14=00000000 x14:00000000 x12:00000000
   3256ns             321 000002dc fff74713 xori             x14, x14, -1        x14=ffffffff x14:00000000
   3266ns             322 000002e0 0ce7a623 sw               x14, 204(x15)       x14:ffffffff x15:00030010  PA:000300dc
   3276ns             323 000002e4 fed794e3 bne              x15, x13, -24       x15:00030010 x13:00030018
   3306ns             326 000002cc 0187a703 lw               x14, 24(x15)        x14=00000000 x15:00030010  PA:00030028
   3316ns             327 000002d0 0007a603 lw               x12, 0(x15)         x12=00000000 x15:00030010  PA:00030010
   3326ns             328 000002d4 00478793 addi             x15, x15, 4         x15=00030014 x15:00030010
   3336ns             329 000002d8 00c76733 or               x14, x14, x12       x14=00000000 x14:00000000 x12:00000000
   3346ns             330 000002dc fff74713 xori             x14, x14, -1        x14=ffffffff x14:00000000
   3356ns             331 000002e0 0ce7a623 sw               x14, 204(x15)       x14:ffffffff x15:00030014  PA:000300e0
   3366ns             332 000002e4 fed794e3 bne              x15, x13, -24       x15:00030014 x13:00030018
   3396ns             335 000002cc 0187a703 lw               x14, 24(x15)        x14=ffff0000 x15:00030014  PA:0003002c
   3406ns             336 000002d0 0007a603 lw               x12, 0(x15)         x12=0000ffff x15:00030014  PA:00030014
   3416ns             337 000002d4 00478793 addi             x15, x15, 4         x15=00030018 x15:00030014
   3426ns             338 000002d8 00c76733 or               x14, x14, x12       x14=ffffffff x14:ffff0000 x12:0000ffff
   3436ns             339 000002dc fff74713 xori             x14, x14, -1        x14=00000000 x14:ffffffff
   3446ns             340 000002e0 0ce7a623 sw               x14, 204(x15)       x14:00000000 x15:00030018  PA:000300e4
   3456ns             341 000002e4 fed794e3 bne              x15, x13, -24       x15:00030018 x13:00030018
   3466ns             342 000002e8 00000513 addi             x10, x0, 0          x10=00000000
   3476ns             343 000002ec 00008067 jalr             x0, x1, 0            x1:000001d8
   3496ns             345 000001d8 4020006f jal              x0, 1026           
   3516ns             347 000005da ff010113 addi             x2, x2, -16          x2=00004fb0  x2:00004fc0
   3526ns             348 000005dc 00000593 addi             x11, x0, 0          x11=00000000
   3536ns             349 000005de 00812423 sw               x8, 8(x2)            x8:00000000  x2:00004fb0  PA:00004fb8
   3546ns             350 000005e0 00112623 sw               x1, 12(x2)           x1:000001d8  x2:00004fb0  PA:00004fbc
   3556ns             351 000005e2 00a00433 add              x8, x0, x10          x8=00000000 x10:00000000
   3566ns             352 000005e4 35e000ef jal              x1, 862              x1=000005e6
   3586ns             354 00000942 fd010113 addi             x2, x2, -48          x2=00004f80  x2:00004fb0
   3596ns             355 00000944 01412c23 sw               x20, 24(x2)         x20:00000000  x2:00004f80  PA:00004f98
   3606ns             356 00000946 0301aa03 lw               x20, 48(x3)         x20=00002738  x3:00002f38  PA:00002f68
   3616ns             357 0000094a 03212023 sw               x18, 32(x2)         x18:00000000  x2:00004f80  PA:00004fa0
   3626ns             358 0000094c 02112623 sw               x1, 44(x2)           x1:000005e6  x2:00004f80  PA:00004fac
   3636ns             359 0000094e 148a2903 lw               x18, 328(x20)       x18=00002884 x20:00002738  PA:00002880
   3646ns             360 00000952 02812423 sw               x8, 40(x2)           x8:00000000  x2:00004f80  PA:00004fa8
   3656ns             361 00000954 02912223 sw               x9, 36(x2)           x9:00000000  x2:00004f80  PA:00004fa4
   3666ns             362 00000956 01312e23 sw               x19, 28(x2)         x19:00000000  x2:00004f80  PA:00004f9c
   3676ns             363 00000958 01512a23 sw               x21, 20(x2)         x21:00000000  x2:00004f80  PA:00004f94
   3686ns             364 0000095a 01612823 sw               x22, 16(x2)         x22:00000000  x2:00004f80  PA:00004f90
   3696ns             365 0000095c 01712623 sw               x23, 12(x2)         x23:00000000  x2:00004f80  PA:00004f8c
   3706ns             366 0000095e 01812423 sw               x24, 8(x2)          x24:00000000  x2:00004f80  PA:00004f88
   3716ns             367 00000960 02090863 beq              x18, x0, 48         x18:00002884
   3726ns             368 00000964 00a00b33 add              x22, x0, x10        x22=00000000 x10:00000000
   3736ns             369 00000966 00b00bb3 add              x23, x0, x11        x23=00000000 x11:00000000
   3746ns             370 00000968 00100a93 addi             x21, x0, 1          x21=00000001
   3756ns             371 0000096a fff00993 addi             x19, x0, -1         x19=ffffffff
   3766ns             372 0000096c 00492483 lw               x9, 4(x18)           x9=00000001 x18:00002884  PA:00002888
   3786ns             374 00000970 fff48413 addi             x8, x9, -1           x8=00000000  x9:00000001
   3796ns             375 00000974 00044e63 blt              x8, x0, 28           x8:00000000
   3806ns             376 00000978 00249493 slli             x9, x9, 0x2          x9=00000004  x9:00000001
   3816ns             377 0000097a 012484b3 add              x9, x9, x18          x9=00002888  x9:00000004 x18:00002884
   3826ns             378 0000097c 020b8663 beq              x23, x0, 44         x23:00000000
   3856ns             381 000009a8 00492783 lw               x15, 4(x18)         x15=00000001 x18:00002884  PA:00002888
   3866ns             382 000009ac 0044a683 lw               x13, 4(x9)          x13=000005f4  x9:00002888  PA:0000288c
   3876ns             383 000009ae fff78793 addi             x15, x15, -1        x15=00000000 x15:00000001
   3886ns             384 000009b0 04878263 beq              x15, x8, 68         x15:00000000  x8:00000000
   3916ns             387 000009f4 00892223 sw               x8, 4(x18)           x8:00000000 x18:00002884  PA:00002888
   3926ns             388 000009f8 fc1ff06f jal              x0, -64            
   3946ns             390 000009b8 fc0688e3 beq              x13, x0, -48        x13:000005f4
   3956ns             391 000009ba 18892783 lw               x15, 392(x18)       x15=00000000 x18:00002884  PA:00002a0c
   3966ns             392 000009be 008a9733 sll              x14, x21, x8        x14=00000001 x21:00000001  x8:00000000
   3976ns             393 000009c2 00492c03 lw               x24, 4(x18)         x24=00000000 x18:00002884  PA:00002888
   3986ns             394 000009c6 00e7f7b3 and              x15, x15, x14       x15=00000000 x15:00000000 x14:00000001
   3996ns             395 000009c8 00079d63 bne              x15, x0, 26         x15:00000000
   4006ns             396 000009ca 000680e7 jalr             x1, x13, 0           x1=000009cc x13:000005f4
   4026ns             398 000005f4 ff010113 addi             x2, x2, -16          x2=00004f70  x2:00004f80
   4036ns             399 000005f6 00812423 sw               x8, 8(x2)            x8:00000000  x2:00004f70  PA:00004f78
   4046ns             400 000005f8 000027b7 lui              x15, 0x2000         x15=00002000
   4056ns             401 000005fa 00002437 lui              x8, 0x2000           x8=00002000
   4066ns             402 000005fc 73440413 addi             x8, x8, 1844         x8=00002734  x8:00002000
   4076ns             403 00000600 73478793 addi             x15, x15, 1844      x15=00002734 x15:00002000
   4086ns             404 00000604 408787b3 sub              x15, x15, x8        x15=00000000 x15:00002734  x8:00002734
   4096ns             405 00000606 00912223 sw               x9, 4(x2)            x9:00002888  x2:00004f70  PA:00004f74
   4106ns             406 00000608 00112623 sw               x1, 12(x2)           x1:000009cc  x2:00004f70  PA:00004f7c
   4116ns             407 0000060a 4027d493 srai             x9, x15, 0x402       x9=00000000 x15:00000000
   4126ns             408 0000060e 00048863 beq              x9, x0, 16           x9:00000000
   4156ns             411 0000061e 00c12083 lw               x1, 12(x2)           x1=000009cc  x2:00004f70  PA:00004f7c
   4166ns             412 00000620 00812403 lw               x8, 8(x2)            x8=00000000  x2:00004f70  PA:00004f78
   4176ns             413 00000622 00412483 lw               x9, 4(x2)            x9=00002888  x2:00004f70  PA:00004f74
   4186ns             414 00000624 01010113 addi             x2, x2, 16           x2=00004f80  x2:00004f70
   4196ns             415 00000626 00008067 jalr             x0, x1, 0            x1:000009cc
   4216ns             417 000009cc 00492703 lw               x14, 4(x18)         x14=00000000 x18:00002884  PA:00002888
   4226ns             418 000009d0 148a2783 lw               x15, 328(x20)       x15=00002884 x20:00002738  PA:00002880
   4236ns             419 000009d4 01871463 bne              x14, x24, 8         x14:00000000 x24:00000000
   4246ns             420 000009d8 faf908e3 beq              x18, x15, -80       x18:00002884 x15:00002884
   4276ns             423 00000988 fff40413 addi             x8, x8, -1           x8=ffffffff  x8:00000000
   4286ns             424 0000098a ffc48493 addi             x9, x9, -4           x9=00002884  x9:00002888
   4296ns             425 0000098c ff3418e3 bne              x8, x19, -16         x8:ffffffff x19:ffffffff
   4306ns             426 00000990 02c12083 lw               x1, 44(x2)           x1=000005e6  x2:00004f80  PA:00004fac
   4316ns             427 00000992 02812403 lw               x8, 40(x2)           x8=00000000  x2:00004f80  PA:00004fa8
   4326ns             428 00000994 02412483 lw               x9, 36(x2)           x9=00000000  x2:00004f80  PA:00004fa4
   4336ns             429 00000996 02012903 lw               x18, 32(x2)         x18=00000000  x2:00004f80  PA:00004fa0
   4346ns             430 00000998 01c12983 lw               x19, 28(x2)         x19=00000000  x2:00004f80  PA:00004f9c
   4356ns             431 0000099a 01812a03 lw               x20, 24(x2)         x20=00000000  x2:00004f80  PA:00004f98
   4366ns             432 0000099c 01412a83 lw               x21, 20(x2)         x21=00000000  x2:00004f80  PA:00004f94
   4376ns             433 0000099e 01012b03 lw               x22, 16(x2)         x22=00000000  x2:00004f80  PA:00004f90
   4386ns             434 000009a0 00c12b83 lw               x23, 12(x2)         x23=00000000  x2:00004f80  PA:00004f8c
   4396ns             435 000009a2 00812c03 lw               x24, 8(x2)          x24=00000000  x2:00004f80  PA:00004f88
   4406ns             436 000009a4 03010113 addi             x2, x2, 48           x2=00004fb0  x2:00004f80
   4416ns             437 000009a6 00008067 jalr             x0, x1, 0            x1:000005e6
   4446ns             440 000005e6 0301a503 lw               x10, 48(x3)         x10=00002738  x3:00002f38  PA:00002f68
   4466ns             442 000005ea 03c52783 lw               x15, 60(x10)        x15=00000000 x10:00002738  PA:00002774
   4486ns             444 000005ec 00078263 beq              x15, x0, 4          x15:00000000
   4516ns             447 000005f0 00800533 add              x10, x0, x8         x10=00000000  x8:00000000
   4526ns             448 000005f2 d9bff0ef jal              x1, -614             x1=000005f4
   4546ns             450 0000038c 200007b7 lui              x15, 0x20000000     x15=20000000
