                Time          Cycles PC       Instr    Mnemonic
     96ns               5 00000180 00003197 auipc            x3, 0x3000           x3=00003180
    106ns               6 00000184 e7818193 addi             x3, x3, -392         x3=00002ff8  x3:00003180
    116ns               7 00000188 00005117 auipc            x2, 0x5000           x2=00005188
    126ns               8 0000018c ef810113 addi             x2, x2, -264         x2=00005080  x2:00005188
    136ns               9 00000190 00000517 auipc            x10, 0x0            x10=00000190
    146ns              10 00000194 e7050513 addi             x10, x10, -400      x10=00000000 x10:00000190
    156ns              11 00000198 30551073 csrrw            x0, x10, 0x305      x10:00000000
    166ns              12 0000019c 10000513 addi             x10, x0, 256        x10=00000100
    176ns              13 000001a0 7d151073 csrrw            x0, x10, 0x7d1      x10:00000100
    186ns              14 000001a4 04418513 addi             x10, x3, 68         x10=0000303c  x3:00002ff8
    196ns              15 000001a8 07c18613 addi             x12, x3, 124        x12=00003074  x3:00002ff8
    206ns              16 000001ac 40a60633 sub              x12, x12, x10       x12=00000038 x12:00003074 x10:0000303c
    216ns              17 000001b0 00000593 addi             x11, x0, 0          x11=00000000
    226ns              18 000001b4 5a2000ef jal              x1, 1442             x1=000001b8
    246ns              20 00000756 00f00313 addi             x6, x0, 15           x6=0000000f
    256ns              21 00000758 00a00733 add              x14, x0, x10        x14=0000303c x10:0000303c
    266ns              22 0000075a 02c37363 bgeu             x6, x12, 38          x6:0000000f x12:00000038
    276ns              23 0000075e 00f77793 andi             x15, x14, 15        x15=0000000c x14:0000303c
    286ns              24 00000762 06079f63 bne              x15, x0, 126        x15:0000000c
    316ns              27 000007e0 00279693 slli             x13, x15, 0x2       x13=00000030 x15:0000000c
    326ns              28 000007e4 00000297 auipc            x5, 0x0              x5=000007e4
    336ns              29 000007e8 005686b3 add              x13, x13, x5        x13=00000814 x13:00000030  x5:000007e4
    346ns              30 000007ea 001002b3 add              x5, x0, x1           x5=000001b8  x1:000001b8
    356ns              31 000007ec fa8680e7 jalr             x1, x13, -88         x1=000007f0 x13:00000814
    376ns              33 000007bc 00b701a3 sb               x11, 3(x14)         x11:00000000 x14:0000303c  PA:0000303f
    386ns              34 000007c0 00b70123 sb               x11, 2(x14)         x11:00000000 x14:0000303c  PA:0000303e
    396ns              35 000007c4 00b700a3 sb               x11, 1(x14)         x11:00000000 x14:0000303c  PA:0000303d
    406ns              36 000007c8 00b70023 sb               x11, 0(x14)         x11:00000000 x14:0000303c  PA:0000303c
    416ns              37 000007cc 00008067 jalr             x0, x1, 0            x1:000007f0
    436ns              39 000007f0 005000b3 add              x1, x0, x5           x1=000001b8  x5:000001b8
    446ns              40 000007f2 ff078793 addi             x15, x15, -16       x15=fffffffc x15:0000000c
    456ns              41 000007f4 40f70733 sub              x14, x14, x15       x14=00003040 x14:0000303c x15:fffffffc
    466ns              42 000007f6 00f60633 add              x12, x12, x15       x12=00000034 x12:00000038 x15:fffffffc
    476ns              43 000007f8 f8c374e3 bgeu             x6, x12, -120        x6:0000000f x12:00000034
    486ns              44 000007fc f69ff06f jal              x0, -152           
    506ns              46 00000764 06059563 bne              x11, x0, 106        x11:00000000
    516ns              47 00000766 ff067693 andi             x13, x12, -16       x13=00000030 x12:00000034
    526ns              48 0000076a 00f67613 andi             x12, x12, 15        x12=00000004 x12:00000034
    536ns              49 0000076c 00e686b3 add              x13, x13, x14       x13=00003070 x13:00000030 x14:00003040
    546ns              50 0000076e 00b72023 sw               x11, 0(x14)         x11:00000000 x14:00003040  PA:00003040
    556ns              51 00000770 00b72223 sw               x11, 4(x14)         x11:00000000 x14:00003040  PA:00003044
    566ns              52 00000772 00b72423 sw               x11, 8(x14)         x11:00000000 x14:00003040  PA:00003048
    576ns              53 00000774 00b72623 sw               x11, 12(x14)        x11:00000000 x14:00003040  PA:0000304c
    586ns              54 00000776 01070713 addi             x14, x14, 16        x14=00003050 x14:00003040
    596ns              55 00000778 fed76be3 bltu             x14, x13, -10       x14:00003050 x13:00003070
    626ns              58 0000076e 00b72023 sw               x11, 0(x14)         x11:00000000 x14:00003050  PA:00003050
    636ns              59 00000770 00b72223 sw               x11, 4(x14)         x11:00000000 x14:00003050  PA:00003054
    646ns              60 00000772 00b72423 sw               x11, 8(x14)         x11:00000000 x14:00003050  PA:00003058
    656ns              61 00000774 00b72623 sw               x11, 12(x14)        x11:00000000 x14:00003050  PA:0000305c
    666ns              62 00000776 01070713 addi             x14, x14, 16        x14=00003060 x14:00003050
    676ns              63 00000778 fed76be3 bltu             x14, x13, -10       x14:00003060 x13:00003070
    706ns              66 0000076e 00b72023 sw               x11, 0(x14)         x11:00000000 x14:00003060  PA:00003060
    716ns              67 00000770 00b72223 sw               x11, 4(x14)         x11:00000000 x14:00003060  PA:00003064
    726ns              68 00000772 00b72423 sw               x11, 8(x14)         x11:00000000 x14:00003060  PA:00003068
    736ns              69 00000774 00b72623 sw               x11, 12(x14)        x11:00000000 x14:00003060  PA:0000306c
    746ns              70 00000776 01070713 addi             x14, x14, 16        x14=00003070 x14:00003060
    756ns              71 00000778 fed76be3 bltu             x14, x13, -10       x14:00003070 x13:00003070
    766ns              72 0000077c 00061263 bne              x12, x0, 4          x12:00000004
    796ns              75 00000780 40c306b3 sub              x13, x6, x12        x13=0000000b  x6:0000000f x12:00000004
    806ns              76 00000784 00269693 slli             x13, x13, 0x2       x13=0000002c x13:0000000b
    816ns              77 00000786 00000297 auipc            x5, 0x0              x5=00000786
    826ns              78 0000078a 005686b3 add              x13, x13, x5        x13=000007b2 x13:0000002c  x5:00000786
    846ns              80 0000078c 00a68067 jalr             x0, x13, 10         x13:000007b2
    866ns              82 000007bc 00b701a3 sb               x11, 3(x14)         x11:00000000 x14:00003070  PA:00003073
    876ns              83 000007c0 00b70123 sb               x11, 2(x14)         x11:00000000 x14:00003070  PA:00003072
    886ns              84 000007c4 00b700a3 sb               x11, 1(x14)         x11:00000000 x14:00003070  PA:00003071
    896ns              85 000007c8 00b70023 sb               x11, 0(x14)         x11:00000000 x14:00003070  PA:00003070
    906ns              86 000007cc 00008067 jalr             x0, x1, 0            x1:000001b8
    926ns              88 000001b8 00000517 auipc            x10, 0x0            x10=000001b8
    936ns              89 000001bc 50050513 addi             x10, x10, 1280      x10=000006b8 x10:000001b8
    946ns              90 000001c0 4d4000ef jal              x1, 1236             x1=000001c4
    966ns              92 00000694 00a005b3 add              x11, x0, x10        x11=000006b8 x10:000006b8
    976ns              93 00000696 00000693 addi             x13, x0, 0          x13=00000000
    986ns              94 00000698 00000613 addi             x12, x0, 0          x12=00000000
    996ns              95 0000069a 00000513 addi             x10, x0, 0          x10=00000000
   1006ns              96 0000069c 2fe0006f jal              x0, 766            
   1036ns              99 0000099a 0301a703 lw               x14, 48(x3)         x14=000027f8  x3:00002ff8  PA:00003028
   1056ns             101 0000099e 14872783 lw               x15, 328(x14)       x15=00000000 x14:000027f8  PA:00002940
   1076ns             103 000009a2 04078063 beq              x15, x0, 64         x15:00000000
   1116ns             107 000009e2 14c70793 addi             x15, x14, 332       x15=00002944 x14:000027f8
   1126ns             108 000009e6 14f72423 sw               x15, 328(x14)       x15:00002944 x14:000027f8  PA:00002940
   1136ns             109 000009ea fbbff06f jal              x0, -70            
   1156ns             111 000009a4 0047a703 lw               x14, 4(x15)         x14=00000000 x15:00002944  PA:00002948
   1166ns             112 000009a6 01f00813 addi             x16, x0, 31         x16=0000001f
   1176ns             113 000009a8 04e84d63 blt              x16, x14, 90        x16:0000001f x14:00000000
   1186ns             114 000009ac 00271813 slli             x16, x14, 0x2       x16=00000000 x14:00000000
   1196ns             115 000009b0 02050363 beq              x10, x0, 38         x10:00000000
   1226ns             118 000009d6 00170713 addi             x14, x14, 1         x14=00000001 x14:00000000
   1236ns             119 000009d8 00e7a223 sw               x14, 4(x15)         x14:00000001 x15:00002944  PA:00002948
   1246ns             120 000009da 010787b3 add              x15, x15, x16       x15=00002944 x15:00002944 x16:00000000
   1256ns             121 000009dc 00b7a423 sw               x11, 8(x15)         x11:000006b8 x15:00002944  PA:0000294c
   1266ns             122 000009de 00000513 addi             x10, x0, 0          x10=00000000
   1276ns             123 000009e0 00008067 jalr             x0, x1, 0            x1:000001c4
   1296ns             125 000001c4 528000ef jal              x1, 1320             x1=000001c8
   1316ns             127 000006ec ff010113 addi             x2, x2, -16          x2=00005070  x2:00005080
   1326ns             128 000006ee 00812423 sw               x8, 8(x2)            x8:00000000  x2:00005070  PA:00005078
   1336ns             129 000006f0 01212023 sw               x18, 0(x2)          x18:00000000  x2:00005070  PA:00005070
   1346ns             130 000006f2 00002437 lui              x8, 0x2000           x8=00002000
   1356ns             131 000006f4 00002937 lui              x18, 0x2000         x18=00002000
   1366ns             132 000006f6 7f240793 addi             x15, x8, 2034       x15=000027f2  x8:00002000
   1376ns             133 000006fa 7f290913 addi             x18, x18, 2034      x18=000027f2 x18:00002000
   1386ns             134 000006fe 40f90933 sub              x18, x18, x15       x18=00000000 x18:000027f2 x15:000027f2
   1396ns             135 00000702 00112623 sw               x1, 12(x2)           x1:000001c8  x2:00005070  PA:0000507c
   1406ns             136 00000704 00912223 sw               x9, 4(x2)            x9:00000000  x2:00005070  PA:00005074
   1416ns             137 00000706 40295913 srai             x18, x18, 0x402     x18=00000000 x18:00000000
   1426ns             138 0000070a 00090b63 beq              x18, x0, 22         x18:00000000
   1456ns             141 00000720 00002437 lui              x8, 0x2000           x8=00002000
   1466ns             142 00000722 00002937 lui              x18, 0x2000         x18=00002000
   1476ns             143 00000724 7f440793 addi             x15, x8, 2036       x15=000027f4  x8:00002000
   1486ns             144 00000728 7f890913 addi             x18, x18, 2040      x18=000027f8 x18:00002000
   1496ns             145 0000072c 40f90933 sub              x18, x18, x15       x18=00000004 x18:000027f8 x15:000027f4
   1506ns             146 00000730 40295913 srai             x18, x18, 0x402     x18=00000001 x18:00000004
   1516ns             147 00000734 00090b63 beq              x18, x0, 22         x18:00000001
   1526ns             148 00000738 7f440413 addi             x8, x8, 2036         x8=000027f4  x8:00002000
   1536ns             149 0000073c 00000493 addi             x9, x0, 0            x9=00000000
   1546ns             150 0000073e 00042783 lw               x15, 0(x8)          x15=000003b4  x8:000027f4  PA:000027f4
   1556ns             151 00000740 00148493 addi             x9, x9, 1            x9=00000001  x9:00000000
   1566ns             152 00000742 00440413 addi             x8, x8, 4            x8=000027f8  x8:000027f4
   1576ns             153 00000744 000780e7 jalr             x1, x15, 0           x1=00000746 x15:000003b4
   1596ns             155 000003b4 00000793 addi             x15, x0, 0          x15=00000000
   1606ns             156 000003b8 00078463 beq              x15, x0, 8          x15:00000000
   1636ns             159 000003c0 00008067 jalr             x0, x1, 0            x1:00000746
   1666ns             162 00000746 fe991ce3 bne              x18, x9, -8         x18:00000001  x9:00000001
   1676ns             163 0000074a 00c12083 lw               x1, 12(x2)           x1=000001c8  x2:00005070  PA:0000507c
   1686ns             164 0000074c 00812403 lw               x8, 8(x2)            x8=00000000  x2:00005070  PA:00005078
   1696ns             165 0000074e 00412483 lw               x9, 4(x2)            x9=00000000  x2:00005070  PA:00005074
   1706ns             166 00000750 00012903 lw               x18, 0(x2)          x18=00000000  x2:00005070  PA:00005070
   1716ns             167 00000752 01010113 addi             x2, x2, 16           x2=00005080  x2:00005070
   1726ns             168 00000754 00008067 jalr             x0, x1, 0            x1:000001c8
   1746ns             170 000001c8 00012503 lw               x10, 0(x2)          x10=xxxxxxxx  x2:00005080  PA:00005080
   1756ns             171 000001cc 00410593 addi             x11, x2, 4          x11=00005084  x2:00005080
   1766ns             172 000001d0 00000613 addi             x12, x0, 0          x12=00000000
   1776ns             173 000001d4 00c000ef jal              x1, 12               x1=000001d8
   1796ns             175 000001e0 000307b7 lui              x15, 0x30000        x15=00030000
   1806ns             176 000001e4 00500713 addi             x14, x0, 5          x14=00000005
   1816ns             177 000001e8 00e7a023 sw               x14, 0(x15)         x14:00000005 x15:00030000  PA:00030000
   1826ns             178 000001ec 00800713 addi             x14, x0, 8          x14=00000008
   1836ns             179 000001f0 00e7a223 sw               x14, 4(x15)         x14:00000008 x15:00030000  PA:00030004
   1846ns             180 000001f4 00400713 addi             x14, x0, 4          x14=00000004
   1856ns             181 000001f8 00e7a423 sw               x14, 8(x15)         x14:00000004 x15:00030000  PA:00030008
   1866ns             182 000001fc 00600713 addi             x14, x0, 6          x14=00000006
   1876ns             183 00000200 00e7a623 sw               x14, 12(x15)        x14:00000006 x15:00030000  PA:0003000c
   1886ns             184 00000204 00e7a823 sw               x14, 16(x15)        x14:00000006 x15:00030000  PA:00030010
   1896ns             185 00000208 02e7a023 sw               x14, 32(x15)        x14:00000006 x15:00030000  PA:00030020
   1906ns             186 0000020c 01400713 addi             x14, x0, 20         x14=00000014
   1916ns             187 00000210 02e7a823 sw               x14, 48(x15)        x14:00000014 x15:00030000  PA:00030030
   1926ns             188 00000214 05f00713 addi             x14, x0, 95         x14=0000005f
   1936ns             189 00000218 02e7aa23 sw               x14, 52(x15)        x14:0000005f x15:00030000  PA:00030034
   1946ns             190 0000021c 02300713 addi             x14, x0, 35         x14=00000023
   1956ns             191 00000220 02e7ac23 sw               x14, 56(x15)        x14:00000023 x15:00030000  PA:00030038
   1966ns             192 00000224 03200713 addi             x14, x0, 50         x14=00000032
   1976ns             193 00000228 00300693 addi             x13, x0, 3          x13=00000003
   1986ns             194 0000022c 04e7a023 sw               x14, 64(x15)        x14:00000032 x15:00030000  PA:00030040
   1996ns             195 00000230 02800713 addi             x14, x0, 40         x14=00000028
   2006ns             196 00000234 00d7aa23 sw               x13, 20(x15)        x13:00000003 x15:00030000  PA:00030014
   2016ns             197 00000238 00d7ac23 sw               x13, 24(x15)        x13:00000003 x15:00030000  PA:00030018
   2026ns             198 0000023c 04e7a223 sw               x14, 68(x15)        x14:00000028 x15:00030000  PA:00030044
   2036ns             199 00000240 00900693 addi             x13, x0, 9          x13=00000009
   2046ns             200 00000244 03c00713 addi             x14, x0, 60         x14=0000003c
   2056ns             201 00000248 80000e37 lui              x28, 0x80000000     x28=80000000
   2066ns             202 0000024c 00d7ae23 sw               x13, 28(x15)        x13:00000009 x15:00030000  PA:0003001c
   2076ns             203 00000250 04e7a423 sw               x14, 72(x15)        x14:0000003c x15:00030000  PA:00030048
   2086ns             204 00000254 0607a023 sw               x0, 96(x15)         x15:00030000  PA:00030060
   2096ns             205 00000258 00300f13 addi             x30, x0, 3          x30=00000003
   2106ns             206 0000025c fffe4e13 xori             x28, x28, -1        x28=7fffffff x28:80000000
   2116ns             207 00000260 00c00593 addi             x11, x0, 12         x11=0000000c
   2126ns             208 00000264 00300f93 addi             x31, x0, 3          x31=00000003
   2136ns             209 00000268 04078293 addi             x5, x15, 64          x5=00030040 x15:00030000
   2146ns             210 0000026c 00300e93 addi             x29, x0, 3          x29=00000003
   2156ns             211 00000270 1280006f jal              x0, 296            
   2176ns             213 00000398 000e0613 addi             x12, x28, 0         x12=7fffffff x28:7fffffff
   2186ns             214 0000039c 00000693 addi             x13, x0, 0          x13=00000000
   2196ns             215 000003a0 ed5ff06f jal              x0, -300           
   2216ns             217 00000274 02b68733 mul              x14, x13, x11       x14=00000000 x13:00000000 x11:0000000c
   2226ns             218 00000278 00e78733 add              x14, x15, x14       x14=00030000 x15:00030000 x14:00000000
   2236ns             219 0000027c 00472503 lw               x10, 4(x14)         x10=00000008 x14:00030000  PA:00030004
   2246ns             220 00000280 00072703 lw               x14, 0(x14)         x14=00000005 x14:00030000  PA:00030000
   2266ns             222 00000284 00e55463 bge              x10, x14, 8         x10:00000008 x14:00000005
   2296ns             225 0000028c 02b68533 mul              x10, x13, x11       x10=00000000 x13:00000000 x11:0000000c
   2306ns             226 00000290 00a78533 add              x10, x15, x10       x10=00030000 x15:00030000 x10:00000000
   2316ns             227 00000294 00852503 lw               x10, 8(x10)         x10=00000004 x10:00030000  PA:00030008
   2336ns             229 00000298 00e55463 bge              x10, x14, 8         x10:00000004 x14:00000005
   2346ns             230 0000029c 00050713 addi             x14, x10, 0         x14=00000004 x10:00000004
   2356ns             231 000002a0 00c75463 bge              x14, x12, 8         x14:00000004 x12:7fffffff
   2366ns             232 000002a4 00070613 addi             x12, x14, 0         x12=00000004 x14:00000004
   2376ns             233 000002a8 00168693 addi             x13, x13, 1         x13=00000001 x13:00000000
   2386ns             234 000002ac fdf694e3 bne              x13, x31, -56       x13:00000001 x31:00000003
   2416ns             237 00000274 02b68733 mul              x14, x13, x11       x14=0000000c x13:00000001 x11:0000000c
   2426ns             238 00000278 00e78733 add              x14, x15, x14       x14=0003000c x15:00030000 x14:0000000c
   2436ns             239 0000027c 00472503 lw               x10, 4(x14)         x10=00000006 x14:0003000c  PA:00030010
   2446ns             240 00000280 00072703 lw               x14, 0(x14)         x14=00000006 x14:0003000c  PA:0003000c
   2466ns             242 00000284 00e55463 bge              x10, x14, 8         x10:00000006 x14:00000006
   2496ns             245 0000028c 02b68533 mul              x10, x13, x11       x10=0000000c x13:00000001 x11:0000000c
   2506ns             246 00000290 00a78533 add              x10, x15, x10       x10=0003000c x15:00030000 x10:0000000c
   2516ns             247 00000294 00852503 lw               x10, 8(x10)         x10=00000003 x10:0003000c  PA:00030014
   2536ns             249 00000298 00e55463 bge              x10, x14, 8         x10:00000003 x14:00000006
   2546ns             250 0000029c 00050713 addi             x14, x10, 0         x14=00000003 x10:00000003
   2556ns             251 000002a0 00c75463 bge              x14, x12, 8         x14:00000003 x12:00000004
   2566ns             252 000002a4 00070613 addi             x12, x14, 0         x12=00000003 x14:00000003
   2576ns             253 000002a8 00168693 addi             x13, x13, 1         x13=00000002 x13:00000001
   2586ns             254 000002ac fdf694e3 bne              x13, x31, -56       x13:00000002 x31:00000003
   2616ns             257 00000274 02b68733 mul              x14, x13, x11       x14=00000018 x13:00000002 x11:0000000c
   2626ns             258 00000278 00e78733 add              x14, x15, x14       x14=00030018 x15:00030000 x14:00000018
   2636ns             259 0000027c 00472503 lw               x10, 4(x14)         x10=00000009 x14:00030018  PA:0003001c
   2646ns             260 00000280 00072703 lw               x14, 0(x14)         x14=00000003 x14:00030018  PA:00030018
   2666ns             262 00000284 00e55463 bge              x10, x14, 8         x10:00000009 x14:00000003
   2696ns             265 0000028c 02b68533 mul              x10, x13, x11       x10=00000018 x13:00000002 x11:0000000c
   2706ns             266 00000290 00a78533 add              x10, x15, x10       x10=00030018 x15:00030000 x10:00000018
   2716ns             267 00000294 00852503 lw               x10, 8(x10)         x10=00000006 x10:00030018  PA:00030020
   2736ns             269 00000298 00e55463 bge              x10, x14, 8         x10:00000006 x14:00000003
   2766ns             272 000002a0 00c75463 bge              x14, x12, 8         x14:00000003 x12:00000003
   2796ns             275 000002a8 00168693 addi             x13, x13, 1         x13=00000003 x13:00000002
   2806ns             276 000002ac fdf694e3 bne              x13, x31, -56       x13:00000003 x31:00000003
   2816ns             277 000002b0 00000693 addi             x13, x0, 0          x13=00000000
   2826ns             278 000002b4 00000713 addi             x14, x0, 0          x14=00000000
   2836ns             279 000002b8 02b70533 mul              x10, x14, x11       x10=00000000 x14:00000000 x11:0000000c
   2846ns             280 000002bc 00a78533 add              x10, x15, x10       x10=00030000 x15:00030000 x10:00000000
   2856ns             281 000002c0 00052503 lw               x10, 0(x10)         x10=00000005 x10:00030000  PA:00030000
   2876ns             283 000002c4 00c51c63 bne              x10, x12, 24        x10:00000005 x12:00000003
   2906ns             286 000002dc 02b70533 mul              x10, x14, x11       x10=00000000 x14:00000000 x11:0000000c
   2916ns             287 000002e0 00a78533 add              x10, x15, x10       x10=00030000 x15:00030000 x10:00000000
   2926ns             288 000002e4 00452503 lw               x10, 4(x10)         x10=00000008 x10:00030000  PA:00030004
   2946ns             290 000002e8 00c51c63 bne              x10, x12, 24        x10:00000008 x12:00000003
   2976ns             293 00000300 02b70533 mul              x10, x14, x11       x10=00000000 x14:00000000 x11:0000000c
   2986ns             294 00000304 00a78533 add              x10, x15, x10       x10=00030000 x15:00030000 x10:00000000
   2996ns             295 00000308 00852503 lw               x10, 8(x10)         x10=00000004 x10:00030000  PA:00030008
   3016ns             297 0000030c 00c51c63 bne              x10, x12, 24        x10:00000004 x12:00000003
   3046ns             300 00000324 00170713 addi             x14, x14, 1         x14=00000001 x14:00000000
   3056ns             301 00000328 f9f718e3 bne              x14, x31, -112      x14:00000001 x31:00000003
   3086ns             304 000002b8 02b70533 mul              x10, x14, x11       x10=0000000c x14:00000001 x11:0000000c
   3096ns             305 000002bc 00a78533 add              x10, x15, x10       x10=0003000c x15:00030000 x10:0000000c
   3106ns             306 000002c0 00052503 lw               x10, 0(x10)         x10=00000006 x10:0003000c  PA:0003000c
   3126ns             308 000002c4 00c51c63 bne              x10, x12, 24        x10:00000006 x12:00000003
   3156ns             311 000002dc 02b70533 mul              x10, x14, x11       x10=0000000c x14:00000001 x11:0000000c
   3166ns             312 000002e0 00a78533 add              x10, x15, x10       x10=0003000c x15:00030000 x10:0000000c
   3176ns             313 000002e4 00452503 lw               x10, 4(x10)         x10=00000006 x10:0003000c  PA:00030010
   3196ns             315 000002e8 00c51c63 bne              x10, x12, 24        x10:00000006 x12:00000003
   3226ns             318 00000300 02b70533 mul              x10, x14, x11       x10=0000000c x14:00000001 x11:0000000c
   3236ns             319 00000304 00a78533 add              x10, x15, x10       x10=0003000c x15:00030000 x10:0000000c
   3246ns             320 00000308 00852503 lw               x10, 8(x10)         x10=00000003 x10:0003000c  PA:00030014
   3266ns             322 0000030c 00c51c63 bne              x10, x12, 24        x10:00000003 x12:00000003
   3276ns             323 00000310 0387a503 lw               x10, 56(x15)        x10=00000023 x15:00030000  PA:00030038
   3296ns             325 00000314 00d54863 blt              x10, x13, 16        x10:00000023 x13:00000000
   3306ns             326 00000318 00050693 addi             x13, x10, 0         x13=00000023 x10:00000023
   3316ns             327 0000031c 00070893 addi             x17, x14, 0         x17=00000001 x14:00000001
   3326ns             328 00000320 00200313 addi             x6, x0, 2            x6=00000002
   3336ns             329 00000324 00170713 addi             x14, x14, 1         x14=00000002 x14:00000001
   3346ns             330 00000328 f9f718e3 bne              x14, x31, -112      x14:00000002 x31:00000003
   3376ns             333 000002b8 02b70533 mul              x10, x14, x11       x10=00000018 x14:00000002 x11:0000000c
   3386ns             334 000002bc 00a78533 add              x10, x15, x10       x10=00030018 x15:00030000 x10:00000018
   3396ns             335 000002c0 00052503 lw               x10, 0(x10)         x10=00000003 x10:00030018  PA:00030018
   3416ns             337 000002c4 00c51c63 bne              x10, x12, 24        x10:00000003 x12:00000003
   3426ns             338 000002c8 0307a503 lw               x10, 48(x15)        x10=00000014 x15:00030000  PA:00030030
   3446ns             340 000002cc 00d54863 blt              x10, x13, 16        x10:00000014 x13:00000023
   3476ns             343 000002dc 02b70533 mul              x10, x14, x11       x10=00000018 x14:00000002 x11:0000000c
   3486ns             344 000002e0 00a78533 add              x10, x15, x10       x10=00030018 x15:00030000 x10:00000018
   3496ns             345 000002e4 00452503 lw               x10, 4(x10)         x10=00000009 x10:00030018  PA:0003001c
   3516ns             347 000002e8 00c51c63 bne              x10, x12, 24        x10:00000009 x12:00000003
   3546ns             350 00000300 02b70533 mul              x10, x14, x11       x10=00000018 x14:00000002 x11:0000000c
   3556ns             351 00000304 00a78533 add              x10, x15, x10       x10=00030018 x15:00030000 x10:00000018
   3566ns             352 00000308 00852503 lw               x10, 8(x10)         x10=00000006 x10:00030018  PA:00030020
   3586ns             354 0000030c 00c51c63 bne              x10, x12, 24        x10:00000006 x12:00000003
   3616ns             357 00000324 00170713 addi             x14, x14, 1         x14=00000003 x14:00000002
   3626ns             358 00000328 f9f718e3 bne              x14, x31, -112      x14:00000003 x31:00000003
   3636ns             359 0000032c 03078693 addi             x13, x15, 48        x13=00030030 x15:00030000
   3646ns             360 00000330 00289513 slli             x10, x17, 0x2       x10=00000004 x17:00000001
   3656ns             361 00000334 00231713 slli             x14, x6, 0x2        x14=00000008  x6:00000002
   3666ns             362 00000338 00d70733 add              x14, x14, x13       x14=00030038 x14:00000008 x13:00030030
   3676ns             363 0000033c 00550533 add              x10, x10, x5        x10=00030044 x10:00000004  x5:00030040
   3686ns             364 00000340 00072803 lw               x16, 0(x14)         x16=00000023 x14:00030038  PA:00030038
   3696ns             365 00000344 00052683 lw               x13, 0(x10)         x13=00000028 x10:00030044  PA:00030044
   3716ns             367 00000348 00d85463 bge              x16, x13, 8         x16:00000023 x13:00000028
   3726ns             368 0000034c 00080693 addi             x13, x16, 0         x13=00000023 x16:00000023
   3736ns             369 00000350 40d80833 sub              x16, x16, x13       x16=00000000 x16:00000023 x13:00000023
   3746ns             370 00000354 01072023 sw               x16, 0(x14)         x16:00000000 x14:00030038  PA:00030038
   3756ns             371 00000358 00052703 lw               x14, 0(x10)         x14=00000028 x10:00030044  PA:00030044
   3766ns             372 0000035c fffe8e93 addi             x29, x29, -1        x29=00000002 x29:00000003
   3776ns             373 00000360 40d70733 sub              x14, x14, x13       x14=00000005 x14:00000028 x13:00000023
   3786ns             374 00000364 00e52023 sw               x14, 0(x10)         x14:00000005 x10:00030044  PA:00030044
   3796ns             375 00000368 03f88733 mul              x14, x17, x31       x14=00000003 x17:00000001 x31:00000003
   3806ns             376 0000036c 00670733 add              x14, x14, x6        x14=00000005 x14:00000003  x6:00000002
   3816ns             377 00000370 02c686b3 mul              x13, x13, x12       x13=00000069 x13:00000023 x12:00000003
   3826ns             378 00000374 00271713 slli             x14, x14, 0x2       x14=00000014 x14:00000005
   3836ns             379 00000378 00e78733 add              x14, x15, x14       x14=00030014 x15:00030000 x14:00000014
   3846ns             380 0000037c 00072503 lw               x10, 0(x14)         x10=00000003 x14:00030014  PA:00030014
   3866ns             382 00000380 01c56533 or               x10, x10, x28       x10=7fffffff x10:00000003 x28:7fffffff
   3876ns             383 00000384 00a72023 sw               x10, 0(x14)         x10:7fffffff x14:00030014  PA:00030014
   3886ns             384 00000388 0607a703 lw               x14, 96(x15)        x14=00000000 x15:00030000  PA:00030060
   3906ns             386 0000038c 00d706b3 add              x13, x14, x13       x13=00000069 x14:00000000 x13:00000069
   3916ns             387 00000390 06d7a023 sw               x13, 96(x15)        x13:00000069 x15:00030000  PA:00030060
   3926ns             388 00000394 000e8863 beq              x29, x0, 16         x29:00000002
   3936ns             389 00000398 000e0613 addi             x12, x28, 0         x12=7fffffff x28:7fffffff
   3946ns             390 0000039c 00000693 addi             x13, x0, 0          x13=00000000
   3956ns             391 000003a0 ed5ff06f jal              x0, -300           
   3976ns             393 00000274 02b68733 mul              x14, x13, x11       x14=00000000 x13:00000000 x11:0000000c
   3986ns             394 00000278 00e78733 add              x14, x15, x14       x14=00030000 x15:00030000 x14:00000000
   3996ns             395 0000027c 00472503 lw               x10, 4(x14)         x10=00000008 x14:00030000  PA:00030004
   4006ns             396 00000280 00072703 lw               x14, 0(x14)         x14=00000005 x14:00030000  PA:00030000
   4026ns             398 00000284 00e55463 bge              x10, x14, 8         x10:00000008 x14:00000005
   4056ns             401 0000028c 02b68533 mul              x10, x13, x11       x10=00000000 x13:00000000 x11:0000000c
   4066ns             402 00000290 00a78533 add              x10, x15, x10       x10=00030000 x15:00030000 x10:00000000
   4076ns             403 00000294 00852503 lw               x10, 8(x10)         x10=00000004 x10:00030000  PA:00030008
   4096ns             405 00000298 00e55463 bge              x10, x14, 8         x10:00000004 x14:00000005
   4106ns             406 0000029c 00050713 addi             x14, x10, 0         x14=00000004 x10:00000004
   4116ns             407 000002a0 00c75463 bge              x14, x12, 8         x14:00000004 x12:7fffffff
   4126ns             408 000002a4 00070613 addi             x12, x14, 0         x12=00000004 x14:00000004
   4136ns             409 000002a8 00168693 addi             x13, x13, 1         x13=00000001 x13:00000000
   4146ns             410 000002ac fdf694e3 bne              x13, x31, -56       x13:00000001 x31:00000003
   4176ns             413 00000274 02b68733 mul              x14, x13, x11       x14=0000000c x13:00000001 x11:0000000c
   4186ns             414 00000278 00e78733 add              x14, x15, x14       x14=0003000c x15:00030000 x14:0000000c
   4196ns             415 0000027c 00472503 lw               x10, 4(x14)         x10=00000006 x14:0003000c  PA:00030010
   4206ns             416 00000280 00072703 lw               x14, 0(x14)         x14=00000006 x14:0003000c  PA:0003000c
   4226ns             418 00000284 00e55463 bge              x10, x14, 8         x10:00000006 x14:00000006
   4256ns             421 0000028c 02b68533 mul              x10, x13, x11       x10=0000000c x13:00000001 x11:0000000c
   4266ns             422 00000290 00a78533 add              x10, x15, x10       x10=0003000c x15:00030000 x10:0000000c
   4276ns             423 00000294 00852503 lw               x10, 8(x10)         x10=7fffffff x10:0003000c  PA:00030014
   4296ns             425 00000298 00e55463 bge              x10, x14, 8         x10:7fffffff x14:00000006
   4326ns             428 000002a0 00c75463 bge              x14, x12, 8         x14:00000006 x12:00000004
   4356ns             431 000002a8 00168693 addi             x13, x13, 1         x13=00000002 x13:00000001
   4366ns             432 000002ac fdf694e3 bne              x13, x31, -56       x13:00000002 x31:00000003
   4396ns             435 00000274 02b68733 mul              x14, x13, x11       x14=00000018 x13:00000002 x11:0000000c
   4406ns             436 00000278 00e78733 add              x14, x15, x14       x14=00030018 x15:00030000 x14:00000018
   4416ns             437 0000027c 00472503 lw               x10, 4(x14)         x10=00000009 x14:00030018  PA:0003001c
   4426ns             438 00000280 00072703 lw               x14, 0(x14)         x14=00000003 x14:00030018  PA:00030018
   4446ns             440 00000284 00e55463 bge              x10, x14, 8         x10:00000009 x14:00000003
   4476ns             443 0000028c 02b68533 mul              x10, x13, x11       x10=00000018 x13:00000002 x11:0000000c
   4486ns             444 00000290 00a78533 add              x10, x15, x10       x10=00030018 x15:00030000 x10:00000018
   4496ns             445 00000294 00852503 lw               x10, 8(x10)         x10=00000006 x10:00030018  PA:00030020
   4516ns             447 00000298 00e55463 bge              x10, x14, 8         x10:00000006 x14:00000003
   4546ns             450 000002a0 00c75463 bge              x14, x12, 8         x14:00000003 x12:00000004
   4556ns             451 000002a4 00070613 addi             x12, x14, 0         x12=00000003 x14:00000003
   4566ns             452 000002a8 00168693 addi             x13, x13, 1         x13=00000003 x13:00000002
   4576ns             453 000002ac fdf694e3 bne              x13, x31, -56       x13:00000003 x31:00000003
   4586ns             454 000002b0 00000693 addi             x13, x0, 0          x13=00000000
   4596ns             455 000002b4 00000713 addi             x14, x0, 0          x14=00000000
   4606ns             456 000002b8 02b70533 mul              x10, x14, x11       x10=00000000 x14:00000000 x11:0000000c
   4616ns             457 000002bc 00a78533 add              x10, x15, x10       x10=00030000 x15:00030000 x10:00000000
   4626ns             458 000002c0 00052503 lw               x10, 0(x10)         x10=00000005 x10:00030000  PA:00030000
   4646ns             460 000002c4 00c51c63 bne              x10, x12, 24        x10:00000005 x12:00000003
   4676ns             463 000002dc 02b70533 mul              x10, x14, x11       x10=00000000 x14:00000000 x11:0000000c
   4686ns             464 000002e0 00a78533 add              x10, x15, x10       x10=00030000 x15:00030000 x10:00000000
   4696ns             465 000002e4 00452503 lw               x10, 4(x10)         x10=00000008 x10:00030000  PA:00030004
   4716ns             467 000002e8 00c51c63 bne              x10, x12, 24        x10:00000008 x12:00000003
   4746ns             470 00000300 02b70533 mul              x10, x14, x11       x10=00000000 x14:00000000 x11:0000000c
   4756ns             471 00000304 00a78533 add              x10, x15, x10       x10=00030000 x15:00030000 x10:00000000
   4766ns             472 00000308 00852503 lw               x10, 8(x10)         x10=00000004 x10:00030000  PA:00030008
   4786ns             474 0000030c 00c51c63 bne              x10, x12, 24        x10:00000004 x12:00000003
   4816ns             477 00000324 00170713 addi             x14, x14, 1         x14=00000001 x14:00000000
   4826ns             478 00000328 f9f718e3 bne              x14, x31, -112      x14:00000001 x31:00000003
   4856ns             481 000002b8 02b70533 mul              x10, x14, x11       x10=0000000c x14:00000001 x11:0000000c
   4866ns             482 000002bc 00a78533 add              x10, x15, x10       x10=0003000c x15:00030000 x10:0000000c
   4876ns             483 000002c0 00052503 lw               x10, 0(x10)         x10=00000006 x10:0003000c  PA:0003000c
   4896ns             485 000002c4 00c51c63 bne              x10, x12, 24        x10:00000006 x12:00000003
   4926ns             488 000002dc 02b70533 mul              x10, x14, x11       x10=0000000c x14:00000001 x11:0000000c
   4936ns             489 000002e0 00a78533 add              x10, x15, x10       x10=0003000c x15:00030000 x10:0000000c
   4946ns             490 000002e4 00452503 lw               x10, 4(x10)         x10=00000006 x10:0003000c  PA:00030010
   4966ns             492 000002e8 00c51c63 bne              x10, x12, 24        x10:00000006 x12:00000003
   4996ns             495 00000300 02b70533 mul              x10, x14, x11       x10=0000000c x14:00000001 x11:0000000c
   5006ns             496 00000304 00a78533 add              x10, x15, x10       x10=0003000c x15:00030000 x10:0000000c
   5016ns             497 00000308 00852503 lw               x10, 8(x10)         x10=7fffffff x10:0003000c  PA:00030014
   5036ns             499 0000030c 00c51c63 bne              x10, x12, 24        x10:7fffffff x12:00000003
   5066ns             502 00000324 00170713 addi             x14, x14, 1         x14=00000002 x14:00000001
   5076ns             503 00000328 f9f718e3 bne              x14, x31, -112      x14:00000002 x31:00000003
   5106ns             506 000002b8 02b70533 mul              x10, x14, x11       x10=00000018 x14:00000002 x11:0000000c
   5116ns             507 000002bc 00a78533 add              x10, x15, x10       x10=00030018 x15:00030000 x10:00000018
   5126ns             508 000002c0 00052503 lw               x10, 0(x10)         x10=00000003 x10:00030018  PA:00030018
   5146ns             510 000002c4 00c51c63 bne              x10, x12, 24        x10:00000003 x12:00000003
   5156ns             511 000002c8 0307a503 lw               x10, 48(x15)        x10=00000014 x15:00030000  PA:00030030
   5176ns             513 000002cc 00d54863 blt              x10, x13, 16        x10:00000014 x13:00000000
   5186ns             514 000002d0 00050693 addi             x13, x10, 0         x13=00000014 x10:00000014
   5196ns             515 000002d4 00070893 addi             x17, x14, 0         x17=00000002 x14:00000002
   5206ns             516 000002d8 00000313 addi             x6, x0, 0            x6=00000000
   5216ns             517 000002dc 02b70533 mul              x10, x14, x11       x10=00000018 x14:00000002 x11:0000000c
   5226ns             518 000002e0 00a78533 add              x10, x15, x10       x10=00030018 x15:00030000 x10:00000018
   5236ns             519 000002e4 00452503 lw               x10, 4(x10)         x10=00000009 x10:00030018  PA:0003001c
   5256ns             521 000002e8 00c51c63 bne              x10, x12, 24        x10:00000009 x12:00000003
   5286ns             524 00000300 02b70533 mul              x10, x14, x11       x10=00000018 x14:00000002 x11:0000000c
   5296ns             525 00000304 00a78533 add              x10, x15, x10       x10=00030018 x15:00030000 x10:00000018
   5306ns             526 00000308 00852503 lw               x10, 8(x10)         x10=00000006 x10:00030018  PA:00030020
   5326ns             528 0000030c 00c51c63 bne              x10, x12, 24        x10:00000006 x12:00000003
   5356ns             531 00000324 00170713 addi             x14, x14, 1         x14=00000003 x14:00000002
   5366ns             532 00000328 f9f718e3 bne              x14, x31, -112      x14:00000003 x31:00000003
   5376ns             533 0000032c 03078693 addi             x13, x15, 48        x13=00030030 x15:00030000
   5386ns             534 00000330 00289513 slli             x10, x17, 0x2       x10=00000008 x17:00000002
   5396ns             535 00000334 00231713 slli             x14, x6, 0x2        x14=00000000  x6:00000000
   5406ns             536 00000338 00d70733 add              x14, x14, x13       x14=00030030 x14:00000000 x13:00030030
   5416ns             537 0000033c 00550533 add              x10, x10, x5        x10=00030048 x10:00000008  x5:00030040
   5426ns             538 00000340 00072803 lw               x16, 0(x14)         x16=00000014 x14:00030030  PA:00030030
   5436ns             539 00000344 00052683 lw               x13, 0(x10)         x13=0000003c x10:00030048  PA:00030048
   5456ns             541 00000348 00d85463 bge              x16, x13, 8         x16:00000014 x13:0000003c
   5466ns             542 0000034c 00080693 addi             x13, x16, 0         x13=00000014 x16:00000014
   5476ns             543 00000350 40d80833 sub              x16, x16, x13       x16=00000000 x16:00000014 x13:00000014
   5486ns             544 00000354 01072023 sw               x16, 0(x14)         x16:00000000 x14:00030030  PA:00030030
   5496ns             545 00000358 00052703 lw               x14, 0(x10)         x14=0000003c x10:00030048  PA:00030048
   5506ns             546 0000035c fffe8e93 addi             x29, x29, -1        x29=00000001 x29:00000002
   5516ns             547 00000360 40d70733 sub              x14, x14, x13       x14=00000028 x14:0000003c x13:00000014
   5526ns             548 00000364 00e52023 sw               x14, 0(x10)         x14:00000028 x10:00030048  PA:00030048
   5536ns             549 00000368 03f88733 mul              x14, x17, x31       x14=00000006 x17:00000002 x31:00000003
   5546ns             550 0000036c 00670733 add              x14, x14, x6        x14=00000006 x14:00000006  x6:00000000
   5556ns             551 00000370 02c686b3 mul              x13, x13, x12       x13=0000003c x13:00000014 x12:00000003
   5566ns             552 00000374 00271713 slli             x14, x14, 0x2       x14=00000018 x14:00000006
   5576ns             553 00000378 00e78733 add              x14, x15, x14       x14=00030018 x15:00030000 x14:00000018
   5586ns             554 0000037c 00072503 lw               x10, 0(x14)         x10=00000003 x14:00030018  PA:00030018
   5606ns             556 00000380 01c56533 or               x10, x10, x28       x10=7fffffff x10:00000003 x28:7fffffff
   5616ns             557 00000384 00a72023 sw               x10, 0(x14)         x10:7fffffff x14:00030018  PA:00030018
   5626ns             558 00000388 0607a703 lw               x14, 96(x15)        x14=00000069 x15:00030000  PA:00030060
   5646ns             560 0000038c 00d706b3 add              x13, x14, x13       x13=000000a5 x14:00000069 x13:0000003c
   5656ns             561 00000390 06d7a023 sw               x13, 96(x15)        x13:000000a5 x15:00030000  PA:00030060
   5666ns             562 00000394 000e8863 beq              x29, x0, 16         x29:00000001
   5676ns             563 00000398 000e0613 addi             x12, x28, 0         x12=7fffffff x28:7fffffff
   5686ns             564 0000039c 00000693 addi             x13, x0, 0          x13=00000000
   5696ns             565 000003a0 ed5ff06f jal              x0, -300           
   5716ns             567 00000274 02b68733 mul              x14, x13, x11       x14=00000000 x13:00000000 x11:0000000c
   5726ns             568 00000278 00e78733 add              x14, x15, x14       x14=00030000 x15:00030000 x14:00000000
   5736ns             569 0000027c 00472503 lw               x10, 4(x14)         x10=00000008 x14:00030000  PA:00030004
   5746ns             570 00000280 00072703 lw               x14, 0(x14)         x14=00000005 x14:00030000  PA:00030000
   5766ns             572 00000284 00e55463 bge              x10, x14, 8         x10:00000008 x14:00000005
   5796ns             575 0000028c 02b68533 mul              x10, x13, x11       x10=00000000 x13:00000000 x11:0000000c
   5806ns             576 00000290 00a78533 add              x10, x15, x10       x10=00030000 x15:00030000 x10:00000000
   5816ns             577 00000294 00852503 lw               x10, 8(x10)         x10=00000004 x10:00030000  PA:00030008
   5836ns             579 00000298 00e55463 bge              x10, x14, 8         x10:00000004 x14:00000005
   5846ns             580 0000029c 00050713 addi             x14, x10, 0         x14=00000004 x10:00000004
   5856ns             581 000002a0 00c75463 bge              x14, x12, 8         x14:00000004 x12:7fffffff
   5866ns             582 000002a4 00070613 addi             x12, x14, 0         x12=00000004 x14:00000004
   5876ns             583 000002a8 00168693 addi             x13, x13, 1         x13=00000001 x13:00000000
   5886ns             584 000002ac fdf694e3 bne              x13, x31, -56       x13:00000001 x31:00000003
   5916ns             587 00000274 02b68733 mul              x14, x13, x11       x14=0000000c x13:00000001 x11:0000000c
   5926ns             588 00000278 00e78733 add              x14, x15, x14       x14=0003000c x15:00030000 x14:0000000c
   5936ns             589 0000027c 00472503 lw               x10, 4(x14)         x10=00000006 x14:0003000c  PA:00030010
   5946ns             590 00000280 00072703 lw               x14, 0(x14)         x14=00000006 x14:0003000c  PA:0003000c
   5966ns             592 00000284 00e55463 bge              x10, x14, 8         x10:00000006 x14:00000006
   5996ns             595 0000028c 02b68533 mul              x10, x13, x11       x10=0000000c x13:00000001 x11:0000000c
   6006ns             596 00000290 00a78533 add              x10, x15, x10       x10=0003000c x15:00030000 x10:0000000c
   6016ns             597 00000294 00852503 lw               x10, 8(x10)         x10=7fffffff x10:0003000c  PA:00030014
   6036ns             599 00000298 00e55463 bge              x10, x14, 8         x10:7fffffff x14:00000006
   6066ns             602 000002a0 00c75463 bge              x14, x12, 8         x14:00000006 x12:00000004
   6096ns             605 000002a8 00168693 addi             x13, x13, 1         x13=00000002 x13:00000001
   6106ns             606 000002ac fdf694e3 bne              x13, x31, -56       x13:00000002 x31:00000003
   6136ns             609 00000274 02b68733 mul              x14, x13, x11       x14=00000018 x13:00000002 x11:0000000c
   6146ns             610 00000278 00e78733 add              x14, x15, x14       x14=00030018 x15:00030000 x14:00000018
   6156ns             611 0000027c 00472503 lw               x10, 4(x14)         x10=00000009 x14:00030018  PA:0003001c
   6166ns             612 00000280 00072703 lw               x14, 0(x14)         x14=7fffffff x14:00030018  PA:00030018
   6186ns             614 00000284 00e55463 bge              x10, x14, 8         x10:00000009 x14:7fffffff
   6196ns             615 00000288 00050713 addi             x14, x10, 0         x14=00000009 x10:00000009
   6206ns             616 0000028c 02b68533 mul              x10, x13, x11       x10=00000018 x13:00000002 x11:0000000c
   6216ns             617 00000290 00a78533 add              x10, x15, x10       x10=00030018 x15:00030000 x10:00000018
   6226ns             618 00000294 00852503 lw               x10, 8(x10)         x10=00000006 x10:00030018  PA:00030020
   6246ns             620 00000298 00e55463 bge              x10, x14, 8         x10:00000006 x14:00000009
   6256ns             621 0000029c 00050713 addi             x14, x10, 0         x14=00000006 x10:00000006
   6266ns             622 000002a0 00c75463 bge              x14, x12, 8         x14:00000006 x12:00000004
   6296ns             625 000002a8 00168693 addi             x13, x13, 1         x13=00000003 x13:00000002
   6306ns             626 000002ac fdf694e3 bne              x13, x31, -56       x13:00000003 x31:00000003
   6316ns             627 000002b0 00000693 addi             x13, x0, 0          x13=00000000
   6326ns             628 000002b4 00000713 addi             x14, x0, 0          x14=00000000
   6336ns             629 000002b8 02b70533 mul              x10, x14, x11       x10=00000000 x14:00000000 x11:0000000c
   6346ns             630 000002bc 00a78533 add              x10, x15, x10       x10=00030000 x15:00030000 x10:00000000
   6356ns             631 000002c0 00052503 lw               x10, 0(x10)         x10=00000005 x10:00030000  PA:00030000
   6376ns             633 000002c4 00c51c63 bne              x10, x12, 24        x10:00000005 x12:00000004
   6406ns             636 000002dc 02b70533 mul              x10, x14, x11       x10=00000000 x14:00000000 x11:0000000c
   6416ns             637 000002e0 00a78533 add              x10, x15, x10       x10=00030000 x15:00030000 x10:00000000
   6426ns             638 000002e4 00452503 lw               x10, 4(x10)         x10=00000008 x10:00030000  PA:00030004
   6446ns             640 000002e8 00c51c63 bne              x10, x12, 24        x10:00000008 x12:00000004
   6476ns             643 00000300 02b70533 mul              x10, x14, x11       x10=00000000 x14:00000000 x11:0000000c
   6486ns             644 00000304 00a78533 add              x10, x15, x10       x10=00030000 x15:00030000 x10:00000000
   6496ns             645 00000308 00852503 lw               x10, 8(x10)         x10=00000004 x10:00030000  PA:00030008
   6516ns             647 0000030c 00c51c63 bne              x10, x12, 24        x10:00000004 x12:00000004
   6526ns             648 00000310 0387a503 lw               x10, 56(x15)        x10=00000000 x15:00030000  PA:00030038
   6546ns             650 00000314 00d54863 blt              x10, x13, 16        x10:00000000 x13:00000000
   6556ns             651 00000318 00050693 addi             x13, x10, 0         x13=00000000 x10:00000000
   6566ns             652 0000031c 00070893 addi             x17, x14, 0         x17=00000000 x14:00000000
   6576ns             653 00000320 00200313 addi             x6, x0, 2            x6=00000002
   6586ns             654 00000324 00170713 addi             x14, x14, 1         x14=00000001 x14:00000000
   6596ns             655 00000328 f9f718e3 bne              x14, x31, -112      x14:00000001 x31:00000003
   6626ns             658 000002b8 02b70533 mul              x10, x14, x11       x10=0000000c x14:00000001 x11:0000000c
   6636ns             659 000002bc 00a78533 add              x10, x15, x10       x10=0003000c x15:00030000 x10:0000000c
   6646ns             660 000002c0 00052503 lw               x10, 0(x10)         x10=00000006 x10:0003000c  PA:0003000c
   6666ns             662 000002c4 00c51c63 bne              x10, x12, 24        x10:00000006 x12:00000004
   6696ns             665 000002dc 02b70533 mul              x10, x14, x11       x10=0000000c x14:00000001 x11:0000000c
   6706ns             666 000002e0 00a78533 add              x10, x15, x10       x10=0003000c x15:00030000 x10:0000000c
   6716ns             667 000002e4 00452503 lw               x10, 4(x10)         x10=00000006 x10:0003000c  PA:00030010
   6736ns             669 000002e8 00c51c63 bne              x10, x12, 24        x10:00000006 x12:00000004
   6766ns             672 00000300 02b70533 mul              x10, x14, x11       x10=0000000c x14:00000001 x11:0000000c
   6776ns             673 00000304 00a78533 add              x10, x15, x10       x10=0003000c x15:00030000 x10:0000000c
   6786ns             674 00000308 00852503 lw               x10, 8(x10)         x10=7fffffff x10:0003000c  PA:00030014
   6806ns             676 0000030c 00c51c63 bne              x10, x12, 24        x10:7fffffff x12:00000004
   6836ns             679 00000324 00170713 addi             x14, x14, 1         x14=00000002 x14:00000001
   6846ns             680 00000328 f9f718e3 bne              x14, x31, -112      x14:00000002 x31:00000003
   6876ns             683 000002b8 02b70533 mul              x10, x14, x11       x10=00000018 x14:00000002 x11:0000000c
   6886ns             684 000002bc 00a78533 add              x10, x15, x10       x10=00030018 x15:00030000 x10:00000018
   6896ns             685 000002c0 00052503 lw               x10, 0(x10)         x10=7fffffff x10:00030018  PA:00030018
   6916ns             687 000002c4 00c51c63 bne              x10, x12, 24        x10:7fffffff x12:00000004
   6946ns             690 000002dc 02b70533 mul              x10, x14, x11       x10=00000018 x14:00000002 x11:0000000c
   6956ns             691 000002e0 00a78533 add              x10, x15, x10       x10=00030018 x15:00030000 x10:00000018
   6966ns             692 000002e4 00452503 lw               x10, 4(x10)         x10=00000009 x10:00030018  PA:0003001c
   6986ns             694 000002e8 00c51c63 bne              x10, x12, 24        x10:00000009 x12:00000004
   7016ns             697 00000300 02b70533 mul              x10, x14, x11       x10=00000018 x14:00000002 x11:0000000c
   7026ns             698 00000304 00a78533 add              x10, x15, x10       x10=00030018 x15:00030000 x10:00000018
   7036ns             699 00000308 00852503 lw               x10, 8(x10)         x10=00000006 x10:00030018  PA:00030020
   7056ns             701 0000030c 00c51c63 bne              x10, x12, 24        x10:00000006 x12:00000004
   7086ns             704 00000324 00170713 addi             x14, x14, 1         x14=00000003 x14:00000002
   7096ns             705 00000328 f9f718e3 bne              x14, x31, -112      x14:00000003 x31:00000003
   7106ns             706 0000032c 03078693 addi             x13, x15, 48        x13=00030030 x15:00030000
   7116ns             707 00000330 00289513 slli             x10, x17, 0x2       x10=00000000 x17:00000000
   7126ns             708 00000334 00231713 slli             x14, x6, 0x2        x14=00000008  x6:00000002
   7136ns             709 00000338 00d70733 add              x14, x14, x13       x14=00030038 x14:00000008 x13:00030030
   7146ns             710 0000033c 00550533 add              x10, x10, x5        x10=00030040 x10:00000000  x5:00030040
   7156ns             711 00000340 00072803 lw               x16, 0(x14)         x16=00000000 x14:00030038  PA:00030038
   7166ns             712 00000344 00052683 lw               x13, 0(x10)         x13=00000032 x10:00030040  PA:00030040
   7186ns             714 00000348 00d85463 bge              x16, x13, 8         x16:00000000 x13:00000032
   7196ns             715 0000034c 00080693 addi             x13, x16, 0         x13=00000000 x16:00000000
   7206ns             716 00000350 40d80833 sub              x16, x16, x13       x16=00000000 x16:00000000 x13:00000000
   7216ns             717 00000354 01072023 sw               x16, 0(x14)         x16:00000000 x14:00030038  PA:00030038
   7226ns             718 00000358 00052703 lw               x14, 0(x10)         x14=00000032 x10:00030040  PA:00030040
   7236ns             719 0000035c fffe8e93 addi             x29, x29, -1        x29=00000000 x29:00000001
   7246ns             720 00000360 40d70733 sub              x14, x14, x13       x14=00000032 x14:00000032 x13:00000000
   7256ns             721 00000364 00e52023 sw               x14, 0(x10)         x14:00000032 x10:00030040  PA:00030040
   7266ns             722 00000368 03f88733 mul              x14, x17, x31       x14=00000000 x17:00000000 x31:00000003
   7276ns             723 0000036c 00670733 add              x14, x14, x6        x14=00000002 x14:00000000  x6:00000002
   7286ns             724 00000370 02c686b3 mul              x13, x13, x12       x13=00000000 x13:00000000 x12:00000004
   7296ns             725 00000374 00271713 slli             x14, x14, 0x2       x14=00000008 x14:00000002
   7306ns             726 00000378 00e78733 add              x14, x15, x14       x14=00030008 x15:00030000 x14:00000008
   7316ns             727 0000037c 00072503 lw               x10, 0(x14)         x10=00000004 x14:00030008  PA:00030008
   7336ns             729 00000380 01c56533 or               x10, x10, x28       x10=7fffffff x10:00000004 x28:7fffffff
   7346ns             730 00000384 00a72023 sw               x10, 0(x14)         x10:7fffffff x14:00030008  PA:00030008
   7356ns             731 00000388 0607a703 lw               x14, 96(x15)        x14=000000a5 x15:00030000  PA:00030060
   7376ns             733 0000038c 00d706b3 add              x13, x14, x13       x13=000000a5 x14:000000a5 x13:00000000
   7386ns             734 00000390 06d7a023 sw               x13, 96(x15)        x13:000000a5 x15:00030000  PA:00030060
   7396ns             735 00000394 000e8863 beq              x29, x0, 16         x29:00000000
   7426ns             738 000003a4 ffff0f13 addi             x30, x30, -1        x30=00000002 x30:00000003
   7436ns             739 000003a8 ec0f12e3 bne              x30, x0, -316       x30:00000002
   7466ns             742 0000026c 00300e93 addi             x29, x0, 3          x29=00000003
   7476ns             743 00000270 1280006f jal              x0, 296            
   7496ns             745 00000398 000e0613 addi             x12, x28, 0         x12=7fffffff x28:7fffffff
   7506ns             746 0000039c 00000693 addi             x13, x0, 0          x13=00000000
   7516ns             747 000003a0 ed5ff06f jal              x0, -300           
   7536ns             749 00000274 02b68733 mul              x14, x13, x11       x14=00000000 x13:00000000 x11:0000000c
   7546ns             750 00000278 00e78733 add              x14, x15, x14       x14=00030000 x15:00030000 x14:00000000
   7556ns             751 0000027c 00472503 lw               x10, 4(x14)         x10=00000008 x14:00030000  PA:00030004
   7566ns             752 00000280 00072703 lw               x14, 0(x14)         x14=00000005 x14:00030000  PA:00030000
   7586ns             754 00000284 00e55463 bge              x10, x14, 8         x10:00000008 x14:00000005
   7616ns             757 0000028c 02b68533 mul              x10, x13, x11       x10=00000000 x13:00000000 x11:0000000c
   7626ns             758 00000290 00a78533 add              x10, x15, x10       x10=00030000 x15:00030000 x10:00000000
   7636ns             759 00000294 00852503 lw               x10, 8(x10)         x10=7fffffff x10:00030000  PA:00030008
   7656ns             761 00000298 00e55463 bge              x10, x14, 8         x10:7fffffff x14:00000005
   7686ns             764 000002a0 00c75463 bge              x14, x12, 8         x14:00000005 x12:7fffffff
   7696ns             765 000002a4 00070613 addi             x12, x14, 0         x12=00000005 x14:00000005
   7706ns             766 000002a8 00168693 addi             x13, x13, 1         x13=00000001 x13:00000000
   7716ns             767 000002ac fdf694e3 bne              x13, x31, -56       x13:00000001 x31:00000003
   7746ns             770 00000274 02b68733 mul              x14, x13, x11       x14=0000000c x13:00000001 x11:0000000c
   7756ns             771 00000278 00e78733 add              x14, x15, x14       x14=0003000c x15:00030000 x14:0000000c
   7766ns             772 0000027c 00472503 lw               x10, 4(x14)         x10=00000006 x14:0003000c  PA:00030010
   7776ns             773 00000280 00072703 lw               x14, 0(x14)         x14=00000006 x14:0003000c  PA:0003000c
   7796ns             775 00000284 00e55463 bge              x10, x14, 8         x10:00000006 x14:00000006
   7826ns             778 0000028c 02b68533 mul              x10, x13, x11       x10=0000000c x13:00000001 x11:0000000c
   7836ns             779 00000290 00a78533 add              x10, x15, x10       x10=0003000c x15:00030000 x10:0000000c
   7846ns             780 00000294 00852503 lw               x10, 8(x10)         x10=7fffffff x10:0003000c  PA:00030014
   7866ns             782 00000298 00e55463 bge              x10, x14, 8         x10:7fffffff x14:00000006
   7896ns             785 000002a0 00c75463 bge              x14, x12, 8         x14:00000006 x12:00000005
   7926ns             788 000002a8 00168693 addi             x13, x13, 1         x13=00000002 x13:00000001
   7936ns             789 000002ac fdf694e3 bne              x13, x31, -56       x13:00000002 x31:00000003
   7966ns             792 00000274 02b68733 mul              x14, x13, x11       x14=00000018 x13:00000002 x11:0000000c
   7976ns             793 00000278 00e78733 add              x14, x15, x14       x14=00030018 x15:00030000 x14:00000018
   7986ns             794 0000027c 00472503 lw               x10, 4(x14)         x10=00000009 x14:00030018  PA:0003001c
   7996ns             795 00000280 00072703 lw               x14, 0(x14)         x14=7fffffff x14:00030018  PA:00030018
   8016ns             797 00000284 00e55463 bge              x10, x14, 8         x10:00000009 x14:7fffffff
   8026ns             798 00000288 00050713 addi             x14, x10, 0         x14=00000009 x10:00000009
   8036ns             799 0000028c 02b68533 mul              x10, x13, x11       x10=00000018 x13:00000002 x11:0000000c
   8046ns             800 00000290 00a78533 add              x10, x15, x10       x10=00030018 x15:00030000 x10:00000018
   8056ns             801 00000294 00852503 lw               x10, 8(x10)         x10=00000006 x10:00030018  PA:00030020
   8076ns             803 00000298 00e55463 bge              x10, x14, 8         x10:00000006 x14:00000009
   8086ns             804 0000029c 00050713 addi             x14, x10, 0         x14=00000006 x10:00000006
   8096ns             805 000002a0 00c75463 bge              x14, x12, 8         x14:00000006 x12:00000005
   8126ns             808 000002a8 00168693 addi             x13, x13, 1         x13=00000003 x13:00000002
   8136ns             809 000002ac fdf694e3 bne              x13, x31, -56       x13:00000003 x31:00000003
   8146ns             810 000002b0 00000693 addi             x13, x0, 0          x13=00000000
   8156ns             811 000002b4 00000713 addi             x14, x0, 0          x14=00000000
   8166ns             812 000002b8 02b70533 mul              x10, x14, x11       x10=00000000 x14:00000000 x11:0000000c
   8176ns             813 000002bc 00a78533 add              x10, x15, x10       x10=00030000 x15:00030000 x10:00000000
   8186ns             814 000002c0 00052503 lw               x10, 0(x10)         x10=00000005 x10:00030000  PA:00030000
   8206ns             816 000002c4 00c51c63 bne              x10, x12, 24        x10:00000005 x12:00000005
   8216ns             817 000002c8 0307a503 lw               x10, 48(x15)        x10=00000000 x15:00030000  PA:00030030
   8236ns             819 000002cc 00d54863 blt              x10, x13, 16        x10:00000000 x13:00000000
   8246ns             820 000002d0 00050693 addi             x13, x10, 0         x13=00000000 x10:00000000
   8256ns             821 000002d4 00070893 addi             x17, x14, 0         x17=00000000 x14:00000000
   8266ns             822 000002d8 00000313 addi             x6, x0, 0            x6=00000000
   8276ns             823 000002dc 02b70533 mul              x10, x14, x11       x10=00000000 x14:00000000 x11:0000000c
   8286ns             824 000002e0 00a78533 add              x10, x15, x10       x10=00030000 x15:00030000 x10:00000000
   8296ns             825 000002e4 00452503 lw               x10, 4(x10)         x10=00000008 x10:00030000  PA:00030004
   8316ns             827 000002e8 00c51c63 bne              x10, x12, 24        x10:00000008 x12:00000005
   8346ns             830 00000300 02b70533 mul              x10, x14, x11       x10=00000000 x14:00000000 x11:0000000c
   8356ns             831 00000304 00a78533 add              x10, x15, x10       x10=00030000 x15:00030000 x10:00000000
   8366ns             832 00000308 00852503 lw               x10, 8(x10)         x10=7fffffff x10:00030000  PA:00030008
   8386ns             834 0000030c 00c51c63 bne              x10, x12, 24        x10:7fffffff x12:00000005
   8416ns             837 00000324 00170713 addi             x14, x14, 1         x14=00000001 x14:00000000
   8426ns             838 00000328 f9f718e3 bne              x14, x31, -112      x14:00000001 x31:00000003
   8456ns             841 000002b8 02b70533 mul              x10, x14, x11       x10=0000000c x14:00000001 x11:0000000c
   8466ns             842 000002bc 00a78533 add              x10, x15, x10       x10=0003000c x15:00030000 x10:0000000c
   8476ns             843 000002c0 00052503 lw               x10, 0(x10)         x10=00000006 x10:0003000c  PA:0003000c
   8496ns             845 000002c4 00c51c63 bne              x10, x12, 24        x10:00000006 x12:00000005
   8526ns             848 000002dc 02b70533 mul              x10, x14, x11       x10=0000000c x14:00000001 x11:0000000c
   8536ns             849 000002e0 00a78533 add              x10, x15, x10       x10=0003000c x15:00030000 x10:0000000c
   8546ns             850 000002e4 00452503 lw               x10, 4(x10)         x10=00000006 x10:0003000c  PA:00030010
   8566ns             852 000002e8 00c51c63 bne              x10, x12, 24        x10:00000006 x12:00000005
   8596ns             855 00000300 02b70533 mul              x10, x14, x11       x10=0000000c x14:00000001 x11:0000000c
   8606ns             856 00000304 00a78533 add              x10, x15, x10       x10=0003000c x15:00030000 x10:0000000c
   8616ns             857 00000308 00852503 lw               x10, 8(x10)         x10=7fffffff x10:0003000c  PA:00030014
   8636ns             859 0000030c 00c51c63 bne              x10, x12, 24        x10:7fffffff x12:00000005
   8666ns             862 00000324 00170713 addi             x14, x14, 1         x14=00000002 x14:00000001
   8676ns             863 00000328 f9f718e3 bne              x14, x31, -112      x14:00000002 x31:00000003
   8706ns             866 000002b8 02b70533 mul              x10, x14, x11       x10=00000018 x14:00000002 x11:0000000c
   8716ns             867 000002bc 00a78533 add              x10, x15, x10       x10=00030018 x15:00030000 x10:00000018
   8726ns             868 000002c0 00052503 lw               x10, 0(x10)         x10=7fffffff x10:00030018  PA:00030018
   8746ns             870 000002c4 00c51c63 bne              x10, x12, 24        x10:7fffffff x12:00000005
   8776ns             873 000002dc 02b70533 mul              x10, x14, x11       x10=00000018 x14:00000002 x11:0000000c
   8786ns             874 000002e0 00a78533 add              x10, x15, x10       x10=00030018 x15:00030000 x10:00000018
   8796ns             875 000002e4 00452503 lw               x10, 4(x10)         x10=00000009 x10:00030018  PA:0003001c
   8816ns             877 000002e8 00c51c63 bne              x10, x12, 24        x10:00000009 x12:00000005
   8846ns             880 00000300 02b70533 mul              x10, x14, x11       x10=00000018 x14:00000002 x11:0000000c
   8856ns             881 00000304 00a78533 add              x10, x15, x10       x10=00030018 x15:00030000 x10:00000018
   8866ns             882 00000308 00852503 lw               x10, 8(x10)         x10=00000006 x10:00030018  PA:00030020
   8886ns             884 0000030c 00c51c63 bne              x10, x12, 24        x10:00000006 x12:00000005
   8916ns             887 00000324 00170713 addi             x14, x14, 1         x14=00000003 x14:00000002
   8926ns             888 00000328 f9f718e3 bne              x14, x31, -112      x14:00000003 x31:00000003
   8936ns             889 0000032c 03078693 addi             x13, x15, 48        x13=00030030 x15:00030000
   8946ns             890 00000330 00289513 slli             x10, x17, 0x2       x10=00000000 x17:00000000
   8956ns             891 00000334 00231713 slli             x14, x6, 0x2        x14=00000000  x6:00000000
   8966ns             892 00000338 00d70733 add              x14, x14, x13       x14=00030030 x14:00000000 x13:00030030
   8976ns             893 0000033c 00550533 add              x10, x10, x5        x10=00030040 x10:00000000  x5:00030040
   8986ns             894 00000340 00072803 lw               x16, 0(x14)         x16=00000000 x14:00030030  PA:00030030
   8996ns             895 00000344 00052683 lw               x13, 0(x10)         x13=00000032 x10:00030040  PA:00030040
   9016ns             897 00000348 00d85463 bge              x16, x13, 8         x16:00000000 x13:00000032
   9026ns             898 0000034c 00080693 addi             x13, x16, 0         x13=00000000 x16:00000000
   9036ns             899 00000350 40d80833 sub              x16, x16, x13       x16=00000000 x16:00000000 x13:00000000
   9046ns             900 00000354 01072023 sw               x16, 0(x14)         x16:00000000 x14:00030030  PA:00030030
   9056ns             901 00000358 00052703 lw               x14, 0(x10)         x14=00000032 x10:00030040  PA:00030040
   9066ns             902 0000035c fffe8e93 addi             x29, x29, -1        x29=00000002 x29:00000003
   9076ns             903 00000360 40d70733 sub              x14, x14, x13       x14=00000032 x14:00000032 x13:00000000
   9086ns             904 00000364 00e52023 sw               x14, 0(x10)         x14:00000032 x10:00030040  PA:00030040
   9096ns             905 00000368 03f88733 mul              x14, x17, x31       x14=00000000 x17:00000000 x31:00000003
   9106ns             906 0000036c 00670733 add              x14, x14, x6        x14=00000000 x14:00000000  x6:00000000
   9116ns             907 00000370 02c686b3 mul              x13, x13, x12       x13=00000000 x13:00000000 x12:00000005
   9126ns             908 00000374 00271713 slli             x14, x14, 0x2       x14=00000000 x14:00000000
   9136ns             909 00000378 00e78733 add              x14, x15, x14       x14=00030000 x15:00030000 x14:00000000
   9146ns             910 0000037c 00072503 lw               x10, 0(x14)         x10=00000005 x14:00030000  PA:00030000
   9166ns             912 00000380 01c56533 or               x10, x10, x28       x10=7fffffff x10:00000005 x28:7fffffff
   9176ns             913 00000384 00a72023 sw               x10, 0(x14)         x10:7fffffff x14:00030000  PA:00030000
   9186ns             914 00000388 0607a703 lw               x14, 96(x15)        x14=000000a5 x15:00030000  PA:00030060
   9206ns             916 0000038c 00d706b3 add              x13, x14, x13       x13=000000a5 x14:000000a5 x13:00000000
   9216ns             917 00000390 06d7a023 sw               x13, 96(x15)        x13:000000a5 x15:00030000  PA:00030060
   9226ns             918 00000394 000e8863 beq              x29, x0, 16         x29:00000002
   9236ns             919 00000398 000e0613 addi             x12, x28, 0         x12=7fffffff x28:7fffffff
   9246ns             920 0000039c 00000693 addi             x13, x0, 0          x13=00000000
   9256ns             921 000003a0 ed5ff06f jal              x0, -300           
   9276ns             923 00000274 02b68733 mul              x14, x13, x11       x14=00000000 x13:00000000 x11:0000000c
   9286ns             924 00000278 00e78733 add              x14, x15, x14       x14=00030000 x15:00030000 x14:00000000
   9296ns             925 0000027c 00472503 lw               x10, 4(x14)         x10=00000008 x14:00030000  PA:00030004
   9306ns             926 00000280 00072703 lw               x14, 0(x14)         x14=7fffffff x14:00030000  PA:00030000
   9326ns             928 00000284 00e55463 bge              x10, x14, 8         x10:00000008 x14:7fffffff
   9336ns             929 00000288 00050713 addi             x14, x10, 0         x14=00000008 x10:00000008
   9346ns             930 0000028c 02b68533 mul              x10, x13, x11       x10=00000000 x13:00000000 x11:0000000c
   9356ns             931 00000290 00a78533 add              x10, x15, x10       x10=00030000 x15:00030000 x10:00000000
   9366ns             932 00000294 00852503 lw               x10, 8(x10)         x10=7fffffff x10:00030000  PA:00030008
   9386ns             934 00000298 00e55463 bge              x10, x14, 8         x10:7fffffff x14:00000008
   9416ns             937 000002a0 00c75463 bge              x14, x12, 8         x14:00000008 x12:7fffffff
   9426ns             938 000002a4 00070613 addi             x12, x14, 0         x12=00000008 x14:00000008
   9436ns             939 000002a8 00168693 addi             x13, x13, 1         x13=00000001 x13:00000000
   9446ns             940 000002ac fdf694e3 bne              x13, x31, -56       x13:00000001 x31:00000003
   9476ns             943 00000274 02b68733 mul              x14, x13, x11       x14=0000000c x13:00000001 x11:0000000c
   9486ns             944 00000278 00e78733 add              x14, x15, x14       x14=0003000c x15:00030000 x14:0000000c
   9496ns             945 0000027c 00472503 lw               x10, 4(x14)         x10=00000006 x14:0003000c  PA:00030010
   9506ns             946 00000280 00072703 lw               x14, 0(x14)         x14=00000006 x14:0003000c  PA:0003000c
   9526ns             948 00000284 00e55463 bge              x10, x14, 8         x10:00000006 x14:00000006
   9556ns             951 0000028c 02b68533 mul              x10, x13, x11       x10=0000000c x13:00000001 x11:0000000c
   9566ns             952 00000290 00a78533 add              x10, x15, x10       x10=0003000c x15:00030000 x10:0000000c
   9576ns             953 00000294 00852503 lw               x10, 8(x10)         x10=7fffffff x10:0003000c  PA:00030014
   9596ns             955 00000298 00e55463 bge              x10, x14, 8         x10:7fffffff x14:00000006
   9626ns             958 000002a0 00c75463 bge              x14, x12, 8         x14:00000006 x12:00000008
   9636ns             959 000002a4 00070613 addi             x12, x14, 0         x12=00000006 x14:00000006
   9646ns             960 000002a8 00168693 addi             x13, x13, 1         x13=00000002 x13:00000001
   9656ns             961 000002ac fdf694e3 bne              x13, x31, -56       x13:00000002 x31:00000003
   9686ns             964 00000274 02b68733 mul              x14, x13, x11       x14=00000018 x13:00000002 x11:0000000c
   9696ns             965 00000278 00e78733 add              x14, x15, x14       x14=00030018 x15:00030000 x14:00000018
   9706ns             966 0000027c 00472503 lw               x10, 4(x14)         x10=00000009 x14:00030018  PA:0003001c
   9716ns             967 00000280 00072703 lw               x14, 0(x14)         x14=7fffffff x14:00030018  PA:00030018
   9736ns             969 00000284 00e55463 bge              x10, x14, 8         x10:00000009 x14:7fffffff
   9746ns             970 00000288 00050713 addi             x14, x10, 0         x14=00000009 x10:00000009
   9756ns             971 0000028c 02b68533 mul              x10, x13, x11       x10=00000018 x13:00000002 x11:0000000c
   9766ns             972 00000290 00a78533 add              x10, x15, x10       x10=00030018 x15:00030000 x10:00000018
   9776ns             973 00000294 00852503 lw               x10, 8(x10)         x10=00000006 x10:00030018  PA:00030020
   9796ns             975 00000298 00e55463 bge              x10, x14, 8         x10:00000006 x14:00000009
   9806ns             976 0000029c 00050713 addi             x14, x10, 0         x14=00000006 x10:00000006
   9816ns             977 000002a0 00c75463 bge              x14, x12, 8         x14:00000006 x12:00000006
   9846ns             980 000002a8 00168693 addi             x13, x13, 1         x13=00000003 x13:00000002
   9856ns             981 000002ac fdf694e3 bne              x13, x31, -56       x13:00000003 x31:00000003
   9866ns             982 000002b0 00000693 addi             x13, x0, 0          x13=00000000
   9876ns             983 000002b4 00000713 addi             x14, x0, 0          x14=00000000
   9886ns             984 000002b8 02b70533 mul              x10, x14, x11       x10=00000000 x14:00000000 x11:0000000c
   9896ns             985 000002bc 00a78533 add              x10, x15, x10       x10=00030000 x15:00030000 x10:00000000
   9906ns             986 000002c0 00052503 lw               x10, 0(x10)         x10=7fffffff x10:00030000  PA:00030000
   9926ns             988 000002c4 00c51c63 bne              x10, x12, 24        x10:7fffffff x12:00000006
   9956ns             991 000002dc 02b70533 mul              x10, x14, x11       x10=00000000 x14:00000000 x11:0000000c
   9966ns             992 000002e0 00a78533 add              x10, x15, x10       x10=00030000 x15:00030000 x10:00000000
   9976ns             993 000002e4 00452503 lw               x10, 4(x10)         x10=00000008 x10:00030000  PA:00030004
   9996ns             995 000002e8 00c51c63 bne              x10, x12, 24        x10:00000008 x12:00000006
  10026ns             998 00000300 02b70533 mul              x10, x14, x11       x10=00000000 x14:00000000 x11:0000000c
  10036ns             999 00000304 00a78533 add              x10, x15, x10       x10=00030000 x15:00030000 x10:00000000
  10046ns            1000 00000308 00852503 lw               x10, 8(x10)         x10=7fffffff x10:00030000  PA:00030008
  10066ns            1002 0000030c 00c51c63 bne              x10, x12, 24        x10:7fffffff x12:00000006
  10096ns            1005 00000324 00170713 addi             x14, x14, 1         x14=00000001 x14:00000000
  10106ns            1006 00000328 f9f718e3 bne              x14, x31, -112      x14:00000001 x31:00000003
  10136ns            1009 000002b8 02b70533 mul              x10, x14, x11       x10=0000000c x14:00000001 x11:0000000c
  10146ns            1010 000002bc 00a78533 add              x10, x15, x10       x10=0003000c x15:00030000 x10:0000000c
  10156ns            1011 000002c0 00052503 lw               x10, 0(x10)         x10=00000006 x10:0003000c  PA:0003000c
  10176ns            1013 000002c4 00c51c63 bne              x10, x12, 24        x10:00000006 x12:00000006
  10186ns            1014 000002c8 0307a503 lw               x10, 48(x15)        x10=00000000 x15:00030000  PA:00030030
  10206ns            1016 000002cc 00d54863 blt              x10, x13, 16        x10:00000000 x13:00000000
  10216ns            1017 000002d0 00050693 addi             x13, x10, 0         x13=00000000 x10:00000000
  10226ns            1018 000002d4 00070893 addi             x17, x14, 0         x17=00000001 x14:00000001
  10236ns            1019 000002d8 00000313 addi             x6, x0, 0            x6=00000000
  10246ns            1020 000002dc 02b70533 mul              x10, x14, x11       x10=0000000c x14:00000001 x11:0000000c
  10256ns            1021 000002e0 00a78533 add              x10, x15, x10       x10=0003000c x15:00030000 x10:0000000c
  10266ns            1022 000002e4 00452503 lw               x10, 4(x10)         x10=00000006 x10:0003000c  PA:00030010
  10286ns            1024 000002e8 00c51c63 bne              x10, x12, 24        x10:00000006 x12:00000006
  10296ns            1025 000002ec 0347a503 lw               x10, 52(x15)        x10=0000005f x15:00030000  PA:00030034
  10316ns            1027 000002f0 00d54863 blt              x10, x13, 16        x10:0000005f x13:00000000
  10326ns            1028 000002f4 00050693 addi             x13, x10, 0         x13=0000005f x10:0000005f
  10336ns            1029 000002f8 00070893 addi             x17, x14, 0         x17=00000001 x14:00000001
  10346ns            1030 000002fc 00100313 addi             x6, x0, 1            x6=00000001
  10356ns            1031 00000300 02b70533 mul              x10, x14, x11       x10=0000000c x14:00000001 x11:0000000c
  10366ns            1032 00000304 00a78533 add              x10, x15, x10       x10=0003000c x15:00030000 x10:0000000c
  10376ns            1033 00000308 00852503 lw               x10, 8(x10)         x10=7fffffff x10:0003000c  PA:00030014
  10396ns            1035 0000030c 00c51c63 bne              x10, x12, 24        x10:7fffffff x12:00000006
  10426ns            1038 00000324 00170713 addi             x14, x14, 1         x14=00000002 x14:00000001
  10436ns            1039 00000328 f9f718e3 bne              x14, x31, -112      x14:00000002 x31:00000003
  10466ns            1042 000002b8 02b70533 mul              x10, x14, x11       x10=00000018 x14:00000002 x11:0000000c
  10476ns            1043 000002bc 00a78533 add              x10, x15, x10       x10=00030018 x15:00030000 x10:00000018
  10486ns            1044 000002c0 00052503 lw               x10, 0(x10)         x10=7fffffff x10:00030018  PA:00030018
  10506ns            1046 000002c4 00c51c63 bne              x10, x12, 24        x10:7fffffff x12:00000006
  10536ns            1049 000002dc 02b70533 mul              x10, x14, x11       x10=00000018 x14:00000002 x11:0000000c
  10546ns            1050 000002e0 00a78533 add              x10, x15, x10       x10=00030018 x15:00030000 x10:00000018
  10556ns            1051 000002e4 00452503 lw               x10, 4(x10)         x10=00000009 x10:00030018  PA:0003001c
  10576ns            1053 000002e8 00c51c63 bne              x10, x12, 24        x10:00000009 x12:00000006
  10606ns            1056 00000300 02b70533 mul              x10, x14, x11       x10=00000018 x14:00000002 x11:0000000c
  10616ns            1057 00000304 00a78533 add              x10, x15, x10       x10=00030018 x15:00030000 x10:00000018
  10626ns            1058 00000308 00852503 lw               x10, 8(x10)         x10=00000006 x10:00030018  PA:00030020
  10646ns            1060 0000030c 00c51c63 bne              x10, x12, 24        x10:00000006 x12:00000006
  10656ns            1061 00000310 0387a503 lw               x10, 56(x15)        x10=00000000 x15:00030000  PA:00030038
  10676ns            1063 00000314 00d54863 blt              x10, x13, 16        x10:00000000 x13:0000005f
  10706ns            1066 00000324 00170713 addi             x14, x14, 1         x14=00000003 x14:00000002
  10716ns            1067 00000328 f9f718e3 bne              x14, x31, -112      x14:00000003 x31:00000003
  10726ns            1068 0000032c 03078693 addi             x13, x15, 48        x13=00030030 x15:00030000
  10736ns            1069 00000330 00289513 slli             x10, x17, 0x2       x10=00000004 x17:00000001
  10746ns            1070 00000334 00231713 slli             x14, x6, 0x2        x14=00000004  x6:00000001
  10756ns            1071 00000338 00d70733 add              x14, x14, x13       x14=00030034 x14:00000004 x13:00030030
  10766ns            1072 0000033c 00550533 add              x10, x10, x5        x10=00030044 x10:00000004  x5:00030040
  10776ns            1073 00000340 00072803 lw               x16, 0(x14)         x16=0000005f x14:00030034  PA:00030034
  10786ns            1074 00000344 00052683 lw               x13, 0(x10)         x13=00000005 x10:00030044  PA:00030044
  10806ns            1076 00000348 00d85463 bge              x16, x13, 8         x16:0000005f x13:00000005
  10836ns            1079 00000350 40d80833 sub              x16, x16, x13       x16=0000005a x16:0000005f x13:00000005
  10846ns            1080 00000354 01072023 sw               x16, 0(x14)         x16:0000005a x14:00030034  PA:00030034
  10856ns            1081 00000358 00052703 lw               x14, 0(x10)         x14=00000005 x10:00030044  PA:00030044
  10866ns            1082 0000035c fffe8e93 addi             x29, x29, -1        x29=00000001 x29:00000002
  10876ns            1083 00000360 40d70733 sub              x14, x14, x13       x14=00000000 x14:00000005 x13:00000005
  10886ns            1084 00000364 00e52023 sw               x14, 0(x10)         x14:00000000 x10:00030044  PA:00030044
  10896ns            1085 00000368 03f88733 mul              x14, x17, x31       x14=00000003 x17:00000001 x31:00000003
  10906ns            1086 0000036c 00670733 add              x14, x14, x6        x14=00000004 x14:00000003  x6:00000001
  10916ns            1087 00000370 02c686b3 mul              x13, x13, x12       x13=0000001e x13:00000005 x12:00000006
  10926ns            1088 00000374 00271713 slli             x14, x14, 0x2       x14=00000010 x14:00000004
  10936ns            1089 00000378 00e78733 add              x14, x15, x14       x14=00030010 x15:00030000 x14:00000010
  10946ns            1090 0000037c 00072503 lw               x10, 0(x14)         x10=00000006 x14:00030010  PA:00030010
  10966ns            1092 00000380 01c56533 or               x10, x10, x28       x10=7fffffff x10:00000006 x28:7fffffff
  10976ns            1093 00000384 00a72023 sw               x10, 0(x14)         x10:7fffffff x14:00030010  PA:00030010
  10986ns            1094 00000388 0607a703 lw               x14, 96(x15)        x14=000000a5 x15:00030000  PA:00030060
  11006ns            1096 0000038c 00d706b3 add              x13, x14, x13       x13=000000c3 x14:000000a5 x13:0000001e
  11016ns            1097 00000390 06d7a023 sw               x13, 96(x15)        x13:000000c3 x15:00030000  PA:00030060
  11026ns            1098 00000394 000e8863 beq              x29, x0, 16         x29:00000001
  11036ns            1099 00000398 000e0613 addi             x12, x28, 0         x12=7fffffff x28:7fffffff
  11046ns            1100 0000039c 00000693 addi             x13, x0, 0          x13=00000000
  11056ns            1101 000003a0 ed5ff06f jal              x0, -300           
  11076ns            1103 00000274 02b68733 mul              x14, x13, x11       x14=00000000 x13:00000000 x11:0000000c
  11086ns            1104 00000278 00e78733 add              x14, x15, x14       x14=00030000 x15:00030000 x14:00000000
  11096ns            1105 0000027c 00472503 lw               x10, 4(x14)         x10=00000008 x14:00030000  PA:00030004
  11106ns            1106 00000280 00072703 lw               x14, 0(x14)         x14=7fffffff x14:00030000  PA:00030000
  11126ns            1108 00000284 00e55463 bge              x10, x14, 8         x10:00000008 x14:7fffffff
  11136ns            1109 00000288 00050713 addi             x14, x10, 0         x14=00000008 x10:00000008
  11146ns            1110 0000028c 02b68533 mul              x10, x13, x11       x10=00000000 x13:00000000 x11:0000000c
  11156ns            1111 00000290 00a78533 add              x10, x15, x10       x10=00030000 x15:00030000 x10:00000000
  11166ns            1112 00000294 00852503 lw               x10, 8(x10)         x10=7fffffff x10:00030000  PA:00030008
  11186ns            1114 00000298 00e55463 bge              x10, x14, 8         x10:7fffffff x14:00000008
  11216ns            1117 000002a0 00c75463 bge              x14, x12, 8         x14:00000008 x12:7fffffff
  11226ns            1118 000002a4 00070613 addi             x12, x14, 0         x12=00000008 x14:00000008
  11236ns            1119 000002a8 00168693 addi             x13, x13, 1         x13=00000001 x13:00000000
  11246ns            1120 000002ac fdf694e3 bne              x13, x31, -56       x13:00000001 x31:00000003
  11276ns            1123 00000274 02b68733 mul              x14, x13, x11       x14=0000000c x13:00000001 x11:0000000c
  11286ns            1124 00000278 00e78733 add              x14, x15, x14       x14=0003000c x15:00030000 x14:0000000c
  11296ns            1125 0000027c 00472503 lw               x10, 4(x14)         x10=7fffffff x14:0003000c  PA:00030010
  11306ns            1126 00000280 00072703 lw               x14, 0(x14)         x14=00000006 x14:0003000c  PA:0003000c
  11326ns            1128 00000284 00e55463 bge              x10, x14, 8         x10:7fffffff x14:00000006
  11356ns            1131 0000028c 02b68533 mul              x10, x13, x11       x10=0000000c x13:00000001 x11:0000000c
  11366ns            1132 00000290 00a78533 add              x10, x15, x10       x10=0003000c x15:00030000 x10:0000000c
  11376ns            1133 00000294 00852503 lw               x10, 8(x10)         x10=7fffffff x10:0003000c  PA:00030014
  11396ns            1135 00000298 00e55463 bge              x10, x14, 8         x10:7fffffff x14:00000006
  11426ns            1138 000002a0 00c75463 bge              x14, x12, 8         x14:00000006 x12:00000008
  11436ns            1139 000002a4 00070613 addi             x12, x14, 0         x12=00000006 x14:00000006
  11446ns            1140 000002a8 00168693 addi             x13, x13, 1         x13=00000002 x13:00000001
  11456ns            1141 000002ac fdf694e3 bne              x13, x31, -56       x13:00000002 x31:00000003
  11486ns            1144 00000274 02b68733 mul              x14, x13, x11       x14=00000018 x13:00000002 x11:0000000c
  11496ns            1145 00000278 00e78733 add              x14, x15, x14       x14=00030018 x15:00030000 x14:00000018
  11506ns            1146 0000027c 00472503 lw               x10, 4(x14)         x10=00000009 x14:00030018  PA:0003001c
  11516ns            1147 00000280 00072703 lw               x14, 0(x14)         x14=7fffffff x14:00030018  PA:00030018
  11536ns            1149 00000284 00e55463 bge              x10, x14, 8         x10:00000009 x14:7fffffff
  11546ns            1150 00000288 00050713 addi             x14, x10, 0         x14=00000009 x10:00000009
  11556ns            1151 0000028c 02b68533 mul              x10, x13, x11       x10=00000018 x13:00000002 x11:0000000c
  11566ns            1152 00000290 00a78533 add              x10, x15, x10       x10=00030018 x15:00030000 x10:00000018
  11576ns            1153 00000294 00852503 lw               x10, 8(x10)         x10=00000006 x10:00030018  PA:00030020
  11596ns            1155 00000298 00e55463 bge              x10, x14, 8         x10:00000006 x14:00000009
  11606ns            1156 0000029c 00050713 addi             x14, x10, 0         x14=00000006 x10:00000006
  11616ns            1157 000002a0 00c75463 bge              x14, x12, 8         x14:00000006 x12:00000006
  11646ns            1160 000002a8 00168693 addi             x13, x13, 1         x13=00000003 x13:00000002
  11656ns            1161 000002ac fdf694e3 bne              x13, x31, -56       x13:00000003 x31:00000003
  11666ns            1162 000002b0 00000693 addi             x13, x0, 0          x13=00000000
  11676ns            1163 000002b4 00000713 addi             x14, x0, 0          x14=00000000
  11686ns            1164 000002b8 02b70533 mul              x10, x14, x11       x10=00000000 x14:00000000 x11:0000000c
  11696ns            1165 000002bc 00a78533 add              x10, x15, x10       x10=00030000 x15:00030000 x10:00000000
  11706ns            1166 000002c0 00052503 lw               x10, 0(x10)         x10=7fffffff x10:00030000  PA:00030000
  11726ns            1168 000002c4 00c51c63 bne              x10, x12, 24        x10:7fffffff x12:00000006
  11756ns            1171 000002dc 02b70533 mul              x10, x14, x11       x10=00000000 x14:00000000 x11:0000000c
  11766ns            1172 000002e0 00a78533 add              x10, x15, x10       x10=00030000 x15:00030000 x10:00000000
  11776ns            1173 000002e4 00452503 lw               x10, 4(x10)         x10=00000008 x10:00030000  PA:00030004
  11796ns            1175 000002e8 00c51c63 bne              x10, x12, 24        x10:00000008 x12:00000006
  11826ns            1178 00000300 02b70533 mul              x10, x14, x11       x10=00000000 x14:00000000 x11:0000000c
  11836ns            1179 00000304 00a78533 add              x10, x15, x10       x10=00030000 x15:00030000 x10:00000000
  11846ns            1180 00000308 00852503 lw               x10, 8(x10)         x10=7fffffff x10:00030000  PA:00030008
  11866ns            1182 0000030c 00c51c63 bne              x10, x12, 24        x10:7fffffff x12:00000006
  11896ns            1185 00000324 00170713 addi             x14, x14, 1         x14=00000001 x14:00000000
  11906ns            1186 00000328 f9f718e3 bne              x14, x31, -112      x14:00000001 x31:00000003
  11936ns            1189 000002b8 02b70533 mul              x10, x14, x11       x10=0000000c x14:00000001 x11:0000000c
  11946ns            1190 000002bc 00a78533 add              x10, x15, x10       x10=0003000c x15:00030000 x10:0000000c
  11956ns            1191 000002c0 00052503 lw               x10, 0(x10)         x10=00000006 x10:0003000c  PA:0003000c
  11976ns            1193 000002c4 00c51c63 bne              x10, x12, 24        x10:00000006 x12:00000006
  11986ns            1194 000002c8 0307a503 lw               x10, 48(x15)        x10=00000000 x15:00030000  PA:00030030
  12006ns            1196 000002cc 00d54863 blt              x10, x13, 16        x10:00000000 x13:00000000
  12016ns            1197 000002d0 00050693 addi             x13, x10, 0         x13=00000000 x10:00000000
  12026ns            1198 000002d4 00070893 addi             x17, x14, 0         x17=00000001 x14:00000001
  12036ns            1199 000002d8 00000313 addi             x6, x0, 0            x6=00000000
  12046ns            1200 000002dc 02b70533 mul              x10, x14, x11       x10=0000000c x14:00000001 x11:0000000c
  12056ns            1201 000002e0 00a78533 add              x10, x15, x10       x10=0003000c x15:00030000 x10:0000000c
  12066ns            1202 000002e4 00452503 lw               x10, 4(x10)         x10=7fffffff x10:0003000c  PA:00030010
  12086ns            1204 000002e8 00c51c63 bne              x10, x12, 24        x10:7fffffff x12:00000006
  12116ns            1207 00000300 02b70533 mul              x10, x14, x11       x10=0000000c x14:00000001 x11:0000000c
  12126ns            1208 00000304 00a78533 add              x10, x15, x10       x10=0003000c x15:00030000 x10:0000000c
  12136ns            1209 00000308 00852503 lw               x10, 8(x10)         x10=7fffffff x10:0003000c  PA:00030014
  12156ns            1211 0000030c 00c51c63 bne              x10, x12, 24        x10:7fffffff x12:00000006
  12186ns            1214 00000324 00170713 addi             x14, x14, 1         x14=00000002 x14:00000001
  12196ns            1215 00000328 f9f718e3 bne              x14, x31, -112      x14:00000002 x31:00000003
  12226ns            1218 000002b8 02b70533 mul              x10, x14, x11       x10=00000018 x14:00000002 x11:0000000c
  12236ns            1219 000002bc 00a78533 add              x10, x15, x10       x10=00030018 x15:00030000 x10:00000018
  12246ns            1220 000002c0 00052503 lw               x10, 0(x10)         x10=7fffffff x10:00030018  PA:00030018
  12266ns            1222 000002c4 00c51c63 bne              x10, x12, 24        x10:7fffffff x12:00000006
  12296ns            1225 000002dc 02b70533 mul              x10, x14, x11       x10=00000018 x14:00000002 x11:0000000c
  12306ns            1226 000002e0 00a78533 add              x10, x15, x10       x10=00030018 x15:00030000 x10:00000018
  12316ns            1227 000002e4 00452503 lw               x10, 4(x10)         x10=00000009 x10:00030018  PA:0003001c
  12336ns            1229 000002e8 00c51c63 bne              x10, x12, 24        x10:00000009 x12:00000006
  12366ns            1232 00000300 02b70533 mul              x10, x14, x11       x10=00000018 x14:00000002 x11:0000000c
  12376ns            1233 00000304 00a78533 add              x10, x15, x10       x10=00030018 x15:00030000 x10:00000018
  12386ns            1234 00000308 00852503 lw               x10, 8(x10)         x10=00000006 x10:00030018  PA:00030020
  12406ns            1236 0000030c 00c51c63 bne              x10, x12, 24        x10:00000006 x12:00000006
  12416ns            1237 00000310 0387a503 lw               x10, 56(x15)        x10=00000000 x15:00030000  PA:00030038
  12436ns            1239 00000314 00d54863 blt              x10, x13, 16        x10:00000000 x13:00000000
  12446ns            1240 00000318 00050693 addi             x13, x10, 0         x13=00000000 x10:00000000
  12456ns            1241 0000031c 00070893 addi             x17, x14, 0         x17=00000002 x14:00000002
  12466ns            1242 00000320 00200313 addi             x6, x0, 2            x6=00000002
  12476ns            1243 00000324 00170713 addi             x14, x14, 1         x14=00000003 x14:00000002
  12486ns            1244 00000328 f9f718e3 bne              x14, x31, -112      x14:00000003 x31:00000003
  12496ns            1245 0000032c 03078693 addi             x13, x15, 48        x13=00030030 x15:00030000
  12506ns            1246 00000330 00289513 slli             x10, x17, 0x2       x10=00000008 x17:00000002
  12516ns            1247 00000334 00231713 slli             x14, x6, 0x2        x14=00000008  x6:00000002
  12526ns            1248 00000338 00d70733 add              x14, x14, x13       x14=00030038 x14:00000008 x13:00030030
  12536ns            1249 0000033c 00550533 add              x10, x10, x5        x10=00030048 x10:00000008  x5:00030040
  12546ns            1250 00000340 00072803 lw               x16, 0(x14)         x16=00000000 x14:00030038  PA:00030038
  12556ns            1251 00000344 00052683 lw               x13, 0(x10)         x13=00000028 x10:00030048  PA:00030048
  12576ns            1253 00000348 00d85463 bge              x16, x13, 8         x16:00000000 x13:00000028
  12586ns            1254 0000034c 00080693 addi             x13, x16, 0         x13=00000000 x16:00000000
  12596ns            1255 00000350 40d80833 sub              x16, x16, x13       x16=00000000 x16:00000000 x13:00000000
  12606ns            1256 00000354 01072023 sw               x16, 0(x14)         x16:00000000 x14:00030038  PA:00030038
  12616ns            1257 00000358 00052703 lw               x14, 0(x10)         x14=00000028 x10:00030048  PA:00030048
  12626ns            1258 0000035c fffe8e93 addi             x29, x29, -1        x29=00000000 x29:00000001
  12636ns            1259 00000360 40d70733 sub              x14, x14, x13       x14=00000028 x14:00000028 x13:00000000
  12646ns            1260 00000364 00e52023 sw               x14, 0(x10)         x14:00000028 x10:00030048  PA:00030048
  12656ns            1261 00000368 03f88733 mul              x14, x17, x31       x14=00000006 x17:00000002 x31:00000003
  12666ns            1262 0000036c 00670733 add              x14, x14, x6        x14=00000008 x14:00000006  x6:00000002
  12676ns            1263 00000370 02c686b3 mul              x13, x13, x12       x13=00000000 x13:00000000 x12:00000006
  12686ns            1264 00000374 00271713 slli             x14, x14, 0x2       x14=00000020 x14:00000008
  12696ns            1265 00000378 00e78733 add              x14, x15, x14       x14=00030020 x15:00030000 x14:00000020
  12706ns            1266 0000037c 00072503 lw               x10, 0(x14)         x10=00000006 x14:00030020  PA:00030020
  12726ns            1268 00000380 01c56533 or               x10, x10, x28       x10=7fffffff x10:00000006 x28:7fffffff
  12736ns            1269 00000384 00a72023 sw               x10, 0(x14)         x10:7fffffff x14:00030020  PA:00030020
  12746ns            1270 00000388 0607a703 lw               x14, 96(x15)        x14=000000c3 x15:00030000  PA:00030060
  12766ns            1272 0000038c 00d706b3 add              x13, x14, x13       x13=000000c3 x14:000000c3 x13:00000000
  12776ns            1273 00000390 06d7a023 sw               x13, 96(x15)        x13:000000c3 x15:00030000  PA:00030060
  12786ns            1274 00000394 000e8863 beq              x29, x0, 16         x29:00000000
  12816ns            1277 000003a4 ffff0f13 addi             x30, x30, -1        x30=00000001 x30:00000002
  12826ns            1278 000003a8 ec0f12e3 bne              x30, x0, -316       x30:00000001
  12856ns            1281 0000026c 00300e93 addi             x29, x0, 3          x29=00000003
  12866ns            1282 00000270 1280006f jal              x0, 296            
  12886ns            1284 00000398 000e0613 addi             x12, x28, 0         x12=7fffffff x28:7fffffff
  12896ns            1285 0000039c 00000693 addi             x13, x0, 0          x13=00000000
  12906ns            1286 000003a0 ed5ff06f jal              x0, -300           
  12926ns            1288 00000274 02b68733 mul              x14, x13, x11       x14=00000000 x13:00000000 x11:0000000c
  12936ns            1289 00000278 00e78733 add              x14, x15, x14       x14=00030000 x15:00030000 x14:00000000
  12946ns            1290 0000027c 00472503 lw               x10, 4(x14)         x10=00000008 x14:00030000  PA:00030004
  12956ns            1291 00000280 00072703 lw               x14, 0(x14)         x14=7fffffff x14:00030000  PA:00030000
  12976ns            1293 00000284 00e55463 bge              x10, x14, 8         x10:00000008 x14:7fffffff
  12986ns            1294 00000288 00050713 addi             x14, x10, 0         x14=00000008 x10:00000008
  12996ns            1295 0000028c 02b68533 mul              x10, x13, x11       x10=00000000 x13:00000000 x11:0000000c
  13006ns            1296 00000290 00a78533 add              x10, x15, x10       x10=00030000 x15:00030000 x10:00000000
  13016ns            1297 00000294 00852503 lw               x10, 8(x10)         x10=7fffffff x10:00030000  PA:00030008
  13036ns            1299 00000298 00e55463 bge              x10, x14, 8         x10:7fffffff x14:00000008
  13066ns            1302 000002a0 00c75463 bge              x14, x12, 8         x14:00000008 x12:7fffffff
  13076ns            1303 000002a4 00070613 addi             x12, x14, 0         x12=00000008 x14:00000008
  13086ns            1304 000002a8 00168693 addi             x13, x13, 1         x13=00000001 x13:00000000
  13096ns            1305 000002ac fdf694e3 bne              x13, x31, -56       x13:00000001 x31:00000003
  13126ns            1308 00000274 02b68733 mul              x14, x13, x11       x14=0000000c x13:00000001 x11:0000000c
  13136ns            1309 00000278 00e78733 add              x14, x15, x14       x14=0003000c x15:00030000 x14:0000000c
  13146ns            1310 0000027c 00472503 lw               x10, 4(x14)         x10=7fffffff x14:0003000c  PA:00030010
  13156ns            1311 00000280 00072703 lw               x14, 0(x14)         x14=00000006 x14:0003000c  PA:0003000c
  13176ns            1313 00000284 00e55463 bge              x10, x14, 8         x10:7fffffff x14:00000006
  13206ns            1316 0000028c 02b68533 mul              x10, x13, x11       x10=0000000c x13:00000001 x11:0000000c
  13216ns            1317 00000290 00a78533 add              x10, x15, x10       x10=0003000c x15:00030000 x10:0000000c
  13226ns            1318 00000294 00852503 lw               x10, 8(x10)         x10=7fffffff x10:0003000c  PA:00030014
  13246ns            1320 00000298 00e55463 bge              x10, x14, 8         x10:7fffffff x14:00000006
  13276ns            1323 000002a0 00c75463 bge              x14, x12, 8         x14:00000006 x12:00000008
  13286ns            1324 000002a4 00070613 addi             x12, x14, 0         x12=00000006 x14:00000006
  13296ns            1325 000002a8 00168693 addi             x13, x13, 1         x13=00000002 x13:00000001
  13306ns            1326 000002ac fdf694e3 bne              x13, x31, -56       x13:00000002 x31:00000003
  13336ns            1329 00000274 02b68733 mul              x14, x13, x11       x14=00000018 x13:00000002 x11:0000000c
  13346ns            1330 00000278 00e78733 add              x14, x15, x14       x14=00030018 x15:00030000 x14:00000018
  13356ns            1331 0000027c 00472503 lw               x10, 4(x14)         x10=00000009 x14:00030018  PA:0003001c
  13366ns            1332 00000280 00072703 lw               x14, 0(x14)         x14=7fffffff x14:00030018  PA:00030018
  13386ns            1334 00000284 00e55463 bge              x10, x14, 8         x10:00000009 x14:7fffffff
  13396ns            1335 00000288 00050713 addi             x14, x10, 0         x14=00000009 x10:00000009
  13406ns            1336 0000028c 02b68533 mul              x10, x13, x11       x10=00000018 x13:00000002 x11:0000000c
  13416ns            1337 00000290 00a78533 add              x10, x15, x10       x10=00030018 x15:00030000 x10:00000018
  13426ns            1338 00000294 00852503 lw               x10, 8(x10)         x10=7fffffff x10:00030018  PA:00030020
  13446ns            1340 00000298 00e55463 bge              x10, x14, 8         x10:7fffffff x14:00000009
  13476ns            1343 000002a0 00c75463 bge              x14, x12, 8         x14:00000009 x12:00000006
  13506ns            1346 000002a8 00168693 addi             x13, x13, 1         x13=00000003 x13:00000002
  13516ns            1347 000002ac fdf694e3 bne              x13, x31, -56       x13:00000003 x31:00000003
  13526ns            1348 000002b0 00000693 addi             x13, x0, 0          x13=00000000
  13536ns            1349 000002b4 00000713 addi             x14, x0, 0          x14=00000000
  13546ns            1350 000002b8 02b70533 mul              x10, x14, x11       x10=00000000 x14:00000000 x11:0000000c
  13556ns            1351 000002bc 00a78533 add              x10, x15, x10       x10=00030000 x15:00030000 x10:00000000
  13566ns            1352 000002c0 00052503 lw               x10, 0(x10)         x10=7fffffff x10:00030000  PA:00030000
  13586ns            1354 000002c4 00c51c63 bne              x10, x12, 24        x10:7fffffff x12:00000006
  13616ns            1357 000002dc 02b70533 mul              x10, x14, x11       x10=00000000 x14:00000000 x11:0000000c
  13626ns            1358 000002e0 00a78533 add              x10, x15, x10       x10=00030000 x15:00030000 x10:00000000
  13636ns            1359 000002e4 00452503 lw               x10, 4(x10)         x10=00000008 x10:00030000  PA:00030004
  13656ns            1361 000002e8 00c51c63 bne              x10, x12, 24        x10:00000008 x12:00000006
  13686ns            1364 00000300 02b70533 mul              x10, x14, x11       x10=00000000 x14:00000000 x11:0000000c
  13696ns            1365 00000304 00a78533 add              x10, x15, x10       x10=00030000 x15:00030000 x10:00000000
  13706ns            1366 00000308 00852503 lw               x10, 8(x10)         x10=7fffffff x10:00030000  PA:00030008
  13726ns            1368 0000030c 00c51c63 bne              x10, x12, 24        x10:7fffffff x12:00000006
  13756ns            1371 00000324 00170713 addi             x14, x14, 1         x14=00000001 x14:00000000
  13766ns            1372 00000328 f9f718e3 bne              x14, x31, -112      x14:00000001 x31:00000003
  13796ns            1375 000002b8 02b70533 mul              x10, x14, x11       x10=0000000c x14:00000001 x11:0000000c
  13806ns            1376 000002bc 00a78533 add              x10, x15, x10       x10=0003000c x15:00030000 x10:0000000c
  13816ns            1377 000002c0 00052503 lw               x10, 0(x10)         x10=00000006 x10:0003000c  PA:0003000c
  13836ns            1379 000002c4 00c51c63 bne              x10, x12, 24        x10:00000006 x12:00000006
  13846ns            1380 000002c8 0307a503 lw               x10, 48(x15)        x10=00000000 x15:00030000  PA:00030030
  13866ns            1382 000002cc 00d54863 blt              x10, x13, 16        x10:00000000 x13:00000000
  13876ns            1383 000002d0 00050693 addi             x13, x10, 0         x13=00000000 x10:00000000
  13886ns            1384 000002d4 00070893 addi             x17, x14, 0         x17=00000001 x14:00000001
  13896ns            1385 000002d8 00000313 addi             x6, x0, 0            x6=00000000
  13906ns            1386 000002dc 02b70533 mul              x10, x14, x11       x10=0000000c x14:00000001 x11:0000000c
  13916ns            1387 000002e0 00a78533 add              x10, x15, x10       x10=0003000c x15:00030000 x10:0000000c
  13926ns            1388 000002e4 00452503 lw               x10, 4(x10)         x10=7fffffff x10:0003000c  PA:00030010
  13946ns            1390 000002e8 00c51c63 bne              x10, x12, 24        x10:7fffffff x12:00000006
  13976ns            1393 00000300 02b70533 mul              x10, x14, x11       x10=0000000c x14:00000001 x11:0000000c
  13986ns            1394 00000304 00a78533 add              x10, x15, x10       x10=0003000c x15:00030000 x10:0000000c
  13996ns            1395 00000308 00852503 lw               x10, 8(x10)         x10=7fffffff x10:0003000c  PA:00030014
  14016ns            1397 0000030c 00c51c63 bne              x10, x12, 24        x10:7fffffff x12:00000006
  14046ns            1400 00000324 00170713 addi             x14, x14, 1         x14=00000002 x14:00000001
  14056ns            1401 00000328 f9f718e3 bne              x14, x31, -112      x14:00000002 x31:00000003
  14086ns            1404 000002b8 02b70533 mul              x10, x14, x11       x10=00000018 x14:00000002 x11:0000000c
  14096ns            1405 000002bc 00a78533 add              x10, x15, x10       x10=00030018 x15:00030000 x10:00000018
  14106ns            1406 000002c0 00052503 lw               x10, 0(x10)         x10=7fffffff x10:00030018  PA:00030018
  14126ns            1408 000002c4 00c51c63 bne              x10, x12, 24        x10:7fffffff x12:00000006
  14156ns            1411 000002dc 02b70533 mul              x10, x14, x11       x10=00000018 x14:00000002 x11:0000000c
  14166ns            1412 000002e0 00a78533 add              x10, x15, x10       x10=00030018 x15:00030000 x10:00000018
  14176ns            1413 000002e4 00452503 lw               x10, 4(x10)         x10=00000009 x10:00030018  PA:0003001c
  14196ns            1415 000002e8 00c51c63 bne              x10, x12, 24        x10:00000009 x12:00000006
  14226ns            1418 00000300 02b70533 mul              x10, x14, x11       x10=00000018 x14:00000002 x11:0000000c
  14236ns            1419 00000304 00a78533 add              x10, x15, x10       x10=00030018 x15:00030000 x10:00000018
  14246ns            1420 00000308 00852503 lw               x10, 8(x10)         x10=7fffffff x10:00030018  PA:00030020
  14266ns            1422 0000030c 00c51c63 bne              x10, x12, 24        x10:7fffffff x12:00000006
  14296ns            1425 00000324 00170713 addi             x14, x14, 1         x14=00000003 x14:00000002
  14306ns            1426 00000328 f9f718e3 bne              x14, x31, -112      x14:00000003 x31:00000003
  14316ns            1427 0000032c 03078693 addi             x13, x15, 48        x13=00030030 x15:00030000
  14326ns            1428 00000330 00289513 slli             x10, x17, 0x2       x10=00000004 x17:00000001
  14336ns            1429 00000334 00231713 slli             x14, x6, 0x2        x14=00000000  x6:00000000
  14346ns            1430 00000338 00d70733 add              x14, x14, x13       x14=00030030 x14:00000000 x13:00030030
  14356ns            1431 0000033c 00550533 add              x10, x10, x5        x10=00030044 x10:00000004  x5:00030040
  14366ns            1432 00000340 00072803 lw               x16, 0(x14)         x16=00000000 x14:00030030  PA:00030030
  14376ns            1433 00000344 00052683 lw               x13, 0(x10)         x13=00000000 x10:00030044  PA:00030044
  14396ns            1435 00000348 00d85463 bge              x16, x13, 8         x16:00000000 x13:00000000
  14426ns            1438 00000350 40d80833 sub              x16, x16, x13       x16=00000000 x16:00000000 x13:00000000
  14436ns            1439 00000354 01072023 sw               x16, 0(x14)         x16:00000000 x14:00030030  PA:00030030
  14446ns            1440 00000358 00052703 lw               x14, 0(x10)         x14=00000000 x10:00030044  PA:00030044
  14456ns            1441 0000035c fffe8e93 addi             x29, x29, -1        x29=00000002 x29:00000003
  14466ns            1442 00000360 40d70733 sub              x14, x14, x13       x14=00000000 x14:00000000 x13:00000000
  14476ns            1443 00000364 00e52023 sw               x14, 0(x10)         x14:00000000 x10:00030044  PA:00030044
  14486ns            1444 00000368 03f88733 mul              x14, x17, x31       x14=00000003 x17:00000001 x31:00000003
  14496ns            1445 0000036c 00670733 add              x14, x14, x6        x14=00000003 x14:00000003  x6:00000000
  14506ns            1446 00000370 02c686b3 mul              x13, x13, x12       x13=00000000 x13:00000000 x12:00000006
  14516ns            1447 00000374 00271713 slli             x14, x14, 0x2       x14=0000000c x14:00000003
  14526ns            1448 00000378 00e78733 add              x14, x15, x14       x14=0003000c x15:00030000 x14:0000000c
  14536ns            1449 0000037c 00072503 lw               x10, 0(x14)         x10=00000006 x14:0003000c  PA:0003000c
  14556ns            1451 00000380 01c56533 or               x10, x10, x28       x10=7fffffff x10:00000006 x28:7fffffff
  14566ns            1452 00000384 00a72023 sw               x10, 0(x14)         x10:7fffffff x14:0003000c  PA:0003000c
  14576ns            1453 00000388 0607a703 lw               x14, 96(x15)        x14=000000c3 x15:00030000  PA:00030060
  14596ns            1455 0000038c 00d706b3 add              x13, x14, x13       x13=000000c3 x14:000000c3 x13:00000000
  14606ns            1456 00000390 06d7a023 sw               x13, 96(x15)        x13:000000c3 x15:00030000  PA:00030060
  14616ns            1457 00000394 000e8863 beq              x29, x0, 16         x29:00000002
  14626ns            1458 00000398 000e0613 addi             x12, x28, 0         x12=7fffffff x28:7fffffff
  14636ns            1459 0000039c 00000693 addi             x13, x0, 0          x13=00000000
  14646ns            1460 000003a0 ed5ff06f jal              x0, -300           
  14666ns            1462 00000274 02b68733 mul              x14, x13, x11       x14=00000000 x13:00000000 x11:0000000c
  14676ns            1463 00000278 00e78733 add              x14, x15, x14       x14=00030000 x15:00030000 x14:00000000
  14686ns            1464 0000027c 00472503 lw               x10, 4(x14)         x10=00000008 x14:00030000  PA:00030004
  14696ns            1465 00000280 00072703 lw               x14, 0(x14)         x14=7fffffff x14:00030000  PA:00030000
  14716ns            1467 00000284 00e55463 bge              x10, x14, 8         x10:00000008 x14:7fffffff
  14726ns            1468 00000288 00050713 addi             x14, x10, 0         x14=00000008 x10:00000008
  14736ns            1469 0000028c 02b68533 mul              x10, x13, x11       x10=00000000 x13:00000000 x11:0000000c
  14746ns            1470 00000290 00a78533 add              x10, x15, x10       x10=00030000 x15:00030000 x10:00000000
  14756ns            1471 00000294 00852503 lw               x10, 8(x10)         x10=7fffffff x10:00030000  PA:00030008
  14776ns            1473 00000298 00e55463 bge              x10, x14, 8         x10:7fffffff x14:00000008
  14806ns            1476 000002a0 00c75463 bge              x14, x12, 8         x14:00000008 x12:7fffffff
  14816ns            1477 000002a4 00070613 addi             x12, x14, 0         x12=00000008 x14:00000008
  14826ns            1478 000002a8 00168693 addi             x13, x13, 1         x13=00000001 x13:00000000
  14836ns            1479 000002ac fdf694e3 bne              x13, x31, -56       x13:00000001 x31:00000003
  14866ns            1482 00000274 02b68733 mul              x14, x13, x11       x14=0000000c x13:00000001 x11:0000000c
  14876ns            1483 00000278 00e78733 add              x14, x15, x14       x14=0003000c x15:00030000 x14:0000000c
  14886ns            1484 0000027c 00472503 lw               x10, 4(x14)         x10=7fffffff x14:0003000c  PA:00030010
  14896ns            1485 00000280 00072703 lw               x14, 0(x14)         x14=7fffffff x14:0003000c  PA:0003000c
  14916ns            1487 00000284 00e55463 bge              x10, x14, 8         x10:7fffffff x14:7fffffff
  14946ns            1490 0000028c 02b68533 mul              x10, x13, x11       x10=0000000c x13:00000001 x11:0000000c
  14956ns            1491 00000290 00a78533 add              x10, x15, x10       x10=0003000c x15:00030000 x10:0000000c
  14966ns            1492 00000294 00852503 lw               x10, 8(x10)         x10=7fffffff x10:0003000c  PA:00030014
  14986ns            1494 00000298 00e55463 bge              x10, x14, 8         x10:7fffffff x14:7fffffff
  15016ns            1497 000002a0 00c75463 bge              x14, x12, 8         x14:7fffffff x12:00000008
  15046ns            1500 000002a8 00168693 addi             x13, x13, 1         x13=00000002 x13:00000001
  15056ns            1501 000002ac fdf694e3 bne              x13, x31, -56       x13:00000002 x31:00000003
  15086ns            1504 00000274 02b68733 mul              x14, x13, x11       x14=00000018 x13:00000002 x11:0000000c
  15096ns            1505 00000278 00e78733 add              x14, x15, x14       x14=00030018 x15:00030000 x14:00000018
  15106ns            1506 0000027c 00472503 lw               x10, 4(x14)         x10=00000009 x14:00030018  PA:0003001c
  15116ns            1507 00000280 00072703 lw               x14, 0(x14)         x14=7fffffff x14:00030018  PA:00030018
  15136ns            1509 00000284 00e55463 bge              x10, x14, 8         x10:00000009 x14:7fffffff
  15146ns            1510 00000288 00050713 addi             x14, x10, 0         x14=00000009 x10:00000009
  15156ns            1511 0000028c 02b68533 mul              x10, x13, x11       x10=00000018 x13:00000002 x11:0000000c
  15166ns            1512 00000290 00a78533 add              x10, x15, x10       x10=00030018 x15:00030000 x10:00000018
  15176ns            1513 00000294 00852503 lw               x10, 8(x10)         x10=7fffffff x10:00030018  PA:00030020
  15196ns            1515 00000298 00e55463 bge              x10, x14, 8         x10:7fffffff x14:00000009
  15226ns            1518 000002a0 00c75463 bge              x14, x12, 8         x14:00000009 x12:00000008
  15256ns            1521 000002a8 00168693 addi             x13, x13, 1         x13=00000003 x13:00000002
  15266ns            1522 000002ac fdf694e3 bne              x13, x31, -56       x13:00000003 x31:00000003
  15276ns            1523 000002b0 00000693 addi             x13, x0, 0          x13=00000000
  15286ns            1524 000002b4 00000713 addi             x14, x0, 0          x14=00000000
  15296ns            1525 000002b8 02b70533 mul              x10, x14, x11       x10=00000000 x14:00000000 x11:0000000c
  15306ns            1526 000002bc 00a78533 add              x10, x15, x10       x10=00030000 x15:00030000 x10:00000000
  15316ns            1527 000002c0 00052503 lw               x10, 0(x10)         x10=7fffffff x10:00030000  PA:00030000
  15336ns            1529 000002c4 00c51c63 bne              x10, x12, 24        x10:7fffffff x12:00000008
  15366ns            1532 000002dc 02b70533 mul              x10, x14, x11       x10=00000000 x14:00000000 x11:0000000c
  15376ns            1533 000002e0 00a78533 add              x10, x15, x10       x10=00030000 x15:00030000 x10:00000000
  15386ns            1534 000002e4 00452503 lw               x10, 4(x10)         x10=00000008 x10:00030000  PA:00030004
  15406ns            1536 000002e8 00c51c63 bne              x10, x12, 24        x10:00000008 x12:00000008
  15416ns            1537 000002ec 0347a503 lw               x10, 52(x15)        x10=0000005a x15:00030000  PA:00030034
  15436ns            1539 000002f0 00d54863 blt              x10, x13, 16        x10:0000005a x13:00000000
  15446ns            1540 000002f4 00050693 addi             x13, x10, 0         x13=0000005a x10:0000005a
  15456ns            1541 000002f8 00070893 addi             x17, x14, 0         x17=00000000 x14:00000000
  15466ns            1542 000002fc 00100313 addi             x6, x0, 1            x6=00000001
  15476ns            1543 00000300 02b70533 mul              x10, x14, x11       x10=00000000 x14:00000000 x11:0000000c
  15486ns            1544 00000304 00a78533 add              x10, x15, x10       x10=00030000 x15:00030000 x10:00000000
  15496ns            1545 00000308 00852503 lw               x10, 8(x10)         x10=7fffffff x10:00030000  PA:00030008
  15516ns            1547 0000030c 00c51c63 bne              x10, x12, 24        x10:7fffffff x12:00000008
  15546ns            1550 00000324 00170713 addi             x14, x14, 1         x14=00000001 x14:00000000
  15556ns            1551 00000328 f9f718e3 bne              x14, x31, -112      x14:00000001 x31:00000003
  15586ns            1554 000002b8 02b70533 mul              x10, x14, x11       x10=0000000c x14:00000001 x11:0000000c
  15596ns            1555 000002bc 00a78533 add              x10, x15, x10       x10=0003000c x15:00030000 x10:0000000c
  15606ns            1556 000002c0 00052503 lw               x10, 0(x10)         x10=7fffffff x10:0003000c  PA:0003000c
  15626ns            1558 000002c4 00c51c63 bne              x10, x12, 24        x10:7fffffff x12:00000008
  15656ns            1561 000002dc 02b70533 mul              x10, x14, x11       x10=0000000c x14:00000001 x11:0000000c
  15666ns            1562 000002e0 00a78533 add              x10, x15, x10       x10=0003000c x15:00030000 x10:0000000c
  15676ns            1563 000002e4 00452503 lw               x10, 4(x10)         x10=7fffffff x10:0003000c  PA:00030010
  15696ns            1565 000002e8 00c51c63 bne              x10, x12, 24        x10:7fffffff x12:00000008
  15726ns            1568 00000300 02b70533 mul              x10, x14, x11       x10=0000000c x14:00000001 x11:0000000c
  15736ns            1569 00000304 00a78533 add              x10, x15, x10       x10=0003000c x15:00030000 x10:0000000c
  15746ns            1570 00000308 00852503 lw               x10, 8(x10)         x10=7fffffff x10:0003000c  PA:00030014
  15766ns            1572 0000030c 00c51c63 bne              x10, x12, 24        x10:7fffffff x12:00000008
  15796ns            1575 00000324 00170713 addi             x14, x14, 1         x14=00000002 x14:00000001
  15806ns            1576 00000328 f9f718e3 bne              x14, x31, -112      x14:00000002 x31:00000003
  15836ns            1579 000002b8 02b70533 mul              x10, x14, x11       x10=00000018 x14:00000002 x11:0000000c
  15846ns            1580 000002bc 00a78533 add              x10, x15, x10       x10=00030018 x15:00030000 x10:00000018
  15856ns            1581 000002c0 00052503 lw               x10, 0(x10)         x10=7fffffff x10:00030018  PA:00030018
  15876ns            1583 000002c4 00c51c63 bne              x10, x12, 24        x10:7fffffff x12:00000008
  15906ns            1586 000002dc 02b70533 mul              x10, x14, x11       x10=00000018 x14:00000002 x11:0000000c
  15916ns            1587 000002e0 00a78533 add              x10, x15, x10       x10=00030018 x15:00030000 x10:00000018
  15926ns            1588 000002e4 00452503 lw               x10, 4(x10)         x10=00000009 x10:00030018  PA:0003001c
  15946ns            1590 000002e8 00c51c63 bne              x10, x12, 24        x10:00000009 x12:00000008
  15976ns            1593 00000300 02b70533 mul              x10, x14, x11       x10=00000018 x14:00000002 x11:0000000c
  15986ns            1594 00000304 00a78533 add              x10, x15, x10       x10=00030018 x15:00030000 x10:00000018
  15996ns            1595 00000308 00852503 lw               x10, 8(x10)         x10=7fffffff x10:00030018  PA:00030020
  16016ns            1597 0000030c 00c51c63 bne              x10, x12, 24        x10:7fffffff x12:00000008
  16046ns            1600 00000324 00170713 addi             x14, x14, 1         x14=00000003 x14:00000002
  16056ns            1601 00000328 f9f718e3 bne              x14, x31, -112      x14:00000003 x31:00000003
  16066ns            1602 0000032c 03078693 addi             x13, x15, 48        x13=00030030 x15:00030000
  16076ns            1603 00000330 00289513 slli             x10, x17, 0x2       x10=00000000 x17:00000000
  16086ns            1604 00000334 00231713 slli             x14, x6, 0x2        x14=00000004  x6:00000001
  16096ns            1605 00000338 00d70733 add              x14, x14, x13       x14=00030034 x14:00000004 x13:00030030
  16106ns            1606 0000033c 00550533 add              x10, x10, x5        x10=00030040 x10:00000000  x5:00030040
  16116ns            1607 00000340 00072803 lw               x16, 0(x14)         x16=0000005a x14:00030034  PA:00030034
  16126ns            1608 00000344 00052683 lw               x13, 0(x10)         x13=00000032 x10:00030040  PA:00030040
  16146ns            1610 00000348 00d85463 bge              x16, x13, 8         x16:0000005a x13:00000032
  16176ns            1613 00000350 40d80833 sub              x16, x16, x13       x16=00000028 x16:0000005a x13:00000032
  16186ns            1614 00000354 01072023 sw               x16, 0(x14)         x16:00000028 x14:00030034  PA:00030034
  16196ns            1615 00000358 00052703 lw               x14, 0(x10)         x14=00000032 x10:00030040  PA:00030040
  16206ns            1616 0000035c fffe8e93 addi             x29, x29, -1        x29=00000001 x29:00000002
  16216ns            1617 00000360 40d70733 sub              x14, x14, x13       x14=00000000 x14:00000032 x13:00000032
  16226ns            1618 00000364 00e52023 sw               x14, 0(x10)         x14:00000000 x10:00030040  PA:00030040
  16236ns            1619 00000368 03f88733 mul              x14, x17, x31       x14=00000000 x17:00000000 x31:00000003
  16246ns            1620 0000036c 00670733 add              x14, x14, x6        x14=00000001 x14:00000000  x6:00000001
  16256ns            1621 00000370 02c686b3 mul              x13, x13, x12       x13=00000190 x13:00000032 x12:00000008
  16266ns            1622 00000374 00271713 slli             x14, x14, 0x2       x14=00000004 x14:00000001
  16276ns            1623 00000378 00e78733 add              x14, x15, x14       x14=00030004 x15:00030000 x14:00000004
  16286ns            1624 0000037c 00072503 lw               x10, 0(x14)         x10=00000008 x14:00030004  PA:00030004
  16306ns            1626 00000380 01c56533 or               x10, x10, x28       x10=7fffffff x10:00000008 x28:7fffffff
  16316ns            1627 00000384 00a72023 sw               x10, 0(x14)         x10:7fffffff x14:00030004  PA:00030004
  16326ns            1628 00000388 0607a703 lw               x14, 96(x15)        x14=000000c3 x15:00030000  PA:00030060
  16346ns            1630 0000038c 00d706b3 add              x13, x14, x13       x13=00000253 x14:000000c3 x13:00000190
  16356ns            1631 00000390 06d7a023 sw               x13, 96(x15)        x13:00000253 x15:00030000  PA:00030060
  16366ns            1632 00000394 000e8863 beq              x29, x0, 16         x29:00000001
  16376ns            1633 00000398 000e0613 addi             x12, x28, 0         x12=7fffffff x28:7fffffff
  16386ns            1634 0000039c 00000693 addi             x13, x0, 0          x13=00000000
  16396ns            1635 000003a0 ed5ff06f jal              x0, -300           
  16416ns            1637 00000274 02b68733 mul              x14, x13, x11       x14=00000000 x13:00000000 x11:0000000c
  16426ns            1638 00000278 00e78733 add              x14, x15, x14       x14=00030000 x15:00030000 x14:00000000
  16436ns            1639 0000027c 00472503 lw               x10, 4(x14)         x10=7fffffff x14:00030000  PA:00030004
  16446ns            1640 00000280 00072703 lw               x14, 0(x14)         x14=7fffffff x14:00030000  PA:00030000
  16466ns            1642 00000284 00e55463 bge              x10, x14, 8         x10:7fffffff x14:7fffffff
  16496ns            1645 0000028c 02b68533 mul              x10, x13, x11       x10=00000000 x13:00000000 x11:0000000c
  16506ns            1646 00000290 00a78533 add              x10, x15, x10       x10=00030000 x15:00030000 x10:00000000
  16516ns            1647 00000294 00852503 lw               x10, 8(x10)         x10=7fffffff x10:00030000  PA:00030008
  16536ns            1649 00000298 00e55463 bge              x10, x14, 8         x10:7fffffff x14:7fffffff
  16566ns            1652 000002a0 00c75463 bge              x14, x12, 8         x14:7fffffff x12:7fffffff
  16596ns            1655 000002a8 00168693 addi             x13, x13, 1         x13=00000001 x13:00000000
  16606ns            1656 000002ac fdf694e3 bne              x13, x31, -56       x13:00000001 x31:00000003
  16636ns            1659 00000274 02b68733 mul              x14, x13, x11       x14=0000000c x13:00000001 x11:0000000c
  16646ns            1660 00000278 00e78733 add              x14, x15, x14       x14=0003000c x15:00030000 x14:0000000c
  16656ns            1661 0000027c 00472503 lw               x10, 4(x14)         x10=7fffffff x14:0003000c  PA:00030010
  16666ns            1662 00000280 00072703 lw               x14, 0(x14)         x14=7fffffff x14:0003000c  PA:0003000c
  16686ns            1664 00000284 00e55463 bge              x10, x14, 8         x10:7fffffff x14:7fffffff
  16716ns            1667 0000028c 02b68533 mul              x10, x13, x11       x10=0000000c x13:00000001 x11:0000000c
  16726ns            1668 00000290 00a78533 add              x10, x15, x10       x10=0003000c x15:00030000 x10:0000000c
  16736ns            1669 00000294 00852503 lw               x10, 8(x10)         x10=7fffffff x10:0003000c  PA:00030014
  16756ns            1671 00000298 00e55463 bge              x10, x14, 8         x10:7fffffff x14:7fffffff
  16786ns            1674 000002a0 00c75463 bge              x14, x12, 8         x14:7fffffff x12:7fffffff
  16816ns            1677 000002a8 00168693 addi             x13, x13, 1         x13=00000002 x13:00000001
  16826ns            1678 000002ac fdf694e3 bne              x13, x31, -56       x13:00000002 x31:00000003
  16856ns            1681 00000274 02b68733 mul              x14, x13, x11       x14=00000018 x13:00000002 x11:0000000c
  16866ns            1682 00000278 00e78733 add              x14, x15, x14       x14=00030018 x15:00030000 x14:00000018
  16876ns            1683 0000027c 00472503 lw               x10, 4(x14)         x10=00000009 x14:00030018  PA:0003001c
  16886ns            1684 00000280 00072703 lw               x14, 0(x14)         x14=7fffffff x14:00030018  PA:00030018
  16906ns            1686 00000284 00e55463 bge              x10, x14, 8         x10:00000009 x14:7fffffff
  16916ns            1687 00000288 00050713 addi             x14, x10, 0         x14=00000009 x10:00000009
  16926ns            1688 0000028c 02b68533 mul              x10, x13, x11       x10=00000018 x13:00000002 x11:0000000c
  16936ns            1689 00000290 00a78533 add              x10, x15, x10       x10=00030018 x15:00030000 x10:00000018
  16946ns            1690 00000294 00852503 lw               x10, 8(x10)         x10=7fffffff x10:00030018  PA:00030020
  16966ns            1692 00000298 00e55463 bge              x10, x14, 8         x10:7fffffff x14:00000009
  16996ns            1695 000002a0 00c75463 bge              x14, x12, 8         x14:00000009 x12:7fffffff
  17006ns            1696 000002a4 00070613 addi             x12, x14, 0         x12=00000009 x14:00000009
  17016ns            1697 000002a8 00168693 addi             x13, x13, 1         x13=00000003 x13:00000002
  17026ns            1698 000002ac fdf694e3 bne              x13, x31, -56       x13:00000003 x31:00000003
  17036ns            1699 000002b0 00000693 addi             x13, x0, 0          x13=00000000
  17046ns            1700 000002b4 00000713 addi             x14, x0, 0          x14=00000000
  17056ns            1701 000002b8 02b70533 mul              x10, x14, x11       x10=00000000 x14:00000000 x11:0000000c
  17066ns            1702 000002bc 00a78533 add              x10, x15, x10       x10=00030000 x15:00030000 x10:00000000
  17076ns            1703 000002c0 00052503 lw               x10, 0(x10)         x10=7fffffff x10:00030000  PA:00030000
  17096ns            1705 000002c4 00c51c63 bne              x10, x12, 24        x10:7fffffff x12:00000009
  17126ns            1708 000002dc 02b70533 mul              x10, x14, x11       x10=00000000 x14:00000000 x11:0000000c
  17136ns            1709 000002e0 00a78533 add              x10, x15, x10       x10=00030000 x15:00030000 x10:00000000
  17146ns            1710 000002e4 00452503 lw               x10, 4(x10)         x10=7fffffff x10:00030000  PA:00030004
  17166ns            1712 000002e8 00c51c63 bne              x10, x12, 24        x10:7fffffff x12:00000009
  17196ns            1715 00000300 02b70533 mul              x10, x14, x11       x10=00000000 x14:00000000 x11:0000000c
  17206ns            1716 00000304 00a78533 add              x10, x15, x10       x10=00030000 x15:00030000 x10:00000000
  17216ns            1717 00000308 00852503 lw               x10, 8(x10)         x10=7fffffff x10:00030000  PA:00030008
  17236ns            1719 0000030c 00c51c63 bne              x10, x12, 24        x10:7fffffff x12:00000009
  17266ns            1722 00000324 00170713 addi             x14, x14, 1         x14=00000001 x14:00000000
  17276ns            1723 00000328 f9f718e3 bne              x14, x31, -112      x14:00000001 x31:00000003
  17306ns            1726 000002b8 02b70533 mul              x10, x14, x11       x10=0000000c x14:00000001 x11:0000000c
  17316ns            1727 000002bc 00a78533 add              x10, x15, x10       x10=0003000c x15:00030000 x10:0000000c
  17326ns            1728 000002c0 00052503 lw               x10, 0(x10)         x10=7fffffff x10:0003000c  PA:0003000c
  17346ns            1730 000002c4 00c51c63 bne              x10, x12, 24        x10:7fffffff x12:00000009
  17376ns            1733 000002dc 02b70533 mul              x10, x14, x11       x10=0000000c x14:00000001 x11:0000000c
  17386ns            1734 000002e0 00a78533 add              x10, x15, x10       x10=0003000c x15:00030000 x10:0000000c
  17396ns            1735 000002e4 00452503 lw               x10, 4(x10)         x10=7fffffff x10:0003000c  PA:00030010
  17416ns            1737 000002e8 00c51c63 bne              x10, x12, 24        x10:7fffffff x12:00000009
  17446ns            1740 00000300 02b70533 mul              x10, x14, x11       x10=0000000c x14:00000001 x11:0000000c
  17456ns            1741 00000304 00a78533 add              x10, x15, x10       x10=0003000c x15:00030000 x10:0000000c
  17466ns            1742 00000308 00852503 lw               x10, 8(x10)         x10=7fffffff x10:0003000c  PA:00030014
  17486ns            1744 0000030c 00c51c63 bne              x10, x12, 24        x10:7fffffff x12:00000009
  17516ns            1747 00000324 00170713 addi             x14, x14, 1         x14=00000002 x14:00000001
  17526ns            1748 00000328 f9f718e3 bne              x14, x31, -112      x14:00000002 x31:00000003
  17556ns            1751 000002b8 02b70533 mul              x10, x14, x11       x10=00000018 x14:00000002 x11:0000000c
  17566ns            1752 000002bc 00a78533 add              x10, x15, x10       x10=00030018 x15:00030000 x10:00000018
  17576ns            1753 000002c0 00052503 lw               x10, 0(x10)         x10=7fffffff x10:00030018  PA:00030018
  17596ns            1755 000002c4 00c51c63 bne              x10, x12, 24        x10:7fffffff x12:00000009
  17626ns            1758 000002dc 02b70533 mul              x10, x14, x11       x10=00000018 x14:00000002 x11:0000000c
  17636ns            1759 000002e0 00a78533 add              x10, x15, x10       x10=00030018 x15:00030000 x10:00000018
  17646ns            1760 000002e4 00452503 lw               x10, 4(x10)         x10=00000009 x10:00030018  PA:0003001c
  17666ns            1762 000002e8 00c51c63 bne              x10, x12, 24        x10:00000009 x12:00000009
  17676ns            1763 000002ec 0347a503 lw               x10, 52(x15)        x10=00000028 x15:00030000  PA:00030034
  17696ns            1765 000002f0 00d54863 blt              x10, x13, 16        x10:00000028 x13:00000000
  17706ns            1766 000002f4 00050693 addi             x13, x10, 0         x13=00000028 x10:00000028
  17716ns            1767 000002f8 00070893 addi             x17, x14, 0         x17=00000002 x14:00000002
  17726ns            1768 000002fc 00100313 addi             x6, x0, 1            x6=00000001
  17736ns            1769 00000300 02b70533 mul              x10, x14, x11       x10=00000018 x14:00000002 x11:0000000c
  17746ns            1770 00000304 00a78533 add              x10, x15, x10       x10=00030018 x15:00030000 x10:00000018
  17756ns            1771 00000308 00852503 lw               x10, 8(x10)         x10=7fffffff x10:00030018  PA:00030020
  17776ns            1773 0000030c 00c51c63 bne              x10, x12, 24        x10:7fffffff x12:00000009
  17806ns            1776 00000324 00170713 addi             x14, x14, 1         x14=00000003 x14:00000002
  17816ns            1777 00000328 f9f718e3 bne              x14, x31, -112      x14:00000003 x31:00000003
  17826ns            1778 0000032c 03078693 addi             x13, x15, 48        x13=00030030 x15:00030000
  17836ns            1779 00000330 00289513 slli             x10, x17, 0x2       x10=00000008 x17:00000002
  17846ns            1780 00000334 00231713 slli             x14, x6, 0x2        x14=00000004  x6:00000001
  17856ns            1781 00000338 00d70733 add              x14, x14, x13       x14=00030034 x14:00000004 x13:00030030
  17866ns            1782 0000033c 00550533 add              x10, x10, x5        x10=00030048 x10:00000008  x5:00030040
  17876ns            1783 00000340 00072803 lw               x16, 0(x14)         x16=00000028 x14:00030034  PA:00030034
  17886ns            1784 00000344 00052683 lw               x13, 0(x10)         x13=00000028 x10:00030048  PA:00030048
  17906ns            1786 00000348 00d85463 bge              x16, x13, 8         x16:00000028 x13:00000028
  17936ns            1789 00000350 40d80833 sub              x16, x16, x13       x16=00000000 x16:00000028 x13:00000028
  17946ns            1790 00000354 01072023 sw               x16, 0(x14)         x16:00000000 x14:00030034  PA:00030034
  17956ns            1791 00000358 00052703 lw               x14, 0(x10)         x14=00000028 x10:00030048  PA:00030048
  17966ns            1792 0000035c fffe8e93 addi             x29, x29, -1        x29=00000000 x29:00000001
  17976ns            1793 00000360 40d70733 sub              x14, x14, x13       x14=00000000 x14:00000028 x13:00000028
  17986ns            1794 00000364 00e52023 sw               x14, 0(x10)         x14:00000000 x10:00030048  PA:00030048
  17996ns            1795 00000368 03f88733 mul              x14, x17, x31       x14=00000006 x17:00000002 x31:00000003
  18006ns            1796 0000036c 00670733 add              x14, x14, x6        x14=00000007 x14:00000006  x6:00000001
  18016ns            1797 00000370 02c686b3 mul              x13, x13, x12       x13=00000168 x13:00000028 x12:00000009
  18026ns            1798 00000374 00271713 slli             x14, x14, 0x2       x14=0000001c x14:00000007
  18036ns            1799 00000378 00e78733 add              x14, x15, x14       x14=0003001c x15:00030000 x14:0000001c
  18046ns            1800 0000037c 00072503 lw               x10, 0(x14)         x10=00000009 x14:0003001c  PA:0003001c
  18066ns            1802 00000380 01c56533 or               x10, x10, x28       x10=7fffffff x10:00000009 x28:7fffffff
  18076ns            1803 00000384 00a72023 sw               x10, 0(x14)         x10:7fffffff x14:0003001c  PA:0003001c
  18086ns            1804 00000388 0607a703 lw               x14, 96(x15)        x14=00000253 x15:00030000  PA:00030060
  18106ns            1806 0000038c 00d706b3 add              x13, x14, x13       x13=000003bb x14:00000253 x13:00000168
  18116ns            1807 00000390 06d7a023 sw               x13, 96(x15)        x13:000003bb x15:00030000  PA:00030060
  18126ns            1808 00000394 000e8863 beq              x29, x0, 16         x29:00000000
  18156ns            1811 000003a4 ffff0f13 addi             x30, x30, -1        x30=00000000 x30:00000001
  18166ns            1812 000003a8 ec0f12e3 bne              x30, x0, -316       x30:00000000
  18176ns            1813 000003ac 00000513 addi             x10, x0, 0          x10=00000000
  18186ns            1814 000003b0 00008067 jalr             x0, x1, 0            x1:000001d8
  18206ns            1816 000001d8 4c60006f jal              x0, 1222           
  18226ns            1818 0000069e ff010113 addi             x2, x2, -16          x2=00005070  x2:00005080
  18236ns            1819 000006a0 00000593 addi             x11, x0, 0          x11=00000000
  18246ns            1820 000006a2 00812423 sw               x8, 8(x2)            x8:00000000  x2:00005070  PA:00005078
  18256ns            1821 000006a4 00112623 sw               x1, 12(x2)           x1:000001d8  x2:00005070  PA:0000507c
  18266ns            1822 000006a6 00a00433 add              x8, x0, x10          x8=00000000 x10:00000000
  18276ns            1823 000006a8 35e000ef jal              x1, 862              x1=000006aa
  18296ns            1825 00000a06 fd010113 addi             x2, x2, -48          x2=00005040  x2:00005070
  18306ns            1826 00000a08 01412c23 sw               x20, 24(x2)         x20:00000000  x2:00005040  PA:00005058
  18316ns            1827 00000a0a 0301aa03 lw               x20, 48(x3)         x20=000027f8  x3:00002ff8  PA:00003028
  18326ns            1828 00000a0e 03212023 sw               x18, 32(x2)         x18:00000000  x2:00005040  PA:00005060
  18336ns            1829 00000a10 02112623 sw               x1, 44(x2)           x1:000006aa  x2:00005040  PA:0000506c
  18346ns            1830 00000a12 148a2903 lw               x18, 328(x20)       x18=00002944 x20:000027f8  PA:00002940
  18356ns            1831 00000a16 02812423 sw               x8, 40(x2)           x8:00000000  x2:00005040  PA:00005068
  18366ns            1832 00000a18 02912223 sw               x9, 36(x2)           x9:00000000  x2:00005040  PA:00005064
  18376ns            1833 00000a1a 01312e23 sw               x19, 28(x2)         x19:00000000  x2:00005040  PA:0000505c
  18386ns            1834 00000a1c 01512a23 sw               x21, 20(x2)         x21:00000000  x2:00005040  PA:00005054
  18396ns            1835 00000a1e 01612823 sw               x22, 16(x2)         x22:00000000  x2:00005040  PA:00005050
  18406ns            1836 00000a20 01712623 sw               x23, 12(x2)         x23:00000000  x2:00005040  PA:0000504c
  18416ns            1837 00000a22 01812423 sw               x24, 8(x2)          x24:00000000  x2:00005040  PA:00005048
  18426ns            1838 00000a24 02090863 beq              x18, x0, 48         x18:00002944
  18436ns            1839 00000a28 00a00b33 add              x22, x0, x10        x22=00000000 x10:00000000
  18446ns            1840 00000a2a 00b00bb3 add              x23, x0, x11        x23=00000000 x11:00000000
  18456ns            1841 00000a2c 00100a93 addi             x21, x0, 1          x21=00000001
  18466ns            1842 00000a2e fff00993 addi             x19, x0, -1         x19=ffffffff
  18476ns            1843 00000a30 00492483 lw               x9, 4(x18)           x9=00000001 x18:00002944  PA:00002948
  18496ns            1845 00000a34 fff48413 addi             x8, x9, -1           x8=00000000  x9:00000001
  18506ns            1846 00000a38 00044e63 blt              x8, x0, 28           x8:00000000
  18516ns            1847 00000a3c 00249493 slli             x9, x9, 0x2          x9=00000004  x9:00000001
  18526ns            1848 00000a3e 012484b3 add              x9, x9, x18          x9=00002948  x9:00000004 x18:00002944
  18536ns            1849 00000a40 020b8663 beq              x23, x0, 44         x23:00000000
  18566ns            1852 00000a6c 00492783 lw               x15, 4(x18)         x15=00000001 x18:00002944  PA:00002948
  18576ns            1853 00000a70 0044a683 lw               x13, 4(x9)          x13=000006b8  x9:00002948  PA:0000294c
  18586ns            1854 00000a72 fff78793 addi             x15, x15, -1        x15=00000000 x15:00000001
  18596ns            1855 00000a74 04878263 beq              x15, x8, 68         x15:00000000  x8:00000000
  18626ns            1858 00000ab8 00892223 sw               x8, 4(x18)           x8:00000000 x18:00002944  PA:00002948
  18636ns            1859 00000abc fc1ff06f jal              x0, -64            
  18656ns            1861 00000a7c fc0688e3 beq              x13, x0, -48        x13:000006b8
  18666ns            1862 00000a7e 18892783 lw               x15, 392(x18)       x15=00000000 x18:00002944  PA:00002acc
  18676ns            1863 00000a82 008a9733 sll              x14, x21, x8        x14=00000001 x21:00000001  x8:00000000
  18686ns            1864 00000a86 00492c03 lw               x24, 4(x18)         x24=00000000 x18:00002944  PA:00002948
  18696ns            1865 00000a8a 00e7f7b3 and              x15, x15, x14       x15=00000000 x15:00000000 x14:00000001
  18706ns            1866 00000a8c 00079d63 bne              x15, x0, 26         x15:00000000
  18716ns            1867 00000a8e 000680e7 jalr             x1, x13, 0           x1=00000a90 x13:000006b8
  18736ns            1869 000006b8 ff010113 addi             x2, x2, -16          x2=00005030  x2:00005040
  18746ns            1870 000006ba 00812423 sw               x8, 8(x2)            x8:00000000  x2:00005030  PA:00005038
  18756ns            1871 000006bc 000027b7 lui              x15, 0x2000         x15=00002000
  18766ns            1872 000006be 00002437 lui              x8, 0x2000           x8=00002000
  18776ns            1873 000006c0 7f840413 addi             x8, x8, 2040         x8=000027f8  x8:00002000
  18786ns            1874 000006c4 7f878793 addi             x15, x15, 2040      x15=000027f8 x15:00002000
  18796ns            1875 000006c8 408787b3 sub              x15, x15, x8        x15=00000000 x15:000027f8  x8:000027f8
  18806ns            1876 000006ca 00912223 sw               x9, 4(x2)            x9:00002948  x2:00005030  PA:00005034
  18816ns            1877 000006cc 00112623 sw               x1, 12(x2)           x1:00000a90  x2:00005030  PA:0000503c
  18826ns            1878 000006ce 4027d493 srai             x9, x15, 0x402       x9=00000000 x15:00000000
  18836ns            1879 000006d2 00048863 beq              x9, x0, 16           x9:00000000
  18866ns            1882 000006e2 00c12083 lw               x1, 12(x2)           x1=00000a90  x2:00005030  PA:0000503c
  18876ns            1883 000006e4 00812403 lw               x8, 8(x2)            x8=00000000  x2:00005030  PA:00005038
  18886ns            1884 000006e6 00412483 lw               x9, 4(x2)            x9=00002948  x2:00005030  PA:00005034
  18896ns            1885 000006e8 01010113 addi             x2, x2, 16           x2=00005040  x2:00005030
  18906ns            1886 000006ea 00008067 jalr             x0, x1, 0            x1:00000a90
  18926ns            1888 00000a90 00492703 lw               x14, 4(x18)         x14=00000000 x18:00002944  PA:00002948
  18936ns            1889 00000a94 148a2783 lw               x15, 328(x20)       x15=00002944 x20:000027f8  PA:00002940
  18946ns            1890 00000a98 01871463 bne              x14, x24, 8         x14:00000000 x24:00000000
  18956ns            1891 00000a9c faf908e3 beq              x18, x15, -80       x18:00002944 x15:00002944
  18986ns            1894 00000a4c fff40413 addi             x8, x8, -1           x8=ffffffff  x8:00000000
  18996ns            1895 00000a4e ffc48493 addi             x9, x9, -4           x9=00002944  x9:00002948
  19006ns            1896 00000a50 ff3418e3 bne              x8, x19, -16         x8:ffffffff x19:ffffffff
  19016ns            1897 00000a54 02c12083 lw               x1, 44(x2)           x1=000006aa  x2:00005040  PA:0000506c
  19026ns            1898 00000a56 02812403 lw               x8, 40(x2)           x8=00000000  x2:00005040  PA:00005068
  19036ns            1899 00000a58 02412483 lw               x9, 36(x2)           x9=00000000  x2:00005040  PA:00005064
  19046ns            1900 00000a5a 02012903 lw               x18, 32(x2)         x18=00000000  x2:00005040  PA:00005060
  19056ns            1901 00000a5c 01c12983 lw               x19, 28(x2)         x19=00000000  x2:00005040  PA:0000505c
  19066ns            1902 00000a5e 01812a03 lw               x20, 24(x2)         x20=00000000  x2:00005040  PA:00005058
  19076ns            1903 00000a60 01412a83 lw               x21, 20(x2)         x21=00000000  x2:00005040  PA:00005054
  19086ns            1904 00000a62 01012b03 lw               x22, 16(x2)         x22=00000000  x2:00005040  PA:00005050
  19096ns            1905 00000a64 00c12b83 lw               x23, 12(x2)         x23=00000000  x2:00005040  PA:0000504c
  19106ns            1906 00000a66 00812c03 lw               x24, 8(x2)          x24=00000000  x2:00005040  PA:00005048
  19116ns            1907 00000a68 03010113 addi             x2, x2, 48           x2=00005070  x2:00005040
  19126ns            1908 00000a6a 00008067 jalr             x0, x1, 0            x1:000006aa
  19156ns            1911 000006aa 0301a503 lw               x10, 48(x3)         x10=000027f8  x3:00002ff8  PA:00003028
  19176ns            1913 000006ae 03c52783 lw               x15, 60(x10)        x15=00000000 x10:000027f8  PA:00002834
  19196ns            1915 000006b0 00078263 beq              x15, x0, 4          x15:00000000
  19226ns            1918 000006b4 00800533 add              x10, x0, x8         x10=00000000  x8:00000000
  19236ns            1919 000006b6 d9bff0ef jal              x1, -614             x1=000006b8
  19256ns            1921 00000450 200007b7 lui              x15, 0x20000000     x15=20000000
