                Time          Cycles PC       Instr    Mnemonic
     96ns               5 00000180 00003197 auipc            x3, 0x3000           x3=00003180
    106ns               6 00000184 e7818193 addi             x3, x3, -392         x3=00002ff8  x3:00003180
    116ns               7 00000188 00005117 auipc            x2, 0x5000           x2=00005188
    126ns               8 0000018c ef810113 addi             x2, x2, -264         x2=00005080  x2:00005188
    136ns               9 00000190 00000517 auipc            x10, 0x0            x10=00000190
    146ns              10 00000194 e7050513 addi             x10, x10, -400      x10=00000000 x10:00000190
    156ns              11 00000198 30551073 csrrw            x0, x10, 0x305      x10:00000000
    166ns              12 0000019c 10000513 addi             x10, x0, 256        x10=00000100
    176ns              13 000001a0 7d151073 csrrw            x0, x10, 0x7d1      x10:00000100
    186ns              14 000001a4 04418513 addi             x10, x3, 68         x10=0000303c  x3:00002ff8
    196ns              15 000001a8 07c18613 addi             x12, x3, 124        x12=00003074  x3:00002ff8
    206ns              16 000001ac 40a60633 sub              x12, x12, x10       x12=00000038 x12:00003074 x10:0000303c
    216ns              17 000001b0 00000593 addi             x11, x0, 0          x11=00000000
    226ns              18 000001b4 566000ef jal              x1, 1382             x1=000001b8
    246ns              20 0000071a 00f00313 addi             x6, x0, 15           x6=0000000f
    256ns              21 0000071c 00a00733 add              x14, x0, x10        x14=0000303c x10:0000303c
    266ns              22 0000071e 02c37363 bgeu             x6, x12, 38          x6:0000000f x12:00000038
    276ns              23 00000722 00f77793 andi             x15, x14, 15        x15=0000000c x14:0000303c
    286ns              24 00000726 06079f63 bne              x15, x0, 126        x15:0000000c
    316ns              27 000007a4 00279693 slli             x13, x15, 0x2       x13=00000030 x15:0000000c
    326ns              28 000007a8 00000297 auipc            x5, 0x0              x5=000007a8
    336ns              29 000007ac 005686b3 add              x13, x13, x5        x13=000007d8 x13:00000030  x5:000007a8
    346ns              30 000007ae 001002b3 add              x5, x0, x1           x5=000001b8  x1:000001b8
    356ns              31 000007b0 fa8680e7 jalr             x1, x13, -88         x1=000007b4 x13:000007d8
    376ns              33 00000780 00b701a3 sb               x11, 3(x14)         x11:00000000 x14:0000303c  PA:0000303f
    386ns              34 00000784 00b70123 sb               x11, 2(x14)         x11:00000000 x14:0000303c  PA:0000303e
    396ns              35 00000788 00b700a3 sb               x11, 1(x14)         x11:00000000 x14:0000303c  PA:0000303d
    406ns              36 0000078c 00b70023 sb               x11, 0(x14)         x11:00000000 x14:0000303c  PA:0000303c
    416ns              37 00000790 00008067 jalr             x0, x1, 0            x1:000007b4
    436ns              39 000007b4 005000b3 add              x1, x0, x5           x1=000001b8  x5:000001b8
    446ns              40 000007b6 ff078793 addi             x15, x15, -16       x15=fffffffc x15:0000000c
    456ns              41 000007b8 40f70733 sub              x14, x14, x15       x14=00003040 x14:0000303c x15:fffffffc
    466ns              42 000007ba 00f60633 add              x12, x12, x15       x12=00000034 x12:00000038 x15:fffffffc
    476ns              43 000007bc f8c374e3 bgeu             x6, x12, -120        x6:0000000f x12:00000034
    486ns              44 000007c0 f69ff06f jal              x0, -152           
    506ns              46 00000728 06059563 bne              x11, x0, 106        x11:00000000
    516ns              47 0000072a ff067693 andi             x13, x12, -16       x13=00000030 x12:00000034
    526ns              48 0000072e 00f67613 andi             x12, x12, 15        x12=00000004 x12:00000034
    536ns              49 00000730 00e686b3 add              x13, x13, x14       x13=00003070 x13:00000030 x14:00003040
    546ns              50 00000732 00b72023 sw               x11, 0(x14)         x11:00000000 x14:00003040  PA:00003040
    556ns              51 00000734 00b72223 sw               x11, 4(x14)         x11:00000000 x14:00003040  PA:00003044
    566ns              52 00000736 00b72423 sw               x11, 8(x14)         x11:00000000 x14:00003040  PA:00003048
    576ns              53 00000738 00b72623 sw               x11, 12(x14)        x11:00000000 x14:00003040  PA:0000304c
    586ns              54 0000073a 01070713 addi             x14, x14, 16        x14=00003050 x14:00003040
    596ns              55 0000073c fed76be3 bltu             x14, x13, -10       x14:00003050 x13:00003070
    626ns              58 00000732 00b72023 sw               x11, 0(x14)         x11:00000000 x14:00003050  PA:00003050
    636ns              59 00000734 00b72223 sw               x11, 4(x14)         x11:00000000 x14:00003050  PA:00003054
    646ns              60 00000736 00b72423 sw               x11, 8(x14)         x11:00000000 x14:00003050  PA:00003058
    656ns              61 00000738 00b72623 sw               x11, 12(x14)        x11:00000000 x14:00003050  PA:0000305c
    666ns              62 0000073a 01070713 addi             x14, x14, 16        x14=00003060 x14:00003050
    676ns              63 0000073c fed76be3 bltu             x14, x13, -10       x14:00003060 x13:00003070
    706ns              66 00000732 00b72023 sw               x11, 0(x14)         x11:00000000 x14:00003060  PA:00003060
    716ns              67 00000734 00b72223 sw               x11, 4(x14)         x11:00000000 x14:00003060  PA:00003064
    726ns              68 00000736 00b72423 sw               x11, 8(x14)         x11:00000000 x14:00003060  PA:00003068
    736ns              69 00000738 00b72623 sw               x11, 12(x14)        x11:00000000 x14:00003060  PA:0000306c
    746ns              70 0000073a 01070713 addi             x14, x14, 16        x14=00003070 x14:00003060
    756ns              71 0000073c fed76be3 bltu             x14, x13, -10       x14:00003070 x13:00003070
    766ns              72 00000740 00061263 bne              x12, x0, 4          x12:00000004
    796ns              75 00000744 40c306b3 sub              x13, x6, x12        x13=0000000b  x6:0000000f x12:00000004
    806ns              76 00000748 00269693 slli             x13, x13, 0x2       x13=0000002c x13:0000000b
    816ns              77 0000074a 00000297 auipc            x5, 0x0              x5=0000074a
    826ns              78 0000074e 005686b3 add              x13, x13, x5        x13=00000776 x13:0000002c  x5:0000074a
    846ns              80 00000750 00a68067 jalr             x0, x13, 10         x13:00000776
    866ns              82 00000780 00b701a3 sb               x11, 3(x14)         x11:00000000 x14:00003070  PA:00003073
    876ns              83 00000784 00b70123 sb               x11, 2(x14)         x11:00000000 x14:00003070  PA:00003072
    886ns              84 00000788 00b700a3 sb               x11, 1(x14)         x11:00000000 x14:00003070  PA:00003071
    896ns              85 0000078c 00b70023 sb               x11, 0(x14)         x11:00000000 x14:00003070  PA:00003070
    906ns              86 00000790 00008067 jalr             x0, x1, 0            x1:000001b8
    926ns              88 000001b8 00000517 auipc            x10, 0x0            x10=000001b8
    936ns              89 000001bc 4c450513 addi             x10, x10, 1220      x10=0000067c x10:000001b8
    946ns              90 000001c0 498000ef jal              x1, 1176             x1=000001c4
    966ns              92 00000658 00a005b3 add              x11, x0, x10        x11=0000067c x10:0000067c
    976ns              93 0000065a 00000693 addi             x13, x0, 0          x13=00000000
    986ns              94 0000065c 00000613 addi             x12, x0, 0          x12=00000000
    996ns              95 0000065e 00000513 addi             x10, x0, 0          x10=00000000
   1006ns              96 00000660 2fe0006f jal              x0, 766            
   1036ns              99 0000095e 0301a703 lw               x14, 48(x3)         x14=000027f8  x3:00002ff8  PA:00003028
   1056ns             101 00000962 14872783 lw               x15, 328(x14)       x15=00000000 x14:000027f8  PA:00002940
   1076ns             103 00000966 04078063 beq              x15, x0, 64         x15:00000000
   1116ns             107 000009a6 14c70793 addi             x15, x14, 332       x15=00002944 x14:000027f8
   1126ns             108 000009aa 14f72423 sw               x15, 328(x14)       x15:00002944 x14:000027f8  PA:00002940
   1136ns             109 000009ae fbbff06f jal              x0, -70            
   1156ns             111 00000968 0047a703 lw               x14, 4(x15)         x14=00000000 x15:00002944  PA:00002948
   1166ns             112 0000096a 01f00813 addi             x16, x0, 31         x16=0000001f
   1176ns             113 0000096c 04e84d63 blt              x16, x14, 90        x16:0000001f x14:00000000
   1186ns             114 00000970 00271813 slli             x16, x14, 0x2       x16=00000000 x14:00000000
   1196ns             115 00000974 02050363 beq              x10, x0, 38         x10:00000000
   1226ns             118 0000099a 00170713 addi             x14, x14, 1         x14=00000001 x14:00000000
   1236ns             119 0000099c 00e7a223 sw               x14, 4(x15)         x14:00000001 x15:00002944  PA:00002948
   1246ns             120 0000099e 010787b3 add              x15, x15, x16       x15=00002944 x15:00002944 x16:00000000
   1256ns             121 000009a0 00b7a423 sw               x11, 8(x15)         x11:0000067c x15:00002944  PA:0000294c
   1266ns             122 000009a2 00000513 addi             x10, x0, 0          x10=00000000
   1276ns             123 000009a4 00008067 jalr             x0, x1, 0            x1:000001c4
   1296ns             125 000001c4 4ec000ef jal              x1, 1260             x1=000001c8
   1316ns             127 000006b0 ff010113 addi             x2, x2, -16          x2=00005070  x2:00005080
   1326ns             128 000006b2 00812423 sw               x8, 8(x2)            x8:00000000  x2:00005070  PA:00005078
   1336ns             129 000006b4 01212023 sw               x18, 0(x2)          x18:00000000  x2:00005070  PA:00005070
   1346ns             130 000006b6 00002437 lui              x8, 0x2000           x8=00002000
   1356ns             131 000006b8 00002937 lui              x18, 0x2000         x18=00002000
   1366ns             132 000006ba 7f240793 addi             x15, x8, 2034       x15=000027f2  x8:00002000
   1376ns             133 000006be 7f290913 addi             x18, x18, 2034      x18=000027f2 x18:00002000
   1386ns             134 000006c2 40f90933 sub              x18, x18, x15       x18=00000000 x18:000027f2 x15:000027f2
   1396ns             135 000006c6 00112623 sw               x1, 12(x2)           x1:000001c8  x2:00005070  PA:0000507c
   1406ns             136 000006c8 00912223 sw               x9, 4(x2)            x9:00000000  x2:00005070  PA:00005074
   1416ns             137 000006ca 40295913 srai             x18, x18, 0x402     x18=00000000 x18:00000000
   1426ns             138 000006ce 00090b63 beq              x18, x0, 22         x18:00000000
   1456ns             141 000006e4 00002437 lui              x8, 0x2000           x8=00002000
   1466ns             142 000006e6 00002937 lui              x18, 0x2000         x18=00002000
   1476ns             143 000006e8 7f440793 addi             x15, x8, 2036       x15=000027f4  x8:00002000
   1486ns             144 000006ec 7f890913 addi             x18, x18, 2040      x18=000027f8 x18:00002000
   1496ns             145 000006f0 40f90933 sub              x18, x18, x15       x18=00000004 x18:000027f8 x15:000027f4
   1506ns             146 000006f4 40295913 srai             x18, x18, 0x402     x18=00000001 x18:00000004
   1516ns             147 000006f8 00090b63 beq              x18, x0, 22         x18:00000001
   1526ns             148 000006fc 7f440413 addi             x8, x8, 2036         x8=000027f4  x8:00002000
   1536ns             149 00000700 00000493 addi             x9, x0, 0            x9=00000000
   1546ns             150 00000702 00042783 lw               x15, 0(x8)          x15=00000378  x8:000027f4  PA:000027f4
   1556ns             151 00000704 00148493 addi             x9, x9, 1            x9=00000001  x9:00000000
   1566ns             152 00000706 00440413 addi             x8, x8, 4            x8=000027f8  x8:000027f4
   1576ns             153 00000708 000780e7 jalr             x1, x15, 0           x1=0000070a x15:00000378
   1596ns             155 00000378 00000793 addi             x15, x0, 0          x15=00000000
   1606ns             156 0000037c 00078463 beq              x15, x0, 8          x15:00000000
   1636ns             159 00000384 00008067 jalr             x0, x1, 0            x1:0000070a
   1666ns             162 0000070a fe991ce3 bne              x18, x9, -8         x18:00000001  x9:00000001
   1676ns             163 0000070e 00c12083 lw               x1, 12(x2)           x1=000001c8  x2:00005070  PA:0000507c
   1686ns             164 00000710 00812403 lw               x8, 8(x2)            x8=00000000  x2:00005070  PA:00005078
   1696ns             165 00000712 00412483 lw               x9, 4(x2)            x9=00000000  x2:00005070  PA:00005074
   1706ns             166 00000714 00012903 lw               x18, 0(x2)          x18=00000000  x2:00005070  PA:00005070
   1716ns             167 00000716 01010113 addi             x2, x2, 16           x2=00005080  x2:00005070
   1726ns             168 00000718 00008067 jalr             x0, x1, 0            x1:000001c8
   1746ns             170 000001c8 00012503 lw               x10, 0(x2)          x10=xxxxxxxx  x2:00005080  PA:00005080
   1756ns             171 000001cc 00410593 addi             x11, x2, 4          x11=00005084  x2:00005080
   1766ns             172 000001d0 00000613 addi             x12, x0, 0          x12=00000000
   1776ns             173 000001d4 00c000ef jal              x1, 12               x1=000001d8
   1796ns             175 000001e0 000307b7 lui              x15, 0x30000        x15=00030000
   1806ns             176 000001e4 00500713 addi             x14, x0, 5          x14=00000005
   1816ns             177 000001e8 00e7a023 sw               x14, 0(x15)         x14:00000005 x15:00030000  PA:00030000
   1826ns             178 000001ec 00800713 addi             x14, x0, 8          x14=00000008
   1836ns             179 000001f0 00e7a223 sw               x14, 4(x15)         x14:00000008 x15:00030000  PA:00030004
   1846ns             180 000001f4 00400713 addi             x14, x0, 4          x14=00000004
   1856ns             181 000001f8 00e7a423 sw               x14, 8(x15)         x14:00000004 x15:00030000  PA:00030008
   1866ns             182 000001fc 00600713 addi             x14, x0, 6          x14=00000006
   1876ns             183 00000200 00e7a623 sw               x14, 12(x15)        x14:00000006 x15:00030000  PA:0003000c
   1886ns             184 00000204 00e7a823 sw               x14, 16(x15)        x14:00000006 x15:00030000  PA:00030010
   1896ns             185 00000208 02e7a023 sw               x14, 32(x15)        x14:00000006 x15:00030000  PA:00030020
   1906ns             186 0000020c 01400713 addi             x14, x0, 20         x14=00000014
   1916ns             187 00000210 02e7a823 sw               x14, 48(x15)        x14:00000014 x15:00030000  PA:00030030
   1926ns             188 00000214 05f00713 addi             x14, x0, 95         x14=0000005f
   1936ns             189 00000218 02e7aa23 sw               x14, 52(x15)        x14:0000005f x15:00030000  PA:00030034
   1946ns             190 0000021c 02300713 addi             x14, x0, 35         x14=00000023
   1956ns             191 00000220 02e7ac23 sw               x14, 56(x15)        x14:00000023 x15:00030000  PA:00030038
   1966ns             192 00000224 03200713 addi             x14, x0, 50         x14=00000032
   1976ns             193 00000228 00300693 addi             x13, x0, 3          x13=00000003
   1986ns             194 0000022c 04e7a023 sw               x14, 64(x15)        x14:00000032 x15:00030000  PA:00030040
   1996ns             195 00000230 02800713 addi             x14, x0, 40         x14=00000028
   2006ns             196 00000234 00d7aa23 sw               x13, 20(x15)        x13:00000003 x15:00030000  PA:00030014
   2016ns             197 00000238 00d7ac23 sw               x13, 24(x15)        x13:00000003 x15:00030000  PA:00030018
   2026ns             198 0000023c 04e7a223 sw               x14, 68(x15)        x14:00000028 x15:00030000  PA:00030044
   2036ns             199 00000240 00900693 addi             x13, x0, 9          x13=00000009
   2046ns             200 00000244 03c00713 addi             x14, x0, 60         x14=0000003c
   2056ns             201 00000248 80000e37 lui              x28, 0x80000000     x28=80000000
   2066ns             202 0000024c 00d7ae23 sw               x13, 28(x15)        x13:00000009 x15:00030000  PA:0003001c
   2076ns             203 00000250 04e7a423 sw               x14, 72(x15)        x14:0000003c x15:00030000  PA:00030048
   2086ns             204 00000254 0607a023 sw               x0, 96(x15)         x15:00030000  PA:00030060
   2096ns             205 00000258 00300f13 addi             x30, x0, 3          x30=00000003
   2106ns             206 0000025c fffe4e13 xori             x28, x28, -1        x28=7fffffff x28:80000000
   2116ns             207 00000260 00c00593 addi             x11, x0, 12         x11=0000000c
   2126ns             208 00000264 00300f93 addi             x31, x0, 3          x31=00000003
   2136ns             209 00000268 04078293 addi             x5, x15, 64          x5=00030040 x15:00030000
   2146ns             210 0000026c 00300e93 addi             x29, x0, 3          x29=00000003
   2156ns             211 00000270 0ec0006f jal              x0, 236            
   2176ns             213 0000035c 000e0613 addi             x12, x28, 0         x12=7fffffff x28:7fffffff
   2186ns             214 00000360 00000693 addi             x13, x0, 0          x13=00000000
   2196ns             215 00000364 f11ff06f jal              x0, -240           
   2216ns             217 00000274 02c7a223 sw               x12, 36(x15)        x12:7fffffff x15:00030000  PA:00030024
   2226ns             218 00000278 0007d61b lw_min           N10 x12, 0(x15)     x12=00000003 x15:00030000  PA:00030000
   2236ns             219 0000027c 00000693 addi             x13, x0, 0          x13=00000000
   2566ns             252 00000280 00000713 addi             x14, x0, 0          x14=00000000
   2576ns             253 00000284 02b70533 mul              x10, x14, x11       x10=00000000 x14:00000000 x11:0000000c
   2586ns             254 00000288 00a78533 add              x10, x15, x10       x10=00030000 x15:00030000 x10:00000000
   2596ns             255 0000028c 00052503 lw               x10, 0(x10)         x10=00000005 x10:00030000  PA:00030000
   2616ns             257 00000290 00c51c63 bne              x10, x12, 24        x10:00000005 x12:00000003
   2646ns             260 000002a8 02b70533 mul              x10, x14, x11       x10=00000000 x14:00000000 x11:0000000c
   2656ns             261 000002ac 00a78533 add              x10, x15, x10       x10=00030000 x15:00030000 x10:00000000
   2666ns             262 000002b0 00452503 lw               x10, 4(x10)         x10=00000008 x10:00030000  PA:00030004
   2686ns             264 000002b4 00c51c63 bne              x10, x12, 24        x10:00000008 x12:00000003
   2716ns             267 000002cc 02b70533 mul              x10, x14, x11       x10=00000000 x14:00000000 x11:0000000c
   2726ns             268 000002d0 00a78533 add              x10, x15, x10       x10=00030000 x15:00030000 x10:00000000
   2736ns             269 000002d4 00852503 lw               x10, 8(x10)         x10=00000004 x10:00030000  PA:00030008
   2756ns             271 000002d8 00c51c63 bne              x10, x12, 24        x10:00000004 x12:00000003
   2786ns             274 000002f0 00170713 addi             x14, x14, 1         x14=00000001 x14:00000000
   2796ns             275 000002f4 f9f718e3 bne              x14, x31, -112      x14:00000001 x31:00000003
   2826ns             278 00000284 02b70533 mul              x10, x14, x11       x10=0000000c x14:00000001 x11:0000000c
   2836ns             279 00000288 00a78533 add              x10, x15, x10       x10=0003000c x15:00030000 x10:0000000c
   2846ns             280 0000028c 00052503 lw               x10, 0(x10)         x10=00000006 x10:0003000c  PA:0003000c
   2866ns             282 00000290 00c51c63 bne              x10, x12, 24        x10:00000006 x12:00000003
   2896ns             285 000002a8 02b70533 mul              x10, x14, x11       x10=0000000c x14:00000001 x11:0000000c
   2906ns             286 000002ac 00a78533 add              x10, x15, x10       x10=0003000c x15:00030000 x10:0000000c
   2916ns             287 000002b0 00452503 lw               x10, 4(x10)         x10=00000006 x10:0003000c  PA:00030010
   2936ns             289 000002b4 00c51c63 bne              x10, x12, 24        x10:00000006 x12:00000003
   2966ns             292 000002cc 02b70533 mul              x10, x14, x11       x10=0000000c x14:00000001 x11:0000000c
   2976ns             293 000002d0 00a78533 add              x10, x15, x10       x10=0003000c x15:00030000 x10:0000000c
   2986ns             294 000002d4 00852503 lw               x10, 8(x10)         x10=00000003 x10:0003000c  PA:00030014
   3006ns             296 000002d8 00c51c63 bne              x10, x12, 24        x10:00000003 x12:00000003
   3016ns             297 000002dc 0387a503 lw               x10, 56(x15)        x10=00000023 x15:00030000  PA:00030038
   3036ns             299 000002e0 00d54863 blt              x10, x13, 16        x10:00000023 x13:00000000
   3046ns             300 000002e4 00050693 addi             x13, x10, 0         x13=00000023 x10:00000023
   3056ns             301 000002e8 00070893 addi             x17, x14, 0         x17=00000001 x14:00000001
   3066ns             302 000002ec 00200313 addi             x6, x0, 2            x6=00000002
   3076ns             303 000002f0 00170713 addi             x14, x14, 1         x14=00000002 x14:00000001
   3086ns             304 000002f4 f9f718e3 bne              x14, x31, -112      x14:00000002 x31:00000003
   3116ns             307 00000284 02b70533 mul              x10, x14, x11       x10=00000018 x14:00000002 x11:0000000c
   3126ns             308 00000288 00a78533 add              x10, x15, x10       x10=00030018 x15:00030000 x10:00000018
   3136ns             309 0000028c 00052503 lw               x10, 0(x10)         x10=00000003 x10:00030018  PA:00030018
   3156ns             311 00000290 00c51c63 bne              x10, x12, 24        x10:00000003 x12:00000003
   3166ns             312 00000294 0307a503 lw               x10, 48(x15)        x10=00000014 x15:00030000  PA:00030030
   3186ns             314 00000298 00d54863 blt              x10, x13, 16        x10:00000014 x13:00000023
   3216ns             317 000002a8 02b70533 mul              x10, x14, x11       x10=00000018 x14:00000002 x11:0000000c
   3226ns             318 000002ac 00a78533 add              x10, x15, x10       x10=00030018 x15:00030000 x10:00000018
   3236ns             319 000002b0 00452503 lw               x10, 4(x10)         x10=00000009 x10:00030018  PA:0003001c
   3256ns             321 000002b4 00c51c63 bne              x10, x12, 24        x10:00000009 x12:00000003
   3286ns             324 000002cc 02b70533 mul              x10, x14, x11       x10=00000018 x14:00000002 x11:0000000c
   3296ns             325 000002d0 00a78533 add              x10, x15, x10       x10=00030018 x15:00030000 x10:00000018
   3306ns             326 000002d4 00852503 lw               x10, 8(x10)         x10=00000006 x10:00030018  PA:00030020
   3326ns             328 000002d8 00c51c63 bne              x10, x12, 24        x10:00000006 x12:00000003
   3356ns             331 000002f0 00170713 addi             x14, x14, 1         x14=00000003 x14:00000002
   3366ns             332 000002f4 f9f718e3 bne              x14, x31, -112      x14:00000003 x31:00000003
   3376ns             333 000002f8 03078693 addi             x13, x15, 48        x13=00030030 x15:00030000
   3386ns             334 000002fc 00289513 slli             x10, x17, 0x2       x10=00000004 x17:00000001
   3396ns             335 00000300 00231713 slli             x14, x6, 0x2        x14=00000008  x6:00000002
   3406ns             336 00000304 00d70733 add              x14, x14, x13       x14=00030038 x14:00000008 x13:00030030
   3416ns             337 00000308 00550533 add              x10, x10, x5        x10=00030044 x10:00000004  x5:00030040
   3426ns             338 0000030c 00072803 lw               x16, 0(x14)         x16=00000023 x14:00030038  PA:00030038
   3436ns             339 00000310 00052683 lw               x13, 0(x10)         x13=00000028 x10:00030044  PA:00030044
   3456ns             341 00000314 00d85463 bge              x16, x13, 8         x16:00000023 x13:00000028
   3466ns             342 00000318 00080693 addi             x13, x16, 0         x13=00000023 x16:00000023
   3476ns             343 0000031c 40d80833 sub              x16, x16, x13       x16=00000000 x16:00000023 x13:00000023
   3486ns             344 00000320 01072023 sw               x16, 0(x14)         x16:00000000 x14:00030038  PA:00030038
   3496ns             345 00000324 00052703 lw               x14, 0(x10)         x14=00000028 x10:00030044  PA:00030044
   3506ns             346 00000328 fffe8e93 addi             x29, x29, -1        x29=00000002 x29:00000003
   3516ns             347 0000032c 40d70733 sub              x14, x14, x13       x14=00000005 x14:00000028 x13:00000023
   3526ns             348 00000330 00e52023 sw               x14, 0(x10)         x14:00000005 x10:00030044  PA:00030044
   3536ns             349 00000334 03f88733 mul              x14, x17, x31       x14=00000003 x17:00000001 x31:00000003
   3546ns             350 00000338 00670733 add              x14, x14, x6        x14=00000005 x14:00000003  x6:00000002
   3556ns             351 0000033c 02c686b3 mul              x13, x13, x12       x13=00000069 x13:00000023 x12:00000003
   3566ns             352 00000340 00271713 slli             x14, x14, 0x2       x14=00000014 x14:00000005
   3576ns             353 00000344 00e78733 add              x14, x15, x14       x14=00030014 x15:00030000 x14:00000014
   3586ns             354 00000348 01c7303b sw_or            N-x0 x28, 0(x14)    x28:7fffffff x14:00030014  PA:00030014
   3596ns             355 0000034c 0607a703 lw               x14, 96(x15)        x14=00000000 x15:00030000  PA:00030060
   3616ns             357 00000350 00d706b3 add              x13, x14, x13       x13=00000069 x14:00000000 x13:00000069
   3626ns             358 00000354 06d7a023 sw               x13, 96(x15)        x13:00000069 x15:00030000  PA:00030060
   3636ns             359 00000358 000e8863 beq              x29, x0, 16         x29:00000002
   3646ns             360 0000035c 000e0613 addi             x12, x28, 0         x12=7fffffff x28:7fffffff
   3656ns             361 00000360 00000693 addi             x13, x0, 0          x13=00000000
   3666ns             362 00000364 f11ff06f jal              x0, -240           
   3686ns             364 00000274 02c7a223 sw               x12, 36(x15)        x12:7fffffff x15:00030000  PA:00030024
   3696ns             365 00000278 0007d61b lw_min           N10 x12, 0(x15)     x12=00000003 x15:00030000  PA:00030000
   3706ns             366 0000027c 00000693 addi             x13, x0, 0          x13=00000000
   4036ns             399 00000280 00000713 addi             x14, x0, 0          x14=00000000
   4046ns             400 00000284 02b70533 mul              x10, x14, x11       x10=00000000 x14:00000000 x11:0000000c
   4056ns             401 00000288 00a78533 add              x10, x15, x10       x10=00030000 x15:00030000 x10:00000000
   4066ns             402 0000028c 00052503 lw               x10, 0(x10)         x10=00000005 x10:00030000  PA:00030000
   4086ns             404 00000290 00c51c63 bne              x10, x12, 24        x10:00000005 x12:00000003
   4116ns             407 000002a8 02b70533 mul              x10, x14, x11       x10=00000000 x14:00000000 x11:0000000c
   4126ns             408 000002ac 00a78533 add              x10, x15, x10       x10=00030000 x15:00030000 x10:00000000
   4136ns             409 000002b0 00452503 lw               x10, 4(x10)         x10=00000008 x10:00030000  PA:00030004
   4156ns             411 000002b4 00c51c63 bne              x10, x12, 24        x10:00000008 x12:00000003
   4186ns             414 000002cc 02b70533 mul              x10, x14, x11       x10=00000000 x14:00000000 x11:0000000c
   4196ns             415 000002d0 00a78533 add              x10, x15, x10       x10=00030000 x15:00030000 x10:00000000
   4206ns             416 000002d4 00852503 lw               x10, 8(x10)         x10=00000004 x10:00030000  PA:00030008
   4226ns             418 000002d8 00c51c63 bne              x10, x12, 24        x10:00000004 x12:00000003
   4256ns             421 000002f0 00170713 addi             x14, x14, 1         x14=00000001 x14:00000000
   4266ns             422 000002f4 f9f718e3 bne              x14, x31, -112      x14:00000001 x31:00000003
   4296ns             425 00000284 02b70533 mul              x10, x14, x11       x10=0000000c x14:00000001 x11:0000000c
   4306ns             426 00000288 00a78533 add              x10, x15, x10       x10=0003000c x15:00030000 x10:0000000c
   4316ns             427 0000028c 00052503 lw               x10, 0(x10)         x10=00000006 x10:0003000c  PA:0003000c
   4336ns             429 00000290 00c51c63 bne              x10, x12, 24        x10:00000006 x12:00000003
   4366ns             432 000002a8 02b70533 mul              x10, x14, x11       x10=0000000c x14:00000001 x11:0000000c
   4376ns             433 000002ac 00a78533 add              x10, x15, x10       x10=0003000c x15:00030000 x10:0000000c
   4386ns             434 000002b0 00452503 lw               x10, 4(x10)         x10=00000006 x10:0003000c  PA:00030010
   4406ns             436 000002b4 00c51c63 bne              x10, x12, 24        x10:00000006 x12:00000003
   4436ns             439 000002cc 02b70533 mul              x10, x14, x11       x10=0000000c x14:00000001 x11:0000000c
   4446ns             440 000002d0 00a78533 add              x10, x15, x10       x10=0003000c x15:00030000 x10:0000000c
   4456ns             441 000002d4 00852503 lw               x10, 8(x10)         x10=7fffffff x10:0003000c  PA:00030014
   4476ns             443 000002d8 00c51c63 bne              x10, x12, 24        x10:7fffffff x12:00000003
   4506ns             446 000002f0 00170713 addi             x14, x14, 1         x14=00000002 x14:00000001
   4516ns             447 000002f4 f9f718e3 bne              x14, x31, -112      x14:00000002 x31:00000003
   4546ns             450 00000284 02b70533 mul              x10, x14, x11       x10=00000018 x14:00000002 x11:0000000c
   4556ns             451 00000288 00a78533 add              x10, x15, x10       x10=00030018 x15:00030000 x10:00000018
   4566ns             452 0000028c 00052503 lw               x10, 0(x10)         x10=00000003 x10:00030018  PA:00030018
   4586ns             454 00000290 00c51c63 bne              x10, x12, 24        x10:00000003 x12:00000003
   4596ns             455 00000294 0307a503 lw               x10, 48(x15)        x10=00000014 x15:00030000  PA:00030030
   4616ns             457 00000298 00d54863 blt              x10, x13, 16        x10:00000014 x13:00000000
   4626ns             458 0000029c 00050693 addi             x13, x10, 0         x13=00000014 x10:00000014
   4636ns             459 000002a0 00070893 addi             x17, x14, 0         x17=00000002 x14:00000002
   4646ns             460 000002a4 00000313 addi             x6, x0, 0            x6=00000000
   4656ns             461 000002a8 02b70533 mul              x10, x14, x11       x10=00000018 x14:00000002 x11:0000000c
   4666ns             462 000002ac 00a78533 add              x10, x15, x10       x10=00030018 x15:00030000 x10:00000018
   4676ns             463 000002b0 00452503 lw               x10, 4(x10)         x10=00000009 x10:00030018  PA:0003001c
   4696ns             465 000002b4 00c51c63 bne              x10, x12, 24        x10:00000009 x12:00000003
   4726ns             468 000002cc 02b70533 mul              x10, x14, x11       x10=00000018 x14:00000002 x11:0000000c
   4736ns             469 000002d0 00a78533 add              x10, x15, x10       x10=00030018 x15:00030000 x10:00000018
   4746ns             470 000002d4 00852503 lw               x10, 8(x10)         x10=00000006 x10:00030018  PA:00030020
   4766ns             472 000002d8 00c51c63 bne              x10, x12, 24        x10:00000006 x12:00000003
   4796ns             475 000002f0 00170713 addi             x14, x14, 1         x14=00000003 x14:00000002
   4806ns             476 000002f4 f9f718e3 bne              x14, x31, -112      x14:00000003 x31:00000003
   4816ns             477 000002f8 03078693 addi             x13, x15, 48        x13=00030030 x15:00030000
   4826ns             478 000002fc 00289513 slli             x10, x17, 0x2       x10=00000008 x17:00000002
   4836ns             479 00000300 00231713 slli             x14, x6, 0x2        x14=00000000  x6:00000000
   4846ns             480 00000304 00d70733 add              x14, x14, x13       x14=00030030 x14:00000000 x13:00030030
   4856ns             481 00000308 00550533 add              x10, x10, x5        x10=00030048 x10:00000008  x5:00030040
   4866ns             482 0000030c 00072803 lw               x16, 0(x14)         x16=00000014 x14:00030030  PA:00030030
   4876ns             483 00000310 00052683 lw               x13, 0(x10)         x13=0000003c x10:00030048  PA:00030048
   4896ns             485 00000314 00d85463 bge              x16, x13, 8         x16:00000014 x13:0000003c
   4906ns             486 00000318 00080693 addi             x13, x16, 0         x13=00000014 x16:00000014
   4916ns             487 0000031c 40d80833 sub              x16, x16, x13       x16=00000000 x16:00000014 x13:00000014
   4926ns             488 00000320 01072023 sw               x16, 0(x14)         x16:00000000 x14:00030030  PA:00030030
   4936ns             489 00000324 00052703 lw               x14, 0(x10)         x14=0000003c x10:00030048  PA:00030048
   4946ns             490 00000328 fffe8e93 addi             x29, x29, -1        x29=00000001 x29:00000002
   4956ns             491 0000032c 40d70733 sub              x14, x14, x13       x14=00000028 x14:0000003c x13:00000014
   4966ns             492 00000330 00e52023 sw               x14, 0(x10)         x14:00000028 x10:00030048  PA:00030048
   4976ns             493 00000334 03f88733 mul              x14, x17, x31       x14=00000006 x17:00000002 x31:00000003
   4986ns             494 00000338 00670733 add              x14, x14, x6        x14=00000006 x14:00000006  x6:00000000
   4996ns             495 0000033c 02c686b3 mul              x13, x13, x12       x13=0000003c x13:00000014 x12:00000003
   5006ns             496 00000340 00271713 slli             x14, x14, 0x2       x14=00000018 x14:00000006
   5016ns             497 00000344 00e78733 add              x14, x15, x14       x14=00030018 x15:00030000 x14:00000018
   5026ns             498 00000348 01c7303b sw_or            N-x0 x28, 0(x14)    x28:7fffffff x14:00030018  PA:00030018
   5036ns             499 0000034c 0607a703 lw               x14, 96(x15)        x14=00000069 x15:00030000  PA:00030060
   5056ns             501 00000350 00d706b3 add              x13, x14, x13       x13=000000a5 x14:00000069 x13:0000003c
   5066ns             502 00000354 06d7a023 sw               x13, 96(x15)        x13:000000a5 x15:00030000  PA:00030060
   5076ns             503 00000358 000e8863 beq              x29, x0, 16         x29:00000001
   5086ns             504 0000035c 000e0613 addi             x12, x28, 0         x12=7fffffff x28:7fffffff
   5096ns             505 00000360 00000693 addi             x13, x0, 0          x13=00000000
   5106ns             506 00000364 f11ff06f jal              x0, -240           
   5126ns             508 00000274 02c7a223 sw               x12, 36(x15)        x12:7fffffff x15:00030000  PA:00030024
   5136ns             509 00000278 0007d61b lw_min           N10 x12, 0(x15)     x12=00000004 x15:00030000  PA:00030000
   5146ns             510 0000027c 00000693 addi             x13, x0, 0          x13=00000000
   5476ns             543 00000280 00000713 addi             x14, x0, 0          x14=00000000
   5486ns             544 00000284 02b70533 mul              x10, x14, x11       x10=00000000 x14:00000000 x11:0000000c
   5496ns             545 00000288 00a78533 add              x10, x15, x10       x10=00030000 x15:00030000 x10:00000000
   5506ns             546 0000028c 00052503 lw               x10, 0(x10)         x10=00000005 x10:00030000  PA:00030000
   5526ns             548 00000290 00c51c63 bne              x10, x12, 24        x10:00000005 x12:00000004
   5556ns             551 000002a8 02b70533 mul              x10, x14, x11       x10=00000000 x14:00000000 x11:0000000c
   5566ns             552 000002ac 00a78533 add              x10, x15, x10       x10=00030000 x15:00030000 x10:00000000
   5576ns             553 000002b0 00452503 lw               x10, 4(x10)         x10=00000008 x10:00030000  PA:00030004
   5596ns             555 000002b4 00c51c63 bne              x10, x12, 24        x10:00000008 x12:00000004
   5626ns             558 000002cc 02b70533 mul              x10, x14, x11       x10=00000000 x14:00000000 x11:0000000c
   5636ns             559 000002d0 00a78533 add              x10, x15, x10       x10=00030000 x15:00030000 x10:00000000
   5646ns             560 000002d4 00852503 lw               x10, 8(x10)         x10=00000004 x10:00030000  PA:00030008
   5666ns             562 000002d8 00c51c63 bne              x10, x12, 24        x10:00000004 x12:00000004
   5676ns             563 000002dc 0387a503 lw               x10, 56(x15)        x10=00000000 x15:00030000  PA:00030038
   5696ns             565 000002e0 00d54863 blt              x10, x13, 16        x10:00000000 x13:00000000
   5706ns             566 000002e4 00050693 addi             x13, x10, 0         x13=00000000 x10:00000000
   5716ns             567 000002e8 00070893 addi             x17, x14, 0         x17=00000000 x14:00000000
   5726ns             568 000002ec 00200313 addi             x6, x0, 2            x6=00000002
   5736ns             569 000002f0 00170713 addi             x14, x14, 1         x14=00000001 x14:00000000
   5746ns             570 000002f4 f9f718e3 bne              x14, x31, -112      x14:00000001 x31:00000003
   5776ns             573 00000284 02b70533 mul              x10, x14, x11       x10=0000000c x14:00000001 x11:0000000c
   5786ns             574 00000288 00a78533 add              x10, x15, x10       x10=0003000c x15:00030000 x10:0000000c
   5796ns             575 0000028c 00052503 lw               x10, 0(x10)         x10=00000006 x10:0003000c  PA:0003000c
   5816ns             577 00000290 00c51c63 bne              x10, x12, 24        x10:00000006 x12:00000004
   5846ns             580 000002a8 02b70533 mul              x10, x14, x11       x10=0000000c x14:00000001 x11:0000000c
   5856ns             581 000002ac 00a78533 add              x10, x15, x10       x10=0003000c x15:00030000 x10:0000000c
   5866ns             582 000002b0 00452503 lw               x10, 4(x10)         x10=00000006 x10:0003000c  PA:00030010
   5886ns             584 000002b4 00c51c63 bne              x10, x12, 24        x10:00000006 x12:00000004
   5916ns             587 000002cc 02b70533 mul              x10, x14, x11       x10=0000000c x14:00000001 x11:0000000c
   5926ns             588 000002d0 00a78533 add              x10, x15, x10       x10=0003000c x15:00030000 x10:0000000c
   5936ns             589 000002d4 00852503 lw               x10, 8(x10)         x10=7fffffff x10:0003000c  PA:00030014
   5956ns             591 000002d8 00c51c63 bne              x10, x12, 24        x10:7fffffff x12:00000004
   5986ns             594 000002f0 00170713 addi             x14, x14, 1         x14=00000002 x14:00000001
   5996ns             595 000002f4 f9f718e3 bne              x14, x31, -112      x14:00000002 x31:00000003
   6026ns             598 00000284 02b70533 mul              x10, x14, x11       x10=00000018 x14:00000002 x11:0000000c
   6036ns             599 00000288 00a78533 add              x10, x15, x10       x10=00030018 x15:00030000 x10:00000018
   6046ns             600 0000028c 00052503 lw               x10, 0(x10)         x10=7fffffff x10:00030018  PA:00030018
   6066ns             602 00000290 00c51c63 bne              x10, x12, 24        x10:7fffffff x12:00000004
   6096ns             605 000002a8 02b70533 mul              x10, x14, x11       x10=00000018 x14:00000002 x11:0000000c
   6106ns             606 000002ac 00a78533 add              x10, x15, x10       x10=00030018 x15:00030000 x10:00000018
   6116ns             607 000002b0 00452503 lw               x10, 4(x10)         x10=00000009 x10:00030018  PA:0003001c
   6136ns             609 000002b4 00c51c63 bne              x10, x12, 24        x10:00000009 x12:00000004
   6166ns             612 000002cc 02b70533 mul              x10, x14, x11       x10=00000018 x14:00000002 x11:0000000c
   6176ns             613 000002d0 00a78533 add              x10, x15, x10       x10=00030018 x15:00030000 x10:00000018
   6186ns             614 000002d4 00852503 lw               x10, 8(x10)         x10=00000006 x10:00030018  PA:00030020
   6206ns             616 000002d8 00c51c63 bne              x10, x12, 24        x10:00000006 x12:00000004
   6236ns             619 000002f0 00170713 addi             x14, x14, 1         x14=00000003 x14:00000002
   6246ns             620 000002f4 f9f718e3 bne              x14, x31, -112      x14:00000003 x31:00000003
   6256ns             621 000002f8 03078693 addi             x13, x15, 48        x13=00030030 x15:00030000
   6266ns             622 000002fc 00289513 slli             x10, x17, 0x2       x10=00000000 x17:00000000
   6276ns             623 00000300 00231713 slli             x14, x6, 0x2        x14=00000008  x6:00000002
   6286ns             624 00000304 00d70733 add              x14, x14, x13       x14=00030038 x14:00000008 x13:00030030
   6296ns             625 00000308 00550533 add              x10, x10, x5        x10=00030040 x10:00000000  x5:00030040
   6306ns             626 0000030c 00072803 lw               x16, 0(x14)         x16=00000000 x14:00030038  PA:00030038
   6316ns             627 00000310 00052683 lw               x13, 0(x10)         x13=00000032 x10:00030040  PA:00030040
   6336ns             629 00000314 00d85463 bge              x16, x13, 8         x16:00000000 x13:00000032
   6346ns             630 00000318 00080693 addi             x13, x16, 0         x13=00000000 x16:00000000
   6356ns             631 0000031c 40d80833 sub              x16, x16, x13       x16=00000000 x16:00000000 x13:00000000
   6366ns             632 00000320 01072023 sw               x16, 0(x14)         x16:00000000 x14:00030038  PA:00030038
   6376ns             633 00000324 00052703 lw               x14, 0(x10)         x14=00000032 x10:00030040  PA:00030040
   6386ns             634 00000328 fffe8e93 addi             x29, x29, -1        x29=00000000 x29:00000001
   6396ns             635 0000032c 40d70733 sub              x14, x14, x13       x14=00000032 x14:00000032 x13:00000000
   6406ns             636 00000330 00e52023 sw               x14, 0(x10)         x14:00000032 x10:00030040  PA:00030040
   6416ns             637 00000334 03f88733 mul              x14, x17, x31       x14=00000000 x17:00000000 x31:00000003
   6426ns             638 00000338 00670733 add              x14, x14, x6        x14=00000002 x14:00000000  x6:00000002
   6436ns             639 0000033c 02c686b3 mul              x13, x13, x12       x13=00000000 x13:00000000 x12:00000004
   6446ns             640 00000340 00271713 slli             x14, x14, 0x2       x14=00000008 x14:00000002
   6456ns             641 00000344 00e78733 add              x14, x15, x14       x14=00030008 x15:00030000 x14:00000008
   6466ns             642 00000348 01c7303b sw_or            N-x0 x28, 0(x14)    x28:7fffffff x14:00030008  PA:00030008
   6476ns             643 0000034c 0607a703 lw               x14, 96(x15)        x14=000000a5 x15:00030000  PA:00030060
   6496ns             645 00000350 00d706b3 add              x13, x14, x13       x13=000000a5 x14:000000a5 x13:00000000
   6506ns             646 00000354 06d7a023 sw               x13, 96(x15)        x13:000000a5 x15:00030000  PA:00030060
   6516ns             647 00000358 000e8863 beq              x29, x0, 16         x29:00000000
   6546ns             650 00000368 ffff0f13 addi             x30, x30, -1        x30=00000002 x30:00000003
   6556ns             651 0000036c f10f10e3 bne              x30, x16, -256      x30:00000002 x16:00000000
   6586ns             654 0000026c 00300e93 addi             x29, x0, 3          x29=00000003
   6596ns             655 00000270 0ec0006f jal              x0, 236            
   6616ns             657 0000035c 000e0613 addi             x12, x28, 0         x12=7fffffff x28:7fffffff
   6626ns             658 00000360 00000693 addi             x13, x0, 0          x13=00000000
   6636ns             659 00000364 f11ff06f jal              x0, -240           
   6656ns             661 00000274 02c7a223 sw               x12, 36(x15)        x12:7fffffff x15:00030000  PA:00030024
   6666ns             662 00000278 0007d61b lw_min           N10 x12, 0(x15)     x12=00000005 x15:00030000  PA:00030000
   6676ns             663 0000027c 00000693 addi             x13, x0, 0          x13=00000000
   7006ns             696 00000280 00000713 addi             x14, x0, 0          x14=00000000
   7016ns             697 00000284 02b70533 mul              x10, x14, x11       x10=00000000 x14:00000000 x11:0000000c
   7026ns             698 00000288 00a78533 add              x10, x15, x10       x10=00030000 x15:00030000 x10:00000000
   7036ns             699 0000028c 00052503 lw               x10, 0(x10)         x10=00000005 x10:00030000  PA:00030000
   7056ns             701 00000290 00c51c63 bne              x10, x12, 24        x10:00000005 x12:00000005
   7066ns             702 00000294 0307a503 lw               x10, 48(x15)        x10=00000000 x15:00030000  PA:00030030
   7086ns             704 00000298 00d54863 blt              x10, x13, 16        x10:00000000 x13:00000000
   7096ns             705 0000029c 00050693 addi             x13, x10, 0         x13=00000000 x10:00000000
   7106ns             706 000002a0 00070893 addi             x17, x14, 0         x17=00000000 x14:00000000
   7116ns             707 000002a4 00000313 addi             x6, x0, 0            x6=00000000
   7126ns             708 000002a8 02b70533 mul              x10, x14, x11       x10=00000000 x14:00000000 x11:0000000c
   7136ns             709 000002ac 00a78533 add              x10, x15, x10       x10=00030000 x15:00030000 x10:00000000
   7146ns             710 000002b0 00452503 lw               x10, 4(x10)         x10=00000008 x10:00030000  PA:00030004
   7166ns             712 000002b4 00c51c63 bne              x10, x12, 24        x10:00000008 x12:00000005
   7196ns             715 000002cc 02b70533 mul              x10, x14, x11       x10=00000000 x14:00000000 x11:0000000c
   7206ns             716 000002d0 00a78533 add              x10, x15, x10       x10=00030000 x15:00030000 x10:00000000
   7216ns             717 000002d4 00852503 lw               x10, 8(x10)         x10=7fffffff x10:00030000  PA:00030008
   7236ns             719 000002d8 00c51c63 bne              x10, x12, 24        x10:7fffffff x12:00000005
   7266ns             722 000002f0 00170713 addi             x14, x14, 1         x14=00000001 x14:00000000
   7276ns             723 000002f4 f9f718e3 bne              x14, x31, -112      x14:00000001 x31:00000003
   7306ns             726 00000284 02b70533 mul              x10, x14, x11       x10=0000000c x14:00000001 x11:0000000c
   7316ns             727 00000288 00a78533 add              x10, x15, x10       x10=0003000c x15:00030000 x10:0000000c
   7326ns             728 0000028c 00052503 lw               x10, 0(x10)         x10=00000006 x10:0003000c  PA:0003000c
   7346ns             730 00000290 00c51c63 bne              x10, x12, 24        x10:00000006 x12:00000005
   7376ns             733 000002a8 02b70533 mul              x10, x14, x11       x10=0000000c x14:00000001 x11:0000000c
   7386ns             734 000002ac 00a78533 add              x10, x15, x10       x10=0003000c x15:00030000 x10:0000000c
   7396ns             735 000002b0 00452503 lw               x10, 4(x10)         x10=00000006 x10:0003000c  PA:00030010
   7416ns             737 000002b4 00c51c63 bne              x10, x12, 24        x10:00000006 x12:00000005
   7446ns             740 000002cc 02b70533 mul              x10, x14, x11       x10=0000000c x14:00000001 x11:0000000c
   7456ns             741 000002d0 00a78533 add              x10, x15, x10       x10=0003000c x15:00030000 x10:0000000c
   7466ns             742 000002d4 00852503 lw               x10, 8(x10)         x10=7fffffff x10:0003000c  PA:00030014
   7486ns             744 000002d8 00c51c63 bne              x10, x12, 24        x10:7fffffff x12:00000005
   7516ns             747 000002f0 00170713 addi             x14, x14, 1         x14=00000002 x14:00000001
   7526ns             748 000002f4 f9f718e3 bne              x14, x31, -112      x14:00000002 x31:00000003
   7556ns             751 00000284 02b70533 mul              x10, x14, x11       x10=00000018 x14:00000002 x11:0000000c
   7566ns             752 00000288 00a78533 add              x10, x15, x10       x10=00030018 x15:00030000 x10:00000018
   7576ns             753 0000028c 00052503 lw               x10, 0(x10)         x10=7fffffff x10:00030018  PA:00030018
   7596ns             755 00000290 00c51c63 bne              x10, x12, 24        x10:7fffffff x12:00000005
   7626ns             758 000002a8 02b70533 mul              x10, x14, x11       x10=00000018 x14:00000002 x11:0000000c
   7636ns             759 000002ac 00a78533 add              x10, x15, x10       x10=00030018 x15:00030000 x10:00000018
   7646ns             760 000002b0 00452503 lw               x10, 4(x10)         x10=00000009 x10:00030018  PA:0003001c
   7666ns             762 000002b4 00c51c63 bne              x10, x12, 24        x10:00000009 x12:00000005
   7696ns             765 000002cc 02b70533 mul              x10, x14, x11       x10=00000018 x14:00000002 x11:0000000c
   7706ns             766 000002d0 00a78533 add              x10, x15, x10       x10=00030018 x15:00030000 x10:00000018
   7716ns             767 000002d4 00852503 lw               x10, 8(x10)         x10=00000006 x10:00030018  PA:00030020
   7736ns             769 000002d8 00c51c63 bne              x10, x12, 24        x10:00000006 x12:00000005
   7766ns             772 000002f0 00170713 addi             x14, x14, 1         x14=00000003 x14:00000002
   7776ns             773 000002f4 f9f718e3 bne              x14, x31, -112      x14:00000003 x31:00000003
   7786ns             774 000002f8 03078693 addi             x13, x15, 48        x13=00030030 x15:00030000
   7796ns             775 000002fc 00289513 slli             x10, x17, 0x2       x10=00000000 x17:00000000
   7806ns             776 00000300 00231713 slli             x14, x6, 0x2        x14=00000000  x6:00000000
   7816ns             777 00000304 00d70733 add              x14, x14, x13       x14=00030030 x14:00000000 x13:00030030
   7826ns             778 00000308 00550533 add              x10, x10, x5        x10=00030040 x10:00000000  x5:00030040
   7836ns             779 0000030c 00072803 lw               x16, 0(x14)         x16=00000000 x14:00030030  PA:00030030
   7846ns             780 00000310 00052683 lw               x13, 0(x10)         x13=00000032 x10:00030040  PA:00030040
   7866ns             782 00000314 00d85463 bge              x16, x13, 8         x16:00000000 x13:00000032
   7876ns             783 00000318 00080693 addi             x13, x16, 0         x13=00000000 x16:00000000
   7886ns             784 0000031c 40d80833 sub              x16, x16, x13       x16=00000000 x16:00000000 x13:00000000
   7896ns             785 00000320 01072023 sw               x16, 0(x14)         x16:00000000 x14:00030030  PA:00030030
   7906ns             786 00000324 00052703 lw               x14, 0(x10)         x14=00000032 x10:00030040  PA:00030040
   7916ns             787 00000328 fffe8e93 addi             x29, x29, -1        x29=00000002 x29:00000003
   7926ns             788 0000032c 40d70733 sub              x14, x14, x13       x14=00000032 x14:00000032 x13:00000000
   7936ns             789 00000330 00e52023 sw               x14, 0(x10)         x14:00000032 x10:00030040  PA:00030040
   7946ns             790 00000334 03f88733 mul              x14, x17, x31       x14=00000000 x17:00000000 x31:00000003
   7956ns             791 00000338 00670733 add              x14, x14, x6        x14=00000000 x14:00000000  x6:00000000
   7966ns             792 0000033c 02c686b3 mul              x13, x13, x12       x13=00000000 x13:00000000 x12:00000005
   7976ns             793 00000340 00271713 slli             x14, x14, 0x2       x14=00000000 x14:00000000
   7986ns             794 00000344 00e78733 add              x14, x15, x14       x14=00030000 x15:00030000 x14:00000000
   7996ns             795 00000348 01c7303b sw_or            N-x0 x28, 0(x14)    x28:7fffffff x14:00030000  PA:00030000
   8006ns             796 0000034c 0607a703 lw               x14, 96(x15)        x14=000000a5 x15:00030000  PA:00030060
   8026ns             798 00000350 00d706b3 add              x13, x14, x13       x13=000000a5 x14:000000a5 x13:00000000
   8036ns             799 00000354 06d7a023 sw               x13, 96(x15)        x13:000000a5 x15:00030000  PA:00030060
   8046ns             800 00000358 000e8863 beq              x29, x0, 16         x29:00000002
   8056ns             801 0000035c 000e0613 addi             x12, x28, 0         x12=7fffffff x28:7fffffff
   8066ns             802 00000360 00000693 addi             x13, x0, 0          x13=00000000
   8076ns             803 00000364 f11ff06f jal              x0, -240           
   8096ns             805 00000274 02c7a223 sw               x12, 36(x15)        x12:7fffffff x15:00030000  PA:00030024
   8106ns             806 00000278 0007d61b lw_min           N10 x12, 0(x15)     x12=00000006 x15:00030000  PA:00030000
   8116ns             807 0000027c 00000693 addi             x13, x0, 0          x13=00000000
   8446ns             840 00000280 00000713 addi             x14, x0, 0          x14=00000000
   8456ns             841 00000284 02b70533 mul              x10, x14, x11       x10=00000000 x14:00000000 x11:0000000c
   8466ns             842 00000288 00a78533 add              x10, x15, x10       x10=00030000 x15:00030000 x10:00000000
   8476ns             843 0000028c 00052503 lw               x10, 0(x10)         x10=7fffffff x10:00030000  PA:00030000
   8496ns             845 00000290 00c51c63 bne              x10, x12, 24        x10:7fffffff x12:00000006
   8526ns             848 000002a8 02b70533 mul              x10, x14, x11       x10=00000000 x14:00000000 x11:0000000c
   8536ns             849 000002ac 00a78533 add              x10, x15, x10       x10=00030000 x15:00030000 x10:00000000
   8546ns             850 000002b0 00452503 lw               x10, 4(x10)         x10=00000008 x10:00030000  PA:00030004
   8566ns             852 000002b4 00c51c63 bne              x10, x12, 24        x10:00000008 x12:00000006
   8596ns             855 000002cc 02b70533 mul              x10, x14, x11       x10=00000000 x14:00000000 x11:0000000c
   8606ns             856 000002d0 00a78533 add              x10, x15, x10       x10=00030000 x15:00030000 x10:00000000
   8616ns             857 000002d4 00852503 lw               x10, 8(x10)         x10=7fffffff x10:00030000  PA:00030008
   8636ns             859 000002d8 00c51c63 bne              x10, x12, 24        x10:7fffffff x12:00000006
   8666ns             862 000002f0 00170713 addi             x14, x14, 1         x14=00000001 x14:00000000
   8676ns             863 000002f4 f9f718e3 bne              x14, x31, -112      x14:00000001 x31:00000003
   8706ns             866 00000284 02b70533 mul              x10, x14, x11       x10=0000000c x14:00000001 x11:0000000c
   8716ns             867 00000288 00a78533 add              x10, x15, x10       x10=0003000c x15:00030000 x10:0000000c
   8726ns             868 0000028c 00052503 lw               x10, 0(x10)         x10=00000006 x10:0003000c  PA:0003000c
   8746ns             870 00000290 00c51c63 bne              x10, x12, 24        x10:00000006 x12:00000006
   8756ns             871 00000294 0307a503 lw               x10, 48(x15)        x10=00000000 x15:00030000  PA:00030030
   8776ns             873 00000298 00d54863 blt              x10, x13, 16        x10:00000000 x13:00000000
   8786ns             874 0000029c 00050693 addi             x13, x10, 0         x13=00000000 x10:00000000
   8796ns             875 000002a0 00070893 addi             x17, x14, 0         x17=00000001 x14:00000001
   8806ns             876 000002a4 00000313 addi             x6, x0, 0            x6=00000000
   8816ns             877 000002a8 02b70533 mul              x10, x14, x11       x10=0000000c x14:00000001 x11:0000000c
   8826ns             878 000002ac 00a78533 add              x10, x15, x10       x10=0003000c x15:00030000 x10:0000000c
   8836ns             879 000002b0 00452503 lw               x10, 4(x10)         x10=00000006 x10:0003000c  PA:00030010
   8856ns             881 000002b4 00c51c63 bne              x10, x12, 24        x10:00000006 x12:00000006
   8866ns             882 000002b8 0347a503 lw               x10, 52(x15)        x10=0000005f x15:00030000  PA:00030034
   8886ns             884 000002bc 00d54863 blt              x10, x13, 16        x10:0000005f x13:00000000
   8896ns             885 000002c0 00050693 addi             x13, x10, 0         x13=0000005f x10:0000005f
   8906ns             886 000002c4 00070893 addi             x17, x14, 0         x17=00000001 x14:00000001
   8916ns             887 000002c8 00100313 addi             x6, x0, 1            x6=00000001
   8926ns             888 000002cc 02b70533 mul              x10, x14, x11       x10=0000000c x14:00000001 x11:0000000c
   8936ns             889 000002d0 00a78533 add              x10, x15, x10       x10=0003000c x15:00030000 x10:0000000c
   8946ns             890 000002d4 00852503 lw               x10, 8(x10)         x10=7fffffff x10:0003000c  PA:00030014
   8966ns             892 000002d8 00c51c63 bne              x10, x12, 24        x10:7fffffff x12:00000006
   8996ns             895 000002f0 00170713 addi             x14, x14, 1         x14=00000002 x14:00000001
   9006ns             896 000002f4 f9f718e3 bne              x14, x31, -112      x14:00000002 x31:00000003
   9036ns             899 00000284 02b70533 mul              x10, x14, x11       x10=00000018 x14:00000002 x11:0000000c
   9046ns             900 00000288 00a78533 add              x10, x15, x10       x10=00030018 x15:00030000 x10:00000018
   9056ns             901 0000028c 00052503 lw               x10, 0(x10)         x10=7fffffff x10:00030018  PA:00030018
   9076ns             903 00000290 00c51c63 bne              x10, x12, 24        x10:7fffffff x12:00000006
   9106ns             906 000002a8 02b70533 mul              x10, x14, x11       x10=00000018 x14:00000002 x11:0000000c
   9116ns             907 000002ac 00a78533 add              x10, x15, x10       x10=00030018 x15:00030000 x10:00000018
   9126ns             908 000002b0 00452503 lw               x10, 4(x10)         x10=00000009 x10:00030018  PA:0003001c
   9146ns             910 000002b4 00c51c63 bne              x10, x12, 24        x10:00000009 x12:00000006
   9176ns             913 000002cc 02b70533 mul              x10, x14, x11       x10=00000018 x14:00000002 x11:0000000c
   9186ns             914 000002d0 00a78533 add              x10, x15, x10       x10=00030018 x15:00030000 x10:00000018
   9196ns             915 000002d4 00852503 lw               x10, 8(x10)         x10=00000006 x10:00030018  PA:00030020
   9216ns             917 000002d8 00c51c63 bne              x10, x12, 24        x10:00000006 x12:00000006
   9226ns             918 000002dc 0387a503 lw               x10, 56(x15)        x10=00000000 x15:00030000  PA:00030038
   9246ns             920 000002e0 00d54863 blt              x10, x13, 16        x10:00000000 x13:0000005f
   9276ns             923 000002f0 00170713 addi             x14, x14, 1         x14=00000003 x14:00000002
   9286ns             924 000002f4 f9f718e3 bne              x14, x31, -112      x14:00000003 x31:00000003
   9296ns             925 000002f8 03078693 addi             x13, x15, 48        x13=00030030 x15:00030000
   9306ns             926 000002fc 00289513 slli             x10, x17, 0x2       x10=00000004 x17:00000001
   9316ns             927 00000300 00231713 slli             x14, x6, 0x2        x14=00000004  x6:00000001
   9326ns             928 00000304 00d70733 add              x14, x14, x13       x14=00030034 x14:00000004 x13:00030030
   9336ns             929 00000308 00550533 add              x10, x10, x5        x10=00030044 x10:00000004  x5:00030040
   9346ns             930 0000030c 00072803 lw               x16, 0(x14)         x16=0000005f x14:00030034  PA:00030034
   9356ns             931 00000310 00052683 lw               x13, 0(x10)         x13=00000005 x10:00030044  PA:00030044
   9376ns             933 00000314 00d85463 bge              x16, x13, 8         x16:0000005f x13:00000005
   9406ns             936 0000031c 40d80833 sub              x16, x16, x13       x16=0000005a x16:0000005f x13:00000005
   9416ns             937 00000320 01072023 sw               x16, 0(x14)         x16:0000005a x14:00030034  PA:00030034
   9426ns             938 00000324 00052703 lw               x14, 0(x10)         x14=00000005 x10:00030044  PA:00030044
   9436ns             939 00000328 fffe8e93 addi             x29, x29, -1        x29=00000001 x29:00000002
   9446ns             940 0000032c 40d70733 sub              x14, x14, x13       x14=00000000 x14:00000005 x13:00000005
   9456ns             941 00000330 00e52023 sw               x14, 0(x10)         x14:00000000 x10:00030044  PA:00030044
   9466ns             942 00000334 03f88733 mul              x14, x17, x31       x14=00000003 x17:00000001 x31:00000003
   9476ns             943 00000338 00670733 add              x14, x14, x6        x14=00000004 x14:00000003  x6:00000001
   9486ns             944 0000033c 02c686b3 mul              x13, x13, x12       x13=0000001e x13:00000005 x12:00000006
   9496ns             945 00000340 00271713 slli             x14, x14, 0x2       x14=00000010 x14:00000004
   9506ns             946 00000344 00e78733 add              x14, x15, x14       x14=00030010 x15:00030000 x14:00000010
   9516ns             947 00000348 01c7303b sw_or            N-x0 x28, 0(x14)    x28:7fffffff x14:00030010  PA:00030010
   9526ns             948 0000034c 0607a703 lw               x14, 96(x15)        x14=000000a5 x15:00030000  PA:00030060
   9546ns             950 00000350 00d706b3 add              x13, x14, x13       x13=000000c3 x14:000000a5 x13:0000001e
   9556ns             951 00000354 06d7a023 sw               x13, 96(x15)        x13:000000c3 x15:00030000  PA:00030060
   9566ns             952 00000358 000e8863 beq              x29, x0, 16         x29:00000001
   9576ns             953 0000035c 000e0613 addi             x12, x28, 0         x12=7fffffff x28:7fffffff
   9586ns             954 00000360 00000693 addi             x13, x0, 0          x13=00000000
   9596ns             955 00000364 f11ff06f jal              x0, -240           
   9616ns             957 00000274 02c7a223 sw               x12, 36(x15)        x12:7fffffff x15:00030000  PA:00030024
   9626ns             958 00000278 0007d61b lw_min           N10 x12, 0(x15)     x12=00000006 x15:00030000  PA:00030000
   9636ns             959 0000027c 00000693 addi             x13, x0, 0          x13=00000000
   9966ns             992 00000280 00000713 addi             x14, x0, 0          x14=00000000
   9976ns             993 00000284 02b70533 mul              x10, x14, x11       x10=00000000 x14:00000000 x11:0000000c
   9986ns             994 00000288 00a78533 add              x10, x15, x10       x10=00030000 x15:00030000 x10:00000000
   9996ns             995 0000028c 00052503 lw               x10, 0(x10)         x10=7fffffff x10:00030000  PA:00030000
  10016ns             997 00000290 00c51c63 bne              x10, x12, 24        x10:7fffffff x12:00000006
  10046ns            1000 000002a8 02b70533 mul              x10, x14, x11       x10=00000000 x14:00000000 x11:0000000c
  10056ns            1001 000002ac 00a78533 add              x10, x15, x10       x10=00030000 x15:00030000 x10:00000000
  10066ns            1002 000002b0 00452503 lw               x10, 4(x10)         x10=00000008 x10:00030000  PA:00030004
  10086ns            1004 000002b4 00c51c63 bne              x10, x12, 24        x10:00000008 x12:00000006
  10116ns            1007 000002cc 02b70533 mul              x10, x14, x11       x10=00000000 x14:00000000 x11:0000000c
  10126ns            1008 000002d0 00a78533 add              x10, x15, x10       x10=00030000 x15:00030000 x10:00000000
  10136ns            1009 000002d4 00852503 lw               x10, 8(x10)         x10=7fffffff x10:00030000  PA:00030008
  10156ns            1011 000002d8 00c51c63 bne              x10, x12, 24        x10:7fffffff x12:00000006
  10186ns            1014 000002f0 00170713 addi             x14, x14, 1         x14=00000001 x14:00000000
  10196ns            1015 000002f4 f9f718e3 bne              x14, x31, -112      x14:00000001 x31:00000003
  10226ns            1018 00000284 02b70533 mul              x10, x14, x11       x10=0000000c x14:00000001 x11:0000000c
  10236ns            1019 00000288 00a78533 add              x10, x15, x10       x10=0003000c x15:00030000 x10:0000000c
  10246ns            1020 0000028c 00052503 lw               x10, 0(x10)         x10=00000006 x10:0003000c  PA:0003000c
  10266ns            1022 00000290 00c51c63 bne              x10, x12, 24        x10:00000006 x12:00000006
  10276ns            1023 00000294 0307a503 lw               x10, 48(x15)        x10=00000000 x15:00030000  PA:00030030
  10296ns            1025 00000298 00d54863 blt              x10, x13, 16        x10:00000000 x13:00000000
  10306ns            1026 0000029c 00050693 addi             x13, x10, 0         x13=00000000 x10:00000000
  10316ns            1027 000002a0 00070893 addi             x17, x14, 0         x17=00000001 x14:00000001
  10326ns            1028 000002a4 00000313 addi             x6, x0, 0            x6=00000000
  10336ns            1029 000002a8 02b70533 mul              x10, x14, x11       x10=0000000c x14:00000001 x11:0000000c
  10346ns            1030 000002ac 00a78533 add              x10, x15, x10       x10=0003000c x15:00030000 x10:0000000c
  10356ns            1031 000002b0 00452503 lw               x10, 4(x10)         x10=7fffffff x10:0003000c  PA:00030010
  10376ns            1033 000002b4 00c51c63 bne              x10, x12, 24        x10:7fffffff x12:00000006
  10406ns            1036 000002cc 02b70533 mul              x10, x14, x11       x10=0000000c x14:00000001 x11:0000000c
  10416ns            1037 000002d0 00a78533 add              x10, x15, x10       x10=0003000c x15:00030000 x10:0000000c
  10426ns            1038 000002d4 00852503 lw               x10, 8(x10)         x10=7fffffff x10:0003000c  PA:00030014
  10446ns            1040 000002d8 00c51c63 bne              x10, x12, 24        x10:7fffffff x12:00000006
  10476ns            1043 000002f0 00170713 addi             x14, x14, 1         x14=00000002 x14:00000001
  10486ns            1044 000002f4 f9f718e3 bne              x14, x31, -112      x14:00000002 x31:00000003
  10516ns            1047 00000284 02b70533 mul              x10, x14, x11       x10=00000018 x14:00000002 x11:0000000c
  10526ns            1048 00000288 00a78533 add              x10, x15, x10       x10=00030018 x15:00030000 x10:00000018
  10536ns            1049 0000028c 00052503 lw               x10, 0(x10)         x10=7fffffff x10:00030018  PA:00030018
  10556ns            1051 00000290 00c51c63 bne              x10, x12, 24        x10:7fffffff x12:00000006
  10586ns            1054 000002a8 02b70533 mul              x10, x14, x11       x10=00000018 x14:00000002 x11:0000000c
  10596ns            1055 000002ac 00a78533 add              x10, x15, x10       x10=00030018 x15:00030000 x10:00000018
  10606ns            1056 000002b0 00452503 lw               x10, 4(x10)         x10=00000009 x10:00030018  PA:0003001c
  10626ns            1058 000002b4 00c51c63 bne              x10, x12, 24        x10:00000009 x12:00000006
  10656ns            1061 000002cc 02b70533 mul              x10, x14, x11       x10=00000018 x14:00000002 x11:0000000c
  10666ns            1062 000002d0 00a78533 add              x10, x15, x10       x10=00030018 x15:00030000 x10:00000018
  10676ns            1063 000002d4 00852503 lw               x10, 8(x10)         x10=00000006 x10:00030018  PA:00030020
  10696ns            1065 000002d8 00c51c63 bne              x10, x12, 24        x10:00000006 x12:00000006
  10706ns            1066 000002dc 0387a503 lw               x10, 56(x15)        x10=00000000 x15:00030000  PA:00030038
  10726ns            1068 000002e0 00d54863 blt              x10, x13, 16        x10:00000000 x13:00000000
  10736ns            1069 000002e4 00050693 addi             x13, x10, 0         x13=00000000 x10:00000000
  10746ns            1070 000002e8 00070893 addi             x17, x14, 0         x17=00000002 x14:00000002
  10756ns            1071 000002ec 00200313 addi             x6, x0, 2            x6=00000002
  10766ns            1072 000002f0 00170713 addi             x14, x14, 1         x14=00000003 x14:00000002
  10776ns            1073 000002f4 f9f718e3 bne              x14, x31, -112      x14:00000003 x31:00000003
  10786ns            1074 000002f8 03078693 addi             x13, x15, 48        x13=00030030 x15:00030000
  10796ns            1075 000002fc 00289513 slli             x10, x17, 0x2       x10=00000008 x17:00000002
  10806ns            1076 00000300 00231713 slli             x14, x6, 0x2        x14=00000008  x6:00000002
  10816ns            1077 00000304 00d70733 add              x14, x14, x13       x14=00030038 x14:00000008 x13:00030030
  10826ns            1078 00000308 00550533 add              x10, x10, x5        x10=00030048 x10:00000008  x5:00030040
  10836ns            1079 0000030c 00072803 lw               x16, 0(x14)         x16=00000000 x14:00030038  PA:00030038
  10846ns            1080 00000310 00052683 lw               x13, 0(x10)         x13=00000028 x10:00030048  PA:00030048
  10866ns            1082 00000314 00d85463 bge              x16, x13, 8         x16:00000000 x13:00000028
  10876ns            1083 00000318 00080693 addi             x13, x16, 0         x13=00000000 x16:00000000
  10886ns            1084 0000031c 40d80833 sub              x16, x16, x13       x16=00000000 x16:00000000 x13:00000000
  10896ns            1085 00000320 01072023 sw               x16, 0(x14)         x16:00000000 x14:00030038  PA:00030038
  10906ns            1086 00000324 00052703 lw               x14, 0(x10)         x14=00000028 x10:00030048  PA:00030048
  10916ns            1087 00000328 fffe8e93 addi             x29, x29, -1        x29=00000000 x29:00000001
  10926ns            1088 0000032c 40d70733 sub              x14, x14, x13       x14=00000028 x14:00000028 x13:00000000
  10936ns            1089 00000330 00e52023 sw               x14, 0(x10)         x14:00000028 x10:00030048  PA:00030048
  10946ns            1090 00000334 03f88733 mul              x14, x17, x31       x14=00000006 x17:00000002 x31:00000003
  10956ns            1091 00000338 00670733 add              x14, x14, x6        x14=00000008 x14:00000006  x6:00000002
  10966ns            1092 0000033c 02c686b3 mul              x13, x13, x12       x13=00000000 x13:00000000 x12:00000006
  10976ns            1093 00000340 00271713 slli             x14, x14, 0x2       x14=00000020 x14:00000008
  10986ns            1094 00000344 00e78733 add              x14, x15, x14       x14=00030020 x15:00030000 x14:00000020
  10996ns            1095 00000348 01c7303b sw_or            N-x0 x28, 0(x14)    x28:7fffffff x14:00030020  PA:00030020
  11006ns            1096 0000034c 0607a703 lw               x14, 96(x15)        x14=000000c3 x15:00030000  PA:00030060
  11026ns            1098 00000350 00d706b3 add              x13, x14, x13       x13=000000c3 x14:000000c3 x13:00000000
  11036ns            1099 00000354 06d7a023 sw               x13, 96(x15)        x13:000000c3 x15:00030000  PA:00030060
  11046ns            1100 00000358 000e8863 beq              x29, x0, 16         x29:00000000
  11076ns            1103 00000368 ffff0f13 addi             x30, x30, -1        x30=00000001 x30:00000002
  11086ns            1104 0000036c f10f10e3 bne              x30, x16, -256      x30:00000001 x16:00000000
  11116ns            1107 0000026c 00300e93 addi             x29, x0, 3          x29=00000003
  11126ns            1108 00000270 0ec0006f jal              x0, 236            
  11146ns            1110 0000035c 000e0613 addi             x12, x28, 0         x12=7fffffff x28:7fffffff
  11156ns            1111 00000360 00000693 addi             x13, x0, 0          x13=00000000
  11166ns            1112 00000364 f11ff06f jal              x0, -240           
  11186ns            1114 00000274 02c7a223 sw               x12, 36(x15)        x12:7fffffff x15:00030000  PA:00030024
  11196ns            1115 00000278 0007d61b lw_min           N10 x12, 0(x15)     x12=00000006 x15:00030000  PA:00030000
  11206ns            1116 0000027c 00000693 addi             x13, x0, 0          x13=00000000
  11536ns            1149 00000280 00000713 addi             x14, x0, 0          x14=00000000
  11546ns            1150 00000284 02b70533 mul              x10, x14, x11       x10=00000000 x14:00000000 x11:0000000c
  11556ns            1151 00000288 00a78533 add              x10, x15, x10       x10=00030000 x15:00030000 x10:00000000
  11566ns            1152 0000028c 00052503 lw               x10, 0(x10)         x10=7fffffff x10:00030000  PA:00030000
  11586ns            1154 00000290 00c51c63 bne              x10, x12, 24        x10:7fffffff x12:00000006
  11616ns            1157 000002a8 02b70533 mul              x10, x14, x11       x10=00000000 x14:00000000 x11:0000000c
  11626ns            1158 000002ac 00a78533 add              x10, x15, x10       x10=00030000 x15:00030000 x10:00000000
  11636ns            1159 000002b0 00452503 lw               x10, 4(x10)         x10=00000008 x10:00030000  PA:00030004
  11656ns            1161 000002b4 00c51c63 bne              x10, x12, 24        x10:00000008 x12:00000006
  11686ns            1164 000002cc 02b70533 mul              x10, x14, x11       x10=00000000 x14:00000000 x11:0000000c
  11696ns            1165 000002d0 00a78533 add              x10, x15, x10       x10=00030000 x15:00030000 x10:00000000
  11706ns            1166 000002d4 00852503 lw               x10, 8(x10)         x10=7fffffff x10:00030000  PA:00030008
  11726ns            1168 000002d8 00c51c63 bne              x10, x12, 24        x10:7fffffff x12:00000006
  11756ns            1171 000002f0 00170713 addi             x14, x14, 1         x14=00000001 x14:00000000
  11766ns            1172 000002f4 f9f718e3 bne              x14, x31, -112      x14:00000001 x31:00000003
  11796ns            1175 00000284 02b70533 mul              x10, x14, x11       x10=0000000c x14:00000001 x11:0000000c
  11806ns            1176 00000288 00a78533 add              x10, x15, x10       x10=0003000c x15:00030000 x10:0000000c
  11816ns            1177 0000028c 00052503 lw               x10, 0(x10)         x10=00000006 x10:0003000c  PA:0003000c
  11836ns            1179 00000290 00c51c63 bne              x10, x12, 24        x10:00000006 x12:00000006
  11846ns            1180 00000294 0307a503 lw               x10, 48(x15)        x10=00000000 x15:00030000  PA:00030030
  11866ns            1182 00000298 00d54863 blt              x10, x13, 16        x10:00000000 x13:00000000
  11876ns            1183 0000029c 00050693 addi             x13, x10, 0         x13=00000000 x10:00000000
  11886ns            1184 000002a0 00070893 addi             x17, x14, 0         x17=00000001 x14:00000001
  11896ns            1185 000002a4 00000313 addi             x6, x0, 0            x6=00000000
  11906ns            1186 000002a8 02b70533 mul              x10, x14, x11       x10=0000000c x14:00000001 x11:0000000c
  11916ns            1187 000002ac 00a78533 add              x10, x15, x10       x10=0003000c x15:00030000 x10:0000000c
  11926ns            1188 000002b0 00452503 lw               x10, 4(x10)         x10=7fffffff x10:0003000c  PA:00030010
  11946ns            1190 000002b4 00c51c63 bne              x10, x12, 24        x10:7fffffff x12:00000006
  11976ns            1193 000002cc 02b70533 mul              x10, x14, x11       x10=0000000c x14:00000001 x11:0000000c
  11986ns            1194 000002d0 00a78533 add              x10, x15, x10       x10=0003000c x15:00030000 x10:0000000c
  11996ns            1195 000002d4 00852503 lw               x10, 8(x10)         x10=7fffffff x10:0003000c  PA:00030014
  12016ns            1197 000002d8 00c51c63 bne              x10, x12, 24        x10:7fffffff x12:00000006
  12046ns            1200 000002f0 00170713 addi             x14, x14, 1         x14=00000002 x14:00000001
  12056ns            1201 000002f4 f9f718e3 bne              x14, x31, -112      x14:00000002 x31:00000003
  12086ns            1204 00000284 02b70533 mul              x10, x14, x11       x10=00000018 x14:00000002 x11:0000000c
  12096ns            1205 00000288 00a78533 add              x10, x15, x10       x10=00030018 x15:00030000 x10:00000018
  12106ns            1206 0000028c 00052503 lw               x10, 0(x10)         x10=7fffffff x10:00030018  PA:00030018
  12126ns            1208 00000290 00c51c63 bne              x10, x12, 24        x10:7fffffff x12:00000006
  12156ns            1211 000002a8 02b70533 mul              x10, x14, x11       x10=00000018 x14:00000002 x11:0000000c
  12166ns            1212 000002ac 00a78533 add              x10, x15, x10       x10=00030018 x15:00030000 x10:00000018
  12176ns            1213 000002b0 00452503 lw               x10, 4(x10)         x10=00000009 x10:00030018  PA:0003001c
  12196ns            1215 000002b4 00c51c63 bne              x10, x12, 24        x10:00000009 x12:00000006
  12226ns            1218 000002cc 02b70533 mul              x10, x14, x11       x10=00000018 x14:00000002 x11:0000000c
  12236ns            1219 000002d0 00a78533 add              x10, x15, x10       x10=00030018 x15:00030000 x10:00000018
  12246ns            1220 000002d4 00852503 lw               x10, 8(x10)         x10=7fffffff x10:00030018  PA:00030020
  12266ns            1222 000002d8 00c51c63 bne              x10, x12, 24        x10:7fffffff x12:00000006
  12296ns            1225 000002f0 00170713 addi             x14, x14, 1         x14=00000003 x14:00000002
  12306ns            1226 000002f4 f9f718e3 bne              x14, x31, -112      x14:00000003 x31:00000003
  12316ns            1227 000002f8 03078693 addi             x13, x15, 48        x13=00030030 x15:00030000
  12326ns            1228 000002fc 00289513 slli             x10, x17, 0x2       x10=00000004 x17:00000001
  12336ns            1229 00000300 00231713 slli             x14, x6, 0x2        x14=00000000  x6:00000000
  12346ns            1230 00000304 00d70733 add              x14, x14, x13       x14=00030030 x14:00000000 x13:00030030
  12356ns            1231 00000308 00550533 add              x10, x10, x5        x10=00030044 x10:00000004  x5:00030040
  12366ns            1232 0000030c 00072803 lw               x16, 0(x14)         x16=00000000 x14:00030030  PA:00030030
  12376ns            1233 00000310 00052683 lw               x13, 0(x10)         x13=00000000 x10:00030044  PA:00030044
  12396ns            1235 00000314 00d85463 bge              x16, x13, 8         x16:00000000 x13:00000000
  12426ns            1238 0000031c 40d80833 sub              x16, x16, x13       x16=00000000 x16:00000000 x13:00000000
  12436ns            1239 00000320 01072023 sw               x16, 0(x14)         x16:00000000 x14:00030030  PA:00030030
  12446ns            1240 00000324 00052703 lw               x14, 0(x10)         x14=00000000 x10:00030044  PA:00030044
  12456ns            1241 00000328 fffe8e93 addi             x29, x29, -1        x29=00000002 x29:00000003
  12466ns            1242 0000032c 40d70733 sub              x14, x14, x13       x14=00000000 x14:00000000 x13:00000000
  12476ns            1243 00000330 00e52023 sw               x14, 0(x10)         x14:00000000 x10:00030044  PA:00030044
  12486ns            1244 00000334 03f88733 mul              x14, x17, x31       x14=00000003 x17:00000001 x31:00000003
  12496ns            1245 00000338 00670733 add              x14, x14, x6        x14=00000003 x14:00000003  x6:00000000
  12506ns            1246 0000033c 02c686b3 mul              x13, x13, x12       x13=00000000 x13:00000000 x12:00000006
  12516ns            1247 00000340 00271713 slli             x14, x14, 0x2       x14=0000000c x14:00000003
  12526ns            1248 00000344 00e78733 add              x14, x15, x14       x14=0003000c x15:00030000 x14:0000000c
  12536ns            1249 00000348 01c7303b sw_or            N-x0 x28, 0(x14)    x28:7fffffff x14:0003000c  PA:0003000c
  12546ns            1250 0000034c 0607a703 lw               x14, 96(x15)        x14=000000c3 x15:00030000  PA:00030060
  12566ns            1252 00000350 00d706b3 add              x13, x14, x13       x13=000000c3 x14:000000c3 x13:00000000
  12576ns            1253 00000354 06d7a023 sw               x13, 96(x15)        x13:000000c3 x15:00030000  PA:00030060
  12586ns            1254 00000358 000e8863 beq              x29, x0, 16         x29:00000002
  12596ns            1255 0000035c 000e0613 addi             x12, x28, 0         x12=7fffffff x28:7fffffff
  12606ns            1256 00000360 00000693 addi             x13, x0, 0          x13=00000000
  12616ns            1257 00000364 f11ff06f jal              x0, -240           
  12636ns            1259 00000274 02c7a223 sw               x12, 36(x15)        x12:7fffffff x15:00030000  PA:00030024
  12646ns            1260 00000278 0007d61b lw_min           N10 x12, 0(x15)     x12=00000008 x15:00030000  PA:00030000
  12656ns            1261 0000027c 00000693 addi             x13, x0, 0          x13=00000000
  12986ns            1294 00000280 00000713 addi             x14, x0, 0          x14=00000000
  12996ns            1295 00000284 02b70533 mul              x10, x14, x11       x10=00000000 x14:00000000 x11:0000000c
  13006ns            1296 00000288 00a78533 add              x10, x15, x10       x10=00030000 x15:00030000 x10:00000000
  13016ns            1297 0000028c 00052503 lw               x10, 0(x10)         x10=7fffffff x10:00030000  PA:00030000
  13036ns            1299 00000290 00c51c63 bne              x10, x12, 24        x10:7fffffff x12:00000008
  13066ns            1302 000002a8 02b70533 mul              x10, x14, x11       x10=00000000 x14:00000000 x11:0000000c
  13076ns            1303 000002ac 00a78533 add              x10, x15, x10       x10=00030000 x15:00030000 x10:00000000
  13086ns            1304 000002b0 00452503 lw               x10, 4(x10)         x10=00000008 x10:00030000  PA:00030004
  13106ns            1306 000002b4 00c51c63 bne              x10, x12, 24        x10:00000008 x12:00000008
  13116ns            1307 000002b8 0347a503 lw               x10, 52(x15)        x10=0000005a x15:00030000  PA:00030034
  13136ns            1309 000002bc 00d54863 blt              x10, x13, 16        x10:0000005a x13:00000000
  13146ns            1310 000002c0 00050693 addi             x13, x10, 0         x13=0000005a x10:0000005a
  13156ns            1311 000002c4 00070893 addi             x17, x14, 0         x17=00000000 x14:00000000
  13166ns            1312 000002c8 00100313 addi             x6, x0, 1            x6=00000001
  13176ns            1313 000002cc 02b70533 mul              x10, x14, x11       x10=00000000 x14:00000000 x11:0000000c
  13186ns            1314 000002d0 00a78533 add              x10, x15, x10       x10=00030000 x15:00030000 x10:00000000
  13196ns            1315 000002d4 00852503 lw               x10, 8(x10)         x10=7fffffff x10:00030000  PA:00030008
  13216ns            1317 000002d8 00c51c63 bne              x10, x12, 24        x10:7fffffff x12:00000008
  13246ns            1320 000002f0 00170713 addi             x14, x14, 1         x14=00000001 x14:00000000
  13256ns            1321 000002f4 f9f718e3 bne              x14, x31, -112      x14:00000001 x31:00000003
  13286ns            1324 00000284 02b70533 mul              x10, x14, x11       x10=0000000c x14:00000001 x11:0000000c
  13296ns            1325 00000288 00a78533 add              x10, x15, x10       x10=0003000c x15:00030000 x10:0000000c
  13306ns            1326 0000028c 00052503 lw               x10, 0(x10)         x10=7fffffff x10:0003000c  PA:0003000c
  13326ns            1328 00000290 00c51c63 bne              x10, x12, 24        x10:7fffffff x12:00000008
  13356ns            1331 000002a8 02b70533 mul              x10, x14, x11       x10=0000000c x14:00000001 x11:0000000c
  13366ns            1332 000002ac 00a78533 add              x10, x15, x10       x10=0003000c x15:00030000 x10:0000000c
  13376ns            1333 000002b0 00452503 lw               x10, 4(x10)         x10=7fffffff x10:0003000c  PA:00030010
  13396ns            1335 000002b4 00c51c63 bne              x10, x12, 24        x10:7fffffff x12:00000008
  13426ns            1338 000002cc 02b70533 mul              x10, x14, x11       x10=0000000c x14:00000001 x11:0000000c
  13436ns            1339 000002d0 00a78533 add              x10, x15, x10       x10=0003000c x15:00030000 x10:0000000c
  13446ns            1340 000002d4 00852503 lw               x10, 8(x10)         x10=7fffffff x10:0003000c  PA:00030014
  13466ns            1342 000002d8 00c51c63 bne              x10, x12, 24        x10:7fffffff x12:00000008
  13496ns            1345 000002f0 00170713 addi             x14, x14, 1         x14=00000002 x14:00000001
  13506ns            1346 000002f4 f9f718e3 bne              x14, x31, -112      x14:00000002 x31:00000003
  13536ns            1349 00000284 02b70533 mul              x10, x14, x11       x10=00000018 x14:00000002 x11:0000000c
  13546ns            1350 00000288 00a78533 add              x10, x15, x10       x10=00030018 x15:00030000 x10:00000018
  13556ns            1351 0000028c 00052503 lw               x10, 0(x10)         x10=7fffffff x10:00030018  PA:00030018
  13576ns            1353 00000290 00c51c63 bne              x10, x12, 24        x10:7fffffff x12:00000008
  13606ns            1356 000002a8 02b70533 mul              x10, x14, x11       x10=00000018 x14:00000002 x11:0000000c
  13616ns            1357 000002ac 00a78533 add              x10, x15, x10       x10=00030018 x15:00030000 x10:00000018
  13626ns            1358 000002b0 00452503 lw               x10, 4(x10)         x10=00000009 x10:00030018  PA:0003001c
  13646ns            1360 000002b4 00c51c63 bne              x10, x12, 24        x10:00000009 x12:00000008
  13676ns            1363 000002cc 02b70533 mul              x10, x14, x11       x10=00000018 x14:00000002 x11:0000000c
  13686ns            1364 000002d0 00a78533 add              x10, x15, x10       x10=00030018 x15:00030000 x10:00000018
  13696ns            1365 000002d4 00852503 lw               x10, 8(x10)         x10=7fffffff x10:00030018  PA:00030020
  13716ns            1367 000002d8 00c51c63 bne              x10, x12, 24        x10:7fffffff x12:00000008
  13746ns            1370 000002f0 00170713 addi             x14, x14, 1         x14=00000003 x14:00000002
  13756ns            1371 000002f4 f9f718e3 bne              x14, x31, -112      x14:00000003 x31:00000003
  13766ns            1372 000002f8 03078693 addi             x13, x15, 48        x13=00030030 x15:00030000
  13776ns            1373 000002fc 00289513 slli             x10, x17, 0x2       x10=00000000 x17:00000000
  13786ns            1374 00000300 00231713 slli             x14, x6, 0x2        x14=00000004  x6:00000001
  13796ns            1375 00000304 00d70733 add              x14, x14, x13       x14=00030034 x14:00000004 x13:00030030
  13806ns            1376 00000308 00550533 add              x10, x10, x5        x10=00030040 x10:00000000  x5:00030040
  13816ns            1377 0000030c 00072803 lw               x16, 0(x14)         x16=0000005a x14:00030034  PA:00030034
  13826ns            1378 00000310 00052683 lw               x13, 0(x10)         x13=00000032 x10:00030040  PA:00030040
  13846ns            1380 00000314 00d85463 bge              x16, x13, 8         x16:0000005a x13:00000032
  13876ns            1383 0000031c 40d80833 sub              x16, x16, x13       x16=00000028 x16:0000005a x13:00000032
  13886ns            1384 00000320 01072023 sw               x16, 0(x14)         x16:00000028 x14:00030034  PA:00030034
  13896ns            1385 00000324 00052703 lw               x14, 0(x10)         x14=00000032 x10:00030040  PA:00030040
  13906ns            1386 00000328 fffe8e93 addi             x29, x29, -1        x29=00000001 x29:00000002
  13916ns            1387 0000032c 40d70733 sub              x14, x14, x13       x14=00000000 x14:00000032 x13:00000032
  13926ns            1388 00000330 00e52023 sw               x14, 0(x10)         x14:00000000 x10:00030040  PA:00030040
  13936ns            1389 00000334 03f88733 mul              x14, x17, x31       x14=00000000 x17:00000000 x31:00000003
  13946ns            1390 00000338 00670733 add              x14, x14, x6        x14=00000001 x14:00000000  x6:00000001
  13956ns            1391 0000033c 02c686b3 mul              x13, x13, x12       x13=00000190 x13:00000032 x12:00000008
  13966ns            1392 00000340 00271713 slli             x14, x14, 0x2       x14=00000004 x14:00000001
  13976ns            1393 00000344 00e78733 add              x14, x15, x14       x14=00030004 x15:00030000 x14:00000004
  13986ns            1394 00000348 01c7303b sw_or            N-x0 x28, 0(x14)    x28:7fffffff x14:00030004  PA:00030004
  13996ns            1395 0000034c 0607a703 lw               x14, 96(x15)        x14=000000c3 x15:00030000  PA:00030060
  14016ns            1397 00000350 00d706b3 add              x13, x14, x13       x13=00000253 x14:000000c3 x13:00000190
  14026ns            1398 00000354 06d7a023 sw               x13, 96(x15)        x13:00000253 x15:00030000  PA:00030060
  14036ns            1399 00000358 000e8863 beq              x29, x0, 16         x29:00000001
  14046ns            1400 0000035c 000e0613 addi             x12, x28, 0         x12=7fffffff x28:7fffffff
  14056ns            1401 00000360 00000693 addi             x13, x0, 0          x13=00000000
  14066ns            1402 00000364 f11ff06f jal              x0, -240           
  14086ns            1404 00000274 02c7a223 sw               x12, 36(x15)        x12:7fffffff x15:00030000  PA:00030024
  14096ns            1405 00000278 0007d61b lw_min           N10 x12, 0(x15)     x12=00000009 x15:00030000  PA:00030000
  14106ns            1406 0000027c 00000693 addi             x13, x0, 0          x13=00000000
  14436ns            1439 00000280 00000713 addi             x14, x0, 0          x14=00000000
  14446ns            1440 00000284 02b70533 mul              x10, x14, x11       x10=00000000 x14:00000000 x11:0000000c
  14456ns            1441 00000288 00a78533 add              x10, x15, x10       x10=00030000 x15:00030000 x10:00000000
  14466ns            1442 0000028c 00052503 lw               x10, 0(x10)         x10=7fffffff x10:00030000  PA:00030000
  14486ns            1444 00000290 00c51c63 bne              x10, x12, 24        x10:7fffffff x12:00000009
  14516ns            1447 000002a8 02b70533 mul              x10, x14, x11       x10=00000000 x14:00000000 x11:0000000c
  14526ns            1448 000002ac 00a78533 add              x10, x15, x10       x10=00030000 x15:00030000 x10:00000000
  14536ns            1449 000002b0 00452503 lw               x10, 4(x10)         x10=7fffffff x10:00030000  PA:00030004
  14556ns            1451 000002b4 00c51c63 bne              x10, x12, 24        x10:7fffffff x12:00000009
  14586ns            1454 000002cc 02b70533 mul              x10, x14, x11       x10=00000000 x14:00000000 x11:0000000c
  14596ns            1455 000002d0 00a78533 add              x10, x15, x10       x10=00030000 x15:00030000 x10:00000000
  14606ns            1456 000002d4 00852503 lw               x10, 8(x10)         x10=7fffffff x10:00030000  PA:00030008
  14626ns            1458 000002d8 00c51c63 bne              x10, x12, 24        x10:7fffffff x12:00000009
  14656ns            1461 000002f0 00170713 addi             x14, x14, 1         x14=00000001 x14:00000000
  14666ns            1462 000002f4 f9f718e3 bne              x14, x31, -112      x14:00000001 x31:00000003
  14696ns            1465 00000284 02b70533 mul              x10, x14, x11       x10=0000000c x14:00000001 x11:0000000c
  14706ns            1466 00000288 00a78533 add              x10, x15, x10       x10=0003000c x15:00030000 x10:0000000c
  14716ns            1467 0000028c 00052503 lw               x10, 0(x10)         x10=7fffffff x10:0003000c  PA:0003000c
  14736ns            1469 00000290 00c51c63 bne              x10, x12, 24        x10:7fffffff x12:00000009
  14766ns            1472 000002a8 02b70533 mul              x10, x14, x11       x10=0000000c x14:00000001 x11:0000000c
  14776ns            1473 000002ac 00a78533 add              x10, x15, x10       x10=0003000c x15:00030000 x10:0000000c
  14786ns            1474 000002b0 00452503 lw               x10, 4(x10)         x10=7fffffff x10:0003000c  PA:00030010
  14806ns            1476 000002b4 00c51c63 bne              x10, x12, 24        x10:7fffffff x12:00000009
  14836ns            1479 000002cc 02b70533 mul              x10, x14, x11       x10=0000000c x14:00000001 x11:0000000c
  14846ns            1480 000002d0 00a78533 add              x10, x15, x10       x10=0003000c x15:00030000 x10:0000000c
  14856ns            1481 000002d4 00852503 lw               x10, 8(x10)         x10=7fffffff x10:0003000c  PA:00030014
  14876ns            1483 000002d8 00c51c63 bne              x10, x12, 24        x10:7fffffff x12:00000009
  14906ns            1486 000002f0 00170713 addi             x14, x14, 1         x14=00000002 x14:00000001
  14916ns            1487 000002f4 f9f718e3 bne              x14, x31, -112      x14:00000002 x31:00000003
  14946ns            1490 00000284 02b70533 mul              x10, x14, x11       x10=00000018 x14:00000002 x11:0000000c
  14956ns            1491 00000288 00a78533 add              x10, x15, x10       x10=00030018 x15:00030000 x10:00000018
  14966ns            1492 0000028c 00052503 lw               x10, 0(x10)         x10=7fffffff x10:00030018  PA:00030018
  14986ns            1494 00000290 00c51c63 bne              x10, x12, 24        x10:7fffffff x12:00000009
  15016ns            1497 000002a8 02b70533 mul              x10, x14, x11       x10=00000018 x14:00000002 x11:0000000c
  15026ns            1498 000002ac 00a78533 add              x10, x15, x10       x10=00030018 x15:00030000 x10:00000018
  15036ns            1499 000002b0 00452503 lw               x10, 4(x10)         x10=00000009 x10:00030018  PA:0003001c
  15056ns            1501 000002b4 00c51c63 bne              x10, x12, 24        x10:00000009 x12:00000009
  15066ns            1502 000002b8 0347a503 lw               x10, 52(x15)        x10=00000028 x15:00030000  PA:00030034
  15086ns            1504 000002bc 00d54863 blt              x10, x13, 16        x10:00000028 x13:00000000
  15096ns            1505 000002c0 00050693 addi             x13, x10, 0         x13=00000028 x10:00000028
  15106ns            1506 000002c4 00070893 addi             x17, x14, 0         x17=00000002 x14:00000002
  15116ns            1507 000002c8 00100313 addi             x6, x0, 1            x6=00000001
  15126ns            1508 000002cc 02b70533 mul              x10, x14, x11       x10=00000018 x14:00000002 x11:0000000c
  15136ns            1509 000002d0 00a78533 add              x10, x15, x10       x10=00030018 x15:00030000 x10:00000018
  15146ns            1510 000002d4 00852503 lw               x10, 8(x10)         x10=7fffffff x10:00030018  PA:00030020
  15166ns            1512 000002d8 00c51c63 bne              x10, x12, 24        x10:7fffffff x12:00000009
  15196ns            1515 000002f0 00170713 addi             x14, x14, 1         x14=00000003 x14:00000002
  15206ns            1516 000002f4 f9f718e3 bne              x14, x31, -112      x14:00000003 x31:00000003
  15216ns            1517 000002f8 03078693 addi             x13, x15, 48        x13=00030030 x15:00030000
  15226ns            1518 000002fc 00289513 slli             x10, x17, 0x2       x10=00000008 x17:00000002
  15236ns            1519 00000300 00231713 slli             x14, x6, 0x2        x14=00000004  x6:00000001
  15246ns            1520 00000304 00d70733 add              x14, x14, x13       x14=00030034 x14:00000004 x13:00030030
  15256ns            1521 00000308 00550533 add              x10, x10, x5        x10=00030048 x10:00000008  x5:00030040
  15266ns            1522 0000030c 00072803 lw               x16, 0(x14)         x16=00000028 x14:00030034  PA:00030034
  15276ns            1523 00000310 00052683 lw               x13, 0(x10)         x13=00000028 x10:00030048  PA:00030048
  15296ns            1525 00000314 00d85463 bge              x16, x13, 8         x16:00000028 x13:00000028
  15326ns            1528 0000031c 40d80833 sub              x16, x16, x13       x16=00000000 x16:00000028 x13:00000028
  15336ns            1529 00000320 01072023 sw               x16, 0(x14)         x16:00000000 x14:00030034  PA:00030034
  15346ns            1530 00000324 00052703 lw               x14, 0(x10)         x14=00000028 x10:00030048  PA:00030048
  15356ns            1531 00000328 fffe8e93 addi             x29, x29, -1        x29=00000000 x29:00000001
  15366ns            1532 0000032c 40d70733 sub              x14, x14, x13       x14=00000000 x14:00000028 x13:00000028
  15376ns            1533 00000330 00e52023 sw               x14, 0(x10)         x14:00000000 x10:00030048  PA:00030048
  15386ns            1534 00000334 03f88733 mul              x14, x17, x31       x14=00000006 x17:00000002 x31:00000003
  15396ns            1535 00000338 00670733 add              x14, x14, x6        x14=00000007 x14:00000006  x6:00000001
  15406ns            1536 0000033c 02c686b3 mul              x13, x13, x12       x13=00000168 x13:00000028 x12:00000009
  15416ns            1537 00000340 00271713 slli             x14, x14, 0x2       x14=0000001c x14:00000007
  15426ns            1538 00000344 00e78733 add              x14, x15, x14       x14=0003001c x15:00030000 x14:0000001c
  15436ns            1539 00000348 01c7303b sw_or            N-x0 x28, 0(x14)    x28:7fffffff x14:0003001c  PA:0003001c
  15446ns            1540 0000034c 0607a703 lw               x14, 96(x15)        x14=00000253 x15:00030000  PA:00030060
  15466ns            1542 00000350 00d706b3 add              x13, x14, x13       x13=000003bb x14:00000253 x13:00000168
  15476ns            1543 00000354 06d7a023 sw               x13, 96(x15)        x13:000003bb x15:00030000  PA:00030060
  15486ns            1544 00000358 000e8863 beq              x29, x0, 16         x29:00000000
  15516ns            1547 00000368 ffff0f13 addi             x30, x30, -1        x30=00000000 x30:00000001
  15526ns            1548 0000036c f10f10e3 bne              x30, x16, -256      x30:00000000 x16:00000000
  15536ns            1549 00000370 00000513 addi             x10, x0, 0          x10=00000000
  15546ns            1550 00000374 00008067 jalr             x0, x1, 0            x1:000001d8
  15566ns            1552 000001d8 48a0006f jal              x0, 1162           
  15586ns            1554 00000662 ff010113 addi             x2, x2, -16          x2=00005070  x2:00005080
  15596ns            1555 00000664 00000593 addi             x11, x0, 0          x11=00000000
  15606ns            1556 00000666 00812423 sw               x8, 8(x2)            x8:00000000  x2:00005070  PA:00005078
  15616ns            1557 00000668 00112623 sw               x1, 12(x2)           x1:000001d8  x2:00005070  PA:0000507c
  15626ns            1558 0000066a 00a00433 add              x8, x0, x10          x8=00000000 x10:00000000
  15636ns            1559 0000066c 35e000ef jal              x1, 862              x1=0000066e
  15656ns            1561 000009ca fd010113 addi             x2, x2, -48          x2=00005040  x2:00005070
  15666ns            1562 000009cc 01412c23 sw               x20, 24(x2)         x20:00000000  x2:00005040  PA:00005058
  15676ns            1563 000009ce 0301aa03 lw               x20, 48(x3)         x20=000027f8  x3:00002ff8  PA:00003028
  15686ns            1564 000009d2 03212023 sw               x18, 32(x2)         x18:00000000  x2:00005040  PA:00005060
  15696ns            1565 000009d4 02112623 sw               x1, 44(x2)           x1:0000066e  x2:00005040  PA:0000506c
  15706ns            1566 000009d6 148a2903 lw               x18, 328(x20)       x18=00002944 x20:000027f8  PA:00002940
  15716ns            1567 000009da 02812423 sw               x8, 40(x2)           x8:00000000  x2:00005040  PA:00005068
  15726ns            1568 000009dc 02912223 sw               x9, 36(x2)           x9:00000000  x2:00005040  PA:00005064
  15736ns            1569 000009de 01312e23 sw               x19, 28(x2)         x19:00000000  x2:00005040  PA:0000505c
  15746ns            1570 000009e0 01512a23 sw               x21, 20(x2)         x21:00000000  x2:00005040  PA:00005054
  15756ns            1571 000009e2 01612823 sw               x22, 16(x2)         x22:00000000  x2:00005040  PA:00005050
  15766ns            1572 000009e4 01712623 sw               x23, 12(x2)         x23:00000000  x2:00005040  PA:0000504c
  15776ns            1573 000009e6 01812423 sw               x24, 8(x2)          x24:00000000  x2:00005040  PA:00005048
  15786ns            1574 000009e8 02090863 beq              x18, x0, 48         x18:00002944
  15796ns            1575 000009ec 00a00b33 add              x22, x0, x10        x22=00000000 x10:00000000
  15806ns            1576 000009ee 00b00bb3 add              x23, x0, x11        x23=00000000 x11:00000000
  15816ns            1577 000009f0 00100a93 addi             x21, x0, 1          x21=00000001
  15826ns            1578 000009f2 fff00993 addi             x19, x0, -1         x19=ffffffff
  15836ns            1579 000009f4 00492483 lw               x9, 4(x18)           x9=00000001 x18:00002944  PA:00002948
  15856ns            1581 000009f8 fff48413 addi             x8, x9, -1           x8=00000000  x9:00000001
  15866ns            1582 000009fc 00044e63 blt              x8, x0, 28           x8:00000000
  15876ns            1583 00000a00 00249493 slli             x9, x9, 0x2          x9=00000004  x9:00000001
  15886ns            1584 00000a02 012484b3 add              x9, x9, x18          x9=00002948  x9:00000004 x18:00002944
  15896ns            1585 00000a04 020b8663 beq              x23, x0, 44         x23:00000000
  15926ns            1588 00000a30 00492783 lw               x15, 4(x18)         x15=00000001 x18:00002944  PA:00002948
  15936ns            1589 00000a34 0044a683 lw               x13, 4(x9)          x13=0000067c  x9:00002948  PA:0000294c
  15946ns            1590 00000a36 fff78793 addi             x15, x15, -1        x15=00000000 x15:00000001
  15956ns            1591 00000a38 04878263 beq              x15, x8, 68         x15:00000000  x8:00000000
  15986ns            1594 00000a7c 00892223 sw               x8, 4(x18)           x8:00000000 x18:00002944  PA:00002948
  15996ns            1595 00000a80 fc1ff06f jal              x0, -64            
  16016ns            1597 00000a40 fc0688e3 beq              x13, x0, -48        x13:0000067c
  16026ns            1598 00000a42 18892783 lw               x15, 392(x18)       x15=00000000 x18:00002944  PA:00002acc
  16036ns            1599 00000a46 008a9733 sll              x14, x21, x8        x14=00000001 x21:00000001  x8:00000000
  16046ns            1600 00000a4a 00492c03 lw               x24, 4(x18)         x24=00000000 x18:00002944  PA:00002948
  16056ns            1601 00000a4e 00e7f7b3 and              x15, x15, x14       x15=00000000 x15:00000000 x14:00000001
  16066ns            1602 00000a50 00079d63 bne              x15, x0, 26         x15:00000000
  16076ns            1603 00000a52 000680e7 jalr             x1, x13, 0           x1=00000a54 x13:0000067c
  16096ns            1605 0000067c ff010113 addi             x2, x2, -16          x2=00005030  x2:00005040
  16106ns            1606 0000067e 00812423 sw               x8, 8(x2)            x8:00000000  x2:00005030  PA:00005038
  16116ns            1607 00000680 000027b7 lui              x15, 0x2000         x15=00002000
  16126ns            1608 00000682 00002437 lui              x8, 0x2000           x8=00002000
  16136ns            1609 00000684 7f840413 addi             x8, x8, 2040         x8=000027f8  x8:00002000
  16146ns            1610 00000688 7f878793 addi             x15, x15, 2040      x15=000027f8 x15:00002000
  16156ns            1611 0000068c 408787b3 sub              x15, x15, x8        x15=00000000 x15:000027f8  x8:000027f8
  16166ns            1612 0000068e 00912223 sw               x9, 4(x2)            x9:00002948  x2:00005030  PA:00005034
  16176ns            1613 00000690 00112623 sw               x1, 12(x2)           x1:00000a54  x2:00005030  PA:0000503c
  16186ns            1614 00000692 4027d493 srai             x9, x15, 0x402       x9=00000000 x15:00000000
  16196ns            1615 00000696 00048863 beq              x9, x0, 16           x9:00000000
  16226ns            1618 000006a6 00c12083 lw               x1, 12(x2)           x1=00000a54  x2:00005030  PA:0000503c
  16236ns            1619 000006a8 00812403 lw               x8, 8(x2)            x8=00000000  x2:00005030  PA:00005038
  16246ns            1620 000006aa 00412483 lw               x9, 4(x2)            x9=00002948  x2:00005030  PA:00005034
  16256ns            1621 000006ac 01010113 addi             x2, x2, 16           x2=00005040  x2:00005030
  16266ns            1622 000006ae 00008067 jalr             x0, x1, 0            x1:00000a54
  16286ns            1624 00000a54 00492703 lw               x14, 4(x18)         x14=00000000 x18:00002944  PA:00002948
  16296ns            1625 00000a58 148a2783 lw               x15, 328(x20)       x15=00002944 x20:000027f8  PA:00002940
  16306ns            1626 00000a5c 01871463 bne              x14, x24, 8         x14:00000000 x24:00000000
  16316ns            1627 00000a60 faf908e3 beq              x18, x15, -80       x18:00002944 x15:00002944
  16346ns            1630 00000a10 fff40413 addi             x8, x8, -1           x8=ffffffff  x8:00000000
  16356ns            1631 00000a12 ffc48493 addi             x9, x9, -4           x9=00002944  x9:00002948
  16366ns            1632 00000a14 ff3418e3 bne              x8, x19, -16         x8:ffffffff x19:ffffffff
  16376ns            1633 00000a18 02c12083 lw               x1, 44(x2)           x1=0000066e  x2:00005040  PA:0000506c
  16386ns            1634 00000a1a 02812403 lw               x8, 40(x2)           x8=00000000  x2:00005040  PA:00005068
  16396ns            1635 00000a1c 02412483 lw               x9, 36(x2)           x9=00000000  x2:00005040  PA:00005064
  16406ns            1636 00000a1e 02012903 lw               x18, 32(x2)         x18=00000000  x2:00005040  PA:00005060
  16416ns            1637 00000a20 01c12983 lw               x19, 28(x2)         x19=00000000  x2:00005040  PA:0000505c
  16426ns            1638 00000a22 01812a03 lw               x20, 24(x2)         x20=00000000  x2:00005040  PA:00005058
  16436ns            1639 00000a24 01412a83 lw               x21, 20(x2)         x21=00000000  x2:00005040  PA:00005054
  16446ns            1640 00000a26 01012b03 lw               x22, 16(x2)         x22=00000000  x2:00005040  PA:00005050
  16456ns            1641 00000a28 00c12b83 lw               x23, 12(x2)         x23=00000000  x2:00005040  PA:0000504c
  16466ns            1642 00000a2a 00812c03 lw               x24, 8(x2)          x24=00000000  x2:00005040  PA:00005048
  16476ns            1643 00000a2c 03010113 addi             x2, x2, 48           x2=00005070  x2:00005040
  16486ns            1644 00000a2e 00008067 jalr             x0, x1, 0            x1:0000066e
  16516ns            1647 0000066e 0301a503 lw               x10, 48(x3)         x10=000027f8  x3:00002ff8  PA:00003028
  16536ns            1649 00000672 03c52783 lw               x15, 60(x10)        x15=00000000 x10:000027f8  PA:00002834
  16556ns            1651 00000674 00078263 beq              x15, x0, 4          x15:00000000
  16586ns            1654 00000678 00800533 add              x10, x0, x8         x10=00000000  x8:00000000
  16596ns            1655 0000067a d9bff0ef jal              x1, -614             x1=0000067c
  16616ns            1657 00000414 200007b7 lui              x15, 0x20000000     x15=20000000
